[2023-01-12T09:36:45.354+0000] {taskinstance.py:1087} INFO - Dependencies all met for <TaskInstance: our_first_dagV2.second_task scheduled__2022-09-13T00:00:00+00:00 [queued]>
[2023-01-12T09:36:45.387+0000] {taskinstance.py:1087} INFO - Dependencies all met for <TaskInstance: our_first_dagV2.second_task scheduled__2022-09-13T00:00:00+00:00 [queued]>
[2023-01-12T09:36:45.390+0000] {taskinstance.py:1283} INFO - 
--------------------------------------------------------------------------------
[2023-01-12T09:36:45.393+0000] {taskinstance.py:1284} INFO - Starting attempt 1 of 6
[2023-01-12T09:36:45.401+0000] {taskinstance.py:1285} INFO - 
--------------------------------------------------------------------------------
[2023-01-12T09:36:45.450+0000] {taskinstance.py:1304} INFO - Executing <Task(BashOperator): second_task> on 2022-09-13 00:00:00+00:00
[2023-01-12T09:36:45.473+0000] {standard_task_runner.py:55} INFO - Started process 3123 to run task
[2023-01-12T09:36:45.526+0000] {standard_task_runner.py:82} INFO - Running: ['***', 'tasks', 'run', 'our_first_dagV2', 'second_task', 'scheduled__2022-09-13T00:00:00+00:00', '--job-id', '1362', '--raw', '--subdir', 'DAGS_FOLDER/our_first_dag.py', '--cfg-path', '/tmp/tmpffzg4yn4']
[2023-01-12T09:36:45.540+0000] {standard_task_runner.py:83} INFO - Job 1362: Subtask second_task
[2023-01-12T09:36:45.759+0000] {task_command.py:389} INFO - Running <TaskInstance: our_first_dagV2.second_task scheduled__2022-09-13T00:00:00+00:00 [running]> on host aa6ae62f6248
[2023-01-12T09:36:45.952+0000] {taskinstance.py:1513} INFO - Exporting the following env vars:
AIRFLOW_CTX_DAG_OWNER=malo
AIRFLOW_CTX_DAG_ID=our_first_dagV2
AIRFLOW_CTX_TASK_ID=second_task
AIRFLOW_CTX_EXECUTION_DATE=2022-09-13T00:00:00+00:00
AIRFLOW_CTX_TRY_NUMBER=1
AIRFLOW_CTX_DAG_RUN_ID=scheduled__2022-09-13T00:00:00+00:00
[2023-01-12T09:36:45.953+0000] {subprocess.py:63} INFO - Tmp dir root location: 
 /tmp
[2023-01-12T09:36:45.956+0000] {subprocess.py:75} INFO - Running command: ['/bin/bash', '-c', 'echo hello world task 2']
[2023-01-12T09:36:45.993+0000] {subprocess.py:86} INFO - Output:
[2023-01-12T09:36:46.019+0000] {subprocess.py:93} INFO - hello world task 2
[2023-01-12T09:36:46.030+0000] {subprocess.py:97} INFO - Command exited with return code 0
[2023-01-12T09:36:46.076+0000] {taskinstance.py:1327} INFO - Marking task as SUCCESS. dag_id=our_first_dagV2, task_id=second_task, execution_date=20220913T000000, start_date=20230112T093645, end_date=20230112T093646
[2023-01-12T09:36:46.170+0000] {local_task_job.py:159} INFO - Task exited with return code 0
[2023-01-12T09:36:46.195+0000] {taskinstance.py:2582} INFO - 0 downstream tasks scheduled from follow-on schedule check
