[2023-01-12T09:37:22.988+0000] {taskinstance.py:1087} INFO - Dependencies all met for <TaskInstance: our_first_dagV2.second_task scheduled__2022-11-14T00:00:00+00:00 [queued]>
[2023-01-12T09:37:23.028+0000] {taskinstance.py:1087} INFO - Dependencies all met for <TaskInstance: our_first_dagV2.second_task scheduled__2022-11-14T00:00:00+00:00 [queued]>
[2023-01-12T09:37:23.037+0000] {taskinstance.py:1283} INFO - 
--------------------------------------------------------------------------------
[2023-01-12T09:37:23.040+0000] {taskinstance.py:1284} INFO - Starting attempt 1 of 6
[2023-01-12T09:37:23.041+0000] {taskinstance.py:1285} INFO - 
--------------------------------------------------------------------------------
[2023-01-12T09:37:23.170+0000] {taskinstance.py:1304} INFO - Executing <Task(BashOperator): second_task> on 2022-11-14 00:00:00+00:00
[2023-01-12T09:37:23.185+0000] {standard_task_runner.py:55} INFO - Started process 3527 to run task
[2023-01-12T09:37:23.243+0000] {standard_task_runner.py:82} INFO - Running: ['***', 'tasks', 'run', 'our_first_dagV2', 'second_task', 'scheduled__2022-11-14T00:00:00+00:00', '--job-id', '1485', '--raw', '--subdir', 'DAGS_FOLDER/our_first_dag.py', '--cfg-path', '/tmp/tmpu9s55oe5']
[2023-01-12T09:37:23.247+0000] {standard_task_runner.py:83} INFO - Job 1485: Subtask second_task
[2023-01-12T09:37:23.428+0000] {task_command.py:389} INFO - Running <TaskInstance: our_first_dagV2.second_task scheduled__2022-11-14T00:00:00+00:00 [running]> on host aa6ae62f6248
[2023-01-12T09:37:23.677+0000] {taskinstance.py:1513} INFO - Exporting the following env vars:
AIRFLOW_CTX_DAG_OWNER=malo
AIRFLOW_CTX_DAG_ID=our_first_dagV2
AIRFLOW_CTX_TASK_ID=second_task
AIRFLOW_CTX_EXECUTION_DATE=2022-11-14T00:00:00+00:00
AIRFLOW_CTX_TRY_NUMBER=1
AIRFLOW_CTX_DAG_RUN_ID=scheduled__2022-11-14T00:00:00+00:00
[2023-01-12T09:37:23.679+0000] {subprocess.py:63} INFO - Tmp dir root location: 
 /tmp
[2023-01-12T09:37:23.680+0000] {subprocess.py:75} INFO - Running command: ['/bin/bash', '-c', 'echo hello world task 2']
[2023-01-12T09:37:23.723+0000] {subprocess.py:86} INFO - Output:
[2023-01-12T09:37:23.740+0000] {subprocess.py:93} INFO - hello world task 2
[2023-01-12T09:37:23.758+0000] {subprocess.py:97} INFO - Command exited with return code 0
[2023-01-12T09:37:23.833+0000] {taskinstance.py:1327} INFO - Marking task as SUCCESS. dag_id=our_first_dagV2, task_id=second_task, execution_date=20221114T000000, start_date=20230112T093722, end_date=20230112T093723
[2023-01-12T09:37:23.910+0000] {local_task_job.py:159} INFO - Task exited with return code 0
[2023-01-12T09:37:23.933+0000] {taskinstance.py:2582} INFO - 0 downstream tasks scheduled from follow-on schedule check
