[2023-01-19T07:12:39.745+0000] {taskinstance.py:1087} INFO - Dependencies all met for <TaskInstance: our_first_dagV2.third_task scheduled__2023-01-18T00:00:00+00:00 [queued]>
[2023-01-19T07:12:39.755+0000] {taskinstance.py:1087} INFO - Dependencies all met for <TaskInstance: our_first_dagV2.third_task scheduled__2023-01-18T00:00:00+00:00 [queued]>
[2023-01-19T07:12:39.756+0000] {taskinstance.py:1283} INFO - 
--------------------------------------------------------------------------------
[2023-01-19T07:12:39.756+0000] {taskinstance.py:1284} INFO - Starting attempt 1 of 6
[2023-01-19T07:12:39.757+0000] {taskinstance.py:1285} INFO - 
--------------------------------------------------------------------------------
[2023-01-19T07:12:39.767+0000] {taskinstance.py:1304} INFO - Executing <Task(BashOperator): third_task> on 2023-01-18 00:00:00+00:00
[2023-01-19T07:12:39.772+0000] {standard_task_runner.py:55} INFO - Started process 73 to run task
[2023-01-19T07:12:39.782+0000] {standard_task_runner.py:82} INFO - Running: ['***', 'tasks', 'run', 'our_first_dagV2', 'third_task', 'scheduled__2023-01-18T00:00:00+00:00', '--job-id', '1749', '--raw', '--subdir', 'DAGS_FOLDER/our_first_dag.py', '--cfg-path', '/tmp/tmpvyd64552']
[2023-01-19T07:12:39.784+0000] {standard_task_runner.py:83} INFO - Job 1749: Subtask third_task
[2023-01-19T07:12:39.846+0000] {task_command.py:389} INFO - Running <TaskInstance: our_first_dagV2.third_task scheduled__2023-01-18T00:00:00+00:00 [running]> on host 2bdaab779455
[2023-01-19T07:12:39.907+0000] {taskinstance.py:1513} INFO - Exporting the following env vars:
AIRFLOW_CTX_DAG_OWNER=malo
AIRFLOW_CTX_DAG_ID=our_first_dagV2
AIRFLOW_CTX_TASK_ID=third_task
AIRFLOW_CTX_EXECUTION_DATE=2023-01-18T00:00:00+00:00
AIRFLOW_CTX_TRY_NUMBER=1
AIRFLOW_CTX_DAG_RUN_ID=scheduled__2023-01-18T00:00:00+00:00
[2023-01-19T07:12:39.908+0000] {subprocess.py:63} INFO - Tmp dir root location: 
 /tmp
[2023-01-19T07:12:39.909+0000] {subprocess.py:75} INFO - Running command: ['/bin/bash', '-c', 'echo hello world task 3']
[2023-01-19T07:12:39.923+0000] {subprocess.py:86} INFO - Output:
[2023-01-19T07:12:39.924+0000] {subprocess.py:93} INFO - hello world task 3
[2023-01-19T07:12:39.925+0000] {subprocess.py:97} INFO - Command exited with return code 0
[2023-01-19T07:12:39.951+0000] {taskinstance.py:1327} INFO - Marking task as SUCCESS. dag_id=our_first_dagV2, task_id=third_task, execution_date=20230118T000000, start_date=20230119T071239, end_date=20230119T071239
[2023-01-19T07:12:39.989+0000] {local_task_job.py:159} INFO - Task exited with return code 0
[2023-01-19T07:12:40.004+0000] {taskinstance.py:2582} INFO - 0 downstream tasks scheduled from follow-on schedule check
