[2023-01-19T10:01:43.366+0000] {taskinstance.py:1087} INFO - Dependencies all met for <TaskInstance: pc_data_dag.insert_companiespercountry manual__2023-01-19T10:01:42.173268+00:00 [queued]>
[2023-01-19T10:01:43.380+0000] {taskinstance.py:1087} INFO - Dependencies all met for <TaskInstance: pc_data_dag.insert_companiespercountry manual__2023-01-19T10:01:42.173268+00:00 [queued]>
[2023-01-19T10:01:43.381+0000] {taskinstance.py:1283} INFO - 
--------------------------------------------------------------------------------
[2023-01-19T10:01:43.382+0000] {taskinstance.py:1284} INFO - Starting attempt 1 of 6
[2023-01-19T10:01:43.382+0000] {taskinstance.py:1285} INFO - 
--------------------------------------------------------------------------------
[2023-01-19T10:01:43.401+0000] {taskinstance.py:1304} INFO - Executing <Task(PythonOperator): insert_companiespercountry> on 2023-01-19 10:01:42.173268+00:00
[2023-01-19T10:01:43.411+0000] {standard_task_runner.py:55} INFO - Started process 2621 to run task
[2023-01-19T10:01:43.419+0000] {standard_task_runner.py:82} INFO - Running: ['***', 'tasks', 'run', 'pc_data_dag', 'insert_companiespercountry', 'manual__2023-01-19T10:01:42.173268+00:00', '--job-id', '1832', '--raw', '--subdir', 'DAGS_FOLDER/create_dag_with_operator.py', '--cfg-path', '/tmp/tmpj9jycxj3']
[2023-01-19T10:01:43.422+0000] {standard_task_runner.py:83} INFO - Job 1832: Subtask insert_companiespercountry
[2023-01-19T10:01:43.543+0000] {task_command.py:389} INFO - Running <TaskInstance: pc_data_dag.insert_companiespercountry manual__2023-01-19T10:01:42.173268+00:00 [running]> on host 742349a45a57
[2023-01-19T10:01:43.633+0000] {taskinstance.py:1513} INFO - Exporting the following env vars:
AIRFLOW_CTX_DAG_OWNER=malo
AIRFLOW_CTX_DAG_ID=pc_data_dag
AIRFLOW_CTX_TASK_ID=insert_companiespercountry
AIRFLOW_CTX_EXECUTION_DATE=2023-01-19T10:01:42.173268+00:00
AIRFLOW_CTX_TRY_NUMBER=1
AIRFLOW_CTX_DAG_RUN_ID=manual__2023-01-19T10:01:42.173268+00:00
[2023-01-19T10:01:43.647+0000] {logging_mixin.py:137} INFO - connected
[2023-01-19T10:01:43.670+0000] {logging_mixin.py:137} INFO - Empty DataFrame
Columns: [country, totalcompanies]
Index: []
[2023-01-19T10:01:43.728+0000] {logging_mixin.py:137} INFO - inserted to database
[2023-01-19T10:01:43.731+0000] {python.py:177} INFO - Done. Returned value was: None
[2023-01-19T10:01:43.748+0000] {taskinstance.py:1327} INFO - Marking task as SUCCESS. dag_id=pc_data_dag, task_id=insert_companiespercountry, execution_date=20230119T100142, start_date=20230119T100143, end_date=20230119T100143
[2023-01-19T10:01:43.794+0000] {local_task_job.py:159} INFO - Task exited with return code 0
[2023-01-19T10:01:43.822+0000] {taskinstance.py:2582} INFO - 0 downstream tasks scheduled from follow-on schedule check
