[2023-01-12T09:18:56.874+0000] {taskinstance.py:1087} INFO - Dependencies all met for <TaskInstance: our_first_dag.first_task scheduled__2021-08-06T00:00:00+00:00 [queued]>
[2023-01-12T09:18:56.886+0000] {taskinstance.py:1087} INFO - Dependencies all met for <TaskInstance: our_first_dag.first_task scheduled__2021-08-06T00:00:00+00:00 [queued]>
[2023-01-12T09:18:56.887+0000] {taskinstance.py:1283} INFO - 
--------------------------------------------------------------------------------
[2023-01-12T09:18:56.889+0000] {taskinstance.py:1284} INFO - Starting attempt 1 of 6
[2023-01-12T09:18:56.900+0000] {taskinstance.py:1285} INFO - 
--------------------------------------------------------------------------------
[2023-01-12T09:18:56.933+0000] {taskinstance.py:1304} INFO - Executing <Task(BashOperator): first_task> on 2021-08-06 00:00:00+00:00
[2023-01-12T09:18:56.942+0000] {standard_task_runner.py:55} INFO - Started process 4925 to run task
[2023-01-12T09:18:56.947+0000] {standard_task_runner.py:82} INFO - Running: ['***', 'tasks', 'run', 'our_first_dag', 'first_task', 'scheduled__2021-08-06T00:00:00+00:00', '--job-id', '10', '--raw', '--subdir', 'DAGS_FOLDER/our_first_dag.py', '--cfg-path', '/tmp/tmphsdt4cog']
[2023-01-12T09:18:56.949+0000] {standard_task_runner.py:83} INFO - Job 10: Subtask first_task
[2023-01-12T09:18:57.068+0000] {task_command.py:389} INFO - Running <TaskInstance: our_first_dag.first_task scheduled__2021-08-06T00:00:00+00:00 [running]> on host aa6ae62f6248
[2023-01-12T09:18:57.149+0000] {taskinstance.py:1513} INFO - Exporting the following env vars:
AIRFLOW_CTX_DAG_OWNER=malo
AIRFLOW_CTX_DAG_ID=our_first_dag
AIRFLOW_CTX_TASK_ID=first_task
AIRFLOW_CTX_EXECUTION_DATE=2021-08-06T00:00:00+00:00
AIRFLOW_CTX_TRY_NUMBER=1
AIRFLOW_CTX_DAG_RUN_ID=scheduled__2021-08-06T00:00:00+00:00
[2023-01-12T09:18:57.151+0000] {subprocess.py:63} INFO - Tmp dir root location: 
 /tmp
[2023-01-12T09:18:57.152+0000] {subprocess.py:75} INFO - Running command: ['/bin/bash', '-c', 'echo hello word we are here now']
[2023-01-12T09:18:57.165+0000] {subprocess.py:86} INFO - Output:
[2023-01-12T09:18:57.167+0000] {subprocess.py:93} INFO - hello word we are here now
[2023-01-12T09:18:57.168+0000] {subprocess.py:97} INFO - Command exited with return code 0
[2023-01-12T09:18:57.202+0000] {taskinstance.py:1327} INFO - Marking task as SUCCESS. dag_id=our_first_dag, task_id=first_task, execution_date=20210806T000000, start_date=20230112T091856, end_date=20230112T091857
[2023-01-12T09:18:57.245+0000] {local_task_job.py:159} INFO - Task exited with return code 0
[2023-01-12T09:18:57.263+0000] {taskinstance.py:2582} INFO - 0 downstream tasks scheduled from follow-on schedule check
