[2023-01-12T09:37:24.215+0000] {taskinstance.py:1087} INFO - Dependencies all met for <TaskInstance: our_first_dagV2.second_task scheduled__2022-11-17T00:00:00+00:00 [queued]>
[2023-01-12T09:37:24.240+0000] {taskinstance.py:1087} INFO - Dependencies all met for <TaskInstance: our_first_dagV2.second_task scheduled__2022-11-17T00:00:00+00:00 [queued]>
[2023-01-12T09:37:24.247+0000] {taskinstance.py:1283} INFO - 
--------------------------------------------------------------------------------
[2023-01-12T09:37:24.249+0000] {taskinstance.py:1284} INFO - Starting attempt 1 of 6
[2023-01-12T09:37:24.250+0000] {taskinstance.py:1285} INFO - 
--------------------------------------------------------------------------------
[2023-01-12T09:37:24.275+0000] {taskinstance.py:1304} INFO - Executing <Task(BashOperator): second_task> on 2022-11-17 00:00:00+00:00
[2023-01-12T09:37:24.286+0000] {standard_task_runner.py:55} INFO - Started process 3546 to run task
[2023-01-12T09:37:24.303+0000] {standard_task_runner.py:82} INFO - Running: ['***', 'tasks', 'run', 'our_first_dagV2', 'second_task', 'scheduled__2022-11-17T00:00:00+00:00', '--job-id', '1492', '--raw', '--subdir', 'DAGS_FOLDER/our_first_dag.py', '--cfg-path', '/tmp/tmpaz677pr9']
[2023-01-12T09:37:24.316+0000] {standard_task_runner.py:83} INFO - Job 1492: Subtask second_task
[2023-01-12T09:37:24.468+0000] {task_command.py:389} INFO - Running <TaskInstance: our_first_dagV2.second_task scheduled__2022-11-17T00:00:00+00:00 [running]> on host aa6ae62f6248
[2023-01-12T09:37:24.600+0000] {taskinstance.py:1513} INFO - Exporting the following env vars:
AIRFLOW_CTX_DAG_OWNER=malo
AIRFLOW_CTX_DAG_ID=our_first_dagV2
AIRFLOW_CTX_TASK_ID=second_task
AIRFLOW_CTX_EXECUTION_DATE=2022-11-17T00:00:00+00:00
AIRFLOW_CTX_TRY_NUMBER=1
AIRFLOW_CTX_DAG_RUN_ID=scheduled__2022-11-17T00:00:00+00:00
[2023-01-12T09:37:24.601+0000] {subprocess.py:63} INFO - Tmp dir root location: 
 /tmp
[2023-01-12T09:37:24.603+0000] {subprocess.py:75} INFO - Running command: ['/bin/bash', '-c', 'echo hello world task 2']
[2023-01-12T09:37:24.639+0000] {subprocess.py:86} INFO - Output:
[2023-01-12T09:37:24.642+0000] {subprocess.py:93} INFO - hello world task 2
[2023-01-12T09:37:24.644+0000] {subprocess.py:97} INFO - Command exited with return code 0
[2023-01-12T09:37:24.681+0000] {taskinstance.py:1327} INFO - Marking task as SUCCESS. dag_id=our_first_dagV2, task_id=second_task, execution_date=20221117T000000, start_date=20230112T093724, end_date=20230112T093724
[2023-01-12T09:37:24.726+0000] {local_task_job.py:159} INFO - Task exited with return code 0
[2023-01-12T09:37:24.758+0000] {taskinstance.py:2582} INFO - 0 downstream tasks scheduled from follow-on schedule check
