[2023-01-12T09:34:15.609+0000] {taskinstance.py:1087} INFO - Dependencies all met for <TaskInstance: our_first_dagV2.second_task scheduled__2021-12-21T00:00:00+00:00 [queued]>
[2023-01-12T09:34:15.635+0000] {taskinstance.py:1087} INFO - Dependencies all met for <TaskInstance: our_first_dagV2.second_task scheduled__2021-12-21T00:00:00+00:00 [queued]>
[2023-01-12T09:34:15.636+0000] {taskinstance.py:1283} INFO - 
--------------------------------------------------------------------------------
[2023-01-12T09:34:15.636+0000] {taskinstance.py:1284} INFO - Starting attempt 1 of 6
[2023-01-12T09:34:15.641+0000] {taskinstance.py:1285} INFO - 
--------------------------------------------------------------------------------
[2023-01-12T09:34:15.652+0000] {taskinstance.py:1304} INFO - Executing <Task(BashOperator): second_task> on 2021-12-21 00:00:00+00:00
[2023-01-12T09:34:15.661+0000] {standard_task_runner.py:55} INFO - Started process 1374 to run task
[2023-01-12T09:34:15.671+0000] {standard_task_runner.py:82} INFO - Running: ['***', 'tasks', 'run', 'our_first_dagV2', 'second_task', 'scheduled__2021-12-21T00:00:00+00:00', '--job-id', '827', '--raw', '--subdir', 'DAGS_FOLDER/our_first_dag.py', '--cfg-path', '/tmp/tmpwfv7rnll']
[2023-01-12T09:34:15.682+0000] {standard_task_runner.py:83} INFO - Job 827: Subtask second_task
[2023-01-12T09:34:15.771+0000] {task_command.py:389} INFO - Running <TaskInstance: our_first_dagV2.second_task scheduled__2021-12-21T00:00:00+00:00 [running]> on host aa6ae62f6248
[2023-01-12T09:34:15.845+0000] {taskinstance.py:1513} INFO - Exporting the following env vars:
AIRFLOW_CTX_DAG_OWNER=malo
AIRFLOW_CTX_DAG_ID=our_first_dagV2
AIRFLOW_CTX_TASK_ID=second_task
AIRFLOW_CTX_EXECUTION_DATE=2021-12-21T00:00:00+00:00
AIRFLOW_CTX_TRY_NUMBER=1
AIRFLOW_CTX_DAG_RUN_ID=scheduled__2021-12-21T00:00:00+00:00
[2023-01-12T09:34:15.847+0000] {subprocess.py:63} INFO - Tmp dir root location: 
 /tmp
[2023-01-12T09:34:15.848+0000] {subprocess.py:75} INFO - Running command: ['/bin/bash', '-c', 'echo hello world task 2']
[2023-01-12T09:34:15.860+0000] {subprocess.py:86} INFO - Output:
[2023-01-12T09:34:15.861+0000] {subprocess.py:93} INFO - hello world task 2
[2023-01-12T09:34:15.862+0000] {subprocess.py:97} INFO - Command exited with return code 0
[2023-01-12T09:34:15.886+0000] {taskinstance.py:1327} INFO - Marking task as SUCCESS. dag_id=our_first_dagV2, task_id=second_task, execution_date=20211221T000000, start_date=20230112T093415, end_date=20230112T093415
[2023-01-12T09:34:15.948+0000] {local_task_job.py:159} INFO - Task exited with return code 0
[2023-01-12T09:34:15.965+0000] {taskinstance.py:2582} INFO - 0 downstream tasks scheduled from follow-on schedule check
