[2023-01-12T09:35:39.957+0000] {taskinstance.py:1087} INFO - Dependencies all met for <TaskInstance: our_first_dagV2.second_task scheduled__2022-05-19T00:00:00+00:00 [queued]>
[2023-01-12T09:35:39.998+0000] {taskinstance.py:1087} INFO - Dependencies all met for <TaskInstance: our_first_dagV2.second_task scheduled__2022-05-19T00:00:00+00:00 [queued]>
[2023-01-12T09:35:40.002+0000] {taskinstance.py:1283} INFO - 
--------------------------------------------------------------------------------
[2023-01-12T09:35:40.003+0000] {taskinstance.py:1284} INFO - Starting attempt 1 of 6
[2023-01-12T09:35:40.004+0000] {taskinstance.py:1285} INFO - 
--------------------------------------------------------------------------------
[2023-01-12T09:35:40.078+0000] {taskinstance.py:1304} INFO - Executing <Task(BashOperator): second_task> on 2022-05-19 00:00:00+00:00
[2023-01-12T09:35:40.099+0000] {standard_task_runner.py:55} INFO - Started process 2353 to run task
[2023-01-12T09:35:40.153+0000] {standard_task_runner.py:82} INFO - Running: ['***', 'tasks', 'run', 'our_first_dagV2', 'second_task', 'scheduled__2022-05-19T00:00:00+00:00', '--job-id', '1127', '--raw', '--subdir', 'DAGS_FOLDER/our_first_dag.py', '--cfg-path', '/tmp/tmputuy0uhm']
[2023-01-12T09:35:40.154+0000] {standard_task_runner.py:83} INFO - Job 1127: Subtask second_task
[2023-01-12T09:35:40.317+0000] {task_command.py:389} INFO - Running <TaskInstance: our_first_dagV2.second_task scheduled__2022-05-19T00:00:00+00:00 [running]> on host aa6ae62f6248
[2023-01-12T09:35:40.576+0000] {taskinstance.py:1513} INFO - Exporting the following env vars:
AIRFLOW_CTX_DAG_OWNER=malo
AIRFLOW_CTX_DAG_ID=our_first_dagV2
AIRFLOW_CTX_TASK_ID=second_task
AIRFLOW_CTX_EXECUTION_DATE=2022-05-19T00:00:00+00:00
AIRFLOW_CTX_TRY_NUMBER=1
AIRFLOW_CTX_DAG_RUN_ID=scheduled__2022-05-19T00:00:00+00:00
[2023-01-12T09:35:40.581+0000] {subprocess.py:63} INFO - Tmp dir root location: 
 /tmp
[2023-01-12T09:35:40.582+0000] {subprocess.py:75} INFO - Running command: ['/bin/bash', '-c', 'echo hello world task 2']
[2023-01-12T09:35:40.606+0000] {subprocess.py:86} INFO - Output:
[2023-01-12T09:35:40.612+0000] {subprocess.py:93} INFO - hello world task 2
[2023-01-12T09:35:40.615+0000] {subprocess.py:97} INFO - Command exited with return code 0
[2023-01-12T09:35:40.671+0000] {taskinstance.py:1327} INFO - Marking task as SUCCESS. dag_id=our_first_dagV2, task_id=second_task, execution_date=20220519T000000, start_date=20230112T093539, end_date=20230112T093540
[2023-01-12T09:35:40.791+0000] {local_task_job.py:159} INFO - Task exited with return code 0
[2023-01-12T09:35:40.816+0000] {taskinstance.py:2582} INFO - 0 downstream tasks scheduled from follow-on schedule check
