[2023-01-12T09:36:21.186+0000] {taskinstance.py:1087} INFO - Dependencies all met for <TaskInstance: our_first_dagV2.second_task scheduled__2022-08-02T00:00:00+00:00 [queued]>
[2023-01-12T09:36:21.214+0000] {taskinstance.py:1087} INFO - Dependencies all met for <TaskInstance: our_first_dagV2.second_task scheduled__2022-08-02T00:00:00+00:00 [queued]>
[2023-01-12T09:36:21.215+0000] {taskinstance.py:1283} INFO - 
--------------------------------------------------------------------------------
[2023-01-12T09:36:21.215+0000] {taskinstance.py:1284} INFO - Starting attempt 1 of 6
[2023-01-12T09:36:21.216+0000] {taskinstance.py:1285} INFO - 
--------------------------------------------------------------------------------
[2023-01-12T09:36:21.232+0000] {taskinstance.py:1304} INFO - Executing <Task(BashOperator): second_task> on 2022-08-02 00:00:00+00:00
[2023-01-12T09:36:21.249+0000] {standard_task_runner.py:55} INFO - Started process 2850 to run task
[2023-01-12T09:36:21.260+0000] {standard_task_runner.py:82} INFO - Running: ['***', 'tasks', 'run', 'our_first_dagV2', 'second_task', 'scheduled__2022-08-02T00:00:00+00:00', '--job-id', '1280', '--raw', '--subdir', 'DAGS_FOLDER/our_first_dag.py', '--cfg-path', '/tmp/tmpix8mnlvm']
[2023-01-12T09:36:21.262+0000] {standard_task_runner.py:83} INFO - Job 1280: Subtask second_task
[2023-01-12T09:36:21.415+0000] {task_command.py:389} INFO - Running <TaskInstance: our_first_dagV2.second_task scheduled__2022-08-02T00:00:00+00:00 [running]> on host aa6ae62f6248
[2023-01-12T09:36:21.547+0000] {taskinstance.py:1513} INFO - Exporting the following env vars:
AIRFLOW_CTX_DAG_OWNER=malo
AIRFLOW_CTX_DAG_ID=our_first_dagV2
AIRFLOW_CTX_TASK_ID=second_task
AIRFLOW_CTX_EXECUTION_DATE=2022-08-02T00:00:00+00:00
AIRFLOW_CTX_TRY_NUMBER=1
AIRFLOW_CTX_DAG_RUN_ID=scheduled__2022-08-02T00:00:00+00:00
[2023-01-12T09:36:21.549+0000] {subprocess.py:63} INFO - Tmp dir root location: 
 /tmp
[2023-01-12T09:36:21.550+0000] {subprocess.py:75} INFO - Running command: ['/bin/bash', '-c', 'echo hello world task 2']
[2023-01-12T09:36:21.565+0000] {subprocess.py:86} INFO - Output:
[2023-01-12T09:36:21.568+0000] {subprocess.py:93} INFO - hello world task 2
[2023-01-12T09:36:21.574+0000] {subprocess.py:97} INFO - Command exited with return code 0
[2023-01-12T09:36:21.631+0000] {taskinstance.py:1327} INFO - Marking task as SUCCESS. dag_id=our_first_dagV2, task_id=second_task, execution_date=20220802T000000, start_date=20230112T093621, end_date=20230112T093621
[2023-01-12T09:36:21.681+0000] {local_task_job.py:159} INFO - Task exited with return code 0
[2023-01-12T09:36:21.702+0000] {taskinstance.py:2582} INFO - 0 downstream tasks scheduled from follow-on schedule check
