[2023-01-18T09:43:22.645+0000] {taskinstance.py:1087} INFO - Dependencies all met for <TaskInstance: our_dag_with_python_operator_v01.read_excel_file manual__2023-01-18T09:43:21.653668+00:00 [queued]>
[2023-01-18T09:43:22.654+0000] {taskinstance.py:1087} INFO - Dependencies all met for <TaskInstance: our_dag_with_python_operator_v01.read_excel_file manual__2023-01-18T09:43:21.653668+00:00 [queued]>
[2023-01-18T09:43:22.655+0000] {taskinstance.py:1283} INFO - 
--------------------------------------------------------------------------------
[2023-01-18T09:43:22.656+0000] {taskinstance.py:1284} INFO - Starting attempt 1 of 6
[2023-01-18T09:43:22.656+0000] {taskinstance.py:1285} INFO - 
--------------------------------------------------------------------------------
[2023-01-18T09:43:22.668+0000] {taskinstance.py:1304} INFO - Executing <Task(PythonOperator): read_excel_file> on 2023-01-18 09:43:21.653668+00:00
[2023-01-18T09:43:22.675+0000] {standard_task_runner.py:55} INFO - Started process 4648 to run task
[2023-01-18T09:43:22.680+0000] {standard_task_runner.py:82} INFO - Running: ['***', 'tasks', 'run', 'our_dag_with_python_operator_v01', 'read_excel_file', 'manual__2023-01-18T09:43:21.653668+00:00', '--job-id', '1708', '--raw', '--subdir', 'DAGS_FOLDER/create_dag_with_operator.py', '--cfg-path', '/tmp/tmpikpbahqg']
[2023-01-18T09:43:22.684+0000] {standard_task_runner.py:83} INFO - Job 1708: Subtask read_excel_file
[2023-01-18T09:43:22.764+0000] {task_command.py:389} INFO - Running <TaskInstance: our_dag_with_python_operator_v01.read_excel_file manual__2023-01-18T09:43:21.653668+00:00 [running]> on host 7af0b5bef0dd
[2023-01-18T09:43:22.932+0000] {taskinstance.py:1513} INFO - Exporting the following env vars:
AIRFLOW_CTX_DAG_OWNER=malo
AIRFLOW_CTX_DAG_ID=our_dag_with_python_operator_v01
AIRFLOW_CTX_TASK_ID=read_excel_file
AIRFLOW_CTX_EXECUTION_DATE=2023-01-18T09:43:21.653668+00:00
AIRFLOW_CTX_TRY_NUMBER=1
AIRFLOW_CTX_DAG_RUN_ID=manual__2023-01-18T09:43:21.653668+00:00
[2023-01-18T09:43:22.934+0000] {logging_mixin.py:137} INFO - Begin Projedct
[2023-01-18T09:44:11.151+0000] {logging_mixin.py:137} INFO - Index(['index', 'orgid', 'name', 'website', 'country', 'description',
       'founded', 'industry', 'noemployee'],
      dtype='object')
[2023-01-18T09:44:11.162+0000] {logging_mixin.py:137} INFO - connected
[2023-01-18T09:44:28.836+0000] {logging_mixin.py:137} INFO - inserted to database
[2023-01-18T09:44:28.955+0000] {python.py:177} INFO - Done. Returned value was: None
[2023-01-18T09:44:28.968+0000] {taskinstance.py:1327} INFO - Marking task as SUCCESS. dag_id=our_dag_with_python_operator_v01, task_id=read_excel_file, execution_date=20230118T094321, start_date=20230118T094322, end_date=20230118T094428
[2023-01-18T09:44:29.041+0000] {local_task_job.py:159} INFO - Task exited with return code 0
[2023-01-18T09:44:29.060+0000] {taskinstance.py:2582} INFO - 0 downstream tasks scheduled from follow-on schedule check
