[2023-01-12T09:34:01.602+0000] {taskinstance.py:1087} INFO - Dependencies all met for <TaskInstance: our_first_dagV2.second_task scheduled__2021-11-29T00:00:00+00:00 [queued]>
[2023-01-12T09:34:01.620+0000] {taskinstance.py:1087} INFO - Dependencies all met for <TaskInstance: our_first_dagV2.second_task scheduled__2021-11-29T00:00:00+00:00 [queued]>
[2023-01-12T09:34:01.621+0000] {taskinstance.py:1283} INFO - 
--------------------------------------------------------------------------------
[2023-01-12T09:34:01.622+0000] {taskinstance.py:1284} INFO - Starting attempt 1 of 6
[2023-01-12T09:34:01.623+0000] {taskinstance.py:1285} INFO - 
--------------------------------------------------------------------------------
[2023-01-12T09:34:01.641+0000] {taskinstance.py:1304} INFO - Executing <Task(BashOperator): second_task> on 2021-11-29 00:00:00+00:00
[2023-01-12T09:34:01.652+0000] {standard_task_runner.py:55} INFO - Started process 1217 to run task
[2023-01-12T09:34:01.668+0000] {standard_task_runner.py:82} INFO - Running: ['***', 'tasks', 'run', 'our_first_dagV2', 'second_task', 'scheduled__2021-11-29T00:00:00+00:00', '--job-id', '783', '--raw', '--subdir', 'DAGS_FOLDER/our_first_dag.py', '--cfg-path', '/tmp/tmpqhdotdcl']
[2023-01-12T09:34:01.670+0000] {standard_task_runner.py:83} INFO - Job 783: Subtask second_task
[2023-01-12T09:34:01.773+0000] {task_command.py:389} INFO - Running <TaskInstance: our_first_dagV2.second_task scheduled__2021-11-29T00:00:00+00:00 [running]> on host aa6ae62f6248
[2023-01-12T09:34:01.864+0000] {taskinstance.py:1513} INFO - Exporting the following env vars:
AIRFLOW_CTX_DAG_OWNER=malo
AIRFLOW_CTX_DAG_ID=our_first_dagV2
AIRFLOW_CTX_TASK_ID=second_task
AIRFLOW_CTX_EXECUTION_DATE=2021-11-29T00:00:00+00:00
AIRFLOW_CTX_TRY_NUMBER=1
AIRFLOW_CTX_DAG_RUN_ID=scheduled__2021-11-29T00:00:00+00:00
[2023-01-12T09:34:01.868+0000] {subprocess.py:63} INFO - Tmp dir root location: 
 /tmp
[2023-01-12T09:34:01.869+0000] {subprocess.py:75} INFO - Running command: ['/bin/bash', '-c', 'echo hello world task 2']
[2023-01-12T09:34:01.881+0000] {subprocess.py:86} INFO - Output:
[2023-01-12T09:34:01.883+0000] {subprocess.py:93} INFO - hello world task 2
[2023-01-12T09:34:01.886+0000] {subprocess.py:97} INFO - Command exited with return code 0
[2023-01-12T09:34:01.922+0000] {taskinstance.py:1327} INFO - Marking task as SUCCESS. dag_id=our_first_dagV2, task_id=second_task, execution_date=20211129T000000, start_date=20230112T093401, end_date=20230112T093401
[2023-01-12T09:34:01.952+0000] {local_task_job.py:159} INFO - Task exited with return code 0
[2023-01-12T09:34:01.969+0000] {taskinstance.py:2582} INFO - 0 downstream tasks scheduled from follow-on schedule check
