[2023-01-12T09:33:20.175+0000] {taskinstance.py:1087} INFO - Dependencies all met for <TaskInstance: our_first_dagV2.first_task scheduled__2021-09-26T00:00:00+00:00 [queued]>
[2023-01-12T09:33:20.197+0000] {taskinstance.py:1087} INFO - Dependencies all met for <TaskInstance: our_first_dagV2.first_task scheduled__2021-09-26T00:00:00+00:00 [queued]>
[2023-01-12T09:33:20.203+0000] {taskinstance.py:1283} INFO - 
--------------------------------------------------------------------------------
[2023-01-12T09:33:20.204+0000] {taskinstance.py:1284} INFO - Starting attempt 1 of 6
[2023-01-12T09:33:20.204+0000] {taskinstance.py:1285} INFO - 
--------------------------------------------------------------------------------
[2023-01-12T09:33:20.244+0000] {taskinstance.py:1304} INFO - Executing <Task(BashOperator): first_task> on 2021-09-26 00:00:00+00:00
[2023-01-12T09:33:20.260+0000] {standard_task_runner.py:55} INFO - Started process 780 to run task
[2023-01-12T09:33:20.280+0000] {standard_task_runner.py:82} INFO - Running: ['***', 'tasks', 'run', 'our_first_dagV2', 'first_task', 'scheduled__2021-09-26T00:00:00+00:00', '--job-id', '648', '--raw', '--subdir', 'DAGS_FOLDER/our_first_dag.py', '--cfg-path', '/tmp/tmpt_p_phg6']
[2023-01-12T09:33:20.283+0000] {standard_task_runner.py:83} INFO - Job 648: Subtask first_task
[2023-01-12T09:33:20.438+0000] {task_command.py:389} INFO - Running <TaskInstance: our_first_dagV2.first_task scheduled__2021-09-26T00:00:00+00:00 [running]> on host aa6ae62f6248
[2023-01-12T09:33:20.602+0000] {taskinstance.py:1513} INFO - Exporting the following env vars:
AIRFLOW_CTX_DAG_OWNER=malo
AIRFLOW_CTX_DAG_ID=our_first_dagV2
AIRFLOW_CTX_TASK_ID=first_task
AIRFLOW_CTX_EXECUTION_DATE=2021-09-26T00:00:00+00:00
AIRFLOW_CTX_TRY_NUMBER=1
AIRFLOW_CTX_DAG_RUN_ID=scheduled__2021-09-26T00:00:00+00:00
[2023-01-12T09:33:20.606+0000] {subprocess.py:63} INFO - Tmp dir root location: 
 /tmp
[2023-01-12T09:33:20.613+0000] {subprocess.py:75} INFO - Running command: ['/bin/bash', '-c', 'echo hello word we are here now']
[2023-01-12T09:33:20.634+0000] {subprocess.py:86} INFO - Output:
[2023-01-12T09:33:20.643+0000] {subprocess.py:93} INFO - hello word we are here now
[2023-01-12T09:33:20.646+0000] {subprocess.py:97} INFO - Command exited with return code 0
[2023-01-12T09:33:20.711+0000] {taskinstance.py:1327} INFO - Marking task as SUCCESS. dag_id=our_first_dagV2, task_id=first_task, execution_date=20210926T000000, start_date=20230112T093320, end_date=20230112T093320
[2023-01-12T09:33:20.740+0000] {local_task_job.py:159} INFO - Task exited with return code 0
[2023-01-12T09:33:20.787+0000] {taskinstance.py:2582} INFO - 1 downstream tasks scheduled from follow-on schedule check
