[2023-01-18T09:25:12.800+0000] {taskinstance.py:1087} INFO - Dependencies all met for <TaskInstance: our_dag_with_python_operator_v01.pull_data manual__2023-01-18T09:15:09.437828+00:00 [queued]>
[2023-01-18T09:25:12.823+0000] {taskinstance.py:1087} INFO - Dependencies all met for <TaskInstance: our_dag_with_python_operator_v01.pull_data manual__2023-01-18T09:15:09.437828+00:00 [queued]>
[2023-01-18T09:25:12.824+0000] {taskinstance.py:1283} INFO - 
--------------------------------------------------------------------------------
[2023-01-18T09:25:12.825+0000] {taskinstance.py:1284} INFO - Starting attempt 3 of 6
[2023-01-18T09:25:12.826+0000] {taskinstance.py:1285} INFO - 
--------------------------------------------------------------------------------
[2023-01-18T09:25:12.849+0000] {taskinstance.py:1304} INFO - Executing <Task(PostgresOperator): pull_data> on 2023-01-18 09:15:09.437828+00:00
[2023-01-18T09:25:12.857+0000] {standard_task_runner.py:55} INFO - Started process 3491 to run task
[2023-01-18T09:25:12.863+0000] {standard_task_runner.py:82} INFO - Running: ['***', 'tasks', 'run', 'our_dag_with_python_operator_v01', 'pull_data', 'manual__2023-01-18T09:15:09.437828+00:00', '--job-id', '1705', '--raw', '--subdir', 'DAGS_FOLDER/create_dag_with_operator.py', '--cfg-path', '/tmp/tmp48ngb3yl']
[2023-01-18T09:25:12.872+0000] {standard_task_runner.py:83} INFO - Job 1705: Subtask pull_data
[2023-01-18T09:25:13.029+0000] {task_command.py:389} INFO - Running <TaskInstance: our_dag_with_python_operator_v01.pull_data manual__2023-01-18T09:15:09.437828+00:00 [running]> on host 7af0b5bef0dd
[2023-01-18T09:25:13.196+0000] {taskinstance.py:1513} INFO - Exporting the following env vars:
AIRFLOW_CTX_DAG_OWNER=malo
AIRFLOW_CTX_DAG_ID=our_dag_with_python_operator_v01
AIRFLOW_CTX_TASK_ID=pull_data
AIRFLOW_CTX_EXECUTION_DATE=2023-01-18T09:15:09.437828+00:00
AIRFLOW_CTX_TRY_NUMBER=3
AIRFLOW_CTX_DAG_RUN_ID=manual__2023-01-18T09:15:09.437828+00:00
[2023-01-18T09:25:13.198+0000] {sql.py:253} INFO - Executing: select count(*) from companies where country = 'Brazil';
[2023-01-18T09:25:13.217+0000] {base.py:73} INFO - Using connection ID 'posgres' for task execution.
[2023-01-18T09:25:13.408+0000] {base.py:73} INFO - Using connection ID 'posgres' for task execution.
[2023-01-18T09:25:13.441+0000] {sql.py:364} INFO - Running statement: select count(*) from companies where country = 'Brazil';, parameters: None
[2023-01-18T09:25:13.540+0000] {sql.py:373} INFO - Rows affected: 1
[2023-01-18T09:25:13.606+0000] {taskinstance.py:1327} INFO - Marking task as SUCCESS. dag_id=our_dag_with_python_operator_v01, task_id=pull_data, execution_date=20230118T091509, start_date=20230118T092512, end_date=20230118T092513
[2023-01-18T09:25:13.663+0000] {local_task_job.py:159} INFO - Task exited with return code 0
[2023-01-18T09:25:13.687+0000] {taskinstance.py:2582} INFO - 0 downstream tasks scheduled from follow-on schedule check
