[2023-01-19T09:43:31.865+0000] {taskinstance.py:1087} INFO - Dependencies all met for <TaskInstance: pc_data_dag.insert_numberofemployeesindustry manual__2023-01-18T14:05:54.647572+00:00 [queued]>
[2023-01-19T09:43:31.883+0000] {taskinstance.py:1087} INFO - Dependencies all met for <TaskInstance: pc_data_dag.insert_numberofemployeesindustry manual__2023-01-18T14:05:54.647572+00:00 [queued]>
[2023-01-19T09:43:31.885+0000] {taskinstance.py:1283} INFO - 
--------------------------------------------------------------------------------
[2023-01-19T09:43:31.888+0000] {taskinstance.py:1284} INFO - Starting attempt 3 of 8
[2023-01-19T09:43:31.895+0000] {taskinstance.py:1285} INFO - 
--------------------------------------------------------------------------------
[2023-01-19T09:43:32.087+0000] {taskinstance.py:1304} INFO - Executing <Task(PythonOperator): insert_numberofemployeesindustry> on 2023-01-18 14:05:54.647572+00:00
[2023-01-19T09:43:32.436+0000] {standard_task_runner.py:55} INFO - Started process 1394 to run task
[2023-01-19T09:43:32.508+0000] {standard_task_runner.py:82} INFO - Running: ['***', 'tasks', 'run', 'pc_data_dag', 'insert_numberofemployeesindustry', 'manual__2023-01-18T14:05:54.647572+00:00', '--job-id', '1813', '--raw', '--subdir', 'DAGS_FOLDER/create_dag_with_operator.py', '--cfg-path', '/tmp/tmp4eiwbmvw']
[2023-01-19T09:43:32.545+0000] {standard_task_runner.py:83} INFO - Job 1813: Subtask insert_numberofemployeesindustry
[2023-01-19T09:43:33.051+0000] {task_command.py:389} INFO - Running <TaskInstance: pc_data_dag.insert_numberofemployeesindustry manual__2023-01-18T14:05:54.647572+00:00 [running]> on host 742349a45a57
[2023-01-19T09:43:33.566+0000] {taskinstance.py:1513} INFO - Exporting the following env vars:
AIRFLOW_CTX_DAG_OWNER=malo
AIRFLOW_CTX_DAG_ID=pc_data_dag
AIRFLOW_CTX_TASK_ID=insert_numberofemployeesindustry
AIRFLOW_CTX_EXECUTION_DATE=2023-01-18T14:05:54.647572+00:00
AIRFLOW_CTX_TRY_NUMBER=3
AIRFLOW_CTX_DAG_RUN_ID=manual__2023-01-18T14:05:54.647572+00:00
[2023-01-19T09:43:33.613+0000] {logging_mixin.py:137} INFO - connected
[2023-01-19T09:43:33.660+0000] {logging_mixin.py:137} INFO - Empty DataFrame
Columns: [country, industry, totalemployees]
Index: []
[2023-01-19T09:43:33.819+0000] {logging_mixin.py:137} INFO - inserted to database
[2023-01-19T09:43:33.826+0000] {python.py:177} INFO - Done. Returned value was: None
[2023-01-19T09:43:33.848+0000] {taskinstance.py:1327} INFO - Marking task as SUCCESS. dag_id=pc_data_dag, task_id=insert_numberofemployeesindustry, execution_date=20230118T140554, start_date=20230119T094331, end_date=20230119T094333
[2023-01-19T09:43:33.970+0000] {local_task_job.py:159} INFO - Task exited with return code 0
[2023-01-19T09:43:34.103+0000] {taskinstance.py:2582} INFO - 0 downstream tasks scheduled from follow-on schedule check
