[2023-01-18T10:06:32.061+0000] {taskinstance.py:1087} INFO - Dependencies all met for <TaskInstance: our_dag_with_python_operator_v01.read_excel_file manual__2023-01-18T10:06:30.409261+00:00 [queued]>
[2023-01-18T10:06:32.074+0000] {taskinstance.py:1087} INFO - Dependencies all met for <TaskInstance: our_dag_with_python_operator_v01.read_excel_file manual__2023-01-18T10:06:30.409261+00:00 [queued]>
[2023-01-18T10:06:32.074+0000] {taskinstance.py:1283} INFO - 
--------------------------------------------------------------------------------
[2023-01-18T10:06:32.075+0000] {taskinstance.py:1284} INFO - Starting attempt 1 of 6
[2023-01-18T10:06:32.075+0000] {taskinstance.py:1285} INFO - 
--------------------------------------------------------------------------------
[2023-01-18T10:06:32.089+0000] {taskinstance.py:1304} INFO - Executing <Task(PythonOperator): read_excel_file> on 2023-01-18 10:06:30.409261+00:00
[2023-01-18T10:06:32.096+0000] {standard_task_runner.py:55} INFO - Started process 6171 to run task
[2023-01-18T10:06:32.100+0000] {standard_task_runner.py:82} INFO - Running: ['***', 'tasks', 'run', 'our_dag_with_python_operator_v01', 'read_excel_file', 'manual__2023-01-18T10:06:30.409261+00:00', '--job-id', '1723', '--raw', '--subdir', 'DAGS_FOLDER/create_dag_with_operator.py', '--cfg-path', '/tmp/tmp2or56dhw']
[2023-01-18T10:06:32.103+0000] {standard_task_runner.py:83} INFO - Job 1723: Subtask read_excel_file
[2023-01-18T10:06:32.172+0000] {task_command.py:389} INFO - Running <TaskInstance: our_dag_with_python_operator_v01.read_excel_file manual__2023-01-18T10:06:30.409261+00:00 [running]> on host 7af0b5bef0dd
[2023-01-18T10:06:32.259+0000] {taskinstance.py:1513} INFO - Exporting the following env vars:
AIRFLOW_CTX_DAG_OWNER=malo
AIRFLOW_CTX_DAG_ID=our_dag_with_python_operator_v01
AIRFLOW_CTX_TASK_ID=read_excel_file
AIRFLOW_CTX_EXECUTION_DATE=2023-01-18T10:06:30.409261+00:00
AIRFLOW_CTX_TRY_NUMBER=1
AIRFLOW_CTX_DAG_RUN_ID=manual__2023-01-18T10:06:30.409261+00:00
[2023-01-18T10:06:32.262+0000] {logging_mixin.py:137} INFO - Begin Projedct
[2023-01-18T10:07:16.594+0000] {logging_mixin.py:137} INFO - Index(['index', 'orgid', 'name', 'website', 'country', 'description',
       'founded', 'industry', 'noemployee'],
      dtype='object')
[2023-01-18T10:07:16.611+0000] {logging_mixin.py:137} INFO - connected
[2023-01-18T10:07:33.418+0000] {logging_mixin.py:137} INFO - inserted to database
[2023-01-18T10:07:33.512+0000] {python.py:177} INFO - Done. Returned value was: None
[2023-01-18T10:07:33.525+0000] {taskinstance.py:1327} INFO - Marking task as SUCCESS. dag_id=our_dag_with_python_operator_v01, task_id=read_excel_file, execution_date=20230118T100630, start_date=20230118T100632, end_date=20230118T100733
[2023-01-18T10:07:33.615+0000] {local_task_job.py:159} INFO - Task exited with return code 0
[2023-01-18T10:07:33.635+0000] {taskinstance.py:2582} INFO - 0 downstream tasks scheduled from follow-on schedule check
