[2023-01-12T09:34:13.287+0000] {taskinstance.py:1087} INFO - Dependencies all met for <TaskInstance: our_first_dagV2.first_task scheduled__2021-12-19T00:00:00+00:00 [queued]>
[2023-01-12T09:34:13.299+0000] {taskinstance.py:1087} INFO - Dependencies all met for <TaskInstance: our_first_dagV2.first_task scheduled__2021-12-19T00:00:00+00:00 [queued]>
[2023-01-12T09:34:13.301+0000] {taskinstance.py:1283} INFO - 
--------------------------------------------------------------------------------
[2023-01-12T09:34:13.305+0000] {taskinstance.py:1284} INFO - Starting attempt 1 of 6
[2023-01-12T09:34:13.306+0000] {taskinstance.py:1285} INFO - 
--------------------------------------------------------------------------------
[2023-01-12T09:34:13.346+0000] {taskinstance.py:1304} INFO - Executing <Task(BashOperator): first_task> on 2021-12-19 00:00:00+00:00
[2023-01-12T09:34:13.351+0000] {standard_task_runner.py:55} INFO - Started process 1330 to run task
[2023-01-12T09:34:13.356+0000] {standard_task_runner.py:82} INFO - Running: ['***', 'tasks', 'run', 'our_first_dagV2', 'first_task', 'scheduled__2021-12-19T00:00:00+00:00', '--job-id', '815', '--raw', '--subdir', 'DAGS_FOLDER/our_first_dag.py', '--cfg-path', '/tmp/tmp0kfqurge']
[2023-01-12T09:34:13.358+0000] {standard_task_runner.py:83} INFO - Job 815: Subtask first_task
[2023-01-12T09:34:13.567+0000] {task_command.py:389} INFO - Running <TaskInstance: our_first_dagV2.first_task scheduled__2021-12-19T00:00:00+00:00 [running]> on host aa6ae62f6248
[2023-01-12T09:34:13.736+0000] {taskinstance.py:1513} INFO - Exporting the following env vars:
AIRFLOW_CTX_DAG_OWNER=malo
AIRFLOW_CTX_DAG_ID=our_first_dagV2
AIRFLOW_CTX_TASK_ID=first_task
AIRFLOW_CTX_EXECUTION_DATE=2021-12-19T00:00:00+00:00
AIRFLOW_CTX_TRY_NUMBER=1
AIRFLOW_CTX_DAG_RUN_ID=scheduled__2021-12-19T00:00:00+00:00
[2023-01-12T09:34:13.741+0000] {subprocess.py:63} INFO - Tmp dir root location: 
 /tmp
[2023-01-12T09:34:13.742+0000] {subprocess.py:75} INFO - Running command: ['/bin/bash', '-c', 'echo hello word we are here now']
[2023-01-12T09:34:13.764+0000] {subprocess.py:86} INFO - Output:
[2023-01-12T09:34:13.768+0000] {subprocess.py:93} INFO - hello word we are here now
[2023-01-12T09:34:13.769+0000] {subprocess.py:97} INFO - Command exited with return code 0
[2023-01-12T09:34:13.828+0000] {taskinstance.py:1327} INFO - Marking task as SUCCESS. dag_id=our_first_dagV2, task_id=first_task, execution_date=20211219T000000, start_date=20230112T093413, end_date=20230112T093413
[2023-01-12T09:34:13.941+0000] {local_task_job.py:159} INFO - Task exited with return code 0
[2023-01-12T09:34:14.002+0000] {taskinstance.py:2582} INFO - 1 downstream tasks scheduled from follow-on schedule check
