[2023-01-12T09:37:55.876+0000] {taskinstance.py:1087} INFO - Dependencies all met for <TaskInstance: our_first_dagV2.second_task scheduled__2023-01-07T00:00:00+00:00 [queued]>
[2023-01-12T09:37:55.937+0000] {taskinstance.py:1087} INFO - Dependencies all met for <TaskInstance: our_first_dagV2.second_task scheduled__2023-01-07T00:00:00+00:00 [queued]>
[2023-01-12T09:37:55.942+0000] {taskinstance.py:1283} INFO - 
--------------------------------------------------------------------------------
[2023-01-12T09:37:55.943+0000] {taskinstance.py:1284} INFO - Starting attempt 1 of 6
[2023-01-12T09:37:55.944+0000] {taskinstance.py:1285} INFO - 
--------------------------------------------------------------------------------
[2023-01-12T09:37:55.979+0000] {taskinstance.py:1304} INFO - Executing <Task(BashOperator): second_task> on 2023-01-07 00:00:00+00:00
[2023-01-12T09:37:55.988+0000] {standard_task_runner.py:55} INFO - Started process 3870 to run task
[2023-01-12T09:37:56.009+0000] {standard_task_runner.py:82} INFO - Running: ['***', 'tasks', 'run', 'our_first_dagV2', 'second_task', 'scheduled__2023-01-07T00:00:00+00:00', '--job-id', '1590', '--raw', '--subdir', 'DAGS_FOLDER/our_first_dag.py', '--cfg-path', '/tmp/tmp_31z_th4']
[2023-01-12T09:37:56.010+0000] {standard_task_runner.py:83} INFO - Job 1590: Subtask second_task
[2023-01-12T09:37:56.213+0000] {task_command.py:389} INFO - Running <TaskInstance: our_first_dagV2.second_task scheduled__2023-01-07T00:00:00+00:00 [running]> on host aa6ae62f6248
[2023-01-12T09:37:56.400+0000] {taskinstance.py:1513} INFO - Exporting the following env vars:
AIRFLOW_CTX_DAG_OWNER=malo
AIRFLOW_CTX_DAG_ID=our_first_dagV2
AIRFLOW_CTX_TASK_ID=second_task
AIRFLOW_CTX_EXECUTION_DATE=2023-01-07T00:00:00+00:00
AIRFLOW_CTX_TRY_NUMBER=1
AIRFLOW_CTX_DAG_RUN_ID=scheduled__2023-01-07T00:00:00+00:00
[2023-01-12T09:37:56.406+0000] {subprocess.py:63} INFO - Tmp dir root location: 
 /tmp
[2023-01-12T09:37:56.407+0000] {subprocess.py:75} INFO - Running command: ['/bin/bash', '-c', 'echo hello world task 2']
[2023-01-12T09:37:56.444+0000] {subprocess.py:86} INFO - Output:
[2023-01-12T09:37:56.448+0000] {subprocess.py:93} INFO - hello world task 2
[2023-01-12T09:37:56.450+0000] {subprocess.py:97} INFO - Command exited with return code 0
[2023-01-12T09:37:56.516+0000] {taskinstance.py:1327} INFO - Marking task as SUCCESS. dag_id=our_first_dagV2, task_id=second_task, execution_date=20230107T000000, start_date=20230112T093755, end_date=20230112T093756
[2023-01-12T09:37:56.586+0000] {local_task_job.py:159} INFO - Task exited with return code 0
[2023-01-12T09:37:56.627+0000] {taskinstance.py:2582} INFO - 0 downstream tasks scheduled from follow-on schedule check
