[2023-01-12T09:32:52.704+0000] {taskinstance.py:1087} INFO - Dependencies all met for <TaskInstance: our_first_dagV2.second_task scheduled__2021-08-03T00:00:00+00:00 [queued]>
[2023-01-12T09:32:52.749+0000] {taskinstance.py:1087} INFO - Dependencies all met for <TaskInstance: our_first_dagV2.second_task scheduled__2021-08-03T00:00:00+00:00 [queued]>
[2023-01-12T09:32:52.752+0000] {taskinstance.py:1283} INFO - 
--------------------------------------------------------------------------------
[2023-01-12T09:32:52.756+0000] {taskinstance.py:1284} INFO - Starting attempt 1 of 6
[2023-01-12T09:32:52.757+0000] {taskinstance.py:1285} INFO - 
--------------------------------------------------------------------------------
[2023-01-12T09:32:52.814+0000] {taskinstance.py:1304} INFO - Executing <Task(BashOperator): second_task> on 2021-08-03 00:00:00+00:00
[2023-01-12T09:32:52.827+0000] {standard_task_runner.py:55} INFO - Started process 471 to run task
[2023-01-12T09:32:52.871+0000] {standard_task_runner.py:82} INFO - Running: ['***', 'tasks', 'run', 'our_first_dagV2', 'second_task', 'scheduled__2021-08-03T00:00:00+00:00', '--job-id', '551', '--raw', '--subdir', 'DAGS_FOLDER/our_first_dag.py', '--cfg-path', '/tmp/tmpu_vk7_zx']
[2023-01-12T09:32:52.877+0000] {standard_task_runner.py:83} INFO - Job 551: Subtask second_task
[2023-01-12T09:32:53.087+0000] {task_command.py:389} INFO - Running <TaskInstance: our_first_dagV2.second_task scheduled__2021-08-03T00:00:00+00:00 [running]> on host aa6ae62f6248
[2023-01-12T09:32:53.247+0000] {taskinstance.py:1513} INFO - Exporting the following env vars:
AIRFLOW_CTX_DAG_OWNER=malo
AIRFLOW_CTX_DAG_ID=our_first_dagV2
AIRFLOW_CTX_TASK_ID=second_task
AIRFLOW_CTX_EXECUTION_DATE=2021-08-03T00:00:00+00:00
AIRFLOW_CTX_TRY_NUMBER=1
AIRFLOW_CTX_DAG_RUN_ID=scheduled__2021-08-03T00:00:00+00:00
[2023-01-12T09:32:53.248+0000] {subprocess.py:63} INFO - Tmp dir root location: 
 /tmp
[2023-01-12T09:32:53.251+0000] {subprocess.py:75} INFO - Running command: ['/bin/bash', '-c', 'echo hello world task 2']
[2023-01-12T09:32:53.273+0000] {subprocess.py:86} INFO - Output:
[2023-01-12T09:32:53.277+0000] {subprocess.py:93} INFO - hello world task 2
[2023-01-12T09:32:53.282+0000] {subprocess.py:97} INFO - Command exited with return code 0
[2023-01-12T09:32:53.329+0000] {taskinstance.py:1327} INFO - Marking task as SUCCESS. dag_id=our_first_dagV2, task_id=second_task, execution_date=20210803T000000, start_date=20230112T093252, end_date=20230112T093253
[2023-01-12T09:32:53.397+0000] {local_task_job.py:159} INFO - Task exited with return code 0
[2023-01-12T09:32:53.427+0000] {taskinstance.py:2582} INFO - 0 downstream tasks scheduled from follow-on schedule check
