[2023-01-12T09:37:41.260+0000] {taskinstance.py:1087} INFO - Dependencies all met for <TaskInstance: our_first_dagV2.first_task scheduled__2022-12-14T00:00:00+00:00 [queued]>
[2023-01-12T09:37:41.280+0000] {taskinstance.py:1087} INFO - Dependencies all met for <TaskInstance: our_first_dagV2.first_task scheduled__2022-12-14T00:00:00+00:00 [queued]>
[2023-01-12T09:37:41.280+0000] {taskinstance.py:1283} INFO - 
--------------------------------------------------------------------------------
[2023-01-12T09:37:41.281+0000] {taskinstance.py:1284} INFO - Starting attempt 1 of 6
[2023-01-12T09:37:41.281+0000] {taskinstance.py:1285} INFO - 
--------------------------------------------------------------------------------
[2023-01-12T09:37:41.303+0000] {taskinstance.py:1304} INFO - Executing <Task(BashOperator): first_task> on 2022-12-14 00:00:00+00:00
[2023-01-12T09:37:41.313+0000] {standard_task_runner.py:55} INFO - Started process 3696 to run task
[2023-01-12T09:37:41.323+0000] {standard_task_runner.py:82} INFO - Running: ['***', 'tasks', 'run', 'our_first_dagV2', 'first_task', 'scheduled__2022-12-14T00:00:00+00:00', '--job-id', '1536', '--raw', '--subdir', 'DAGS_FOLDER/our_first_dag.py', '--cfg-path', '/tmp/tmpbynef92q']
[2023-01-12T09:37:41.330+0000] {standard_task_runner.py:83} INFO - Job 1536: Subtask first_task
[2023-01-12T09:37:41.457+0000] {task_command.py:389} INFO - Running <TaskInstance: our_first_dagV2.first_task scheduled__2022-12-14T00:00:00+00:00 [running]> on host aa6ae62f6248
[2023-01-12T09:37:41.647+0000] {taskinstance.py:1513} INFO - Exporting the following env vars:
AIRFLOW_CTX_DAG_OWNER=malo
AIRFLOW_CTX_DAG_ID=our_first_dagV2
AIRFLOW_CTX_TASK_ID=first_task
AIRFLOW_CTX_EXECUTION_DATE=2022-12-14T00:00:00+00:00
AIRFLOW_CTX_TRY_NUMBER=1
AIRFLOW_CTX_DAG_RUN_ID=scheduled__2022-12-14T00:00:00+00:00
[2023-01-12T09:37:41.648+0000] {subprocess.py:63} INFO - Tmp dir root location: 
 /tmp
[2023-01-12T09:37:41.649+0000] {subprocess.py:75} INFO - Running command: ['/bin/bash', '-c', 'echo hello word we are here now']
[2023-01-12T09:37:41.665+0000] {subprocess.py:86} INFO - Output:
[2023-01-12T09:37:41.670+0000] {subprocess.py:93} INFO - hello word we are here now
[2023-01-12T09:37:41.672+0000] {subprocess.py:97} INFO - Command exited with return code 0
[2023-01-12T09:37:41.716+0000] {taskinstance.py:1327} INFO - Marking task as SUCCESS. dag_id=our_first_dagV2, task_id=first_task, execution_date=20221214T000000, start_date=20230112T093741, end_date=20230112T093741
[2023-01-12T09:37:41.778+0000] {local_task_job.py:159} INFO - Task exited with return code 0
[2023-01-12T09:37:41.800+0000] {taskinstance.py:2582} INFO - 0 downstream tasks scheduled from follow-on schedule check
