[2023-01-18T08:58:35.983+0000] {taskinstance.py:1087} INFO - Dependencies all met for <TaskInstance: our_dag_with_python_operator_v01.read_excel_file manual__2023-01-18T08:58:34.441104+00:00 [queued]>
[2023-01-18T08:58:35.996+0000] {taskinstance.py:1087} INFO - Dependencies all met for <TaskInstance: our_dag_with_python_operator_v01.read_excel_file manual__2023-01-18T08:58:34.441104+00:00 [queued]>
[2023-01-18T08:58:35.997+0000] {taskinstance.py:1283} INFO - 
--------------------------------------------------------------------------------
[2023-01-18T08:58:35.998+0000] {taskinstance.py:1284} INFO - Starting attempt 1 of 6
[2023-01-18T08:58:35.999+0000] {taskinstance.py:1285} INFO - 
--------------------------------------------------------------------------------
[2023-01-18T08:58:36.015+0000] {taskinstance.py:1304} INFO - Executing <Task(PythonOperator): read_excel_file> on 2023-01-18 08:58:34.441104+00:00
[2023-01-18T08:58:36.028+0000] {standard_task_runner.py:55} INFO - Started process 1757 to run task
[2023-01-18T08:58:36.043+0000] {standard_task_runner.py:82} INFO - Running: ['***', 'tasks', 'run', 'our_dag_with_python_operator_v01', 'read_excel_file', 'manual__2023-01-18T08:58:34.441104+00:00', '--job-id', '1689', '--raw', '--subdir', 'DAGS_FOLDER/create_dag_with_operator.py', '--cfg-path', '/tmp/tmpo73t4r8d']
[2023-01-18T08:58:36.050+0000] {standard_task_runner.py:83} INFO - Job 1689: Subtask read_excel_file
[2023-01-18T08:58:36.175+0000] {task_command.py:389} INFO - Running <TaskInstance: our_dag_with_python_operator_v01.read_excel_file manual__2023-01-18T08:58:34.441104+00:00 [running]> on host 7af0b5bef0dd
[2023-01-18T08:58:36.270+0000] {taskinstance.py:1513} INFO - Exporting the following env vars:
AIRFLOW_CTX_DAG_OWNER=malo
AIRFLOW_CTX_DAG_ID=our_dag_with_python_operator_v01
AIRFLOW_CTX_TASK_ID=read_excel_file
AIRFLOW_CTX_EXECUTION_DATE=2023-01-18T08:58:34.441104+00:00
AIRFLOW_CTX_TRY_NUMBER=1
AIRFLOW_CTX_DAG_RUN_ID=manual__2023-01-18T08:58:34.441104+00:00
[2023-01-18T08:58:36.272+0000] {logging_mixin.py:137} INFO - Begin Projedct
[2023-01-18T08:59:21.937+0000] {logging_mixin.py:137} INFO - Index(['Index', 'Organization Id', 'Name', 'Website', 'Country', 'Description',
       'Founded', 'Industry', 'Number of employees'],
      dtype='object')
[2023-01-18T08:59:21.947+0000] {logging_mixin.py:137} INFO - connected
[2023-01-18T08:59:40.816+0000] {logging_mixin.py:137} INFO - inserted to database
[2023-01-18T08:59:40.970+0000] {python.py:177} INFO - Done. Returned value was: None
[2023-01-18T08:59:40.989+0000] {taskinstance.py:1327} INFO - Marking task as SUCCESS. dag_id=our_dag_with_python_operator_v01, task_id=read_excel_file, execution_date=20230118T085834, start_date=20230118T085835, end_date=20230118T085940
[2023-01-18T08:59:41.099+0000] {local_task_job.py:159} INFO - Task exited with return code 0
[2023-01-18T08:59:41.122+0000] {taskinstance.py:2582} INFO - 0 downstream tasks scheduled from follow-on schedule check
