[2023-01-12T09:20:08.778+0000] {taskinstance.py:1087} INFO - Dependencies all met for <TaskInstance: our_first_dag.first_task scheduled__2021-12-24T00:00:00+00:00 [queued]>
[2023-01-12T09:20:08.790+0000] {taskinstance.py:1087} INFO - Dependencies all met for <TaskInstance: our_first_dag.first_task scheduled__2021-12-24T00:00:00+00:00 [queued]>
[2023-01-12T09:20:08.791+0000] {taskinstance.py:1283} INFO - 
--------------------------------------------------------------------------------
[2023-01-12T09:20:08.793+0000] {taskinstance.py:1284} INFO - Starting attempt 1 of 6
[2023-01-12T09:20:08.794+0000] {taskinstance.py:1285} INFO - 
--------------------------------------------------------------------------------
[2023-01-12T09:20:08.808+0000] {taskinstance.py:1304} INFO - Executing <Task(BashOperator): first_task> on 2021-12-24 00:00:00+00:00
[2023-01-12T09:20:08.824+0000] {standard_task_runner.py:55} INFO - Started process 5420 to run task
[2023-01-12T09:20:08.832+0000] {standard_task_runner.py:82} INFO - Running: ['***', 'tasks', 'run', 'our_first_dag', 'first_task', 'scheduled__2021-12-24T00:00:00+00:00', '--job-id', '150', '--raw', '--subdir', 'DAGS_FOLDER/our_first_dag.py', '--cfg-path', '/tmp/tmpza9wlotc']
[2023-01-12T09:20:08.834+0000] {standard_task_runner.py:83} INFO - Job 150: Subtask first_task
[2023-01-12T09:20:08.927+0000] {task_command.py:389} INFO - Running <TaskInstance: our_first_dag.first_task scheduled__2021-12-24T00:00:00+00:00 [running]> on host aa6ae62f6248
[2023-01-12T09:20:09.026+0000] {taskinstance.py:1513} INFO - Exporting the following env vars:
AIRFLOW_CTX_DAG_OWNER=malo
AIRFLOW_CTX_DAG_ID=our_first_dag
AIRFLOW_CTX_TASK_ID=first_task
AIRFLOW_CTX_EXECUTION_DATE=2021-12-24T00:00:00+00:00
AIRFLOW_CTX_TRY_NUMBER=1
AIRFLOW_CTX_DAG_RUN_ID=scheduled__2021-12-24T00:00:00+00:00
[2023-01-12T09:20:09.028+0000] {subprocess.py:63} INFO - Tmp dir root location: 
 /tmp
[2023-01-12T09:20:09.031+0000] {subprocess.py:75} INFO - Running command: ['/bin/bash', '-c', 'echo hello word we are here now']
[2023-01-12T09:20:09.066+0000] {subprocess.py:86} INFO - Output:
[2023-01-12T09:20:09.068+0000] {subprocess.py:93} INFO - hello word we are here now
[2023-01-12T09:20:09.069+0000] {subprocess.py:97} INFO - Command exited with return code 0
[2023-01-12T09:20:09.111+0000] {taskinstance.py:1327} INFO - Marking task as SUCCESS. dag_id=our_first_dag, task_id=first_task, execution_date=20211224T000000, start_date=20230112T092008, end_date=20230112T092009
[2023-01-12T09:20:09.169+0000] {local_task_job.py:159} INFO - Task exited with return code 0
[2023-01-12T09:20:09.196+0000] {taskinstance.py:2582} INFO - 0 downstream tasks scheduled from follow-on schedule check
