[2023-01-12T07:41:04.285+0000] {taskinstance.py:1087} INFO - Dependencies all met for <TaskInstance: example_bash_operator.this_will_skip scheduled__2023-01-11T00:00:00+00:00 [queued]>
[2023-01-12T07:41:04.301+0000] {taskinstance.py:1087} INFO - Dependencies all met for <TaskInstance: example_bash_operator.this_will_skip scheduled__2023-01-11T00:00:00+00:00 [queued]>
[2023-01-12T07:41:04.303+0000] {taskinstance.py:1283} INFO - 
--------------------------------------------------------------------------------
[2023-01-12T07:41:04.307+0000] {taskinstance.py:1284} INFO - Starting attempt 1 of 1
[2023-01-12T07:41:04.308+0000] {taskinstance.py:1285} INFO - 
--------------------------------------------------------------------------------
[2023-01-12T07:41:04.329+0000] {taskinstance.py:1304} INFO - Executing <Task(BashOperator): this_will_skip> on 2023-01-11 00:00:00+00:00
[2023-01-12T07:41:04.335+0000] {standard_task_runner.py:55} INFO - Started process 96 to run task
[2023-01-12T07:41:04.340+0000] {standard_task_runner.py:82} INFO - Running: ['***', 'tasks', 'run', 'example_bash_operator', 'this_will_skip', 'scheduled__2023-01-11T00:00:00+00:00', '--job-id', '11', '--raw', '--subdir', '/home/***/.local/lib/python3.7/site-packages/***/example_dags/example_bash_operator.py', '--cfg-path', '/tmp/tmpr7ubaoym']
[2023-01-12T07:41:04.347+0000] {standard_task_runner.py:83} INFO - Job 11: Subtask this_will_skip
[2023-01-12T07:41:04.418+0000] {task_command.py:389} INFO - Running <TaskInstance: example_bash_operator.this_will_skip scheduled__2023-01-11T00:00:00+00:00 [running]> on host 89bedd9ab776
[2023-01-12T07:41:04.521+0000] {taskinstance.py:1513} INFO - Exporting the following env vars:
AIRFLOW_CTX_DAG_OWNER=***
AIRFLOW_CTX_DAG_ID=example_bash_operator
AIRFLOW_CTX_TASK_ID=this_will_skip
AIRFLOW_CTX_EXECUTION_DATE=2023-01-11T00:00:00+00:00
AIRFLOW_CTX_TRY_NUMBER=1
AIRFLOW_CTX_DAG_RUN_ID=scheduled__2023-01-11T00:00:00+00:00
[2023-01-12T07:41:04.523+0000] {subprocess.py:63} INFO - Tmp dir root location: 
 /tmp
[2023-01-12T07:41:04.525+0000] {subprocess.py:75} INFO - Running command: ['/bin/bash', '-c', 'echo "hello world"; exit 99;']
[2023-01-12T07:41:04.535+0000] {subprocess.py:86} INFO - Output:
[2023-01-12T07:41:04.537+0000] {subprocess.py:93} INFO - hello world
[2023-01-12T07:41:04.539+0000] {subprocess.py:97} INFO - Command exited with return code 99
[2023-01-12T07:41:04.541+0000] {taskinstance.py:1402} INFO - Bash command returned exit code 99. Skipping.
[2023-01-12T07:41:04.551+0000] {taskinstance.py:1327} INFO - Marking task as SKIPPED. dag_id=example_bash_operator, task_id=this_will_skip, execution_date=20230111T000000, start_date=20230112T074104, end_date=20230112T074104
[2023-01-12T07:41:04.590+0000] {local_task_job.py:159} INFO - Task exited with return code 0
[2023-01-12T07:41:04.606+0000] {taskinstance.py:2582} INFO - 0 downstream tasks scheduled from follow-on schedule check
