[2023-01-12T09:22:23.136+0000] {taskinstance.py:1087} INFO - Dependencies all met for <TaskInstance: our_first_dag.first_task scheduled__2022-09-11T00:00:00+00:00 [queued]>
[2023-01-12T09:22:23.146+0000] {taskinstance.py:1087} INFO - Dependencies all met for <TaskInstance: our_first_dag.first_task scheduled__2022-09-11T00:00:00+00:00 [queued]>
[2023-01-12T09:22:23.147+0000] {taskinstance.py:1283} INFO - 
--------------------------------------------------------------------------------
[2023-01-12T09:22:23.148+0000] {taskinstance.py:1284} INFO - Starting attempt 1 of 6
[2023-01-12T09:22:23.149+0000] {taskinstance.py:1285} INFO - 
--------------------------------------------------------------------------------
[2023-01-12T09:22:23.162+0000] {taskinstance.py:1304} INFO - Executing <Task(BashOperator): first_task> on 2022-09-11 00:00:00+00:00
[2023-01-12T09:22:23.168+0000] {standard_task_runner.py:55} INFO - Started process 6331 to run task
[2023-01-12T09:22:23.173+0000] {standard_task_runner.py:82} INFO - Running: ['***', 'tasks', 'run', 'our_first_dag', 'first_task', 'scheduled__2022-09-11T00:00:00+00:00', '--job-id', '411', '--raw', '--subdir', 'DAGS_FOLDER/our_first_dag.py', '--cfg-path', '/tmp/tmpeikzbfr8']
[2023-01-12T09:22:23.177+0000] {standard_task_runner.py:83} INFO - Job 411: Subtask first_task
[2023-01-12T09:22:23.248+0000] {task_command.py:389} INFO - Running <TaskInstance: our_first_dag.first_task scheduled__2022-09-11T00:00:00+00:00 [running]> on host aa6ae62f6248
[2023-01-12T09:22:23.315+0000] {taskinstance.py:1513} INFO - Exporting the following env vars:
AIRFLOW_CTX_DAG_OWNER=malo
AIRFLOW_CTX_DAG_ID=our_first_dag
AIRFLOW_CTX_TASK_ID=first_task
AIRFLOW_CTX_EXECUTION_DATE=2022-09-11T00:00:00+00:00
AIRFLOW_CTX_TRY_NUMBER=1
AIRFLOW_CTX_DAG_RUN_ID=scheduled__2022-09-11T00:00:00+00:00
[2023-01-12T09:22:23.317+0000] {subprocess.py:63} INFO - Tmp dir root location: 
 /tmp
[2023-01-12T09:22:23.319+0000] {subprocess.py:75} INFO - Running command: ['/bin/bash', '-c', 'echo hello word we are here now']
[2023-01-12T09:22:23.332+0000] {subprocess.py:86} INFO - Output:
[2023-01-12T09:22:23.334+0000] {subprocess.py:93} INFO - hello word we are here now
[2023-01-12T09:22:23.336+0000] {subprocess.py:97} INFO - Command exited with return code 0
[2023-01-12T09:22:23.357+0000] {taskinstance.py:1327} INFO - Marking task as SUCCESS. dag_id=our_first_dag, task_id=first_task, execution_date=20220911T000000, start_date=20230112T092223, end_date=20230112T092223
[2023-01-12T09:22:23.391+0000] {local_task_job.py:159} INFO - Task exited with return code 0
[2023-01-12T09:22:23.407+0000] {taskinstance.py:2582} INFO - 0 downstream tasks scheduled from follow-on schedule check
