[2023-01-12T09:33:18.113+0000] {taskinstance.py:1087} INFO - Dependencies all met for <TaskInstance: our_first_dagV2.first_task scheduled__2021-09-20T00:00:00+00:00 [queued]>
[2023-01-12T09:33:18.136+0000] {taskinstance.py:1087} INFO - Dependencies all met for <TaskInstance: our_first_dagV2.first_task scheduled__2021-09-20T00:00:00+00:00 [queued]>
[2023-01-12T09:33:18.137+0000] {taskinstance.py:1283} INFO - 
--------------------------------------------------------------------------------
[2023-01-12T09:33:18.137+0000] {taskinstance.py:1284} INFO - Starting attempt 1 of 6
[2023-01-12T09:33:18.138+0000] {taskinstance.py:1285} INFO - 
--------------------------------------------------------------------------------
[2023-01-12T09:33:18.158+0000] {taskinstance.py:1304} INFO - Executing <Task(BashOperator): first_task> on 2021-09-20 00:00:00+00:00
[2023-01-12T09:33:18.162+0000] {standard_task_runner.py:55} INFO - Started process 744 to run task
[2023-01-12T09:33:18.179+0000] {standard_task_runner.py:82} INFO - Running: ['***', 'tasks', 'run', 'our_first_dagV2', 'first_task', 'scheduled__2021-09-20T00:00:00+00:00', '--job-id', '636', '--raw', '--subdir', 'DAGS_FOLDER/our_first_dag.py', '--cfg-path', '/tmp/tmpc7j49836']
[2023-01-12T09:33:18.182+0000] {standard_task_runner.py:83} INFO - Job 636: Subtask first_task
[2023-01-12T09:33:18.347+0000] {task_command.py:389} INFO - Running <TaskInstance: our_first_dagV2.first_task scheduled__2021-09-20T00:00:00+00:00 [running]> on host aa6ae62f6248
[2023-01-12T09:33:18.505+0000] {taskinstance.py:1513} INFO - Exporting the following env vars:
AIRFLOW_CTX_DAG_OWNER=malo
AIRFLOW_CTX_DAG_ID=our_first_dagV2
AIRFLOW_CTX_TASK_ID=first_task
AIRFLOW_CTX_EXECUTION_DATE=2021-09-20T00:00:00+00:00
AIRFLOW_CTX_TRY_NUMBER=1
AIRFLOW_CTX_DAG_RUN_ID=scheduled__2021-09-20T00:00:00+00:00
[2023-01-12T09:33:18.508+0000] {subprocess.py:63} INFO - Tmp dir root location: 
 /tmp
[2023-01-12T09:33:18.508+0000] {subprocess.py:75} INFO - Running command: ['/bin/bash', '-c', 'echo hello word we are here now']
[2023-01-12T09:33:18.527+0000] {subprocess.py:86} INFO - Output:
[2023-01-12T09:33:18.529+0000] {subprocess.py:93} INFO - hello word we are here now
[2023-01-12T09:33:18.541+0000] {subprocess.py:97} INFO - Command exited with return code 0
[2023-01-12T09:33:18.600+0000] {taskinstance.py:1327} INFO - Marking task as SUCCESS. dag_id=our_first_dagV2, task_id=first_task, execution_date=20210920T000000, start_date=20230112T093318, end_date=20230112T093318
[2023-01-12T09:33:18.663+0000] {local_task_job.py:159} INFO - Task exited with return code 0
[2023-01-12T09:33:18.706+0000] {taskinstance.py:2582} INFO - 1 downstream tasks scheduled from follow-on schedule check
