[2023-01-19T09:39:13.336+0000] {taskinstance.py:1087} INFO - Dependencies all met for <TaskInstance: pc_data_dag.insert_numberofemployeesindustry manual__2023-01-19T09:37:34.306313+00:00 [queued]>
[2023-01-19T09:39:13.403+0000] {taskinstance.py:1087} INFO - Dependencies all met for <TaskInstance: pc_data_dag.insert_numberofemployeesindustry manual__2023-01-19T09:37:34.306313+00:00 [queued]>
[2023-01-19T09:39:13.405+0000] {taskinstance.py:1283} INFO - 
--------------------------------------------------------------------------------
[2023-01-19T09:39:13.412+0000] {taskinstance.py:1284} INFO - Starting attempt 1 of 6
[2023-01-19T09:39:13.413+0000] {taskinstance.py:1285} INFO - 
--------------------------------------------------------------------------------
[2023-01-19T09:39:13.488+0000] {taskinstance.py:1304} INFO - Executing <Task(PythonOperator): insert_numberofemployeesindustry> on 2023-01-19 09:37:34.306313+00:00
[2023-01-19T09:39:13.520+0000] {standard_task_runner.py:55} INFO - Started process 1058 to run task
[2023-01-19T09:39:13.558+0000] {standard_task_runner.py:82} INFO - Running: ['***', 'tasks', 'run', 'pc_data_dag', 'insert_numberofemployeesindustry', 'manual__2023-01-19T09:37:34.306313+00:00', '--job-id', '1796', '--raw', '--subdir', 'DAGS_FOLDER/create_dag_with_operator.py', '--cfg-path', '/tmp/tmpx5_76goo']
[2023-01-19T09:39:13.566+0000] {standard_task_runner.py:83} INFO - Job 1796: Subtask insert_numberofemployeesindustry
[2023-01-19T09:39:13.989+0000] {task_command.py:389} INFO - Running <TaskInstance: pc_data_dag.insert_numberofemployeesindustry manual__2023-01-19T09:37:34.306313+00:00 [running]> on host 742349a45a57
[2023-01-19T09:39:15.112+0000] {taskinstance.py:1513} INFO - Exporting the following env vars:
AIRFLOW_CTX_DAG_OWNER=malo
AIRFLOW_CTX_DAG_ID=pc_data_dag
AIRFLOW_CTX_TASK_ID=insert_numberofemployeesindustry
AIRFLOW_CTX_EXECUTION_DATE=2023-01-19T09:37:34.306313+00:00
AIRFLOW_CTX_TRY_NUMBER=1
AIRFLOW_CTX_DAG_RUN_ID=manual__2023-01-19T09:37:34.306313+00:00
[2023-01-19T09:39:15.166+0000] {logging_mixin.py:137} INFO - connected
[2023-01-19T09:39:15.303+0000] {logging_mixin.py:137} INFO - Empty DataFrame
Columns: [country, industry, totalemployees]
Index: []
[2023-01-19T09:39:15.544+0000] {logging_mixin.py:137} INFO - inserted to database
[2023-01-19T09:39:15.549+0000] {python.py:177} INFO - Done. Returned value was: None
[2023-01-19T09:39:15.647+0000] {taskinstance.py:1327} INFO - Marking task as SUCCESS. dag_id=pc_data_dag, task_id=insert_numberofemployeesindustry, execution_date=20230119T093734, start_date=20230119T093913, end_date=20230119T093915
[2023-01-19T09:39:15.841+0000] {local_task_job.py:159} INFO - Task exited with return code 0
[2023-01-19T09:39:16.035+0000] {taskinstance.py:2582} INFO - 0 downstream tasks scheduled from follow-on schedule check
