[2023-01-12T09:33:27.068+0000] {taskinstance.py:1087} INFO - Dependencies all met for <TaskInstance: our_first_dagV2.second_task scheduled__2021-10-03T00:00:00+00:00 [queued]>
[2023-01-12T09:33:27.136+0000] {taskinstance.py:1087} INFO - Dependencies all met for <TaskInstance: our_first_dagV2.second_task scheduled__2021-10-03T00:00:00+00:00 [queued]>
[2023-01-12T09:33:27.137+0000] {taskinstance.py:1283} INFO - 
--------------------------------------------------------------------------------
[2023-01-12T09:33:27.140+0000] {taskinstance.py:1284} INFO - Starting attempt 1 of 6
[2023-01-12T09:33:27.141+0000] {taskinstance.py:1285} INFO - 
--------------------------------------------------------------------------------
[2023-01-12T09:33:27.201+0000] {taskinstance.py:1304} INFO - Executing <Task(BashOperator): second_task> on 2021-10-03 00:00:00+00:00
[2023-01-12T09:33:27.251+0000] {standard_task_runner.py:55} INFO - Started process 862 to run task
[2023-01-12T09:33:27.271+0000] {standard_task_runner.py:82} INFO - Running: ['***', 'tasks', 'run', 'our_first_dagV2', 'second_task', 'scheduled__2021-10-03T00:00:00+00:00', '--job-id', '671', '--raw', '--subdir', 'DAGS_FOLDER/our_first_dag.py', '--cfg-path', '/tmp/tmph95p28fx']
[2023-01-12T09:33:27.273+0000] {standard_task_runner.py:83} INFO - Job 671: Subtask second_task
[2023-01-12T09:33:27.638+0000] {task_command.py:389} INFO - Running <TaskInstance: our_first_dagV2.second_task scheduled__2021-10-03T00:00:00+00:00 [running]> on host aa6ae62f6248
[2023-01-12T09:33:27.805+0000] {taskinstance.py:1513} INFO - Exporting the following env vars:
AIRFLOW_CTX_DAG_OWNER=malo
AIRFLOW_CTX_DAG_ID=our_first_dagV2
AIRFLOW_CTX_TASK_ID=second_task
AIRFLOW_CTX_EXECUTION_DATE=2021-10-03T00:00:00+00:00
AIRFLOW_CTX_TRY_NUMBER=1
AIRFLOW_CTX_DAG_RUN_ID=scheduled__2021-10-03T00:00:00+00:00
[2023-01-12T09:33:27.807+0000] {subprocess.py:63} INFO - Tmp dir root location: 
 /tmp
[2023-01-12T09:33:27.808+0000] {subprocess.py:75} INFO - Running command: ['/bin/bash', '-c', 'echo hello world task 2']
[2023-01-12T09:33:27.835+0000] {subprocess.py:86} INFO - Output:
[2023-01-12T09:33:27.849+0000] {subprocess.py:93} INFO - hello world task 2
[2023-01-12T09:33:27.852+0000] {subprocess.py:97} INFO - Command exited with return code 0
[2023-01-12T09:33:27.916+0000] {taskinstance.py:1327} INFO - Marking task as SUCCESS. dag_id=our_first_dagV2, task_id=second_task, execution_date=20211003T000000, start_date=20230112T093327, end_date=20230112T093327
[2023-01-12T09:33:27.981+0000] {local_task_job.py:159} INFO - Task exited with return code 0
[2023-01-12T09:33:28.011+0000] {taskinstance.py:2582} INFO - 0 downstream tasks scheduled from follow-on schedule check
