[2023-01-18T10:40:09.317+0000] {taskinstance.py:1087} INFO - Dependencies all met for <TaskInstance: pc_data_dag.insert_numberofemployeesindustry manual__2023-01-18T10:40:07.201642+00:00 [queued]>
[2023-01-18T10:40:09.346+0000] {taskinstance.py:1087} INFO - Dependencies all met for <TaskInstance: pc_data_dag.insert_numberofemployeesindustry manual__2023-01-18T10:40:07.201642+00:00 [queued]>
[2023-01-18T10:40:09.347+0000] {taskinstance.py:1283} INFO - 
--------------------------------------------------------------------------------
[2023-01-18T10:40:09.347+0000] {taskinstance.py:1284} INFO - Starting attempt 1 of 6
[2023-01-18T10:40:09.347+0000] {taskinstance.py:1285} INFO - 
--------------------------------------------------------------------------------
[2023-01-18T10:40:09.378+0000] {taskinstance.py:1304} INFO - Executing <Task(PythonOperator): insert_numberofemployeesindustry> on 2023-01-18 10:40:07.201642+00:00
[2023-01-18T10:40:09.384+0000] {standard_task_runner.py:55} INFO - Started process 8380 to run task
[2023-01-18T10:40:09.397+0000] {standard_task_runner.py:82} INFO - Running: ['***', 'tasks', 'run', 'pc_data_dag', 'insert_numberofemployeesindustry', 'manual__2023-01-18T10:40:07.201642+00:00', '--job-id', '1736', '--raw', '--subdir', 'DAGS_FOLDER/create_dag_with_operator.py', '--cfg-path', '/tmp/tmpmrd3l_50']
[2023-01-18T10:40:09.405+0000] {standard_task_runner.py:83} INFO - Job 1736: Subtask insert_numberofemployeesindustry
[2023-01-18T10:40:09.898+0000] {task_command.py:389} INFO - Running <TaskInstance: pc_data_dag.insert_numberofemployeesindustry manual__2023-01-18T10:40:07.201642+00:00 [running]> on host 7af0b5bef0dd
[2023-01-18T10:40:10.120+0000] {taskinstance.py:1513} INFO - Exporting the following env vars:
AIRFLOW_CTX_DAG_OWNER=malo
AIRFLOW_CTX_DAG_ID=pc_data_dag
AIRFLOW_CTX_TASK_ID=insert_numberofemployeesindustry
AIRFLOW_CTX_EXECUTION_DATE=2023-01-18T10:40:07.201642+00:00
AIRFLOW_CTX_TRY_NUMBER=1
AIRFLOW_CTX_DAG_RUN_ID=manual__2023-01-18T10:40:07.201642+00:00
[2023-01-18T10:40:10.163+0000] {logging_mixin.py:137} INFO - connected
[2023-01-18T10:40:11.372+0000] {logging_mixin.py:137} INFO -            country                        industry  totalemployees
0      Afghanistan                      Accounting        257082.0
1      Afghanistan             Airlines / Aviation        209889.0
2      Afghanistan  Alternative Dispute Resolution        286233.0
3      Afghanistan            Alternative Medicine        182328.0
4      Afghanistan                       Animation        306516.0
...            ...                             ...             ...
35716     Zimbabwe                     Warehousing        248871.0
35717     Zimbabwe                       Wholesale        231537.0
35718     Zimbabwe                  Wine / Spirits        143262.0
35719     Zimbabwe                        Wireless        315528.0
35720     Zimbabwe               Writing / Editing        170814.0

[35721 rows x 3 columns]
[2023-01-18T10:40:11.860+0000] {logging_mixin.py:137} INFO - inserted to database
[2023-01-18T10:40:11.863+0000] {python.py:177} INFO - Done. Returned value was: None
[2023-01-18T10:40:11.872+0000] {taskinstance.py:1327} INFO - Marking task as SUCCESS. dag_id=pc_data_dag, task_id=insert_numberofemployeesindustry, execution_date=20230118T104007, start_date=20230118T104009, end_date=20230118T104011
[2023-01-18T10:40:11.913+0000] {local_task_job.py:159} INFO - Task exited with return code 0
[2023-01-18T10:40:11.928+0000] {taskinstance.py:2582} INFO - 0 downstream tasks scheduled from follow-on schedule check
