[2023-01-12T09:34:59.077+0000] {taskinstance.py:1087} INFO - Dependencies all met for <TaskInstance: our_first_dagV2.first_task scheduled__2022-03-05T00:00:00+00:00 [queued]>
[2023-01-12T09:34:59.099+0000] {taskinstance.py:1087} INFO - Dependencies all met for <TaskInstance: our_first_dagV2.first_task scheduled__2022-03-05T00:00:00+00:00 [queued]>
[2023-01-12T09:34:59.100+0000] {taskinstance.py:1283} INFO - 
--------------------------------------------------------------------------------
[2023-01-12T09:34:59.100+0000] {taskinstance.py:1284} INFO - Starting attempt 1 of 6
[2023-01-12T09:34:59.101+0000] {taskinstance.py:1285} INFO - 
--------------------------------------------------------------------------------
[2023-01-12T09:34:59.146+0000] {taskinstance.py:1304} INFO - Executing <Task(BashOperator): first_task> on 2022-03-05 00:00:00+00:00
[2023-01-12T09:34:59.150+0000] {standard_task_runner.py:55} INFO - Started process 1839 to run task
[2023-01-12T09:34:59.165+0000] {standard_task_runner.py:82} INFO - Running: ['***', 'tasks', 'run', 'our_first_dagV2', 'first_task', 'scheduled__2022-03-05T00:00:00+00:00', '--job-id', '968', '--raw', '--subdir', 'DAGS_FOLDER/our_first_dag.py', '--cfg-path', '/tmp/tmp8q1y_v7h']
[2023-01-12T09:34:59.171+0000] {standard_task_runner.py:83} INFO - Job 968: Subtask first_task
[2023-01-12T09:34:59.293+0000] {task_command.py:389} INFO - Running <TaskInstance: our_first_dagV2.first_task scheduled__2022-03-05T00:00:00+00:00 [running]> on host aa6ae62f6248
[2023-01-12T09:34:59.454+0000] {taskinstance.py:1513} INFO - Exporting the following env vars:
AIRFLOW_CTX_DAG_OWNER=malo
AIRFLOW_CTX_DAG_ID=our_first_dagV2
AIRFLOW_CTX_TASK_ID=first_task
AIRFLOW_CTX_EXECUTION_DATE=2022-03-05T00:00:00+00:00
AIRFLOW_CTX_TRY_NUMBER=1
AIRFLOW_CTX_DAG_RUN_ID=scheduled__2022-03-05T00:00:00+00:00
[2023-01-12T09:34:59.455+0000] {subprocess.py:63} INFO - Tmp dir root location: 
 /tmp
[2023-01-12T09:34:59.456+0000] {subprocess.py:75} INFO - Running command: ['/bin/bash', '-c', 'echo hello word we are here now']
[2023-01-12T09:34:59.504+0000] {subprocess.py:86} INFO - Output:
[2023-01-12T09:34:59.511+0000] {subprocess.py:93} INFO - hello word we are here now
[2023-01-12T09:34:59.515+0000] {subprocess.py:97} INFO - Command exited with return code 0
[2023-01-12T09:34:59.568+0000] {taskinstance.py:1327} INFO - Marking task as SUCCESS. dag_id=our_first_dagV2, task_id=first_task, execution_date=20220305T000000, start_date=20230112T093459, end_date=20230112T093459
[2023-01-12T09:34:59.627+0000] {local_task_job.py:159} INFO - Task exited with return code 0
[2023-01-12T09:34:59.669+0000] {taskinstance.py:2582} INFO - 1 downstream tasks scheduled from follow-on schedule check
