[2023-01-12T09:23:31.605+0000] {taskinstance.py:1087} INFO - Dependencies all met for <TaskInstance: our_first_dag.first_task scheduled__2023-01-09T00:00:00+00:00 [queued]>
[2023-01-12T09:23:31.617+0000] {taskinstance.py:1087} INFO - Dependencies all met for <TaskInstance: our_first_dag.first_task scheduled__2023-01-09T00:00:00+00:00 [queued]>
[2023-01-12T09:23:31.619+0000] {taskinstance.py:1283} INFO - 
--------------------------------------------------------------------------------
[2023-01-12T09:23:31.620+0000] {taskinstance.py:1284} INFO - Starting attempt 1 of 6
[2023-01-12T09:23:31.621+0000] {taskinstance.py:1285} INFO - 
--------------------------------------------------------------------------------
[2023-01-12T09:23:31.639+0000] {taskinstance.py:1304} INFO - Executing <Task(BashOperator): first_task> on 2023-01-09 00:00:00+00:00
[2023-01-12T09:23:31.644+0000] {standard_task_runner.py:55} INFO - Started process 6762 to run task
[2023-01-12T09:23:31.662+0000] {standard_task_runner.py:82} INFO - Running: ['***', 'tasks', 'run', 'our_first_dag', 'first_task', 'scheduled__2023-01-09T00:00:00+00:00', '--job-id', '531', '--raw', '--subdir', 'DAGS_FOLDER/our_first_dag.py', '--cfg-path', '/tmp/tmpr6zomenu']
[2023-01-12T09:23:31.664+0000] {standard_task_runner.py:83} INFO - Job 531: Subtask first_task
[2023-01-12T09:23:31.745+0000] {task_command.py:389} INFO - Running <TaskInstance: our_first_dag.first_task scheduled__2023-01-09T00:00:00+00:00 [running]> on host aa6ae62f6248
[2023-01-12T09:23:31.834+0000] {taskinstance.py:1513} INFO - Exporting the following env vars:
AIRFLOW_CTX_DAG_OWNER=malo
AIRFLOW_CTX_DAG_ID=our_first_dag
AIRFLOW_CTX_TASK_ID=first_task
AIRFLOW_CTX_EXECUTION_DATE=2023-01-09T00:00:00+00:00
AIRFLOW_CTX_TRY_NUMBER=1
AIRFLOW_CTX_DAG_RUN_ID=scheduled__2023-01-09T00:00:00+00:00
[2023-01-12T09:23:31.836+0000] {subprocess.py:63} INFO - Tmp dir root location: 
 /tmp
[2023-01-12T09:23:31.838+0000] {subprocess.py:75} INFO - Running command: ['/bin/bash', '-c', 'echo hello word we are here now']
[2023-01-12T09:23:31.853+0000] {subprocess.py:86} INFO - Output:
[2023-01-12T09:23:31.855+0000] {subprocess.py:93} INFO - hello word we are here now
[2023-01-12T09:23:31.856+0000] {subprocess.py:97} INFO - Command exited with return code 0
[2023-01-12T09:23:31.887+0000] {taskinstance.py:1327} INFO - Marking task as SUCCESS. dag_id=our_first_dag, task_id=first_task, execution_date=20230109T000000, start_date=20230112T092331, end_date=20230112T092331
[2023-01-12T09:23:31.944+0000] {local_task_job.py:159} INFO - Task exited with return code 0
[2023-01-12T09:23:31.962+0000] {taskinstance.py:2582} INFO - 0 downstream tasks scheduled from follow-on schedule check
