[2023-01-12T09:34:09.340+0000] {taskinstance.py:1087} INFO - Dependencies all met for <TaskInstance: our_first_dagV2.second_task scheduled__2021-12-13T00:00:00+00:00 [queued]>
[2023-01-12T09:34:09.358+0000] {taskinstance.py:1087} INFO - Dependencies all met for <TaskInstance: our_first_dagV2.second_task scheduled__2021-12-13T00:00:00+00:00 [queued]>
[2023-01-12T09:34:09.359+0000] {taskinstance.py:1283} INFO - 
--------------------------------------------------------------------------------
[2023-01-12T09:34:09.360+0000] {taskinstance.py:1284} INFO - Starting attempt 1 of 6
[2023-01-12T09:34:09.361+0000] {taskinstance.py:1285} INFO - 
--------------------------------------------------------------------------------
[2023-01-12T09:34:09.376+0000] {taskinstance.py:1304} INFO - Executing <Task(BashOperator): second_task> on 2021-12-13 00:00:00+00:00
[2023-01-12T09:34:09.381+0000] {standard_task_runner.py:55} INFO - Started process 1304 to run task
[2023-01-12T09:34:09.390+0000] {standard_task_runner.py:82} INFO - Running: ['***', 'tasks', 'run', 'our_first_dagV2', 'second_task', 'scheduled__2021-12-13T00:00:00+00:00', '--job-id', '806', '--raw', '--subdir', 'DAGS_FOLDER/our_first_dag.py', '--cfg-path', '/tmp/tmpfv3ghf_1']
[2023-01-12T09:34:09.392+0000] {standard_task_runner.py:83} INFO - Job 806: Subtask second_task
[2023-01-12T09:34:09.508+0000] {task_command.py:389} INFO - Running <TaskInstance: our_first_dagV2.second_task scheduled__2021-12-13T00:00:00+00:00 [running]> on host aa6ae62f6248
[2023-01-12T09:34:09.602+0000] {taskinstance.py:1513} INFO - Exporting the following env vars:
AIRFLOW_CTX_DAG_OWNER=malo
AIRFLOW_CTX_DAG_ID=our_first_dagV2
AIRFLOW_CTX_TASK_ID=second_task
AIRFLOW_CTX_EXECUTION_DATE=2021-12-13T00:00:00+00:00
AIRFLOW_CTX_TRY_NUMBER=1
AIRFLOW_CTX_DAG_RUN_ID=scheduled__2021-12-13T00:00:00+00:00
[2023-01-12T09:34:09.603+0000] {subprocess.py:63} INFO - Tmp dir root location: 
 /tmp
[2023-01-12T09:34:09.604+0000] {subprocess.py:75} INFO - Running command: ['/bin/bash', '-c', 'echo hello world task 2']
[2023-01-12T09:34:09.617+0000] {subprocess.py:86} INFO - Output:
[2023-01-12T09:34:09.620+0000] {subprocess.py:93} INFO - hello world task 2
[2023-01-12T09:34:09.621+0000] {subprocess.py:97} INFO - Command exited with return code 0
[2023-01-12T09:34:09.663+0000] {taskinstance.py:1327} INFO - Marking task as SUCCESS. dag_id=our_first_dagV2, task_id=second_task, execution_date=20211213T000000, start_date=20230112T093409, end_date=20230112T093409
[2023-01-12T09:34:09.728+0000] {local_task_job.py:159} INFO - Task exited with return code 0
[2023-01-12T09:34:09.750+0000] {taskinstance.py:2582} INFO - 0 downstream tasks scheduled from follow-on schedule check
