[2023-01-12T09:37:02.090+0000] {taskinstance.py:1087} INFO - Dependencies all met for <TaskInstance: our_first_dagV2.second_task scheduled__2022-10-10T00:00:00+00:00 [queued]>
[2023-01-12T09:37:02.112+0000] {taskinstance.py:1087} INFO - Dependencies all met for <TaskInstance: our_first_dagV2.second_task scheduled__2022-10-10T00:00:00+00:00 [queued]>
[2023-01-12T09:37:02.115+0000] {taskinstance.py:1283} INFO - 
--------------------------------------------------------------------------------
[2023-01-12T09:37:02.116+0000] {taskinstance.py:1284} INFO - Starting attempt 1 of 6
[2023-01-12T09:37:02.116+0000] {taskinstance.py:1285} INFO - 
--------------------------------------------------------------------------------
[2023-01-12T09:37:02.157+0000] {taskinstance.py:1304} INFO - Executing <Task(BashOperator): second_task> on 2022-10-10 00:00:00+00:00
[2023-01-12T09:37:02.164+0000] {standard_task_runner.py:55} INFO - Started process 3298 to run task
[2023-01-12T09:37:02.217+0000] {standard_task_runner.py:82} INFO - Running: ['***', 'tasks', 'run', 'our_first_dagV2', 'second_task', 'scheduled__2022-10-10T00:00:00+00:00', '--job-id', '1416', '--raw', '--subdir', 'DAGS_FOLDER/our_first_dag.py', '--cfg-path', '/tmp/tmpa06f7mq4']
[2023-01-12T09:37:02.219+0000] {standard_task_runner.py:83} INFO - Job 1416: Subtask second_task
[2023-01-12T09:37:02.388+0000] {task_command.py:389} INFO - Running <TaskInstance: our_first_dagV2.second_task scheduled__2022-10-10T00:00:00+00:00 [running]> on host aa6ae62f6248
[2023-01-12T09:37:02.541+0000] {taskinstance.py:1513} INFO - Exporting the following env vars:
AIRFLOW_CTX_DAG_OWNER=malo
AIRFLOW_CTX_DAG_ID=our_first_dagV2
AIRFLOW_CTX_TASK_ID=second_task
AIRFLOW_CTX_EXECUTION_DATE=2022-10-10T00:00:00+00:00
AIRFLOW_CTX_TRY_NUMBER=1
AIRFLOW_CTX_DAG_RUN_ID=scheduled__2022-10-10T00:00:00+00:00
[2023-01-12T09:37:02.543+0000] {subprocess.py:63} INFO - Tmp dir root location: 
 /tmp
[2023-01-12T09:37:02.543+0000] {subprocess.py:75} INFO - Running command: ['/bin/bash', '-c', 'echo hello world task 2']
[2023-01-12T09:37:02.562+0000] {subprocess.py:86} INFO - Output:
[2023-01-12T09:37:02.564+0000] {subprocess.py:93} INFO - hello world task 2
[2023-01-12T09:37:02.565+0000] {subprocess.py:97} INFO - Command exited with return code 0
[2023-01-12T09:37:02.612+0000] {taskinstance.py:1327} INFO - Marking task as SUCCESS. dag_id=our_first_dagV2, task_id=second_task, execution_date=20221010T000000, start_date=20230112T093702, end_date=20230112T093702
[2023-01-12T09:37:02.651+0000] {local_task_job.py:159} INFO - Task exited with return code 0
[2023-01-12T09:37:02.673+0000] {taskinstance.py:2582} INFO - 0 downstream tasks scheduled from follow-on schedule check
