[2023-01-18T10:40:08.655+0000] {taskinstance.py:1087} INFO - Dependencies all met for <TaskInstance: pc_data_dag.insert_companiespercountry manual__2023-01-18T10:40:07.201642+00:00 [queued]>
[2023-01-18T10:40:08.674+0000] {taskinstance.py:1087} INFO - Dependencies all met for <TaskInstance: pc_data_dag.insert_companiespercountry manual__2023-01-18T10:40:07.201642+00:00 [queued]>
[2023-01-18T10:40:08.674+0000] {taskinstance.py:1283} INFO - 
--------------------------------------------------------------------------------
[2023-01-18T10:40:08.675+0000] {taskinstance.py:1284} INFO - Starting attempt 1 of 6
[2023-01-18T10:40:08.675+0000] {taskinstance.py:1285} INFO - 
--------------------------------------------------------------------------------
[2023-01-18T10:40:08.695+0000] {taskinstance.py:1304} INFO - Executing <Task(PythonOperator): insert_companiespercountry> on 2023-01-18 10:40:07.201642+00:00
[2023-01-18T10:40:08.703+0000] {standard_task_runner.py:55} INFO - Started process 8378 to run task
[2023-01-18T10:40:08.725+0000] {standard_task_runner.py:82} INFO - Running: ['***', 'tasks', 'run', 'pc_data_dag', 'insert_companiespercountry', 'manual__2023-01-18T10:40:07.201642+00:00', '--job-id', '1733', '--raw', '--subdir', 'DAGS_FOLDER/create_dag_with_operator.py', '--cfg-path', '/tmp/tmpeva5ci_p']
[2023-01-18T10:40:08.728+0000] {standard_task_runner.py:83} INFO - Job 1733: Subtask insert_companiespercountry
[2023-01-18T10:40:08.847+0000] {task_command.py:389} INFO - Running <TaskInstance: pc_data_dag.insert_companiespercountry manual__2023-01-18T10:40:07.201642+00:00 [running]> on host 7af0b5bef0dd
[2023-01-18T10:40:08.970+0000] {taskinstance.py:1513} INFO - Exporting the following env vars:
AIRFLOW_CTX_DAG_OWNER=malo
AIRFLOW_CTX_DAG_ID=pc_data_dag
AIRFLOW_CTX_TASK_ID=insert_companiespercountry
AIRFLOW_CTX_EXECUTION_DATE=2023-01-18T10:40:07.201642+00:00
AIRFLOW_CTX_TRY_NUMBER=1
AIRFLOW_CTX_DAG_RUN_ID=manual__2023-01-18T10:40:07.201642+00:00
[2023-01-18T10:40:08.983+0000] {logging_mixin.py:137} INFO - connected
[2023-01-18T10:40:10.047+0000] {logging_mixin.py:137} INFO -                country  totalcompanies
0          Afghanistan            6240
1              Albania            6324
2              Algeria            6153
3       American Samoa            6129
4              Andorra            6237
..                 ...             ...
238  Wallis and Futuna            6204
239     Western Sahara            6354
240              Yemen            6069
241             Zambia            6219
242           Zimbabwe            6012

[243 rows x 2 columns]
[2023-01-18T10:40:10.142+0000] {logging_mixin.py:137} INFO - not inserted to the database
[2023-01-18T10:40:10.143+0000] {python.py:177} INFO - Done. Returned value was: None
[2023-01-18T10:40:10.179+0000] {taskinstance.py:1327} INFO - Marking task as SUCCESS. dag_id=pc_data_dag, task_id=insert_companiespercountry, execution_date=20230118T104007, start_date=20230118T104008, end_date=20230118T104010
[2023-01-18T10:40:10.290+0000] {local_task_job.py:159} INFO - Task exited with return code 0
[2023-01-18T10:40:10.319+0000] {taskinstance.py:2582} INFO - 0 downstream tasks scheduled from follow-on schedule check
