[2023-01-12T09:21:08.234+0000] {taskinstance.py:1087} INFO - Dependencies all met for <TaskInstance: our_first_dag.first_task scheduled__2022-04-22T00:00:00+00:00 [queued]>
[2023-01-12T09:21:08.246+0000] {taskinstance.py:1087} INFO - Dependencies all met for <TaskInstance: our_first_dag.first_task scheduled__2022-04-22T00:00:00+00:00 [queued]>
[2023-01-12T09:21:08.247+0000] {taskinstance.py:1283} INFO - 
--------------------------------------------------------------------------------
[2023-01-12T09:21:08.248+0000] {taskinstance.py:1284} INFO - Starting attempt 1 of 6
[2023-01-12T09:21:08.249+0000] {taskinstance.py:1285} INFO - 
--------------------------------------------------------------------------------
[2023-01-12T09:21:08.268+0000] {taskinstance.py:1304} INFO - Executing <Task(BashOperator): first_task> on 2022-04-22 00:00:00+00:00
[2023-01-12T09:21:08.279+0000] {standard_task_runner.py:55} INFO - Started process 5833 to run task
[2023-01-12T09:21:08.286+0000] {standard_task_runner.py:82} INFO - Running: ['***', 'tasks', 'run', 'our_first_dag', 'first_task', 'scheduled__2022-04-22T00:00:00+00:00', '--job-id', '269', '--raw', '--subdir', 'DAGS_FOLDER/our_first_dag.py', '--cfg-path', '/tmp/tmpqce95exh']
[2023-01-12T09:21:08.287+0000] {standard_task_runner.py:83} INFO - Job 269: Subtask first_task
[2023-01-12T09:21:08.357+0000] {task_command.py:389} INFO - Running <TaskInstance: our_first_dag.first_task scheduled__2022-04-22T00:00:00+00:00 [running]> on host aa6ae62f6248
[2023-01-12T09:21:08.439+0000] {taskinstance.py:1513} INFO - Exporting the following env vars:
AIRFLOW_CTX_DAG_OWNER=malo
AIRFLOW_CTX_DAG_ID=our_first_dag
AIRFLOW_CTX_TASK_ID=first_task
AIRFLOW_CTX_EXECUTION_DATE=2022-04-22T00:00:00+00:00
AIRFLOW_CTX_TRY_NUMBER=1
AIRFLOW_CTX_DAG_RUN_ID=scheduled__2022-04-22T00:00:00+00:00
[2023-01-12T09:21:08.442+0000] {subprocess.py:63} INFO - Tmp dir root location: 
 /tmp
[2023-01-12T09:21:08.444+0000] {subprocess.py:75} INFO - Running command: ['/bin/bash', '-c', 'echo hello word we are here now']
[2023-01-12T09:21:08.456+0000] {subprocess.py:86} INFO - Output:
[2023-01-12T09:21:08.460+0000] {subprocess.py:93} INFO - hello word we are here now
[2023-01-12T09:21:08.461+0000] {subprocess.py:97} INFO - Command exited with return code 0
[2023-01-12T09:21:08.484+0000] {taskinstance.py:1327} INFO - Marking task as SUCCESS. dag_id=our_first_dag, task_id=first_task, execution_date=20220422T000000, start_date=20230112T092108, end_date=20230112T092108
[2023-01-12T09:21:08.541+0000] {local_task_job.py:159} INFO - Task exited with return code 0
[2023-01-12T09:21:08.559+0000] {taskinstance.py:2582} INFO - 0 downstream tasks scheduled from follow-on schedule check
