[2023-01-12T09:19:59.601+0000] {taskinstance.py:1087} INFO - Dependencies all met for <TaskInstance: our_first_dag.first_task scheduled__2021-12-08T00:00:00+00:00 [queued]>
[2023-01-12T09:19:59.617+0000] {taskinstance.py:1087} INFO - Dependencies all met for <TaskInstance: our_first_dag.first_task scheduled__2021-12-08T00:00:00+00:00 [queued]>
[2023-01-12T09:19:59.618+0000] {taskinstance.py:1283} INFO - 
--------------------------------------------------------------------------------
[2023-01-12T09:19:59.619+0000] {taskinstance.py:1284} INFO - Starting attempt 1 of 6
[2023-01-12T09:19:59.620+0000] {taskinstance.py:1285} INFO - 
--------------------------------------------------------------------------------
[2023-01-12T09:19:59.636+0000] {taskinstance.py:1304} INFO - Executing <Task(BashOperator): first_task> on 2021-12-08 00:00:00+00:00
[2023-01-12T09:19:59.645+0000] {standard_task_runner.py:55} INFO - Started process 5357 to run task
[2023-01-12T09:19:59.651+0000] {standard_task_runner.py:82} INFO - Running: ['***', 'tasks', 'run', 'our_first_dag', 'first_task', 'scheduled__2021-12-08T00:00:00+00:00', '--job-id', '134', '--raw', '--subdir', 'DAGS_FOLDER/our_first_dag.py', '--cfg-path', '/tmp/tmpy6bp0sx2']
[2023-01-12T09:19:59.652+0000] {standard_task_runner.py:83} INFO - Job 134: Subtask first_task
[2023-01-12T09:19:59.733+0000] {task_command.py:389} INFO - Running <TaskInstance: our_first_dag.first_task scheduled__2021-12-08T00:00:00+00:00 [running]> on host aa6ae62f6248
[2023-01-12T09:19:59.814+0000] {taskinstance.py:1513} INFO - Exporting the following env vars:
AIRFLOW_CTX_DAG_OWNER=malo
AIRFLOW_CTX_DAG_ID=our_first_dag
AIRFLOW_CTX_TASK_ID=first_task
AIRFLOW_CTX_EXECUTION_DATE=2021-12-08T00:00:00+00:00
AIRFLOW_CTX_TRY_NUMBER=1
AIRFLOW_CTX_DAG_RUN_ID=scheduled__2021-12-08T00:00:00+00:00
[2023-01-12T09:19:59.819+0000] {subprocess.py:63} INFO - Tmp dir root location: 
 /tmp
[2023-01-12T09:19:59.820+0000] {subprocess.py:75} INFO - Running command: ['/bin/bash', '-c', 'echo hello word we are here now']
[2023-01-12T09:19:59.834+0000] {subprocess.py:86} INFO - Output:
[2023-01-12T09:19:59.836+0000] {subprocess.py:93} INFO - hello word we are here now
[2023-01-12T09:19:59.837+0000] {subprocess.py:97} INFO - Command exited with return code 0
[2023-01-12T09:19:59.863+0000] {taskinstance.py:1327} INFO - Marking task as SUCCESS. dag_id=our_first_dag, task_id=first_task, execution_date=20211208T000000, start_date=20230112T091959, end_date=20230112T091959
[2023-01-12T09:19:59.908+0000] {local_task_job.py:159} INFO - Task exited with return code 0
[2023-01-12T09:19:59.923+0000] {taskinstance.py:2582} INFO - 0 downstream tasks scheduled from follow-on schedule check
