[2023-01-12T09:36:43.375+0000] {taskinstance.py:1087} INFO - Dependencies all met for <TaskInstance: our_first_dagV2.first_task scheduled__2022-09-15T00:00:00+00:00 [queued]>
[2023-01-12T09:36:43.404+0000] {taskinstance.py:1087} INFO - Dependencies all met for <TaskInstance: our_first_dagV2.first_task scheduled__2022-09-15T00:00:00+00:00 [queued]>
[2023-01-12T09:36:43.416+0000] {taskinstance.py:1283} INFO - 
--------------------------------------------------------------------------------
[2023-01-12T09:36:43.417+0000] {taskinstance.py:1284} INFO - Starting attempt 1 of 6
[2023-01-12T09:36:43.419+0000] {taskinstance.py:1285} INFO - 
--------------------------------------------------------------------------------
[2023-01-12T09:36:43.445+0000] {taskinstance.py:1304} INFO - Executing <Task(BashOperator): first_task> on 2022-09-15 00:00:00+00:00
[2023-01-12T09:36:43.453+0000] {standard_task_runner.py:55} INFO - Started process 3094 to run task
[2023-01-12T09:36:43.466+0000] {standard_task_runner.py:82} INFO - Running: ['***', 'tasks', 'run', 'our_first_dagV2', 'first_task', 'scheduled__2022-09-15T00:00:00+00:00', '--job-id', '1355', '--raw', '--subdir', 'DAGS_FOLDER/our_first_dag.py', '--cfg-path', '/tmp/tmp7t4dhwyt']
[2023-01-12T09:36:43.471+0000] {standard_task_runner.py:83} INFO - Job 1355: Subtask first_task
[2023-01-12T09:36:43.721+0000] {task_command.py:389} INFO - Running <TaskInstance: our_first_dagV2.first_task scheduled__2022-09-15T00:00:00+00:00 [running]> on host aa6ae62f6248
[2023-01-12T09:36:44.023+0000] {taskinstance.py:1513} INFO - Exporting the following env vars:
AIRFLOW_CTX_DAG_OWNER=malo
AIRFLOW_CTX_DAG_ID=our_first_dagV2
AIRFLOW_CTX_TASK_ID=first_task
AIRFLOW_CTX_EXECUTION_DATE=2022-09-15T00:00:00+00:00
AIRFLOW_CTX_TRY_NUMBER=1
AIRFLOW_CTX_DAG_RUN_ID=scheduled__2022-09-15T00:00:00+00:00
[2023-01-12T09:36:44.024+0000] {subprocess.py:63} INFO - Tmp dir root location: 
 /tmp
[2023-01-12T09:36:44.026+0000] {subprocess.py:75} INFO - Running command: ['/bin/bash', '-c', 'echo hello word we are here now']
[2023-01-12T09:36:44.068+0000] {subprocess.py:86} INFO - Output:
[2023-01-12T09:36:44.091+0000] {subprocess.py:93} INFO - hello word we are here now
[2023-01-12T09:36:44.098+0000] {subprocess.py:97} INFO - Command exited with return code 0
[2023-01-12T09:36:44.191+0000] {taskinstance.py:1327} INFO - Marking task as SUCCESS. dag_id=our_first_dagV2, task_id=first_task, execution_date=20220915T000000, start_date=20230112T093643, end_date=20230112T093644
[2023-01-12T09:36:44.333+0000] {local_task_job.py:159} INFO - Task exited with return code 0
[2023-01-12T09:36:44.355+0000] {taskinstance.py:2582} INFO - 0 downstream tasks scheduled from follow-on schedule check
