[2023-01-12T09:33:40.868+0000] {taskinstance.py:1087} INFO - Dependencies all met for <TaskInstance: our_first_dagV2.first_task scheduled__2021-10-23T00:00:00+00:00 [queued]>
[2023-01-12T09:33:40.876+0000] {taskinstance.py:1087} INFO - Dependencies all met for <TaskInstance: our_first_dagV2.first_task scheduled__2021-10-23T00:00:00+00:00 [queued]>
[2023-01-12T09:33:40.877+0000] {taskinstance.py:1283} INFO - 
--------------------------------------------------------------------------------
[2023-01-12T09:33:40.878+0000] {taskinstance.py:1284} INFO - Starting attempt 1 of 6
[2023-01-12T09:33:40.879+0000] {taskinstance.py:1285} INFO - 
--------------------------------------------------------------------------------
[2023-01-12T09:33:40.891+0000] {taskinstance.py:1304} INFO - Executing <Task(BashOperator): first_task> on 2021-10-23 00:00:00+00:00
[2023-01-12T09:33:40.895+0000] {standard_task_runner.py:55} INFO - Started process 978 to run task
[2023-01-12T09:33:40.901+0000] {standard_task_runner.py:82} INFO - Running: ['***', 'tasks', 'run', 'our_first_dagV2', 'first_task', 'scheduled__2021-10-23T00:00:00+00:00', '--job-id', '706', '--raw', '--subdir', 'DAGS_FOLDER/our_first_dag.py', '--cfg-path', '/tmp/tmpa4dqlmcy']
[2023-01-12T09:33:40.902+0000] {standard_task_runner.py:83} INFO - Job 706: Subtask first_task
[2023-01-12T09:33:41.008+0000] {task_command.py:389} INFO - Running <TaskInstance: our_first_dagV2.first_task scheduled__2021-10-23T00:00:00+00:00 [running]> on host aa6ae62f6248
[2023-01-12T09:33:41.113+0000] {taskinstance.py:1513} INFO - Exporting the following env vars:
AIRFLOW_CTX_DAG_OWNER=malo
AIRFLOW_CTX_DAG_ID=our_first_dagV2
AIRFLOW_CTX_TASK_ID=first_task
AIRFLOW_CTX_EXECUTION_DATE=2021-10-23T00:00:00+00:00
AIRFLOW_CTX_TRY_NUMBER=1
AIRFLOW_CTX_DAG_RUN_ID=scheduled__2021-10-23T00:00:00+00:00
[2023-01-12T09:33:41.114+0000] {subprocess.py:63} INFO - Tmp dir root location: 
 /tmp
[2023-01-12T09:33:41.115+0000] {subprocess.py:75} INFO - Running command: ['/bin/bash', '-c', 'echo hello word we are here now']
[2023-01-12T09:33:41.128+0000] {subprocess.py:86} INFO - Output:
[2023-01-12T09:33:41.132+0000] {subprocess.py:93} INFO - hello word we are here now
[2023-01-12T09:33:41.138+0000] {subprocess.py:97} INFO - Command exited with return code 0
[2023-01-12T09:33:41.196+0000] {taskinstance.py:1327} INFO - Marking task as SUCCESS. dag_id=our_first_dagV2, task_id=first_task, execution_date=20211023T000000, start_date=20230112T093340, end_date=20230112T093341
[2023-01-12T09:33:41.233+0000] {local_task_job.py:159} INFO - Task exited with return code 0
[2023-01-12T09:33:41.268+0000] {taskinstance.py:2582} INFO - 1 downstream tasks scheduled from follow-on schedule check
