[2023-01-18T06:33:01.465+0000] {taskinstance.py:1087} INFO - Dependencies all met for <TaskInstance: our_first_dagV2.third_task scheduled__2023-01-17T00:00:00+00:00 [queued]>
[2023-01-18T06:33:01.473+0000] {taskinstance.py:1087} INFO - Dependencies all met for <TaskInstance: our_first_dagV2.third_task scheduled__2023-01-17T00:00:00+00:00 [queued]>
[2023-01-18T06:33:01.474+0000] {taskinstance.py:1283} INFO - 
--------------------------------------------------------------------------------
[2023-01-18T06:33:01.474+0000] {taskinstance.py:1284} INFO - Starting attempt 1 of 6
[2023-01-18T06:33:01.475+0000] {taskinstance.py:1285} INFO - 
--------------------------------------------------------------------------------
[2023-01-18T06:33:01.488+0000] {taskinstance.py:1304} INFO - Executing <Task(BashOperator): third_task> on 2023-01-17 00:00:00+00:00
[2023-01-18T06:33:01.492+0000] {standard_task_runner.py:55} INFO - Started process 71 to run task
[2023-01-18T06:33:01.502+0000] {standard_task_runner.py:82} INFO - Running: ['***', 'tasks', 'run', 'our_first_dagV2', 'third_task', 'scheduled__2023-01-17T00:00:00+00:00', '--job-id', '1668', '--raw', '--subdir', 'DAGS_FOLDER/our_first_dag.py', '--cfg-path', '/tmp/tmpspqpifmu']
[2023-01-18T06:33:01.503+0000] {standard_task_runner.py:83} INFO - Job 1668: Subtask third_task
[2023-01-18T06:33:01.588+0000] {task_command.py:389} INFO - Running <TaskInstance: our_first_dagV2.third_task scheduled__2023-01-17T00:00:00+00:00 [running]> on host 76023b3f850c
[2023-01-18T06:33:01.671+0000] {taskinstance.py:1513} INFO - Exporting the following env vars:
AIRFLOW_CTX_DAG_OWNER=malo
AIRFLOW_CTX_DAG_ID=our_first_dagV2
AIRFLOW_CTX_TASK_ID=third_task
AIRFLOW_CTX_EXECUTION_DATE=2023-01-17T00:00:00+00:00
AIRFLOW_CTX_TRY_NUMBER=1
AIRFLOW_CTX_DAG_RUN_ID=scheduled__2023-01-17T00:00:00+00:00
[2023-01-18T06:33:01.672+0000] {subprocess.py:63} INFO - Tmp dir root location: 
 /tmp
[2023-01-18T06:33:01.673+0000] {subprocess.py:75} INFO - Running command: ['/bin/bash', '-c', 'echo hello world task 3']
[2023-01-18T06:33:01.683+0000] {subprocess.py:86} INFO - Output:
[2023-01-18T06:33:01.685+0000] {subprocess.py:93} INFO - hello world task 3
[2023-01-18T06:33:01.690+0000] {subprocess.py:97} INFO - Command exited with return code 0
[2023-01-18T06:33:01.743+0000] {taskinstance.py:1327} INFO - Marking task as SUCCESS. dag_id=our_first_dagV2, task_id=third_task, execution_date=20230117T000000, start_date=20230118T063301, end_date=20230118T063301
[2023-01-18T06:33:01.795+0000] {local_task_job.py:159} INFO - Task exited with return code 0
[2023-01-18T06:33:01.813+0000] {taskinstance.py:2582} INFO - 0 downstream tasks scheduled from follow-on schedule check
