[2023-01-12T09:35:40.845+0000] {taskinstance.py:1087} INFO - Dependencies all met for <TaskInstance: our_first_dagV2.first_task scheduled__2022-05-26T00:00:00+00:00 [queued]>
[2023-01-12T09:35:40.857+0000] {taskinstance.py:1087} INFO - Dependencies all met for <TaskInstance: our_first_dagV2.first_task scheduled__2022-05-26T00:00:00+00:00 [queued]>
[2023-01-12T09:35:40.861+0000] {taskinstance.py:1283} INFO - 
--------------------------------------------------------------------------------
[2023-01-12T09:35:40.862+0000] {taskinstance.py:1284} INFO - Starting attempt 1 of 6
[2023-01-12T09:35:40.863+0000] {taskinstance.py:1285} INFO - 
--------------------------------------------------------------------------------
[2023-01-12T09:35:40.884+0000] {taskinstance.py:1304} INFO - Executing <Task(BashOperator): first_task> on 2022-05-26 00:00:00+00:00
[2023-01-12T09:35:40.896+0000] {standard_task_runner.py:55} INFO - Started process 2364 to run task
[2023-01-12T09:35:40.915+0000] {standard_task_runner.py:82} INFO - Running: ['***', 'tasks', 'run', 'our_first_dagV2', 'first_task', 'scheduled__2022-05-26T00:00:00+00:00', '--job-id', '1132', '--raw', '--subdir', 'DAGS_FOLDER/our_first_dag.py', '--cfg-path', '/tmp/tmpqvjg9wg6']
[2023-01-12T09:35:40.918+0000] {standard_task_runner.py:83} INFO - Job 1132: Subtask first_task
[2023-01-12T09:35:41.053+0000] {task_command.py:389} INFO - Running <TaskInstance: our_first_dagV2.first_task scheduled__2022-05-26T00:00:00+00:00 [running]> on host aa6ae62f6248
[2023-01-12T09:35:41.178+0000] {taskinstance.py:1513} INFO - Exporting the following env vars:
AIRFLOW_CTX_DAG_OWNER=malo
AIRFLOW_CTX_DAG_ID=our_first_dagV2
AIRFLOW_CTX_TASK_ID=first_task
AIRFLOW_CTX_EXECUTION_DATE=2022-05-26T00:00:00+00:00
AIRFLOW_CTX_TRY_NUMBER=1
AIRFLOW_CTX_DAG_RUN_ID=scheduled__2022-05-26T00:00:00+00:00
[2023-01-12T09:35:41.180+0000] {subprocess.py:63} INFO - Tmp dir root location: 
 /tmp
[2023-01-12T09:35:41.181+0000] {subprocess.py:75} INFO - Running command: ['/bin/bash', '-c', 'echo hello word we are here now']
[2023-01-12T09:35:41.198+0000] {subprocess.py:86} INFO - Output:
[2023-01-12T09:35:41.200+0000] {subprocess.py:93} INFO - hello word we are here now
[2023-01-12T09:35:41.200+0000] {subprocess.py:97} INFO - Command exited with return code 0
[2023-01-12T09:35:41.259+0000] {taskinstance.py:1327} INFO - Marking task as SUCCESS. dag_id=our_first_dagV2, task_id=first_task, execution_date=20220526T000000, start_date=20230112T093540, end_date=20230112T093541
[2023-01-12T09:35:41.282+0000] {local_task_job.py:159} INFO - Task exited with return code 0
[2023-01-12T09:35:41.306+0000] {taskinstance.py:2582} INFO - 1 downstream tasks scheduled from follow-on schedule check
