[2023-01-12T09:19:55.586+0000] {taskinstance.py:1087} INFO - Dependencies all met for <TaskInstance: our_first_dag.first_task scheduled__2021-11-28T00:00:00+00:00 [queued]>
[2023-01-12T09:19:55.606+0000] {taskinstance.py:1087} INFO - Dependencies all met for <TaskInstance: our_first_dag.first_task scheduled__2021-11-28T00:00:00+00:00 [queued]>
[2023-01-12T09:19:55.607+0000] {taskinstance.py:1283} INFO - 
--------------------------------------------------------------------------------
[2023-01-12T09:19:55.608+0000] {taskinstance.py:1284} INFO - Starting attempt 1 of 6
[2023-01-12T09:19:55.609+0000] {taskinstance.py:1285} INFO - 
--------------------------------------------------------------------------------
[2023-01-12T09:19:55.662+0000] {taskinstance.py:1304} INFO - Executing <Task(BashOperator): first_task> on 2021-11-28 00:00:00+00:00
[2023-01-12T09:19:55.669+0000] {standard_task_runner.py:55} INFO - Started process 5328 to run task
[2023-01-12T09:19:55.678+0000] {standard_task_runner.py:82} INFO - Running: ['***', 'tasks', 'run', 'our_first_dag', 'first_task', 'scheduled__2021-11-28T00:00:00+00:00', '--job-id', '124', '--raw', '--subdir', 'DAGS_FOLDER/our_first_dag.py', '--cfg-path', '/tmp/tmpcvsg8x3p']
[2023-01-12T09:19:55.679+0000] {standard_task_runner.py:83} INFO - Job 124: Subtask first_task
[2023-01-12T09:19:55.830+0000] {task_command.py:389} INFO - Running <TaskInstance: our_first_dag.first_task scheduled__2021-11-28T00:00:00+00:00 [running]> on host aa6ae62f6248
[2023-01-12T09:19:55.946+0000] {taskinstance.py:1513} INFO - Exporting the following env vars:
AIRFLOW_CTX_DAG_OWNER=malo
AIRFLOW_CTX_DAG_ID=our_first_dag
AIRFLOW_CTX_TASK_ID=first_task
AIRFLOW_CTX_EXECUTION_DATE=2021-11-28T00:00:00+00:00
AIRFLOW_CTX_TRY_NUMBER=1
AIRFLOW_CTX_DAG_RUN_ID=scheduled__2021-11-28T00:00:00+00:00
[2023-01-12T09:19:55.950+0000] {subprocess.py:63} INFO - Tmp dir root location: 
 /tmp
[2023-01-12T09:19:55.952+0000] {subprocess.py:75} INFO - Running command: ['/bin/bash', '-c', 'echo hello word we are here now']
[2023-01-12T09:19:55.963+0000] {subprocess.py:86} INFO - Output:
[2023-01-12T09:19:55.966+0000] {subprocess.py:93} INFO - hello word we are here now
[2023-01-12T09:19:55.967+0000] {subprocess.py:97} INFO - Command exited with return code 0
[2023-01-12T09:19:55.997+0000] {taskinstance.py:1327} INFO - Marking task as SUCCESS. dag_id=our_first_dag, task_id=first_task, execution_date=20211128T000000, start_date=20230112T091955, end_date=20230112T091955
[2023-01-12T09:19:56.056+0000] {local_task_job.py:159} INFO - Task exited with return code 0
[2023-01-12T09:19:56.074+0000] {taskinstance.py:2582} INFO - 0 downstream tasks scheduled from follow-on schedule check
