[2023-01-12T09:36:21.049+0000] {taskinstance.py:1087} INFO - Dependencies all met for <TaskInstance: our_first_dagV2.second_task scheduled__2022-08-03T00:00:00+00:00 [queued]>
[2023-01-12T09:36:21.065+0000] {taskinstance.py:1087} INFO - Dependencies all met for <TaskInstance: our_first_dagV2.second_task scheduled__2022-08-03T00:00:00+00:00 [queued]>
[2023-01-12T09:36:21.066+0000] {taskinstance.py:1283} INFO - 
--------------------------------------------------------------------------------
[2023-01-12T09:36:21.066+0000] {taskinstance.py:1284} INFO - Starting attempt 1 of 6
[2023-01-12T09:36:21.067+0000] {taskinstance.py:1285} INFO - 
--------------------------------------------------------------------------------
[2023-01-12T09:36:21.091+0000] {taskinstance.py:1304} INFO - Executing <Task(BashOperator): second_task> on 2022-08-03 00:00:00+00:00
[2023-01-12T09:36:21.101+0000] {standard_task_runner.py:55} INFO - Started process 2847 to run task
[2023-01-12T09:36:21.128+0000] {standard_task_runner.py:82} INFO - Running: ['***', 'tasks', 'run', 'our_first_dagV2', 'second_task', 'scheduled__2022-08-03T00:00:00+00:00', '--job-id', '1277', '--raw', '--subdir', 'DAGS_FOLDER/our_first_dag.py', '--cfg-path', '/tmp/tmplo9y0f7c']
[2023-01-12T09:36:21.131+0000] {standard_task_runner.py:83} INFO - Job 1277: Subtask second_task
[2023-01-12T09:36:21.262+0000] {task_command.py:389} INFO - Running <TaskInstance: our_first_dagV2.second_task scheduled__2022-08-03T00:00:00+00:00 [running]> on host aa6ae62f6248
[2023-01-12T09:36:21.396+0000] {taskinstance.py:1513} INFO - Exporting the following env vars:
AIRFLOW_CTX_DAG_OWNER=malo
AIRFLOW_CTX_DAG_ID=our_first_dagV2
AIRFLOW_CTX_TASK_ID=second_task
AIRFLOW_CTX_EXECUTION_DATE=2022-08-03T00:00:00+00:00
AIRFLOW_CTX_TRY_NUMBER=1
AIRFLOW_CTX_DAG_RUN_ID=scheduled__2022-08-03T00:00:00+00:00
[2023-01-12T09:36:21.400+0000] {subprocess.py:63} INFO - Tmp dir root location: 
 /tmp
[2023-01-12T09:36:21.401+0000] {subprocess.py:75} INFO - Running command: ['/bin/bash', '-c', 'echo hello world task 2']
[2023-01-12T09:36:21.428+0000] {subprocess.py:86} INFO - Output:
[2023-01-12T09:36:21.434+0000] {subprocess.py:93} INFO - hello world task 2
[2023-01-12T09:36:21.439+0000] {subprocess.py:97} INFO - Command exited with return code 0
[2023-01-12T09:36:21.497+0000] {taskinstance.py:1327} INFO - Marking task as SUCCESS. dag_id=our_first_dagV2, task_id=second_task, execution_date=20220803T000000, start_date=20230112T093621, end_date=20230112T093621
[2023-01-12T09:36:21.524+0000] {local_task_job.py:159} INFO - Task exited with return code 0
[2023-01-12T09:36:21.571+0000] {taskinstance.py:2582} INFO - 0 downstream tasks scheduled from follow-on schedule check
