[2023-01-12T09:23:31.722+0000] {taskinstance.py:1087} INFO - Dependencies all met for <TaskInstance: our_first_dag.first_task scheduled__2023-01-10T00:00:00+00:00 [queued]>
[2023-01-12T09:23:31.736+0000] {taskinstance.py:1087} INFO - Dependencies all met for <TaskInstance: our_first_dag.first_task scheduled__2023-01-10T00:00:00+00:00 [queued]>
[2023-01-12T09:23:31.740+0000] {taskinstance.py:1283} INFO - 
--------------------------------------------------------------------------------
[2023-01-12T09:23:31.744+0000] {taskinstance.py:1284} INFO - Starting attempt 1 of 6
[2023-01-12T09:23:31.745+0000] {taskinstance.py:1285} INFO - 
--------------------------------------------------------------------------------
[2023-01-12T09:23:31.766+0000] {taskinstance.py:1304} INFO - Executing <Task(BashOperator): first_task> on 2023-01-10 00:00:00+00:00
[2023-01-12T09:23:31.771+0000] {standard_task_runner.py:55} INFO - Started process 6764 to run task
[2023-01-12T09:23:31.777+0000] {standard_task_runner.py:82} INFO - Running: ['***', 'tasks', 'run', 'our_first_dag', 'first_task', 'scheduled__2023-01-10T00:00:00+00:00', '--job-id', '532', '--raw', '--subdir', 'DAGS_FOLDER/our_first_dag.py', '--cfg-path', '/tmp/tmpshka_kh7']
[2023-01-12T09:23:31.779+0000] {standard_task_runner.py:83} INFO - Job 532: Subtask first_task
[2023-01-12T09:23:31.849+0000] {task_command.py:389} INFO - Running <TaskInstance: our_first_dag.first_task scheduled__2023-01-10T00:00:00+00:00 [running]> on host aa6ae62f6248
[2023-01-12T09:23:31.923+0000] {taskinstance.py:1513} INFO - Exporting the following env vars:
AIRFLOW_CTX_DAG_OWNER=malo
AIRFLOW_CTX_DAG_ID=our_first_dag
AIRFLOW_CTX_TASK_ID=first_task
AIRFLOW_CTX_EXECUTION_DATE=2023-01-10T00:00:00+00:00
AIRFLOW_CTX_TRY_NUMBER=1
AIRFLOW_CTX_DAG_RUN_ID=scheduled__2023-01-10T00:00:00+00:00
[2023-01-12T09:23:31.925+0000] {subprocess.py:63} INFO - Tmp dir root location: 
 /tmp
[2023-01-12T09:23:31.927+0000] {subprocess.py:75} INFO - Running command: ['/bin/bash', '-c', 'echo hello word we are here now']
[2023-01-12T09:23:31.942+0000] {subprocess.py:86} INFO - Output:
[2023-01-12T09:23:31.945+0000] {subprocess.py:93} INFO - hello word we are here now
[2023-01-12T09:23:31.946+0000] {subprocess.py:97} INFO - Command exited with return code 0
[2023-01-12T09:23:31.967+0000] {taskinstance.py:1327} INFO - Marking task as SUCCESS. dag_id=our_first_dag, task_id=first_task, execution_date=20230110T000000, start_date=20230112T092331, end_date=20230112T092331
[2023-01-12T09:23:32.028+0000] {local_task_job.py:159} INFO - Task exited with return code 0
[2023-01-12T09:23:32.047+0000] {taskinstance.py:2582} INFO - 0 downstream tasks scheduled from follow-on schedule check
