[2023-01-12T09:20:02.299+0000] {taskinstance.py:1087} INFO - Dependencies all met for <TaskInstance: our_first_dag.first_task scheduled__2021-12-13T00:00:00+00:00 [queued]>
[2023-01-12T09:20:02.315+0000] {taskinstance.py:1087} INFO - Dependencies all met for <TaskInstance: our_first_dag.first_task scheduled__2021-12-13T00:00:00+00:00 [queued]>
[2023-01-12T09:20:02.319+0000] {taskinstance.py:1283} INFO - 
--------------------------------------------------------------------------------
[2023-01-12T09:20:02.321+0000] {taskinstance.py:1284} INFO - Starting attempt 1 of 6
[2023-01-12T09:20:02.322+0000] {taskinstance.py:1285} INFO - 
--------------------------------------------------------------------------------
[2023-01-12T09:20:02.348+0000] {taskinstance.py:1304} INFO - Executing <Task(BashOperator): first_task> on 2021-12-13 00:00:00+00:00
[2023-01-12T09:20:02.356+0000] {standard_task_runner.py:55} INFO - Started process 5374 to run task
[2023-01-12T09:20:02.373+0000] {standard_task_runner.py:82} INFO - Running: ['***', 'tasks', 'run', 'our_first_dag', 'first_task', 'scheduled__2021-12-13T00:00:00+00:00', '--job-id', '139', '--raw', '--subdir', 'DAGS_FOLDER/our_first_dag.py', '--cfg-path', '/tmp/tmpetfjxw33']
[2023-01-12T09:20:02.376+0000] {standard_task_runner.py:83} INFO - Job 139: Subtask first_task
[2023-01-12T09:20:02.503+0000] {task_command.py:389} INFO - Running <TaskInstance: our_first_dag.first_task scheduled__2021-12-13T00:00:00+00:00 [running]> on host aa6ae62f6248
[2023-01-12T09:20:02.661+0000] {taskinstance.py:1513} INFO - Exporting the following env vars:
AIRFLOW_CTX_DAG_OWNER=malo
AIRFLOW_CTX_DAG_ID=our_first_dag
AIRFLOW_CTX_TASK_ID=first_task
AIRFLOW_CTX_EXECUTION_DATE=2021-12-13T00:00:00+00:00
AIRFLOW_CTX_TRY_NUMBER=1
AIRFLOW_CTX_DAG_RUN_ID=scheduled__2021-12-13T00:00:00+00:00
[2023-01-12T09:20:02.664+0000] {subprocess.py:63} INFO - Tmp dir root location: 
 /tmp
[2023-01-12T09:20:02.665+0000] {subprocess.py:75} INFO - Running command: ['/bin/bash', '-c', 'echo hello word we are here now']
[2023-01-12T09:20:02.701+0000] {subprocess.py:86} INFO - Output:
[2023-01-12T09:20:02.704+0000] {subprocess.py:93} INFO - hello word we are here now
[2023-01-12T09:20:02.708+0000] {subprocess.py:97} INFO - Command exited with return code 0
[2023-01-12T09:20:02.762+0000] {taskinstance.py:1327} INFO - Marking task as SUCCESS. dag_id=our_first_dag, task_id=first_task, execution_date=20211213T000000, start_date=20230112T092002, end_date=20230112T092002
[2023-01-12T09:20:02.800+0000] {local_task_job.py:159} INFO - Task exited with return code 0
[2023-01-12T09:20:02.832+0000] {taskinstance.py:2582} INFO - 0 downstream tasks scheduled from follow-on schedule check
