[2023-01-12T09:36:51.554+0000] {taskinstance.py:1087} INFO - Dependencies all met for <TaskInstance: our_first_dagV2.second_task scheduled__2022-09-23T00:00:00+00:00 [queued]>
[2023-01-12T09:36:51.564+0000] {taskinstance.py:1087} INFO - Dependencies all met for <TaskInstance: our_first_dagV2.second_task scheduled__2022-09-23T00:00:00+00:00 [queued]>
[2023-01-12T09:36:51.565+0000] {taskinstance.py:1283} INFO - 
--------------------------------------------------------------------------------
[2023-01-12T09:36:51.566+0000] {taskinstance.py:1284} INFO - Starting attempt 1 of 6
[2023-01-12T09:36:51.569+0000] {taskinstance.py:1285} INFO - 
--------------------------------------------------------------------------------
[2023-01-12T09:36:51.609+0000] {taskinstance.py:1304} INFO - Executing <Task(BashOperator): second_task> on 2022-09-23 00:00:00+00:00
[2023-01-12T09:36:51.632+0000] {standard_task_runner.py:55} INFO - Started process 3184 to run task
[2023-01-12T09:36:51.658+0000] {standard_task_runner.py:82} INFO - Running: ['***', 'tasks', 'run', 'our_first_dagV2', 'second_task', 'scheduled__2022-09-23T00:00:00+00:00', '--job-id', '1382', '--raw', '--subdir', 'DAGS_FOLDER/our_first_dag.py', '--cfg-path', '/tmp/tmph8gyr3nk']
[2023-01-12T09:36:51.660+0000] {standard_task_runner.py:83} INFO - Job 1382: Subtask second_task
[2023-01-12T09:36:51.838+0000] {task_command.py:389} INFO - Running <TaskInstance: our_first_dagV2.second_task scheduled__2022-09-23T00:00:00+00:00 [running]> on host aa6ae62f6248
[2023-01-12T09:36:52.047+0000] {taskinstance.py:1513} INFO - Exporting the following env vars:
AIRFLOW_CTX_DAG_OWNER=malo
AIRFLOW_CTX_DAG_ID=our_first_dagV2
AIRFLOW_CTX_TASK_ID=second_task
AIRFLOW_CTX_EXECUTION_DATE=2022-09-23T00:00:00+00:00
AIRFLOW_CTX_TRY_NUMBER=1
AIRFLOW_CTX_DAG_RUN_ID=scheduled__2022-09-23T00:00:00+00:00
[2023-01-12T09:36:52.052+0000] {subprocess.py:63} INFO - Tmp dir root location: 
 /tmp
[2023-01-12T09:36:52.053+0000] {subprocess.py:75} INFO - Running command: ['/bin/bash', '-c', 'echo hello world task 2']
[2023-01-12T09:36:52.069+0000] {subprocess.py:86} INFO - Output:
[2023-01-12T09:36:52.071+0000] {subprocess.py:93} INFO - hello world task 2
[2023-01-12T09:36:52.072+0000] {subprocess.py:97} INFO - Command exited with return code 0
[2023-01-12T09:36:52.194+0000] {taskinstance.py:1327} INFO - Marking task as SUCCESS. dag_id=our_first_dagV2, task_id=second_task, execution_date=20220923T000000, start_date=20230112T093651, end_date=20230112T093652
[2023-01-12T09:36:52.312+0000] {local_task_job.py:159} INFO - Task exited with return code 0
[2023-01-12T09:36:52.337+0000] {taskinstance.py:2582} INFO - 0 downstream tasks scheduled from follow-on schedule check
