[2023-01-12T09:19:05.428+0000] {taskinstance.py:1087} INFO - Dependencies all met for <TaskInstance: our_first_dag.first_task scheduled__2021-08-19T00:00:00+00:00 [queued]>
[2023-01-12T09:19:05.450+0000] {taskinstance.py:1087} INFO - Dependencies all met for <TaskInstance: our_first_dag.first_task scheduled__2021-08-19T00:00:00+00:00 [queued]>
[2023-01-12T09:19:05.453+0000] {taskinstance.py:1283} INFO - 
--------------------------------------------------------------------------------
[2023-01-12T09:19:05.454+0000] {taskinstance.py:1284} INFO - Starting attempt 1 of 6
[2023-01-12T09:19:05.455+0000] {taskinstance.py:1285} INFO - 
--------------------------------------------------------------------------------
[2023-01-12T09:19:05.485+0000] {taskinstance.py:1304} INFO - Executing <Task(BashOperator): first_task> on 2021-08-19 00:00:00+00:00
[2023-01-12T09:19:05.499+0000] {standard_task_runner.py:55} INFO - Started process 4980 to run task
[2023-01-12T09:19:05.510+0000] {standard_task_runner.py:82} INFO - Running: ['***', 'tasks', 'run', 'our_first_dag', 'first_task', 'scheduled__2021-08-19T00:00:00+00:00', '--job-id', '23', '--raw', '--subdir', 'DAGS_FOLDER/our_first_dag.py', '--cfg-path', '/tmp/tmpwya_ri6x']
[2023-01-12T09:19:05.513+0000] {standard_task_runner.py:83} INFO - Job 23: Subtask first_task
[2023-01-12T09:19:05.642+0000] {task_command.py:389} INFO - Running <TaskInstance: our_first_dag.first_task scheduled__2021-08-19T00:00:00+00:00 [running]> on host aa6ae62f6248
[2023-01-12T09:19:05.758+0000] {taskinstance.py:1513} INFO - Exporting the following env vars:
AIRFLOW_CTX_DAG_OWNER=malo
AIRFLOW_CTX_DAG_ID=our_first_dag
AIRFLOW_CTX_TASK_ID=first_task
AIRFLOW_CTX_EXECUTION_DATE=2021-08-19T00:00:00+00:00
AIRFLOW_CTX_TRY_NUMBER=1
AIRFLOW_CTX_DAG_RUN_ID=scheduled__2021-08-19T00:00:00+00:00
[2023-01-12T09:19:05.761+0000] {subprocess.py:63} INFO - Tmp dir root location: 
 /tmp
[2023-01-12T09:19:05.764+0000] {subprocess.py:75} INFO - Running command: ['/bin/bash', '-c', 'echo hello word we are here now']
[2023-01-12T09:19:05.784+0000] {subprocess.py:86} INFO - Output:
[2023-01-12T09:19:05.786+0000] {subprocess.py:93} INFO - hello word we are here now
[2023-01-12T09:19:05.787+0000] {subprocess.py:97} INFO - Command exited with return code 0
[2023-01-12T09:19:05.815+0000] {taskinstance.py:1327} INFO - Marking task as SUCCESS. dag_id=our_first_dag, task_id=first_task, execution_date=20210819T000000, start_date=20230112T091905, end_date=20230112T091905
[2023-01-12T09:19:05.885+0000] {local_task_job.py:159} INFO - Task exited with return code 0
[2023-01-12T09:19:05.906+0000] {taskinstance.py:2582} INFO - 0 downstream tasks scheduled from follow-on schedule check
