[2023-01-19T09:30:18.071+0000] {taskinstance.py:1087} INFO - Dependencies all met for <TaskInstance: pc_data_dag.read_excel_file manual__2023-01-19T09:30:10.396102+00:00 [queued]>
[2023-01-19T09:30:18.079+0000] {taskinstance.py:1087} INFO - Dependencies all met for <TaskInstance: pc_data_dag.read_excel_file manual__2023-01-19T09:30:10.396102+00:00 [queued]>
[2023-01-19T09:30:18.080+0000] {taskinstance.py:1283} INFO - 
--------------------------------------------------------------------------------
[2023-01-19T09:30:18.081+0000] {taskinstance.py:1284} INFO - Starting attempt 1 of 6
[2023-01-19T09:30:18.081+0000] {taskinstance.py:1285} INFO - 
--------------------------------------------------------------------------------
[2023-01-19T09:30:18.092+0000] {taskinstance.py:1304} INFO - Executing <Task(PythonOperator): read_excel_file> on 2023-01-19 09:30:10.396102+00:00
[2023-01-19T09:30:18.098+0000] {standard_task_runner.py:55} INFO - Started process 378 to run task
[2023-01-19T09:30:18.102+0000] {standard_task_runner.py:82} INFO - Running: ['***', 'tasks', 'run', 'pc_data_dag', 'read_excel_file', 'manual__2023-01-19T09:30:10.396102+00:00', '--job-id', '1770', '--raw', '--subdir', 'DAGS_FOLDER/create_dag_with_operator.py', '--cfg-path', '/tmp/tmpavi4xpg2']
[2023-01-19T09:30:18.105+0000] {standard_task_runner.py:83} INFO - Job 1770: Subtask read_excel_file
[2023-01-19T09:30:18.170+0000] {task_command.py:389} INFO - Running <TaskInstance: pc_data_dag.read_excel_file manual__2023-01-19T09:30:10.396102+00:00 [running]> on host 742349a45a57
[2023-01-19T09:30:18.231+0000] {taskinstance.py:1513} INFO - Exporting the following env vars:
AIRFLOW_CTX_DAG_OWNER=malo
AIRFLOW_CTX_DAG_ID=pc_data_dag
AIRFLOW_CTX_TASK_ID=read_excel_file
AIRFLOW_CTX_EXECUTION_DATE=2023-01-19T09:30:10.396102+00:00
AIRFLOW_CTX_TRY_NUMBER=1
AIRFLOW_CTX_DAG_RUN_ID=manual__2023-01-19T09:30:10.396102+00:00
[2023-01-19T09:30:18.233+0000] {logging_mixin.py:137} INFO - Begin Projedct
[2023-01-19T09:31:13.132+0000] {logging_mixin.py:137} INFO - Index(['index', 'orgid', 'name', 'website', 'country', 'description',
       'founded', 'industry', 'noemployee'],
      dtype='object')
[2023-01-19T09:31:13.156+0000] {logging_mixin.py:137} INFO - connected
[2023-01-19T09:31:35.936+0000] {logging_mixin.py:137} INFO - inserted to database
[2023-01-19T09:31:36.056+0000] {python.py:177} INFO - Done. Returned value was: None
[2023-01-19T09:31:36.077+0000] {taskinstance.py:1327} INFO - Marking task as SUCCESS. dag_id=pc_data_dag, task_id=read_excel_file, execution_date=20230119T093010, start_date=20230119T093018, end_date=20230119T093136
[2023-01-19T09:31:36.205+0000] {local_task_job.py:159} INFO - Task exited with return code 0
[2023-01-19T09:31:36.235+0000] {taskinstance.py:2582} INFO - 3 downstream tasks scheduled from follow-on schedule check
