[2023-01-12T09:20:33.484+0000] {taskinstance.py:1087} INFO - Dependencies all met for <TaskInstance: our_first_dag.first_task scheduled__2022-02-09T00:00:00+00:00 [queued]>
[2023-01-12T09:20:33.502+0000] {taskinstance.py:1087} INFO - Dependencies all met for <TaskInstance: our_first_dag.first_task scheduled__2022-02-09T00:00:00+00:00 [queued]>
[2023-01-12T09:20:33.504+0000] {taskinstance.py:1283} INFO - 
--------------------------------------------------------------------------------
[2023-01-12T09:20:33.508+0000] {taskinstance.py:1284} INFO - Starting attempt 1 of 6
[2023-01-12T09:20:33.509+0000] {taskinstance.py:1285} INFO - 
--------------------------------------------------------------------------------
[2023-01-12T09:20:33.525+0000] {taskinstance.py:1304} INFO - Executing <Task(BashOperator): first_task> on 2022-02-09 00:00:00+00:00
[2023-01-12T09:20:33.531+0000] {standard_task_runner.py:55} INFO - Started process 5585 to run task
[2023-01-12T09:20:33.540+0000] {standard_task_runner.py:82} INFO - Running: ['***', 'tasks', 'run', 'our_first_dag', 'first_task', 'scheduled__2022-02-09T00:00:00+00:00', '--job-id', '197', '--raw', '--subdir', 'DAGS_FOLDER/our_first_dag.py', '--cfg-path', '/tmp/tmp81fu5_ax']
[2023-01-12T09:20:33.550+0000] {standard_task_runner.py:83} INFO - Job 197: Subtask first_task
[2023-01-12T09:20:33.647+0000] {task_command.py:389} INFO - Running <TaskInstance: our_first_dag.first_task scheduled__2022-02-09T00:00:00+00:00 [running]> on host aa6ae62f6248
[2023-01-12T09:20:33.755+0000] {taskinstance.py:1513} INFO - Exporting the following env vars:
AIRFLOW_CTX_DAG_OWNER=malo
AIRFLOW_CTX_DAG_ID=our_first_dag
AIRFLOW_CTX_TASK_ID=first_task
AIRFLOW_CTX_EXECUTION_DATE=2022-02-09T00:00:00+00:00
AIRFLOW_CTX_TRY_NUMBER=1
AIRFLOW_CTX_DAG_RUN_ID=scheduled__2022-02-09T00:00:00+00:00
[2023-01-12T09:20:33.759+0000] {subprocess.py:63} INFO - Tmp dir root location: 
 /tmp
[2023-01-12T09:20:33.763+0000] {subprocess.py:75} INFO - Running command: ['/bin/bash', '-c', 'echo hello word we are here now']
[2023-01-12T09:20:33.820+0000] {subprocess.py:86} INFO - Output:
[2023-01-12T09:20:33.824+0000] {subprocess.py:93} INFO - hello word we are here now
[2023-01-12T09:20:33.826+0000] {subprocess.py:97} INFO - Command exited with return code 0
[2023-01-12T09:20:33.874+0000] {taskinstance.py:1327} INFO - Marking task as SUCCESS. dag_id=our_first_dag, task_id=first_task, execution_date=20220209T000000, start_date=20230112T092033, end_date=20230112T092033
[2023-01-12T09:20:33.961+0000] {local_task_job.py:159} INFO - Task exited with return code 0
[2023-01-12T09:20:33.984+0000] {taskinstance.py:2582} INFO - 0 downstream tasks scheduled from follow-on schedule check
