[2023-01-18T10:41:10.398+0000] {taskinstance.py:1087} INFO - Dependencies all met for <TaskInstance: pc_data_dag.read_excel_file manual__2023-01-18T10:41:09.319736+00:00 [queued]>
[2023-01-18T10:41:10.409+0000] {taskinstance.py:1087} INFO - Dependencies all met for <TaskInstance: pc_data_dag.read_excel_file manual__2023-01-18T10:41:09.319736+00:00 [queued]>
[2023-01-18T10:41:10.410+0000] {taskinstance.py:1283} INFO - 
--------------------------------------------------------------------------------
[2023-01-18T10:41:10.411+0000] {taskinstance.py:1284} INFO - Starting attempt 1 of 6
[2023-01-18T10:41:10.412+0000] {taskinstance.py:1285} INFO - 
--------------------------------------------------------------------------------
[2023-01-18T10:41:10.432+0000] {taskinstance.py:1304} INFO - Executing <Task(PythonOperator): read_excel_file> on 2023-01-18 10:41:09.319736+00:00
[2023-01-18T10:41:10.439+0000] {standard_task_runner.py:55} INFO - Started process 8469 to run task
[2023-01-18T10:41:10.447+0000] {standard_task_runner.py:82} INFO - Running: ['***', 'tasks', 'run', 'pc_data_dag', 'read_excel_file', 'manual__2023-01-18T10:41:09.319736+00:00', '--job-id', '1739', '--raw', '--subdir', 'DAGS_FOLDER/create_dag_with_operator.py', '--cfg-path', '/tmp/tmpt88_jr29']
[2023-01-18T10:41:10.450+0000] {standard_task_runner.py:83} INFO - Job 1739: Subtask read_excel_file
[2023-01-18T10:41:10.540+0000] {task_command.py:389} INFO - Running <TaskInstance: pc_data_dag.read_excel_file manual__2023-01-18T10:41:09.319736+00:00 [running]> on host 7af0b5bef0dd
[2023-01-18T10:41:10.624+0000] {taskinstance.py:1513} INFO - Exporting the following env vars:
AIRFLOW_CTX_DAG_OWNER=malo
AIRFLOW_CTX_DAG_ID=pc_data_dag
AIRFLOW_CTX_TASK_ID=read_excel_file
AIRFLOW_CTX_EXECUTION_DATE=2023-01-18T10:41:09.319736+00:00
AIRFLOW_CTX_TRY_NUMBER=1
AIRFLOW_CTX_DAG_RUN_ID=manual__2023-01-18T10:41:09.319736+00:00
[2023-01-18T10:41:10.627+0000] {logging_mixin.py:137} INFO - Begin Projedct
[2023-01-18T10:41:45.613+0000] {logging_mixin.py:137} INFO - Index(['index', 'orgid', 'name', 'website', 'country', 'description',
       'founded', 'industry', 'noemployee'],
      dtype='object')
[2023-01-18T10:41:45.622+0000] {logging_mixin.py:137} INFO - connected
[2023-01-18T10:41:59.189+0000] {logging_mixin.py:137} INFO - inserted to database
[2023-01-18T10:41:59.286+0000] {python.py:177} INFO - Done. Returned value was: None
[2023-01-18T10:41:59.303+0000] {taskinstance.py:1327} INFO - Marking task as SUCCESS. dag_id=pc_data_dag, task_id=read_excel_file, execution_date=20230118T104109, start_date=20230118T104110, end_date=20230118T104159
[2023-01-18T10:41:59.448+0000] {local_task_job.py:159} INFO - Task exited with return code 0
[2023-01-18T10:41:59.471+0000] {taskinstance.py:2582} INFO - 0 downstream tasks scheduled from follow-on schedule check
