[2023-01-12T09:21:45.052+0000] {taskinstance.py:1087} INFO - Dependencies all met for <TaskInstance: our_first_dag.first_task scheduled__2022-06-29T00:00:00+00:00 [queued]>
[2023-01-12T09:21:45.078+0000] {taskinstance.py:1087} INFO - Dependencies all met for <TaskInstance: our_first_dag.first_task scheduled__2022-06-29T00:00:00+00:00 [queued]>
[2023-01-12T09:21:45.080+0000] {taskinstance.py:1283} INFO - 
--------------------------------------------------------------------------------
[2023-01-12T09:21:45.082+0000] {taskinstance.py:1284} INFO - Starting attempt 1 of 6
[2023-01-12T09:21:45.083+0000] {taskinstance.py:1285} INFO - 
--------------------------------------------------------------------------------
[2023-01-12T09:21:45.114+0000] {taskinstance.py:1304} INFO - Executing <Task(BashOperator): first_task> on 2022-06-29 00:00:00+00:00
[2023-01-12T09:21:45.119+0000] {standard_task_runner.py:55} INFO - Started process 6076 to run task
[2023-01-12T09:21:45.134+0000] {standard_task_runner.py:82} INFO - Running: ['***', 'tasks', 'run', 'our_first_dag', 'first_task', 'scheduled__2022-06-29T00:00:00+00:00', '--job-id', '337', '--raw', '--subdir', 'DAGS_FOLDER/our_first_dag.py', '--cfg-path', '/tmp/tmptplii_ad']
[2023-01-12T09:21:45.138+0000] {standard_task_runner.py:83} INFO - Job 337: Subtask first_task
[2023-01-12T09:21:45.345+0000] {task_command.py:389} INFO - Running <TaskInstance: our_first_dag.first_task scheduled__2022-06-29T00:00:00+00:00 [running]> on host aa6ae62f6248
[2023-01-12T09:21:45.557+0000] {taskinstance.py:1513} INFO - Exporting the following env vars:
AIRFLOW_CTX_DAG_OWNER=malo
AIRFLOW_CTX_DAG_ID=our_first_dag
AIRFLOW_CTX_TASK_ID=first_task
AIRFLOW_CTX_EXECUTION_DATE=2022-06-29T00:00:00+00:00
AIRFLOW_CTX_TRY_NUMBER=1
AIRFLOW_CTX_DAG_RUN_ID=scheduled__2022-06-29T00:00:00+00:00
[2023-01-12T09:21:45.562+0000] {subprocess.py:63} INFO - Tmp dir root location: 
 /tmp
[2023-01-12T09:21:45.565+0000] {subprocess.py:75} INFO - Running command: ['/bin/bash', '-c', 'echo hello word we are here now']
[2023-01-12T09:21:45.623+0000] {subprocess.py:86} INFO - Output:
[2023-01-12T09:21:45.627+0000] {subprocess.py:93} INFO - hello word we are here now
[2023-01-12T09:21:45.628+0000] {subprocess.py:97} INFO - Command exited with return code 0
[2023-01-12T09:21:45.674+0000] {taskinstance.py:1327} INFO - Marking task as SUCCESS. dag_id=our_first_dag, task_id=first_task, execution_date=20220629T000000, start_date=20230112T092145, end_date=20230112T092145
[2023-01-12T09:21:45.795+0000] {local_task_job.py:159} INFO - Task exited with return code 0
[2023-01-12T09:21:45.877+0000] {taskinstance.py:2582} INFO - 0 downstream tasks scheduled from follow-on schedule check
