[2023-01-19T09:43:31.495+0000] {taskinstance.py:1087} INFO - Dependencies all met for <TaskInstance: pc_data_dag.insert_companiespercountry manual__2023-01-18T14:05:54.647572+00:00 [queued]>
[2023-01-19T09:43:31.551+0000] {taskinstance.py:1087} INFO - Dependencies all met for <TaskInstance: pc_data_dag.insert_companiespercountry manual__2023-01-18T14:05:54.647572+00:00 [queued]>
[2023-01-19T09:43:31.552+0000] {taskinstance.py:1283} INFO - 
--------------------------------------------------------------------------------
[2023-01-19T09:43:31.553+0000] {taskinstance.py:1284} INFO - Starting attempt 3 of 8
[2023-01-19T09:43:31.553+0000] {taskinstance.py:1285} INFO - 
--------------------------------------------------------------------------------
[2023-01-19T09:43:31.588+0000] {taskinstance.py:1304} INFO - Executing <Task(PythonOperator): insert_companiespercountry> on 2023-01-18 14:05:54.647572+00:00
[2023-01-19T09:43:31.614+0000] {standard_task_runner.py:55} INFO - Started process 1391 to run task
[2023-01-19T09:43:31.672+0000] {standard_task_runner.py:82} INFO - Running: ['***', 'tasks', 'run', 'pc_data_dag', 'insert_companiespercountry', 'manual__2023-01-18T14:05:54.647572+00:00', '--job-id', '1811', '--raw', '--subdir', 'DAGS_FOLDER/create_dag_with_operator.py', '--cfg-path', '/tmp/tmpf7vxr7fn']
[2023-01-19T09:43:31.706+0000] {standard_task_runner.py:83} INFO - Job 1811: Subtask insert_companiespercountry
[2023-01-19T09:43:32.413+0000] {task_command.py:389} INFO - Running <TaskInstance: pc_data_dag.insert_companiespercountry manual__2023-01-18T14:05:54.647572+00:00 [running]> on host 742349a45a57
[2023-01-19T09:43:32.905+0000] {taskinstance.py:1513} INFO - Exporting the following env vars:
AIRFLOW_CTX_DAG_OWNER=malo
AIRFLOW_CTX_DAG_ID=pc_data_dag
AIRFLOW_CTX_TASK_ID=insert_companiespercountry
AIRFLOW_CTX_EXECUTION_DATE=2023-01-18T14:05:54.647572+00:00
AIRFLOW_CTX_TRY_NUMBER=3
AIRFLOW_CTX_DAG_RUN_ID=manual__2023-01-18T14:05:54.647572+00:00
[2023-01-19T09:43:32.982+0000] {logging_mixin.py:137} INFO - connected
[2023-01-19T09:43:33.066+0000] {logging_mixin.py:137} INFO - Empty DataFrame
Columns: [country, totalcompanies]
Index: []
[2023-01-19T09:43:33.353+0000] {logging_mixin.py:137} INFO - inserted to database
[2023-01-19T09:43:33.355+0000] {python.py:177} INFO - Done. Returned value was: None
[2023-01-19T09:43:33.397+0000] {taskinstance.py:1327} INFO - Marking task as SUCCESS. dag_id=pc_data_dag, task_id=insert_companiespercountry, execution_date=20230118T140554, start_date=20230119T094331, end_date=20230119T094333
[2023-01-19T09:43:33.724+0000] {local_task_job.py:159} INFO - Task exited with return code 0
[2023-01-19T09:43:33.879+0000] {taskinstance.py:2582} INFO - 0 downstream tasks scheduled from follow-on schedule check
