[2023-01-19T09:39:13.800+0000] {taskinstance.py:1087} INFO - Dependencies all met for <TaskInstance: pc_data_dag.insert_foundedcompanies manual__2023-01-18T14:05:54.647572+00:00 [queued]>
[2023-01-19T09:39:13.853+0000] {taskinstance.py:1087} INFO - Dependencies all met for <TaskInstance: pc_data_dag.insert_foundedcompanies manual__2023-01-18T14:05:54.647572+00:00 [queued]>
[2023-01-19T09:39:13.854+0000] {taskinstance.py:1283} INFO - 
--------------------------------------------------------------------------------
[2023-01-19T09:39:13.855+0000] {taskinstance.py:1284} INFO - Starting attempt 2 of 7
[2023-01-19T09:39:13.856+0000] {taskinstance.py:1285} INFO - 
--------------------------------------------------------------------------------
[2023-01-19T09:39:13.903+0000] {taskinstance.py:1304} INFO - Executing <Task(PythonOperator): insert_foundedcompanies> on 2023-01-18 14:05:54.647572+00:00
[2023-01-19T09:39:13.947+0000] {standard_task_runner.py:55} INFO - Started process 1059 to run task
[2023-01-19T09:39:13.973+0000] {standard_task_runner.py:82} INFO - Running: ['***', 'tasks', 'run', 'pc_data_dag', 'insert_foundedcompanies', 'manual__2023-01-18T14:05:54.647572+00:00', '--job-id', '1797', '--raw', '--subdir', 'DAGS_FOLDER/create_dag_with_operator.py', '--cfg-path', '/tmp/tmpj8w91262']
[2023-01-19T09:39:13.985+0000] {standard_task_runner.py:83} INFO - Job 1797: Subtask insert_foundedcompanies
[2023-01-19T09:39:14.760+0000] {task_command.py:389} INFO - Running <TaskInstance: pc_data_dag.insert_foundedcompanies manual__2023-01-18T14:05:54.647572+00:00 [running]> on host 742349a45a57
[2023-01-19T09:39:15.306+0000] {taskinstance.py:1513} INFO - Exporting the following env vars:
AIRFLOW_CTX_DAG_OWNER=malo
AIRFLOW_CTX_DAG_ID=pc_data_dag
AIRFLOW_CTX_TASK_ID=insert_foundedcompanies
AIRFLOW_CTX_EXECUTION_DATE=2023-01-18T14:05:54.647572+00:00
AIRFLOW_CTX_TRY_NUMBER=2
AIRFLOW_CTX_DAG_RUN_ID=manual__2023-01-18T14:05:54.647572+00:00
[2023-01-19T09:39:15.330+0000] {logging_mixin.py:137} INFO - connected
[2023-01-19T09:39:15.472+0000] {logging_mixin.py:137} INFO - Empty DataFrame
Columns: [founded, totalcompanies]
Index: []
[2023-01-19T09:39:15.606+0000] {logging_mixin.py:137} INFO - inserted to database
[2023-01-19T09:39:15.612+0000] {python.py:177} INFO - Done. Returned value was: None
[2023-01-19T09:39:15.665+0000] {taskinstance.py:1327} INFO - Marking task as SUCCESS. dag_id=pc_data_dag, task_id=insert_foundedcompanies, execution_date=20230118T140554, start_date=20230119T093913, end_date=20230119T093915
[2023-01-19T09:39:15.807+0000] {local_task_job.py:159} INFO - Task exited with return code 0
[2023-01-19T09:39:15.917+0000] {taskinstance.py:2582} INFO - 0 downstream tasks scheduled from follow-on schedule check
