[2023-01-12T07:27:06.741+0000] {processor.py:153} INFO - Started process (PID=55) to work on /home/airflow/.local/lib/python3.7/site-packages/airflow/example_dags/example_branch_operator_decorator.py
[2023-01-12T07:27:06.743+0000] {processor.py:743} INFO - Processing file /home/airflow/.local/lib/python3.7/site-packages/airflow/example_dags/example_branch_operator_decorator.py for tasks to queue
[2023-01-12T07:27:06.745+0000] {logging_mixin.py:137} INFO - [2023-01-12T07:27:06.745+0000] {dagbag.py:538} INFO - Filling up the DagBag from /home/airflow/.local/lib/python3.7/site-packages/airflow/example_dags/example_branch_operator_decorator.py
[2023-01-12T07:27:06.777+0000] {processor.py:753} INFO - DAG(s) dict_keys(['example_branch_python_operator_decorator']) retrieved from /home/airflow/.local/lib/python3.7/site-packages/airflow/example_dags/example_branch_operator_decorator.py
[2023-01-12T07:27:06.834+0000] {logging_mixin.py:137} INFO - [2023-01-12T07:27:06.834+0000] {dag.py:2676} INFO - Sync 1 DAGs
[2023-01-12T07:27:06.862+0000] {logging_mixin.py:137} INFO - [2023-01-12T07:27:06.862+0000] {dag.py:3427} INFO - Setting next_dagrun for example_branch_python_operator_decorator to 2023-01-11T00:00:00+00:00, run_after=2023-01-12T00:00:00+00:00
[2023-01-12T07:27:06.885+0000] {processor.py:175} INFO - Processing /home/airflow/.local/lib/python3.7/site-packages/airflow/example_dags/example_branch_operator_decorator.py took 0.148 seconds
[2023-01-12T07:27:36.969+0000] {processor.py:153} INFO - Started process (PID=129) to work on /home/airflow/.local/lib/python3.7/site-packages/airflow/example_dags/example_branch_operator_decorator.py
[2023-01-12T07:27:36.971+0000] {processor.py:743} INFO - Processing file /home/airflow/.local/lib/python3.7/site-packages/airflow/example_dags/example_branch_operator_decorator.py for tasks to queue
[2023-01-12T07:27:36.972+0000] {logging_mixin.py:137} INFO - [2023-01-12T07:27:36.972+0000] {dagbag.py:538} INFO - Filling up the DagBag from /home/airflow/.local/lib/python3.7/site-packages/airflow/example_dags/example_branch_operator_decorator.py
[2023-01-12T07:27:36.992+0000] {processor.py:753} INFO - DAG(s) dict_keys(['example_branch_python_operator_decorator']) retrieved from /home/airflow/.local/lib/python3.7/site-packages/airflow/example_dags/example_branch_operator_decorator.py
[2023-01-12T07:27:37.021+0000] {logging_mixin.py:137} INFO - [2023-01-12T07:27:37.021+0000] {dag.py:2676} INFO - Sync 1 DAGs
[2023-01-12T07:27:37.040+0000] {logging_mixin.py:137} INFO - [2023-01-12T07:27:37.040+0000] {dag.py:3427} INFO - Setting next_dagrun for example_branch_python_operator_decorator to 2023-01-11T00:00:00+00:00, run_after=2023-01-12T00:00:00+00:00
[2023-01-12T07:27:37.054+0000] {processor.py:175} INFO - Processing /home/airflow/.local/lib/python3.7/site-packages/airflow/example_dags/example_branch_operator_decorator.py took 0.087 seconds
[2023-01-12T07:28:07.896+0000] {processor.py:153} INFO - Started process (PID=201) to work on /home/airflow/.local/lib/python3.7/site-packages/airflow/example_dags/example_branch_operator_decorator.py
[2023-01-12T07:28:07.899+0000] {processor.py:743} INFO - Processing file /home/airflow/.local/lib/python3.7/site-packages/airflow/example_dags/example_branch_operator_decorator.py for tasks to queue
[2023-01-12T07:28:07.900+0000] {logging_mixin.py:137} INFO - [2023-01-12T07:28:07.900+0000] {dagbag.py:538} INFO - Filling up the DagBag from /home/airflow/.local/lib/python3.7/site-packages/airflow/example_dags/example_branch_operator_decorator.py
[2023-01-12T07:28:07.925+0000] {processor.py:753} INFO - DAG(s) dict_keys(['example_branch_python_operator_decorator']) retrieved from /home/airflow/.local/lib/python3.7/site-packages/airflow/example_dags/example_branch_operator_decorator.py
[2023-01-12T07:28:07.958+0000] {logging_mixin.py:137} INFO - [2023-01-12T07:28:07.958+0000] {dag.py:2676} INFO - Sync 1 DAGs
[2023-01-12T07:28:07.981+0000] {logging_mixin.py:137} INFO - [2023-01-12T07:28:07.981+0000] {dag.py:3427} INFO - Setting next_dagrun for example_branch_python_operator_decorator to 2023-01-11T00:00:00+00:00, run_after=2023-01-12T00:00:00+00:00
[2023-01-12T07:28:08.004+0000] {processor.py:175} INFO - Processing /home/airflow/.local/lib/python3.7/site-packages/airflow/example_dags/example_branch_operator_decorator.py took 0.111 seconds
[2023-01-12T07:28:38.435+0000] {processor.py:153} INFO - Started process (PID=263) to work on /home/airflow/.local/lib/python3.7/site-packages/airflow/example_dags/example_branch_operator_decorator.py
[2023-01-12T07:28:38.437+0000] {processor.py:743} INFO - Processing file /home/airflow/.local/lib/python3.7/site-packages/airflow/example_dags/example_branch_operator_decorator.py for tasks to queue
[2023-01-12T07:28:38.438+0000] {logging_mixin.py:137} INFO - [2023-01-12T07:28:38.438+0000] {dagbag.py:538} INFO - Filling up the DagBag from /home/airflow/.local/lib/python3.7/site-packages/airflow/example_dags/example_branch_operator_decorator.py
[2023-01-12T07:28:38.459+0000] {processor.py:753} INFO - DAG(s) dict_keys(['example_branch_python_operator_decorator']) retrieved from /home/airflow/.local/lib/python3.7/site-packages/airflow/example_dags/example_branch_operator_decorator.py
[2023-01-12T07:28:38.490+0000] {logging_mixin.py:137} INFO - [2023-01-12T07:28:38.490+0000] {dag.py:2676} INFO - Sync 1 DAGs
[2023-01-12T07:28:38.510+0000] {logging_mixin.py:137} INFO - [2023-01-12T07:28:38.510+0000] {dag.py:3427} INFO - Setting next_dagrun for example_branch_python_operator_decorator to 2023-01-11T00:00:00+00:00, run_after=2023-01-12T00:00:00+00:00
[2023-01-12T07:28:38.526+0000] {processor.py:175} INFO - Processing /home/airflow/.local/lib/python3.7/site-packages/airflow/example_dags/example_branch_operator_decorator.py took 0.094 seconds
[2023-01-12T07:29:09.121+0000] {processor.py:153} INFO - Started process (PID=337) to work on /home/airflow/.local/lib/python3.7/site-packages/airflow/example_dags/example_branch_operator_decorator.py
[2023-01-12T07:29:09.122+0000] {processor.py:743} INFO - Processing file /home/airflow/.local/lib/python3.7/site-packages/airflow/example_dags/example_branch_operator_decorator.py for tasks to queue
[2023-01-12T07:29:09.124+0000] {logging_mixin.py:137} INFO - [2023-01-12T07:29:09.124+0000] {dagbag.py:538} INFO - Filling up the DagBag from /home/airflow/.local/lib/python3.7/site-packages/airflow/example_dags/example_branch_operator_decorator.py
[2023-01-12T07:29:09.145+0000] {processor.py:753} INFO - DAG(s) dict_keys(['example_branch_python_operator_decorator']) retrieved from /home/airflow/.local/lib/python3.7/site-packages/airflow/example_dags/example_branch_operator_decorator.py
[2023-01-12T07:29:09.177+0000] {logging_mixin.py:137} INFO - [2023-01-12T07:29:09.176+0000] {dag.py:2676} INFO - Sync 1 DAGs
[2023-01-12T07:29:09.197+0000] {logging_mixin.py:137} INFO - [2023-01-12T07:29:09.196+0000] {dag.py:3427} INFO - Setting next_dagrun for example_branch_python_operator_decorator to 2023-01-11T00:00:00+00:00, run_after=2023-01-12T00:00:00+00:00
[2023-01-12T07:29:09.210+0000] {processor.py:175} INFO - Processing /home/airflow/.local/lib/python3.7/site-packages/airflow/example_dags/example_branch_operator_decorator.py took 0.092 seconds
[2023-01-12T07:29:39.803+0000] {processor.py:153} INFO - Started process (PID=406) to work on /home/airflow/.local/lib/python3.7/site-packages/airflow/example_dags/example_branch_operator_decorator.py
[2023-01-12T07:29:39.804+0000] {processor.py:743} INFO - Processing file /home/airflow/.local/lib/python3.7/site-packages/airflow/example_dags/example_branch_operator_decorator.py for tasks to queue
[2023-01-12T07:29:39.810+0000] {logging_mixin.py:137} INFO - [2023-01-12T07:29:39.810+0000] {dagbag.py:538} INFO - Filling up the DagBag from /home/airflow/.local/lib/python3.7/site-packages/airflow/example_dags/example_branch_operator_decorator.py
[2023-01-12T07:29:39.836+0000] {processor.py:753} INFO - DAG(s) dict_keys(['example_branch_python_operator_decorator']) retrieved from /home/airflow/.local/lib/python3.7/site-packages/airflow/example_dags/example_branch_operator_decorator.py
[2023-01-12T07:29:39.868+0000] {logging_mixin.py:137} INFO - [2023-01-12T07:29:39.868+0000] {dag.py:2676} INFO - Sync 1 DAGs
[2023-01-12T07:29:39.892+0000] {logging_mixin.py:137} INFO - [2023-01-12T07:29:39.891+0000] {dag.py:3427} INFO - Setting next_dagrun for example_branch_python_operator_decorator to 2023-01-11T00:00:00+00:00, run_after=2023-01-12T00:00:00+00:00
[2023-01-12T07:29:39.912+0000] {processor.py:175} INFO - Processing /home/airflow/.local/lib/python3.7/site-packages/airflow/example_dags/example_branch_operator_decorator.py took 0.112 seconds
[2023-01-12T07:30:10.517+0000] {processor.py:153} INFO - Started process (PID=474) to work on /home/airflow/.local/lib/python3.7/site-packages/airflow/example_dags/example_branch_operator_decorator.py
[2023-01-12T07:30:10.519+0000] {processor.py:743} INFO - Processing file /home/airflow/.local/lib/python3.7/site-packages/airflow/example_dags/example_branch_operator_decorator.py for tasks to queue
[2023-01-12T07:30:10.520+0000] {logging_mixin.py:137} INFO - [2023-01-12T07:30:10.520+0000] {dagbag.py:538} INFO - Filling up the DagBag from /home/airflow/.local/lib/python3.7/site-packages/airflow/example_dags/example_branch_operator_decorator.py
[2023-01-12T07:30:10.542+0000] {processor.py:753} INFO - DAG(s) dict_keys(['example_branch_python_operator_decorator']) retrieved from /home/airflow/.local/lib/python3.7/site-packages/airflow/example_dags/example_branch_operator_decorator.py
[2023-01-12T07:30:10.577+0000] {logging_mixin.py:137} INFO - [2023-01-12T07:30:10.577+0000] {dag.py:2676} INFO - Sync 1 DAGs
[2023-01-12T07:30:10.597+0000] {logging_mixin.py:137} INFO - [2023-01-12T07:30:10.597+0000] {dag.py:3427} INFO - Setting next_dagrun for example_branch_python_operator_decorator to 2023-01-11T00:00:00+00:00, run_after=2023-01-12T00:00:00+00:00
[2023-01-12T07:30:10.614+0000] {processor.py:175} INFO - Processing /home/airflow/.local/lib/python3.7/site-packages/airflow/example_dags/example_branch_operator_decorator.py took 0.100 seconds
[2023-01-12T07:30:41.331+0000] {processor.py:153} INFO - Started process (PID=549) to work on /home/airflow/.local/lib/python3.7/site-packages/airflow/example_dags/example_branch_operator_decorator.py
[2023-01-12T07:30:41.333+0000] {processor.py:743} INFO - Processing file /home/airflow/.local/lib/python3.7/site-packages/airflow/example_dags/example_branch_operator_decorator.py for tasks to queue
[2023-01-12T07:30:41.334+0000] {logging_mixin.py:137} INFO - [2023-01-12T07:30:41.334+0000] {dagbag.py:538} INFO - Filling up the DagBag from /home/airflow/.local/lib/python3.7/site-packages/airflow/example_dags/example_branch_operator_decorator.py
[2023-01-12T07:30:41.354+0000] {processor.py:753} INFO - DAG(s) dict_keys(['example_branch_python_operator_decorator']) retrieved from /home/airflow/.local/lib/python3.7/site-packages/airflow/example_dags/example_branch_operator_decorator.py
[2023-01-12T07:30:41.385+0000] {logging_mixin.py:137} INFO - [2023-01-12T07:30:41.385+0000] {dag.py:2676} INFO - Sync 1 DAGs
[2023-01-12T07:30:41.405+0000] {logging_mixin.py:137} INFO - [2023-01-12T07:30:41.405+0000] {dag.py:3427} INFO - Setting next_dagrun for example_branch_python_operator_decorator to 2023-01-11T00:00:00+00:00, run_after=2023-01-12T00:00:00+00:00
[2023-01-12T07:30:41.422+0000] {processor.py:175} INFO - Processing /home/airflow/.local/lib/python3.7/site-packages/airflow/example_dags/example_branch_operator_decorator.py took 0.094 seconds
[2023-01-12T07:31:11.796+0000] {processor.py:153} INFO - Started process (PID=610) to work on /home/airflow/.local/lib/python3.7/site-packages/airflow/example_dags/example_branch_operator_decorator.py
[2023-01-12T07:31:11.798+0000] {processor.py:743} INFO - Processing file /home/airflow/.local/lib/python3.7/site-packages/airflow/example_dags/example_branch_operator_decorator.py for tasks to queue
[2023-01-12T07:31:11.800+0000] {logging_mixin.py:137} INFO - [2023-01-12T07:31:11.800+0000] {dagbag.py:538} INFO - Filling up the DagBag from /home/airflow/.local/lib/python3.7/site-packages/airflow/example_dags/example_branch_operator_decorator.py
[2023-01-12T07:31:11.821+0000] {processor.py:753} INFO - DAG(s) dict_keys(['example_branch_python_operator_decorator']) retrieved from /home/airflow/.local/lib/python3.7/site-packages/airflow/example_dags/example_branch_operator_decorator.py
[2023-01-12T07:31:11.860+0000] {logging_mixin.py:137} INFO - [2023-01-12T07:31:11.860+0000] {dag.py:2676} INFO - Sync 1 DAGs
[2023-01-12T07:31:11.880+0000] {logging_mixin.py:137} INFO - [2023-01-12T07:31:11.880+0000] {dag.py:3427} INFO - Setting next_dagrun for example_branch_python_operator_decorator to 2023-01-11T00:00:00+00:00, run_after=2023-01-12T00:00:00+00:00
[2023-01-12T07:31:11.895+0000] {processor.py:175} INFO - Processing /home/airflow/.local/lib/python3.7/site-packages/airflow/example_dags/example_branch_operator_decorator.py took 0.103 seconds
[2023-01-12T07:31:42.630+0000] {processor.py:153} INFO - Started process (PID=684) to work on /home/airflow/.local/lib/python3.7/site-packages/airflow/example_dags/example_branch_operator_decorator.py
[2023-01-12T07:31:42.632+0000] {processor.py:743} INFO - Processing file /home/airflow/.local/lib/python3.7/site-packages/airflow/example_dags/example_branch_operator_decorator.py for tasks to queue
[2023-01-12T07:31:42.633+0000] {logging_mixin.py:137} INFO - [2023-01-12T07:31:42.633+0000] {dagbag.py:538} INFO - Filling up the DagBag from /home/airflow/.local/lib/python3.7/site-packages/airflow/example_dags/example_branch_operator_decorator.py
[2023-01-12T07:31:42.651+0000] {processor.py:753} INFO - DAG(s) dict_keys(['example_branch_python_operator_decorator']) retrieved from /home/airflow/.local/lib/python3.7/site-packages/airflow/example_dags/example_branch_operator_decorator.py
[2023-01-12T07:31:42.682+0000] {logging_mixin.py:137} INFO - [2023-01-12T07:31:42.681+0000] {dag.py:2676} INFO - Sync 1 DAGs
[2023-01-12T07:31:42.701+0000] {logging_mixin.py:137} INFO - [2023-01-12T07:31:42.701+0000] {dag.py:3427} INFO - Setting next_dagrun for example_branch_python_operator_decorator to 2023-01-11T00:00:00+00:00, run_after=2023-01-12T00:00:00+00:00
[2023-01-12T07:31:42.715+0000] {processor.py:175} INFO - Processing /home/airflow/.local/lib/python3.7/site-packages/airflow/example_dags/example_branch_operator_decorator.py took 0.087 seconds
[2023-01-12T07:32:13.533+0000] {processor.py:153} INFO - Started process (PID=758) to work on /home/airflow/.local/lib/python3.7/site-packages/airflow/example_dags/example_branch_operator_decorator.py
[2023-01-12T07:32:13.535+0000] {processor.py:743} INFO - Processing file /home/airflow/.local/lib/python3.7/site-packages/airflow/example_dags/example_branch_operator_decorator.py for tasks to queue
[2023-01-12T07:32:13.537+0000] {logging_mixin.py:137} INFO - [2023-01-12T07:32:13.536+0000] {dagbag.py:538} INFO - Filling up the DagBag from /home/airflow/.local/lib/python3.7/site-packages/airflow/example_dags/example_branch_operator_decorator.py
[2023-01-12T07:32:13.556+0000] {processor.py:753} INFO - DAG(s) dict_keys(['example_branch_python_operator_decorator']) retrieved from /home/airflow/.local/lib/python3.7/site-packages/airflow/example_dags/example_branch_operator_decorator.py
[2023-01-12T07:32:13.584+0000] {logging_mixin.py:137} INFO - [2023-01-12T07:32:13.584+0000] {dag.py:2676} INFO - Sync 1 DAGs
[2023-01-12T07:32:13.603+0000] {logging_mixin.py:137} INFO - [2023-01-12T07:32:13.603+0000] {dag.py:3427} INFO - Setting next_dagrun for example_branch_python_operator_decorator to 2023-01-11T00:00:00+00:00, run_after=2023-01-12T00:00:00+00:00
[2023-01-12T07:32:13.618+0000] {processor.py:175} INFO - Processing /home/airflow/.local/lib/python3.7/site-packages/airflow/example_dags/example_branch_operator_decorator.py took 0.089 seconds
[2023-01-12T07:32:44.052+0000] {processor.py:153} INFO - Started process (PID=819) to work on /home/airflow/.local/lib/python3.7/site-packages/airflow/example_dags/example_branch_operator_decorator.py
[2023-01-12T07:32:44.054+0000] {processor.py:743} INFO - Processing file /home/airflow/.local/lib/python3.7/site-packages/airflow/example_dags/example_branch_operator_decorator.py for tasks to queue
[2023-01-12T07:32:44.056+0000] {logging_mixin.py:137} INFO - [2023-01-12T07:32:44.056+0000] {dagbag.py:538} INFO - Filling up the DagBag from /home/airflow/.local/lib/python3.7/site-packages/airflow/example_dags/example_branch_operator_decorator.py
[2023-01-12T07:32:44.074+0000] {processor.py:753} INFO - DAG(s) dict_keys(['example_branch_python_operator_decorator']) retrieved from /home/airflow/.local/lib/python3.7/site-packages/airflow/example_dags/example_branch_operator_decorator.py
[2023-01-12T07:32:44.105+0000] {logging_mixin.py:137} INFO - [2023-01-12T07:32:44.105+0000] {dag.py:2676} INFO - Sync 1 DAGs
[2023-01-12T07:32:44.124+0000] {logging_mixin.py:137} INFO - [2023-01-12T07:32:44.124+0000] {dag.py:3427} INFO - Setting next_dagrun for example_branch_python_operator_decorator to 2023-01-11T00:00:00+00:00, run_after=2023-01-12T00:00:00+00:00
[2023-01-12T07:32:44.139+0000] {processor.py:175} INFO - Processing /home/airflow/.local/lib/python3.7/site-packages/airflow/example_dags/example_branch_operator_decorator.py took 0.089 seconds
[2023-01-12T07:33:14.514+0000] {processor.py:153} INFO - Started process (PID=892) to work on /home/airflow/.local/lib/python3.7/site-packages/airflow/example_dags/example_branch_operator_decorator.py
[2023-01-12T07:33:14.516+0000] {processor.py:743} INFO - Processing file /home/airflow/.local/lib/python3.7/site-packages/airflow/example_dags/example_branch_operator_decorator.py for tasks to queue
[2023-01-12T07:33:14.517+0000] {logging_mixin.py:137} INFO - [2023-01-12T07:33:14.517+0000] {dagbag.py:538} INFO - Filling up the DagBag from /home/airflow/.local/lib/python3.7/site-packages/airflow/example_dags/example_branch_operator_decorator.py
[2023-01-12T07:33:14.537+0000] {processor.py:753} INFO - DAG(s) dict_keys(['example_branch_python_operator_decorator']) retrieved from /home/airflow/.local/lib/python3.7/site-packages/airflow/example_dags/example_branch_operator_decorator.py
[2023-01-12T07:33:14.568+0000] {logging_mixin.py:137} INFO - [2023-01-12T07:33:14.568+0000] {dag.py:2676} INFO - Sync 1 DAGs
[2023-01-12T07:33:14.588+0000] {logging_mixin.py:137} INFO - [2023-01-12T07:33:14.588+0000] {dag.py:3427} INFO - Setting next_dagrun for example_branch_python_operator_decorator to 2023-01-11T00:00:00+00:00, run_after=2023-01-12T00:00:00+00:00
[2023-01-12T07:33:14.603+0000] {processor.py:175} INFO - Processing /home/airflow/.local/lib/python3.7/site-packages/airflow/example_dags/example_branch_operator_decorator.py took 0.092 seconds
[2023-01-12T07:33:45.137+0000] {processor.py:153} INFO - Started process (PID=963) to work on /home/airflow/.local/lib/python3.7/site-packages/airflow/example_dags/example_branch_operator_decorator.py
[2023-01-12T07:33:45.140+0000] {processor.py:743} INFO - Processing file /home/airflow/.local/lib/python3.7/site-packages/airflow/example_dags/example_branch_operator_decorator.py for tasks to queue
[2023-01-12T07:33:45.142+0000] {logging_mixin.py:137} INFO - [2023-01-12T07:33:45.142+0000] {dagbag.py:538} INFO - Filling up the DagBag from /home/airflow/.local/lib/python3.7/site-packages/airflow/example_dags/example_branch_operator_decorator.py
[2023-01-12T07:33:45.165+0000] {processor.py:753} INFO - DAG(s) dict_keys(['example_branch_python_operator_decorator']) retrieved from /home/airflow/.local/lib/python3.7/site-packages/airflow/example_dags/example_branch_operator_decorator.py
[2023-01-12T07:33:45.199+0000] {logging_mixin.py:137} INFO - [2023-01-12T07:33:45.198+0000] {dag.py:2676} INFO - Sync 1 DAGs
[2023-01-12T07:33:45.222+0000] {logging_mixin.py:137} INFO - [2023-01-12T07:33:45.222+0000] {dag.py:3427} INFO - Setting next_dagrun for example_branch_python_operator_decorator to 2023-01-11T00:00:00+00:00, run_after=2023-01-12T00:00:00+00:00
[2023-01-12T07:33:45.242+0000] {processor.py:175} INFO - Processing /home/airflow/.local/lib/python3.7/site-packages/airflow/example_dags/example_branch_operator_decorator.py took 0.109 seconds
[2023-01-12T07:34:16.145+0000] {processor.py:153} INFO - Started process (PID=1026) to work on /home/airflow/.local/lib/python3.7/site-packages/airflow/example_dags/example_branch_operator_decorator.py
[2023-01-12T07:34:16.148+0000] {processor.py:743} INFO - Processing file /home/airflow/.local/lib/python3.7/site-packages/airflow/example_dags/example_branch_operator_decorator.py for tasks to queue
[2023-01-12T07:34:16.150+0000] {logging_mixin.py:137} INFO - [2023-01-12T07:34:16.150+0000] {dagbag.py:538} INFO - Filling up the DagBag from /home/airflow/.local/lib/python3.7/site-packages/airflow/example_dags/example_branch_operator_decorator.py
[2023-01-12T07:34:16.170+0000] {processor.py:753} INFO - DAG(s) dict_keys(['example_branch_python_operator_decorator']) retrieved from /home/airflow/.local/lib/python3.7/site-packages/airflow/example_dags/example_branch_operator_decorator.py
[2023-01-12T07:34:16.201+0000] {logging_mixin.py:137} INFO - [2023-01-12T07:34:16.200+0000] {dag.py:2676} INFO - Sync 1 DAGs
[2023-01-12T07:34:16.219+0000] {logging_mixin.py:137} INFO - [2023-01-12T07:34:16.219+0000] {dag.py:3427} INFO - Setting next_dagrun for example_branch_python_operator_decorator to 2023-01-11T00:00:00+00:00, run_after=2023-01-12T00:00:00+00:00
[2023-01-12T07:34:16.233+0000] {processor.py:175} INFO - Processing /home/airflow/.local/lib/python3.7/site-packages/airflow/example_dags/example_branch_operator_decorator.py took 0.092 seconds
[2023-01-12T07:34:46.638+0000] {processor.py:153} INFO - Started process (PID=1099) to work on /home/airflow/.local/lib/python3.7/site-packages/airflow/example_dags/example_branch_operator_decorator.py
[2023-01-12T07:34:46.639+0000] {processor.py:743} INFO - Processing file /home/airflow/.local/lib/python3.7/site-packages/airflow/example_dags/example_branch_operator_decorator.py for tasks to queue
[2023-01-12T07:34:46.641+0000] {logging_mixin.py:137} INFO - [2023-01-12T07:34:46.640+0000] {dagbag.py:538} INFO - Filling up the DagBag from /home/airflow/.local/lib/python3.7/site-packages/airflow/example_dags/example_branch_operator_decorator.py
[2023-01-12T07:34:46.659+0000] {processor.py:753} INFO - DAG(s) dict_keys(['example_branch_python_operator_decorator']) retrieved from /home/airflow/.local/lib/python3.7/site-packages/airflow/example_dags/example_branch_operator_decorator.py
[2023-01-12T07:34:46.688+0000] {logging_mixin.py:137} INFO - [2023-01-12T07:34:46.688+0000] {dag.py:2676} INFO - Sync 1 DAGs
[2023-01-12T07:34:46.705+0000] {logging_mixin.py:137} INFO - [2023-01-12T07:34:46.705+0000] {dag.py:3427} INFO - Setting next_dagrun for example_branch_python_operator_decorator to 2023-01-11T00:00:00+00:00, run_after=2023-01-12T00:00:00+00:00
[2023-01-12T07:34:46.718+0000] {processor.py:175} INFO - Processing /home/airflow/.local/lib/python3.7/site-packages/airflow/example_dags/example_branch_operator_decorator.py took 0.083 seconds
[2023-01-12T07:35:17.666+0000] {processor.py:153} INFO - Started process (PID=1160) to work on /home/airflow/.local/lib/python3.7/site-packages/airflow/example_dags/example_branch_operator_decorator.py
[2023-01-12T07:35:17.668+0000] {processor.py:743} INFO - Processing file /home/airflow/.local/lib/python3.7/site-packages/airflow/example_dags/example_branch_operator_decorator.py for tasks to queue
[2023-01-12T07:35:17.669+0000] {logging_mixin.py:137} INFO - [2023-01-12T07:35:17.669+0000] {dagbag.py:538} INFO - Filling up the DagBag from /home/airflow/.local/lib/python3.7/site-packages/airflow/example_dags/example_branch_operator_decorator.py
[2023-01-12T07:35:17.690+0000] {processor.py:753} INFO - DAG(s) dict_keys(['example_branch_python_operator_decorator']) retrieved from /home/airflow/.local/lib/python3.7/site-packages/airflow/example_dags/example_branch_operator_decorator.py
[2023-01-12T07:35:17.723+0000] {logging_mixin.py:137} INFO - [2023-01-12T07:35:17.723+0000] {dag.py:2676} INFO - Sync 1 DAGs
[2023-01-12T07:35:17.742+0000] {logging_mixin.py:137} INFO - [2023-01-12T07:35:17.742+0000] {dag.py:3427} INFO - Setting next_dagrun for example_branch_python_operator_decorator to 2023-01-11T00:00:00+00:00, run_after=2023-01-12T00:00:00+00:00
[2023-01-12T07:35:17.757+0000] {processor.py:175} INFO - Processing /home/airflow/.local/lib/python3.7/site-packages/airflow/example_dags/example_branch_operator_decorator.py took 0.094 seconds
[2023-01-12T07:35:48.503+0000] {processor.py:153} INFO - Started process (PID=1234) to work on /home/airflow/.local/lib/python3.7/site-packages/airflow/example_dags/example_branch_operator_decorator.py
[2023-01-12T07:35:48.504+0000] {processor.py:743} INFO - Processing file /home/airflow/.local/lib/python3.7/site-packages/airflow/example_dags/example_branch_operator_decorator.py for tasks to queue
[2023-01-12T07:35:48.505+0000] {logging_mixin.py:137} INFO - [2023-01-12T07:35:48.505+0000] {dagbag.py:538} INFO - Filling up the DagBag from /home/airflow/.local/lib/python3.7/site-packages/airflow/example_dags/example_branch_operator_decorator.py
[2023-01-12T07:35:48.525+0000] {processor.py:753} INFO - DAG(s) dict_keys(['example_branch_python_operator_decorator']) retrieved from /home/airflow/.local/lib/python3.7/site-packages/airflow/example_dags/example_branch_operator_decorator.py
[2023-01-12T07:35:48.557+0000] {logging_mixin.py:137} INFO - [2023-01-12T07:35:48.557+0000] {dag.py:2676} INFO - Sync 1 DAGs
[2023-01-12T07:35:48.577+0000] {logging_mixin.py:137} INFO - [2023-01-12T07:35:48.577+0000] {dag.py:3427} INFO - Setting next_dagrun for example_branch_python_operator_decorator to 2023-01-11T00:00:00+00:00, run_after=2023-01-12T00:00:00+00:00
[2023-01-12T07:35:48.592+0000] {processor.py:175} INFO - Processing /home/airflow/.local/lib/python3.7/site-packages/airflow/example_dags/example_branch_operator_decorator.py took 0.093 seconds
[2023-01-12T07:36:19.090+0000] {processor.py:153} INFO - Started process (PID=1309) to work on /home/airflow/.local/lib/python3.7/site-packages/airflow/example_dags/example_branch_operator_decorator.py
[2023-01-12T07:36:19.093+0000] {processor.py:743} INFO - Processing file /home/airflow/.local/lib/python3.7/site-packages/airflow/example_dags/example_branch_operator_decorator.py for tasks to queue
[2023-01-12T07:36:19.094+0000] {logging_mixin.py:137} INFO - [2023-01-12T07:36:19.094+0000] {dagbag.py:538} INFO - Filling up the DagBag from /home/airflow/.local/lib/python3.7/site-packages/airflow/example_dags/example_branch_operator_decorator.py
[2023-01-12T07:36:19.114+0000] {processor.py:753} INFO - DAG(s) dict_keys(['example_branch_python_operator_decorator']) retrieved from /home/airflow/.local/lib/python3.7/site-packages/airflow/example_dags/example_branch_operator_decorator.py
[2023-01-12T07:36:19.144+0000] {logging_mixin.py:137} INFO - [2023-01-12T07:36:19.144+0000] {dag.py:2676} INFO - Sync 1 DAGs
[2023-01-12T07:36:19.164+0000] {logging_mixin.py:137} INFO - [2023-01-12T07:36:19.164+0000] {dag.py:3427} INFO - Setting next_dagrun for example_branch_python_operator_decorator to 2023-01-11T00:00:00+00:00, run_after=2023-01-12T00:00:00+00:00
[2023-01-12T07:36:19.181+0000] {processor.py:175} INFO - Processing /home/airflow/.local/lib/python3.7/site-packages/airflow/example_dags/example_branch_operator_decorator.py took 0.093 seconds
[2023-01-12T07:37:20.082+0000] {processor.py:153} INFO - Started process (PID=55) to work on /home/airflow/.local/lib/python3.7/site-packages/airflow/example_dags/example_branch_operator_decorator.py
[2023-01-12T07:37:20.090+0000] {processor.py:743} INFO - Processing file /home/airflow/.local/lib/python3.7/site-packages/airflow/example_dags/example_branch_operator_decorator.py for tasks to queue
[2023-01-12T07:37:20.094+0000] {logging_mixin.py:137} INFO - [2023-01-12T07:37:20.093+0000] {dagbag.py:538} INFO - Filling up the DagBag from /home/airflow/.local/lib/python3.7/site-packages/airflow/example_dags/example_branch_operator_decorator.py
[2023-01-12T07:37:20.126+0000] {processor.py:753} INFO - DAG(s) dict_keys(['example_branch_python_operator_decorator']) retrieved from /home/airflow/.local/lib/python3.7/site-packages/airflow/example_dags/example_branch_operator_decorator.py
[2023-01-12T07:37:20.152+0000] {logging_mixin.py:137} INFO - [2023-01-12T07:37:20.151+0000] {dag.py:2676} INFO - Sync 1 DAGs
[2023-01-12T07:37:20.200+0000] {logging_mixin.py:137} INFO - [2023-01-12T07:37:20.200+0000] {dag.py:3427} INFO - Setting next_dagrun for example_branch_python_operator_decorator to 2023-01-11T00:00:00+00:00, run_after=2023-01-12T00:00:00+00:00
[2023-01-12T07:37:20.234+0000] {processor.py:175} INFO - Processing /home/airflow/.local/lib/python3.7/site-packages/airflow/example_dags/example_branch_operator_decorator.py took 0.155 seconds
[2023-01-12T07:37:50.582+0000] {processor.py:153} INFO - Started process (PID=129) to work on /home/airflow/.local/lib/python3.7/site-packages/airflow/example_dags/example_branch_operator_decorator.py
[2023-01-12T07:37:50.584+0000] {processor.py:743} INFO - Processing file /home/airflow/.local/lib/python3.7/site-packages/airflow/example_dags/example_branch_operator_decorator.py for tasks to queue
[2023-01-12T07:37:50.586+0000] {logging_mixin.py:137} INFO - [2023-01-12T07:37:50.586+0000] {dagbag.py:538} INFO - Filling up the DagBag from /home/airflow/.local/lib/python3.7/site-packages/airflow/example_dags/example_branch_operator_decorator.py
[2023-01-12T07:37:50.606+0000] {processor.py:753} INFO - DAG(s) dict_keys(['example_branch_python_operator_decorator']) retrieved from /home/airflow/.local/lib/python3.7/site-packages/airflow/example_dags/example_branch_operator_decorator.py
[2023-01-12T07:37:50.636+0000] {logging_mixin.py:137} INFO - [2023-01-12T07:37:50.635+0000] {dag.py:2676} INFO - Sync 1 DAGs
[2023-01-12T07:37:50.654+0000] {logging_mixin.py:137} INFO - [2023-01-12T07:37:50.654+0000] {dag.py:3427} INFO - Setting next_dagrun for example_branch_python_operator_decorator to 2023-01-11T00:00:00+00:00, run_after=2023-01-12T00:00:00+00:00
[2023-01-12T07:37:50.668+0000] {processor.py:175} INFO - Processing /home/airflow/.local/lib/python3.7/site-packages/airflow/example_dags/example_branch_operator_decorator.py took 0.088 seconds
[2023-01-12T07:38:21.538+0000] {processor.py:153} INFO - Started process (PID=203) to work on /home/airflow/.local/lib/python3.7/site-packages/airflow/example_dags/example_branch_operator_decorator.py
[2023-01-12T07:38:21.541+0000] {processor.py:743} INFO - Processing file /home/airflow/.local/lib/python3.7/site-packages/airflow/example_dags/example_branch_operator_decorator.py for tasks to queue
[2023-01-12T07:38:21.542+0000] {logging_mixin.py:137} INFO - [2023-01-12T07:38:21.542+0000] {dagbag.py:538} INFO - Filling up the DagBag from /home/airflow/.local/lib/python3.7/site-packages/airflow/example_dags/example_branch_operator_decorator.py
[2023-01-12T07:38:21.574+0000] {processor.py:753} INFO - DAG(s) dict_keys(['example_branch_python_operator_decorator']) retrieved from /home/airflow/.local/lib/python3.7/site-packages/airflow/example_dags/example_branch_operator_decorator.py
[2023-01-12T07:38:21.619+0000] {logging_mixin.py:137} INFO - [2023-01-12T07:38:21.619+0000] {dag.py:2676} INFO - Sync 1 DAGs
[2023-01-12T07:38:21.642+0000] {logging_mixin.py:137} INFO - [2023-01-12T07:38:21.642+0000] {dag.py:3427} INFO - Setting next_dagrun for example_branch_python_operator_decorator to 2023-01-11T00:00:00+00:00, run_after=2023-01-12T00:00:00+00:00
[2023-01-12T07:38:21.670+0000] {processor.py:175} INFO - Processing /home/airflow/.local/lib/python3.7/site-packages/airflow/example_dags/example_branch_operator_decorator.py took 0.138 seconds
[2023-01-12T07:38:52.118+0000] {processor.py:153} INFO - Started process (PID=266) to work on /home/airflow/.local/lib/python3.7/site-packages/airflow/example_dags/example_branch_operator_decorator.py
[2023-01-12T07:38:52.121+0000] {processor.py:743} INFO - Processing file /home/airflow/.local/lib/python3.7/site-packages/airflow/example_dags/example_branch_operator_decorator.py for tasks to queue
[2023-01-12T07:38:52.122+0000] {logging_mixin.py:137} INFO - [2023-01-12T07:38:52.122+0000] {dagbag.py:538} INFO - Filling up the DagBag from /home/airflow/.local/lib/python3.7/site-packages/airflow/example_dags/example_branch_operator_decorator.py
[2023-01-12T07:38:52.142+0000] {processor.py:753} INFO - DAG(s) dict_keys(['example_branch_python_operator_decorator']) retrieved from /home/airflow/.local/lib/python3.7/site-packages/airflow/example_dags/example_branch_operator_decorator.py
[2023-01-12T07:38:52.174+0000] {logging_mixin.py:137} INFO - [2023-01-12T07:38:52.174+0000] {dag.py:2676} INFO - Sync 1 DAGs
[2023-01-12T07:38:52.194+0000] {logging_mixin.py:137} INFO - [2023-01-12T07:38:52.194+0000] {dag.py:3427} INFO - Setting next_dagrun for example_branch_python_operator_decorator to 2023-01-11T00:00:00+00:00, run_after=2023-01-12T00:00:00+00:00
[2023-01-12T07:38:52.209+0000] {processor.py:175} INFO - Processing /home/airflow/.local/lib/python3.7/site-packages/airflow/example_dags/example_branch_operator_decorator.py took 0.093 seconds
[2023-01-12T07:39:22.746+0000] {processor.py:153} INFO - Started process (PID=340) to work on /home/airflow/.local/lib/python3.7/site-packages/airflow/example_dags/example_branch_operator_decorator.py
[2023-01-12T07:39:22.748+0000] {processor.py:743} INFO - Processing file /home/airflow/.local/lib/python3.7/site-packages/airflow/example_dags/example_branch_operator_decorator.py for tasks to queue
[2023-01-12T07:39:22.749+0000] {logging_mixin.py:137} INFO - [2023-01-12T07:39:22.749+0000] {dagbag.py:538} INFO - Filling up the DagBag from /home/airflow/.local/lib/python3.7/site-packages/airflow/example_dags/example_branch_operator_decorator.py
[2023-01-12T07:39:22.770+0000] {processor.py:753} INFO - DAG(s) dict_keys(['example_branch_python_operator_decorator']) retrieved from /home/airflow/.local/lib/python3.7/site-packages/airflow/example_dags/example_branch_operator_decorator.py
[2023-01-12T07:39:22.799+0000] {logging_mixin.py:137} INFO - [2023-01-12T07:39:22.799+0000] {dag.py:2676} INFO - Sync 1 DAGs
[2023-01-12T07:39:22.819+0000] {logging_mixin.py:137} INFO - [2023-01-12T07:39:22.819+0000] {dag.py:3427} INFO - Setting next_dagrun for example_branch_python_operator_decorator to 2023-01-11T00:00:00+00:00, run_after=2023-01-12T00:00:00+00:00
[2023-01-12T07:39:22.833+0000] {processor.py:175} INFO - Processing /home/airflow/.local/lib/python3.7/site-packages/airflow/example_dags/example_branch_operator_decorator.py took 0.090 seconds
[2023-01-12T07:40:37.388+0000] {processor.py:153} INFO - Started process (PID=55) to work on /home/airflow/.local/lib/python3.7/site-packages/airflow/example_dags/example_branch_operator_decorator.py
[2023-01-12T07:40:37.392+0000] {processor.py:743} INFO - Processing file /home/airflow/.local/lib/python3.7/site-packages/airflow/example_dags/example_branch_operator_decorator.py for tasks to queue
[2023-01-12T07:40:37.394+0000] {logging_mixin.py:137} INFO - [2023-01-12T07:40:37.394+0000] {dagbag.py:538} INFO - Filling up the DagBag from /home/airflow/.local/lib/python3.7/site-packages/airflow/example_dags/example_branch_operator_decorator.py
[2023-01-12T07:40:37.435+0000] {processor.py:753} INFO - DAG(s) dict_keys(['example_branch_python_operator_decorator']) retrieved from /home/airflow/.local/lib/python3.7/site-packages/airflow/example_dags/example_branch_operator_decorator.py
[2023-01-12T07:40:37.478+0000] {logging_mixin.py:137} INFO - [2023-01-12T07:40:37.478+0000] {dag.py:2676} INFO - Sync 1 DAGs
[2023-01-12T07:40:37.509+0000] {logging_mixin.py:137} INFO - [2023-01-12T07:40:37.509+0000] {dag.py:3427} INFO - Setting next_dagrun for example_branch_python_operator_decorator to 2023-01-11T00:00:00+00:00, run_after=2023-01-12T00:00:00+00:00
[2023-01-12T07:40:37.539+0000] {processor.py:175} INFO - Processing /home/airflow/.local/lib/python3.7/site-packages/airflow/example_dags/example_branch_operator_decorator.py took 0.160 seconds
[2023-01-12T07:41:07.583+0000] {processor.py:153} INFO - Started process (PID=132) to work on /home/airflow/.local/lib/python3.7/site-packages/airflow/example_dags/example_branch_operator_decorator.py
[2023-01-12T07:41:07.585+0000] {processor.py:743} INFO - Processing file /home/airflow/.local/lib/python3.7/site-packages/airflow/example_dags/example_branch_operator_decorator.py for tasks to queue
[2023-01-12T07:41:07.586+0000] {logging_mixin.py:137} INFO - [2023-01-12T07:41:07.586+0000] {dagbag.py:538} INFO - Filling up the DagBag from /home/airflow/.local/lib/python3.7/site-packages/airflow/example_dags/example_branch_operator_decorator.py
[2023-01-12T07:41:07.608+0000] {processor.py:753} INFO - DAG(s) dict_keys(['example_branch_python_operator_decorator']) retrieved from /home/airflow/.local/lib/python3.7/site-packages/airflow/example_dags/example_branch_operator_decorator.py
[2023-01-12T07:41:07.636+0000] {logging_mixin.py:137} INFO - [2023-01-12T07:41:07.636+0000] {dag.py:2676} INFO - Sync 1 DAGs
[2023-01-12T07:41:07.654+0000] {logging_mixin.py:137} INFO - [2023-01-12T07:41:07.654+0000] {dag.py:3427} INFO - Setting next_dagrun for example_branch_python_operator_decorator to 2023-01-11T00:00:00+00:00, run_after=2023-01-12T00:00:00+00:00
[2023-01-12T07:41:07.667+0000] {processor.py:175} INFO - Processing /home/airflow/.local/lib/python3.7/site-packages/airflow/example_dags/example_branch_operator_decorator.py took 0.087 seconds
[2023-01-12T07:41:37.855+0000] {processor.py:153} INFO - Started process (PID=202) to work on /home/airflow/.local/lib/python3.7/site-packages/airflow/example_dags/example_branch_operator_decorator.py
[2023-01-12T07:41:37.857+0000] {processor.py:743} INFO - Processing file /home/airflow/.local/lib/python3.7/site-packages/airflow/example_dags/example_branch_operator_decorator.py for tasks to queue
[2023-01-12T07:41:37.858+0000] {logging_mixin.py:137} INFO - [2023-01-12T07:41:37.858+0000] {dagbag.py:538} INFO - Filling up the DagBag from /home/airflow/.local/lib/python3.7/site-packages/airflow/example_dags/example_branch_operator_decorator.py
[2023-01-12T07:41:37.878+0000] {processor.py:753} INFO - DAG(s) dict_keys(['example_branch_python_operator_decorator']) retrieved from /home/airflow/.local/lib/python3.7/site-packages/airflow/example_dags/example_branch_operator_decorator.py
[2023-01-12T07:41:37.909+0000] {logging_mixin.py:137} INFO - [2023-01-12T07:41:37.908+0000] {dag.py:2676} INFO - Sync 1 DAGs
[2023-01-12T07:41:37.929+0000] {logging_mixin.py:137} INFO - [2023-01-12T07:41:37.929+0000] {dag.py:3427} INFO - Setting next_dagrun for example_branch_python_operator_decorator to 2023-01-11T00:00:00+00:00, run_after=2023-01-12T00:00:00+00:00
[2023-01-12T07:41:37.945+0000] {processor.py:175} INFO - Processing /home/airflow/.local/lib/python3.7/site-packages/airflow/example_dags/example_branch_operator_decorator.py took 0.093 seconds
[2023-01-12T07:42:07.998+0000] {processor.py:153} INFO - Started process (PID=267) to work on /home/airflow/.local/lib/python3.7/site-packages/airflow/example_dags/example_branch_operator_decorator.py
[2023-01-12T07:42:07.999+0000] {processor.py:743} INFO - Processing file /home/airflow/.local/lib/python3.7/site-packages/airflow/example_dags/example_branch_operator_decorator.py for tasks to queue
[2023-01-12T07:42:08.001+0000] {logging_mixin.py:137} INFO - [2023-01-12T07:42:08.001+0000] {dagbag.py:538} INFO - Filling up the DagBag from /home/airflow/.local/lib/python3.7/site-packages/airflow/example_dags/example_branch_operator_decorator.py
[2023-01-12T07:42:08.018+0000] {processor.py:753} INFO - DAG(s) dict_keys(['example_branch_python_operator_decorator']) retrieved from /home/airflow/.local/lib/python3.7/site-packages/airflow/example_dags/example_branch_operator_decorator.py
[2023-01-12T07:42:08.049+0000] {logging_mixin.py:137} INFO - [2023-01-12T07:42:08.049+0000] {dag.py:2676} INFO - Sync 1 DAGs
[2023-01-12T07:42:08.067+0000] {logging_mixin.py:137} INFO - [2023-01-12T07:42:08.067+0000] {dag.py:3427} INFO - Setting next_dagrun for example_branch_python_operator_decorator to 2023-01-11T00:00:00+00:00, run_after=2023-01-12T00:00:00+00:00
[2023-01-12T07:42:08.081+0000] {processor.py:175} INFO - Processing /home/airflow/.local/lib/python3.7/site-packages/airflow/example_dags/example_branch_operator_decorator.py took 0.087 seconds
[2023-01-12T07:42:38.739+0000] {processor.py:153} INFO - Started process (PID=343) to work on /home/airflow/.local/lib/python3.7/site-packages/airflow/example_dags/example_branch_operator_decorator.py
[2023-01-12T07:42:38.741+0000] {processor.py:743} INFO - Processing file /home/airflow/.local/lib/python3.7/site-packages/airflow/example_dags/example_branch_operator_decorator.py for tasks to queue
[2023-01-12T07:42:38.743+0000] {logging_mixin.py:137} INFO - [2023-01-12T07:42:38.743+0000] {dagbag.py:538} INFO - Filling up the DagBag from /home/airflow/.local/lib/python3.7/site-packages/airflow/example_dags/example_branch_operator_decorator.py
[2023-01-12T07:42:38.765+0000] {processor.py:753} INFO - DAG(s) dict_keys(['example_branch_python_operator_decorator']) retrieved from /home/airflow/.local/lib/python3.7/site-packages/airflow/example_dags/example_branch_operator_decorator.py
[2023-01-12T07:42:38.794+0000] {logging_mixin.py:137} INFO - [2023-01-12T07:42:38.794+0000] {dag.py:2676} INFO - Sync 1 DAGs
[2023-01-12T07:42:38.814+0000] {logging_mixin.py:137} INFO - [2023-01-12T07:42:38.814+0000] {dag.py:3427} INFO - Setting next_dagrun for example_branch_python_operator_decorator to 2023-01-11T00:00:00+00:00, run_after=2023-01-12T00:00:00+00:00
[2023-01-12T07:42:38.829+0000] {processor.py:175} INFO - Processing /home/airflow/.local/lib/python3.7/site-packages/airflow/example_dags/example_branch_operator_decorator.py took 0.093 seconds
[2023-01-12T07:43:09.372+0000] {processor.py:153} INFO - Started process (PID=405) to work on /home/airflow/.local/lib/python3.7/site-packages/airflow/example_dags/example_branch_operator_decorator.py
[2023-01-12T07:43:09.374+0000] {processor.py:743} INFO - Processing file /home/airflow/.local/lib/python3.7/site-packages/airflow/example_dags/example_branch_operator_decorator.py for tasks to queue
[2023-01-12T07:43:09.375+0000] {logging_mixin.py:137} INFO - [2023-01-12T07:43:09.375+0000] {dagbag.py:538} INFO - Filling up the DagBag from /home/airflow/.local/lib/python3.7/site-packages/airflow/example_dags/example_branch_operator_decorator.py
[2023-01-12T07:43:09.393+0000] {processor.py:753} INFO - DAG(s) dict_keys(['example_branch_python_operator_decorator']) retrieved from /home/airflow/.local/lib/python3.7/site-packages/airflow/example_dags/example_branch_operator_decorator.py
[2023-01-12T07:43:09.423+0000] {logging_mixin.py:137} INFO - [2023-01-12T07:43:09.422+0000] {dag.py:2676} INFO - Sync 1 DAGs
[2023-01-12T07:43:09.440+0000] {logging_mixin.py:137} INFO - [2023-01-12T07:43:09.440+0000] {dag.py:3427} INFO - Setting next_dagrun for example_branch_python_operator_decorator to 2023-01-11T00:00:00+00:00, run_after=2023-01-12T00:00:00+00:00
[2023-01-12T07:43:09.454+0000] {processor.py:175} INFO - Processing /home/airflow/.local/lib/python3.7/site-packages/airflow/example_dags/example_branch_operator_decorator.py took 0.086 seconds
[2023-01-12T07:43:40.193+0000] {processor.py:153} INFO - Started process (PID=477) to work on /home/airflow/.local/lib/python3.7/site-packages/airflow/example_dags/example_branch_operator_decorator.py
[2023-01-12T07:43:40.194+0000] {processor.py:743} INFO - Processing file /home/airflow/.local/lib/python3.7/site-packages/airflow/example_dags/example_branch_operator_decorator.py for tasks to queue
[2023-01-12T07:43:40.196+0000] {logging_mixin.py:137} INFO - [2023-01-12T07:43:40.195+0000] {dagbag.py:538} INFO - Filling up the DagBag from /home/airflow/.local/lib/python3.7/site-packages/airflow/example_dags/example_branch_operator_decorator.py
[2023-01-12T07:43:40.216+0000] {processor.py:753} INFO - DAG(s) dict_keys(['example_branch_python_operator_decorator']) retrieved from /home/airflow/.local/lib/python3.7/site-packages/airflow/example_dags/example_branch_operator_decorator.py
[2023-01-12T07:43:40.247+0000] {logging_mixin.py:137} INFO - [2023-01-12T07:43:40.247+0000] {dag.py:2676} INFO - Sync 1 DAGs
[2023-01-12T07:43:40.267+0000] {logging_mixin.py:137} INFO - [2023-01-12T07:43:40.267+0000] {dag.py:3427} INFO - Setting next_dagrun for example_branch_python_operator_decorator to 2023-01-11T00:00:00+00:00, run_after=2023-01-12T00:00:00+00:00
[2023-01-12T07:43:40.282+0000] {processor.py:175} INFO - Processing /home/airflow/.local/lib/python3.7/site-packages/airflow/example_dags/example_branch_operator_decorator.py took 0.092 seconds
[2023-01-12T07:44:11.330+0000] {processor.py:153} INFO - Started process (PID=551) to work on /home/airflow/.local/lib/python3.7/site-packages/airflow/example_dags/example_branch_operator_decorator.py
[2023-01-12T07:44:11.332+0000] {processor.py:743} INFO - Processing file /home/airflow/.local/lib/python3.7/site-packages/airflow/example_dags/example_branch_operator_decorator.py for tasks to queue
[2023-01-12T07:44:11.333+0000] {logging_mixin.py:137} INFO - [2023-01-12T07:44:11.333+0000] {dagbag.py:538} INFO - Filling up the DagBag from /home/airflow/.local/lib/python3.7/site-packages/airflow/example_dags/example_branch_operator_decorator.py
[2023-01-12T07:44:11.352+0000] {processor.py:753} INFO - DAG(s) dict_keys(['example_branch_python_operator_decorator']) retrieved from /home/airflow/.local/lib/python3.7/site-packages/airflow/example_dags/example_branch_operator_decorator.py
[2023-01-12T07:44:11.385+0000] {logging_mixin.py:137} INFO - [2023-01-12T07:44:11.385+0000] {dag.py:2676} INFO - Sync 1 DAGs
[2023-01-12T07:44:11.405+0000] {logging_mixin.py:137} INFO - [2023-01-12T07:44:11.405+0000] {dag.py:3427} INFO - Setting next_dagrun for example_branch_python_operator_decorator to 2023-01-11T00:00:00+00:00, run_after=2023-01-12T00:00:00+00:00
[2023-01-12T07:44:11.421+0000] {processor.py:175} INFO - Processing /home/airflow/.local/lib/python3.7/site-packages/airflow/example_dags/example_branch_operator_decorator.py took 0.095 seconds
[2023-01-12T07:44:42.037+0000] {processor.py:153} INFO - Started process (PID=613) to work on /home/airflow/.local/lib/python3.7/site-packages/airflow/example_dags/example_branch_operator_decorator.py
[2023-01-12T07:44:42.039+0000] {processor.py:743} INFO - Processing file /home/airflow/.local/lib/python3.7/site-packages/airflow/example_dags/example_branch_operator_decorator.py for tasks to queue
[2023-01-12T07:44:42.041+0000] {logging_mixin.py:137} INFO - [2023-01-12T07:44:42.041+0000] {dagbag.py:538} INFO - Filling up the DagBag from /home/airflow/.local/lib/python3.7/site-packages/airflow/example_dags/example_branch_operator_decorator.py
[2023-01-12T07:44:42.061+0000] {processor.py:753} INFO - DAG(s) dict_keys(['example_branch_python_operator_decorator']) retrieved from /home/airflow/.local/lib/python3.7/site-packages/airflow/example_dags/example_branch_operator_decorator.py
[2023-01-12T07:44:42.093+0000] {logging_mixin.py:137} INFO - [2023-01-12T07:44:42.093+0000] {dag.py:2676} INFO - Sync 1 DAGs
[2023-01-12T07:44:42.120+0000] {logging_mixin.py:137} INFO - [2023-01-12T07:44:42.120+0000] {dag.py:3427} INFO - Setting next_dagrun for example_branch_python_operator_decorator to 2023-01-11T00:00:00+00:00, run_after=2023-01-12T00:00:00+00:00
[2023-01-12T07:44:42.136+0000] {processor.py:175} INFO - Processing /home/airflow/.local/lib/python3.7/site-packages/airflow/example_dags/example_branch_operator_decorator.py took 0.101 seconds
[2023-01-12T07:45:12.534+0000] {processor.py:153} INFO - Started process (PID=688) to work on /home/airflow/.local/lib/python3.7/site-packages/airflow/example_dags/example_branch_operator_decorator.py
[2023-01-12T07:45:12.536+0000] {processor.py:743} INFO - Processing file /home/airflow/.local/lib/python3.7/site-packages/airflow/example_dags/example_branch_operator_decorator.py for tasks to queue
[2023-01-12T07:45:12.538+0000] {logging_mixin.py:137} INFO - [2023-01-12T07:45:12.537+0000] {dagbag.py:538} INFO - Filling up the DagBag from /home/airflow/.local/lib/python3.7/site-packages/airflow/example_dags/example_branch_operator_decorator.py
[2023-01-12T07:45:12.557+0000] {processor.py:753} INFO - DAG(s) dict_keys(['example_branch_python_operator_decorator']) retrieved from /home/airflow/.local/lib/python3.7/site-packages/airflow/example_dags/example_branch_operator_decorator.py
[2023-01-12T07:45:12.590+0000] {logging_mixin.py:137} INFO - [2023-01-12T07:45:12.590+0000] {dag.py:2676} INFO - Sync 1 DAGs
[2023-01-12T07:45:12.611+0000] {logging_mixin.py:137} INFO - [2023-01-12T07:45:12.611+0000] {dag.py:3427} INFO - Setting next_dagrun for example_branch_python_operator_decorator to 2023-01-11T00:00:00+00:00, run_after=2023-01-12T00:00:00+00:00
[2023-01-12T07:45:12.629+0000] {processor.py:175} INFO - Processing /home/airflow/.local/lib/python3.7/site-packages/airflow/example_dags/example_branch_operator_decorator.py took 0.097 seconds
[2023-01-12T07:45:43.503+0000] {processor.py:153} INFO - Started process (PID=762) to work on /home/airflow/.local/lib/python3.7/site-packages/airflow/example_dags/example_branch_operator_decorator.py
[2023-01-12T07:45:43.505+0000] {processor.py:743} INFO - Processing file /home/airflow/.local/lib/python3.7/site-packages/airflow/example_dags/example_branch_operator_decorator.py for tasks to queue
[2023-01-12T07:45:43.507+0000] {logging_mixin.py:137} INFO - [2023-01-12T07:45:43.506+0000] {dagbag.py:538} INFO - Filling up the DagBag from /home/airflow/.local/lib/python3.7/site-packages/airflow/example_dags/example_branch_operator_decorator.py
[2023-01-12T07:45:43.530+0000] {processor.py:753} INFO - DAG(s) dict_keys(['example_branch_python_operator_decorator']) retrieved from /home/airflow/.local/lib/python3.7/site-packages/airflow/example_dags/example_branch_operator_decorator.py
[2023-01-12T07:45:43.574+0000] {logging_mixin.py:137} INFO - [2023-01-12T07:45:43.574+0000] {dag.py:2676} INFO - Sync 1 DAGs
[2023-01-12T07:45:43.602+0000] {logging_mixin.py:137} INFO - [2023-01-12T07:45:43.602+0000] {dag.py:3427} INFO - Setting next_dagrun for example_branch_python_operator_decorator to 2023-01-11T00:00:00+00:00, run_after=2023-01-12T00:00:00+00:00
[2023-01-12T07:45:43.635+0000] {processor.py:175} INFO - Processing /home/airflow/.local/lib/python3.7/site-packages/airflow/example_dags/example_branch_operator_decorator.py took 0.135 seconds
[2023-01-12T07:46:14.385+0000] {processor.py:153} INFO - Started process (PID=824) to work on /home/airflow/.local/lib/python3.7/site-packages/airflow/example_dags/example_branch_operator_decorator.py
[2023-01-12T07:46:14.387+0000] {processor.py:743} INFO - Processing file /home/airflow/.local/lib/python3.7/site-packages/airflow/example_dags/example_branch_operator_decorator.py for tasks to queue
[2023-01-12T07:46:14.388+0000] {logging_mixin.py:137} INFO - [2023-01-12T07:46:14.388+0000] {dagbag.py:538} INFO - Filling up the DagBag from /home/airflow/.local/lib/python3.7/site-packages/airflow/example_dags/example_branch_operator_decorator.py
[2023-01-12T07:46:14.407+0000] {processor.py:753} INFO - DAG(s) dict_keys(['example_branch_python_operator_decorator']) retrieved from /home/airflow/.local/lib/python3.7/site-packages/airflow/example_dags/example_branch_operator_decorator.py
[2023-01-12T07:46:14.437+0000] {logging_mixin.py:137} INFO - [2023-01-12T07:46:14.437+0000] {dag.py:2676} INFO - Sync 1 DAGs
[2023-01-12T07:46:14.455+0000] {logging_mixin.py:137} INFO - [2023-01-12T07:46:14.455+0000] {dag.py:3427} INFO - Setting next_dagrun for example_branch_python_operator_decorator to 2023-01-11T00:00:00+00:00, run_after=2023-01-12T00:00:00+00:00
[2023-01-12T07:46:14.471+0000] {processor.py:175} INFO - Processing /home/airflow/.local/lib/python3.7/site-packages/airflow/example_dags/example_branch_operator_decorator.py took 0.089 seconds
[2023-01-12T07:46:45.057+0000] {processor.py:153} INFO - Started process (PID=899) to work on /home/airflow/.local/lib/python3.7/site-packages/airflow/example_dags/example_branch_operator_decorator.py
[2023-01-12T07:46:45.058+0000] {processor.py:743} INFO - Processing file /home/airflow/.local/lib/python3.7/site-packages/airflow/example_dags/example_branch_operator_decorator.py for tasks to queue
[2023-01-12T07:46:45.060+0000] {logging_mixin.py:137} INFO - [2023-01-12T07:46:45.060+0000] {dagbag.py:538} INFO - Filling up the DagBag from /home/airflow/.local/lib/python3.7/site-packages/airflow/example_dags/example_branch_operator_decorator.py
[2023-01-12T07:46:45.078+0000] {processor.py:753} INFO - DAG(s) dict_keys(['example_branch_python_operator_decorator']) retrieved from /home/airflow/.local/lib/python3.7/site-packages/airflow/example_dags/example_branch_operator_decorator.py
[2023-01-12T07:46:45.108+0000] {logging_mixin.py:137} INFO - [2023-01-12T07:46:45.108+0000] {dag.py:2676} INFO - Sync 1 DAGs
[2023-01-12T07:46:45.129+0000] {logging_mixin.py:137} INFO - [2023-01-12T07:46:45.129+0000] {dag.py:3427} INFO - Setting next_dagrun for example_branch_python_operator_decorator to 2023-01-11T00:00:00+00:00, run_after=2023-01-12T00:00:00+00:00
[2023-01-12T07:46:45.145+0000] {processor.py:175} INFO - Processing /home/airflow/.local/lib/python3.7/site-packages/airflow/example_dags/example_branch_operator_decorator.py took 0.091 seconds
[2023-01-12T07:47:15.843+0000] {processor.py:153} INFO - Started process (PID=961) to work on /home/airflow/.local/lib/python3.7/site-packages/airflow/example_dags/example_branch_operator_decorator.py
[2023-01-12T07:47:15.845+0000] {processor.py:743} INFO - Processing file /home/airflow/.local/lib/python3.7/site-packages/airflow/example_dags/example_branch_operator_decorator.py for tasks to queue
[2023-01-12T07:47:15.847+0000] {logging_mixin.py:137} INFO - [2023-01-12T07:47:15.847+0000] {dagbag.py:538} INFO - Filling up the DagBag from /home/airflow/.local/lib/python3.7/site-packages/airflow/example_dags/example_branch_operator_decorator.py
[2023-01-12T07:47:15.868+0000] {processor.py:753} INFO - DAG(s) dict_keys(['example_branch_python_operator_decorator']) retrieved from /home/airflow/.local/lib/python3.7/site-packages/airflow/example_dags/example_branch_operator_decorator.py
[2023-01-12T07:47:15.900+0000] {logging_mixin.py:137} INFO - [2023-01-12T07:47:15.900+0000] {dag.py:2676} INFO - Sync 1 DAGs
[2023-01-12T07:47:15.922+0000] {logging_mixin.py:137} INFO - [2023-01-12T07:47:15.922+0000] {dag.py:3427} INFO - Setting next_dagrun for example_branch_python_operator_decorator to 2023-01-11T00:00:00+00:00, run_after=2023-01-12T00:00:00+00:00
[2023-01-12T07:47:15.939+0000] {processor.py:175} INFO - Processing /home/airflow/.local/lib/python3.7/site-packages/airflow/example_dags/example_branch_operator_decorator.py took 0.099 seconds
[2023-01-12T07:47:46.123+0000] {processor.py:153} INFO - Started process (PID=1037) to work on /home/airflow/.local/lib/python3.7/site-packages/airflow/example_dags/example_branch_operator_decorator.py
[2023-01-12T07:47:46.125+0000] {processor.py:743} INFO - Processing file /home/airflow/.local/lib/python3.7/site-packages/airflow/example_dags/example_branch_operator_decorator.py for tasks to queue
[2023-01-12T07:47:46.126+0000] {logging_mixin.py:137} INFO - [2023-01-12T07:47:46.126+0000] {dagbag.py:538} INFO - Filling up the DagBag from /home/airflow/.local/lib/python3.7/site-packages/airflow/example_dags/example_branch_operator_decorator.py
[2023-01-12T07:47:46.146+0000] {processor.py:753} INFO - DAG(s) dict_keys(['example_branch_python_operator_decorator']) retrieved from /home/airflow/.local/lib/python3.7/site-packages/airflow/example_dags/example_branch_operator_decorator.py
[2023-01-12T07:47:46.178+0000] {logging_mixin.py:137} INFO - [2023-01-12T07:47:46.178+0000] {dag.py:2676} INFO - Sync 1 DAGs
[2023-01-12T07:47:46.198+0000] {logging_mixin.py:137} INFO - [2023-01-12T07:47:46.198+0000] {dag.py:3427} INFO - Setting next_dagrun for example_branch_python_operator_decorator to 2023-01-11T00:00:00+00:00, run_after=2023-01-12T00:00:00+00:00
[2023-01-12T07:47:46.217+0000] {processor.py:175} INFO - Processing /home/airflow/.local/lib/python3.7/site-packages/airflow/example_dags/example_branch_operator_decorator.py took 0.097 seconds
[2023-01-12T07:48:17.027+0000] {processor.py:153} INFO - Started process (PID=1110) to work on /home/airflow/.local/lib/python3.7/site-packages/airflow/example_dags/example_branch_operator_decorator.py
[2023-01-12T07:48:17.029+0000] {processor.py:743} INFO - Processing file /home/airflow/.local/lib/python3.7/site-packages/airflow/example_dags/example_branch_operator_decorator.py for tasks to queue
[2023-01-12T07:48:17.030+0000] {logging_mixin.py:137} INFO - [2023-01-12T07:48:17.030+0000] {dagbag.py:538} INFO - Filling up the DagBag from /home/airflow/.local/lib/python3.7/site-packages/airflow/example_dags/example_branch_operator_decorator.py
[2023-01-12T07:48:17.053+0000] {processor.py:753} INFO - DAG(s) dict_keys(['example_branch_python_operator_decorator']) retrieved from /home/airflow/.local/lib/python3.7/site-packages/airflow/example_dags/example_branch_operator_decorator.py
[2023-01-12T07:48:17.092+0000] {logging_mixin.py:137} INFO - [2023-01-12T07:48:17.091+0000] {dag.py:2676} INFO - Sync 1 DAGs
[2023-01-12T07:48:17.119+0000] {logging_mixin.py:137} INFO - [2023-01-12T07:48:17.119+0000] {dag.py:3427} INFO - Setting next_dagrun for example_branch_python_operator_decorator to 2023-01-11T00:00:00+00:00, run_after=2023-01-12T00:00:00+00:00
[2023-01-12T07:48:17.136+0000] {processor.py:175} INFO - Processing /home/airflow/.local/lib/python3.7/site-packages/airflow/example_dags/example_branch_operator_decorator.py took 0.112 seconds
[2023-01-12T07:48:47.571+0000] {processor.py:153} INFO - Started process (PID=1171) to work on /home/airflow/.local/lib/python3.7/site-packages/airflow/example_dags/example_branch_operator_decorator.py
[2023-01-12T07:48:47.574+0000] {processor.py:743} INFO - Processing file /home/airflow/.local/lib/python3.7/site-packages/airflow/example_dags/example_branch_operator_decorator.py for tasks to queue
[2023-01-12T07:48:47.575+0000] {logging_mixin.py:137} INFO - [2023-01-12T07:48:47.575+0000] {dagbag.py:538} INFO - Filling up the DagBag from /home/airflow/.local/lib/python3.7/site-packages/airflow/example_dags/example_branch_operator_decorator.py
[2023-01-12T07:48:47.596+0000] {processor.py:753} INFO - DAG(s) dict_keys(['example_branch_python_operator_decorator']) retrieved from /home/airflow/.local/lib/python3.7/site-packages/airflow/example_dags/example_branch_operator_decorator.py
[2023-01-12T07:48:47.628+0000] {logging_mixin.py:137} INFO - [2023-01-12T07:48:47.628+0000] {dag.py:2676} INFO - Sync 1 DAGs
[2023-01-12T07:48:47.649+0000] {logging_mixin.py:137} INFO - [2023-01-12T07:48:47.649+0000] {dag.py:3427} INFO - Setting next_dagrun for example_branch_python_operator_decorator to 2023-01-11T00:00:00+00:00, run_after=2023-01-12T00:00:00+00:00
[2023-01-12T07:48:47.667+0000] {processor.py:175} INFO - Processing /home/airflow/.local/lib/python3.7/site-packages/airflow/example_dags/example_branch_operator_decorator.py took 0.099 seconds
[2023-01-12T07:49:18.199+0000] {processor.py:153} INFO - Started process (PID=1247) to work on /home/airflow/.local/lib/python3.7/site-packages/airflow/example_dags/example_branch_operator_decorator.py
[2023-01-12T07:49:18.201+0000] {processor.py:743} INFO - Processing file /home/airflow/.local/lib/python3.7/site-packages/airflow/example_dags/example_branch_operator_decorator.py for tasks to queue
[2023-01-12T07:49:18.203+0000] {logging_mixin.py:137} INFO - [2023-01-12T07:49:18.202+0000] {dagbag.py:538} INFO - Filling up the DagBag from /home/airflow/.local/lib/python3.7/site-packages/airflow/example_dags/example_branch_operator_decorator.py
[2023-01-12T07:49:18.221+0000] {processor.py:753} INFO - DAG(s) dict_keys(['example_branch_python_operator_decorator']) retrieved from /home/airflow/.local/lib/python3.7/site-packages/airflow/example_dags/example_branch_operator_decorator.py
[2023-01-12T07:49:18.251+0000] {logging_mixin.py:137} INFO - [2023-01-12T07:49:18.250+0000] {dag.py:2676} INFO - Sync 1 DAGs
[2023-01-12T07:49:18.274+0000] {logging_mixin.py:137} INFO - [2023-01-12T07:49:18.274+0000] {dag.py:3427} INFO - Setting next_dagrun for example_branch_python_operator_decorator to 2023-01-11T00:00:00+00:00, run_after=2023-01-12T00:00:00+00:00
[2023-01-12T07:49:18.288+0000] {processor.py:175} INFO - Processing /home/airflow/.local/lib/python3.7/site-packages/airflow/example_dags/example_branch_operator_decorator.py took 0.092 seconds
[2023-01-12T07:49:49.040+0000] {processor.py:153} INFO - Started process (PID=1318) to work on /home/airflow/.local/lib/python3.7/site-packages/airflow/example_dags/example_branch_operator_decorator.py
[2023-01-12T07:49:49.042+0000] {processor.py:743} INFO - Processing file /home/airflow/.local/lib/python3.7/site-packages/airflow/example_dags/example_branch_operator_decorator.py for tasks to queue
[2023-01-12T07:49:49.044+0000] {logging_mixin.py:137} INFO - [2023-01-12T07:49:49.044+0000] {dagbag.py:538} INFO - Filling up the DagBag from /home/airflow/.local/lib/python3.7/site-packages/airflow/example_dags/example_branch_operator_decorator.py
[2023-01-12T07:49:49.071+0000] {processor.py:753} INFO - DAG(s) dict_keys(['example_branch_python_operator_decorator']) retrieved from /home/airflow/.local/lib/python3.7/site-packages/airflow/example_dags/example_branch_operator_decorator.py
[2023-01-12T07:49:49.112+0000] {logging_mixin.py:137} INFO - [2023-01-12T07:49:49.112+0000] {dag.py:2676} INFO - Sync 1 DAGs
[2023-01-12T07:49:49.138+0000] {logging_mixin.py:137} INFO - [2023-01-12T07:49:49.138+0000] {dag.py:3427} INFO - Setting next_dagrun for example_branch_python_operator_decorator to 2023-01-11T00:00:00+00:00, run_after=2023-01-12T00:00:00+00:00
[2023-01-12T07:49:49.163+0000] {processor.py:175} INFO - Processing /home/airflow/.local/lib/python3.7/site-packages/airflow/example_dags/example_branch_operator_decorator.py took 0.126 seconds
[2023-01-12T07:50:19.844+0000] {processor.py:153} INFO - Started process (PID=1384) to work on /home/airflow/.local/lib/python3.7/site-packages/airflow/example_dags/example_branch_operator_decorator.py
[2023-01-12T07:50:19.846+0000] {processor.py:743} INFO - Processing file /home/airflow/.local/lib/python3.7/site-packages/airflow/example_dags/example_branch_operator_decorator.py for tasks to queue
[2023-01-12T07:50:19.847+0000] {logging_mixin.py:137} INFO - [2023-01-12T07:50:19.847+0000] {dagbag.py:538} INFO - Filling up the DagBag from /home/airflow/.local/lib/python3.7/site-packages/airflow/example_dags/example_branch_operator_decorator.py
[2023-01-12T07:50:19.864+0000] {processor.py:753} INFO - DAG(s) dict_keys(['example_branch_python_operator_decorator']) retrieved from /home/airflow/.local/lib/python3.7/site-packages/airflow/example_dags/example_branch_operator_decorator.py
[2023-01-12T07:50:19.893+0000] {logging_mixin.py:137} INFO - [2023-01-12T07:50:19.893+0000] {dag.py:2676} INFO - Sync 1 DAGs
[2023-01-12T07:50:19.915+0000] {logging_mixin.py:137} INFO - [2023-01-12T07:50:19.915+0000] {dag.py:3427} INFO - Setting next_dagrun for example_branch_python_operator_decorator to 2023-01-11T00:00:00+00:00, run_after=2023-01-12T00:00:00+00:00
[2023-01-12T07:50:19.932+0000] {processor.py:175} INFO - Processing /home/airflow/.local/lib/python3.7/site-packages/airflow/example_dags/example_branch_operator_decorator.py took 0.091 seconds
[2023-01-12T07:50:50.772+0000] {processor.py:153} INFO - Started process (PID=1457) to work on /home/airflow/.local/lib/python3.7/site-packages/airflow/example_dags/example_branch_operator_decorator.py
[2023-01-12T07:50:50.774+0000] {processor.py:743} INFO - Processing file /home/airflow/.local/lib/python3.7/site-packages/airflow/example_dags/example_branch_operator_decorator.py for tasks to queue
[2023-01-12T07:50:50.775+0000] {logging_mixin.py:137} INFO - [2023-01-12T07:50:50.775+0000] {dagbag.py:538} INFO - Filling up the DagBag from /home/airflow/.local/lib/python3.7/site-packages/airflow/example_dags/example_branch_operator_decorator.py
[2023-01-12T07:50:50.801+0000] {processor.py:753} INFO - DAG(s) dict_keys(['example_branch_python_operator_decorator']) retrieved from /home/airflow/.local/lib/python3.7/site-packages/airflow/example_dags/example_branch_operator_decorator.py
[2023-01-12T07:50:50.843+0000] {logging_mixin.py:137} INFO - [2023-01-12T07:50:50.843+0000] {dag.py:2676} INFO - Sync 1 DAGs
[2023-01-12T07:50:50.867+0000] {logging_mixin.py:137} INFO - [2023-01-12T07:50:50.866+0000] {dag.py:3427} INFO - Setting next_dagrun for example_branch_python_operator_decorator to 2023-01-11T00:00:00+00:00, run_after=2023-01-12T00:00:00+00:00
[2023-01-12T07:50:50.885+0000] {processor.py:175} INFO - Processing /home/airflow/.local/lib/python3.7/site-packages/airflow/example_dags/example_branch_operator_decorator.py took 0.117 seconds
[2023-01-12T07:51:21.642+0000] {processor.py:153} INFO - Started process (PID=1518) to work on /home/airflow/.local/lib/python3.7/site-packages/airflow/example_dags/example_branch_operator_decorator.py
[2023-01-12T07:51:21.645+0000] {processor.py:743} INFO - Processing file /home/airflow/.local/lib/python3.7/site-packages/airflow/example_dags/example_branch_operator_decorator.py for tasks to queue
[2023-01-12T07:51:21.647+0000] {logging_mixin.py:137} INFO - [2023-01-12T07:51:21.647+0000] {dagbag.py:538} INFO - Filling up the DagBag from /home/airflow/.local/lib/python3.7/site-packages/airflow/example_dags/example_branch_operator_decorator.py
[2023-01-12T07:51:21.667+0000] {processor.py:753} INFO - DAG(s) dict_keys(['example_branch_python_operator_decorator']) retrieved from /home/airflow/.local/lib/python3.7/site-packages/airflow/example_dags/example_branch_operator_decorator.py
[2023-01-12T07:51:21.699+0000] {logging_mixin.py:137} INFO - [2023-01-12T07:51:21.699+0000] {dag.py:2676} INFO - Sync 1 DAGs
[2023-01-12T07:51:21.719+0000] {logging_mixin.py:137} INFO - [2023-01-12T07:51:21.718+0000] {dag.py:3427} INFO - Setting next_dagrun for example_branch_python_operator_decorator to 2023-01-11T00:00:00+00:00, run_after=2023-01-12T00:00:00+00:00
[2023-01-12T07:51:21.735+0000] {processor.py:175} INFO - Processing /home/airflow/.local/lib/python3.7/site-packages/airflow/example_dags/example_branch_operator_decorator.py took 0.096 seconds
[2023-01-12T07:51:52.491+0000] {processor.py:153} INFO - Started process (PID=1590) to work on /home/airflow/.local/lib/python3.7/site-packages/airflow/example_dags/example_branch_operator_decorator.py
[2023-01-12T07:51:52.493+0000] {processor.py:743} INFO - Processing file /home/airflow/.local/lib/python3.7/site-packages/airflow/example_dags/example_branch_operator_decorator.py for tasks to queue
[2023-01-12T07:51:52.494+0000] {logging_mixin.py:137} INFO - [2023-01-12T07:51:52.494+0000] {dagbag.py:538} INFO - Filling up the DagBag from /home/airflow/.local/lib/python3.7/site-packages/airflow/example_dags/example_branch_operator_decorator.py
[2023-01-12T07:51:52.514+0000] {processor.py:753} INFO - DAG(s) dict_keys(['example_branch_python_operator_decorator']) retrieved from /home/airflow/.local/lib/python3.7/site-packages/airflow/example_dags/example_branch_operator_decorator.py
[2023-01-12T07:51:52.543+0000] {logging_mixin.py:137} INFO - [2023-01-12T07:51:52.543+0000] {dag.py:2676} INFO - Sync 1 DAGs
[2023-01-12T07:51:52.564+0000] {logging_mixin.py:137} INFO - [2023-01-12T07:51:52.563+0000] {dag.py:3427} INFO - Setting next_dagrun for example_branch_python_operator_decorator to 2023-01-11T00:00:00+00:00, run_after=2023-01-12T00:00:00+00:00
[2023-01-12T07:51:52.579+0000] {processor.py:175} INFO - Processing /home/airflow/.local/lib/python3.7/site-packages/airflow/example_dags/example_branch_operator_decorator.py took 0.090 seconds
[2023-01-12T07:52:23.675+0000] {processor.py:153} INFO - Started process (PID=1665) to work on /home/airflow/.local/lib/python3.7/site-packages/airflow/example_dags/example_branch_operator_decorator.py
[2023-01-12T07:52:23.678+0000] {processor.py:743} INFO - Processing file /home/airflow/.local/lib/python3.7/site-packages/airflow/example_dags/example_branch_operator_decorator.py for tasks to queue
[2023-01-12T07:52:23.679+0000] {logging_mixin.py:137} INFO - [2023-01-12T07:52:23.679+0000] {dagbag.py:538} INFO - Filling up the DagBag from /home/airflow/.local/lib/python3.7/site-packages/airflow/example_dags/example_branch_operator_decorator.py
[2023-01-12T07:52:23.705+0000] {processor.py:753} INFO - DAG(s) dict_keys(['example_branch_python_operator_decorator']) retrieved from /home/airflow/.local/lib/python3.7/site-packages/airflow/example_dags/example_branch_operator_decorator.py
[2023-01-12T07:52:23.748+0000] {logging_mixin.py:137} INFO - [2023-01-12T07:52:23.748+0000] {dag.py:2676} INFO - Sync 1 DAGs
[2023-01-12T07:52:23.774+0000] {logging_mixin.py:137} INFO - [2023-01-12T07:52:23.774+0000] {dag.py:3427} INFO - Setting next_dagrun for example_branch_python_operator_decorator to 2023-01-11T00:00:00+00:00, run_after=2023-01-12T00:00:00+00:00
[2023-01-12T07:52:23.792+0000] {processor.py:175} INFO - Processing /home/airflow/.local/lib/python3.7/site-packages/airflow/example_dags/example_branch_operator_decorator.py took 0.120 seconds
[2023-01-12T07:52:54.312+0000] {processor.py:153} INFO - Started process (PID=1726) to work on /home/airflow/.local/lib/python3.7/site-packages/airflow/example_dags/example_branch_operator_decorator.py
[2023-01-12T07:52:54.314+0000] {processor.py:743} INFO - Processing file /home/airflow/.local/lib/python3.7/site-packages/airflow/example_dags/example_branch_operator_decorator.py for tasks to queue
[2023-01-12T07:52:54.316+0000] {logging_mixin.py:137} INFO - [2023-01-12T07:52:54.316+0000] {dagbag.py:538} INFO - Filling up the DagBag from /home/airflow/.local/lib/python3.7/site-packages/airflow/example_dags/example_branch_operator_decorator.py
[2023-01-12T07:52:54.335+0000] {processor.py:753} INFO - DAG(s) dict_keys(['example_branch_python_operator_decorator']) retrieved from /home/airflow/.local/lib/python3.7/site-packages/airflow/example_dags/example_branch_operator_decorator.py
[2023-01-12T07:52:54.367+0000] {logging_mixin.py:137} INFO - [2023-01-12T07:52:54.367+0000] {dag.py:2676} INFO - Sync 1 DAGs
[2023-01-12T07:52:54.389+0000] {logging_mixin.py:137} INFO - [2023-01-12T07:52:54.389+0000] {dag.py:3427} INFO - Setting next_dagrun for example_branch_python_operator_decorator to 2023-01-11T00:00:00+00:00, run_after=2023-01-12T00:00:00+00:00
[2023-01-12T07:52:54.406+0000] {processor.py:175} INFO - Processing /home/airflow/.local/lib/python3.7/site-packages/airflow/example_dags/example_branch_operator_decorator.py took 0.097 seconds
[2023-01-12T07:53:24.950+0000] {processor.py:153} INFO - Started process (PID=1799) to work on /home/airflow/.local/lib/python3.7/site-packages/airflow/example_dags/example_branch_operator_decorator.py
[2023-01-12T07:53:24.952+0000] {processor.py:743} INFO - Processing file /home/airflow/.local/lib/python3.7/site-packages/airflow/example_dags/example_branch_operator_decorator.py for tasks to queue
[2023-01-12T07:53:24.953+0000] {logging_mixin.py:137} INFO - [2023-01-12T07:53:24.953+0000] {dagbag.py:538} INFO - Filling up the DagBag from /home/airflow/.local/lib/python3.7/site-packages/airflow/example_dags/example_branch_operator_decorator.py
[2023-01-12T07:53:24.973+0000] {processor.py:753} INFO - DAG(s) dict_keys(['example_branch_python_operator_decorator']) retrieved from /home/airflow/.local/lib/python3.7/site-packages/airflow/example_dags/example_branch_operator_decorator.py
[2023-01-12T07:53:25.004+0000] {logging_mixin.py:137} INFO - [2023-01-12T07:53:25.004+0000] {dag.py:2676} INFO - Sync 1 DAGs
[2023-01-12T07:53:25.024+0000] {logging_mixin.py:137} INFO - [2023-01-12T07:53:25.024+0000] {dag.py:3427} INFO - Setting next_dagrun for example_branch_python_operator_decorator to 2023-01-11T00:00:00+00:00, run_after=2023-01-12T00:00:00+00:00
[2023-01-12T07:53:25.039+0000] {processor.py:175} INFO - Processing /home/airflow/.local/lib/python3.7/site-packages/airflow/example_dags/example_branch_operator_decorator.py took 0.091 seconds
[2023-01-12T07:53:55.358+0000] {processor.py:153} INFO - Started process (PID=1861) to work on /home/airflow/.local/lib/python3.7/site-packages/airflow/example_dags/example_branch_operator_decorator.py
[2023-01-12T07:53:55.360+0000] {processor.py:743} INFO - Processing file /home/airflow/.local/lib/python3.7/site-packages/airflow/example_dags/example_branch_operator_decorator.py for tasks to queue
[2023-01-12T07:53:55.361+0000] {logging_mixin.py:137} INFO - [2023-01-12T07:53:55.361+0000] {dagbag.py:538} INFO - Filling up the DagBag from /home/airflow/.local/lib/python3.7/site-packages/airflow/example_dags/example_branch_operator_decorator.py
[2023-01-12T07:53:55.380+0000] {processor.py:753} INFO - DAG(s) dict_keys(['example_branch_python_operator_decorator']) retrieved from /home/airflow/.local/lib/python3.7/site-packages/airflow/example_dags/example_branch_operator_decorator.py
[2023-01-12T07:53:55.421+0000] {logging_mixin.py:137} INFO - [2023-01-12T07:53:55.421+0000] {dag.py:2676} INFO - Sync 1 DAGs
[2023-01-12T07:53:55.467+0000] {logging_mixin.py:137} INFO - [2023-01-12T07:53:55.467+0000] {dag.py:3427} INFO - Setting next_dagrun for example_branch_python_operator_decorator to 2023-01-11T00:00:00+00:00, run_after=2023-01-12T00:00:00+00:00
[2023-01-12T07:53:55.486+0000] {processor.py:175} INFO - Processing /home/airflow/.local/lib/python3.7/site-packages/airflow/example_dags/example_branch_operator_decorator.py took 0.131 seconds
