[2023-01-12T07:27:06.246+0000] {processor.py:153} INFO - Started process (PID=50) to work on /home/airflow/.local/lib/python3.7/site-packages/airflow/example_dags/example_sensors.py
[2023-01-12T07:27:06.251+0000] {processor.py:743} INFO - Processing file /home/airflow/.local/lib/python3.7/site-packages/airflow/example_dags/example_sensors.py for tasks to queue
[2023-01-12T07:27:06.253+0000] {logging_mixin.py:137} INFO - [2023-01-12T07:27:06.253+0000] {dagbag.py:538} INFO - Filling up the DagBag from /home/airflow/.local/lib/python3.7/site-packages/airflow/example_dags/example_sensors.py
[2023-01-12T07:27:06.306+0000] {processor.py:753} INFO - DAG(s) dict_keys(['example_sensors']) retrieved from /home/airflow/.local/lib/python3.7/site-packages/airflow/example_dags/example_sensors.py
[2023-01-12T07:27:06.365+0000] {logging_mixin.py:137} INFO - [2023-01-12T07:27:06.364+0000] {dag.py:2676} INFO - Sync 1 DAGs
[2023-01-12T07:27:06.393+0000] {logging_mixin.py:137} INFO - [2023-01-12T07:27:06.393+0000] {dag.py:3427} INFO - Setting next_dagrun for example_sensors to None, run_after=None
[2023-01-12T07:27:06.413+0000] {processor.py:175} INFO - Processing /home/airflow/.local/lib/python3.7/site-packages/airflow/example_dags/example_sensors.py took 0.171 seconds
[2023-01-12T07:27:36.506+0000] {processor.py:153} INFO - Started process (PID=124) to work on /home/airflow/.local/lib/python3.7/site-packages/airflow/example_dags/example_sensors.py
[2023-01-12T07:27:36.508+0000] {processor.py:743} INFO - Processing file /home/airflow/.local/lib/python3.7/site-packages/airflow/example_dags/example_sensors.py for tasks to queue
[2023-01-12T07:27:36.509+0000] {logging_mixin.py:137} INFO - [2023-01-12T07:27:36.509+0000] {dagbag.py:538} INFO - Filling up the DagBag from /home/airflow/.local/lib/python3.7/site-packages/airflow/example_dags/example_sensors.py
[2023-01-12T07:27:36.527+0000] {processor.py:753} INFO - DAG(s) dict_keys(['example_sensors']) retrieved from /home/airflow/.local/lib/python3.7/site-packages/airflow/example_dags/example_sensors.py
[2023-01-12T07:27:36.561+0000] {logging_mixin.py:137} INFO - [2023-01-12T07:27:36.561+0000] {dag.py:2676} INFO - Sync 1 DAGs
[2023-01-12T07:27:36.580+0000] {logging_mixin.py:137} INFO - [2023-01-12T07:27:36.580+0000] {dag.py:3427} INFO - Setting next_dagrun for example_sensors to None, run_after=None
[2023-01-12T07:27:36.595+0000] {processor.py:175} INFO - Processing /home/airflow/.local/lib/python3.7/site-packages/airflow/example_dags/example_sensors.py took 0.092 seconds
[2023-01-12T07:28:07.584+0000] {processor.py:153} INFO - Started process (PID=193) to work on /home/airflow/.local/lib/python3.7/site-packages/airflow/example_dags/example_sensors.py
[2023-01-12T07:28:07.586+0000] {processor.py:743} INFO - Processing file /home/airflow/.local/lib/python3.7/site-packages/airflow/example_dags/example_sensors.py for tasks to queue
[2023-01-12T07:28:07.587+0000] {logging_mixin.py:137} INFO - [2023-01-12T07:28:07.587+0000] {dagbag.py:538} INFO - Filling up the DagBag from /home/airflow/.local/lib/python3.7/site-packages/airflow/example_dags/example_sensors.py
[2023-01-12T07:28:07.609+0000] {processor.py:753} INFO - DAG(s) dict_keys(['example_sensors']) retrieved from /home/airflow/.local/lib/python3.7/site-packages/airflow/example_dags/example_sensors.py
[2023-01-12T07:28:07.647+0000] {logging_mixin.py:137} INFO - [2023-01-12T07:28:07.647+0000] {dag.py:2676} INFO - Sync 1 DAGs
[2023-01-12T07:28:07.675+0000] {logging_mixin.py:137} INFO - [2023-01-12T07:28:07.675+0000] {dag.py:3427} INFO - Setting next_dagrun for example_sensors to None, run_after=None
[2023-01-12T07:28:07.692+0000] {processor.py:175} INFO - Processing /home/airflow/.local/lib/python3.7/site-packages/airflow/example_dags/example_sensors.py took 0.111 seconds
[2023-01-12T07:28:38.108+0000] {processor.py:153} INFO - Started process (PID=258) to work on /home/airflow/.local/lib/python3.7/site-packages/airflow/example_dags/example_sensors.py
[2023-01-12T07:28:38.110+0000] {processor.py:743} INFO - Processing file /home/airflow/.local/lib/python3.7/site-packages/airflow/example_dags/example_sensors.py for tasks to queue
[2023-01-12T07:28:38.112+0000] {logging_mixin.py:137} INFO - [2023-01-12T07:28:38.112+0000] {dagbag.py:538} INFO - Filling up the DagBag from /home/airflow/.local/lib/python3.7/site-packages/airflow/example_dags/example_sensors.py
[2023-01-12T07:28:38.128+0000] {processor.py:753} INFO - DAG(s) dict_keys(['example_sensors']) retrieved from /home/airflow/.local/lib/python3.7/site-packages/airflow/example_dags/example_sensors.py
[2023-01-12T07:28:38.161+0000] {logging_mixin.py:137} INFO - [2023-01-12T07:28:38.161+0000] {dag.py:2676} INFO - Sync 1 DAGs
[2023-01-12T07:28:38.183+0000] {logging_mixin.py:137} INFO - [2023-01-12T07:28:38.183+0000] {dag.py:3427} INFO - Setting next_dagrun for example_sensors to None, run_after=None
[2023-01-12T07:28:38.205+0000] {processor.py:175} INFO - Processing /home/airflow/.local/lib/python3.7/site-packages/airflow/example_dags/example_sensors.py took 0.100 seconds
[2023-01-12T07:29:08.843+0000] {processor.py:153} INFO - Started process (PID=332) to work on /home/airflow/.local/lib/python3.7/site-packages/airflow/example_dags/example_sensors.py
[2023-01-12T07:29:08.845+0000] {processor.py:743} INFO - Processing file /home/airflow/.local/lib/python3.7/site-packages/airflow/example_dags/example_sensors.py for tasks to queue
[2023-01-12T07:29:08.847+0000] {logging_mixin.py:137} INFO - [2023-01-12T07:29:08.847+0000] {dagbag.py:538} INFO - Filling up the DagBag from /home/airflow/.local/lib/python3.7/site-packages/airflow/example_dags/example_sensors.py
[2023-01-12T07:29:08.862+0000] {processor.py:753} INFO - DAG(s) dict_keys(['example_sensors']) retrieved from /home/airflow/.local/lib/python3.7/site-packages/airflow/example_dags/example_sensors.py
[2023-01-12T07:29:08.895+0000] {logging_mixin.py:137} INFO - [2023-01-12T07:29:08.895+0000] {dag.py:2676} INFO - Sync 1 DAGs
[2023-01-12T07:29:08.916+0000] {logging_mixin.py:137} INFO - [2023-01-12T07:29:08.916+0000] {dag.py:3427} INFO - Setting next_dagrun for example_sensors to None, run_after=None
[2023-01-12T07:29:08.931+0000] {processor.py:175} INFO - Processing /home/airflow/.local/lib/python3.7/site-packages/airflow/example_dags/example_sensors.py took 0.090 seconds
[2023-01-12T07:29:39.440+0000] {processor.py:153} INFO - Started process (PID=395) to work on /home/airflow/.local/lib/python3.7/site-packages/airflow/example_dags/example_sensors.py
[2023-01-12T07:29:39.443+0000] {processor.py:743} INFO - Processing file /home/airflow/.local/lib/python3.7/site-packages/airflow/example_dags/example_sensors.py for tasks to queue
[2023-01-12T07:29:39.445+0000] {logging_mixin.py:137} INFO - [2023-01-12T07:29:39.445+0000] {dagbag.py:538} INFO - Filling up the DagBag from /home/airflow/.local/lib/python3.7/site-packages/airflow/example_dags/example_sensors.py
[2023-01-12T07:29:39.464+0000] {processor.py:753} INFO - DAG(s) dict_keys(['example_sensors']) retrieved from /home/airflow/.local/lib/python3.7/site-packages/airflow/example_dags/example_sensors.py
[2023-01-12T07:29:39.498+0000] {logging_mixin.py:137} INFO - [2023-01-12T07:29:39.498+0000] {dag.py:2676} INFO - Sync 1 DAGs
[2023-01-12T07:29:39.517+0000] {logging_mixin.py:137} INFO - [2023-01-12T07:29:39.517+0000] {dag.py:3427} INFO - Setting next_dagrun for example_sensors to None, run_after=None
[2023-01-12T07:29:39.532+0000] {processor.py:175} INFO - Processing /home/airflow/.local/lib/python3.7/site-packages/airflow/example_dags/example_sensors.py took 0.095 seconds
[2023-01-12T07:30:10.199+0000] {processor.py:153} INFO - Started process (PID=469) to work on /home/airflow/.local/lib/python3.7/site-packages/airflow/example_dags/example_sensors.py
[2023-01-12T07:30:10.201+0000] {processor.py:743} INFO - Processing file /home/airflow/.local/lib/python3.7/site-packages/airflow/example_dags/example_sensors.py for tasks to queue
[2023-01-12T07:30:10.202+0000] {logging_mixin.py:137} INFO - [2023-01-12T07:30:10.202+0000] {dagbag.py:538} INFO - Filling up the DagBag from /home/airflow/.local/lib/python3.7/site-packages/airflow/example_dags/example_sensors.py
[2023-01-12T07:30:10.218+0000] {processor.py:753} INFO - DAG(s) dict_keys(['example_sensors']) retrieved from /home/airflow/.local/lib/python3.7/site-packages/airflow/example_dags/example_sensors.py
[2023-01-12T07:30:10.249+0000] {logging_mixin.py:137} INFO - [2023-01-12T07:30:10.249+0000] {dag.py:2676} INFO - Sync 1 DAGs
[2023-01-12T07:30:10.270+0000] {logging_mixin.py:137} INFO - [2023-01-12T07:30:10.270+0000] {dag.py:3427} INFO - Setting next_dagrun for example_sensors to None, run_after=None
[2023-01-12T07:30:10.285+0000] {processor.py:175} INFO - Processing /home/airflow/.local/lib/python3.7/site-packages/airflow/example_dags/example_sensors.py took 0.088 seconds
[2023-01-12T07:30:40.876+0000] {processor.py:153} INFO - Started process (PID=544) to work on /home/airflow/.local/lib/python3.7/site-packages/airflow/example_dags/example_sensors.py
[2023-01-12T07:30:40.878+0000] {processor.py:743} INFO - Processing file /home/airflow/.local/lib/python3.7/site-packages/airflow/example_dags/example_sensors.py for tasks to queue
[2023-01-12T07:30:40.879+0000] {logging_mixin.py:137} INFO - [2023-01-12T07:30:40.879+0000] {dagbag.py:538} INFO - Filling up the DagBag from /home/airflow/.local/lib/python3.7/site-packages/airflow/example_dags/example_sensors.py
[2023-01-12T07:30:40.894+0000] {processor.py:753} INFO - DAG(s) dict_keys(['example_sensors']) retrieved from /home/airflow/.local/lib/python3.7/site-packages/airflow/example_dags/example_sensors.py
[2023-01-12T07:30:40.924+0000] {logging_mixin.py:137} INFO - [2023-01-12T07:30:40.924+0000] {dag.py:2676} INFO - Sync 1 DAGs
[2023-01-12T07:30:40.942+0000] {logging_mixin.py:137} INFO - [2023-01-12T07:30:40.941+0000] {dag.py:3427} INFO - Setting next_dagrun for example_sensors to None, run_after=None
[2023-01-12T07:30:40.957+0000] {processor.py:175} INFO - Processing /home/airflow/.local/lib/python3.7/site-packages/airflow/example_dags/example_sensors.py took 0.085 seconds
[2023-01-12T07:31:11.505+0000] {processor.py:153} INFO - Started process (PID=605) to work on /home/airflow/.local/lib/python3.7/site-packages/airflow/example_dags/example_sensors.py
[2023-01-12T07:31:11.507+0000] {processor.py:743} INFO - Processing file /home/airflow/.local/lib/python3.7/site-packages/airflow/example_dags/example_sensors.py for tasks to queue
[2023-01-12T07:31:11.508+0000] {logging_mixin.py:137} INFO - [2023-01-12T07:31:11.508+0000] {dagbag.py:538} INFO - Filling up the DagBag from /home/airflow/.local/lib/python3.7/site-packages/airflow/example_dags/example_sensors.py
[2023-01-12T07:31:11.526+0000] {processor.py:753} INFO - DAG(s) dict_keys(['example_sensors']) retrieved from /home/airflow/.local/lib/python3.7/site-packages/airflow/example_dags/example_sensors.py
[2023-01-12T07:31:11.560+0000] {logging_mixin.py:137} INFO - [2023-01-12T07:31:11.560+0000] {dag.py:2676} INFO - Sync 1 DAGs
[2023-01-12T07:31:11.579+0000] {logging_mixin.py:137} INFO - [2023-01-12T07:31:11.579+0000] {dag.py:3427} INFO - Setting next_dagrun for example_sensors to None, run_after=None
[2023-01-12T07:31:11.593+0000] {processor.py:175} INFO - Processing /home/airflow/.local/lib/python3.7/site-packages/airflow/example_dags/example_sensors.py took 0.091 seconds
[2023-01-12T07:31:42.197+0000] {processor.py:153} INFO - Started process (PID=679) to work on /home/airflow/.local/lib/python3.7/site-packages/airflow/example_dags/example_sensors.py
[2023-01-12T07:31:42.202+0000] {processor.py:743} INFO - Processing file /home/airflow/.local/lib/python3.7/site-packages/airflow/example_dags/example_sensors.py for tasks to queue
[2023-01-12T07:31:42.204+0000] {logging_mixin.py:137} INFO - [2023-01-12T07:31:42.203+0000] {dagbag.py:538} INFO - Filling up the DagBag from /home/airflow/.local/lib/python3.7/site-packages/airflow/example_dags/example_sensors.py
[2023-01-12T07:31:42.220+0000] {processor.py:753} INFO - DAG(s) dict_keys(['example_sensors']) retrieved from /home/airflow/.local/lib/python3.7/site-packages/airflow/example_dags/example_sensors.py
[2023-01-12T07:31:42.254+0000] {logging_mixin.py:137} INFO - [2023-01-12T07:31:42.254+0000] {dag.py:2676} INFO - Sync 1 DAGs
[2023-01-12T07:31:42.275+0000] {logging_mixin.py:137} INFO - [2023-01-12T07:31:42.275+0000] {dag.py:3427} INFO - Setting next_dagrun for example_sensors to None, run_after=None
[2023-01-12T07:31:42.293+0000] {processor.py:175} INFO - Processing /home/airflow/.local/lib/python3.7/site-packages/airflow/example_dags/example_sensors.py took 0.099 seconds
[2023-01-12T07:32:13.114+0000] {processor.py:153} INFO - Started process (PID=753) to work on /home/airflow/.local/lib/python3.7/site-packages/airflow/example_dags/example_sensors.py
[2023-01-12T07:32:13.115+0000] {processor.py:743} INFO - Processing file /home/airflow/.local/lib/python3.7/site-packages/airflow/example_dags/example_sensors.py for tasks to queue
[2023-01-12T07:32:13.117+0000] {logging_mixin.py:137} INFO - [2023-01-12T07:32:13.117+0000] {dagbag.py:538} INFO - Filling up the DagBag from /home/airflow/.local/lib/python3.7/site-packages/airflow/example_dags/example_sensors.py
[2023-01-12T07:32:13.133+0000] {processor.py:753} INFO - DAG(s) dict_keys(['example_sensors']) retrieved from /home/airflow/.local/lib/python3.7/site-packages/airflow/example_dags/example_sensors.py
[2023-01-12T07:32:13.162+0000] {logging_mixin.py:137} INFO - [2023-01-12T07:32:13.162+0000] {dag.py:2676} INFO - Sync 1 DAGs
[2023-01-12T07:32:13.180+0000] {logging_mixin.py:137} INFO - [2023-01-12T07:32:13.180+0000] {dag.py:3427} INFO - Setting next_dagrun for example_sensors to None, run_after=None
[2023-01-12T07:32:13.194+0000] {processor.py:175} INFO - Processing /home/airflow/.local/lib/python3.7/site-packages/airflow/example_dags/example_sensors.py took 0.082 seconds
[2023-01-12T07:32:43.730+0000] {processor.py:153} INFO - Started process (PID=814) to work on /home/airflow/.local/lib/python3.7/site-packages/airflow/example_dags/example_sensors.py
[2023-01-12T07:32:43.732+0000] {processor.py:743} INFO - Processing file /home/airflow/.local/lib/python3.7/site-packages/airflow/example_dags/example_sensors.py for tasks to queue
[2023-01-12T07:32:43.734+0000] {logging_mixin.py:137} INFO - [2023-01-12T07:32:43.734+0000] {dagbag.py:538} INFO - Filling up the DagBag from /home/airflow/.local/lib/python3.7/site-packages/airflow/example_dags/example_sensors.py
[2023-01-12T07:32:43.748+0000] {processor.py:753} INFO - DAG(s) dict_keys(['example_sensors']) retrieved from /home/airflow/.local/lib/python3.7/site-packages/airflow/example_dags/example_sensors.py
[2023-01-12T07:32:43.778+0000] {logging_mixin.py:137} INFO - [2023-01-12T07:32:43.778+0000] {dag.py:2676} INFO - Sync 1 DAGs
[2023-01-12T07:32:43.796+0000] {logging_mixin.py:137} INFO - [2023-01-12T07:32:43.795+0000] {dag.py:3427} INFO - Setting next_dagrun for example_sensors to None, run_after=None
[2023-01-12T07:32:43.808+0000] {processor.py:175} INFO - Processing /home/airflow/.local/lib/python3.7/site-packages/airflow/example_dags/example_sensors.py took 0.081 seconds
[2023-01-12T07:33:14.222+0000] {processor.py:153} INFO - Started process (PID=887) to work on /home/airflow/.local/lib/python3.7/site-packages/airflow/example_dags/example_sensors.py
[2023-01-12T07:33:14.224+0000] {processor.py:743} INFO - Processing file /home/airflow/.local/lib/python3.7/site-packages/airflow/example_dags/example_sensors.py for tasks to queue
[2023-01-12T07:33:14.225+0000] {logging_mixin.py:137} INFO - [2023-01-12T07:33:14.225+0000] {dagbag.py:538} INFO - Filling up the DagBag from /home/airflow/.local/lib/python3.7/site-packages/airflow/example_dags/example_sensors.py
[2023-01-12T07:33:14.241+0000] {processor.py:753} INFO - DAG(s) dict_keys(['example_sensors']) retrieved from /home/airflow/.local/lib/python3.7/site-packages/airflow/example_dags/example_sensors.py
[2023-01-12T07:33:14.272+0000] {logging_mixin.py:137} INFO - [2023-01-12T07:33:14.271+0000] {dag.py:2676} INFO - Sync 1 DAGs
[2023-01-12T07:33:14.292+0000] {logging_mixin.py:137} INFO - [2023-01-12T07:33:14.292+0000] {dag.py:3427} INFO - Setting next_dagrun for example_sensors to None, run_after=None
[2023-01-12T07:33:14.307+0000] {processor.py:175} INFO - Processing /home/airflow/.local/lib/python3.7/site-packages/airflow/example_dags/example_sensors.py took 0.088 seconds
[2023-01-12T07:33:44.759+0000] {processor.py:153} INFO - Started process (PID=958) to work on /home/airflow/.local/lib/python3.7/site-packages/airflow/example_dags/example_sensors.py
[2023-01-12T07:33:44.761+0000] {processor.py:743} INFO - Processing file /home/airflow/.local/lib/python3.7/site-packages/airflow/example_dags/example_sensors.py for tasks to queue
[2023-01-12T07:33:44.762+0000] {logging_mixin.py:137} INFO - [2023-01-12T07:33:44.762+0000] {dagbag.py:538} INFO - Filling up the DagBag from /home/airflow/.local/lib/python3.7/site-packages/airflow/example_dags/example_sensors.py
[2023-01-12T07:33:44.778+0000] {processor.py:753} INFO - DAG(s) dict_keys(['example_sensors']) retrieved from /home/airflow/.local/lib/python3.7/site-packages/airflow/example_dags/example_sensors.py
[2023-01-12T07:33:44.811+0000] {logging_mixin.py:137} INFO - [2023-01-12T07:33:44.811+0000] {dag.py:2676} INFO - Sync 1 DAGs
[2023-01-12T07:33:44.831+0000] {logging_mixin.py:137} INFO - [2023-01-12T07:33:44.831+0000] {dag.py:3427} INFO - Setting next_dagrun for example_sensors to None, run_after=None
[2023-01-12T07:33:44.848+0000] {processor.py:175} INFO - Processing /home/airflow/.local/lib/python3.7/site-packages/airflow/example_dags/example_sensors.py took 0.091 seconds
[2023-01-12T07:34:15.718+0000] {processor.py:153} INFO - Started process (PID=1021) to work on /home/airflow/.local/lib/python3.7/site-packages/airflow/example_dags/example_sensors.py
[2023-01-12T07:34:15.719+0000] {processor.py:743} INFO - Processing file /home/airflow/.local/lib/python3.7/site-packages/airflow/example_dags/example_sensors.py for tasks to queue
[2023-01-12T07:34:15.721+0000] {logging_mixin.py:137} INFO - [2023-01-12T07:34:15.721+0000] {dagbag.py:538} INFO - Filling up the DagBag from /home/airflow/.local/lib/python3.7/site-packages/airflow/example_dags/example_sensors.py
[2023-01-12T07:34:15.736+0000] {processor.py:753} INFO - DAG(s) dict_keys(['example_sensors']) retrieved from /home/airflow/.local/lib/python3.7/site-packages/airflow/example_dags/example_sensors.py
[2023-01-12T07:34:15.765+0000] {logging_mixin.py:137} INFO - [2023-01-12T07:34:15.765+0000] {dag.py:2676} INFO - Sync 1 DAGs
[2023-01-12T07:34:15.782+0000] {logging_mixin.py:137} INFO - [2023-01-12T07:34:15.782+0000] {dag.py:3427} INFO - Setting next_dagrun for example_sensors to None, run_after=None
[2023-01-12T07:34:15.796+0000] {processor.py:175} INFO - Processing /home/airflow/.local/lib/python3.7/site-packages/airflow/example_dags/example_sensors.py took 0.081 seconds
[2023-01-12T07:34:46.302+0000] {processor.py:153} INFO - Started process (PID=1094) to work on /home/airflow/.local/lib/python3.7/site-packages/airflow/example_dags/example_sensors.py
[2023-01-12T07:34:46.303+0000] {processor.py:743} INFO - Processing file /home/airflow/.local/lib/python3.7/site-packages/airflow/example_dags/example_sensors.py for tasks to queue
[2023-01-12T07:34:46.304+0000] {logging_mixin.py:137} INFO - [2023-01-12T07:34:46.304+0000] {dagbag.py:538} INFO - Filling up the DagBag from /home/airflow/.local/lib/python3.7/site-packages/airflow/example_dags/example_sensors.py
[2023-01-12T07:34:46.321+0000] {processor.py:753} INFO - DAG(s) dict_keys(['example_sensors']) retrieved from /home/airflow/.local/lib/python3.7/site-packages/airflow/example_dags/example_sensors.py
[2023-01-12T07:34:46.352+0000] {logging_mixin.py:137} INFO - [2023-01-12T07:34:46.352+0000] {dag.py:2676} INFO - Sync 1 DAGs
[2023-01-12T07:34:46.371+0000] {logging_mixin.py:137} INFO - [2023-01-12T07:34:46.371+0000] {dag.py:3427} INFO - Setting next_dagrun for example_sensors to None, run_after=None
[2023-01-12T07:34:46.389+0000] {processor.py:175} INFO - Processing /home/airflow/.local/lib/python3.7/site-packages/airflow/example_dags/example_sensors.py took 0.089 seconds
[2023-01-12T07:35:17.205+0000] {processor.py:153} INFO - Started process (PID=1155) to work on /home/airflow/.local/lib/python3.7/site-packages/airflow/example_dags/example_sensors.py
[2023-01-12T07:35:17.207+0000] {processor.py:743} INFO - Processing file /home/airflow/.local/lib/python3.7/site-packages/airflow/example_dags/example_sensors.py for tasks to queue
[2023-01-12T07:35:17.209+0000] {logging_mixin.py:137} INFO - [2023-01-12T07:35:17.209+0000] {dagbag.py:538} INFO - Filling up the DagBag from /home/airflow/.local/lib/python3.7/site-packages/airflow/example_dags/example_sensors.py
[2023-01-12T07:35:17.227+0000] {processor.py:753} INFO - DAG(s) dict_keys(['example_sensors']) retrieved from /home/airflow/.local/lib/python3.7/site-packages/airflow/example_dags/example_sensors.py
[2023-01-12T07:35:17.260+0000] {logging_mixin.py:137} INFO - [2023-01-12T07:35:17.260+0000] {dag.py:2676} INFO - Sync 1 DAGs
[2023-01-12T07:35:17.281+0000] {logging_mixin.py:137} INFO - [2023-01-12T07:35:17.281+0000] {dag.py:3427} INFO - Setting next_dagrun for example_sensors to None, run_after=None
[2023-01-12T07:35:17.297+0000] {processor.py:175} INFO - Processing /home/airflow/.local/lib/python3.7/site-packages/airflow/example_dags/example_sensors.py took 0.095 seconds
[2023-01-12T07:35:48.046+0000] {processor.py:153} INFO - Started process (PID=1229) to work on /home/airflow/.local/lib/python3.7/site-packages/airflow/example_dags/example_sensors.py
[2023-01-12T07:35:48.048+0000] {processor.py:743} INFO - Processing file /home/airflow/.local/lib/python3.7/site-packages/airflow/example_dags/example_sensors.py for tasks to queue
[2023-01-12T07:35:48.049+0000] {logging_mixin.py:137} INFO - [2023-01-12T07:35:48.049+0000] {dagbag.py:538} INFO - Filling up the DagBag from /home/airflow/.local/lib/python3.7/site-packages/airflow/example_dags/example_sensors.py
[2023-01-12T07:35:48.065+0000] {processor.py:753} INFO - DAG(s) dict_keys(['example_sensors']) retrieved from /home/airflow/.local/lib/python3.7/site-packages/airflow/example_dags/example_sensors.py
[2023-01-12T07:35:48.097+0000] {logging_mixin.py:137} INFO - [2023-01-12T07:35:48.097+0000] {dag.py:2676} INFO - Sync 1 DAGs
[2023-01-12T07:35:48.117+0000] {logging_mixin.py:137} INFO - [2023-01-12T07:35:48.117+0000] {dag.py:3427} INFO - Setting next_dagrun for example_sensors to None, run_after=None
[2023-01-12T07:35:48.136+0000] {processor.py:175} INFO - Processing /home/airflow/.local/lib/python3.7/site-packages/airflow/example_dags/example_sensors.py took 0.093 seconds
[2023-01-12T07:36:18.851+0000] {processor.py:153} INFO - Started process (PID=1304) to work on /home/airflow/.local/lib/python3.7/site-packages/airflow/example_dags/example_sensors.py
[2023-01-12T07:36:18.853+0000] {processor.py:743} INFO - Processing file /home/airflow/.local/lib/python3.7/site-packages/airflow/example_dags/example_sensors.py for tasks to queue
[2023-01-12T07:36:18.854+0000] {logging_mixin.py:137} INFO - [2023-01-12T07:36:18.854+0000] {dagbag.py:538} INFO - Filling up the DagBag from /home/airflow/.local/lib/python3.7/site-packages/airflow/example_dags/example_sensors.py
[2023-01-12T07:36:18.871+0000] {processor.py:753} INFO - DAG(s) dict_keys(['example_sensors']) retrieved from /home/airflow/.local/lib/python3.7/site-packages/airflow/example_dags/example_sensors.py
[2023-01-12T07:36:18.903+0000] {logging_mixin.py:137} INFO - [2023-01-12T07:36:18.903+0000] {dag.py:2676} INFO - Sync 1 DAGs
[2023-01-12T07:36:18.921+0000] {logging_mixin.py:137} INFO - [2023-01-12T07:36:18.921+0000] {dag.py:3427} INFO - Setting next_dagrun for example_sensors to None, run_after=None
[2023-01-12T07:36:18.934+0000] {processor.py:175} INFO - Processing /home/airflow/.local/lib/python3.7/site-packages/airflow/example_dags/example_sensors.py took 0.086 seconds
[2023-01-12T07:37:19.692+0000] {processor.py:153} INFO - Started process (PID=50) to work on /home/airflow/.local/lib/python3.7/site-packages/airflow/example_dags/example_sensors.py
[2023-01-12T07:37:19.697+0000] {processor.py:743} INFO - Processing file /home/airflow/.local/lib/python3.7/site-packages/airflow/example_dags/example_sensors.py for tasks to queue
[2023-01-12T07:37:19.698+0000] {logging_mixin.py:137} INFO - [2023-01-12T07:37:19.698+0000] {dagbag.py:538} INFO - Filling up the DagBag from /home/airflow/.local/lib/python3.7/site-packages/airflow/example_dags/example_sensors.py
[2023-01-12T07:37:19.732+0000] {processor.py:753} INFO - DAG(s) dict_keys(['example_sensors']) retrieved from /home/airflow/.local/lib/python3.7/site-packages/airflow/example_dags/example_sensors.py
[2023-01-12T07:37:19.769+0000] {logging_mixin.py:137} INFO - [2023-01-12T07:37:19.769+0000] {dag.py:2676} INFO - Sync 1 DAGs
[2023-01-12T07:37:19.804+0000] {logging_mixin.py:137} INFO - [2023-01-12T07:37:19.804+0000] {dag.py:3427} INFO - Setting next_dagrun for example_sensors to None, run_after=None
[2023-01-12T07:37:19.835+0000] {processor.py:175} INFO - Processing /home/airflow/.local/lib/python3.7/site-packages/airflow/example_dags/example_sensors.py took 0.148 seconds
[2023-01-12T07:37:50.161+0000] {processor.py:153} INFO - Started process (PID=124) to work on /home/airflow/.local/lib/python3.7/site-packages/airflow/example_dags/example_sensors.py
[2023-01-12T07:37:50.163+0000] {processor.py:743} INFO - Processing file /home/airflow/.local/lib/python3.7/site-packages/airflow/example_dags/example_sensors.py for tasks to queue
[2023-01-12T07:37:50.164+0000] {logging_mixin.py:137} INFO - [2023-01-12T07:37:50.164+0000] {dagbag.py:538} INFO - Filling up the DagBag from /home/airflow/.local/lib/python3.7/site-packages/airflow/example_dags/example_sensors.py
[2023-01-12T07:37:50.181+0000] {processor.py:753} INFO - DAG(s) dict_keys(['example_sensors']) retrieved from /home/airflow/.local/lib/python3.7/site-packages/airflow/example_dags/example_sensors.py
[2023-01-12T07:37:50.209+0000] {logging_mixin.py:137} INFO - [2023-01-12T07:37:50.209+0000] {dag.py:2676} INFO - Sync 1 DAGs
[2023-01-12T07:37:50.229+0000] {logging_mixin.py:137} INFO - [2023-01-12T07:37:50.229+0000] {dag.py:3427} INFO - Setting next_dagrun for example_sensors to None, run_after=None
[2023-01-12T07:37:50.244+0000] {processor.py:175} INFO - Processing /home/airflow/.local/lib/python3.7/site-packages/airflow/example_dags/example_sensors.py took 0.087 seconds
[2023-01-12T07:38:21.129+0000] {processor.py:153} INFO - Started process (PID=198) to work on /home/airflow/.local/lib/python3.7/site-packages/airflow/example_dags/example_sensors.py
[2023-01-12T07:38:21.131+0000] {processor.py:743} INFO - Processing file /home/airflow/.local/lib/python3.7/site-packages/airflow/example_dags/example_sensors.py for tasks to queue
[2023-01-12T07:38:21.133+0000] {logging_mixin.py:137} INFO - [2023-01-12T07:38:21.132+0000] {dagbag.py:538} INFO - Filling up the DagBag from /home/airflow/.local/lib/python3.7/site-packages/airflow/example_dags/example_sensors.py
[2023-01-12T07:38:21.153+0000] {processor.py:753} INFO - DAG(s) dict_keys(['example_sensors']) retrieved from /home/airflow/.local/lib/python3.7/site-packages/airflow/example_dags/example_sensors.py
[2023-01-12T07:38:21.195+0000] {logging_mixin.py:137} INFO - [2023-01-12T07:38:21.195+0000] {dag.py:2676} INFO - Sync 1 DAGs
[2023-01-12T07:38:21.225+0000] {logging_mixin.py:137} INFO - [2023-01-12T07:38:21.225+0000] {dag.py:3427} INFO - Setting next_dagrun for example_sensors to None, run_after=None
[2023-01-12T07:38:21.245+0000] {processor.py:175} INFO - Processing /home/airflow/.local/lib/python3.7/site-packages/airflow/example_dags/example_sensors.py took 0.119 seconds
[2023-01-12T07:38:51.816+0000] {processor.py:153} INFO - Started process (PID=261) to work on /home/airflow/.local/lib/python3.7/site-packages/airflow/example_dags/example_sensors.py
[2023-01-12T07:38:51.818+0000] {processor.py:743} INFO - Processing file /home/airflow/.local/lib/python3.7/site-packages/airflow/example_dags/example_sensors.py for tasks to queue
[2023-01-12T07:38:51.819+0000] {logging_mixin.py:137} INFO - [2023-01-12T07:38:51.819+0000] {dagbag.py:538} INFO - Filling up the DagBag from /home/airflow/.local/lib/python3.7/site-packages/airflow/example_dags/example_sensors.py
[2023-01-12T07:38:51.835+0000] {processor.py:753} INFO - DAG(s) dict_keys(['example_sensors']) retrieved from /home/airflow/.local/lib/python3.7/site-packages/airflow/example_dags/example_sensors.py
[2023-01-12T07:38:51.869+0000] {logging_mixin.py:137} INFO - [2023-01-12T07:38:51.869+0000] {dag.py:2676} INFO - Sync 1 DAGs
[2023-01-12T07:38:51.887+0000] {logging_mixin.py:137} INFO - [2023-01-12T07:38:51.887+0000] {dag.py:3427} INFO - Setting next_dagrun for example_sensors to None, run_after=None
[2023-01-12T07:38:51.905+0000] {processor.py:175} INFO - Processing /home/airflow/.local/lib/python3.7/site-packages/airflow/example_dags/example_sensors.py took 0.092 seconds
[2023-01-12T07:39:22.429+0000] {processor.py:153} INFO - Started process (PID=335) to work on /home/airflow/.local/lib/python3.7/site-packages/airflow/example_dags/example_sensors.py
[2023-01-12T07:39:22.430+0000] {processor.py:743} INFO - Processing file /home/airflow/.local/lib/python3.7/site-packages/airflow/example_dags/example_sensors.py for tasks to queue
[2023-01-12T07:39:22.431+0000] {logging_mixin.py:137} INFO - [2023-01-12T07:39:22.431+0000] {dagbag.py:538} INFO - Filling up the DagBag from /home/airflow/.local/lib/python3.7/site-packages/airflow/example_dags/example_sensors.py
[2023-01-12T07:39:22.447+0000] {processor.py:753} INFO - DAG(s) dict_keys(['example_sensors']) retrieved from /home/airflow/.local/lib/python3.7/site-packages/airflow/example_dags/example_sensors.py
[2023-01-12T07:39:22.477+0000] {logging_mixin.py:137} INFO - [2023-01-12T07:39:22.477+0000] {dag.py:2676} INFO - Sync 1 DAGs
[2023-01-12T07:39:22.496+0000] {logging_mixin.py:137} INFO - [2023-01-12T07:39:22.496+0000] {dag.py:3427} INFO - Setting next_dagrun for example_sensors to None, run_after=None
[2023-01-12T07:39:22.512+0000] {processor.py:175} INFO - Processing /home/airflow/.local/lib/python3.7/site-packages/airflow/example_dags/example_sensors.py took 0.086 seconds
[2023-01-12T07:40:37.033+0000] {processor.py:153} INFO - Started process (PID=50) to work on /home/airflow/.local/lib/python3.7/site-packages/airflow/example_dags/example_sensors.py
[2023-01-12T07:40:37.036+0000] {processor.py:743} INFO - Processing file /home/airflow/.local/lib/python3.7/site-packages/airflow/example_dags/example_sensors.py for tasks to queue
[2023-01-12T07:40:37.037+0000] {logging_mixin.py:137} INFO - [2023-01-12T07:40:37.037+0000] {dagbag.py:538} INFO - Filling up the DagBag from /home/airflow/.local/lib/python3.7/site-packages/airflow/example_dags/example_sensors.py
[2023-01-12T07:40:37.066+0000] {processor.py:753} INFO - DAG(s) dict_keys(['example_sensors']) retrieved from /home/airflow/.local/lib/python3.7/site-packages/airflow/example_dags/example_sensors.py
[2023-01-12T07:40:37.110+0000] {logging_mixin.py:137} INFO - [2023-01-12T07:40:37.110+0000] {dag.py:2676} INFO - Sync 1 DAGs
[2023-01-12T07:40:37.132+0000] {logging_mixin.py:137} INFO - [2023-01-12T07:40:37.132+0000] {dag.py:3427} INFO - Setting next_dagrun for example_sensors to None, run_after=None
[2023-01-12T07:40:37.154+0000] {processor.py:175} INFO - Processing /home/airflow/.local/lib/python3.7/site-packages/airflow/example_dags/example_sensors.py took 0.123 seconds
[2023-01-12T07:41:07.229+0000] {processor.py:153} INFO - Started process (PID=127) to work on /home/airflow/.local/lib/python3.7/site-packages/airflow/example_dags/example_sensors.py
[2023-01-12T07:41:07.231+0000] {processor.py:743} INFO - Processing file /home/airflow/.local/lib/python3.7/site-packages/airflow/example_dags/example_sensors.py for tasks to queue
[2023-01-12T07:41:07.232+0000] {logging_mixin.py:137} INFO - [2023-01-12T07:41:07.232+0000] {dagbag.py:538} INFO - Filling up the DagBag from /home/airflow/.local/lib/python3.7/site-packages/airflow/example_dags/example_sensors.py
[2023-01-12T07:41:07.252+0000] {processor.py:753} INFO - DAG(s) dict_keys(['example_sensors']) retrieved from /home/airflow/.local/lib/python3.7/site-packages/airflow/example_dags/example_sensors.py
[2023-01-12T07:41:07.283+0000] {logging_mixin.py:137} INFO - [2023-01-12T07:41:07.283+0000] {dag.py:2676} INFO - Sync 1 DAGs
[2023-01-12T07:41:07.302+0000] {logging_mixin.py:137} INFO - [2023-01-12T07:41:07.302+0000] {dag.py:3427} INFO - Setting next_dagrun for example_sensors to None, run_after=None
[2023-01-12T07:41:07.319+0000] {processor.py:175} INFO - Processing /home/airflow/.local/lib/python3.7/site-packages/airflow/example_dags/example_sensors.py took 0.093 seconds
[2023-01-12T07:41:37.367+0000] {processor.py:153} INFO - Started process (PID=188) to work on /home/airflow/.local/lib/python3.7/site-packages/airflow/example_dags/example_sensors.py
[2023-01-12T07:41:37.369+0000] {processor.py:743} INFO - Processing file /home/airflow/.local/lib/python3.7/site-packages/airflow/example_dags/example_sensors.py for tasks to queue
[2023-01-12T07:41:37.370+0000] {logging_mixin.py:137} INFO - [2023-01-12T07:41:37.370+0000] {dagbag.py:538} INFO - Filling up the DagBag from /home/airflow/.local/lib/python3.7/site-packages/airflow/example_dags/example_sensors.py
[2023-01-12T07:41:37.388+0000] {processor.py:753} INFO - DAG(s) dict_keys(['example_sensors']) retrieved from /home/airflow/.local/lib/python3.7/site-packages/airflow/example_dags/example_sensors.py
[2023-01-12T07:41:37.438+0000] {logging_mixin.py:137} INFO - [2023-01-12T07:41:37.438+0000] {dag.py:2676} INFO - Sync 1 DAGs
[2023-01-12T07:41:37.459+0000] {logging_mixin.py:137} INFO - [2023-01-12T07:41:37.459+0000] {dag.py:3427} INFO - Setting next_dagrun for example_sensors to None, run_after=None
[2023-01-12T07:41:37.481+0000] {processor.py:175} INFO - Processing /home/airflow/.local/lib/python3.7/site-packages/airflow/example_dags/example_sensors.py took 0.117 seconds
[2023-01-12T07:42:07.659+0000] {processor.py:153} INFO - Started process (PID=262) to work on /home/airflow/.local/lib/python3.7/site-packages/airflow/example_dags/example_sensors.py
[2023-01-12T07:42:07.660+0000] {processor.py:743} INFO - Processing file /home/airflow/.local/lib/python3.7/site-packages/airflow/example_dags/example_sensors.py for tasks to queue
[2023-01-12T07:42:07.661+0000] {logging_mixin.py:137} INFO - [2023-01-12T07:42:07.661+0000] {dagbag.py:538} INFO - Filling up the DagBag from /home/airflow/.local/lib/python3.7/site-packages/airflow/example_dags/example_sensors.py
[2023-01-12T07:42:07.678+0000] {processor.py:753} INFO - DAG(s) dict_keys(['example_sensors']) retrieved from /home/airflow/.local/lib/python3.7/site-packages/airflow/example_dags/example_sensors.py
[2023-01-12T07:42:07.712+0000] {logging_mixin.py:137} INFO - [2023-01-12T07:42:07.711+0000] {dag.py:2676} INFO - Sync 1 DAGs
[2023-01-12T07:42:07.730+0000] {logging_mixin.py:137} INFO - [2023-01-12T07:42:07.730+0000] {dag.py:3427} INFO - Setting next_dagrun for example_sensors to None, run_after=None
[2023-01-12T07:42:07.746+0000] {processor.py:175} INFO - Processing /home/airflow/.local/lib/python3.7/site-packages/airflow/example_dags/example_sensors.py took 0.090 seconds
[2023-01-12T07:42:38.401+0000] {processor.py:153} INFO - Started process (PID=338) to work on /home/airflow/.local/lib/python3.7/site-packages/airflow/example_dags/example_sensors.py
[2023-01-12T07:42:38.403+0000] {processor.py:743} INFO - Processing file /home/airflow/.local/lib/python3.7/site-packages/airflow/example_dags/example_sensors.py for tasks to queue
[2023-01-12T07:42:38.404+0000] {logging_mixin.py:137} INFO - [2023-01-12T07:42:38.404+0000] {dagbag.py:538} INFO - Filling up the DagBag from /home/airflow/.local/lib/python3.7/site-packages/airflow/example_dags/example_sensors.py
[2023-01-12T07:42:38.427+0000] {processor.py:753} INFO - DAG(s) dict_keys(['example_sensors']) retrieved from /home/airflow/.local/lib/python3.7/site-packages/airflow/example_dags/example_sensors.py
[2023-01-12T07:42:38.458+0000] {logging_mixin.py:137} INFO - [2023-01-12T07:42:38.458+0000] {dag.py:2676} INFO - Sync 1 DAGs
[2023-01-12T07:42:38.476+0000] {logging_mixin.py:137} INFO - [2023-01-12T07:42:38.476+0000] {dag.py:3427} INFO - Setting next_dagrun for example_sensors to None, run_after=None
[2023-01-12T07:42:38.492+0000] {processor.py:175} INFO - Processing /home/airflow/.local/lib/python3.7/site-packages/airflow/example_dags/example_sensors.py took 0.094 seconds
[2023-01-12T07:43:09.049+0000] {processor.py:153} INFO - Started process (PID=400) to work on /home/airflow/.local/lib/python3.7/site-packages/airflow/example_dags/example_sensors.py
[2023-01-12T07:43:09.051+0000] {processor.py:743} INFO - Processing file /home/airflow/.local/lib/python3.7/site-packages/airflow/example_dags/example_sensors.py for tasks to queue
[2023-01-12T07:43:09.053+0000] {logging_mixin.py:137} INFO - [2023-01-12T07:43:09.053+0000] {dagbag.py:538} INFO - Filling up the DagBag from /home/airflow/.local/lib/python3.7/site-packages/airflow/example_dags/example_sensors.py
[2023-01-12T07:43:09.070+0000] {processor.py:753} INFO - DAG(s) dict_keys(['example_sensors']) retrieved from /home/airflow/.local/lib/python3.7/site-packages/airflow/example_dags/example_sensors.py
[2023-01-12T07:43:09.101+0000] {logging_mixin.py:137} INFO - [2023-01-12T07:43:09.101+0000] {dag.py:2676} INFO - Sync 1 DAGs
[2023-01-12T07:43:09.119+0000] {logging_mixin.py:137} INFO - [2023-01-12T07:43:09.119+0000] {dag.py:3427} INFO - Setting next_dagrun for example_sensors to None, run_after=None
[2023-01-12T07:43:09.133+0000] {processor.py:175} INFO - Processing /home/airflow/.local/lib/python3.7/site-packages/airflow/example_dags/example_sensors.py took 0.087 seconds
[2023-01-12T07:43:39.850+0000] {processor.py:153} INFO - Started process (PID=472) to work on /home/airflow/.local/lib/python3.7/site-packages/airflow/example_dags/example_sensors.py
[2023-01-12T07:43:39.852+0000] {processor.py:743} INFO - Processing file /home/airflow/.local/lib/python3.7/site-packages/airflow/example_dags/example_sensors.py for tasks to queue
[2023-01-12T07:43:39.853+0000] {logging_mixin.py:137} INFO - [2023-01-12T07:43:39.853+0000] {dagbag.py:538} INFO - Filling up the DagBag from /home/airflow/.local/lib/python3.7/site-packages/airflow/example_dags/example_sensors.py
[2023-01-12T07:43:39.869+0000] {processor.py:753} INFO - DAG(s) dict_keys(['example_sensors']) retrieved from /home/airflow/.local/lib/python3.7/site-packages/airflow/example_dags/example_sensors.py
[2023-01-12T07:43:39.901+0000] {logging_mixin.py:137} INFO - [2023-01-12T07:43:39.901+0000] {dag.py:2676} INFO - Sync 1 DAGs
[2023-01-12T07:43:39.921+0000] {logging_mixin.py:137} INFO - [2023-01-12T07:43:39.921+0000] {dag.py:3427} INFO - Setting next_dagrun for example_sensors to None, run_after=None
[2023-01-12T07:43:39.937+0000] {processor.py:175} INFO - Processing /home/airflow/.local/lib/python3.7/site-packages/airflow/example_dags/example_sensors.py took 0.089 seconds
[2023-01-12T07:44:10.972+0000] {processor.py:153} INFO - Started process (PID=546) to work on /home/airflow/.local/lib/python3.7/site-packages/airflow/example_dags/example_sensors.py
[2023-01-12T07:44:10.974+0000] {processor.py:743} INFO - Processing file /home/airflow/.local/lib/python3.7/site-packages/airflow/example_dags/example_sensors.py for tasks to queue
[2023-01-12T07:44:10.976+0000] {logging_mixin.py:137} INFO - [2023-01-12T07:44:10.976+0000] {dagbag.py:538} INFO - Filling up the DagBag from /home/airflow/.local/lib/python3.7/site-packages/airflow/example_dags/example_sensors.py
[2023-01-12T07:44:10.999+0000] {processor.py:753} INFO - DAG(s) dict_keys(['example_sensors']) retrieved from /home/airflow/.local/lib/python3.7/site-packages/airflow/example_dags/example_sensors.py
[2023-01-12T07:44:11.038+0000] {logging_mixin.py:137} INFO - [2023-01-12T07:44:11.038+0000] {dag.py:2676} INFO - Sync 1 DAGs
[2023-01-12T07:44:11.061+0000] {logging_mixin.py:137} INFO - [2023-01-12T07:44:11.060+0000] {dag.py:3427} INFO - Setting next_dagrun for example_sensors to None, run_after=None
[2023-01-12T07:44:11.080+0000] {processor.py:175} INFO - Processing /home/airflow/.local/lib/python3.7/site-packages/airflow/example_dags/example_sensors.py took 0.112 seconds
[2023-01-12T07:44:41.773+0000] {processor.py:153} INFO - Started process (PID=608) to work on /home/airflow/.local/lib/python3.7/site-packages/airflow/example_dags/example_sensors.py
[2023-01-12T07:44:41.775+0000] {processor.py:743} INFO - Processing file /home/airflow/.local/lib/python3.7/site-packages/airflow/example_dags/example_sensors.py for tasks to queue
[2023-01-12T07:44:41.778+0000] {logging_mixin.py:137} INFO - [2023-01-12T07:44:41.777+0000] {dagbag.py:538} INFO - Filling up the DagBag from /home/airflow/.local/lib/python3.7/site-packages/airflow/example_dags/example_sensors.py
[2023-01-12T07:44:41.795+0000] {processor.py:753} INFO - DAG(s) dict_keys(['example_sensors']) retrieved from /home/airflow/.local/lib/python3.7/site-packages/airflow/example_dags/example_sensors.py
[2023-01-12T07:44:41.827+0000] {logging_mixin.py:137} INFO - [2023-01-12T07:44:41.827+0000] {dag.py:2676} INFO - Sync 1 DAGs
[2023-01-12T07:44:41.846+0000] {logging_mixin.py:137} INFO - [2023-01-12T07:44:41.845+0000] {dag.py:3427} INFO - Setting next_dagrun for example_sensors to None, run_after=None
[2023-01-12T07:44:41.863+0000] {processor.py:175} INFO - Processing /home/airflow/.local/lib/python3.7/site-packages/airflow/example_dags/example_sensors.py took 0.092 seconds
[2023-01-12T07:45:12.281+0000] {processor.py:153} INFO - Started process (PID=683) to work on /home/airflow/.local/lib/python3.7/site-packages/airflow/example_dags/example_sensors.py
[2023-01-12T07:45:12.283+0000] {processor.py:743} INFO - Processing file /home/airflow/.local/lib/python3.7/site-packages/airflow/example_dags/example_sensors.py for tasks to queue
[2023-01-12T07:45:12.284+0000] {logging_mixin.py:137} INFO - [2023-01-12T07:45:12.284+0000] {dagbag.py:538} INFO - Filling up the DagBag from /home/airflow/.local/lib/python3.7/site-packages/airflow/example_dags/example_sensors.py
[2023-01-12T07:45:12.301+0000] {processor.py:753} INFO - DAG(s) dict_keys(['example_sensors']) retrieved from /home/airflow/.local/lib/python3.7/site-packages/airflow/example_dags/example_sensors.py
[2023-01-12T07:45:12.332+0000] {logging_mixin.py:137} INFO - [2023-01-12T07:45:12.332+0000] {dag.py:2676} INFO - Sync 1 DAGs
[2023-01-12T07:45:12.352+0000] {logging_mixin.py:137} INFO - [2023-01-12T07:45:12.352+0000] {dag.py:3427} INFO - Setting next_dagrun for example_sensors to None, run_after=None
[2023-01-12T07:45:12.368+0000] {processor.py:175} INFO - Processing /home/airflow/.local/lib/python3.7/site-packages/airflow/example_dags/example_sensors.py took 0.090 seconds
[2023-01-12T07:45:43.160+0000] {processor.py:153} INFO - Started process (PID=754) to work on /home/airflow/.local/lib/python3.7/site-packages/airflow/example_dags/example_sensors.py
[2023-01-12T07:45:43.161+0000] {processor.py:743} INFO - Processing file /home/airflow/.local/lib/python3.7/site-packages/airflow/example_dags/example_sensors.py for tasks to queue
[2023-01-12T07:45:43.163+0000] {logging_mixin.py:137} INFO - [2023-01-12T07:45:43.162+0000] {dagbag.py:538} INFO - Filling up the DagBag from /home/airflow/.local/lib/python3.7/site-packages/airflow/example_dags/example_sensors.py
[2023-01-12T07:45:43.190+0000] {processor.py:753} INFO - DAG(s) dict_keys(['example_sensors']) retrieved from /home/airflow/.local/lib/python3.7/site-packages/airflow/example_dags/example_sensors.py
[2023-01-12T07:45:43.262+0000] {logging_mixin.py:137} INFO - [2023-01-12T07:45:43.262+0000] {dag.py:2676} INFO - Sync 1 DAGs
[2023-01-12T07:45:43.304+0000] {logging_mixin.py:137} INFO - [2023-01-12T07:45:43.303+0000] {dag.py:3427} INFO - Setting next_dagrun for example_sensors to None, run_after=None
[2023-01-12T07:45:43.319+0000] {processor.py:175} INFO - Processing /home/airflow/.local/lib/python3.7/site-packages/airflow/example_dags/example_sensors.py took 0.161 seconds
[2023-01-12T07:46:14.046+0000] {processor.py:153} INFO - Started process (PID=819) to work on /home/airflow/.local/lib/python3.7/site-packages/airflow/example_dags/example_sensors.py
[2023-01-12T07:46:14.048+0000] {processor.py:743} INFO - Processing file /home/airflow/.local/lib/python3.7/site-packages/airflow/example_dags/example_sensors.py for tasks to queue
[2023-01-12T07:46:14.049+0000] {logging_mixin.py:137} INFO - [2023-01-12T07:46:14.049+0000] {dagbag.py:538} INFO - Filling up the DagBag from /home/airflow/.local/lib/python3.7/site-packages/airflow/example_dags/example_sensors.py
[2023-01-12T07:46:14.067+0000] {processor.py:753} INFO - DAG(s) dict_keys(['example_sensors']) retrieved from /home/airflow/.local/lib/python3.7/site-packages/airflow/example_dags/example_sensors.py
[2023-01-12T07:46:14.105+0000] {logging_mixin.py:137} INFO - [2023-01-12T07:46:14.105+0000] {dag.py:2676} INFO - Sync 1 DAGs
[2023-01-12T07:46:14.124+0000] {logging_mixin.py:137} INFO - [2023-01-12T07:46:14.124+0000] {dag.py:3427} INFO - Setting next_dagrun for example_sensors to None, run_after=None
[2023-01-12T07:46:14.141+0000] {processor.py:175} INFO - Processing /home/airflow/.local/lib/python3.7/site-packages/airflow/example_dags/example_sensors.py took 0.098 seconds
[2023-01-12T07:46:44.731+0000] {processor.py:153} INFO - Started process (PID=894) to work on /home/airflow/.local/lib/python3.7/site-packages/airflow/example_dags/example_sensors.py
[2023-01-12T07:46:44.733+0000] {processor.py:743} INFO - Processing file /home/airflow/.local/lib/python3.7/site-packages/airflow/example_dags/example_sensors.py for tasks to queue
[2023-01-12T07:46:44.735+0000] {logging_mixin.py:137} INFO - [2023-01-12T07:46:44.735+0000] {dagbag.py:538} INFO - Filling up the DagBag from /home/airflow/.local/lib/python3.7/site-packages/airflow/example_dags/example_sensors.py
[2023-01-12T07:46:44.749+0000] {processor.py:753} INFO - DAG(s) dict_keys(['example_sensors']) retrieved from /home/airflow/.local/lib/python3.7/site-packages/airflow/example_dags/example_sensors.py
[2023-01-12T07:46:44.781+0000] {logging_mixin.py:137} INFO - [2023-01-12T07:46:44.781+0000] {dag.py:2676} INFO - Sync 1 DAGs
[2023-01-12T07:46:44.804+0000] {logging_mixin.py:137} INFO - [2023-01-12T07:46:44.804+0000] {dag.py:3427} INFO - Setting next_dagrun for example_sensors to None, run_after=None
[2023-01-12T07:46:44.819+0000] {processor.py:175} INFO - Processing /home/airflow/.local/lib/python3.7/site-packages/airflow/example_dags/example_sensors.py took 0.090 seconds
[2023-01-12T07:47:15.561+0000] {processor.py:153} INFO - Started process (PID=956) to work on /home/airflow/.local/lib/python3.7/site-packages/airflow/example_dags/example_sensors.py
[2023-01-12T07:47:15.563+0000] {processor.py:743} INFO - Processing file /home/airflow/.local/lib/python3.7/site-packages/airflow/example_dags/example_sensors.py for tasks to queue
[2023-01-12T07:47:15.564+0000] {logging_mixin.py:137} INFO - [2023-01-12T07:47:15.564+0000] {dagbag.py:538} INFO - Filling up the DagBag from /home/airflow/.local/lib/python3.7/site-packages/airflow/example_dags/example_sensors.py
[2023-01-12T07:47:15.580+0000] {processor.py:753} INFO - DAG(s) dict_keys(['example_sensors']) retrieved from /home/airflow/.local/lib/python3.7/site-packages/airflow/example_dags/example_sensors.py
[2023-01-12T07:47:15.617+0000] {logging_mixin.py:137} INFO - [2023-01-12T07:47:15.617+0000] {dag.py:2676} INFO - Sync 1 DAGs
[2023-01-12T07:47:15.639+0000] {logging_mixin.py:137} INFO - [2023-01-12T07:47:15.639+0000] {dag.py:3427} INFO - Setting next_dagrun for example_sensors to None, run_after=None
[2023-01-12T07:47:15.655+0000] {processor.py:175} INFO - Processing /home/airflow/.local/lib/python3.7/site-packages/airflow/example_dags/example_sensors.py took 0.097 seconds
[2023-01-12T07:47:45.854+0000] {processor.py:153} INFO - Started process (PID=1032) to work on /home/airflow/.local/lib/python3.7/site-packages/airflow/example_dags/example_sensors.py
[2023-01-12T07:47:45.861+0000] {processor.py:743} INFO - Processing file /home/airflow/.local/lib/python3.7/site-packages/airflow/example_dags/example_sensors.py for tasks to queue
[2023-01-12T07:47:45.864+0000] {logging_mixin.py:137} INFO - [2023-01-12T07:47:45.864+0000] {dagbag.py:538} INFO - Filling up the DagBag from /home/airflow/.local/lib/python3.7/site-packages/airflow/example_dags/example_sensors.py
[2023-01-12T07:47:45.884+0000] {processor.py:753} INFO - DAG(s) dict_keys(['example_sensors']) retrieved from /home/airflow/.local/lib/python3.7/site-packages/airflow/example_dags/example_sensors.py
[2023-01-12T07:47:45.921+0000] {logging_mixin.py:137} INFO - [2023-01-12T07:47:45.920+0000] {dag.py:2676} INFO - Sync 1 DAGs
[2023-01-12T07:47:45.940+0000] {logging_mixin.py:137} INFO - [2023-01-12T07:47:45.940+0000] {dag.py:3427} INFO - Setting next_dagrun for example_sensors to None, run_after=None
[2023-01-12T07:47:45.955+0000] {processor.py:175} INFO - Processing /home/airflow/.local/lib/python3.7/site-packages/airflow/example_dags/example_sensors.py took 0.104 seconds
[2023-01-12T07:48:16.679+0000] {processor.py:153} INFO - Started process (PID=1105) to work on /home/airflow/.local/lib/python3.7/site-packages/airflow/example_dags/example_sensors.py
[2023-01-12T07:48:16.681+0000] {processor.py:743} INFO - Processing file /home/airflow/.local/lib/python3.7/site-packages/airflow/example_dags/example_sensors.py for tasks to queue
[2023-01-12T07:48:16.683+0000] {logging_mixin.py:137} INFO - [2023-01-12T07:48:16.683+0000] {dagbag.py:538} INFO - Filling up the DagBag from /home/airflow/.local/lib/python3.7/site-packages/airflow/example_dags/example_sensors.py
[2023-01-12T07:48:16.713+0000] {processor.py:753} INFO - DAG(s) dict_keys(['example_sensors']) retrieved from /home/airflow/.local/lib/python3.7/site-packages/airflow/example_dags/example_sensors.py
[2023-01-12T07:48:16.756+0000] {logging_mixin.py:137} INFO - [2023-01-12T07:48:16.756+0000] {dag.py:2676} INFO - Sync 1 DAGs
[2023-01-12T07:48:16.785+0000] {logging_mixin.py:137} INFO - [2023-01-12T07:48:16.785+0000] {dag.py:3427} INFO - Setting next_dagrun for example_sensors to None, run_after=None
[2023-01-12T07:48:16.804+0000] {processor.py:175} INFO - Processing /home/airflow/.local/lib/python3.7/site-packages/airflow/example_dags/example_sensors.py took 0.129 seconds
[2023-01-12T07:48:47.310+0000] {processor.py:153} INFO - Started process (PID=1166) to work on /home/airflow/.local/lib/python3.7/site-packages/airflow/example_dags/example_sensors.py
[2023-01-12T07:48:47.312+0000] {processor.py:743} INFO - Processing file /home/airflow/.local/lib/python3.7/site-packages/airflow/example_dags/example_sensors.py for tasks to queue
[2023-01-12T07:48:47.314+0000] {logging_mixin.py:137} INFO - [2023-01-12T07:48:47.313+0000] {dagbag.py:538} INFO - Filling up the DagBag from /home/airflow/.local/lib/python3.7/site-packages/airflow/example_dags/example_sensors.py
[2023-01-12T07:48:47.332+0000] {processor.py:753} INFO - DAG(s) dict_keys(['example_sensors']) retrieved from /home/airflow/.local/lib/python3.7/site-packages/airflow/example_dags/example_sensors.py
[2023-01-12T07:48:47.365+0000] {logging_mixin.py:137} INFO - [2023-01-12T07:48:47.365+0000] {dag.py:2676} INFO - Sync 1 DAGs
[2023-01-12T07:48:47.386+0000] {logging_mixin.py:137} INFO - [2023-01-12T07:48:47.386+0000] {dag.py:3427} INFO - Setting next_dagrun for example_sensors to None, run_after=None
[2023-01-12T07:48:47.404+0000] {processor.py:175} INFO - Processing /home/airflow/.local/lib/python3.7/site-packages/airflow/example_dags/example_sensors.py took 0.097 seconds
[2023-01-12T07:49:17.778+0000] {processor.py:153} INFO - Started process (PID=1242) to work on /home/airflow/.local/lib/python3.7/site-packages/airflow/example_dags/example_sensors.py
[2023-01-12T07:49:17.780+0000] {processor.py:743} INFO - Processing file /home/airflow/.local/lib/python3.7/site-packages/airflow/example_dags/example_sensors.py for tasks to queue
[2023-01-12T07:49:17.781+0000] {logging_mixin.py:137} INFO - [2023-01-12T07:49:17.781+0000] {dagbag.py:538} INFO - Filling up the DagBag from /home/airflow/.local/lib/python3.7/site-packages/airflow/example_dags/example_sensors.py
[2023-01-12T07:49:17.796+0000] {processor.py:753} INFO - DAG(s) dict_keys(['example_sensors']) retrieved from /home/airflow/.local/lib/python3.7/site-packages/airflow/example_dags/example_sensors.py
[2023-01-12T07:49:17.826+0000] {logging_mixin.py:137} INFO - [2023-01-12T07:49:17.826+0000] {dag.py:2676} INFO - Sync 1 DAGs
[2023-01-12T07:49:17.844+0000] {logging_mixin.py:137} INFO - [2023-01-12T07:49:17.843+0000] {dag.py:3427} INFO - Setting next_dagrun for example_sensors to None, run_after=None
[2023-01-12T07:49:17.858+0000] {processor.py:175} INFO - Processing /home/airflow/.local/lib/python3.7/site-packages/airflow/example_dags/example_sensors.py took 0.083 seconds
[2023-01-12T07:49:48.596+0000] {processor.py:153} INFO - Started process (PID=1304) to work on /home/airflow/.local/lib/python3.7/site-packages/airflow/example_dags/example_sensors.py
[2023-01-12T07:49:48.598+0000] {processor.py:743} INFO - Processing file /home/airflow/.local/lib/python3.7/site-packages/airflow/example_dags/example_sensors.py for tasks to queue
[2023-01-12T07:49:48.600+0000] {logging_mixin.py:137} INFO - [2023-01-12T07:49:48.600+0000] {dagbag.py:538} INFO - Filling up the DagBag from /home/airflow/.local/lib/python3.7/site-packages/airflow/example_dags/example_sensors.py
[2023-01-12T07:49:48.620+0000] {processor.py:753} INFO - DAG(s) dict_keys(['example_sensors']) retrieved from /home/airflow/.local/lib/python3.7/site-packages/airflow/example_dags/example_sensors.py
[2023-01-12T07:49:48.659+0000] {logging_mixin.py:137} INFO - [2023-01-12T07:49:48.658+0000] {dag.py:2676} INFO - Sync 1 DAGs
[2023-01-12T07:49:48.679+0000] {logging_mixin.py:137} INFO - [2023-01-12T07:49:48.679+0000] {dag.py:3427} INFO - Setting next_dagrun for example_sensors to None, run_after=None
[2023-01-12T07:49:48.695+0000] {processor.py:175} INFO - Processing /home/airflow/.local/lib/python3.7/site-packages/airflow/example_dags/example_sensors.py took 0.102 seconds
[2023-01-12T07:50:19.511+0000] {processor.py:153} INFO - Started process (PID=1379) to work on /home/airflow/.local/lib/python3.7/site-packages/airflow/example_dags/example_sensors.py
[2023-01-12T07:50:19.513+0000] {processor.py:743} INFO - Processing file /home/airflow/.local/lib/python3.7/site-packages/airflow/example_dags/example_sensors.py for tasks to queue
[2023-01-12T07:50:19.514+0000] {logging_mixin.py:137} INFO - [2023-01-12T07:50:19.514+0000] {dagbag.py:538} INFO - Filling up the DagBag from /home/airflow/.local/lib/python3.7/site-packages/airflow/example_dags/example_sensors.py
[2023-01-12T07:50:19.533+0000] {processor.py:753} INFO - DAG(s) dict_keys(['example_sensors']) retrieved from /home/airflow/.local/lib/python3.7/site-packages/airflow/example_dags/example_sensors.py
[2023-01-12T07:50:19.568+0000] {logging_mixin.py:137} INFO - [2023-01-12T07:50:19.568+0000] {dag.py:2676} INFO - Sync 1 DAGs
[2023-01-12T07:50:19.587+0000] {logging_mixin.py:137} INFO - [2023-01-12T07:50:19.586+0000] {dag.py:3427} INFO - Setting next_dagrun for example_sensors to None, run_after=None
[2023-01-12T07:50:19.601+0000] {processor.py:175} INFO - Processing /home/airflow/.local/lib/python3.7/site-packages/airflow/example_dags/example_sensors.py took 0.093 seconds
[2023-01-12T07:50:50.447+0000] {processor.py:153} INFO - Started process (PID=1452) to work on /home/airflow/.local/lib/python3.7/site-packages/airflow/example_dags/example_sensors.py
[2023-01-12T07:50:50.449+0000] {processor.py:743} INFO - Processing file /home/airflow/.local/lib/python3.7/site-packages/airflow/example_dags/example_sensors.py for tasks to queue
[2023-01-12T07:50:50.452+0000] {logging_mixin.py:137} INFO - [2023-01-12T07:50:50.452+0000] {dagbag.py:538} INFO - Filling up the DagBag from /home/airflow/.local/lib/python3.7/site-packages/airflow/example_dags/example_sensors.py
[2023-01-12T07:50:50.471+0000] {processor.py:753} INFO - DAG(s) dict_keys(['example_sensors']) retrieved from /home/airflow/.local/lib/python3.7/site-packages/airflow/example_dags/example_sensors.py
[2023-01-12T07:50:50.509+0000] {logging_mixin.py:137} INFO - [2023-01-12T07:50:50.509+0000] {dag.py:2676} INFO - Sync 1 DAGs
[2023-01-12T07:50:50.529+0000] {logging_mixin.py:137} INFO - [2023-01-12T07:50:50.529+0000] {dag.py:3427} INFO - Setting next_dagrun for example_sensors to None, run_after=None
[2023-01-12T07:50:50.554+0000] {processor.py:175} INFO - Processing /home/airflow/.local/lib/python3.7/site-packages/airflow/example_dags/example_sensors.py took 0.110 seconds
[2023-01-12T07:51:21.274+0000] {processor.py:153} INFO - Started process (PID=1513) to work on /home/airflow/.local/lib/python3.7/site-packages/airflow/example_dags/example_sensors.py
[2023-01-12T07:51:21.277+0000] {processor.py:743} INFO - Processing file /home/airflow/.local/lib/python3.7/site-packages/airflow/example_dags/example_sensors.py for tasks to queue
[2023-01-12T07:51:21.279+0000] {logging_mixin.py:137} INFO - [2023-01-12T07:51:21.279+0000] {dagbag.py:538} INFO - Filling up the DagBag from /home/airflow/.local/lib/python3.7/site-packages/airflow/example_dags/example_sensors.py
[2023-01-12T07:51:21.296+0000] {processor.py:753} INFO - DAG(s) dict_keys(['example_sensors']) retrieved from /home/airflow/.local/lib/python3.7/site-packages/airflow/example_dags/example_sensors.py
[2023-01-12T07:51:21.332+0000] {logging_mixin.py:137} INFO - [2023-01-12T07:51:21.332+0000] {dag.py:2676} INFO - Sync 1 DAGs
[2023-01-12T07:51:21.355+0000] {logging_mixin.py:137} INFO - [2023-01-12T07:51:21.355+0000] {dag.py:3427} INFO - Setting next_dagrun for example_sensors to None, run_after=None
[2023-01-12T07:51:21.372+0000] {processor.py:175} INFO - Processing /home/airflow/.local/lib/python3.7/site-packages/airflow/example_dags/example_sensors.py took 0.101 seconds
[2023-01-12T07:51:52.153+0000] {processor.py:153} INFO - Started process (PID=1585) to work on /home/airflow/.local/lib/python3.7/site-packages/airflow/example_dags/example_sensors.py
[2023-01-12T07:51:52.154+0000] {processor.py:743} INFO - Processing file /home/airflow/.local/lib/python3.7/site-packages/airflow/example_dags/example_sensors.py for tasks to queue
[2023-01-12T07:51:52.155+0000] {logging_mixin.py:137} INFO - [2023-01-12T07:51:52.155+0000] {dagbag.py:538} INFO - Filling up the DagBag from /home/airflow/.local/lib/python3.7/site-packages/airflow/example_dags/example_sensors.py
[2023-01-12T07:51:52.172+0000] {processor.py:753} INFO - DAG(s) dict_keys(['example_sensors']) retrieved from /home/airflow/.local/lib/python3.7/site-packages/airflow/example_dags/example_sensors.py
[2023-01-12T07:51:52.204+0000] {logging_mixin.py:137} INFO - [2023-01-12T07:51:52.203+0000] {dag.py:2676} INFO - Sync 1 DAGs
[2023-01-12T07:51:52.225+0000] {logging_mixin.py:137} INFO - [2023-01-12T07:51:52.225+0000] {dag.py:3427} INFO - Setting next_dagrun for example_sensors to None, run_after=None
[2023-01-12T07:51:52.242+0000] {processor.py:175} INFO - Processing /home/airflow/.local/lib/python3.7/site-packages/airflow/example_dags/example_sensors.py took 0.091 seconds
[2023-01-12T07:52:23.253+0000] {processor.py:153} INFO - Started process (PID=1660) to work on /home/airflow/.local/lib/python3.7/site-packages/airflow/example_dags/example_sensors.py
[2023-01-12T07:52:23.256+0000] {processor.py:743} INFO - Processing file /home/airflow/.local/lib/python3.7/site-packages/airflow/example_dags/example_sensors.py for tasks to queue
[2023-01-12T07:52:23.257+0000] {logging_mixin.py:137} INFO - [2023-01-12T07:52:23.257+0000] {dagbag.py:538} INFO - Filling up the DagBag from /home/airflow/.local/lib/python3.7/site-packages/airflow/example_dags/example_sensors.py
[2023-01-12T07:52:23.276+0000] {processor.py:753} INFO - DAG(s) dict_keys(['example_sensors']) retrieved from /home/airflow/.local/lib/python3.7/site-packages/airflow/example_dags/example_sensors.py
[2023-01-12T07:52:23.317+0000] {logging_mixin.py:137} INFO - [2023-01-12T07:52:23.317+0000] {dag.py:2676} INFO - Sync 1 DAGs
[2023-01-12T07:52:23.345+0000] {logging_mixin.py:137} INFO - [2023-01-12T07:52:23.345+0000] {dag.py:3427} INFO - Setting next_dagrun for example_sensors to None, run_after=None
[2023-01-12T07:52:23.371+0000] {processor.py:175} INFO - Processing /home/airflow/.local/lib/python3.7/site-packages/airflow/example_dags/example_sensors.py took 0.121 seconds
[2023-01-12T07:52:54.041+0000] {processor.py:153} INFO - Started process (PID=1721) to work on /home/airflow/.local/lib/python3.7/site-packages/airflow/example_dags/example_sensors.py
[2023-01-12T07:52:54.043+0000] {processor.py:743} INFO - Processing file /home/airflow/.local/lib/python3.7/site-packages/airflow/example_dags/example_sensors.py for tasks to queue
[2023-01-12T07:52:54.045+0000] {logging_mixin.py:137} INFO - [2023-01-12T07:52:54.045+0000] {dagbag.py:538} INFO - Filling up the DagBag from /home/airflow/.local/lib/python3.7/site-packages/airflow/example_dags/example_sensors.py
[2023-01-12T07:52:54.063+0000] {processor.py:753} INFO - DAG(s) dict_keys(['example_sensors']) retrieved from /home/airflow/.local/lib/python3.7/site-packages/airflow/example_dags/example_sensors.py
[2023-01-12T07:52:54.095+0000] {logging_mixin.py:137} INFO - [2023-01-12T07:52:54.095+0000] {dag.py:2676} INFO - Sync 1 DAGs
[2023-01-12T07:52:54.115+0000] {logging_mixin.py:137} INFO - [2023-01-12T07:52:54.115+0000] {dag.py:3427} INFO - Setting next_dagrun for example_sensors to None, run_after=None
[2023-01-12T07:52:54.129+0000] {processor.py:175} INFO - Processing /home/airflow/.local/lib/python3.7/site-packages/airflow/example_dags/example_sensors.py took 0.090 seconds
[2023-01-12T07:53:24.632+0000] {processor.py:153} INFO - Started process (PID=1794) to work on /home/airflow/.local/lib/python3.7/site-packages/airflow/example_dags/example_sensors.py
[2023-01-12T07:53:24.634+0000] {processor.py:743} INFO - Processing file /home/airflow/.local/lib/python3.7/site-packages/airflow/example_dags/example_sensors.py for tasks to queue
[2023-01-12T07:53:24.636+0000] {logging_mixin.py:137} INFO - [2023-01-12T07:53:24.636+0000] {dagbag.py:538} INFO - Filling up the DagBag from /home/airflow/.local/lib/python3.7/site-packages/airflow/example_dags/example_sensors.py
[2023-01-12T07:53:24.650+0000] {processor.py:753} INFO - DAG(s) dict_keys(['example_sensors']) retrieved from /home/airflow/.local/lib/python3.7/site-packages/airflow/example_dags/example_sensors.py
[2023-01-12T07:53:24.680+0000] {logging_mixin.py:137} INFO - [2023-01-12T07:53:24.680+0000] {dag.py:2676} INFO - Sync 1 DAGs
[2023-01-12T07:53:24.698+0000] {logging_mixin.py:137} INFO - [2023-01-12T07:53:24.698+0000] {dag.py:3427} INFO - Setting next_dagrun for example_sensors to None, run_after=None
[2023-01-12T07:53:24.711+0000] {processor.py:175} INFO - Processing /home/airflow/.local/lib/python3.7/site-packages/airflow/example_dags/example_sensors.py took 0.081 seconds
[2023-01-12T07:53:55.116+0000] {processor.py:153} INFO - Started process (PID=1856) to work on /home/airflow/.local/lib/python3.7/site-packages/airflow/example_dags/example_sensors.py
[2023-01-12T07:53:55.118+0000] {processor.py:743} INFO - Processing file /home/airflow/.local/lib/python3.7/site-packages/airflow/example_dags/example_sensors.py for tasks to queue
[2023-01-12T07:53:55.120+0000] {logging_mixin.py:137} INFO - [2023-01-12T07:53:55.119+0000] {dagbag.py:538} INFO - Filling up the DagBag from /home/airflow/.local/lib/python3.7/site-packages/airflow/example_dags/example_sensors.py
[2023-01-12T07:53:55.136+0000] {processor.py:753} INFO - DAG(s) dict_keys(['example_sensors']) retrieved from /home/airflow/.local/lib/python3.7/site-packages/airflow/example_dags/example_sensors.py
[2023-01-12T07:53:55.168+0000] {logging_mixin.py:137} INFO - [2023-01-12T07:53:55.168+0000] {dag.py:2676} INFO - Sync 1 DAGs
[2023-01-12T07:53:55.187+0000] {logging_mixin.py:137} INFO - [2023-01-12T07:53:55.187+0000] {dag.py:3427} INFO - Setting next_dagrun for example_sensors to None, run_after=None
[2023-01-12T07:53:55.203+0000] {processor.py:175} INFO - Processing /home/airflow/.local/lib/python3.7/site-packages/airflow/example_dags/example_sensors.py took 0.089 seconds
