[2023-01-12T07:27:05.789+0000] {processor.py:153} INFO - Started process (PID=45) to work on /home/airflow/.local/lib/python3.7/site-packages/airflow/example_dags/example_latest_only.py
[2023-01-12T07:27:05.791+0000] {processor.py:743} INFO - Processing file /home/airflow/.local/lib/python3.7/site-packages/airflow/example_dags/example_latest_only.py for tasks to queue
[2023-01-12T07:27:05.793+0000] {logging_mixin.py:137} INFO - [2023-01-12T07:27:05.793+0000] {dagbag.py:538} INFO - Filling up the DagBag from /home/airflow/.local/lib/python3.7/site-packages/airflow/example_dags/example_latest_only.py
[2023-01-12T07:27:05.824+0000] {processor.py:753} INFO - DAG(s) dict_keys(['latest_only']) retrieved from /home/airflow/.local/lib/python3.7/site-packages/airflow/example_dags/example_latest_only.py
[2023-01-12T07:27:05.866+0000] {logging_mixin.py:137} INFO - [2023-01-12T07:27:05.866+0000] {dag.py:2676} INFO - Sync 1 DAGs
[2023-01-12T07:27:05.898+0000] {logging_mixin.py:137} INFO - [2023-01-12T07:27:05.898+0000] {dag.py:3427} INFO - Setting next_dagrun for latest_only to 2023-01-12T03:27:05.897821+00:00, run_after=2023-01-12T07:27:05.897821+00:00
[2023-01-12T07:27:05.924+0000] {processor.py:175} INFO - Processing /home/airflow/.local/lib/python3.7/site-packages/airflow/example_dags/example_latest_only.py took 0.139 seconds
[2023-01-12T07:27:36.207+0000] {processor.py:153} INFO - Started process (PID=119) to work on /home/airflow/.local/lib/python3.7/site-packages/airflow/example_dags/example_latest_only.py
[2023-01-12T07:27:36.209+0000] {processor.py:743} INFO - Processing file /home/airflow/.local/lib/python3.7/site-packages/airflow/example_dags/example_latest_only.py for tasks to queue
[2023-01-12T07:27:36.210+0000] {logging_mixin.py:137} INFO - [2023-01-12T07:27:36.210+0000] {dagbag.py:538} INFO - Filling up the DagBag from /home/airflow/.local/lib/python3.7/site-packages/airflow/example_dags/example_latest_only.py
[2023-01-12T07:27:36.223+0000] {processor.py:753} INFO - DAG(s) dict_keys(['latest_only']) retrieved from /home/airflow/.local/lib/python3.7/site-packages/airflow/example_dags/example_latest_only.py
[2023-01-12T07:27:36.254+0000] {logging_mixin.py:137} INFO - [2023-01-12T07:27:36.254+0000] {dag.py:2676} INFO - Sync 1 DAGs
[2023-01-12T07:27:36.273+0000] {logging_mixin.py:137} INFO - [2023-01-12T07:27:36.273+0000] {dag.py:3427} INFO - Setting next_dagrun for latest_only to 2023-01-12T03:27:36.273386+00:00, run_after=2023-01-12T07:27:36.273386+00:00
[2023-01-12T07:27:36.289+0000] {processor.py:175} INFO - Processing /home/airflow/.local/lib/python3.7/site-packages/airflow/example_dags/example_latest_only.py took 0.084 seconds
[2023-01-12T07:28:07.206+0000] {processor.py:153} INFO - Started process (PID=188) to work on /home/airflow/.local/lib/python3.7/site-packages/airflow/example_dags/example_latest_only.py
[2023-01-12T07:28:07.208+0000] {processor.py:743} INFO - Processing file /home/airflow/.local/lib/python3.7/site-packages/airflow/example_dags/example_latest_only.py for tasks to queue
[2023-01-12T07:28:07.209+0000] {logging_mixin.py:137} INFO - [2023-01-12T07:28:07.209+0000] {dagbag.py:538} INFO - Filling up the DagBag from /home/airflow/.local/lib/python3.7/site-packages/airflow/example_dags/example_latest_only.py
[2023-01-12T07:28:07.221+0000] {processor.py:753} INFO - DAG(s) dict_keys(['latest_only']) retrieved from /home/airflow/.local/lib/python3.7/site-packages/airflow/example_dags/example_latest_only.py
[2023-01-12T07:28:07.259+0000] {logging_mixin.py:137} INFO - [2023-01-12T07:28:07.259+0000] {dag.py:2676} INFO - Sync 1 DAGs
[2023-01-12T07:28:07.278+0000] {logging_mixin.py:137} INFO - [2023-01-12T07:28:07.278+0000] {dag.py:3427} INFO - Setting next_dagrun for latest_only to 2023-01-12T03:28:07.278642+00:00, run_after=2023-01-12T07:28:07.278642+00:00
[2023-01-12T07:28:07.297+0000] {processor.py:175} INFO - Processing /home/airflow/.local/lib/python3.7/site-packages/airflow/example_dags/example_latest_only.py took 0.093 seconds
[2023-01-12T07:28:37.833+0000] {processor.py:153} INFO - Started process (PID=253) to work on /home/airflow/.local/lib/python3.7/site-packages/airflow/example_dags/example_latest_only.py
[2023-01-12T07:28:37.835+0000] {processor.py:743} INFO - Processing file /home/airflow/.local/lib/python3.7/site-packages/airflow/example_dags/example_latest_only.py for tasks to queue
[2023-01-12T07:28:37.838+0000] {logging_mixin.py:137} INFO - [2023-01-12T07:28:37.837+0000] {dagbag.py:538} INFO - Filling up the DagBag from /home/airflow/.local/lib/python3.7/site-packages/airflow/example_dags/example_latest_only.py
[2023-01-12T07:28:37.850+0000] {processor.py:753} INFO - DAG(s) dict_keys(['latest_only']) retrieved from /home/airflow/.local/lib/python3.7/site-packages/airflow/example_dags/example_latest_only.py
[2023-01-12T07:28:37.883+0000] {logging_mixin.py:137} INFO - [2023-01-12T07:28:37.883+0000] {dag.py:2676} INFO - Sync 1 DAGs
[2023-01-12T07:28:37.901+0000] {logging_mixin.py:137} INFO - [2023-01-12T07:28:37.901+0000] {dag.py:3427} INFO - Setting next_dagrun for latest_only to 2023-01-12T03:28:37.901616+00:00, run_after=2023-01-12T07:28:37.901616+00:00
[2023-01-12T07:28:37.917+0000] {processor.py:175} INFO - Processing /home/airflow/.local/lib/python3.7/site-packages/airflow/example_dags/example_latest_only.py took 0.087 seconds
[2023-01-12T07:29:08.574+0000] {processor.py:153} INFO - Started process (PID=327) to work on /home/airflow/.local/lib/python3.7/site-packages/airflow/example_dags/example_latest_only.py
[2023-01-12T07:29:08.575+0000] {processor.py:743} INFO - Processing file /home/airflow/.local/lib/python3.7/site-packages/airflow/example_dags/example_latest_only.py for tasks to queue
[2023-01-12T07:29:08.577+0000] {logging_mixin.py:137} INFO - [2023-01-12T07:29:08.576+0000] {dagbag.py:538} INFO - Filling up the DagBag from /home/airflow/.local/lib/python3.7/site-packages/airflow/example_dags/example_latest_only.py
[2023-01-12T07:29:08.588+0000] {processor.py:753} INFO - DAG(s) dict_keys(['latest_only']) retrieved from /home/airflow/.local/lib/python3.7/site-packages/airflow/example_dags/example_latest_only.py
[2023-01-12T07:29:08.618+0000] {logging_mixin.py:137} INFO - [2023-01-12T07:29:08.618+0000] {dag.py:2676} INFO - Sync 1 DAGs
[2023-01-12T07:29:08.637+0000] {logging_mixin.py:137} INFO - [2023-01-12T07:29:08.637+0000] {dag.py:3427} INFO - Setting next_dagrun for latest_only to 2023-01-12T03:29:08.637493+00:00, run_after=2023-01-12T07:29:08.637493+00:00
[2023-01-12T07:29:08.653+0000] {processor.py:175} INFO - Processing /home/airflow/.local/lib/python3.7/site-packages/airflow/example_dags/example_latest_only.py took 0.082 seconds
[2023-01-12T07:29:39.110+0000] {processor.py:153} INFO - Started process (PID=390) to work on /home/airflow/.local/lib/python3.7/site-packages/airflow/example_dags/example_latest_only.py
[2023-01-12T07:29:39.112+0000] {processor.py:743} INFO - Processing file /home/airflow/.local/lib/python3.7/site-packages/airflow/example_dags/example_latest_only.py for tasks to queue
[2023-01-12T07:29:39.113+0000] {logging_mixin.py:137} INFO - [2023-01-12T07:29:39.113+0000] {dagbag.py:538} INFO - Filling up the DagBag from /home/airflow/.local/lib/python3.7/site-packages/airflow/example_dags/example_latest_only.py
[2023-01-12T07:29:39.124+0000] {processor.py:753} INFO - DAG(s) dict_keys(['latest_only']) retrieved from /home/airflow/.local/lib/python3.7/site-packages/airflow/example_dags/example_latest_only.py
[2023-01-12T07:29:39.154+0000] {logging_mixin.py:137} INFO - [2023-01-12T07:29:39.154+0000] {dag.py:2676} INFO - Sync 1 DAGs
[2023-01-12T07:29:39.173+0000] {logging_mixin.py:137} INFO - [2023-01-12T07:29:39.173+0000] {dag.py:3427} INFO - Setting next_dagrun for latest_only to 2023-01-12T03:29:39.173651+00:00, run_after=2023-01-12T07:29:39.173651+00:00
[2023-01-12T07:29:39.192+0000] {processor.py:175} INFO - Processing /home/airflow/.local/lib/python3.7/site-packages/airflow/example_dags/example_latest_only.py took 0.085 seconds
[2023-01-12T07:30:09.932+0000] {processor.py:153} INFO - Started process (PID=464) to work on /home/airflow/.local/lib/python3.7/site-packages/airflow/example_dags/example_latest_only.py
[2023-01-12T07:30:09.935+0000] {processor.py:743} INFO - Processing file /home/airflow/.local/lib/python3.7/site-packages/airflow/example_dags/example_latest_only.py for tasks to queue
[2023-01-12T07:30:09.936+0000] {logging_mixin.py:137} INFO - [2023-01-12T07:30:09.936+0000] {dagbag.py:538} INFO - Filling up the DagBag from /home/airflow/.local/lib/python3.7/site-packages/airflow/example_dags/example_latest_only.py
[2023-01-12T07:30:09.948+0000] {processor.py:753} INFO - DAG(s) dict_keys(['latest_only']) retrieved from /home/airflow/.local/lib/python3.7/site-packages/airflow/example_dags/example_latest_only.py
[2023-01-12T07:30:09.980+0000] {logging_mixin.py:137} INFO - [2023-01-12T07:30:09.979+0000] {dag.py:2676} INFO - Sync 1 DAGs
[2023-01-12T07:30:09.999+0000] {logging_mixin.py:137} INFO - [2023-01-12T07:30:09.999+0000] {dag.py:3427} INFO - Setting next_dagrun for latest_only to 2023-01-12T03:30:09.999272+00:00, run_after=2023-01-12T07:30:09.999272+00:00
[2023-01-12T07:30:10.014+0000] {processor.py:175} INFO - Processing /home/airflow/.local/lib/python3.7/site-packages/airflow/example_dags/example_latest_only.py took 0.085 seconds
[2023-01-12T07:30:40.531+0000] {processor.py:153} INFO - Started process (PID=539) to work on /home/airflow/.local/lib/python3.7/site-packages/airflow/example_dags/example_latest_only.py
[2023-01-12T07:30:40.533+0000] {processor.py:743} INFO - Processing file /home/airflow/.local/lib/python3.7/site-packages/airflow/example_dags/example_latest_only.py for tasks to queue
[2023-01-12T07:30:40.534+0000] {logging_mixin.py:137} INFO - [2023-01-12T07:30:40.534+0000] {dagbag.py:538} INFO - Filling up the DagBag from /home/airflow/.local/lib/python3.7/site-packages/airflow/example_dags/example_latest_only.py
[2023-01-12T07:30:40.546+0000] {processor.py:753} INFO - DAG(s) dict_keys(['latest_only']) retrieved from /home/airflow/.local/lib/python3.7/site-packages/airflow/example_dags/example_latest_only.py
[2023-01-12T07:30:40.574+0000] {logging_mixin.py:137} INFO - [2023-01-12T07:30:40.574+0000] {dag.py:2676} INFO - Sync 1 DAGs
[2023-01-12T07:30:40.592+0000] {logging_mixin.py:137} INFO - [2023-01-12T07:30:40.592+0000] {dag.py:3427} INFO - Setting next_dagrun for latest_only to 2023-01-12T03:30:40.591971+00:00, run_after=2023-01-12T07:30:40.591971+00:00
[2023-01-12T07:30:40.605+0000] {processor.py:175} INFO - Processing /home/airflow/.local/lib/python3.7/site-packages/airflow/example_dags/example_latest_only.py took 0.076 seconds
[2023-01-12T07:31:11.220+0000] {processor.py:153} INFO - Started process (PID=600) to work on /home/airflow/.local/lib/python3.7/site-packages/airflow/example_dags/example_latest_only.py
[2023-01-12T07:31:11.221+0000] {processor.py:743} INFO - Processing file /home/airflow/.local/lib/python3.7/site-packages/airflow/example_dags/example_latest_only.py for tasks to queue
[2023-01-12T07:31:11.223+0000] {logging_mixin.py:137} INFO - [2023-01-12T07:31:11.223+0000] {dagbag.py:538} INFO - Filling up the DagBag from /home/airflow/.local/lib/python3.7/site-packages/airflow/example_dags/example_latest_only.py
[2023-01-12T07:31:11.235+0000] {processor.py:753} INFO - DAG(s) dict_keys(['latest_only']) retrieved from /home/airflow/.local/lib/python3.7/site-packages/airflow/example_dags/example_latest_only.py
[2023-01-12T07:31:11.267+0000] {logging_mixin.py:137} INFO - [2023-01-12T07:31:11.267+0000] {dag.py:2676} INFO - Sync 1 DAGs
[2023-01-12T07:31:11.287+0000] {logging_mixin.py:137} INFO - [2023-01-12T07:31:11.287+0000] {dag.py:3427} INFO - Setting next_dagrun for latest_only to 2023-01-12T03:31:11.287249+00:00, run_after=2023-01-12T07:31:11.287249+00:00
[2023-01-12T07:31:11.303+0000] {processor.py:175} INFO - Processing /home/airflow/.local/lib/python3.7/site-packages/airflow/example_dags/example_latest_only.py took 0.086 seconds
[2023-01-12T07:31:41.830+0000] {processor.py:153} INFO - Started process (PID=674) to work on /home/airflow/.local/lib/python3.7/site-packages/airflow/example_dags/example_latest_only.py
[2023-01-12T07:31:41.832+0000] {processor.py:743} INFO - Processing file /home/airflow/.local/lib/python3.7/site-packages/airflow/example_dags/example_latest_only.py for tasks to queue
[2023-01-12T07:31:41.835+0000] {logging_mixin.py:137} INFO - [2023-01-12T07:31:41.835+0000] {dagbag.py:538} INFO - Filling up the DagBag from /home/airflow/.local/lib/python3.7/site-packages/airflow/example_dags/example_latest_only.py
[2023-01-12T07:31:41.846+0000] {processor.py:753} INFO - DAG(s) dict_keys(['latest_only']) retrieved from /home/airflow/.local/lib/python3.7/site-packages/airflow/example_dags/example_latest_only.py
[2023-01-12T07:31:41.875+0000] {logging_mixin.py:137} INFO - [2023-01-12T07:31:41.874+0000] {dag.py:2676} INFO - Sync 1 DAGs
[2023-01-12T07:31:41.895+0000] {logging_mixin.py:137} INFO - [2023-01-12T07:31:41.895+0000] {dag.py:3427} INFO - Setting next_dagrun for latest_only to 2023-01-12T03:31:41.894880+00:00, run_after=2023-01-12T07:31:41.894880+00:00
[2023-01-12T07:31:41.915+0000] {processor.py:175} INFO - Processing /home/airflow/.local/lib/python3.7/site-packages/airflow/example_dags/example_latest_only.py took 0.090 seconds
[2023-01-12T07:32:12.707+0000] {processor.py:153} INFO - Started process (PID=748) to work on /home/airflow/.local/lib/python3.7/site-packages/airflow/example_dags/example_latest_only.py
[2023-01-12T07:32:12.709+0000] {processor.py:743} INFO - Processing file /home/airflow/.local/lib/python3.7/site-packages/airflow/example_dags/example_latest_only.py for tasks to queue
[2023-01-12T07:32:12.711+0000] {logging_mixin.py:137} INFO - [2023-01-12T07:32:12.711+0000] {dagbag.py:538} INFO - Filling up the DagBag from /home/airflow/.local/lib/python3.7/site-packages/airflow/example_dags/example_latest_only.py
[2023-01-12T07:32:12.724+0000] {processor.py:753} INFO - DAG(s) dict_keys(['latest_only']) retrieved from /home/airflow/.local/lib/python3.7/site-packages/airflow/example_dags/example_latest_only.py
[2023-01-12T07:32:12.756+0000] {logging_mixin.py:137} INFO - [2023-01-12T07:32:12.756+0000] {dag.py:2676} INFO - Sync 1 DAGs
[2023-01-12T07:32:12.779+0000] {logging_mixin.py:137} INFO - [2023-01-12T07:32:12.779+0000] {dag.py:3427} INFO - Setting next_dagrun for latest_only to 2023-01-12T03:32:12.779585+00:00, run_after=2023-01-12T07:32:12.779585+00:00
[2023-01-12T07:32:12.797+0000] {processor.py:175} INFO - Processing /home/airflow/.local/lib/python3.7/site-packages/airflow/example_dags/example_latest_only.py took 0.101 seconds
[2023-01-12T07:32:43.402+0000] {processor.py:153} INFO - Started process (PID=809) to work on /home/airflow/.local/lib/python3.7/site-packages/airflow/example_dags/example_latest_only.py
[2023-01-12T07:32:43.404+0000] {processor.py:743} INFO - Processing file /home/airflow/.local/lib/python3.7/site-packages/airflow/example_dags/example_latest_only.py for tasks to queue
[2023-01-12T07:32:43.406+0000] {logging_mixin.py:137} INFO - [2023-01-12T07:32:43.406+0000] {dagbag.py:538} INFO - Filling up the DagBag from /home/airflow/.local/lib/python3.7/site-packages/airflow/example_dags/example_latest_only.py
[2023-01-12T07:32:43.416+0000] {processor.py:753} INFO - DAG(s) dict_keys(['latest_only']) retrieved from /home/airflow/.local/lib/python3.7/site-packages/airflow/example_dags/example_latest_only.py
[2023-01-12T07:32:43.447+0000] {logging_mixin.py:137} INFO - [2023-01-12T07:32:43.446+0000] {dag.py:2676} INFO - Sync 1 DAGs
[2023-01-12T07:32:43.467+0000] {logging_mixin.py:137} INFO - [2023-01-12T07:32:43.466+0000] {dag.py:3427} INFO - Setting next_dagrun for latest_only to 2023-01-12T03:32:43.466698+00:00, run_after=2023-01-12T07:32:43.466698+00:00
[2023-01-12T07:32:43.484+0000] {processor.py:175} INFO - Processing /home/airflow/.local/lib/python3.7/site-packages/airflow/example_dags/example_latest_only.py took 0.085 seconds
[2023-01-12T07:33:13.950+0000] {processor.py:153} INFO - Started process (PID=882) to work on /home/airflow/.local/lib/python3.7/site-packages/airflow/example_dags/example_latest_only.py
[2023-01-12T07:33:13.952+0000] {processor.py:743} INFO - Processing file /home/airflow/.local/lib/python3.7/site-packages/airflow/example_dags/example_latest_only.py for tasks to queue
[2023-01-12T07:33:13.957+0000] {logging_mixin.py:137} INFO - [2023-01-12T07:33:13.956+0000] {dagbag.py:538} INFO - Filling up the DagBag from /home/airflow/.local/lib/python3.7/site-packages/airflow/example_dags/example_latest_only.py
[2023-01-12T07:33:13.969+0000] {processor.py:753} INFO - DAG(s) dict_keys(['latest_only']) retrieved from /home/airflow/.local/lib/python3.7/site-packages/airflow/example_dags/example_latest_only.py
[2023-01-12T07:33:14.001+0000] {logging_mixin.py:137} INFO - [2023-01-12T07:33:14.001+0000] {dag.py:2676} INFO - Sync 1 DAGs
[2023-01-12T07:33:14.020+0000] {logging_mixin.py:137} INFO - [2023-01-12T07:33:14.020+0000] {dag.py:3427} INFO - Setting next_dagrun for latest_only to 2023-01-12T03:33:14.020588+00:00, run_after=2023-01-12T07:33:14.020588+00:00
[2023-01-12T07:33:14.037+0000] {processor.py:175} INFO - Processing /home/airflow/.local/lib/python3.7/site-packages/airflow/example_dags/example_latest_only.py took 0.089 seconds
[2023-01-12T07:33:44.366+0000] {processor.py:153} INFO - Started process (PID=945) to work on /home/airflow/.local/lib/python3.7/site-packages/airflow/example_dags/example_latest_only.py
[2023-01-12T07:33:44.368+0000] {processor.py:743} INFO - Processing file /home/airflow/.local/lib/python3.7/site-packages/airflow/example_dags/example_latest_only.py for tasks to queue
[2023-01-12T07:33:44.369+0000] {logging_mixin.py:137} INFO - [2023-01-12T07:33:44.369+0000] {dagbag.py:538} INFO - Filling up the DagBag from /home/airflow/.local/lib/python3.7/site-packages/airflow/example_dags/example_latest_only.py
[2023-01-12T07:33:44.381+0000] {processor.py:753} INFO - DAG(s) dict_keys(['latest_only']) retrieved from /home/airflow/.local/lib/python3.7/site-packages/airflow/example_dags/example_latest_only.py
[2023-01-12T07:33:44.417+0000] {logging_mixin.py:137} INFO - [2023-01-12T07:33:44.417+0000] {dag.py:2676} INFO - Sync 1 DAGs
[2023-01-12T07:33:44.445+0000] {logging_mixin.py:137} INFO - [2023-01-12T07:33:44.445+0000] {dag.py:3427} INFO - Setting next_dagrun for latest_only to 2023-01-12T03:33:44.445127+00:00, run_after=2023-01-12T07:33:44.445127+00:00
[2023-01-12T07:33:44.468+0000] {processor.py:175} INFO - Processing /home/airflow/.local/lib/python3.7/site-packages/airflow/example_dags/example_latest_only.py took 0.104 seconds
[2023-01-12T07:34:15.373+0000] {processor.py:153} INFO - Started process (PID=1016) to work on /home/airflow/.local/lib/python3.7/site-packages/airflow/example_dags/example_latest_only.py
[2023-01-12T07:34:15.374+0000] {processor.py:743} INFO - Processing file /home/airflow/.local/lib/python3.7/site-packages/airflow/example_dags/example_latest_only.py for tasks to queue
[2023-01-12T07:34:15.376+0000] {logging_mixin.py:137} INFO - [2023-01-12T07:34:15.376+0000] {dagbag.py:538} INFO - Filling up the DagBag from /home/airflow/.local/lib/python3.7/site-packages/airflow/example_dags/example_latest_only.py
[2023-01-12T07:34:15.386+0000] {processor.py:753} INFO - DAG(s) dict_keys(['latest_only']) retrieved from /home/airflow/.local/lib/python3.7/site-packages/airflow/example_dags/example_latest_only.py
[2023-01-12T07:34:15.415+0000] {logging_mixin.py:137} INFO - [2023-01-12T07:34:15.415+0000] {dag.py:2676} INFO - Sync 1 DAGs
[2023-01-12T07:34:15.432+0000] {logging_mixin.py:137} INFO - [2023-01-12T07:34:15.432+0000] {dag.py:3427} INFO - Setting next_dagrun for latest_only to 2023-01-12T03:34:15.432167+00:00, run_after=2023-01-12T07:34:15.432167+00:00
[2023-01-12T07:34:15.446+0000] {processor.py:175} INFO - Processing /home/airflow/.local/lib/python3.7/site-packages/airflow/example_dags/example_latest_only.py took 0.076 seconds
[2023-01-12T07:34:45.978+0000] {processor.py:153} INFO - Started process (PID=1089) to work on /home/airflow/.local/lib/python3.7/site-packages/airflow/example_dags/example_latest_only.py
[2023-01-12T07:34:45.979+0000] {processor.py:743} INFO - Processing file /home/airflow/.local/lib/python3.7/site-packages/airflow/example_dags/example_latest_only.py for tasks to queue
[2023-01-12T07:34:45.981+0000] {logging_mixin.py:137} INFO - [2023-01-12T07:34:45.981+0000] {dagbag.py:538} INFO - Filling up the DagBag from /home/airflow/.local/lib/python3.7/site-packages/airflow/example_dags/example_latest_only.py
[2023-01-12T07:34:45.993+0000] {processor.py:753} INFO - DAG(s) dict_keys(['latest_only']) retrieved from /home/airflow/.local/lib/python3.7/site-packages/airflow/example_dags/example_latest_only.py
[2023-01-12T07:34:46.022+0000] {logging_mixin.py:137} INFO - [2023-01-12T07:34:46.022+0000] {dag.py:2676} INFO - Sync 1 DAGs
[2023-01-12T07:34:46.041+0000] {logging_mixin.py:137} INFO - [2023-01-12T07:34:46.041+0000] {dag.py:3427} INFO - Setting next_dagrun for latest_only to 2023-01-12T03:34:46.041226+00:00, run_after=2023-01-12T07:34:46.041226+00:00
[2023-01-12T07:34:46.060+0000] {processor.py:175} INFO - Processing /home/airflow/.local/lib/python3.7/site-packages/airflow/example_dags/example_latest_only.py took 0.085 seconds
[2023-01-12T07:35:16.781+0000] {processor.py:153} INFO - Started process (PID=1150) to work on /home/airflow/.local/lib/python3.7/site-packages/airflow/example_dags/example_latest_only.py
[2023-01-12T07:35:16.783+0000] {processor.py:743} INFO - Processing file /home/airflow/.local/lib/python3.7/site-packages/airflow/example_dags/example_latest_only.py for tasks to queue
[2023-01-12T07:35:16.785+0000] {logging_mixin.py:137} INFO - [2023-01-12T07:35:16.785+0000] {dagbag.py:538} INFO - Filling up the DagBag from /home/airflow/.local/lib/python3.7/site-packages/airflow/example_dags/example_latest_only.py
[2023-01-12T07:35:16.797+0000] {processor.py:753} INFO - DAG(s) dict_keys(['latest_only']) retrieved from /home/airflow/.local/lib/python3.7/site-packages/airflow/example_dags/example_latest_only.py
[2023-01-12T07:35:16.830+0000] {logging_mixin.py:137} INFO - [2023-01-12T07:35:16.830+0000] {dag.py:2676} INFO - Sync 1 DAGs
[2023-01-12T07:35:16.850+0000] {logging_mixin.py:137} INFO - [2023-01-12T07:35:16.850+0000] {dag.py:3427} INFO - Setting next_dagrun for latest_only to 2023-01-12T03:35:16.850635+00:00, run_after=2023-01-12T07:35:16.850635+00:00
[2023-01-12T07:35:16.872+0000] {processor.py:175} INFO - Processing /home/airflow/.local/lib/python3.7/site-packages/airflow/example_dags/example_latest_only.py took 0.094 seconds
[2023-01-12T07:35:47.668+0000] {processor.py:153} INFO - Started process (PID=1224) to work on /home/airflow/.local/lib/python3.7/site-packages/airflow/example_dags/example_latest_only.py
[2023-01-12T07:35:47.670+0000] {processor.py:743} INFO - Processing file /home/airflow/.local/lib/python3.7/site-packages/airflow/example_dags/example_latest_only.py for tasks to queue
[2023-01-12T07:35:47.671+0000] {logging_mixin.py:137} INFO - [2023-01-12T07:35:47.671+0000] {dagbag.py:538} INFO - Filling up the DagBag from /home/airflow/.local/lib/python3.7/site-packages/airflow/example_dags/example_latest_only.py
[2023-01-12T07:35:47.682+0000] {processor.py:753} INFO - DAG(s) dict_keys(['latest_only']) retrieved from /home/airflow/.local/lib/python3.7/site-packages/airflow/example_dags/example_latest_only.py
[2023-01-12T07:35:47.712+0000] {logging_mixin.py:137} INFO - [2023-01-12T07:35:47.711+0000] {dag.py:2676} INFO - Sync 1 DAGs
[2023-01-12T07:35:47.731+0000] {logging_mixin.py:137} INFO - [2023-01-12T07:35:47.731+0000] {dag.py:3427} INFO - Setting next_dagrun for latest_only to 2023-01-12T03:35:47.731528+00:00, run_after=2023-01-12T07:35:47.731528+00:00
[2023-01-12T07:35:47.746+0000] {processor.py:175} INFO - Processing /home/airflow/.local/lib/python3.7/site-packages/airflow/example_dags/example_latest_only.py took 0.081 seconds
[2023-01-12T07:36:18.525+0000] {processor.py:153} INFO - Started process (PID=1299) to work on /home/airflow/.local/lib/python3.7/site-packages/airflow/example_dags/example_latest_only.py
[2023-01-12T07:36:18.527+0000] {processor.py:743} INFO - Processing file /home/airflow/.local/lib/python3.7/site-packages/airflow/example_dags/example_latest_only.py for tasks to queue
[2023-01-12T07:36:18.530+0000] {logging_mixin.py:137} INFO - [2023-01-12T07:36:18.530+0000] {dagbag.py:538} INFO - Filling up the DagBag from /home/airflow/.local/lib/python3.7/site-packages/airflow/example_dags/example_latest_only.py
[2023-01-12T07:36:18.541+0000] {processor.py:753} INFO - DAG(s) dict_keys(['latest_only']) retrieved from /home/airflow/.local/lib/python3.7/site-packages/airflow/example_dags/example_latest_only.py
[2023-01-12T07:36:18.572+0000] {logging_mixin.py:137} INFO - [2023-01-12T07:36:18.572+0000] {dag.py:2676} INFO - Sync 1 DAGs
[2023-01-12T07:36:18.591+0000] {logging_mixin.py:137} INFO - [2023-01-12T07:36:18.591+0000] {dag.py:3427} INFO - Setting next_dagrun for latest_only to 2023-01-12T03:36:18.591052+00:00, run_after=2023-01-12T07:36:18.591052+00:00
[2023-01-12T07:36:18.612+0000] {processor.py:175} INFO - Processing /home/airflow/.local/lib/python3.7/site-packages/airflow/example_dags/example_latest_only.py took 0.090 seconds
[2023-01-12T07:37:19.271+0000] {processor.py:153} INFO - Started process (PID=45) to work on /home/airflow/.local/lib/python3.7/site-packages/airflow/example_dags/example_latest_only.py
[2023-01-12T07:37:19.272+0000] {processor.py:743} INFO - Processing file /home/airflow/.local/lib/python3.7/site-packages/airflow/example_dags/example_latest_only.py for tasks to queue
[2023-01-12T07:37:19.274+0000] {logging_mixin.py:137} INFO - [2023-01-12T07:37:19.274+0000] {dagbag.py:538} INFO - Filling up the DagBag from /home/airflow/.local/lib/python3.7/site-packages/airflow/example_dags/example_latest_only.py
[2023-01-12T07:37:19.289+0000] {processor.py:753} INFO - DAG(s) dict_keys(['latest_only']) retrieved from /home/airflow/.local/lib/python3.7/site-packages/airflow/example_dags/example_latest_only.py
[2023-01-12T07:37:19.316+0000] {logging_mixin.py:137} INFO - [2023-01-12T07:37:19.316+0000] {dag.py:2676} INFO - Sync 1 DAGs
[2023-01-12T07:37:19.339+0000] {logging_mixin.py:137} INFO - [2023-01-12T07:37:19.339+0000] {dag.py:3427} INFO - Setting next_dagrun for latest_only to 2023-01-12T03:37:19.339182+00:00, run_after=2023-01-12T07:37:19.339182+00:00
[2023-01-12T07:37:19.358+0000] {processor.py:175} INFO - Processing /home/airflow/.local/lib/python3.7/site-packages/airflow/example_dags/example_latest_only.py took 0.090 seconds
[2023-01-12T07:37:49.791+0000] {processor.py:153} INFO - Started process (PID=119) to work on /home/airflow/.local/lib/python3.7/site-packages/airflow/example_dags/example_latest_only.py
[2023-01-12T07:37:49.793+0000] {processor.py:743} INFO - Processing file /home/airflow/.local/lib/python3.7/site-packages/airflow/example_dags/example_latest_only.py for tasks to queue
[2023-01-12T07:37:49.794+0000] {logging_mixin.py:137} INFO - [2023-01-12T07:37:49.794+0000] {dagbag.py:538} INFO - Filling up the DagBag from /home/airflow/.local/lib/python3.7/site-packages/airflow/example_dags/example_latest_only.py
[2023-01-12T07:37:49.807+0000] {processor.py:753} INFO - DAG(s) dict_keys(['latest_only']) retrieved from /home/airflow/.local/lib/python3.7/site-packages/airflow/example_dags/example_latest_only.py
[2023-01-12T07:37:49.836+0000] {logging_mixin.py:137} INFO - [2023-01-12T07:37:49.835+0000] {dag.py:2676} INFO - Sync 1 DAGs
[2023-01-12T07:37:49.853+0000] {logging_mixin.py:137} INFO - [2023-01-12T07:37:49.853+0000] {dag.py:3427} INFO - Setting next_dagrun for latest_only to 2023-01-12T03:37:49.853333+00:00, run_after=2023-01-12T07:37:49.853333+00:00
[2023-01-12T07:37:49.867+0000] {processor.py:175} INFO - Processing /home/airflow/.local/lib/python3.7/site-packages/airflow/example_dags/example_latest_only.py took 0.078 seconds
[2023-01-12T07:38:20.735+0000] {processor.py:153} INFO - Started process (PID=190) to work on /home/airflow/.local/lib/python3.7/site-packages/airflow/example_dags/example_latest_only.py
[2023-01-12T07:38:20.737+0000] {processor.py:743} INFO - Processing file /home/airflow/.local/lib/python3.7/site-packages/airflow/example_dags/example_latest_only.py for tasks to queue
[2023-01-12T07:38:20.738+0000] {logging_mixin.py:137} INFO - [2023-01-12T07:38:20.738+0000] {dagbag.py:538} INFO - Filling up the DagBag from /home/airflow/.local/lib/python3.7/site-packages/airflow/example_dags/example_latest_only.py
[2023-01-12T07:38:20.751+0000] {processor.py:753} INFO - DAG(s) dict_keys(['latest_only']) retrieved from /home/airflow/.local/lib/python3.7/site-packages/airflow/example_dags/example_latest_only.py
[2023-01-12T07:38:20.835+0000] {logging_mixin.py:137} INFO - [2023-01-12T07:38:20.835+0000] {dag.py:2676} INFO - Sync 1 DAGs
[2023-01-12T07:38:20.863+0000] {logging_mixin.py:137} INFO - [2023-01-12T07:38:20.863+0000] {dag.py:3427} INFO - Setting next_dagrun for latest_only to 2023-01-12T03:38:20.863166+00:00, run_after=2023-01-12T07:38:20.863166+00:00
[2023-01-12T07:38:20.881+0000] {processor.py:175} INFO - Processing /home/airflow/.local/lib/python3.7/site-packages/airflow/example_dags/example_latest_only.py took 0.148 seconds
[2023-01-12T07:38:51.424+0000] {processor.py:153} INFO - Started process (PID=256) to work on /home/airflow/.local/lib/python3.7/site-packages/airflow/example_dags/example_latest_only.py
[2023-01-12T07:38:51.425+0000] {processor.py:743} INFO - Processing file /home/airflow/.local/lib/python3.7/site-packages/airflow/example_dags/example_latest_only.py for tasks to queue
[2023-01-12T07:38:51.427+0000] {logging_mixin.py:137} INFO - [2023-01-12T07:38:51.427+0000] {dagbag.py:538} INFO - Filling up the DagBag from /home/airflow/.local/lib/python3.7/site-packages/airflow/example_dags/example_latest_only.py
[2023-01-12T07:38:51.438+0000] {processor.py:753} INFO - DAG(s) dict_keys(['latest_only']) retrieved from /home/airflow/.local/lib/python3.7/site-packages/airflow/example_dags/example_latest_only.py
[2023-01-12T07:38:51.468+0000] {logging_mixin.py:137} INFO - [2023-01-12T07:38:51.468+0000] {dag.py:2676} INFO - Sync 1 DAGs
[2023-01-12T07:38:51.494+0000] {logging_mixin.py:137} INFO - [2023-01-12T07:38:51.494+0000] {dag.py:3427} INFO - Setting next_dagrun for latest_only to 2023-01-12T03:38:51.493933+00:00, run_after=2023-01-12T07:38:51.493933+00:00
[2023-01-12T07:38:51.533+0000] {processor.py:175} INFO - Processing /home/airflow/.local/lib/python3.7/site-packages/airflow/example_dags/example_latest_only.py took 0.112 seconds
[2023-01-12T07:39:22.089+0000] {processor.py:153} INFO - Started process (PID=330) to work on /home/airflow/.local/lib/python3.7/site-packages/airflow/example_dags/example_latest_only.py
[2023-01-12T07:39:22.091+0000] {processor.py:743} INFO - Processing file /home/airflow/.local/lib/python3.7/site-packages/airflow/example_dags/example_latest_only.py for tasks to queue
[2023-01-12T07:39:22.093+0000] {logging_mixin.py:137} INFO - [2023-01-12T07:39:22.092+0000] {dagbag.py:538} INFO - Filling up the DagBag from /home/airflow/.local/lib/python3.7/site-packages/airflow/example_dags/example_latest_only.py
[2023-01-12T07:39:22.105+0000] {processor.py:753} INFO - DAG(s) dict_keys(['latest_only']) retrieved from /home/airflow/.local/lib/python3.7/site-packages/airflow/example_dags/example_latest_only.py
[2023-01-12T07:39:22.135+0000] {logging_mixin.py:137} INFO - [2023-01-12T07:39:22.134+0000] {dag.py:2676} INFO - Sync 1 DAGs
[2023-01-12T07:39:22.151+0000] {logging_mixin.py:137} INFO - [2023-01-12T07:39:22.151+0000] {dag.py:3427} INFO - Setting next_dagrun for latest_only to 2023-01-12T03:39:22.151556+00:00, run_after=2023-01-12T07:39:22.151556+00:00
[2023-01-12T07:39:22.164+0000] {processor.py:175} INFO - Processing /home/airflow/.local/lib/python3.7/site-packages/airflow/example_dags/example_latest_only.py took 0.077 seconds
[2023-01-12T07:40:36.627+0000] {processor.py:153} INFO - Started process (PID=45) to work on /home/airflow/.local/lib/python3.7/site-packages/airflow/example_dags/example_latest_only.py
[2023-01-12T07:40:36.630+0000] {processor.py:743} INFO - Processing file /home/airflow/.local/lib/python3.7/site-packages/airflow/example_dags/example_latest_only.py for tasks to queue
[2023-01-12T07:40:36.631+0000] {logging_mixin.py:137} INFO - [2023-01-12T07:40:36.631+0000] {dagbag.py:538} INFO - Filling up the DagBag from /home/airflow/.local/lib/python3.7/site-packages/airflow/example_dags/example_latest_only.py
[2023-01-12T07:40:36.651+0000] {processor.py:753} INFO - DAG(s) dict_keys(['latest_only']) retrieved from /home/airflow/.local/lib/python3.7/site-packages/airflow/example_dags/example_latest_only.py
[2023-01-12T07:40:36.687+0000] {logging_mixin.py:137} INFO - [2023-01-12T07:40:36.687+0000] {dag.py:2676} INFO - Sync 1 DAGs
[2023-01-12T07:40:36.714+0000] {logging_mixin.py:137} INFO - [2023-01-12T07:40:36.714+0000] {dag.py:3427} INFO - Setting next_dagrun for latest_only to 2023-01-12T03:40:36.713911+00:00, run_after=2023-01-12T07:40:36.713911+00:00
[2023-01-12T07:40:36.732+0000] {processor.py:175} INFO - Processing /home/airflow/.local/lib/python3.7/site-packages/airflow/example_dags/example_latest_only.py took 0.108 seconds
[2023-01-12T07:41:06.772+0000] {processor.py:153} INFO - Started process (PID=122) to work on /home/airflow/.local/lib/python3.7/site-packages/airflow/example_dags/example_latest_only.py
[2023-01-12T07:41:06.774+0000] {processor.py:743} INFO - Processing file /home/airflow/.local/lib/python3.7/site-packages/airflow/example_dags/example_latest_only.py for tasks to queue
[2023-01-12T07:41:06.775+0000] {logging_mixin.py:137} INFO - [2023-01-12T07:41:06.775+0000] {dagbag.py:538} INFO - Filling up the DagBag from /home/airflow/.local/lib/python3.7/site-packages/airflow/example_dags/example_latest_only.py
[2023-01-12T07:41:06.788+0000] {processor.py:753} INFO - DAG(s) dict_keys(['latest_only']) retrieved from /home/airflow/.local/lib/python3.7/site-packages/airflow/example_dags/example_latest_only.py
[2023-01-12T07:41:06.816+0000] {logging_mixin.py:137} INFO - [2023-01-12T07:41:06.816+0000] {dag.py:2676} INFO - Sync 1 DAGs
[2023-01-12T07:41:06.836+0000] {logging_mixin.py:137} INFO - [2023-01-12T07:41:06.836+0000] {dag.py:3427} INFO - Setting next_dagrun for latest_only to 2023-01-12T03:41:06.836341+00:00, run_after=2023-01-12T07:41:06.836341+00:00
[2023-01-12T07:41:06.850+0000] {processor.py:175} INFO - Processing /home/airflow/.local/lib/python3.7/site-packages/airflow/example_dags/example_latest_only.py took 0.081 seconds
[2023-01-12T07:41:37.105+0000] {processor.py:153} INFO - Started process (PID=183) to work on /home/airflow/.local/lib/python3.7/site-packages/airflow/example_dags/example_latest_only.py
[2023-01-12T07:41:37.107+0000] {processor.py:743} INFO - Processing file /home/airflow/.local/lib/python3.7/site-packages/airflow/example_dags/example_latest_only.py for tasks to queue
[2023-01-12T07:41:37.109+0000] {logging_mixin.py:137} INFO - [2023-01-12T07:41:37.109+0000] {dagbag.py:538} INFO - Filling up the DagBag from /home/airflow/.local/lib/python3.7/site-packages/airflow/example_dags/example_latest_only.py
[2023-01-12T07:41:37.122+0000] {processor.py:753} INFO - DAG(s) dict_keys(['latest_only']) retrieved from /home/airflow/.local/lib/python3.7/site-packages/airflow/example_dags/example_latest_only.py
[2023-01-12T07:41:37.152+0000] {logging_mixin.py:137} INFO - [2023-01-12T07:41:37.152+0000] {dag.py:2676} INFO - Sync 1 DAGs
[2023-01-12T07:41:37.173+0000] {logging_mixin.py:137} INFO - [2023-01-12T07:41:37.173+0000] {dag.py:3427} INFO - Setting next_dagrun for latest_only to 2023-01-12T03:41:37.173246+00:00, run_after=2023-01-12T07:41:37.173246+00:00
[2023-01-12T07:41:37.191+0000] {processor.py:175} INFO - Processing /home/airflow/.local/lib/python3.7/site-packages/airflow/example_dags/example_latest_only.py took 0.090 seconds
[2023-01-12T07:42:07.340+0000] {processor.py:153} INFO - Started process (PID=257) to work on /home/airflow/.local/lib/python3.7/site-packages/airflow/example_dags/example_latest_only.py
[2023-01-12T07:42:07.341+0000] {processor.py:743} INFO - Processing file /home/airflow/.local/lib/python3.7/site-packages/airflow/example_dags/example_latest_only.py for tasks to queue
[2023-01-12T07:42:07.343+0000] {logging_mixin.py:137} INFO - [2023-01-12T07:42:07.343+0000] {dagbag.py:538} INFO - Filling up the DagBag from /home/airflow/.local/lib/python3.7/site-packages/airflow/example_dags/example_latest_only.py
[2023-01-12T07:42:07.355+0000] {processor.py:753} INFO - DAG(s) dict_keys(['latest_only']) retrieved from /home/airflow/.local/lib/python3.7/site-packages/airflow/example_dags/example_latest_only.py
[2023-01-12T07:42:07.387+0000] {logging_mixin.py:137} INFO - [2023-01-12T07:42:07.387+0000] {dag.py:2676} INFO - Sync 1 DAGs
[2023-01-12T07:42:07.406+0000] {logging_mixin.py:137} INFO - [2023-01-12T07:42:07.406+0000] {dag.py:3427} INFO - Setting next_dagrun for latest_only to 2023-01-12T03:42:07.406353+00:00, run_after=2023-01-12T07:42:07.406353+00:00
[2023-01-12T07:42:07.423+0000] {processor.py:175} INFO - Processing /home/airflow/.local/lib/python3.7/site-packages/airflow/example_dags/example_latest_only.py took 0.086 seconds
[2023-01-12T07:42:38.073+0000] {processor.py:153} INFO - Started process (PID=333) to work on /home/airflow/.local/lib/python3.7/site-packages/airflow/example_dags/example_latest_only.py
[2023-01-12T07:42:38.075+0000] {processor.py:743} INFO - Processing file /home/airflow/.local/lib/python3.7/site-packages/airflow/example_dags/example_latest_only.py for tasks to queue
[2023-01-12T07:42:38.077+0000] {logging_mixin.py:137} INFO - [2023-01-12T07:42:38.076+0000] {dagbag.py:538} INFO - Filling up the DagBag from /home/airflow/.local/lib/python3.7/site-packages/airflow/example_dags/example_latest_only.py
[2023-01-12T07:42:38.088+0000] {processor.py:753} INFO - DAG(s) dict_keys(['latest_only']) retrieved from /home/airflow/.local/lib/python3.7/site-packages/airflow/example_dags/example_latest_only.py
[2023-01-12T07:42:38.118+0000] {logging_mixin.py:137} INFO - [2023-01-12T07:42:38.118+0000] {dag.py:2676} INFO - Sync 1 DAGs
[2023-01-12T07:42:38.139+0000] {logging_mixin.py:137} INFO - [2023-01-12T07:42:38.139+0000] {dag.py:3427} INFO - Setting next_dagrun for latest_only to 2023-01-12T03:42:38.138884+00:00, run_after=2023-01-12T07:42:38.138884+00:00
[2023-01-12T07:42:38.156+0000] {processor.py:175} INFO - Processing /home/airflow/.local/lib/python3.7/site-packages/airflow/example_dags/example_latest_only.py took 0.086 seconds
[2023-01-12T07:43:08.610+0000] {processor.py:153} INFO - Started process (PID=395) to work on /home/airflow/.local/lib/python3.7/site-packages/airflow/example_dags/example_latest_only.py
[2023-01-12T07:43:08.612+0000] {processor.py:743} INFO - Processing file /home/airflow/.local/lib/python3.7/site-packages/airflow/example_dags/example_latest_only.py for tasks to queue
[2023-01-12T07:43:08.613+0000] {logging_mixin.py:137} INFO - [2023-01-12T07:43:08.613+0000] {dagbag.py:538} INFO - Filling up the DagBag from /home/airflow/.local/lib/python3.7/site-packages/airflow/example_dags/example_latest_only.py
[2023-01-12T07:43:08.624+0000] {processor.py:753} INFO - DAG(s) dict_keys(['latest_only']) retrieved from /home/airflow/.local/lib/python3.7/site-packages/airflow/example_dags/example_latest_only.py
[2023-01-12T07:43:08.653+0000] {logging_mixin.py:137} INFO - [2023-01-12T07:43:08.653+0000] {dag.py:2676} INFO - Sync 1 DAGs
[2023-01-12T07:43:08.674+0000] {logging_mixin.py:137} INFO - [2023-01-12T07:43:08.674+0000] {dag.py:3427} INFO - Setting next_dagrun for latest_only to 2023-01-12T03:43:08.674308+00:00, run_after=2023-01-12T07:43:08.674308+00:00
[2023-01-12T07:43:08.691+0000] {processor.py:175} INFO - Processing /home/airflow/.local/lib/python3.7/site-packages/airflow/example_dags/example_latest_only.py took 0.084 seconds
[2023-01-12T07:43:39.465+0000] {processor.py:153} INFO - Started process (PID=467) to work on /home/airflow/.local/lib/python3.7/site-packages/airflow/example_dags/example_latest_only.py
[2023-01-12T07:43:39.467+0000] {processor.py:743} INFO - Processing file /home/airflow/.local/lib/python3.7/site-packages/airflow/example_dags/example_latest_only.py for tasks to queue
[2023-01-12T07:43:39.469+0000] {logging_mixin.py:137} INFO - [2023-01-12T07:43:39.469+0000] {dagbag.py:538} INFO - Filling up the DagBag from /home/airflow/.local/lib/python3.7/site-packages/airflow/example_dags/example_latest_only.py
[2023-01-12T07:43:39.481+0000] {processor.py:753} INFO - DAG(s) dict_keys(['latest_only']) retrieved from /home/airflow/.local/lib/python3.7/site-packages/airflow/example_dags/example_latest_only.py
[2023-01-12T07:43:39.523+0000] {logging_mixin.py:137} INFO - [2023-01-12T07:43:39.523+0000] {dag.py:2676} INFO - Sync 1 DAGs
[2023-01-12T07:43:39.545+0000] {logging_mixin.py:137} INFO - [2023-01-12T07:43:39.545+0000] {dag.py:3427} INFO - Setting next_dagrun for latest_only to 2023-01-12T03:43:39.545629+00:00, run_after=2023-01-12T07:43:39.545629+00:00
[2023-01-12T07:43:39.567+0000] {processor.py:175} INFO - Processing /home/airflow/.local/lib/python3.7/site-packages/airflow/example_dags/example_latest_only.py took 0.105 seconds
[2023-01-12T07:44:10.539+0000] {processor.py:153} INFO - Started process (PID=541) to work on /home/airflow/.local/lib/python3.7/site-packages/airflow/example_dags/example_latest_only.py
[2023-01-12T07:44:10.541+0000] {processor.py:743} INFO - Processing file /home/airflow/.local/lib/python3.7/site-packages/airflow/example_dags/example_latest_only.py for tasks to queue
[2023-01-12T07:44:10.543+0000] {logging_mixin.py:137} INFO - [2023-01-12T07:44:10.543+0000] {dagbag.py:538} INFO - Filling up the DagBag from /home/airflow/.local/lib/python3.7/site-packages/airflow/example_dags/example_latest_only.py
[2023-01-12T07:44:10.556+0000] {processor.py:753} INFO - DAG(s) dict_keys(['latest_only']) retrieved from /home/airflow/.local/lib/python3.7/site-packages/airflow/example_dags/example_latest_only.py
[2023-01-12T07:44:10.591+0000] {logging_mixin.py:137} INFO - [2023-01-12T07:44:10.591+0000] {dag.py:2676} INFO - Sync 1 DAGs
[2023-01-12T07:44:10.616+0000] {logging_mixin.py:137} INFO - [2023-01-12T07:44:10.616+0000] {dag.py:3427} INFO - Setting next_dagrun for latest_only to 2023-01-12T03:44:10.616172+00:00, run_after=2023-01-12T07:44:10.616172+00:00
[2023-01-12T07:44:10.634+0000] {processor.py:175} INFO - Processing /home/airflow/.local/lib/python3.7/site-packages/airflow/example_dags/example_latest_only.py took 0.097 seconds
[2023-01-12T07:44:41.461+0000] {processor.py:153} INFO - Started process (PID=603) to work on /home/airflow/.local/lib/python3.7/site-packages/airflow/example_dags/example_latest_only.py
[2023-01-12T07:44:41.463+0000] {processor.py:743} INFO - Processing file /home/airflow/.local/lib/python3.7/site-packages/airflow/example_dags/example_latest_only.py for tasks to queue
[2023-01-12T07:44:41.465+0000] {logging_mixin.py:137} INFO - [2023-01-12T07:44:41.465+0000] {dagbag.py:538} INFO - Filling up the DagBag from /home/airflow/.local/lib/python3.7/site-packages/airflow/example_dags/example_latest_only.py
[2023-01-12T07:44:41.476+0000] {processor.py:753} INFO - DAG(s) dict_keys(['latest_only']) retrieved from /home/airflow/.local/lib/python3.7/site-packages/airflow/example_dags/example_latest_only.py
[2023-01-12T07:44:41.507+0000] {logging_mixin.py:137} INFO - [2023-01-12T07:44:41.507+0000] {dag.py:2676} INFO - Sync 1 DAGs
[2023-01-12T07:44:41.527+0000] {logging_mixin.py:137} INFO - [2023-01-12T07:44:41.527+0000] {dag.py:3427} INFO - Setting next_dagrun for latest_only to 2023-01-12T03:44:41.527534+00:00, run_after=2023-01-12T07:44:41.527534+00:00
[2023-01-12T07:44:41.544+0000] {processor.py:175} INFO - Processing /home/airflow/.local/lib/python3.7/site-packages/airflow/example_dags/example_latest_only.py took 0.085 seconds
[2023-01-12T07:45:11.957+0000] {processor.py:153} INFO - Started process (PID=678) to work on /home/airflow/.local/lib/python3.7/site-packages/airflow/example_dags/example_latest_only.py
[2023-01-12T07:45:11.960+0000] {processor.py:743} INFO - Processing file /home/airflow/.local/lib/python3.7/site-packages/airflow/example_dags/example_latest_only.py for tasks to queue
[2023-01-12T07:45:11.961+0000] {logging_mixin.py:137} INFO - [2023-01-12T07:45:11.961+0000] {dagbag.py:538} INFO - Filling up the DagBag from /home/airflow/.local/lib/python3.7/site-packages/airflow/example_dags/example_latest_only.py
[2023-01-12T07:45:11.973+0000] {processor.py:753} INFO - DAG(s) dict_keys(['latest_only']) retrieved from /home/airflow/.local/lib/python3.7/site-packages/airflow/example_dags/example_latest_only.py
[2023-01-12T07:45:12.003+0000] {logging_mixin.py:137} INFO - [2023-01-12T07:45:12.003+0000] {dag.py:2676} INFO - Sync 1 DAGs
[2023-01-12T07:45:12.026+0000] {logging_mixin.py:137} INFO - [2023-01-12T07:45:12.025+0000] {dag.py:3427} INFO - Setting next_dagrun for latest_only to 2023-01-12T03:45:12.025799+00:00, run_after=2023-01-12T07:45:12.025799+00:00
[2023-01-12T07:45:12.042+0000] {processor.py:175} INFO - Processing /home/airflow/.local/lib/python3.7/site-packages/airflow/example_dags/example_latest_only.py took 0.087 seconds
[2023-01-12T07:45:42.775+0000] {processor.py:153} INFO - Started process (PID=749) to work on /home/airflow/.local/lib/python3.7/site-packages/airflow/example_dags/example_latest_only.py
[2023-01-12T07:45:42.777+0000] {processor.py:743} INFO - Processing file /home/airflow/.local/lib/python3.7/site-packages/airflow/example_dags/example_latest_only.py for tasks to queue
[2023-01-12T07:45:42.779+0000] {logging_mixin.py:137} INFO - [2023-01-12T07:45:42.779+0000] {dagbag.py:538} INFO - Filling up the DagBag from /home/airflow/.local/lib/python3.7/site-packages/airflow/example_dags/example_latest_only.py
[2023-01-12T07:45:42.792+0000] {processor.py:753} INFO - DAG(s) dict_keys(['latest_only']) retrieved from /home/airflow/.local/lib/python3.7/site-packages/airflow/example_dags/example_latest_only.py
[2023-01-12T07:45:42.823+0000] {logging_mixin.py:137} INFO - [2023-01-12T07:45:42.822+0000] {dag.py:2676} INFO - Sync 1 DAGs
[2023-01-12T07:45:42.853+0000] {logging_mixin.py:137} INFO - [2023-01-12T07:45:42.853+0000] {dag.py:3427} INFO - Setting next_dagrun for latest_only to 2023-01-12T03:45:42.853648+00:00, run_after=2023-01-12T07:45:42.853648+00:00
[2023-01-12T07:45:42.875+0000] {processor.py:175} INFO - Processing /home/airflow/.local/lib/python3.7/site-packages/airflow/example_dags/example_latest_only.py took 0.103 seconds
[2023-01-12T07:46:13.711+0000] {processor.py:153} INFO - Started process (PID=814) to work on /home/airflow/.local/lib/python3.7/site-packages/airflow/example_dags/example_latest_only.py
[2023-01-12T07:46:13.713+0000] {processor.py:743} INFO - Processing file /home/airflow/.local/lib/python3.7/site-packages/airflow/example_dags/example_latest_only.py for tasks to queue
[2023-01-12T07:46:13.715+0000] {logging_mixin.py:137} INFO - [2023-01-12T07:46:13.715+0000] {dagbag.py:538} INFO - Filling up the DagBag from /home/airflow/.local/lib/python3.7/site-packages/airflow/example_dags/example_latest_only.py
[2023-01-12T07:46:13.728+0000] {processor.py:753} INFO - DAG(s) dict_keys(['latest_only']) retrieved from /home/airflow/.local/lib/python3.7/site-packages/airflow/example_dags/example_latest_only.py
[2023-01-12T07:46:13.758+0000] {logging_mixin.py:137} INFO - [2023-01-12T07:46:13.758+0000] {dag.py:2676} INFO - Sync 1 DAGs
[2023-01-12T07:46:13.780+0000] {logging_mixin.py:137} INFO - [2023-01-12T07:46:13.780+0000] {dag.py:3427} INFO - Setting next_dagrun for latest_only to 2023-01-12T03:46:13.780371+00:00, run_after=2023-01-12T07:46:13.780371+00:00
[2023-01-12T07:46:13.794+0000] {processor.py:175} INFO - Processing /home/airflow/.local/lib/python3.7/site-packages/airflow/example_dags/example_latest_only.py took 0.086 seconds
[2023-01-12T07:46:44.397+0000] {processor.py:153} INFO - Started process (PID=889) to work on /home/airflow/.local/lib/python3.7/site-packages/airflow/example_dags/example_latest_only.py
[2023-01-12T07:46:44.399+0000] {processor.py:743} INFO - Processing file /home/airflow/.local/lib/python3.7/site-packages/airflow/example_dags/example_latest_only.py for tasks to queue
[2023-01-12T07:46:44.400+0000] {logging_mixin.py:137} INFO - [2023-01-12T07:46:44.400+0000] {dagbag.py:538} INFO - Filling up the DagBag from /home/airflow/.local/lib/python3.7/site-packages/airflow/example_dags/example_latest_only.py
[2023-01-12T07:46:44.411+0000] {processor.py:753} INFO - DAG(s) dict_keys(['latest_only']) retrieved from /home/airflow/.local/lib/python3.7/site-packages/airflow/example_dags/example_latest_only.py
[2023-01-12T07:46:44.440+0000] {logging_mixin.py:137} INFO - [2023-01-12T07:46:44.440+0000] {dag.py:2676} INFO - Sync 1 DAGs
[2023-01-12T07:46:44.464+0000] {logging_mixin.py:137} INFO - [2023-01-12T07:46:44.464+0000] {dag.py:3427} INFO - Setting next_dagrun for latest_only to 2023-01-12T03:46:44.464099+00:00, run_after=2023-01-12T07:46:44.464099+00:00
[2023-01-12T07:46:44.479+0000] {processor.py:175} INFO - Processing /home/airflow/.local/lib/python3.7/site-packages/airflow/example_dags/example_latest_only.py took 0.085 seconds
[2023-01-12T07:47:15.247+0000] {processor.py:153} INFO - Started process (PID=951) to work on /home/airflow/.local/lib/python3.7/site-packages/airflow/example_dags/example_latest_only.py
[2023-01-12T07:47:15.249+0000] {processor.py:743} INFO - Processing file /home/airflow/.local/lib/python3.7/site-packages/airflow/example_dags/example_latest_only.py for tasks to queue
[2023-01-12T07:47:15.251+0000] {logging_mixin.py:137} INFO - [2023-01-12T07:47:15.251+0000] {dagbag.py:538} INFO - Filling up the DagBag from /home/airflow/.local/lib/python3.7/site-packages/airflow/example_dags/example_latest_only.py
[2023-01-12T07:47:15.263+0000] {processor.py:753} INFO - DAG(s) dict_keys(['latest_only']) retrieved from /home/airflow/.local/lib/python3.7/site-packages/airflow/example_dags/example_latest_only.py
[2023-01-12T07:47:15.291+0000] {logging_mixin.py:137} INFO - [2023-01-12T07:47:15.291+0000] {dag.py:2676} INFO - Sync 1 DAGs
[2023-01-12T07:47:15.318+0000] {logging_mixin.py:137} INFO - [2023-01-12T07:47:15.318+0000] {dag.py:3427} INFO - Setting next_dagrun for latest_only to 2023-01-12T03:47:15.318007+00:00, run_after=2023-01-12T07:47:15.318007+00:00
[2023-01-12T07:47:15.337+0000] {processor.py:175} INFO - Processing /home/airflow/.local/lib/python3.7/site-packages/airflow/example_dags/example_latest_only.py took 0.092 seconds
[2023-01-12T07:47:45.527+0000] {processor.py:153} INFO - Started process (PID=1027) to work on /home/airflow/.local/lib/python3.7/site-packages/airflow/example_dags/example_latest_only.py
[2023-01-12T07:47:45.529+0000] {processor.py:743} INFO - Processing file /home/airflow/.local/lib/python3.7/site-packages/airflow/example_dags/example_latest_only.py for tasks to queue
[2023-01-12T07:47:45.531+0000] {logging_mixin.py:137} INFO - [2023-01-12T07:47:45.531+0000] {dagbag.py:538} INFO - Filling up the DagBag from /home/airflow/.local/lib/python3.7/site-packages/airflow/example_dags/example_latest_only.py
[2023-01-12T07:47:45.543+0000] {processor.py:753} INFO - DAG(s) dict_keys(['latest_only']) retrieved from /home/airflow/.local/lib/python3.7/site-packages/airflow/example_dags/example_latest_only.py
[2023-01-12T07:47:45.574+0000] {logging_mixin.py:137} INFO - [2023-01-12T07:47:45.574+0000] {dag.py:2676} INFO - Sync 1 DAGs
[2023-01-12T07:47:45.598+0000] {logging_mixin.py:137} INFO - [2023-01-12T07:47:45.598+0000] {dag.py:3427} INFO - Setting next_dagrun for latest_only to 2023-01-12T03:47:45.598147+00:00, run_after=2023-01-12T07:47:45.598147+00:00
[2023-01-12T07:47:45.618+0000] {processor.py:175} INFO - Processing /home/airflow/.local/lib/python3.7/site-packages/airflow/example_dags/example_latest_only.py took 0.093 seconds
[2023-01-12T07:48:16.280+0000] {processor.py:153} INFO - Started process (PID=1100) to work on /home/airflow/.local/lib/python3.7/site-packages/airflow/example_dags/example_latest_only.py
[2023-01-12T07:48:16.281+0000] {processor.py:743} INFO - Processing file /home/airflow/.local/lib/python3.7/site-packages/airflow/example_dags/example_latest_only.py for tasks to queue
[2023-01-12T07:48:16.284+0000] {logging_mixin.py:137} INFO - [2023-01-12T07:48:16.284+0000] {dagbag.py:538} INFO - Filling up the DagBag from /home/airflow/.local/lib/python3.7/site-packages/airflow/example_dags/example_latest_only.py
[2023-01-12T07:48:16.297+0000] {processor.py:753} INFO - DAG(s) dict_keys(['latest_only']) retrieved from /home/airflow/.local/lib/python3.7/site-packages/airflow/example_dags/example_latest_only.py
[2023-01-12T07:48:16.331+0000] {logging_mixin.py:137} INFO - [2023-01-12T07:48:16.331+0000] {dag.py:2676} INFO - Sync 1 DAGs
[2023-01-12T07:48:16.352+0000] {logging_mixin.py:137} INFO - [2023-01-12T07:48:16.351+0000] {dag.py:3427} INFO - Setting next_dagrun for latest_only to 2023-01-12T03:48:16.351783+00:00, run_after=2023-01-12T07:48:16.351783+00:00
[2023-01-12T07:48:16.383+0000] {processor.py:175} INFO - Processing /home/airflow/.local/lib/python3.7/site-packages/airflow/example_dags/example_latest_only.py took 0.107 seconds
[2023-01-12T07:48:46.970+0000] {processor.py:153} INFO - Started process (PID=1161) to work on /home/airflow/.local/lib/python3.7/site-packages/airflow/example_dags/example_latest_only.py
[2023-01-12T07:48:46.972+0000] {processor.py:743} INFO - Processing file /home/airflow/.local/lib/python3.7/site-packages/airflow/example_dags/example_latest_only.py for tasks to queue
[2023-01-12T07:48:46.973+0000] {logging_mixin.py:137} INFO - [2023-01-12T07:48:46.973+0000] {dagbag.py:538} INFO - Filling up the DagBag from /home/airflow/.local/lib/python3.7/site-packages/airflow/example_dags/example_latest_only.py
[2023-01-12T07:48:46.984+0000] {processor.py:753} INFO - DAG(s) dict_keys(['latest_only']) retrieved from /home/airflow/.local/lib/python3.7/site-packages/airflow/example_dags/example_latest_only.py
[2023-01-12T07:48:47.014+0000] {logging_mixin.py:137} INFO - [2023-01-12T07:48:47.014+0000] {dag.py:2676} INFO - Sync 1 DAGs
[2023-01-12T07:48:47.033+0000] {logging_mixin.py:137} INFO - [2023-01-12T07:48:47.032+0000] {dag.py:3427} INFO - Setting next_dagrun for latest_only to 2023-01-12T03:48:47.032812+00:00, run_after=2023-01-12T07:48:47.032812+00:00
[2023-01-12T07:48:47.058+0000] {processor.py:175} INFO - Processing /home/airflow/.local/lib/python3.7/site-packages/airflow/example_dags/example_latest_only.py took 0.091 seconds
[2023-01-12T07:49:17.439+0000] {processor.py:153} INFO - Started process (PID=1237) to work on /home/airflow/.local/lib/python3.7/site-packages/airflow/example_dags/example_latest_only.py
[2023-01-12T07:49:17.441+0000] {processor.py:743} INFO - Processing file /home/airflow/.local/lib/python3.7/site-packages/airflow/example_dags/example_latest_only.py for tasks to queue
[2023-01-12T07:49:17.443+0000] {logging_mixin.py:137} INFO - [2023-01-12T07:49:17.443+0000] {dagbag.py:538} INFO - Filling up the DagBag from /home/airflow/.local/lib/python3.7/site-packages/airflow/example_dags/example_latest_only.py
[2023-01-12T07:49:17.455+0000] {processor.py:753} INFO - DAG(s) dict_keys(['latest_only']) retrieved from /home/airflow/.local/lib/python3.7/site-packages/airflow/example_dags/example_latest_only.py
[2023-01-12T07:49:17.485+0000] {logging_mixin.py:137} INFO - [2023-01-12T07:49:17.485+0000] {dag.py:2676} INFO - Sync 1 DAGs
[2023-01-12T07:49:17.506+0000] {logging_mixin.py:137} INFO - [2023-01-12T07:49:17.505+0000] {dag.py:3427} INFO - Setting next_dagrun for latest_only to 2023-01-12T03:49:17.505736+00:00, run_after=2023-01-12T07:49:17.505736+00:00
[2023-01-12T07:49:17.523+0000] {processor.py:175} INFO - Processing /home/airflow/.local/lib/python3.7/site-packages/airflow/example_dags/example_latest_only.py took 0.086 seconds
[2023-01-12T07:49:48.236+0000] {processor.py:153} INFO - Started process (PID=1299) to work on /home/airflow/.local/lib/python3.7/site-packages/airflow/example_dags/example_latest_only.py
[2023-01-12T07:49:48.238+0000] {processor.py:743} INFO - Processing file /home/airflow/.local/lib/python3.7/site-packages/airflow/example_dags/example_latest_only.py for tasks to queue
[2023-01-12T07:49:48.240+0000] {logging_mixin.py:137} INFO - [2023-01-12T07:49:48.240+0000] {dagbag.py:538} INFO - Filling up the DagBag from /home/airflow/.local/lib/python3.7/site-packages/airflow/example_dags/example_latest_only.py
[2023-01-12T07:49:48.252+0000] {processor.py:753} INFO - DAG(s) dict_keys(['latest_only']) retrieved from /home/airflow/.local/lib/python3.7/site-packages/airflow/example_dags/example_latest_only.py
[2023-01-12T07:49:48.284+0000] {logging_mixin.py:137} INFO - [2023-01-12T07:49:48.284+0000] {dag.py:2676} INFO - Sync 1 DAGs
[2023-01-12T07:49:48.308+0000] {logging_mixin.py:137} INFO - [2023-01-12T07:49:48.308+0000] {dag.py:3427} INFO - Setting next_dagrun for latest_only to 2023-01-12T03:49:48.308191+00:00, run_after=2023-01-12T07:49:48.308191+00:00
[2023-01-12T07:49:48.325+0000] {processor.py:175} INFO - Processing /home/airflow/.local/lib/python3.7/site-packages/airflow/example_dags/example_latest_only.py took 0.092 seconds
[2023-01-12T07:50:19.175+0000] {processor.py:153} INFO - Started process (PID=1374) to work on /home/airflow/.local/lib/python3.7/site-packages/airflow/example_dags/example_latest_only.py
[2023-01-12T07:50:19.177+0000] {processor.py:743} INFO - Processing file /home/airflow/.local/lib/python3.7/site-packages/airflow/example_dags/example_latest_only.py for tasks to queue
[2023-01-12T07:50:19.179+0000] {logging_mixin.py:137} INFO - [2023-01-12T07:50:19.178+0000] {dagbag.py:538} INFO - Filling up the DagBag from /home/airflow/.local/lib/python3.7/site-packages/airflow/example_dags/example_latest_only.py
[2023-01-12T07:50:19.190+0000] {processor.py:753} INFO - DAG(s) dict_keys(['latest_only']) retrieved from /home/airflow/.local/lib/python3.7/site-packages/airflow/example_dags/example_latest_only.py
[2023-01-12T07:50:19.220+0000] {logging_mixin.py:137} INFO - [2023-01-12T07:50:19.220+0000] {dag.py:2676} INFO - Sync 1 DAGs
[2023-01-12T07:50:19.240+0000] {logging_mixin.py:137} INFO - [2023-01-12T07:50:19.239+0000] {dag.py:3427} INFO - Setting next_dagrun for latest_only to 2023-01-12T03:50:19.239779+00:00, run_after=2023-01-12T07:50:19.239779+00:00
[2023-01-12T07:50:19.255+0000] {processor.py:175} INFO - Processing /home/airflow/.local/lib/python3.7/site-packages/airflow/example_dags/example_latest_only.py took 0.082 seconds
[2023-01-12T07:50:50.064+0000] {processor.py:153} INFO - Started process (PID=1447) to work on /home/airflow/.local/lib/python3.7/site-packages/airflow/example_dags/example_latest_only.py
[2023-01-12T07:50:50.066+0000] {processor.py:743} INFO - Processing file /home/airflow/.local/lib/python3.7/site-packages/airflow/example_dags/example_latest_only.py for tasks to queue
[2023-01-12T07:50:50.068+0000] {logging_mixin.py:137} INFO - [2023-01-12T07:50:50.067+0000] {dagbag.py:538} INFO - Filling up the DagBag from /home/airflow/.local/lib/python3.7/site-packages/airflow/example_dags/example_latest_only.py
[2023-01-12T07:50:50.082+0000] {processor.py:753} INFO - DAG(s) dict_keys(['latest_only']) retrieved from /home/airflow/.local/lib/python3.7/site-packages/airflow/example_dags/example_latest_only.py
[2023-01-12T07:50:50.123+0000] {logging_mixin.py:137} INFO - [2023-01-12T07:50:50.123+0000] {dag.py:2676} INFO - Sync 1 DAGs
[2023-01-12T07:50:50.144+0000] {logging_mixin.py:137} INFO - [2023-01-12T07:50:50.144+0000] {dag.py:3427} INFO - Setting next_dagrun for latest_only to 2023-01-12T03:50:50.144340+00:00, run_after=2023-01-12T07:50:50.144340+00:00
[2023-01-12T07:50:50.162+0000] {processor.py:175} INFO - Processing /home/airflow/.local/lib/python3.7/site-packages/airflow/example_dags/example_latest_only.py took 0.102 seconds
[2023-01-12T07:51:20.945+0000] {processor.py:153} INFO - Started process (PID=1508) to work on /home/airflow/.local/lib/python3.7/site-packages/airflow/example_dags/example_latest_only.py
[2023-01-12T07:51:20.947+0000] {processor.py:743} INFO - Processing file /home/airflow/.local/lib/python3.7/site-packages/airflow/example_dags/example_latest_only.py for tasks to queue
[2023-01-12T07:51:20.949+0000] {logging_mixin.py:137} INFO - [2023-01-12T07:51:20.949+0000] {dagbag.py:538} INFO - Filling up the DagBag from /home/airflow/.local/lib/python3.7/site-packages/airflow/example_dags/example_latest_only.py
[2023-01-12T07:51:20.961+0000] {processor.py:753} INFO - DAG(s) dict_keys(['latest_only']) retrieved from /home/airflow/.local/lib/python3.7/site-packages/airflow/example_dags/example_latest_only.py
[2023-01-12T07:51:20.993+0000] {logging_mixin.py:137} INFO - [2023-01-12T07:51:20.993+0000] {dag.py:2676} INFO - Sync 1 DAGs
[2023-01-12T07:51:21.014+0000] {logging_mixin.py:137} INFO - [2023-01-12T07:51:21.014+0000] {dag.py:3427} INFO - Setting next_dagrun for latest_only to 2023-01-12T03:51:21.014412+00:00, run_after=2023-01-12T07:51:21.014412+00:00
[2023-01-12T07:51:21.030+0000] {processor.py:175} INFO - Processing /home/airflow/.local/lib/python3.7/site-packages/airflow/example_dags/example_latest_only.py took 0.087 seconds
[2023-01-12T07:51:51.824+0000] {processor.py:153} INFO - Started process (PID=1580) to work on /home/airflow/.local/lib/python3.7/site-packages/airflow/example_dags/example_latest_only.py
[2023-01-12T07:51:51.826+0000] {processor.py:743} INFO - Processing file /home/airflow/.local/lib/python3.7/site-packages/airflow/example_dags/example_latest_only.py for tasks to queue
[2023-01-12T07:51:51.827+0000] {logging_mixin.py:137} INFO - [2023-01-12T07:51:51.827+0000] {dagbag.py:538} INFO - Filling up the DagBag from /home/airflow/.local/lib/python3.7/site-packages/airflow/example_dags/example_latest_only.py
[2023-01-12T07:51:51.839+0000] {processor.py:753} INFO - DAG(s) dict_keys(['latest_only']) retrieved from /home/airflow/.local/lib/python3.7/site-packages/airflow/example_dags/example_latest_only.py
[2023-01-12T07:51:51.870+0000] {logging_mixin.py:137} INFO - [2023-01-12T07:51:51.869+0000] {dag.py:2676} INFO - Sync 1 DAGs
[2023-01-12T07:51:51.891+0000] {logging_mixin.py:137} INFO - [2023-01-12T07:51:51.891+0000] {dag.py:3427} INFO - Setting next_dagrun for latest_only to 2023-01-12T03:51:51.891226+00:00, run_after=2023-01-12T07:51:51.891226+00:00
[2023-01-12T07:51:51.908+0000] {processor.py:175} INFO - Processing /home/airflow/.local/lib/python3.7/site-packages/airflow/example_dags/example_latest_only.py took 0.086 seconds
[2023-01-12T07:52:22.758+0000] {processor.py:153} INFO - Started process (PID=1655) to work on /home/airflow/.local/lib/python3.7/site-packages/airflow/example_dags/example_latest_only.py
[2023-01-12T07:52:22.760+0000] {processor.py:743} INFO - Processing file /home/airflow/.local/lib/python3.7/site-packages/airflow/example_dags/example_latest_only.py for tasks to queue
[2023-01-12T07:52:22.762+0000] {logging_mixin.py:137} INFO - [2023-01-12T07:52:22.762+0000] {dagbag.py:538} INFO - Filling up the DagBag from /home/airflow/.local/lib/python3.7/site-packages/airflow/example_dags/example_latest_only.py
[2023-01-12T07:52:22.775+0000] {processor.py:753} INFO - DAG(s) dict_keys(['latest_only']) retrieved from /home/airflow/.local/lib/python3.7/site-packages/airflow/example_dags/example_latest_only.py
[2023-01-12T07:52:22.812+0000] {logging_mixin.py:137} INFO - [2023-01-12T07:52:22.812+0000] {dag.py:2676} INFO - Sync 1 DAGs
[2023-01-12T07:52:22.833+0000] {logging_mixin.py:137} INFO - [2023-01-12T07:52:22.833+0000] {dag.py:3427} INFO - Setting next_dagrun for latest_only to 2023-01-12T03:52:22.833548+00:00, run_after=2023-01-12T07:52:22.833548+00:00
[2023-01-12T07:52:22.852+0000] {processor.py:175} INFO - Processing /home/airflow/.local/lib/python3.7/site-packages/airflow/example_dags/example_latest_only.py took 0.106 seconds
[2023-01-12T07:52:53.711+0000] {processor.py:153} INFO - Started process (PID=1716) to work on /home/airflow/.local/lib/python3.7/site-packages/airflow/example_dags/example_latest_only.py
[2023-01-12T07:52:53.713+0000] {processor.py:743} INFO - Processing file /home/airflow/.local/lib/python3.7/site-packages/airflow/example_dags/example_latest_only.py for tasks to queue
[2023-01-12T07:52:53.715+0000] {logging_mixin.py:137} INFO - [2023-01-12T07:52:53.715+0000] {dagbag.py:538} INFO - Filling up the DagBag from /home/airflow/.local/lib/python3.7/site-packages/airflow/example_dags/example_latest_only.py
[2023-01-12T07:52:53.727+0000] {processor.py:753} INFO - DAG(s) dict_keys(['latest_only']) retrieved from /home/airflow/.local/lib/python3.7/site-packages/airflow/example_dags/example_latest_only.py
[2023-01-12T07:52:53.760+0000] {logging_mixin.py:137} INFO - [2023-01-12T07:52:53.760+0000] {dag.py:2676} INFO - Sync 1 DAGs
[2023-01-12T07:52:53.782+0000] {logging_mixin.py:137} INFO - [2023-01-12T07:52:53.782+0000] {dag.py:3427} INFO - Setting next_dagrun for latest_only to 2023-01-12T03:52:53.781994+00:00, run_after=2023-01-12T07:52:53.781994+00:00
[2023-01-12T07:52:53.799+0000] {processor.py:175} INFO - Processing /home/airflow/.local/lib/python3.7/site-packages/airflow/example_dags/example_latest_only.py took 0.090 seconds
[2023-01-12T07:53:24.279+0000] {processor.py:153} INFO - Started process (PID=1789) to work on /home/airflow/.local/lib/python3.7/site-packages/airflow/example_dags/example_latest_only.py
[2023-01-12T07:53:24.281+0000] {processor.py:743} INFO - Processing file /home/airflow/.local/lib/python3.7/site-packages/airflow/example_dags/example_latest_only.py for tasks to queue
[2023-01-12T07:53:24.282+0000] {logging_mixin.py:137} INFO - [2023-01-12T07:53:24.282+0000] {dagbag.py:538} INFO - Filling up the DagBag from /home/airflow/.local/lib/python3.7/site-packages/airflow/example_dags/example_latest_only.py
[2023-01-12T07:53:24.294+0000] {processor.py:753} INFO - DAG(s) dict_keys(['latest_only']) retrieved from /home/airflow/.local/lib/python3.7/site-packages/airflow/example_dags/example_latest_only.py
[2023-01-12T07:53:24.324+0000] {logging_mixin.py:137} INFO - [2023-01-12T07:53:24.324+0000] {dag.py:2676} INFO - Sync 1 DAGs
[2023-01-12T07:53:24.344+0000] {logging_mixin.py:137} INFO - [2023-01-12T07:53:24.344+0000] {dag.py:3427} INFO - Setting next_dagrun for latest_only to 2023-01-12T03:53:24.344644+00:00, run_after=2023-01-12T07:53:24.344644+00:00
[2023-01-12T07:53:24.361+0000] {processor.py:175} INFO - Processing /home/airflow/.local/lib/python3.7/site-packages/airflow/example_dags/example_latest_only.py took 0.085 seconds
[2023-01-12T07:53:54.790+0000] {processor.py:153} INFO - Started process (PID=1851) to work on /home/airflow/.local/lib/python3.7/site-packages/airflow/example_dags/example_latest_only.py
[2023-01-12T07:53:54.792+0000] {processor.py:743} INFO - Processing file /home/airflow/.local/lib/python3.7/site-packages/airflow/example_dags/example_latest_only.py for tasks to queue
[2023-01-12T07:53:54.794+0000] {logging_mixin.py:137} INFO - [2023-01-12T07:53:54.794+0000] {dagbag.py:538} INFO - Filling up the DagBag from /home/airflow/.local/lib/python3.7/site-packages/airflow/example_dags/example_latest_only.py
[2023-01-12T07:53:54.806+0000] {processor.py:753} INFO - DAG(s) dict_keys(['latest_only']) retrieved from /home/airflow/.local/lib/python3.7/site-packages/airflow/example_dags/example_latest_only.py
[2023-01-12T07:53:54.838+0000] {logging_mixin.py:137} INFO - [2023-01-12T07:53:54.838+0000] {dag.py:2676} INFO - Sync 1 DAGs
[2023-01-12T07:53:54.863+0000] {logging_mixin.py:137} INFO - [2023-01-12T07:53:54.862+0000] {dag.py:3427} INFO - Setting next_dagrun for latest_only to 2023-01-12T03:53:54.862781+00:00, run_after=2023-01-12T07:53:54.862781+00:00
[2023-01-12T07:53:54.878+0000] {processor.py:175} INFO - Processing /home/airflow/.local/lib/python3.7/site-packages/airflow/example_dags/example_latest_only.py took 0.091 seconds
