[2023-01-12T07:27:05.339+0000] {processor.py:153} INFO - Started process (PID=41) to work on /home/airflow/.local/lib/python3.7/site-packages/airflow/example_dags/example_short_circuit_decorator.py
[2023-01-12T07:27:05.341+0000] {processor.py:743} INFO - Processing file /home/airflow/.local/lib/python3.7/site-packages/airflow/example_dags/example_short_circuit_decorator.py for tasks to queue
[2023-01-12T07:27:05.343+0000] {logging_mixin.py:137} INFO - [2023-01-12T07:27:05.342+0000] {dagbag.py:538} INFO - Filling up the DagBag from /home/airflow/.local/lib/python3.7/site-packages/airflow/example_dags/example_short_circuit_decorator.py
[2023-01-12T07:27:05.399+0000] {processor.py:753} INFO - DAG(s) dict_keys(['example_short_circuit_decorator']) retrieved from /home/airflow/.local/lib/python3.7/site-packages/airflow/example_dags/example_short_circuit_decorator.py
[2023-01-12T07:27:05.455+0000] {logging_mixin.py:137} INFO - [2023-01-12T07:27:05.455+0000] {dag.py:2676} INFO - Sync 1 DAGs
[2023-01-12T07:27:05.509+0000] {logging_mixin.py:137} INFO - [2023-01-12T07:27:05.509+0000] {dag.py:3427} INFO - Setting next_dagrun for example_short_circuit_decorator to 2023-01-11T07:27:05.508834+00:00, run_after=2023-01-12T07:27:05.508834+00:00
[2023-01-12T07:27:05.536+0000] {processor.py:175} INFO - Processing /home/airflow/.local/lib/python3.7/site-packages/airflow/example_dags/example_short_circuit_decorator.py took 0.210 seconds
[2023-01-12T07:27:35.872+0000] {processor.py:153} INFO - Started process (PID=115) to work on /home/airflow/.local/lib/python3.7/site-packages/airflow/example_dags/example_short_circuit_decorator.py
[2023-01-12T07:27:35.873+0000] {processor.py:743} INFO - Processing file /home/airflow/.local/lib/python3.7/site-packages/airflow/example_dags/example_short_circuit_decorator.py for tasks to queue
[2023-01-12T07:27:35.875+0000] {logging_mixin.py:137} INFO - [2023-01-12T07:27:35.874+0000] {dagbag.py:538} INFO - Filling up the DagBag from /home/airflow/.local/lib/python3.7/site-packages/airflow/example_dags/example_short_circuit_decorator.py
[2023-01-12T07:27:35.895+0000] {processor.py:753} INFO - DAG(s) dict_keys(['example_short_circuit_decorator']) retrieved from /home/airflow/.local/lib/python3.7/site-packages/airflow/example_dags/example_short_circuit_decorator.py
[2023-01-12T07:27:35.924+0000] {logging_mixin.py:137} INFO - [2023-01-12T07:27:35.923+0000] {dag.py:2676} INFO - Sync 1 DAGs
[2023-01-12T07:27:35.941+0000] {logging_mixin.py:137} INFO - [2023-01-12T07:27:35.941+0000] {dag.py:3427} INFO - Setting next_dagrun for example_short_circuit_decorator to 2023-01-11T07:27:35.941704+00:00, run_after=2023-01-12T07:27:35.941704+00:00
[2023-01-12T07:27:35.956+0000] {processor.py:175} INFO - Processing /home/airflow/.local/lib/python3.7/site-packages/airflow/example_dags/example_short_circuit_decorator.py took 0.086 seconds
[2023-01-12T07:28:06.769+0000] {processor.py:153} INFO - Started process (PID=175) to work on /home/airflow/.local/lib/python3.7/site-packages/airflow/example_dags/example_short_circuit_decorator.py
[2023-01-12T07:28:06.771+0000] {processor.py:743} INFO - Processing file /home/airflow/.local/lib/python3.7/site-packages/airflow/example_dags/example_short_circuit_decorator.py for tasks to queue
[2023-01-12T07:28:06.773+0000] {logging_mixin.py:137} INFO - [2023-01-12T07:28:06.773+0000] {dagbag.py:538} INFO - Filling up the DagBag from /home/airflow/.local/lib/python3.7/site-packages/airflow/example_dags/example_short_circuit_decorator.py
[2023-01-12T07:28:06.793+0000] {processor.py:753} INFO - DAG(s) dict_keys(['example_short_circuit_decorator']) retrieved from /home/airflow/.local/lib/python3.7/site-packages/airflow/example_dags/example_short_circuit_decorator.py
[2023-01-12T07:28:06.823+0000] {logging_mixin.py:137} INFO - [2023-01-12T07:28:06.823+0000] {dag.py:2676} INFO - Sync 1 DAGs
[2023-01-12T07:28:06.847+0000] {logging_mixin.py:137} INFO - [2023-01-12T07:28:06.847+0000] {dag.py:3427} INFO - Setting next_dagrun for example_short_circuit_decorator to 2023-01-11T07:28:06.846941+00:00, run_after=2023-01-12T07:28:06.846941+00:00
[2023-01-12T07:28:06.867+0000] {processor.py:175} INFO - Processing /home/airflow/.local/lib/python3.7/site-packages/airflow/example_dags/example_short_circuit_decorator.py took 0.101 seconds
[2023-01-12T07:28:37.502+0000] {processor.py:153} INFO - Started process (PID=249) to work on /home/airflow/.local/lib/python3.7/site-packages/airflow/example_dags/example_short_circuit_decorator.py
[2023-01-12T07:28:37.503+0000] {processor.py:743} INFO - Processing file /home/airflow/.local/lib/python3.7/site-packages/airflow/example_dags/example_short_circuit_decorator.py for tasks to queue
[2023-01-12T07:28:37.505+0000] {logging_mixin.py:137} INFO - [2023-01-12T07:28:37.505+0000] {dagbag.py:538} INFO - Filling up the DagBag from /home/airflow/.local/lib/python3.7/site-packages/airflow/example_dags/example_short_circuit_decorator.py
[2023-01-12T07:28:37.526+0000] {processor.py:753} INFO - DAG(s) dict_keys(['example_short_circuit_decorator']) retrieved from /home/airflow/.local/lib/python3.7/site-packages/airflow/example_dags/example_short_circuit_decorator.py
[2023-01-12T07:28:37.557+0000] {logging_mixin.py:137} INFO - [2023-01-12T07:28:37.557+0000] {dag.py:2676} INFO - Sync 1 DAGs
[2023-01-12T07:28:37.575+0000] {logging_mixin.py:137} INFO - [2023-01-12T07:28:37.575+0000] {dag.py:3427} INFO - Setting next_dagrun for example_short_circuit_decorator to 2023-01-11T07:28:37.575587+00:00, run_after=2023-01-12T07:28:37.575587+00:00
[2023-01-12T07:28:37.590+0000] {processor.py:175} INFO - Processing /home/airflow/.local/lib/python3.7/site-packages/airflow/example_dags/example_short_circuit_decorator.py took 0.091 seconds
[2023-01-12T07:29:08.238+0000] {processor.py:153} INFO - Started process (PID=323) to work on /home/airflow/.local/lib/python3.7/site-packages/airflow/example_dags/example_short_circuit_decorator.py
[2023-01-12T07:29:08.239+0000] {processor.py:743} INFO - Processing file /home/airflow/.local/lib/python3.7/site-packages/airflow/example_dags/example_short_circuit_decorator.py for tasks to queue
[2023-01-12T07:29:08.241+0000] {logging_mixin.py:137} INFO - [2023-01-12T07:29:08.241+0000] {dagbag.py:538} INFO - Filling up the DagBag from /home/airflow/.local/lib/python3.7/site-packages/airflow/example_dags/example_short_circuit_decorator.py
[2023-01-12T07:29:08.261+0000] {processor.py:753} INFO - DAG(s) dict_keys(['example_short_circuit_decorator']) retrieved from /home/airflow/.local/lib/python3.7/site-packages/airflow/example_dags/example_short_circuit_decorator.py
[2023-01-12T07:29:08.290+0000] {logging_mixin.py:137} INFO - [2023-01-12T07:29:08.290+0000] {dag.py:2676} INFO - Sync 1 DAGs
[2023-01-12T07:29:08.308+0000] {logging_mixin.py:137} INFO - [2023-01-12T07:29:08.308+0000] {dag.py:3427} INFO - Setting next_dagrun for example_short_circuit_decorator to 2023-01-11T07:29:08.308390+00:00, run_after=2023-01-12T07:29:08.308390+00:00
[2023-01-12T07:29:08.322+0000] {processor.py:175} INFO - Processing /home/airflow/.local/lib/python3.7/site-packages/airflow/example_dags/example_short_circuit_decorator.py took 0.087 seconds
[2023-01-12T07:29:38.871+0000] {processor.py:153} INFO - Started process (PID=386) to work on /home/airflow/.local/lib/python3.7/site-packages/airflow/example_dags/example_short_circuit_decorator.py
[2023-01-12T07:29:38.873+0000] {processor.py:743} INFO - Processing file /home/airflow/.local/lib/python3.7/site-packages/airflow/example_dags/example_short_circuit_decorator.py for tasks to queue
[2023-01-12T07:29:38.875+0000] {logging_mixin.py:137} INFO - [2023-01-12T07:29:38.875+0000] {dagbag.py:538} INFO - Filling up the DagBag from /home/airflow/.local/lib/python3.7/site-packages/airflow/example_dags/example_short_circuit_decorator.py
[2023-01-12T07:29:38.895+0000] {processor.py:753} INFO - DAG(s) dict_keys(['example_short_circuit_decorator']) retrieved from /home/airflow/.local/lib/python3.7/site-packages/airflow/example_dags/example_short_circuit_decorator.py
[2023-01-12T07:29:38.925+0000] {logging_mixin.py:137} INFO - [2023-01-12T07:29:38.925+0000] {dag.py:2676} INFO - Sync 1 DAGs
[2023-01-12T07:29:38.944+0000] {logging_mixin.py:137} INFO - [2023-01-12T07:29:38.944+0000] {dag.py:3427} INFO - Setting next_dagrun for example_short_circuit_decorator to 2023-01-11T07:29:38.944186+00:00, run_after=2023-01-12T07:29:38.944186+00:00
[2023-01-12T07:29:38.961+0000] {processor.py:175} INFO - Processing /home/airflow/.local/lib/python3.7/site-packages/airflow/example_dags/example_short_circuit_decorator.py took 0.092 seconds
[2023-01-12T07:30:09.603+0000] {processor.py:153} INFO - Started process (PID=460) to work on /home/airflow/.local/lib/python3.7/site-packages/airflow/example_dags/example_short_circuit_decorator.py
[2023-01-12T07:30:09.605+0000] {processor.py:743} INFO - Processing file /home/airflow/.local/lib/python3.7/site-packages/airflow/example_dags/example_short_circuit_decorator.py for tasks to queue
[2023-01-12T07:30:09.606+0000] {logging_mixin.py:137} INFO - [2023-01-12T07:30:09.606+0000] {dagbag.py:538} INFO - Filling up the DagBag from /home/airflow/.local/lib/python3.7/site-packages/airflow/example_dags/example_short_circuit_decorator.py
[2023-01-12T07:30:09.626+0000] {processor.py:753} INFO - DAG(s) dict_keys(['example_short_circuit_decorator']) retrieved from /home/airflow/.local/lib/python3.7/site-packages/airflow/example_dags/example_short_circuit_decorator.py
[2023-01-12T07:30:09.656+0000] {logging_mixin.py:137} INFO - [2023-01-12T07:30:09.655+0000] {dag.py:2676} INFO - Sync 1 DAGs
[2023-01-12T07:30:09.674+0000] {logging_mixin.py:137} INFO - [2023-01-12T07:30:09.674+0000] {dag.py:3427} INFO - Setting next_dagrun for example_short_circuit_decorator to 2023-01-11T07:30:09.674286+00:00, run_after=2023-01-12T07:30:09.674286+00:00
[2023-01-12T07:30:09.689+0000] {processor.py:175} INFO - Processing /home/airflow/.local/lib/python3.7/site-packages/airflow/example_dags/example_short_circuit_decorator.py took 0.089 seconds
[2023-01-12T07:30:40.185+0000] {processor.py:153} INFO - Started process (PID=535) to work on /home/airflow/.local/lib/python3.7/site-packages/airflow/example_dags/example_short_circuit_decorator.py
[2023-01-12T07:30:40.187+0000] {processor.py:743} INFO - Processing file /home/airflow/.local/lib/python3.7/site-packages/airflow/example_dags/example_short_circuit_decorator.py for tasks to queue
[2023-01-12T07:30:40.188+0000] {logging_mixin.py:137} INFO - [2023-01-12T07:30:40.188+0000] {dagbag.py:538} INFO - Filling up the DagBag from /home/airflow/.local/lib/python3.7/site-packages/airflow/example_dags/example_short_circuit_decorator.py
[2023-01-12T07:30:40.215+0000] {processor.py:753} INFO - DAG(s) dict_keys(['example_short_circuit_decorator']) retrieved from /home/airflow/.local/lib/python3.7/site-packages/airflow/example_dags/example_short_circuit_decorator.py
[2023-01-12T07:30:40.246+0000] {logging_mixin.py:137} INFO - [2023-01-12T07:30:40.246+0000] {dag.py:2676} INFO - Sync 1 DAGs
[2023-01-12T07:30:40.265+0000] {logging_mixin.py:137} INFO - [2023-01-12T07:30:40.265+0000] {dag.py:3427} INFO - Setting next_dagrun for example_short_circuit_decorator to 2023-01-11T07:30:40.265506+00:00, run_after=2023-01-12T07:30:40.265506+00:00
[2023-01-12T07:30:40.281+0000] {processor.py:175} INFO - Processing /home/airflow/.local/lib/python3.7/site-packages/airflow/example_dags/example_short_circuit_decorator.py took 0.099 seconds
[2023-01-12T07:31:10.887+0000] {processor.py:153} INFO - Started process (PID=596) to work on /home/airflow/.local/lib/python3.7/site-packages/airflow/example_dags/example_short_circuit_decorator.py
[2023-01-12T07:31:10.889+0000] {processor.py:743} INFO - Processing file /home/airflow/.local/lib/python3.7/site-packages/airflow/example_dags/example_short_circuit_decorator.py for tasks to queue
[2023-01-12T07:31:10.890+0000] {logging_mixin.py:137} INFO - [2023-01-12T07:31:10.890+0000] {dagbag.py:538} INFO - Filling up the DagBag from /home/airflow/.local/lib/python3.7/site-packages/airflow/example_dags/example_short_circuit_decorator.py
[2023-01-12T07:31:10.910+0000] {processor.py:753} INFO - DAG(s) dict_keys(['example_short_circuit_decorator']) retrieved from /home/airflow/.local/lib/python3.7/site-packages/airflow/example_dags/example_short_circuit_decorator.py
[2023-01-12T07:31:10.942+0000] {logging_mixin.py:137} INFO - [2023-01-12T07:31:10.941+0000] {dag.py:2676} INFO - Sync 1 DAGs
[2023-01-12T07:31:10.959+0000] {logging_mixin.py:137} INFO - [2023-01-12T07:31:10.959+0000] {dag.py:3427} INFO - Setting next_dagrun for example_short_circuit_decorator to 2023-01-11T07:31:10.959080+00:00, run_after=2023-01-12T07:31:10.959080+00:00
[2023-01-12T07:31:10.975+0000] {processor.py:175} INFO - Processing /home/airflow/.local/lib/python3.7/site-packages/airflow/example_dags/example_short_circuit_decorator.py took 0.090 seconds
[2023-01-12T07:31:41.560+0000] {processor.py:153} INFO - Started process (PID=670) to work on /home/airflow/.local/lib/python3.7/site-packages/airflow/example_dags/example_short_circuit_decorator.py
[2023-01-12T07:31:41.561+0000] {processor.py:743} INFO - Processing file /home/airflow/.local/lib/python3.7/site-packages/airflow/example_dags/example_short_circuit_decorator.py for tasks to queue
[2023-01-12T07:31:41.563+0000] {logging_mixin.py:137} INFO - [2023-01-12T07:31:41.563+0000] {dagbag.py:538} INFO - Filling up the DagBag from /home/airflow/.local/lib/python3.7/site-packages/airflow/example_dags/example_short_circuit_decorator.py
[2023-01-12T07:31:41.583+0000] {processor.py:753} INFO - DAG(s) dict_keys(['example_short_circuit_decorator']) retrieved from /home/airflow/.local/lib/python3.7/site-packages/airflow/example_dags/example_short_circuit_decorator.py
[2023-01-12T07:31:41.614+0000] {logging_mixin.py:137} INFO - [2023-01-12T07:31:41.614+0000] {dag.py:2676} INFO - Sync 1 DAGs
[2023-01-12T07:31:41.633+0000] {logging_mixin.py:137} INFO - [2023-01-12T07:31:41.633+0000] {dag.py:3427} INFO - Setting next_dagrun for example_short_circuit_decorator to 2023-01-11T07:31:41.633617+00:00, run_after=2023-01-12T07:31:41.633617+00:00
[2023-01-12T07:31:41.650+0000] {processor.py:175} INFO - Processing /home/airflow/.local/lib/python3.7/site-packages/airflow/example_dags/example_short_circuit_decorator.py took 0.093 seconds
[2023-01-12T07:32:12.416+0000] {processor.py:153} INFO - Started process (PID=744) to work on /home/airflow/.local/lib/python3.7/site-packages/airflow/example_dags/example_short_circuit_decorator.py
[2023-01-12T07:32:12.417+0000] {processor.py:743} INFO - Processing file /home/airflow/.local/lib/python3.7/site-packages/airflow/example_dags/example_short_circuit_decorator.py for tasks to queue
[2023-01-12T07:32:12.418+0000] {logging_mixin.py:137} INFO - [2023-01-12T07:32:12.418+0000] {dagbag.py:538} INFO - Filling up the DagBag from /home/airflow/.local/lib/python3.7/site-packages/airflow/example_dags/example_short_circuit_decorator.py
[2023-01-12T07:32:12.444+0000] {processor.py:753} INFO - DAG(s) dict_keys(['example_short_circuit_decorator']) retrieved from /home/airflow/.local/lib/python3.7/site-packages/airflow/example_dags/example_short_circuit_decorator.py
[2023-01-12T07:32:12.482+0000] {logging_mixin.py:137} INFO - [2023-01-12T07:32:12.482+0000] {dag.py:2676} INFO - Sync 1 DAGs
[2023-01-12T07:32:12.506+0000] {logging_mixin.py:137} INFO - [2023-01-12T07:32:12.506+0000] {dag.py:3427} INFO - Setting next_dagrun for example_short_circuit_decorator to 2023-01-11T07:32:12.506438+00:00, run_after=2023-01-12T07:32:12.506438+00:00
[2023-01-12T07:32:12.526+0000] {processor.py:175} INFO - Processing /home/airflow/.local/lib/python3.7/site-packages/airflow/example_dags/example_short_circuit_decorator.py took 0.115 seconds
[2023-01-12T07:32:43.145+0000] {processor.py:153} INFO - Started process (PID=805) to work on /home/airflow/.local/lib/python3.7/site-packages/airflow/example_dags/example_short_circuit_decorator.py
[2023-01-12T07:32:43.146+0000] {processor.py:743} INFO - Processing file /home/airflow/.local/lib/python3.7/site-packages/airflow/example_dags/example_short_circuit_decorator.py for tasks to queue
[2023-01-12T07:32:43.147+0000] {logging_mixin.py:137} INFO - [2023-01-12T07:32:43.147+0000] {dagbag.py:538} INFO - Filling up the DagBag from /home/airflow/.local/lib/python3.7/site-packages/airflow/example_dags/example_short_circuit_decorator.py
[2023-01-12T07:32:43.171+0000] {processor.py:753} INFO - DAG(s) dict_keys(['example_short_circuit_decorator']) retrieved from /home/airflow/.local/lib/python3.7/site-packages/airflow/example_dags/example_short_circuit_decorator.py
[2023-01-12T07:32:43.199+0000] {logging_mixin.py:137} INFO - [2023-01-12T07:32:43.199+0000] {dag.py:2676} INFO - Sync 1 DAGs
[2023-01-12T07:32:43.218+0000] {logging_mixin.py:137} INFO - [2023-01-12T07:32:43.218+0000] {dag.py:3427} INFO - Setting next_dagrun for example_short_circuit_decorator to 2023-01-11T07:32:43.218293+00:00, run_after=2023-01-12T07:32:43.218293+00:00
[2023-01-12T07:32:43.234+0000] {processor.py:175} INFO - Processing /home/airflow/.local/lib/python3.7/site-packages/airflow/example_dags/example_short_circuit_decorator.py took 0.092 seconds
[2023-01-12T07:33:13.624+0000] {processor.py:153} INFO - Started process (PID=877) to work on /home/airflow/.local/lib/python3.7/site-packages/airflow/example_dags/example_short_circuit_decorator.py
[2023-01-12T07:33:13.626+0000] {processor.py:743} INFO - Processing file /home/airflow/.local/lib/python3.7/site-packages/airflow/example_dags/example_short_circuit_decorator.py for tasks to queue
[2023-01-12T07:33:13.627+0000] {logging_mixin.py:137} INFO - [2023-01-12T07:33:13.627+0000] {dagbag.py:538} INFO - Filling up the DagBag from /home/airflow/.local/lib/python3.7/site-packages/airflow/example_dags/example_short_circuit_decorator.py
[2023-01-12T07:33:13.650+0000] {processor.py:753} INFO - DAG(s) dict_keys(['example_short_circuit_decorator']) retrieved from /home/airflow/.local/lib/python3.7/site-packages/airflow/example_dags/example_short_circuit_decorator.py
[2023-01-12T07:33:13.687+0000] {logging_mixin.py:137} INFO - [2023-01-12T07:33:13.687+0000] {dag.py:2676} INFO - Sync 1 DAGs
[2023-01-12T07:33:13.707+0000] {logging_mixin.py:137} INFO - [2023-01-12T07:33:13.707+0000] {dag.py:3427} INFO - Setting next_dagrun for example_short_circuit_decorator to 2023-01-11T07:33:13.706933+00:00, run_after=2023-01-12T07:33:13.706933+00:00
[2023-01-12T07:33:13.722+0000] {processor.py:175} INFO - Processing /home/airflow/.local/lib/python3.7/site-packages/airflow/example_dags/example_short_circuit_decorator.py took 0.101 seconds
[2023-01-12T07:33:44.127+0000] {processor.py:153} INFO - Started process (PID=941) to work on /home/airflow/.local/lib/python3.7/site-packages/airflow/example_dags/example_short_circuit_decorator.py
[2023-01-12T07:33:44.129+0000] {processor.py:743} INFO - Processing file /home/airflow/.local/lib/python3.7/site-packages/airflow/example_dags/example_short_circuit_decorator.py for tasks to queue
[2023-01-12T07:33:44.130+0000] {logging_mixin.py:137} INFO - [2023-01-12T07:33:44.130+0000] {dagbag.py:538} INFO - Filling up the DagBag from /home/airflow/.local/lib/python3.7/site-packages/airflow/example_dags/example_short_circuit_decorator.py
[2023-01-12T07:33:44.149+0000] {processor.py:753} INFO - DAG(s) dict_keys(['example_short_circuit_decorator']) retrieved from /home/airflow/.local/lib/python3.7/site-packages/airflow/example_dags/example_short_circuit_decorator.py
[2023-01-12T07:33:44.179+0000] {logging_mixin.py:137} INFO - [2023-01-12T07:33:44.178+0000] {dag.py:2676} INFO - Sync 1 DAGs
[2023-01-12T07:33:44.198+0000] {logging_mixin.py:137} INFO - [2023-01-12T07:33:44.198+0000] {dag.py:3427} INFO - Setting next_dagrun for example_short_circuit_decorator to 2023-01-11T07:33:44.198130+00:00, run_after=2023-01-12T07:33:44.198130+00:00
[2023-01-12T07:33:44.213+0000] {processor.py:175} INFO - Processing /home/airflow/.local/lib/python3.7/site-packages/airflow/example_dags/example_short_circuit_decorator.py took 0.088 seconds
[2023-01-12T07:34:15.043+0000] {processor.py:153} INFO - Started process (PID=1012) to work on /home/airflow/.local/lib/python3.7/site-packages/airflow/example_dags/example_short_circuit_decorator.py
[2023-01-12T07:34:15.045+0000] {processor.py:743} INFO - Processing file /home/airflow/.local/lib/python3.7/site-packages/airflow/example_dags/example_short_circuit_decorator.py for tasks to queue
[2023-01-12T07:34:15.047+0000] {logging_mixin.py:137} INFO - [2023-01-12T07:34:15.047+0000] {dagbag.py:538} INFO - Filling up the DagBag from /home/airflow/.local/lib/python3.7/site-packages/airflow/example_dags/example_short_circuit_decorator.py
[2023-01-12T07:34:15.066+0000] {processor.py:753} INFO - DAG(s) dict_keys(['example_short_circuit_decorator']) retrieved from /home/airflow/.local/lib/python3.7/site-packages/airflow/example_dags/example_short_circuit_decorator.py
[2023-01-12T07:34:15.095+0000] {logging_mixin.py:137} INFO - [2023-01-12T07:34:15.095+0000] {dag.py:2676} INFO - Sync 1 DAGs
[2023-01-12T07:34:15.113+0000] {logging_mixin.py:137} INFO - [2023-01-12T07:34:15.113+0000] {dag.py:3427} INFO - Setting next_dagrun for example_short_circuit_decorator to 2023-01-11T07:34:15.113104+00:00, run_after=2023-01-12T07:34:15.113104+00:00
[2023-01-12T07:34:15.128+0000] {processor.py:175} INFO - Processing /home/airflow/.local/lib/python3.7/site-packages/airflow/example_dags/example_short_circuit_decorator.py took 0.087 seconds
[2023-01-12T07:34:45.737+0000] {processor.py:153} INFO - Started process (PID=1085) to work on /home/airflow/.local/lib/python3.7/site-packages/airflow/example_dags/example_short_circuit_decorator.py
[2023-01-12T07:34:45.739+0000] {processor.py:743} INFO - Processing file /home/airflow/.local/lib/python3.7/site-packages/airflow/example_dags/example_short_circuit_decorator.py for tasks to queue
[2023-01-12T07:34:45.740+0000] {logging_mixin.py:137} INFO - [2023-01-12T07:34:45.740+0000] {dagbag.py:538} INFO - Filling up the DagBag from /home/airflow/.local/lib/python3.7/site-packages/airflow/example_dags/example_short_circuit_decorator.py
[2023-01-12T07:34:45.759+0000] {processor.py:753} INFO - DAG(s) dict_keys(['example_short_circuit_decorator']) retrieved from /home/airflow/.local/lib/python3.7/site-packages/airflow/example_dags/example_short_circuit_decorator.py
[2023-01-12T07:34:45.790+0000] {logging_mixin.py:137} INFO - [2023-01-12T07:34:45.790+0000] {dag.py:2676} INFO - Sync 1 DAGs
[2023-01-12T07:34:45.808+0000] {logging_mixin.py:137} INFO - [2023-01-12T07:34:45.808+0000] {dag.py:3427} INFO - Setting next_dagrun for example_short_circuit_decorator to 2023-01-11T07:34:45.808034+00:00, run_after=2023-01-12T07:34:45.808034+00:00
[2023-01-12T07:34:45.824+0000] {processor.py:175} INFO - Processing /home/airflow/.local/lib/python3.7/site-packages/airflow/example_dags/example_short_circuit_decorator.py took 0.090 seconds
[2023-01-12T07:35:16.432+0000] {processor.py:153} INFO - Started process (PID=1146) to work on /home/airflow/.local/lib/python3.7/site-packages/airflow/example_dags/example_short_circuit_decorator.py
[2023-01-12T07:35:16.434+0000] {processor.py:743} INFO - Processing file /home/airflow/.local/lib/python3.7/site-packages/airflow/example_dags/example_short_circuit_decorator.py for tasks to queue
[2023-01-12T07:35:16.436+0000] {logging_mixin.py:137} INFO - [2023-01-12T07:35:16.436+0000] {dagbag.py:538} INFO - Filling up the DagBag from /home/airflow/.local/lib/python3.7/site-packages/airflow/example_dags/example_short_circuit_decorator.py
[2023-01-12T07:35:16.455+0000] {processor.py:753} INFO - DAG(s) dict_keys(['example_short_circuit_decorator']) retrieved from /home/airflow/.local/lib/python3.7/site-packages/airflow/example_dags/example_short_circuit_decorator.py
[2023-01-12T07:35:16.486+0000] {logging_mixin.py:137} INFO - [2023-01-12T07:35:16.486+0000] {dag.py:2676} INFO - Sync 1 DAGs
[2023-01-12T07:35:16.507+0000] {logging_mixin.py:137} INFO - [2023-01-12T07:35:16.507+0000] {dag.py:3427} INFO - Setting next_dagrun for example_short_circuit_decorator to 2023-01-11T07:35:16.507410+00:00, run_after=2023-01-12T07:35:16.507410+00:00
[2023-01-12T07:35:16.524+0000] {processor.py:175} INFO - Processing /home/airflow/.local/lib/python3.7/site-packages/airflow/example_dags/example_short_circuit_decorator.py took 0.094 seconds
[2023-01-12T07:35:47.326+0000] {processor.py:153} INFO - Started process (PID=1220) to work on /home/airflow/.local/lib/python3.7/site-packages/airflow/example_dags/example_short_circuit_decorator.py
[2023-01-12T07:35:47.329+0000] {processor.py:743} INFO - Processing file /home/airflow/.local/lib/python3.7/site-packages/airflow/example_dags/example_short_circuit_decorator.py for tasks to queue
[2023-01-12T07:35:47.331+0000] {logging_mixin.py:137} INFO - [2023-01-12T07:35:47.331+0000] {dagbag.py:538} INFO - Filling up the DagBag from /home/airflow/.local/lib/python3.7/site-packages/airflow/example_dags/example_short_circuit_decorator.py
[2023-01-12T07:35:47.350+0000] {processor.py:753} INFO - DAG(s) dict_keys(['example_short_circuit_decorator']) retrieved from /home/airflow/.local/lib/python3.7/site-packages/airflow/example_dags/example_short_circuit_decorator.py
[2023-01-12T07:35:47.379+0000] {logging_mixin.py:137} INFO - [2023-01-12T07:35:47.379+0000] {dag.py:2676} INFO - Sync 1 DAGs
[2023-01-12T07:35:47.397+0000] {logging_mixin.py:137} INFO - [2023-01-12T07:35:47.397+0000] {dag.py:3427} INFO - Setting next_dagrun for example_short_circuit_decorator to 2023-01-11T07:35:47.397596+00:00, run_after=2023-01-12T07:35:47.397596+00:00
[2023-01-12T07:35:47.413+0000] {processor.py:175} INFO - Processing /home/airflow/.local/lib/python3.7/site-packages/airflow/example_dags/example_short_circuit_decorator.py took 0.090 seconds
[2023-01-12T07:36:18.250+0000] {processor.py:153} INFO - Started process (PID=1295) to work on /home/airflow/.local/lib/python3.7/site-packages/airflow/example_dags/example_short_circuit_decorator.py
[2023-01-12T07:36:18.254+0000] {processor.py:743} INFO - Processing file /home/airflow/.local/lib/python3.7/site-packages/airflow/example_dags/example_short_circuit_decorator.py for tasks to queue
[2023-01-12T07:36:18.265+0000] {logging_mixin.py:137} INFO - [2023-01-12T07:36:18.265+0000] {dagbag.py:538} INFO - Filling up the DagBag from /home/airflow/.local/lib/python3.7/site-packages/airflow/example_dags/example_short_circuit_decorator.py
[2023-01-12T07:36:18.293+0000] {processor.py:753} INFO - DAG(s) dict_keys(['example_short_circuit_decorator']) retrieved from /home/airflow/.local/lib/python3.7/site-packages/airflow/example_dags/example_short_circuit_decorator.py
[2023-01-12T07:36:18.327+0000] {logging_mixin.py:137} INFO - [2023-01-12T07:36:18.327+0000] {dag.py:2676} INFO - Sync 1 DAGs
[2023-01-12T07:36:18.347+0000] {logging_mixin.py:137} INFO - [2023-01-12T07:36:18.346+0000] {dag.py:3427} INFO - Setting next_dagrun for example_short_circuit_decorator to 2023-01-11T07:36:18.346781+00:00, run_after=2023-01-12T07:36:18.346781+00:00
[2023-01-12T07:36:18.374+0000] {processor.py:175} INFO - Processing /home/airflow/.local/lib/python3.7/site-packages/airflow/example_dags/example_short_circuit_decorator.py took 0.131 seconds
[2023-01-12T07:37:18.893+0000] {processor.py:153} INFO - Started process (PID=41) to work on /home/airflow/.local/lib/python3.7/site-packages/airflow/example_dags/example_short_circuit_decorator.py
[2023-01-12T07:37:18.902+0000] {processor.py:743} INFO - Processing file /home/airflow/.local/lib/python3.7/site-packages/airflow/example_dags/example_short_circuit_decorator.py for tasks to queue
[2023-01-12T07:37:18.904+0000] {logging_mixin.py:137} INFO - [2023-01-12T07:37:18.904+0000] {dagbag.py:538} INFO - Filling up the DagBag from /home/airflow/.local/lib/python3.7/site-packages/airflow/example_dags/example_short_circuit_decorator.py
[2023-01-12T07:37:18.947+0000] {processor.py:753} INFO - DAG(s) dict_keys(['example_short_circuit_decorator']) retrieved from /home/airflow/.local/lib/python3.7/site-packages/airflow/example_dags/example_short_circuit_decorator.py
[2023-01-12T07:37:18.996+0000] {logging_mixin.py:137} INFO - [2023-01-12T07:37:18.996+0000] {dag.py:2676} INFO - Sync 1 DAGs
[2023-01-12T07:37:19.029+0000] {logging_mixin.py:137} INFO - [2023-01-12T07:37:19.029+0000] {dag.py:3427} INFO - Setting next_dagrun for example_short_circuit_decorator to 2023-01-11T07:37:19.028951+00:00, run_after=2023-01-12T07:37:19.028951+00:00
[2023-01-12T07:37:19.056+0000] {processor.py:175} INFO - Processing /home/airflow/.local/lib/python3.7/site-packages/airflow/example_dags/example_short_circuit_decorator.py took 0.166 seconds
[2023-01-12T07:37:49.463+0000] {processor.py:153} INFO - Started process (PID=115) to work on /home/airflow/.local/lib/python3.7/site-packages/airflow/example_dags/example_short_circuit_decorator.py
[2023-01-12T07:37:49.465+0000] {processor.py:743} INFO - Processing file /home/airflow/.local/lib/python3.7/site-packages/airflow/example_dags/example_short_circuit_decorator.py for tasks to queue
[2023-01-12T07:37:49.467+0000] {logging_mixin.py:137} INFO - [2023-01-12T07:37:49.467+0000] {dagbag.py:538} INFO - Filling up the DagBag from /home/airflow/.local/lib/python3.7/site-packages/airflow/example_dags/example_short_circuit_decorator.py
[2023-01-12T07:37:49.488+0000] {processor.py:753} INFO - DAG(s) dict_keys(['example_short_circuit_decorator']) retrieved from /home/airflow/.local/lib/python3.7/site-packages/airflow/example_dags/example_short_circuit_decorator.py
[2023-01-12T07:37:49.518+0000] {logging_mixin.py:137} INFO - [2023-01-12T07:37:49.517+0000] {dag.py:2676} INFO - Sync 1 DAGs
[2023-01-12T07:37:49.535+0000] {logging_mixin.py:137} INFO - [2023-01-12T07:37:49.535+0000] {dag.py:3427} INFO - Setting next_dagrun for example_short_circuit_decorator to 2023-01-11T07:37:49.535032+00:00, run_after=2023-01-12T07:37:49.535032+00:00
[2023-01-12T07:37:49.549+0000] {processor.py:175} INFO - Processing /home/airflow/.local/lib/python3.7/site-packages/airflow/example_dags/example_short_circuit_decorator.py took 0.088 seconds
[2023-01-12T07:38:20.383+0000] {processor.py:153} INFO - Started process (PID=186) to work on /home/airflow/.local/lib/python3.7/site-packages/airflow/example_dags/example_short_circuit_decorator.py
[2023-01-12T07:38:20.386+0000] {processor.py:743} INFO - Processing file /home/airflow/.local/lib/python3.7/site-packages/airflow/example_dags/example_short_circuit_decorator.py for tasks to queue
[2023-01-12T07:38:20.387+0000] {logging_mixin.py:137} INFO - [2023-01-12T07:38:20.387+0000] {dagbag.py:538} INFO - Filling up the DagBag from /home/airflow/.local/lib/python3.7/site-packages/airflow/example_dags/example_short_circuit_decorator.py
[2023-01-12T07:38:20.410+0000] {processor.py:753} INFO - DAG(s) dict_keys(['example_short_circuit_decorator']) retrieved from /home/airflow/.local/lib/python3.7/site-packages/airflow/example_dags/example_short_circuit_decorator.py
[2023-01-12T07:38:20.441+0000] {logging_mixin.py:137} INFO - [2023-01-12T07:38:20.441+0000] {dag.py:2676} INFO - Sync 1 DAGs
[2023-01-12T07:38:20.466+0000] {logging_mixin.py:137} INFO - [2023-01-12T07:38:20.466+0000] {dag.py:3427} INFO - Setting next_dagrun for example_short_circuit_decorator to 2023-01-11T07:38:20.466274+00:00, run_after=2023-01-12T07:38:20.466274+00:00
[2023-01-12T07:38:20.484+0000] {processor.py:175} INFO - Processing /home/airflow/.local/lib/python3.7/site-packages/airflow/example_dags/example_short_circuit_decorator.py took 0.103 seconds
[2023-01-12T07:38:51.186+0000] {processor.py:153} INFO - Started process (PID=252) to work on /home/airflow/.local/lib/python3.7/site-packages/airflow/example_dags/example_short_circuit_decorator.py
[2023-01-12T07:38:51.188+0000] {processor.py:743} INFO - Processing file /home/airflow/.local/lib/python3.7/site-packages/airflow/example_dags/example_short_circuit_decorator.py for tasks to queue
[2023-01-12T07:38:51.189+0000] {logging_mixin.py:137} INFO - [2023-01-12T07:38:51.189+0000] {dagbag.py:538} INFO - Filling up the DagBag from /home/airflow/.local/lib/python3.7/site-packages/airflow/example_dags/example_short_circuit_decorator.py
[2023-01-12T07:38:51.209+0000] {processor.py:753} INFO - DAG(s) dict_keys(['example_short_circuit_decorator']) retrieved from /home/airflow/.local/lib/python3.7/site-packages/airflow/example_dags/example_short_circuit_decorator.py
[2023-01-12T07:38:51.239+0000] {logging_mixin.py:137} INFO - [2023-01-12T07:38:51.239+0000] {dag.py:2676} INFO - Sync 1 DAGs
[2023-01-12T07:38:51.258+0000] {logging_mixin.py:137} INFO - [2023-01-12T07:38:51.258+0000] {dag.py:3427} INFO - Setting next_dagrun for example_short_circuit_decorator to 2023-01-11T07:38:51.257841+00:00, run_after=2023-01-12T07:38:51.257841+00:00
[2023-01-12T07:38:51.274+0000] {processor.py:175} INFO - Processing /home/airflow/.local/lib/python3.7/site-packages/airflow/example_dags/example_short_circuit_decorator.py took 0.091 seconds
[2023-01-12T07:39:21.723+0000] {processor.py:153} INFO - Started process (PID=326) to work on /home/airflow/.local/lib/python3.7/site-packages/airflow/example_dags/example_short_circuit_decorator.py
[2023-01-12T07:39:21.727+0000] {processor.py:743} INFO - Processing file /home/airflow/.local/lib/python3.7/site-packages/airflow/example_dags/example_short_circuit_decorator.py for tasks to queue
[2023-01-12T07:39:21.728+0000] {logging_mixin.py:137} INFO - [2023-01-12T07:39:21.728+0000] {dagbag.py:538} INFO - Filling up the DagBag from /home/airflow/.local/lib/python3.7/site-packages/airflow/example_dags/example_short_circuit_decorator.py
[2023-01-12T07:39:21.750+0000] {processor.py:753} INFO - DAG(s) dict_keys(['example_short_circuit_decorator']) retrieved from /home/airflow/.local/lib/python3.7/site-packages/airflow/example_dags/example_short_circuit_decorator.py
[2023-01-12T07:39:21.781+0000] {logging_mixin.py:137} INFO - [2023-01-12T07:39:21.781+0000] {dag.py:2676} INFO - Sync 1 DAGs
[2023-01-12T07:39:21.803+0000] {logging_mixin.py:137} INFO - [2023-01-12T07:39:21.803+0000] {dag.py:3427} INFO - Setting next_dagrun for example_short_circuit_decorator to 2023-01-11T07:39:21.802935+00:00, run_after=2023-01-12T07:39:21.802935+00:00
[2023-01-12T07:39:21.819+0000] {processor.py:175} INFO - Processing /home/airflow/.local/lib/python3.7/site-packages/airflow/example_dags/example_short_circuit_decorator.py took 0.099 seconds
[2023-01-12T07:40:36.302+0000] {processor.py:153} INFO - Started process (PID=41) to work on /home/airflow/.local/lib/python3.7/site-packages/airflow/example_dags/example_short_circuit_decorator.py
[2023-01-12T07:40:36.303+0000] {processor.py:743} INFO - Processing file /home/airflow/.local/lib/python3.7/site-packages/airflow/example_dags/example_short_circuit_decorator.py for tasks to queue
[2023-01-12T07:40:36.305+0000] {logging_mixin.py:137} INFO - [2023-01-12T07:40:36.305+0000] {dagbag.py:538} INFO - Filling up the DagBag from /home/airflow/.local/lib/python3.7/site-packages/airflow/example_dags/example_short_circuit_decorator.py
[2023-01-12T07:40:36.332+0000] {processor.py:753} INFO - DAG(s) dict_keys(['example_short_circuit_decorator']) retrieved from /home/airflow/.local/lib/python3.7/site-packages/airflow/example_dags/example_short_circuit_decorator.py
[2023-01-12T07:40:36.360+0000] {logging_mixin.py:137} INFO - [2023-01-12T07:40:36.360+0000] {dag.py:2676} INFO - Sync 1 DAGs
[2023-01-12T07:40:36.382+0000] {logging_mixin.py:137} INFO - [2023-01-12T07:40:36.382+0000] {dag.py:3427} INFO - Setting next_dagrun for example_short_circuit_decorator to 2023-01-11T07:40:36.382346+00:00, run_after=2023-01-12T07:40:36.382346+00:00
[2023-01-12T07:40:36.399+0000] {processor.py:175} INFO - Processing /home/airflow/.local/lib/python3.7/site-packages/airflow/example_dags/example_short_circuit_decorator.py took 0.101 seconds
[2023-01-12T07:41:06.520+0000] {processor.py:153} INFO - Started process (PID=118) to work on /home/airflow/.local/lib/python3.7/site-packages/airflow/example_dags/example_short_circuit_decorator.py
[2023-01-12T07:41:06.522+0000] {processor.py:743} INFO - Processing file /home/airflow/.local/lib/python3.7/site-packages/airflow/example_dags/example_short_circuit_decorator.py for tasks to queue
[2023-01-12T07:41:06.524+0000] {logging_mixin.py:137} INFO - [2023-01-12T07:41:06.524+0000] {dagbag.py:538} INFO - Filling up the DagBag from /home/airflow/.local/lib/python3.7/site-packages/airflow/example_dags/example_short_circuit_decorator.py
[2023-01-12T07:41:06.545+0000] {processor.py:753} INFO - DAG(s) dict_keys(['example_short_circuit_decorator']) retrieved from /home/airflow/.local/lib/python3.7/site-packages/airflow/example_dags/example_short_circuit_decorator.py
[2023-01-12T07:41:06.576+0000] {logging_mixin.py:137} INFO - [2023-01-12T07:41:06.576+0000] {dag.py:2676} INFO - Sync 1 DAGs
[2023-01-12T07:41:06.596+0000] {logging_mixin.py:137} INFO - [2023-01-12T07:41:06.596+0000] {dag.py:3427} INFO - Setting next_dagrun for example_short_circuit_decorator to 2023-01-11T07:41:06.596108+00:00, run_after=2023-01-12T07:41:06.596108+00:00
[2023-01-12T07:41:06.612+0000] {processor.py:175} INFO - Processing /home/airflow/.local/lib/python3.7/site-packages/airflow/example_dags/example_short_circuit_decorator.py took 0.094 seconds
[2023-01-12T07:41:36.724+0000] {processor.py:153} INFO - Started process (PID=179) to work on /home/airflow/.local/lib/python3.7/site-packages/airflow/example_dags/example_short_circuit_decorator.py
[2023-01-12T07:41:36.725+0000] {processor.py:743} INFO - Processing file /home/airflow/.local/lib/python3.7/site-packages/airflow/example_dags/example_short_circuit_decorator.py for tasks to queue
[2023-01-12T07:41:36.727+0000] {logging_mixin.py:137} INFO - [2023-01-12T07:41:36.727+0000] {dagbag.py:538} INFO - Filling up the DagBag from /home/airflow/.local/lib/python3.7/site-packages/airflow/example_dags/example_short_circuit_decorator.py
[2023-01-12T07:41:36.749+0000] {processor.py:753} INFO - DAG(s) dict_keys(['example_short_circuit_decorator']) retrieved from /home/airflow/.local/lib/python3.7/site-packages/airflow/example_dags/example_short_circuit_decorator.py
[2023-01-12T07:41:36.779+0000] {logging_mixin.py:137} INFO - [2023-01-12T07:41:36.779+0000] {dag.py:2676} INFO - Sync 1 DAGs
[2023-01-12T07:41:36.800+0000] {logging_mixin.py:137} INFO - [2023-01-12T07:41:36.800+0000] {dag.py:3427} INFO - Setting next_dagrun for example_short_circuit_decorator to 2023-01-11T07:41:36.800084+00:00, run_after=2023-01-12T07:41:36.800084+00:00
[2023-01-12T07:41:36.821+0000] {processor.py:175} INFO - Processing /home/airflow/.local/lib/python3.7/site-packages/airflow/example_dags/example_short_circuit_decorator.py took 0.100 seconds
[2023-01-12T07:42:07.089+0000] {processor.py:153} INFO - Started process (PID=253) to work on /home/airflow/.local/lib/python3.7/site-packages/airflow/example_dags/example_short_circuit_decorator.py
[2023-01-12T07:42:07.090+0000] {processor.py:743} INFO - Processing file /home/airflow/.local/lib/python3.7/site-packages/airflow/example_dags/example_short_circuit_decorator.py for tasks to queue
[2023-01-12T07:42:07.091+0000] {logging_mixin.py:137} INFO - [2023-01-12T07:42:07.091+0000] {dagbag.py:538} INFO - Filling up the DagBag from /home/airflow/.local/lib/python3.7/site-packages/airflow/example_dags/example_short_circuit_decorator.py
[2023-01-12T07:42:07.110+0000] {processor.py:753} INFO - DAG(s) dict_keys(['example_short_circuit_decorator']) retrieved from /home/airflow/.local/lib/python3.7/site-packages/airflow/example_dags/example_short_circuit_decorator.py
[2023-01-12T07:42:07.140+0000] {logging_mixin.py:137} INFO - [2023-01-12T07:42:07.140+0000] {dag.py:2676} INFO - Sync 1 DAGs
[2023-01-12T07:42:07.159+0000] {logging_mixin.py:137} INFO - [2023-01-12T07:42:07.159+0000] {dag.py:3427} INFO - Setting next_dagrun for example_short_circuit_decorator to 2023-01-11T07:42:07.159055+00:00, run_after=2023-01-12T07:42:07.159055+00:00
[2023-01-12T07:42:07.173+0000] {processor.py:175} INFO - Processing /home/airflow/.local/lib/python3.7/site-packages/airflow/example_dags/example_short_circuit_decorator.py took 0.087 seconds
[2023-01-12T07:42:37.811+0000] {processor.py:153} INFO - Started process (PID=329) to work on /home/airflow/.local/lib/python3.7/site-packages/airflow/example_dags/example_short_circuit_decorator.py
[2023-01-12T07:42:37.813+0000] {processor.py:743} INFO - Processing file /home/airflow/.local/lib/python3.7/site-packages/airflow/example_dags/example_short_circuit_decorator.py for tasks to queue
[2023-01-12T07:42:37.814+0000] {logging_mixin.py:137} INFO - [2023-01-12T07:42:37.814+0000] {dagbag.py:538} INFO - Filling up the DagBag from /home/airflow/.local/lib/python3.7/site-packages/airflow/example_dags/example_short_circuit_decorator.py
[2023-01-12T07:42:37.836+0000] {processor.py:753} INFO - DAG(s) dict_keys(['example_short_circuit_decorator']) retrieved from /home/airflow/.local/lib/python3.7/site-packages/airflow/example_dags/example_short_circuit_decorator.py
[2023-01-12T07:42:37.865+0000] {logging_mixin.py:137} INFO - [2023-01-12T07:42:37.865+0000] {dag.py:2676} INFO - Sync 1 DAGs
[2023-01-12T07:42:37.883+0000] {logging_mixin.py:137} INFO - [2023-01-12T07:42:37.883+0000] {dag.py:3427} INFO - Setting next_dagrun for example_short_circuit_decorator to 2023-01-11T07:42:37.883099+00:00, run_after=2023-01-12T07:42:37.883099+00:00
[2023-01-12T07:42:37.899+0000] {processor.py:175} INFO - Processing /home/airflow/.local/lib/python3.7/site-packages/airflow/example_dags/example_short_circuit_decorator.py took 0.091 seconds
[2023-01-12T07:43:08.360+0000] {processor.py:153} INFO - Started process (PID=391) to work on /home/airflow/.local/lib/python3.7/site-packages/airflow/example_dags/example_short_circuit_decorator.py
[2023-01-12T07:43:08.362+0000] {processor.py:743} INFO - Processing file /home/airflow/.local/lib/python3.7/site-packages/airflow/example_dags/example_short_circuit_decorator.py for tasks to queue
[2023-01-12T07:43:08.364+0000] {logging_mixin.py:137} INFO - [2023-01-12T07:43:08.364+0000] {dagbag.py:538} INFO - Filling up the DagBag from /home/airflow/.local/lib/python3.7/site-packages/airflow/example_dags/example_short_circuit_decorator.py
[2023-01-12T07:43:08.388+0000] {processor.py:753} INFO - DAG(s) dict_keys(['example_short_circuit_decorator']) retrieved from /home/airflow/.local/lib/python3.7/site-packages/airflow/example_dags/example_short_circuit_decorator.py
[2023-01-12T07:43:08.423+0000] {logging_mixin.py:137} INFO - [2023-01-12T07:43:08.423+0000] {dag.py:2676} INFO - Sync 1 DAGs
[2023-01-12T07:43:08.442+0000] {logging_mixin.py:137} INFO - [2023-01-12T07:43:08.442+0000] {dag.py:3427} INFO - Setting next_dagrun for example_short_circuit_decorator to 2023-01-11T07:43:08.441947+00:00, run_after=2023-01-12T07:43:08.441947+00:00
[2023-01-12T07:43:08.459+0000] {processor.py:175} INFO - Processing /home/airflow/.local/lib/python3.7/site-packages/airflow/example_dags/example_short_circuit_decorator.py took 0.101 seconds
[2023-01-12T07:43:39.213+0000] {processor.py:153} INFO - Started process (PID=463) to work on /home/airflow/.local/lib/python3.7/site-packages/airflow/example_dags/example_short_circuit_decorator.py
[2023-01-12T07:43:39.215+0000] {processor.py:743} INFO - Processing file /home/airflow/.local/lib/python3.7/site-packages/airflow/example_dags/example_short_circuit_decorator.py for tasks to queue
[2023-01-12T07:43:39.218+0000] {logging_mixin.py:137} INFO - [2023-01-12T07:43:39.218+0000] {dagbag.py:538} INFO - Filling up the DagBag from /home/airflow/.local/lib/python3.7/site-packages/airflow/example_dags/example_short_circuit_decorator.py
[2023-01-12T07:43:39.239+0000] {processor.py:753} INFO - DAG(s) dict_keys(['example_short_circuit_decorator']) retrieved from /home/airflow/.local/lib/python3.7/site-packages/airflow/example_dags/example_short_circuit_decorator.py
[2023-01-12T07:43:39.271+0000] {logging_mixin.py:137} INFO - [2023-01-12T07:43:39.271+0000] {dag.py:2676} INFO - Sync 1 DAGs
[2023-01-12T07:43:39.289+0000] {logging_mixin.py:137} INFO - [2023-01-12T07:43:39.289+0000] {dag.py:3427} INFO - Setting next_dagrun for example_short_circuit_decorator to 2023-01-11T07:43:39.289656+00:00, run_after=2023-01-12T07:43:39.289656+00:00
[2023-01-12T07:43:39.305+0000] {processor.py:175} INFO - Processing /home/airflow/.local/lib/python3.7/site-packages/airflow/example_dags/example_short_circuit_decorator.py took 0.095 seconds
[2023-01-12T07:44:10.070+0000] {processor.py:153} INFO - Started process (PID=534) to work on /home/airflow/.local/lib/python3.7/site-packages/airflow/example_dags/example_short_circuit_decorator.py
[2023-01-12T07:44:10.072+0000] {processor.py:743} INFO - Processing file /home/airflow/.local/lib/python3.7/site-packages/airflow/example_dags/example_short_circuit_decorator.py for tasks to queue
[2023-01-12T07:44:10.073+0000] {logging_mixin.py:137} INFO - [2023-01-12T07:44:10.073+0000] {dagbag.py:538} INFO - Filling up the DagBag from /home/airflow/.local/lib/python3.7/site-packages/airflow/example_dags/example_short_circuit_decorator.py
[2023-01-12T07:44:10.123+0000] {processor.py:753} INFO - DAG(s) dict_keys(['example_short_circuit_decorator']) retrieved from /home/airflow/.local/lib/python3.7/site-packages/airflow/example_dags/example_short_circuit_decorator.py
[2023-01-12T07:44:10.197+0000] {logging_mixin.py:137} INFO - [2023-01-12T07:44:10.197+0000] {dag.py:2676} INFO - Sync 1 DAGs
[2023-01-12T07:44:10.217+0000] {logging_mixin.py:137} INFO - [2023-01-12T07:44:10.217+0000] {dag.py:3427} INFO - Setting next_dagrun for example_short_circuit_decorator to 2023-01-11T07:44:10.217577+00:00, run_after=2023-01-12T07:44:10.217577+00:00
[2023-01-12T07:44:10.252+0000] {processor.py:175} INFO - Processing /home/airflow/.local/lib/python3.7/site-packages/airflow/example_dags/example_short_circuit_decorator.py took 0.184 seconds
[2023-01-12T07:44:41.180+0000] {processor.py:153} INFO - Started process (PID=599) to work on /home/airflow/.local/lib/python3.7/site-packages/airflow/example_dags/example_short_circuit_decorator.py
[2023-01-12T07:44:41.182+0000] {processor.py:743} INFO - Processing file /home/airflow/.local/lib/python3.7/site-packages/airflow/example_dags/example_short_circuit_decorator.py for tasks to queue
[2023-01-12T07:44:41.183+0000] {logging_mixin.py:137} INFO - [2023-01-12T07:44:41.183+0000] {dagbag.py:538} INFO - Filling up the DagBag from /home/airflow/.local/lib/python3.7/site-packages/airflow/example_dags/example_short_circuit_decorator.py
[2023-01-12T07:44:41.202+0000] {processor.py:753} INFO - DAG(s) dict_keys(['example_short_circuit_decorator']) retrieved from /home/airflow/.local/lib/python3.7/site-packages/airflow/example_dags/example_short_circuit_decorator.py
[2023-01-12T07:44:41.232+0000] {logging_mixin.py:137} INFO - [2023-01-12T07:44:41.232+0000] {dag.py:2676} INFO - Sync 1 DAGs
[2023-01-12T07:44:41.253+0000] {logging_mixin.py:137} INFO - [2023-01-12T07:44:41.253+0000] {dag.py:3427} INFO - Setting next_dagrun for example_short_circuit_decorator to 2023-01-11T07:44:41.253182+00:00, run_after=2023-01-12T07:44:41.253182+00:00
[2023-01-12T07:44:41.270+0000] {processor.py:175} INFO - Processing /home/airflow/.local/lib/python3.7/site-packages/airflow/example_dags/example_short_circuit_decorator.py took 0.093 seconds
[2023-01-12T07:45:11.677+0000] {processor.py:153} INFO - Started process (PID=674) to work on /home/airflow/.local/lib/python3.7/site-packages/airflow/example_dags/example_short_circuit_decorator.py
[2023-01-12T07:45:11.680+0000] {processor.py:743} INFO - Processing file /home/airflow/.local/lib/python3.7/site-packages/airflow/example_dags/example_short_circuit_decorator.py for tasks to queue
[2023-01-12T07:45:11.681+0000] {logging_mixin.py:137} INFO - [2023-01-12T07:45:11.681+0000] {dagbag.py:538} INFO - Filling up the DagBag from /home/airflow/.local/lib/python3.7/site-packages/airflow/example_dags/example_short_circuit_decorator.py
[2023-01-12T07:45:11.703+0000] {processor.py:753} INFO - DAG(s) dict_keys(['example_short_circuit_decorator']) retrieved from /home/airflow/.local/lib/python3.7/site-packages/airflow/example_dags/example_short_circuit_decorator.py
[2023-01-12T07:45:11.733+0000] {logging_mixin.py:137} INFO - [2023-01-12T07:45:11.733+0000] {dag.py:2676} INFO - Sync 1 DAGs
[2023-01-12T07:45:11.754+0000] {logging_mixin.py:137} INFO - [2023-01-12T07:45:11.754+0000] {dag.py:3427} INFO - Setting next_dagrun for example_short_circuit_decorator to 2023-01-11T07:45:11.754469+00:00, run_after=2023-01-12T07:45:11.754469+00:00
[2023-01-12T07:45:11.769+0000] {processor.py:175} INFO - Processing /home/airflow/.local/lib/python3.7/site-packages/airflow/example_dags/example_short_circuit_decorator.py took 0.095 seconds
[2023-01-12T07:45:42.425+0000] {processor.py:153} INFO - Started process (PID=737) to work on /home/airflow/.local/lib/python3.7/site-packages/airflow/example_dags/example_short_circuit_decorator.py
[2023-01-12T07:45:42.434+0000] {processor.py:743} INFO - Processing file /home/airflow/.local/lib/python3.7/site-packages/airflow/example_dags/example_short_circuit_decorator.py for tasks to queue
[2023-01-12T07:45:42.439+0000] {logging_mixin.py:137} INFO - [2023-01-12T07:45:42.439+0000] {dagbag.py:538} INFO - Filling up the DagBag from /home/airflow/.local/lib/python3.7/site-packages/airflow/example_dags/example_short_circuit_decorator.py
[2023-01-12T07:45:42.463+0000] {processor.py:753} INFO - DAG(s) dict_keys(['example_short_circuit_decorator']) retrieved from /home/airflow/.local/lib/python3.7/site-packages/airflow/example_dags/example_short_circuit_decorator.py
[2023-01-12T07:45:42.496+0000] {logging_mixin.py:137} INFO - [2023-01-12T07:45:42.496+0000] {dag.py:2676} INFO - Sync 1 DAGs
[2023-01-12T07:45:42.517+0000] {logging_mixin.py:137} INFO - [2023-01-12T07:45:42.517+0000] {dag.py:3427} INFO - Setting next_dagrun for example_short_circuit_decorator to 2023-01-11T07:45:42.516883+00:00, run_after=2023-01-12T07:45:42.516883+00:00
[2023-01-12T07:45:42.534+0000] {processor.py:175} INFO - Processing /home/airflow/.local/lib/python3.7/site-packages/airflow/example_dags/example_short_circuit_decorator.py took 0.111 seconds
[2023-01-12T07:46:13.445+0000] {processor.py:153} INFO - Started process (PID=810) to work on /home/airflow/.local/lib/python3.7/site-packages/airflow/example_dags/example_short_circuit_decorator.py
[2023-01-12T07:46:13.447+0000] {processor.py:743} INFO - Processing file /home/airflow/.local/lib/python3.7/site-packages/airflow/example_dags/example_short_circuit_decorator.py for tasks to queue
[2023-01-12T07:46:13.448+0000] {logging_mixin.py:137} INFO - [2023-01-12T07:46:13.448+0000] {dagbag.py:538} INFO - Filling up the DagBag from /home/airflow/.local/lib/python3.7/site-packages/airflow/example_dags/example_short_circuit_decorator.py
[2023-01-12T07:46:13.468+0000] {processor.py:753} INFO - DAG(s) dict_keys(['example_short_circuit_decorator']) retrieved from /home/airflow/.local/lib/python3.7/site-packages/airflow/example_dags/example_short_circuit_decorator.py
[2023-01-12T07:46:13.497+0000] {logging_mixin.py:137} INFO - [2023-01-12T07:46:13.497+0000] {dag.py:2676} INFO - Sync 1 DAGs
[2023-01-12T07:46:13.515+0000] {logging_mixin.py:137} INFO - [2023-01-12T07:46:13.515+0000] {dag.py:3427} INFO - Setting next_dagrun for example_short_circuit_decorator to 2023-01-11T07:46:13.514912+00:00, run_after=2023-01-12T07:46:13.514912+00:00
[2023-01-12T07:46:13.530+0000] {processor.py:175} INFO - Processing /home/airflow/.local/lib/python3.7/site-packages/airflow/example_dags/example_short_circuit_decorator.py took 0.088 seconds
[2023-01-12T07:46:44.113+0000] {processor.py:153} INFO - Started process (PID=885) to work on /home/airflow/.local/lib/python3.7/site-packages/airflow/example_dags/example_short_circuit_decorator.py
[2023-01-12T07:46:44.115+0000] {processor.py:743} INFO - Processing file /home/airflow/.local/lib/python3.7/site-packages/airflow/example_dags/example_short_circuit_decorator.py for tasks to queue
[2023-01-12T07:46:44.117+0000] {logging_mixin.py:137} INFO - [2023-01-12T07:46:44.117+0000] {dagbag.py:538} INFO - Filling up the DagBag from /home/airflow/.local/lib/python3.7/site-packages/airflow/example_dags/example_short_circuit_decorator.py
[2023-01-12T07:46:44.138+0000] {processor.py:753} INFO - DAG(s) dict_keys(['example_short_circuit_decorator']) retrieved from /home/airflow/.local/lib/python3.7/site-packages/airflow/example_dags/example_short_circuit_decorator.py
[2023-01-12T07:46:44.168+0000] {logging_mixin.py:137} INFO - [2023-01-12T07:46:44.168+0000] {dag.py:2676} INFO - Sync 1 DAGs
[2023-01-12T07:46:44.186+0000] {logging_mixin.py:137} INFO - [2023-01-12T07:46:44.186+0000] {dag.py:3427} INFO - Setting next_dagrun for example_short_circuit_decorator to 2023-01-11T07:46:44.186636+00:00, run_after=2023-01-12T07:46:44.186636+00:00
[2023-01-12T07:46:44.204+0000] {processor.py:175} INFO - Processing /home/airflow/.local/lib/python3.7/site-packages/airflow/example_dags/example_short_circuit_decorator.py took 0.096 seconds
[2023-01-12T07:47:14.961+0000] {processor.py:153} INFO - Started process (PID=947) to work on /home/airflow/.local/lib/python3.7/site-packages/airflow/example_dags/example_short_circuit_decorator.py
[2023-01-12T07:47:14.963+0000] {processor.py:743} INFO - Processing file /home/airflow/.local/lib/python3.7/site-packages/airflow/example_dags/example_short_circuit_decorator.py for tasks to queue
[2023-01-12T07:47:14.964+0000] {logging_mixin.py:137} INFO - [2023-01-12T07:47:14.964+0000] {dagbag.py:538} INFO - Filling up the DagBag from /home/airflow/.local/lib/python3.7/site-packages/airflow/example_dags/example_short_circuit_decorator.py
[2023-01-12T07:47:14.983+0000] {processor.py:753} INFO - DAG(s) dict_keys(['example_short_circuit_decorator']) retrieved from /home/airflow/.local/lib/python3.7/site-packages/airflow/example_dags/example_short_circuit_decorator.py
[2023-01-12T07:47:15.013+0000] {logging_mixin.py:137} INFO - [2023-01-12T07:47:15.012+0000] {dag.py:2676} INFO - Sync 1 DAGs
[2023-01-12T07:47:15.034+0000] {logging_mixin.py:137} INFO - [2023-01-12T07:47:15.033+0000] {dag.py:3427} INFO - Setting next_dagrun for example_short_circuit_decorator to 2023-01-11T07:47:15.033731+00:00, run_after=2023-01-12T07:47:15.033731+00:00
[2023-01-12T07:47:15.052+0000] {processor.py:175} INFO - Processing /home/airflow/.local/lib/python3.7/site-packages/airflow/example_dags/example_short_circuit_decorator.py took 0.095 seconds
[2023-01-12T07:47:45.242+0000] {processor.py:153} INFO - Started process (PID=1023) to work on /home/airflow/.local/lib/python3.7/site-packages/airflow/example_dags/example_short_circuit_decorator.py
[2023-01-12T07:47:45.244+0000] {processor.py:743} INFO - Processing file /home/airflow/.local/lib/python3.7/site-packages/airflow/example_dags/example_short_circuit_decorator.py for tasks to queue
[2023-01-12T07:47:45.246+0000] {logging_mixin.py:137} INFO - [2023-01-12T07:47:45.246+0000] {dagbag.py:538} INFO - Filling up the DagBag from /home/airflow/.local/lib/python3.7/site-packages/airflow/example_dags/example_short_circuit_decorator.py
[2023-01-12T07:47:45.266+0000] {processor.py:753} INFO - DAG(s) dict_keys(['example_short_circuit_decorator']) retrieved from /home/airflow/.local/lib/python3.7/site-packages/airflow/example_dags/example_short_circuit_decorator.py
[2023-01-12T07:47:45.297+0000] {logging_mixin.py:137} INFO - [2023-01-12T07:47:45.297+0000] {dag.py:2676} INFO - Sync 1 DAGs
[2023-01-12T07:47:45.315+0000] {logging_mixin.py:137} INFO - [2023-01-12T07:47:45.315+0000] {dag.py:3427} INFO - Setting next_dagrun for example_short_circuit_decorator to 2023-01-11T07:47:45.315522+00:00, run_after=2023-01-12T07:47:45.315522+00:00
[2023-01-12T07:47:45.331+0000] {processor.py:175} INFO - Processing /home/airflow/.local/lib/python3.7/site-packages/airflow/example_dags/example_short_circuit_decorator.py took 0.092 seconds
[2023-01-12T07:48:15.824+0000] {processor.py:153} INFO - Started process (PID=1093) to work on /home/airflow/.local/lib/python3.7/site-packages/airflow/example_dags/example_short_circuit_decorator.py
[2023-01-12T07:48:15.829+0000] {processor.py:743} INFO - Processing file /home/airflow/.local/lib/python3.7/site-packages/airflow/example_dags/example_short_circuit_decorator.py for tasks to queue
[2023-01-12T07:48:15.832+0000] {logging_mixin.py:137} INFO - [2023-01-12T07:48:15.832+0000] {dagbag.py:538} INFO - Filling up the DagBag from /home/airflow/.local/lib/python3.7/site-packages/airflow/example_dags/example_short_circuit_decorator.py
[2023-01-12T07:48:15.883+0000] {processor.py:753} INFO - DAG(s) dict_keys(['example_short_circuit_decorator']) retrieved from /home/airflow/.local/lib/python3.7/site-packages/airflow/example_dags/example_short_circuit_decorator.py
[2023-01-12T07:48:15.956+0000] {logging_mixin.py:137} INFO - [2023-01-12T07:48:15.956+0000] {dag.py:2676} INFO - Sync 1 DAGs
[2023-01-12T07:48:15.997+0000] {logging_mixin.py:137} INFO - [2023-01-12T07:48:15.996+0000] {dag.py:3427} INFO - Setting next_dagrun for example_short_circuit_decorator to 2023-01-11T07:48:15.996741+00:00, run_after=2023-01-12T07:48:15.996741+00:00
[2023-01-12T07:48:16.036+0000] {processor.py:175} INFO - Processing /home/airflow/.local/lib/python3.7/site-packages/airflow/example_dags/example_short_circuit_decorator.py took 0.222 seconds
[2023-01-12T07:48:46.687+0000] {processor.py:153} INFO - Started process (PID=1157) to work on /home/airflow/.local/lib/python3.7/site-packages/airflow/example_dags/example_short_circuit_decorator.py
[2023-01-12T07:48:46.689+0000] {processor.py:743} INFO - Processing file /home/airflow/.local/lib/python3.7/site-packages/airflow/example_dags/example_short_circuit_decorator.py for tasks to queue
[2023-01-12T07:48:46.691+0000] {logging_mixin.py:137} INFO - [2023-01-12T07:48:46.690+0000] {dagbag.py:538} INFO - Filling up the DagBag from /home/airflow/.local/lib/python3.7/site-packages/airflow/example_dags/example_short_circuit_decorator.py
[2023-01-12T07:48:46.715+0000] {processor.py:753} INFO - DAG(s) dict_keys(['example_short_circuit_decorator']) retrieved from /home/airflow/.local/lib/python3.7/site-packages/airflow/example_dags/example_short_circuit_decorator.py
[2023-01-12T07:48:46.750+0000] {logging_mixin.py:137} INFO - [2023-01-12T07:48:46.750+0000] {dag.py:2676} INFO - Sync 1 DAGs
[2023-01-12T07:48:46.771+0000] {logging_mixin.py:137} INFO - [2023-01-12T07:48:46.771+0000] {dag.py:3427} INFO - Setting next_dagrun for example_short_circuit_decorator to 2023-01-11T07:48:46.771168+00:00, run_after=2023-01-12T07:48:46.771168+00:00
[2023-01-12T07:48:46.791+0000] {processor.py:175} INFO - Processing /home/airflow/.local/lib/python3.7/site-packages/airflow/example_dags/example_short_circuit_decorator.py took 0.109 seconds
[2023-01-12T07:49:17.140+0000] {processor.py:153} INFO - Started process (PID=1233) to work on /home/airflow/.local/lib/python3.7/site-packages/airflow/example_dags/example_short_circuit_decorator.py
[2023-01-12T07:49:17.143+0000] {processor.py:743} INFO - Processing file /home/airflow/.local/lib/python3.7/site-packages/airflow/example_dags/example_short_circuit_decorator.py for tasks to queue
[2023-01-12T07:49:17.144+0000] {logging_mixin.py:137} INFO - [2023-01-12T07:49:17.144+0000] {dagbag.py:538} INFO - Filling up the DagBag from /home/airflow/.local/lib/python3.7/site-packages/airflow/example_dags/example_short_circuit_decorator.py
[2023-01-12T07:49:17.165+0000] {processor.py:753} INFO - DAG(s) dict_keys(['example_short_circuit_decorator']) retrieved from /home/airflow/.local/lib/python3.7/site-packages/airflow/example_dags/example_short_circuit_decorator.py
[2023-01-12T07:49:17.197+0000] {logging_mixin.py:137} INFO - [2023-01-12T07:49:17.196+0000] {dag.py:2676} INFO - Sync 1 DAGs
[2023-01-12T07:49:17.217+0000] {logging_mixin.py:137} INFO - [2023-01-12T07:49:17.217+0000] {dag.py:3427} INFO - Setting next_dagrun for example_short_circuit_decorator to 2023-01-11T07:49:17.216888+00:00, run_after=2023-01-12T07:49:17.216888+00:00
[2023-01-12T07:49:17.233+0000] {processor.py:175} INFO - Processing /home/airflow/.local/lib/python3.7/site-packages/airflow/example_dags/example_short_circuit_decorator.py took 0.095 seconds
[2023-01-12T07:49:47.950+0000] {processor.py:153} INFO - Started process (PID=1295) to work on /home/airflow/.local/lib/python3.7/site-packages/airflow/example_dags/example_short_circuit_decorator.py
[2023-01-12T07:49:47.952+0000] {processor.py:743} INFO - Processing file /home/airflow/.local/lib/python3.7/site-packages/airflow/example_dags/example_short_circuit_decorator.py for tasks to queue
[2023-01-12T07:49:47.954+0000] {logging_mixin.py:137} INFO - [2023-01-12T07:49:47.954+0000] {dagbag.py:538} INFO - Filling up the DagBag from /home/airflow/.local/lib/python3.7/site-packages/airflow/example_dags/example_short_circuit_decorator.py
[2023-01-12T07:49:47.976+0000] {processor.py:753} INFO - DAG(s) dict_keys(['example_short_circuit_decorator']) retrieved from /home/airflow/.local/lib/python3.7/site-packages/airflow/example_dags/example_short_circuit_decorator.py
[2023-01-12T07:49:48.008+0000] {logging_mixin.py:137} INFO - [2023-01-12T07:49:48.008+0000] {dag.py:2676} INFO - Sync 1 DAGs
[2023-01-12T07:49:48.030+0000] {logging_mixin.py:137} INFO - [2023-01-12T07:49:48.030+0000] {dag.py:3427} INFO - Setting next_dagrun for example_short_circuit_decorator to 2023-01-11T07:49:48.030341+00:00, run_after=2023-01-12T07:49:48.030341+00:00
[2023-01-12T07:49:48.046+0000] {processor.py:175} INFO - Processing /home/airflow/.local/lib/python3.7/site-packages/airflow/example_dags/example_short_circuit_decorator.py took 0.098 seconds
[2023-01-12T07:50:18.908+0000] {processor.py:153} INFO - Started process (PID=1370) to work on /home/airflow/.local/lib/python3.7/site-packages/airflow/example_dags/example_short_circuit_decorator.py
[2023-01-12T07:50:18.910+0000] {processor.py:743} INFO - Processing file /home/airflow/.local/lib/python3.7/site-packages/airflow/example_dags/example_short_circuit_decorator.py for tasks to queue
[2023-01-12T07:50:18.912+0000] {logging_mixin.py:137} INFO - [2023-01-12T07:50:18.912+0000] {dagbag.py:538} INFO - Filling up the DagBag from /home/airflow/.local/lib/python3.7/site-packages/airflow/example_dags/example_short_circuit_decorator.py
[2023-01-12T07:50:18.931+0000] {processor.py:753} INFO - DAG(s) dict_keys(['example_short_circuit_decorator']) retrieved from /home/airflow/.local/lib/python3.7/site-packages/airflow/example_dags/example_short_circuit_decorator.py
[2023-01-12T07:50:18.961+0000] {logging_mixin.py:137} INFO - [2023-01-12T07:50:18.961+0000] {dag.py:2676} INFO - Sync 1 DAGs
[2023-01-12T07:50:18.980+0000] {logging_mixin.py:137} INFO - [2023-01-12T07:50:18.980+0000] {dag.py:3427} INFO - Setting next_dagrun for example_short_circuit_decorator to 2023-01-11T07:50:18.980560+00:00, run_after=2023-01-12T07:50:18.980560+00:00
[2023-01-12T07:50:18.996+0000] {processor.py:175} INFO - Processing /home/airflow/.local/lib/python3.7/site-packages/airflow/example_dags/example_short_circuit_decorator.py took 0.091 seconds
[2023-01-12T07:50:49.749+0000] {processor.py:153} INFO - Started process (PID=1443) to work on /home/airflow/.local/lib/python3.7/site-packages/airflow/example_dags/example_short_circuit_decorator.py
[2023-01-12T07:50:49.751+0000] {processor.py:743} INFO - Processing file /home/airflow/.local/lib/python3.7/site-packages/airflow/example_dags/example_short_circuit_decorator.py for tasks to queue
[2023-01-12T07:50:49.753+0000] {logging_mixin.py:137} INFO - [2023-01-12T07:50:49.753+0000] {dagbag.py:538} INFO - Filling up the DagBag from /home/airflow/.local/lib/python3.7/site-packages/airflow/example_dags/example_short_circuit_decorator.py
[2023-01-12T07:50:49.774+0000] {processor.py:753} INFO - DAG(s) dict_keys(['example_short_circuit_decorator']) retrieved from /home/airflow/.local/lib/python3.7/site-packages/airflow/example_dags/example_short_circuit_decorator.py
[2023-01-12T07:50:49.809+0000] {logging_mixin.py:137} INFO - [2023-01-12T07:50:49.808+0000] {dag.py:2676} INFO - Sync 1 DAGs
[2023-01-12T07:50:49.833+0000] {logging_mixin.py:137} INFO - [2023-01-12T07:50:49.833+0000] {dag.py:3427} INFO - Setting next_dagrun for example_short_circuit_decorator to 2023-01-11T07:50:49.833420+00:00, run_after=2023-01-12T07:50:49.833420+00:00
[2023-01-12T07:50:49.851+0000] {processor.py:175} INFO - Processing /home/airflow/.local/lib/python3.7/site-packages/airflow/example_dags/example_short_circuit_decorator.py took 0.105 seconds
[2023-01-12T07:51:20.627+0000] {processor.py:153} INFO - Started process (PID=1504) to work on /home/airflow/.local/lib/python3.7/site-packages/airflow/example_dags/example_short_circuit_decorator.py
[2023-01-12T07:51:20.630+0000] {processor.py:743} INFO - Processing file /home/airflow/.local/lib/python3.7/site-packages/airflow/example_dags/example_short_circuit_decorator.py for tasks to queue
[2023-01-12T07:51:20.631+0000] {logging_mixin.py:137} INFO - [2023-01-12T07:51:20.631+0000] {dagbag.py:538} INFO - Filling up the DagBag from /home/airflow/.local/lib/python3.7/site-packages/airflow/example_dags/example_short_circuit_decorator.py
[2023-01-12T07:51:20.659+0000] {processor.py:753} INFO - DAG(s) dict_keys(['example_short_circuit_decorator']) retrieved from /home/airflow/.local/lib/python3.7/site-packages/airflow/example_dags/example_short_circuit_decorator.py
[2023-01-12T07:51:20.714+0000] {logging_mixin.py:137} INFO - [2023-01-12T07:51:20.714+0000] {dag.py:2676} INFO - Sync 1 DAGs
[2023-01-12T07:51:20.740+0000] {logging_mixin.py:137} INFO - [2023-01-12T07:51:20.739+0000] {dag.py:3427} INFO - Setting next_dagrun for example_short_circuit_decorator to 2023-01-11T07:51:20.739519+00:00, run_after=2023-01-12T07:51:20.739519+00:00
[2023-01-12T07:51:20.757+0000] {processor.py:175} INFO - Processing /home/airflow/.local/lib/python3.7/site-packages/airflow/example_dags/example_short_circuit_decorator.py took 0.133 seconds
[2023-01-12T07:51:51.532+0000] {processor.py:153} INFO - Started process (PID=1576) to work on /home/airflow/.local/lib/python3.7/site-packages/airflow/example_dags/example_short_circuit_decorator.py
[2023-01-12T07:51:51.534+0000] {processor.py:743} INFO - Processing file /home/airflow/.local/lib/python3.7/site-packages/airflow/example_dags/example_short_circuit_decorator.py for tasks to queue
[2023-01-12T07:51:51.535+0000] {logging_mixin.py:137} INFO - [2023-01-12T07:51:51.535+0000] {dagbag.py:538} INFO - Filling up the DagBag from /home/airflow/.local/lib/python3.7/site-packages/airflow/example_dags/example_short_circuit_decorator.py
[2023-01-12T07:51:51.556+0000] {processor.py:753} INFO - DAG(s) dict_keys(['example_short_circuit_decorator']) retrieved from /home/airflow/.local/lib/python3.7/site-packages/airflow/example_dags/example_short_circuit_decorator.py
[2023-01-12T07:51:51.585+0000] {logging_mixin.py:137} INFO - [2023-01-12T07:51:51.585+0000] {dag.py:2676} INFO - Sync 1 DAGs
[2023-01-12T07:51:51.604+0000] {logging_mixin.py:137} INFO - [2023-01-12T07:51:51.604+0000] {dag.py:3427} INFO - Setting next_dagrun for example_short_circuit_decorator to 2023-01-11T07:51:51.604237+00:00, run_after=2023-01-12T07:51:51.604237+00:00
[2023-01-12T07:51:51.620+0000] {processor.py:175} INFO - Processing /home/airflow/.local/lib/python3.7/site-packages/airflow/example_dags/example_short_circuit_decorator.py took 0.092 seconds
[2023-01-12T07:52:22.368+0000] {processor.py:153} INFO - Started process (PID=1648) to work on /home/airflow/.local/lib/python3.7/site-packages/airflow/example_dags/example_short_circuit_decorator.py
[2023-01-12T07:52:22.374+0000] {processor.py:743} INFO - Processing file /home/airflow/.local/lib/python3.7/site-packages/airflow/example_dags/example_short_circuit_decorator.py for tasks to queue
[2023-01-12T07:52:22.376+0000] {logging_mixin.py:137} INFO - [2023-01-12T07:52:22.375+0000] {dagbag.py:538} INFO - Filling up the DagBag from /home/airflow/.local/lib/python3.7/site-packages/airflow/example_dags/example_short_circuit_decorator.py
[2023-01-12T07:52:22.406+0000] {processor.py:753} INFO - DAG(s) dict_keys(['example_short_circuit_decorator']) retrieved from /home/airflow/.local/lib/python3.7/site-packages/airflow/example_dags/example_short_circuit_decorator.py
[2023-01-12T07:52:22.442+0000] {logging_mixin.py:137} INFO - [2023-01-12T07:52:22.441+0000] {dag.py:2676} INFO - Sync 1 DAGs
[2023-01-12T07:52:22.468+0000] {logging_mixin.py:137} INFO - [2023-01-12T07:52:22.468+0000] {dag.py:3427} INFO - Setting next_dagrun for example_short_circuit_decorator to 2023-01-11T07:52:22.468307+00:00, run_after=2023-01-12T07:52:22.468307+00:00
[2023-01-12T07:52:22.486+0000] {processor.py:175} INFO - Processing /home/airflow/.local/lib/python3.7/site-packages/airflow/example_dags/example_short_circuit_decorator.py took 0.121 seconds
[2023-01-12T07:52:53.413+0000] {processor.py:153} INFO - Started process (PID=1712) to work on /home/airflow/.local/lib/python3.7/site-packages/airflow/example_dags/example_short_circuit_decorator.py
[2023-01-12T07:52:53.416+0000] {processor.py:743} INFO - Processing file /home/airflow/.local/lib/python3.7/site-packages/airflow/example_dags/example_short_circuit_decorator.py for tasks to queue
[2023-01-12T07:52:53.418+0000] {logging_mixin.py:137} INFO - [2023-01-12T07:52:53.418+0000] {dagbag.py:538} INFO - Filling up the DagBag from /home/airflow/.local/lib/python3.7/site-packages/airflow/example_dags/example_short_circuit_decorator.py
[2023-01-12T07:52:53.443+0000] {processor.py:753} INFO - DAG(s) dict_keys(['example_short_circuit_decorator']) retrieved from /home/airflow/.local/lib/python3.7/site-packages/airflow/example_dags/example_short_circuit_decorator.py
[2023-01-12T07:52:53.473+0000] {logging_mixin.py:137} INFO - [2023-01-12T07:52:53.473+0000] {dag.py:2676} INFO - Sync 1 DAGs
[2023-01-12T07:52:53.493+0000] {logging_mixin.py:137} INFO - [2023-01-12T07:52:53.493+0000] {dag.py:3427} INFO - Setting next_dagrun for example_short_circuit_decorator to 2023-01-11T07:52:53.492986+00:00, run_after=2023-01-12T07:52:53.492986+00:00
[2023-01-12T07:52:53.509+0000] {processor.py:175} INFO - Processing /home/airflow/.local/lib/python3.7/site-packages/airflow/example_dags/example_short_circuit_decorator.py took 0.099 seconds
[2023-01-12T07:53:23.985+0000] {processor.py:153} INFO - Started process (PID=1785) to work on /home/airflow/.local/lib/python3.7/site-packages/airflow/example_dags/example_short_circuit_decorator.py
[2023-01-12T07:53:23.987+0000] {processor.py:743} INFO - Processing file /home/airflow/.local/lib/python3.7/site-packages/airflow/example_dags/example_short_circuit_decorator.py for tasks to queue
[2023-01-12T07:53:23.988+0000] {logging_mixin.py:137} INFO - [2023-01-12T07:53:23.988+0000] {dagbag.py:538} INFO - Filling up the DagBag from /home/airflow/.local/lib/python3.7/site-packages/airflow/example_dags/example_short_circuit_decorator.py
[2023-01-12T07:53:24.012+0000] {processor.py:753} INFO - DAG(s) dict_keys(['example_short_circuit_decorator']) retrieved from /home/airflow/.local/lib/python3.7/site-packages/airflow/example_dags/example_short_circuit_decorator.py
[2023-01-12T07:53:24.048+0000] {logging_mixin.py:137} INFO - [2023-01-12T07:53:24.048+0000] {dag.py:2676} INFO - Sync 1 DAGs
[2023-01-12T07:53:24.073+0000] {logging_mixin.py:137} INFO - [2023-01-12T07:53:24.073+0000] {dag.py:3427} INFO - Setting next_dagrun for example_short_circuit_decorator to 2023-01-11T07:53:24.072846+00:00, run_after=2023-01-12T07:53:24.072846+00:00
[2023-01-12T07:53:24.102+0000] {processor.py:175} INFO - Processing /home/airflow/.local/lib/python3.7/site-packages/airflow/example_dags/example_short_circuit_decorator.py took 0.120 seconds
[2023-01-12T07:53:54.498+0000] {processor.py:153} INFO - Started process (PID=1847) to work on /home/airflow/.local/lib/python3.7/site-packages/airflow/example_dags/example_short_circuit_decorator.py
[2023-01-12T07:53:54.500+0000] {processor.py:743} INFO - Processing file /home/airflow/.local/lib/python3.7/site-packages/airflow/example_dags/example_short_circuit_decorator.py for tasks to queue
[2023-01-12T07:53:54.502+0000] {logging_mixin.py:137} INFO - [2023-01-12T07:53:54.502+0000] {dagbag.py:538} INFO - Filling up the DagBag from /home/airflow/.local/lib/python3.7/site-packages/airflow/example_dags/example_short_circuit_decorator.py
[2023-01-12T07:53:54.524+0000] {processor.py:753} INFO - DAG(s) dict_keys(['example_short_circuit_decorator']) retrieved from /home/airflow/.local/lib/python3.7/site-packages/airflow/example_dags/example_short_circuit_decorator.py
[2023-01-12T07:53:54.554+0000] {logging_mixin.py:137} INFO - [2023-01-12T07:53:54.554+0000] {dag.py:2676} INFO - Sync 1 DAGs
[2023-01-12T07:53:54.573+0000] {logging_mixin.py:137} INFO - [2023-01-12T07:53:54.573+0000] {dag.py:3427} INFO - Setting next_dagrun for example_short_circuit_decorator to 2023-01-11T07:53:54.573082+00:00, run_after=2023-01-12T07:53:54.573082+00:00
[2023-01-12T07:53:54.588+0000] {processor.py:175} INFO - Processing /home/airflow/.local/lib/python3.7/site-packages/airflow/example_dags/example_short_circuit_decorator.py took 0.092 seconds
