[2023-01-12T07:27:06.927+0000] {processor.py:153} INFO - Started process (PID=57) to work on /home/airflow/.local/lib/python3.7/site-packages/airflow/example_dags/example_latest_only_with_trigger.py
[2023-01-12T07:27:06.929+0000] {processor.py:743} INFO - Processing file /home/airflow/.local/lib/python3.7/site-packages/airflow/example_dags/example_latest_only_with_trigger.py for tasks to queue
[2023-01-12T07:27:06.930+0000] {logging_mixin.py:137} INFO - [2023-01-12T07:27:06.930+0000] {dagbag.py:538} INFO - Filling up the DagBag from /home/airflow/.local/lib/python3.7/site-packages/airflow/example_dags/example_latest_only_with_trigger.py
[2023-01-12T07:27:06.951+0000] {processor.py:753} INFO - DAG(s) dict_keys(['latest_only_with_trigger']) retrieved from /home/airflow/.local/lib/python3.7/site-packages/airflow/example_dags/example_latest_only_with_trigger.py
[2023-01-12T07:27:06.984+0000] {logging_mixin.py:137} INFO - [2023-01-12T07:27:06.984+0000] {dag.py:2676} INFO - Sync 1 DAGs
[2023-01-12T07:27:07.012+0000] {logging_mixin.py:137} INFO - [2023-01-12T07:27:07.012+0000] {dag.py:3427} INFO - Setting next_dagrun for latest_only_with_trigger to 2023-01-12T03:27:07.011993+00:00, run_after=2023-01-12T07:27:07.011993+00:00
[2023-01-12T07:27:07.041+0000] {processor.py:175} INFO - Processing /home/airflow/.local/lib/python3.7/site-packages/airflow/example_dags/example_latest_only_with_trigger.py took 0.116 seconds
[2023-01-12T07:27:37.083+0000] {processor.py:153} INFO - Started process (PID=131) to work on /home/airflow/.local/lib/python3.7/site-packages/airflow/example_dags/example_latest_only_with_trigger.py
[2023-01-12T07:27:37.085+0000] {processor.py:743} INFO - Processing file /home/airflow/.local/lib/python3.7/site-packages/airflow/example_dags/example_latest_only_with_trigger.py for tasks to queue
[2023-01-12T07:27:37.087+0000] {logging_mixin.py:137} INFO - [2023-01-12T07:27:37.087+0000] {dagbag.py:538} INFO - Filling up the DagBag from /home/airflow/.local/lib/python3.7/site-packages/airflow/example_dags/example_latest_only_with_trigger.py
[2023-01-12T07:27:37.100+0000] {processor.py:753} INFO - DAG(s) dict_keys(['latest_only_with_trigger']) retrieved from /home/airflow/.local/lib/python3.7/site-packages/airflow/example_dags/example_latest_only_with_trigger.py
[2023-01-12T07:27:37.128+0000] {logging_mixin.py:137} INFO - [2023-01-12T07:27:37.128+0000] {dag.py:2676} INFO - Sync 1 DAGs
[2023-01-12T07:27:37.147+0000] {logging_mixin.py:137} INFO - [2023-01-12T07:27:37.147+0000] {dag.py:3427} INFO - Setting next_dagrun for latest_only_with_trigger to 2023-01-12T03:27:37.146913+00:00, run_after=2023-01-12T07:27:37.146913+00:00
[2023-01-12T07:27:37.162+0000] {processor.py:175} INFO - Processing /home/airflow/.local/lib/python3.7/site-packages/airflow/example_dags/example_latest_only_with_trigger.py took 0.081 seconds
[2023-01-12T07:28:08.050+0000] {processor.py:153} INFO - Started process (PID=203) to work on /home/airflow/.local/lib/python3.7/site-packages/airflow/example_dags/example_latest_only_with_trigger.py
[2023-01-12T07:28:08.051+0000] {processor.py:743} INFO - Processing file /home/airflow/.local/lib/python3.7/site-packages/airflow/example_dags/example_latest_only_with_trigger.py for tasks to queue
[2023-01-12T07:28:08.053+0000] {logging_mixin.py:137} INFO - [2023-01-12T07:28:08.053+0000] {dagbag.py:538} INFO - Filling up the DagBag from /home/airflow/.local/lib/python3.7/site-packages/airflow/example_dags/example_latest_only_with_trigger.py
[2023-01-12T07:28:08.066+0000] {processor.py:753} INFO - DAG(s) dict_keys(['latest_only_with_trigger']) retrieved from /home/airflow/.local/lib/python3.7/site-packages/airflow/example_dags/example_latest_only_with_trigger.py
[2023-01-12T07:28:08.110+0000] {logging_mixin.py:137} INFO - [2023-01-12T07:28:08.110+0000] {dag.py:2676} INFO - Sync 1 DAGs
[2023-01-12T07:28:08.138+0000] {logging_mixin.py:137} INFO - [2023-01-12T07:28:08.138+0000] {dag.py:3427} INFO - Setting next_dagrun for latest_only_with_trigger to 2023-01-12T03:28:08.138469+00:00, run_after=2023-01-12T07:28:08.138469+00:00
[2023-01-12T07:28:08.176+0000] {processor.py:175} INFO - Processing /home/airflow/.local/lib/python3.7/site-packages/airflow/example_dags/example_latest_only_with_trigger.py took 0.130 seconds
[2023-01-12T07:28:38.551+0000] {processor.py:153} INFO - Started process (PID=265) to work on /home/airflow/.local/lib/python3.7/site-packages/airflow/example_dags/example_latest_only_with_trigger.py
[2023-01-12T07:28:38.553+0000] {processor.py:743} INFO - Processing file /home/airflow/.local/lib/python3.7/site-packages/airflow/example_dags/example_latest_only_with_trigger.py for tasks to queue
[2023-01-12T07:28:38.554+0000] {logging_mixin.py:137} INFO - [2023-01-12T07:28:38.554+0000] {dagbag.py:538} INFO - Filling up the DagBag from /home/airflow/.local/lib/python3.7/site-packages/airflow/example_dags/example_latest_only_with_trigger.py
[2023-01-12T07:28:38.567+0000] {processor.py:753} INFO - DAG(s) dict_keys(['latest_only_with_trigger']) retrieved from /home/airflow/.local/lib/python3.7/site-packages/airflow/example_dags/example_latest_only_with_trigger.py
[2023-01-12T07:28:38.597+0000] {logging_mixin.py:137} INFO - [2023-01-12T07:28:38.596+0000] {dag.py:2676} INFO - Sync 1 DAGs
[2023-01-12T07:28:38.614+0000] {logging_mixin.py:137} INFO - [2023-01-12T07:28:38.614+0000] {dag.py:3427} INFO - Setting next_dagrun for latest_only_with_trigger to 2023-01-12T03:28:38.614723+00:00, run_after=2023-01-12T07:28:38.614723+00:00
[2023-01-12T07:28:38.628+0000] {processor.py:175} INFO - Processing /home/airflow/.local/lib/python3.7/site-packages/airflow/example_dags/example_latest_only_with_trigger.py took 0.080 seconds
[2023-01-12T07:29:09.239+0000] {processor.py:153} INFO - Started process (PID=339) to work on /home/airflow/.local/lib/python3.7/site-packages/airflow/example_dags/example_latest_only_with_trigger.py
[2023-01-12T07:29:09.241+0000] {processor.py:743} INFO - Processing file /home/airflow/.local/lib/python3.7/site-packages/airflow/example_dags/example_latest_only_with_trigger.py for tasks to queue
[2023-01-12T07:29:09.242+0000] {logging_mixin.py:137} INFO - [2023-01-12T07:29:09.242+0000] {dagbag.py:538} INFO - Filling up the DagBag from /home/airflow/.local/lib/python3.7/site-packages/airflow/example_dags/example_latest_only_with_trigger.py
[2023-01-12T07:29:09.254+0000] {processor.py:753} INFO - DAG(s) dict_keys(['latest_only_with_trigger']) retrieved from /home/airflow/.local/lib/python3.7/site-packages/airflow/example_dags/example_latest_only_with_trigger.py
[2023-01-12T07:29:09.283+0000] {logging_mixin.py:137} INFO - [2023-01-12T07:29:09.283+0000] {dag.py:2676} INFO - Sync 1 DAGs
[2023-01-12T07:29:09.300+0000] {logging_mixin.py:137} INFO - [2023-01-12T07:29:09.300+0000] {dag.py:3427} INFO - Setting next_dagrun for latest_only_with_trigger to 2023-01-12T03:29:09.300473+00:00, run_after=2023-01-12T07:29:09.300473+00:00
[2023-01-12T07:29:09.314+0000] {processor.py:175} INFO - Processing /home/airflow/.local/lib/python3.7/site-packages/airflow/example_dags/example_latest_only_with_trigger.py took 0.077 seconds
[2023-01-12T07:29:39.947+0000] {processor.py:153} INFO - Started process (PID=410) to work on /home/airflow/.local/lib/python3.7/site-packages/airflow/example_dags/example_latest_only_with_trigger.py
[2023-01-12T07:29:39.949+0000] {processor.py:743} INFO - Processing file /home/airflow/.local/lib/python3.7/site-packages/airflow/example_dags/example_latest_only_with_trigger.py for tasks to queue
[2023-01-12T07:29:39.950+0000] {logging_mixin.py:137} INFO - [2023-01-12T07:29:39.950+0000] {dagbag.py:538} INFO - Filling up the DagBag from /home/airflow/.local/lib/python3.7/site-packages/airflow/example_dags/example_latest_only_with_trigger.py
[2023-01-12T07:29:39.962+0000] {processor.py:753} INFO - DAG(s) dict_keys(['latest_only_with_trigger']) retrieved from /home/airflow/.local/lib/python3.7/site-packages/airflow/example_dags/example_latest_only_with_trigger.py
[2023-01-12T07:29:39.993+0000] {logging_mixin.py:137} INFO - [2023-01-12T07:29:39.993+0000] {dag.py:2676} INFO - Sync 1 DAGs
[2023-01-12T07:29:40.017+0000] {logging_mixin.py:137} INFO - [2023-01-12T07:29:40.016+0000] {dag.py:3427} INFO - Setting next_dagrun for latest_only_with_trigger to 2023-01-12T03:29:40.016777+00:00, run_after=2023-01-12T07:29:40.016777+00:00
[2023-01-12T07:29:40.039+0000] {processor.py:175} INFO - Processing /home/airflow/.local/lib/python3.7/site-packages/airflow/example_dags/example_latest_only_with_trigger.py took 0.095 seconds
[2023-01-12T07:30:10.642+0000] {processor.py:153} INFO - Started process (PID=476) to work on /home/airflow/.local/lib/python3.7/site-packages/airflow/example_dags/example_latest_only_with_trigger.py
[2023-01-12T07:30:10.643+0000] {processor.py:743} INFO - Processing file /home/airflow/.local/lib/python3.7/site-packages/airflow/example_dags/example_latest_only_with_trigger.py for tasks to queue
[2023-01-12T07:30:10.644+0000] {logging_mixin.py:137} INFO - [2023-01-12T07:30:10.644+0000] {dagbag.py:538} INFO - Filling up the DagBag from /home/airflow/.local/lib/python3.7/site-packages/airflow/example_dags/example_latest_only_with_trigger.py
[2023-01-12T07:30:10.657+0000] {processor.py:753} INFO - DAG(s) dict_keys(['latest_only_with_trigger']) retrieved from /home/airflow/.local/lib/python3.7/site-packages/airflow/example_dags/example_latest_only_with_trigger.py
[2023-01-12T07:30:10.694+0000] {logging_mixin.py:137} INFO - [2023-01-12T07:30:10.694+0000] {dag.py:2676} INFO - Sync 1 DAGs
[2023-01-12T07:30:10.715+0000] {logging_mixin.py:137} INFO - [2023-01-12T07:30:10.715+0000] {dag.py:3427} INFO - Setting next_dagrun for latest_only_with_trigger to 2023-01-12T03:30:10.715128+00:00, run_after=2023-01-12T07:30:10.715128+00:00
[2023-01-12T07:30:10.732+0000] {processor.py:175} INFO - Processing /home/airflow/.local/lib/python3.7/site-packages/airflow/example_dags/example_latest_only_with_trigger.py took 0.093 seconds
[2023-01-12T07:30:41.451+0000] {processor.py:153} INFO - Started process (PID=551) to work on /home/airflow/.local/lib/python3.7/site-packages/airflow/example_dags/example_latest_only_with_trigger.py
[2023-01-12T07:30:41.453+0000] {processor.py:743} INFO - Processing file /home/airflow/.local/lib/python3.7/site-packages/airflow/example_dags/example_latest_only_with_trigger.py for tasks to queue
[2023-01-12T07:30:41.454+0000] {logging_mixin.py:137} INFO - [2023-01-12T07:30:41.454+0000] {dagbag.py:538} INFO - Filling up the DagBag from /home/airflow/.local/lib/python3.7/site-packages/airflow/example_dags/example_latest_only_with_trigger.py
[2023-01-12T07:30:41.466+0000] {processor.py:753} INFO - DAG(s) dict_keys(['latest_only_with_trigger']) retrieved from /home/airflow/.local/lib/python3.7/site-packages/airflow/example_dags/example_latest_only_with_trigger.py
[2023-01-12T07:30:41.496+0000] {logging_mixin.py:137} INFO - [2023-01-12T07:30:41.496+0000] {dag.py:2676} INFO - Sync 1 DAGs
[2023-01-12T07:30:41.513+0000] {logging_mixin.py:137} INFO - [2023-01-12T07:30:41.513+0000] {dag.py:3427} INFO - Setting next_dagrun for latest_only_with_trigger to 2023-01-12T03:30:41.513715+00:00, run_after=2023-01-12T07:30:41.513715+00:00
[2023-01-12T07:30:41.526+0000] {processor.py:175} INFO - Processing /home/airflow/.local/lib/python3.7/site-packages/airflow/example_dags/example_latest_only_with_trigger.py took 0.078 seconds
[2023-01-12T07:31:11.923+0000] {processor.py:153} INFO - Started process (PID=612) to work on /home/airflow/.local/lib/python3.7/site-packages/airflow/example_dags/example_latest_only_with_trigger.py
[2023-01-12T07:31:11.926+0000] {processor.py:743} INFO - Processing file /home/airflow/.local/lib/python3.7/site-packages/airflow/example_dags/example_latest_only_with_trigger.py for tasks to queue
[2023-01-12T07:31:11.927+0000] {logging_mixin.py:137} INFO - [2023-01-12T07:31:11.927+0000] {dagbag.py:538} INFO - Filling up the DagBag from /home/airflow/.local/lib/python3.7/site-packages/airflow/example_dags/example_latest_only_with_trigger.py
[2023-01-12T07:31:11.939+0000] {processor.py:753} INFO - DAG(s) dict_keys(['latest_only_with_trigger']) retrieved from /home/airflow/.local/lib/python3.7/site-packages/airflow/example_dags/example_latest_only_with_trigger.py
[2023-01-12T07:31:11.970+0000] {logging_mixin.py:137} INFO - [2023-01-12T07:31:11.970+0000] {dag.py:2676} INFO - Sync 1 DAGs
[2023-01-12T07:31:11.986+0000] {logging_mixin.py:137} INFO - [2023-01-12T07:31:11.986+0000] {dag.py:3427} INFO - Setting next_dagrun for latest_only_with_trigger to 2023-01-12T03:31:11.986351+00:00, run_after=2023-01-12T07:31:11.986351+00:00
[2023-01-12T07:31:12.000+0000] {processor.py:175} INFO - Processing /home/airflow/.local/lib/python3.7/site-packages/airflow/example_dags/example_latest_only_with_trigger.py took 0.080 seconds
[2023-01-12T07:31:42.744+0000] {processor.py:153} INFO - Started process (PID=686) to work on /home/airflow/.local/lib/python3.7/site-packages/airflow/example_dags/example_latest_only_with_trigger.py
[2023-01-12T07:31:42.746+0000] {processor.py:743} INFO - Processing file /home/airflow/.local/lib/python3.7/site-packages/airflow/example_dags/example_latest_only_with_trigger.py for tasks to queue
[2023-01-12T07:31:42.747+0000] {logging_mixin.py:137} INFO - [2023-01-12T07:31:42.747+0000] {dagbag.py:538} INFO - Filling up the DagBag from /home/airflow/.local/lib/python3.7/site-packages/airflow/example_dags/example_latest_only_with_trigger.py
[2023-01-12T07:31:42.759+0000] {processor.py:753} INFO - DAG(s) dict_keys(['latest_only_with_trigger']) retrieved from /home/airflow/.local/lib/python3.7/site-packages/airflow/example_dags/example_latest_only_with_trigger.py
[2023-01-12T07:31:42.786+0000] {logging_mixin.py:137} INFO - [2023-01-12T07:31:42.786+0000] {dag.py:2676} INFO - Sync 1 DAGs
[2023-01-12T07:31:42.803+0000] {logging_mixin.py:137} INFO - [2023-01-12T07:31:42.803+0000] {dag.py:3427} INFO - Setting next_dagrun for latest_only_with_trigger to 2023-01-12T03:31:42.802996+00:00, run_after=2023-01-12T07:31:42.802996+00:00
[2023-01-12T07:31:42.817+0000] {processor.py:175} INFO - Processing /home/airflow/.local/lib/python3.7/site-packages/airflow/example_dags/example_latest_only_with_trigger.py took 0.076 seconds
[2023-01-12T07:32:13.649+0000] {processor.py:153} INFO - Started process (PID=760) to work on /home/airflow/.local/lib/python3.7/site-packages/airflow/example_dags/example_latest_only_with_trigger.py
[2023-01-12T07:32:13.651+0000] {processor.py:743} INFO - Processing file /home/airflow/.local/lib/python3.7/site-packages/airflow/example_dags/example_latest_only_with_trigger.py for tasks to queue
[2023-01-12T07:32:13.652+0000] {logging_mixin.py:137} INFO - [2023-01-12T07:32:13.652+0000] {dagbag.py:538} INFO - Filling up the DagBag from /home/airflow/.local/lib/python3.7/site-packages/airflow/example_dags/example_latest_only_with_trigger.py
[2023-01-12T07:32:13.665+0000] {processor.py:753} INFO - DAG(s) dict_keys(['latest_only_with_trigger']) retrieved from /home/airflow/.local/lib/python3.7/site-packages/airflow/example_dags/example_latest_only_with_trigger.py
[2023-01-12T07:32:13.698+0000] {logging_mixin.py:137} INFO - [2023-01-12T07:32:13.698+0000] {dag.py:2676} INFO - Sync 1 DAGs
[2023-01-12T07:32:13.718+0000] {logging_mixin.py:137} INFO - [2023-01-12T07:32:13.718+0000] {dag.py:3427} INFO - Setting next_dagrun for latest_only_with_trigger to 2023-01-12T03:32:13.718023+00:00, run_after=2023-01-12T07:32:13.718023+00:00
[2023-01-12T07:32:13.732+0000] {processor.py:175} INFO - Processing /home/airflow/.local/lib/python3.7/site-packages/airflow/example_dags/example_latest_only_with_trigger.py took 0.086 seconds
[2023-01-12T07:32:44.166+0000] {processor.py:153} INFO - Started process (PID=821) to work on /home/airflow/.local/lib/python3.7/site-packages/airflow/example_dags/example_latest_only_with_trigger.py
[2023-01-12T07:32:44.168+0000] {processor.py:743} INFO - Processing file /home/airflow/.local/lib/python3.7/site-packages/airflow/example_dags/example_latest_only_with_trigger.py for tasks to queue
[2023-01-12T07:32:44.169+0000] {logging_mixin.py:137} INFO - [2023-01-12T07:32:44.169+0000] {dagbag.py:538} INFO - Filling up the DagBag from /home/airflow/.local/lib/python3.7/site-packages/airflow/example_dags/example_latest_only_with_trigger.py
[2023-01-12T07:32:44.181+0000] {processor.py:753} INFO - DAG(s) dict_keys(['latest_only_with_trigger']) retrieved from /home/airflow/.local/lib/python3.7/site-packages/airflow/example_dags/example_latest_only_with_trigger.py
[2023-01-12T07:32:44.211+0000] {logging_mixin.py:137} INFO - [2023-01-12T07:32:44.211+0000] {dag.py:2676} INFO - Sync 1 DAGs
[2023-01-12T07:32:44.228+0000] {logging_mixin.py:137} INFO - [2023-01-12T07:32:44.228+0000] {dag.py:3427} INFO - Setting next_dagrun for latest_only_with_trigger to 2023-01-12T03:32:44.228284+00:00, run_after=2023-01-12T07:32:44.228284+00:00
[2023-01-12T07:32:44.246+0000] {processor.py:175} INFO - Processing /home/airflow/.local/lib/python3.7/site-packages/airflow/example_dags/example_latest_only_with_trigger.py took 0.082 seconds
[2023-01-12T07:33:14.632+0000] {processor.py:153} INFO - Started process (PID=894) to work on /home/airflow/.local/lib/python3.7/site-packages/airflow/example_dags/example_latest_only_with_trigger.py
[2023-01-12T07:33:14.634+0000] {processor.py:743} INFO - Processing file /home/airflow/.local/lib/python3.7/site-packages/airflow/example_dags/example_latest_only_with_trigger.py for tasks to queue
[2023-01-12T07:33:14.635+0000] {logging_mixin.py:137} INFO - [2023-01-12T07:33:14.635+0000] {dagbag.py:538} INFO - Filling up the DagBag from /home/airflow/.local/lib/python3.7/site-packages/airflow/example_dags/example_latest_only_with_trigger.py
[2023-01-12T07:33:14.647+0000] {processor.py:753} INFO - DAG(s) dict_keys(['latest_only_with_trigger']) retrieved from /home/airflow/.local/lib/python3.7/site-packages/airflow/example_dags/example_latest_only_with_trigger.py
[2023-01-12T07:33:14.675+0000] {logging_mixin.py:137} INFO - [2023-01-12T07:33:14.675+0000] {dag.py:2676} INFO - Sync 1 DAGs
[2023-01-12T07:33:14.692+0000] {logging_mixin.py:137} INFO - [2023-01-12T07:33:14.692+0000] {dag.py:3427} INFO - Setting next_dagrun for latest_only_with_trigger to 2023-01-12T03:33:14.692321+00:00, run_after=2023-01-12T07:33:14.692321+00:00
[2023-01-12T07:33:14.705+0000] {processor.py:175} INFO - Processing /home/airflow/.local/lib/python3.7/site-packages/airflow/example_dags/example_latest_only_with_trigger.py took 0.075 seconds
[2023-01-12T07:33:45.285+0000] {processor.py:153} INFO - Started process (PID=968) to work on /home/airflow/.local/lib/python3.7/site-packages/airflow/example_dags/example_latest_only_with_trigger.py
[2023-01-12T07:33:45.288+0000] {processor.py:743} INFO - Processing file /home/airflow/.local/lib/python3.7/site-packages/airflow/example_dags/example_latest_only_with_trigger.py for tasks to queue
[2023-01-12T07:33:45.291+0000] {logging_mixin.py:137} INFO - [2023-01-12T07:33:45.291+0000] {dagbag.py:538} INFO - Filling up the DagBag from /home/airflow/.local/lib/python3.7/site-packages/airflow/example_dags/example_latest_only_with_trigger.py
[2023-01-12T07:33:45.358+0000] {processor.py:753} INFO - DAG(s) dict_keys(['latest_only_with_trigger']) retrieved from /home/airflow/.local/lib/python3.7/site-packages/airflow/example_dags/example_latest_only_with_trigger.py
[2023-01-12T07:33:45.391+0000] {logging_mixin.py:137} INFO - [2023-01-12T07:33:45.391+0000] {dag.py:2676} INFO - Sync 1 DAGs
[2023-01-12T07:33:45.419+0000] {logging_mixin.py:137} INFO - [2023-01-12T07:33:45.419+0000] {dag.py:3427} INFO - Setting next_dagrun for latest_only_with_trigger to 2023-01-12T03:33:45.419305+00:00, run_after=2023-01-12T07:33:45.419305+00:00
[2023-01-12T07:33:45.436+0000] {processor.py:175} INFO - Processing /home/airflow/.local/lib/python3.7/site-packages/airflow/example_dags/example_latest_only_with_trigger.py took 0.153 seconds
[2023-01-12T07:34:16.261+0000] {processor.py:153} INFO - Started process (PID=1028) to work on /home/airflow/.local/lib/python3.7/site-packages/airflow/example_dags/example_latest_only_with_trigger.py
[2023-01-12T07:34:16.263+0000] {processor.py:743} INFO - Processing file /home/airflow/.local/lib/python3.7/site-packages/airflow/example_dags/example_latest_only_with_trigger.py for tasks to queue
[2023-01-12T07:34:16.264+0000] {logging_mixin.py:137} INFO - [2023-01-12T07:34:16.264+0000] {dagbag.py:538} INFO - Filling up the DagBag from /home/airflow/.local/lib/python3.7/site-packages/airflow/example_dags/example_latest_only_with_trigger.py
[2023-01-12T07:34:16.277+0000] {processor.py:753} INFO - DAG(s) dict_keys(['latest_only_with_trigger']) retrieved from /home/airflow/.local/lib/python3.7/site-packages/airflow/example_dags/example_latest_only_with_trigger.py
[2023-01-12T07:34:16.306+0000] {logging_mixin.py:137} INFO - [2023-01-12T07:34:16.306+0000] {dag.py:2676} INFO - Sync 1 DAGs
[2023-01-12T07:34:16.323+0000] {logging_mixin.py:137} INFO - [2023-01-12T07:34:16.323+0000] {dag.py:3427} INFO - Setting next_dagrun for latest_only_with_trigger to 2023-01-12T03:34:16.322876+00:00, run_after=2023-01-12T07:34:16.322876+00:00
[2023-01-12T07:34:16.337+0000] {processor.py:175} INFO - Processing /home/airflow/.local/lib/python3.7/site-packages/airflow/example_dags/example_latest_only_with_trigger.py took 0.078 seconds
[2023-01-12T07:34:46.854+0000] {processor.py:153} INFO - Started process (PID=1101) to work on /home/airflow/.local/lib/python3.7/site-packages/airflow/example_dags/example_latest_only_with_trigger.py
[2023-01-12T07:34:46.855+0000] {processor.py:743} INFO - Processing file /home/airflow/.local/lib/python3.7/site-packages/airflow/example_dags/example_latest_only_with_trigger.py for tasks to queue
[2023-01-12T07:34:46.856+0000] {logging_mixin.py:137} INFO - [2023-01-12T07:34:46.856+0000] {dagbag.py:538} INFO - Filling up the DagBag from /home/airflow/.local/lib/python3.7/site-packages/airflow/example_dags/example_latest_only_with_trigger.py
[2023-01-12T07:34:46.868+0000] {processor.py:753} INFO - DAG(s) dict_keys(['latest_only_with_trigger']) retrieved from /home/airflow/.local/lib/python3.7/site-packages/airflow/example_dags/example_latest_only_with_trigger.py
[2023-01-12T07:34:46.897+0000] {logging_mixin.py:137} INFO - [2023-01-12T07:34:46.897+0000] {dag.py:2676} INFO - Sync 1 DAGs
[2023-01-12T07:34:46.913+0000] {logging_mixin.py:137} INFO - [2023-01-12T07:34:46.913+0000] {dag.py:3427} INFO - Setting next_dagrun for latest_only_with_trigger to 2023-01-12T03:34:46.913660+00:00, run_after=2023-01-12T07:34:46.913660+00:00
[2023-01-12T07:34:46.928+0000] {processor.py:175} INFO - Processing /home/airflow/.local/lib/python3.7/site-packages/airflow/example_dags/example_latest_only_with_trigger.py took 0.077 seconds
[2023-01-12T07:35:17.790+0000] {processor.py:153} INFO - Started process (PID=1162) to work on /home/airflow/.local/lib/python3.7/site-packages/airflow/example_dags/example_latest_only_with_trigger.py
[2023-01-12T07:35:17.791+0000] {processor.py:743} INFO - Processing file /home/airflow/.local/lib/python3.7/site-packages/airflow/example_dags/example_latest_only_with_trigger.py for tasks to queue
[2023-01-12T07:35:17.792+0000] {logging_mixin.py:137} INFO - [2023-01-12T07:35:17.792+0000] {dagbag.py:538} INFO - Filling up the DagBag from /home/airflow/.local/lib/python3.7/site-packages/airflow/example_dags/example_latest_only_with_trigger.py
[2023-01-12T07:35:17.804+0000] {processor.py:753} INFO - DAG(s) dict_keys(['latest_only_with_trigger']) retrieved from /home/airflow/.local/lib/python3.7/site-packages/airflow/example_dags/example_latest_only_with_trigger.py
[2023-01-12T07:35:17.833+0000] {logging_mixin.py:137} INFO - [2023-01-12T07:35:17.833+0000] {dag.py:2676} INFO - Sync 1 DAGs
[2023-01-12T07:35:17.856+0000] {logging_mixin.py:137} INFO - [2023-01-12T07:35:17.856+0000] {dag.py:3427} INFO - Setting next_dagrun for latest_only_with_trigger to 2023-01-12T03:35:17.856492+00:00, run_after=2023-01-12T07:35:17.856492+00:00
[2023-01-12T07:35:17.878+0000] {processor.py:175} INFO - Processing /home/airflow/.local/lib/python3.7/site-packages/airflow/example_dags/example_latest_only_with_trigger.py took 0.092 seconds
[2023-01-12T07:35:48.622+0000] {processor.py:153} INFO - Started process (PID=1236) to work on /home/airflow/.local/lib/python3.7/site-packages/airflow/example_dags/example_latest_only_with_trigger.py
[2023-01-12T07:35:48.624+0000] {processor.py:743} INFO - Processing file /home/airflow/.local/lib/python3.7/site-packages/airflow/example_dags/example_latest_only_with_trigger.py for tasks to queue
[2023-01-12T07:35:48.627+0000] {logging_mixin.py:137} INFO - [2023-01-12T07:35:48.626+0000] {dagbag.py:538} INFO - Filling up the DagBag from /home/airflow/.local/lib/python3.7/site-packages/airflow/example_dags/example_latest_only_with_trigger.py
[2023-01-12T07:35:48.638+0000] {processor.py:753} INFO - DAG(s) dict_keys(['latest_only_with_trigger']) retrieved from /home/airflow/.local/lib/python3.7/site-packages/airflow/example_dags/example_latest_only_with_trigger.py
[2023-01-12T07:35:48.668+0000] {logging_mixin.py:137} INFO - [2023-01-12T07:35:48.668+0000] {dag.py:2676} INFO - Sync 1 DAGs
[2023-01-12T07:35:48.686+0000] {logging_mixin.py:137} INFO - [2023-01-12T07:35:48.686+0000] {dag.py:3427} INFO - Setting next_dagrun for latest_only_with_trigger to 2023-01-12T03:35:48.686284+00:00, run_after=2023-01-12T07:35:48.686284+00:00
[2023-01-12T07:35:48.701+0000] {processor.py:175} INFO - Processing /home/airflow/.local/lib/python3.7/site-packages/airflow/example_dags/example_latest_only_with_trigger.py took 0.082 seconds
[2023-01-12T07:36:19.208+0000] {processor.py:153} INFO - Started process (PID=1311) to work on /home/airflow/.local/lib/python3.7/site-packages/airflow/example_dags/example_latest_only_with_trigger.py
[2023-01-12T07:36:19.210+0000] {processor.py:743} INFO - Processing file /home/airflow/.local/lib/python3.7/site-packages/airflow/example_dags/example_latest_only_with_trigger.py for tasks to queue
[2023-01-12T07:36:19.211+0000] {logging_mixin.py:137} INFO - [2023-01-12T07:36:19.211+0000] {dagbag.py:538} INFO - Filling up the DagBag from /home/airflow/.local/lib/python3.7/site-packages/airflow/example_dags/example_latest_only_with_trigger.py
[2023-01-12T07:36:19.222+0000] {processor.py:753} INFO - DAG(s) dict_keys(['latest_only_with_trigger']) retrieved from /home/airflow/.local/lib/python3.7/site-packages/airflow/example_dags/example_latest_only_with_trigger.py
[2023-01-12T07:36:19.255+0000] {logging_mixin.py:137} INFO - [2023-01-12T07:36:19.255+0000] {dag.py:2676} INFO - Sync 1 DAGs
[2023-01-12T07:36:19.273+0000] {logging_mixin.py:137} INFO - [2023-01-12T07:36:19.273+0000] {dag.py:3427} INFO - Setting next_dagrun for latest_only_with_trigger to 2023-01-12T03:36:19.273064+00:00, run_after=2023-01-12T07:36:19.273064+00:00
[2023-01-12T07:36:19.290+0000] {processor.py:175} INFO - Processing /home/airflow/.local/lib/python3.7/site-packages/airflow/example_dags/example_latest_only_with_trigger.py took 0.085 seconds
[2023-01-12T07:37:20.267+0000] {processor.py:153} INFO - Started process (PID=57) to work on /home/airflow/.local/lib/python3.7/site-packages/airflow/example_dags/example_latest_only_with_trigger.py
[2023-01-12T07:37:20.270+0000] {processor.py:743} INFO - Processing file /home/airflow/.local/lib/python3.7/site-packages/airflow/example_dags/example_latest_only_with_trigger.py for tasks to queue
[2023-01-12T07:37:20.272+0000] {logging_mixin.py:137} INFO - [2023-01-12T07:37:20.272+0000] {dagbag.py:538} INFO - Filling up the DagBag from /home/airflow/.local/lib/python3.7/site-packages/airflow/example_dags/example_latest_only_with_trigger.py
[2023-01-12T07:37:20.290+0000] {processor.py:753} INFO - DAG(s) dict_keys(['latest_only_with_trigger']) retrieved from /home/airflow/.local/lib/python3.7/site-packages/airflow/example_dags/example_latest_only_with_trigger.py
[2023-01-12T07:37:20.339+0000] {logging_mixin.py:137} INFO - [2023-01-12T07:37:20.339+0000] {dag.py:2676} INFO - Sync 1 DAGs
[2023-01-12T07:37:20.375+0000] {logging_mixin.py:137} INFO - [2023-01-12T07:37:20.375+0000] {dag.py:3427} INFO - Setting next_dagrun for latest_only_with_trigger to 2023-01-12T03:37:20.374808+00:00, run_after=2023-01-12T07:37:20.374808+00:00
[2023-01-12T07:37:20.395+0000] {processor.py:175} INFO - Processing /home/airflow/.local/lib/python3.7/site-packages/airflow/example_dags/example_latest_only_with_trigger.py took 0.133 seconds
[2023-01-12T07:37:50.696+0000] {processor.py:153} INFO - Started process (PID=131) to work on /home/airflow/.local/lib/python3.7/site-packages/airflow/example_dags/example_latest_only_with_trigger.py
[2023-01-12T07:37:50.699+0000] {processor.py:743} INFO - Processing file /home/airflow/.local/lib/python3.7/site-packages/airflow/example_dags/example_latest_only_with_trigger.py for tasks to queue
[2023-01-12T07:37:50.700+0000] {logging_mixin.py:137} INFO - [2023-01-12T07:37:50.700+0000] {dagbag.py:538} INFO - Filling up the DagBag from /home/airflow/.local/lib/python3.7/site-packages/airflow/example_dags/example_latest_only_with_trigger.py
[2023-01-12T07:37:50.713+0000] {processor.py:753} INFO - DAG(s) dict_keys(['latest_only_with_trigger']) retrieved from /home/airflow/.local/lib/python3.7/site-packages/airflow/example_dags/example_latest_only_with_trigger.py
[2023-01-12T07:37:50.742+0000] {logging_mixin.py:137} INFO - [2023-01-12T07:37:50.742+0000] {dag.py:2676} INFO - Sync 1 DAGs
[2023-01-12T07:37:50.763+0000] {logging_mixin.py:137} INFO - [2023-01-12T07:37:50.762+0000] {dag.py:3427} INFO - Setting next_dagrun for latest_only_with_trigger to 2023-01-12T03:37:50.762754+00:00, run_after=2023-01-12T07:37:50.762754+00:00
[2023-01-12T07:37:50.777+0000] {processor.py:175} INFO - Processing /home/airflow/.local/lib/python3.7/site-packages/airflow/example_dags/example_latest_only_with_trigger.py took 0.083 seconds
[2023-01-12T07:38:21.585+0000] {processor.py:153} INFO - Started process (PID=204) to work on /home/airflow/.local/lib/python3.7/site-packages/airflow/example_dags/example_latest_only_with_trigger.py
[2023-01-12T07:38:21.587+0000] {processor.py:743} INFO - Processing file /home/airflow/.local/lib/python3.7/site-packages/airflow/example_dags/example_latest_only_with_trigger.py for tasks to queue
[2023-01-12T07:38:21.591+0000] {logging_mixin.py:137} INFO - [2023-01-12T07:38:21.591+0000] {dagbag.py:538} INFO - Filling up the DagBag from /home/airflow/.local/lib/python3.7/site-packages/airflow/example_dags/example_latest_only_with_trigger.py
[2023-01-12T07:38:21.606+0000] {processor.py:753} INFO - DAG(s) dict_keys(['latest_only_with_trigger']) retrieved from /home/airflow/.local/lib/python3.7/site-packages/airflow/example_dags/example_latest_only_with_trigger.py
[2023-01-12T07:38:21.662+0000] {logging_mixin.py:137} INFO - [2023-01-12T07:38:21.662+0000] {dag.py:2676} INFO - Sync 1 DAGs
[2023-01-12T07:38:21.697+0000] {logging_mixin.py:137} INFO - [2023-01-12T07:38:21.697+0000] {dag.py:3427} INFO - Setting next_dagrun for latest_only_with_trigger to 2023-01-12T03:38:21.696974+00:00, run_after=2023-01-12T07:38:21.696974+00:00
[2023-01-12T07:38:21.715+0000] {processor.py:175} INFO - Processing /home/airflow/.local/lib/python3.7/site-packages/airflow/example_dags/example_latest_only_with_trigger.py took 0.133 seconds
[2023-01-12T07:38:52.233+0000] {processor.py:153} INFO - Started process (PID=268) to work on /home/airflow/.local/lib/python3.7/site-packages/airflow/example_dags/example_latest_only_with_trigger.py
[2023-01-12T07:38:52.235+0000] {processor.py:743} INFO - Processing file /home/airflow/.local/lib/python3.7/site-packages/airflow/example_dags/example_latest_only_with_trigger.py for tasks to queue
[2023-01-12T07:38:52.237+0000] {logging_mixin.py:137} INFO - [2023-01-12T07:38:52.237+0000] {dagbag.py:538} INFO - Filling up the DagBag from /home/airflow/.local/lib/python3.7/site-packages/airflow/example_dags/example_latest_only_with_trigger.py
[2023-01-12T07:38:52.248+0000] {processor.py:753} INFO - DAG(s) dict_keys(['latest_only_with_trigger']) retrieved from /home/airflow/.local/lib/python3.7/site-packages/airflow/example_dags/example_latest_only_with_trigger.py
[2023-01-12T07:38:52.281+0000] {logging_mixin.py:137} INFO - [2023-01-12T07:38:52.280+0000] {dag.py:2676} INFO - Sync 1 DAGs
[2023-01-12T07:38:52.299+0000] {logging_mixin.py:137} INFO - [2023-01-12T07:38:52.299+0000] {dag.py:3427} INFO - Setting next_dagrun for latest_only_with_trigger to 2023-01-12T03:38:52.299291+00:00, run_after=2023-01-12T07:38:52.299291+00:00
[2023-01-12T07:38:52.314+0000] {processor.py:175} INFO - Processing /home/airflow/.local/lib/python3.7/site-packages/airflow/example_dags/example_latest_only_with_trigger.py took 0.083 seconds
[2023-01-12T07:39:22.858+0000] {processor.py:153} INFO - Started process (PID=342) to work on /home/airflow/.local/lib/python3.7/site-packages/airflow/example_dags/example_latest_only_with_trigger.py
[2023-01-12T07:39:22.860+0000] {processor.py:743} INFO - Processing file /home/airflow/.local/lib/python3.7/site-packages/airflow/example_dags/example_latest_only_with_trigger.py for tasks to queue
[2023-01-12T07:39:22.861+0000] {logging_mixin.py:137} INFO - [2023-01-12T07:39:22.861+0000] {dagbag.py:538} INFO - Filling up the DagBag from /home/airflow/.local/lib/python3.7/site-packages/airflow/example_dags/example_latest_only_with_trigger.py
[2023-01-12T07:39:22.873+0000] {processor.py:753} INFO - DAG(s) dict_keys(['latest_only_with_trigger']) retrieved from /home/airflow/.local/lib/python3.7/site-packages/airflow/example_dags/example_latest_only_with_trigger.py
[2023-01-12T07:39:22.903+0000] {logging_mixin.py:137} INFO - [2023-01-12T07:39:22.903+0000] {dag.py:2676} INFO - Sync 1 DAGs
[2023-01-12T07:39:22.922+0000] {logging_mixin.py:137} INFO - [2023-01-12T07:39:22.922+0000] {dag.py:3427} INFO - Setting next_dagrun for latest_only_with_trigger to 2023-01-12T03:39:22.921979+00:00, run_after=2023-01-12T07:39:22.921979+00:00
[2023-01-12T07:39:22.936+0000] {processor.py:175} INFO - Processing /home/airflow/.local/lib/python3.7/site-packages/airflow/example_dags/example_latest_only_with_trigger.py took 0.081 seconds
[2023-01-12T07:40:37.570+0000] {processor.py:153} INFO - Started process (PID=57) to work on /home/airflow/.local/lib/python3.7/site-packages/airflow/example_dags/example_latest_only_with_trigger.py
[2023-01-12T07:40:37.576+0000] {processor.py:743} INFO - Processing file /home/airflow/.local/lib/python3.7/site-packages/airflow/example_dags/example_latest_only_with_trigger.py for tasks to queue
[2023-01-12T07:40:37.578+0000] {logging_mixin.py:137} INFO - [2023-01-12T07:40:37.578+0000] {dagbag.py:538} INFO - Filling up the DagBag from /home/airflow/.local/lib/python3.7/site-packages/airflow/example_dags/example_latest_only_with_trigger.py
[2023-01-12T07:40:37.605+0000] {processor.py:753} INFO - DAG(s) dict_keys(['latest_only_with_trigger']) retrieved from /home/airflow/.local/lib/python3.7/site-packages/airflow/example_dags/example_latest_only_with_trigger.py
[2023-01-12T07:40:37.635+0000] {logging_mixin.py:137} INFO - [2023-01-12T07:40:37.635+0000] {dag.py:2676} INFO - Sync 1 DAGs
[2023-01-12T07:40:37.662+0000] {logging_mixin.py:137} INFO - [2023-01-12T07:40:37.662+0000] {dag.py:3427} INFO - Setting next_dagrun for latest_only_with_trigger to 2023-01-12T03:40:37.662569+00:00, run_after=2023-01-12T07:40:37.662569+00:00
[2023-01-12T07:40:37.680+0000] {processor.py:175} INFO - Processing /home/airflow/.local/lib/python3.7/site-packages/airflow/example_dags/example_latest_only_with_trigger.py took 0.113 seconds
[2023-01-12T07:41:07.805+0000] {processor.py:153} INFO - Started process (PID=134) to work on /home/airflow/.local/lib/python3.7/site-packages/airflow/example_dags/example_latest_only_with_trigger.py
[2023-01-12T07:41:07.807+0000] {processor.py:743} INFO - Processing file /home/airflow/.local/lib/python3.7/site-packages/airflow/example_dags/example_latest_only_with_trigger.py for tasks to queue
[2023-01-12T07:41:07.808+0000] {logging_mixin.py:137} INFO - [2023-01-12T07:41:07.808+0000] {dagbag.py:538} INFO - Filling up the DagBag from /home/airflow/.local/lib/python3.7/site-packages/airflow/example_dags/example_latest_only_with_trigger.py
[2023-01-12T07:41:07.820+0000] {processor.py:753} INFO - DAG(s) dict_keys(['latest_only_with_trigger']) retrieved from /home/airflow/.local/lib/python3.7/site-packages/airflow/example_dags/example_latest_only_with_trigger.py
[2023-01-12T07:41:07.848+0000] {logging_mixin.py:137} INFO - [2023-01-12T07:41:07.848+0000] {dag.py:2676} INFO - Sync 1 DAGs
[2023-01-12T07:41:07.865+0000] {logging_mixin.py:137} INFO - [2023-01-12T07:41:07.865+0000] {dag.py:3427} INFO - Setting next_dagrun for latest_only_with_trigger to 2023-01-12T03:41:07.865545+00:00, run_after=2023-01-12T07:41:07.865545+00:00
[2023-01-12T07:41:07.880+0000] {processor.py:175} INFO - Processing /home/airflow/.local/lib/python3.7/site-packages/airflow/example_dags/example_latest_only_with_trigger.py took 0.078 seconds
[2023-01-12T07:41:37.985+0000] {processor.py:153} INFO - Started process (PID=204) to work on /home/airflow/.local/lib/python3.7/site-packages/airflow/example_dags/example_latest_only_with_trigger.py
[2023-01-12T07:41:37.986+0000] {processor.py:743} INFO - Processing file /home/airflow/.local/lib/python3.7/site-packages/airflow/example_dags/example_latest_only_with_trigger.py for tasks to queue
[2023-01-12T07:41:37.988+0000] {logging_mixin.py:137} INFO - [2023-01-12T07:41:37.987+0000] {dagbag.py:538} INFO - Filling up the DagBag from /home/airflow/.local/lib/python3.7/site-packages/airflow/example_dags/example_latest_only_with_trigger.py
[2023-01-12T07:41:38.000+0000] {processor.py:753} INFO - DAG(s) dict_keys(['latest_only_with_trigger']) retrieved from /home/airflow/.local/lib/python3.7/site-packages/airflow/example_dags/example_latest_only_with_trigger.py
[2023-01-12T07:41:38.034+0000] {logging_mixin.py:137} INFO - [2023-01-12T07:41:38.034+0000] {dag.py:2676} INFO - Sync 1 DAGs
[2023-01-12T07:41:38.059+0000] {logging_mixin.py:137} INFO - [2023-01-12T07:41:38.059+0000] {dag.py:3427} INFO - Setting next_dagrun for latest_only_with_trigger to 2023-01-12T03:41:38.059394+00:00, run_after=2023-01-12T07:41:38.059394+00:00
[2023-01-12T07:41:38.076+0000] {processor.py:175} INFO - Processing /home/airflow/.local/lib/python3.7/site-packages/airflow/example_dags/example_latest_only_with_trigger.py took 0.095 seconds
[2023-01-12T07:42:08.108+0000] {processor.py:153} INFO - Started process (PID=268) to work on /home/airflow/.local/lib/python3.7/site-packages/airflow/example_dags/example_latest_only_with_trigger.py
[2023-01-12T07:42:08.110+0000] {processor.py:743} INFO - Processing file /home/airflow/.local/lib/python3.7/site-packages/airflow/example_dags/example_latest_only_with_trigger.py for tasks to queue
[2023-01-12T07:42:08.111+0000] {logging_mixin.py:137} INFO - [2023-01-12T07:42:08.111+0000] {dagbag.py:538} INFO - Filling up the DagBag from /home/airflow/.local/lib/python3.7/site-packages/airflow/example_dags/example_latest_only_with_trigger.py
[2023-01-12T07:42:08.122+0000] {processor.py:753} INFO - DAG(s) dict_keys(['latest_only_with_trigger']) retrieved from /home/airflow/.local/lib/python3.7/site-packages/airflow/example_dags/example_latest_only_with_trigger.py
[2023-01-12T07:42:08.151+0000] {logging_mixin.py:137} INFO - [2023-01-12T07:42:08.151+0000] {dag.py:2676} INFO - Sync 1 DAGs
[2023-01-12T07:42:08.168+0000] {logging_mixin.py:137} INFO - [2023-01-12T07:42:08.168+0000] {dag.py:3427} INFO - Setting next_dagrun for latest_only_with_trigger to 2023-01-12T03:42:08.168632+00:00, run_after=2023-01-12T07:42:08.168632+00:00
[2023-01-12T07:42:08.182+0000] {processor.py:175} INFO - Processing /home/airflow/.local/lib/python3.7/site-packages/airflow/example_dags/example_latest_only_with_trigger.py took 0.077 seconds
[2023-01-12T07:42:38.858+0000] {processor.py:153} INFO - Started process (PID=345) to work on /home/airflow/.local/lib/python3.7/site-packages/airflow/example_dags/example_latest_only_with_trigger.py
[2023-01-12T07:42:38.860+0000] {processor.py:743} INFO - Processing file /home/airflow/.local/lib/python3.7/site-packages/airflow/example_dags/example_latest_only_with_trigger.py for tasks to queue
[2023-01-12T07:42:38.861+0000] {logging_mixin.py:137} INFO - [2023-01-12T07:42:38.861+0000] {dagbag.py:538} INFO - Filling up the DagBag from /home/airflow/.local/lib/python3.7/site-packages/airflow/example_dags/example_latest_only_with_trigger.py
[2023-01-12T07:42:38.874+0000] {processor.py:753} INFO - DAG(s) dict_keys(['latest_only_with_trigger']) retrieved from /home/airflow/.local/lib/python3.7/site-packages/airflow/example_dags/example_latest_only_with_trigger.py
[2023-01-12T07:42:38.902+0000] {logging_mixin.py:137} INFO - [2023-01-12T07:42:38.902+0000] {dag.py:2676} INFO - Sync 1 DAGs
[2023-01-12T07:42:38.920+0000] {logging_mixin.py:137} INFO - [2023-01-12T07:42:38.920+0000] {dag.py:3427} INFO - Setting next_dagrun for latest_only_with_trigger to 2023-01-12T03:42:38.920537+00:00, run_after=2023-01-12T07:42:38.920537+00:00
[2023-01-12T07:42:38.935+0000] {processor.py:175} INFO - Processing /home/airflow/.local/lib/python3.7/site-packages/airflow/example_dags/example_latest_only_with_trigger.py took 0.079 seconds
[2023-01-12T07:43:09.485+0000] {processor.py:153} INFO - Started process (PID=407) to work on /home/airflow/.local/lib/python3.7/site-packages/airflow/example_dags/example_latest_only_with_trigger.py
[2023-01-12T07:43:09.487+0000] {processor.py:743} INFO - Processing file /home/airflow/.local/lib/python3.7/site-packages/airflow/example_dags/example_latest_only_with_trigger.py for tasks to queue
[2023-01-12T07:43:09.488+0000] {logging_mixin.py:137} INFO - [2023-01-12T07:43:09.488+0000] {dagbag.py:538} INFO - Filling up the DagBag from /home/airflow/.local/lib/python3.7/site-packages/airflow/example_dags/example_latest_only_with_trigger.py
[2023-01-12T07:43:09.499+0000] {processor.py:753} INFO - DAG(s) dict_keys(['latest_only_with_trigger']) retrieved from /home/airflow/.local/lib/python3.7/site-packages/airflow/example_dags/example_latest_only_with_trigger.py
[2023-01-12T07:43:09.529+0000] {logging_mixin.py:137} INFO - [2023-01-12T07:43:09.529+0000] {dag.py:2676} INFO - Sync 1 DAGs
[2023-01-12T07:43:09.548+0000] {logging_mixin.py:137} INFO - [2023-01-12T07:43:09.548+0000] {dag.py:3427} INFO - Setting next_dagrun for latest_only_with_trigger to 2023-01-12T03:43:09.548554+00:00, run_after=2023-01-12T07:43:09.548554+00:00
[2023-01-12T07:43:09.563+0000] {processor.py:175} INFO - Processing /home/airflow/.local/lib/python3.7/site-packages/airflow/example_dags/example_latest_only_with_trigger.py took 0.081 seconds
[2023-01-12T07:43:40.312+0000] {processor.py:153} INFO - Started process (PID=479) to work on /home/airflow/.local/lib/python3.7/site-packages/airflow/example_dags/example_latest_only_with_trigger.py
[2023-01-12T07:43:40.314+0000] {processor.py:743} INFO - Processing file /home/airflow/.local/lib/python3.7/site-packages/airflow/example_dags/example_latest_only_with_trigger.py for tasks to queue
[2023-01-12T07:43:40.315+0000] {logging_mixin.py:137} INFO - [2023-01-12T07:43:40.315+0000] {dagbag.py:538} INFO - Filling up the DagBag from /home/airflow/.local/lib/python3.7/site-packages/airflow/example_dags/example_latest_only_with_trigger.py
[2023-01-12T07:43:40.328+0000] {processor.py:753} INFO - DAG(s) dict_keys(['latest_only_with_trigger']) retrieved from /home/airflow/.local/lib/python3.7/site-packages/airflow/example_dags/example_latest_only_with_trigger.py
[2023-01-12T07:43:40.357+0000] {logging_mixin.py:137} INFO - [2023-01-12T07:43:40.356+0000] {dag.py:2676} INFO - Sync 1 DAGs
[2023-01-12T07:43:40.376+0000] {logging_mixin.py:137} INFO - [2023-01-12T07:43:40.376+0000] {dag.py:3427} INFO - Setting next_dagrun for latest_only_with_trigger to 2023-01-12T03:43:40.376370+00:00, run_after=2023-01-12T07:43:40.376370+00:00
[2023-01-12T07:43:40.391+0000] {processor.py:175} INFO - Processing /home/airflow/.local/lib/python3.7/site-packages/airflow/example_dags/example_latest_only_with_trigger.py took 0.082 seconds
[2023-01-12T07:44:11.452+0000] {processor.py:153} INFO - Started process (PID=553) to work on /home/airflow/.local/lib/python3.7/site-packages/airflow/example_dags/example_latest_only_with_trigger.py
[2023-01-12T07:44:11.454+0000] {processor.py:743} INFO - Processing file /home/airflow/.local/lib/python3.7/site-packages/airflow/example_dags/example_latest_only_with_trigger.py for tasks to queue
[2023-01-12T07:44:11.455+0000] {logging_mixin.py:137} INFO - [2023-01-12T07:44:11.455+0000] {dagbag.py:538} INFO - Filling up the DagBag from /home/airflow/.local/lib/python3.7/site-packages/airflow/example_dags/example_latest_only_with_trigger.py
[2023-01-12T07:44:11.466+0000] {processor.py:753} INFO - DAG(s) dict_keys(['latest_only_with_trigger']) retrieved from /home/airflow/.local/lib/python3.7/site-packages/airflow/example_dags/example_latest_only_with_trigger.py
[2023-01-12T07:44:11.495+0000] {logging_mixin.py:137} INFO - [2023-01-12T07:44:11.495+0000] {dag.py:2676} INFO - Sync 1 DAGs
[2023-01-12T07:44:11.512+0000] {logging_mixin.py:137} INFO - [2023-01-12T07:44:11.512+0000] {dag.py:3427} INFO - Setting next_dagrun for latest_only_with_trigger to 2023-01-12T03:44:11.512650+00:00, run_after=2023-01-12T07:44:11.512650+00:00
[2023-01-12T07:44:11.528+0000] {processor.py:175} INFO - Processing /home/airflow/.local/lib/python3.7/site-packages/airflow/example_dags/example_latest_only_with_trigger.py took 0.079 seconds
[2023-01-12T07:44:42.163+0000] {processor.py:153} INFO - Started process (PID=615) to work on /home/airflow/.local/lib/python3.7/site-packages/airflow/example_dags/example_latest_only_with_trigger.py
[2023-01-12T07:44:42.165+0000] {processor.py:743} INFO - Processing file /home/airflow/.local/lib/python3.7/site-packages/airflow/example_dags/example_latest_only_with_trigger.py for tasks to queue
[2023-01-12T07:44:42.166+0000] {logging_mixin.py:137} INFO - [2023-01-12T07:44:42.166+0000] {dagbag.py:538} INFO - Filling up the DagBag from /home/airflow/.local/lib/python3.7/site-packages/airflow/example_dags/example_latest_only_with_trigger.py
[2023-01-12T07:44:42.178+0000] {processor.py:753} INFO - DAG(s) dict_keys(['latest_only_with_trigger']) retrieved from /home/airflow/.local/lib/python3.7/site-packages/airflow/example_dags/example_latest_only_with_trigger.py
[2023-01-12T07:44:42.207+0000] {logging_mixin.py:137} INFO - [2023-01-12T07:44:42.207+0000] {dag.py:2676} INFO - Sync 1 DAGs
[2023-01-12T07:44:42.227+0000] {logging_mixin.py:137} INFO - [2023-01-12T07:44:42.227+0000] {dag.py:3427} INFO - Setting next_dagrun for latest_only_with_trigger to 2023-01-12T03:44:42.227227+00:00, run_after=2023-01-12T07:44:42.227227+00:00
[2023-01-12T07:44:42.243+0000] {processor.py:175} INFO - Processing /home/airflow/.local/lib/python3.7/site-packages/airflow/example_dags/example_latest_only_with_trigger.py took 0.083 seconds
[2023-01-12T07:45:12.657+0000] {processor.py:153} INFO - Started process (PID=690) to work on /home/airflow/.local/lib/python3.7/site-packages/airflow/example_dags/example_latest_only_with_trigger.py
[2023-01-12T07:45:12.659+0000] {processor.py:743} INFO - Processing file /home/airflow/.local/lib/python3.7/site-packages/airflow/example_dags/example_latest_only_with_trigger.py for tasks to queue
[2023-01-12T07:45:12.661+0000] {logging_mixin.py:137} INFO - [2023-01-12T07:45:12.661+0000] {dagbag.py:538} INFO - Filling up the DagBag from /home/airflow/.local/lib/python3.7/site-packages/airflow/example_dags/example_latest_only_with_trigger.py
[2023-01-12T07:45:12.672+0000] {processor.py:753} INFO - DAG(s) dict_keys(['latest_only_with_trigger']) retrieved from /home/airflow/.local/lib/python3.7/site-packages/airflow/example_dags/example_latest_only_with_trigger.py
[2023-01-12T07:45:12.702+0000] {logging_mixin.py:137} INFO - [2023-01-12T07:45:12.702+0000] {dag.py:2676} INFO - Sync 1 DAGs
[2023-01-12T07:45:12.722+0000] {logging_mixin.py:137} INFO - [2023-01-12T07:45:12.722+0000] {dag.py:3427} INFO - Setting next_dagrun for latest_only_with_trigger to 2023-01-12T03:45:12.722198+00:00, run_after=2023-01-12T07:45:12.722198+00:00
[2023-01-12T07:45:12.739+0000] {processor.py:175} INFO - Processing /home/airflow/.local/lib/python3.7/site-packages/airflow/example_dags/example_latest_only_with_trigger.py took 0.085 seconds
[2023-01-12T07:45:43.669+0000] {processor.py:153} INFO - Started process (PID=764) to work on /home/airflow/.local/lib/python3.7/site-packages/airflow/example_dags/example_latest_only_with_trigger.py
[2023-01-12T07:45:43.670+0000] {processor.py:743} INFO - Processing file /home/airflow/.local/lib/python3.7/site-packages/airflow/example_dags/example_latest_only_with_trigger.py for tasks to queue
[2023-01-12T07:45:43.672+0000] {logging_mixin.py:137} INFO - [2023-01-12T07:45:43.672+0000] {dagbag.py:538} INFO - Filling up the DagBag from /home/airflow/.local/lib/python3.7/site-packages/airflow/example_dags/example_latest_only_with_trigger.py
[2023-01-12T07:45:43.685+0000] {processor.py:753} INFO - DAG(s) dict_keys(['latest_only_with_trigger']) retrieved from /home/airflow/.local/lib/python3.7/site-packages/airflow/example_dags/example_latest_only_with_trigger.py
[2023-01-12T07:45:43.715+0000] {logging_mixin.py:137} INFO - [2023-01-12T07:45:43.715+0000] {dag.py:2676} INFO - Sync 1 DAGs
[2023-01-12T07:45:43.735+0000] {logging_mixin.py:137} INFO - [2023-01-12T07:45:43.734+0000] {dag.py:3427} INFO - Setting next_dagrun for latest_only_with_trigger to 2023-01-12T03:45:43.734833+00:00, run_after=2023-01-12T07:45:43.734833+00:00
[2023-01-12T07:45:43.754+0000] {processor.py:175} INFO - Processing /home/airflow/.local/lib/python3.7/site-packages/airflow/example_dags/example_latest_only_with_trigger.py took 0.088 seconds
[2023-01-12T07:46:14.499+0000] {processor.py:153} INFO - Started process (PID=826) to work on /home/airflow/.local/lib/python3.7/site-packages/airflow/example_dags/example_latest_only_with_trigger.py
[2023-01-12T07:46:14.501+0000] {processor.py:743} INFO - Processing file /home/airflow/.local/lib/python3.7/site-packages/airflow/example_dags/example_latest_only_with_trigger.py for tasks to queue
[2023-01-12T07:46:14.502+0000] {logging_mixin.py:137} INFO - [2023-01-12T07:46:14.502+0000] {dagbag.py:538} INFO - Filling up the DagBag from /home/airflow/.local/lib/python3.7/site-packages/airflow/example_dags/example_latest_only_with_trigger.py
[2023-01-12T07:46:14.513+0000] {processor.py:753} INFO - DAG(s) dict_keys(['latest_only_with_trigger']) retrieved from /home/airflow/.local/lib/python3.7/site-packages/airflow/example_dags/example_latest_only_with_trigger.py
[2023-01-12T07:46:14.542+0000] {logging_mixin.py:137} INFO - [2023-01-12T07:46:14.542+0000] {dag.py:2676} INFO - Sync 1 DAGs
[2023-01-12T07:46:14.561+0000] {logging_mixin.py:137} INFO - [2023-01-12T07:46:14.561+0000] {dag.py:3427} INFO - Setting next_dagrun for latest_only_with_trigger to 2023-01-12T03:46:14.560842+00:00, run_after=2023-01-12T07:46:14.560842+00:00
[2023-01-12T07:46:14.574+0000] {processor.py:175} INFO - Processing /home/airflow/.local/lib/python3.7/site-packages/airflow/example_dags/example_latest_only_with_trigger.py took 0.077 seconds
[2023-01-12T07:46:45.177+0000] {processor.py:153} INFO - Started process (PID=901) to work on /home/airflow/.local/lib/python3.7/site-packages/airflow/example_dags/example_latest_only_with_trigger.py
[2023-01-12T07:46:45.179+0000] {processor.py:743} INFO - Processing file /home/airflow/.local/lib/python3.7/site-packages/airflow/example_dags/example_latest_only_with_trigger.py for tasks to queue
[2023-01-12T07:46:45.180+0000] {logging_mixin.py:137} INFO - [2023-01-12T07:46:45.180+0000] {dagbag.py:538} INFO - Filling up the DagBag from /home/airflow/.local/lib/python3.7/site-packages/airflow/example_dags/example_latest_only_with_trigger.py
[2023-01-12T07:46:45.191+0000] {processor.py:753} INFO - DAG(s) dict_keys(['latest_only_with_trigger']) retrieved from /home/airflow/.local/lib/python3.7/site-packages/airflow/example_dags/example_latest_only_with_trigger.py
[2023-01-12T07:46:45.220+0000] {logging_mixin.py:137} INFO - [2023-01-12T07:46:45.220+0000] {dag.py:2676} INFO - Sync 1 DAGs
[2023-01-12T07:46:45.237+0000] {logging_mixin.py:137} INFO - [2023-01-12T07:46:45.237+0000] {dag.py:3427} INFO - Setting next_dagrun for latest_only_with_trigger to 2023-01-12T03:46:45.237246+00:00, run_after=2023-01-12T07:46:45.237246+00:00
[2023-01-12T07:46:45.252+0000] {processor.py:175} INFO - Processing /home/airflow/.local/lib/python3.7/site-packages/airflow/example_dags/example_latest_only_with_trigger.py took 0.077 seconds
[2023-01-12T07:47:15.968+0000] {processor.py:153} INFO - Started process (PID=963) to work on /home/airflow/.local/lib/python3.7/site-packages/airflow/example_dags/example_latest_only_with_trigger.py
[2023-01-12T07:47:15.970+0000] {processor.py:743} INFO - Processing file /home/airflow/.local/lib/python3.7/site-packages/airflow/example_dags/example_latest_only_with_trigger.py for tasks to queue
[2023-01-12T07:47:15.973+0000] {logging_mixin.py:137} INFO - [2023-01-12T07:47:15.973+0000] {dagbag.py:538} INFO - Filling up the DagBag from /home/airflow/.local/lib/python3.7/site-packages/airflow/example_dags/example_latest_only_with_trigger.py
[2023-01-12T07:47:15.988+0000] {processor.py:753} INFO - DAG(s) dict_keys(['latest_only_with_trigger']) retrieved from /home/airflow/.local/lib/python3.7/site-packages/airflow/example_dags/example_latest_only_with_trigger.py
[2023-01-12T07:47:16.028+0000] {logging_mixin.py:137} INFO - [2023-01-12T07:47:16.028+0000] {dag.py:2676} INFO - Sync 1 DAGs
[2023-01-12T07:47:16.054+0000] {logging_mixin.py:137} INFO - [2023-01-12T07:47:16.054+0000] {dag.py:3427} INFO - Setting next_dagrun for latest_only_with_trigger to 2023-01-12T03:47:16.054513+00:00, run_after=2023-01-12T07:47:16.054513+00:00
[2023-01-12T07:47:16.078+0000] {processor.py:175} INFO - Processing /home/airflow/.local/lib/python3.7/site-packages/airflow/example_dags/example_latest_only_with_trigger.py took 0.113 seconds
[2023-01-12T07:47:46.245+0000] {processor.py:153} INFO - Started process (PID=1039) to work on /home/airflow/.local/lib/python3.7/site-packages/airflow/example_dags/example_latest_only_with_trigger.py
[2023-01-12T07:47:46.247+0000] {processor.py:743} INFO - Processing file /home/airflow/.local/lib/python3.7/site-packages/airflow/example_dags/example_latest_only_with_trigger.py for tasks to queue
[2023-01-12T07:47:46.249+0000] {logging_mixin.py:137} INFO - [2023-01-12T07:47:46.249+0000] {dagbag.py:538} INFO - Filling up the DagBag from /home/airflow/.local/lib/python3.7/site-packages/airflow/example_dags/example_latest_only_with_trigger.py
[2023-01-12T07:47:46.261+0000] {processor.py:753} INFO - DAG(s) dict_keys(['latest_only_with_trigger']) retrieved from /home/airflow/.local/lib/python3.7/site-packages/airflow/example_dags/example_latest_only_with_trigger.py
[2023-01-12T07:47:46.295+0000] {logging_mixin.py:137} INFO - [2023-01-12T07:47:46.295+0000] {dag.py:2676} INFO - Sync 1 DAGs
[2023-01-12T07:47:46.315+0000] {logging_mixin.py:137} INFO - [2023-01-12T07:47:46.315+0000] {dag.py:3427} INFO - Setting next_dagrun for latest_only_with_trigger to 2023-01-12T03:47:46.315033+00:00, run_after=2023-01-12T07:47:46.315033+00:00
[2023-01-12T07:47:46.333+0000] {processor.py:175} INFO - Processing /home/airflow/.local/lib/python3.7/site-packages/airflow/example_dags/example_latest_only_with_trigger.py took 0.090 seconds
[2023-01-12T07:48:17.167+0000] {processor.py:153} INFO - Started process (PID=1112) to work on /home/airflow/.local/lib/python3.7/site-packages/airflow/example_dags/example_latest_only_with_trigger.py
[2023-01-12T07:48:17.168+0000] {processor.py:743} INFO - Processing file /home/airflow/.local/lib/python3.7/site-packages/airflow/example_dags/example_latest_only_with_trigger.py for tasks to queue
[2023-01-12T07:48:17.170+0000] {logging_mixin.py:137} INFO - [2023-01-12T07:48:17.169+0000] {dagbag.py:538} INFO - Filling up the DagBag from /home/airflow/.local/lib/python3.7/site-packages/airflow/example_dags/example_latest_only_with_trigger.py
[2023-01-12T07:48:17.185+0000] {processor.py:753} INFO - DAG(s) dict_keys(['latest_only_with_trigger']) retrieved from /home/airflow/.local/lib/python3.7/site-packages/airflow/example_dags/example_latest_only_with_trigger.py
[2023-01-12T07:48:17.222+0000] {logging_mixin.py:137} INFO - [2023-01-12T07:48:17.221+0000] {dag.py:2676} INFO - Sync 1 DAGs
[2023-01-12T07:48:17.246+0000] {logging_mixin.py:137} INFO - [2023-01-12T07:48:17.246+0000] {dag.py:3427} INFO - Setting next_dagrun for latest_only_with_trigger to 2023-01-12T03:48:17.245819+00:00, run_after=2023-01-12T07:48:17.245819+00:00
[2023-01-12T07:48:17.262+0000] {processor.py:175} INFO - Processing /home/airflow/.local/lib/python3.7/site-packages/airflow/example_dags/example_latest_only_with_trigger.py took 0.099 seconds
[2023-01-12T07:48:47.692+0000] {processor.py:153} INFO - Started process (PID=1173) to work on /home/airflow/.local/lib/python3.7/site-packages/airflow/example_dags/example_latest_only_with_trigger.py
[2023-01-12T07:48:47.697+0000] {processor.py:743} INFO - Processing file /home/airflow/.local/lib/python3.7/site-packages/airflow/example_dags/example_latest_only_with_trigger.py for tasks to queue
[2023-01-12T07:48:47.698+0000] {logging_mixin.py:137} INFO - [2023-01-12T07:48:47.698+0000] {dagbag.py:538} INFO - Filling up the DagBag from /home/airflow/.local/lib/python3.7/site-packages/airflow/example_dags/example_latest_only_with_trigger.py
[2023-01-12T07:48:47.711+0000] {processor.py:753} INFO - DAG(s) dict_keys(['latest_only_with_trigger']) retrieved from /home/airflow/.local/lib/python3.7/site-packages/airflow/example_dags/example_latest_only_with_trigger.py
[2023-01-12T07:48:47.740+0000] {logging_mixin.py:137} INFO - [2023-01-12T07:48:47.740+0000] {dag.py:2676} INFO - Sync 1 DAGs
[2023-01-12T07:48:47.758+0000] {logging_mixin.py:137} INFO - [2023-01-12T07:48:47.758+0000] {dag.py:3427} INFO - Setting next_dagrun for latest_only_with_trigger to 2023-01-12T03:48:47.757972+00:00, run_after=2023-01-12T07:48:47.757972+00:00
[2023-01-12T07:48:47.775+0000] {processor.py:175} INFO - Processing /home/airflow/.local/lib/python3.7/site-packages/airflow/example_dags/example_latest_only_with_trigger.py took 0.086 seconds
[2023-01-12T07:49:18.313+0000] {processor.py:153} INFO - Started process (PID=1249) to work on /home/airflow/.local/lib/python3.7/site-packages/airflow/example_dags/example_latest_only_with_trigger.py
[2023-01-12T07:49:18.314+0000] {processor.py:743} INFO - Processing file /home/airflow/.local/lib/python3.7/site-packages/airflow/example_dags/example_latest_only_with_trigger.py for tasks to queue
[2023-01-12T07:49:18.315+0000] {logging_mixin.py:137} INFO - [2023-01-12T07:49:18.315+0000] {dagbag.py:538} INFO - Filling up the DagBag from /home/airflow/.local/lib/python3.7/site-packages/airflow/example_dags/example_latest_only_with_trigger.py
[2023-01-12T07:49:18.326+0000] {processor.py:753} INFO - DAG(s) dict_keys(['latest_only_with_trigger']) retrieved from /home/airflow/.local/lib/python3.7/site-packages/airflow/example_dags/example_latest_only_with_trigger.py
[2023-01-12T07:49:18.355+0000] {logging_mixin.py:137} INFO - [2023-01-12T07:49:18.355+0000] {dag.py:2676} INFO - Sync 1 DAGs
[2023-01-12T07:49:18.373+0000] {logging_mixin.py:137} INFO - [2023-01-12T07:49:18.373+0000] {dag.py:3427} INFO - Setting next_dagrun for latest_only_with_trigger to 2023-01-12T03:49:18.373610+00:00, run_after=2023-01-12T07:49:18.373610+00:00
[2023-01-12T07:49:18.391+0000] {processor.py:175} INFO - Processing /home/airflow/.local/lib/python3.7/site-packages/airflow/example_dags/example_latest_only_with_trigger.py took 0.082 seconds
[2023-01-12T07:49:49.201+0000] {processor.py:153} INFO - Started process (PID=1320) to work on /home/airflow/.local/lib/python3.7/site-packages/airflow/example_dags/example_latest_only_with_trigger.py
[2023-01-12T07:49:49.204+0000] {processor.py:743} INFO - Processing file /home/airflow/.local/lib/python3.7/site-packages/airflow/example_dags/example_latest_only_with_trigger.py for tasks to queue
[2023-01-12T07:49:49.205+0000] {logging_mixin.py:137} INFO - [2023-01-12T07:49:49.205+0000] {dagbag.py:538} INFO - Filling up the DagBag from /home/airflow/.local/lib/python3.7/site-packages/airflow/example_dags/example_latest_only_with_trigger.py
[2023-01-12T07:49:49.219+0000] {processor.py:753} INFO - DAG(s) dict_keys(['latest_only_with_trigger']) retrieved from /home/airflow/.local/lib/python3.7/site-packages/airflow/example_dags/example_latest_only_with_trigger.py
[2023-01-12T07:49:49.288+0000] {logging_mixin.py:137} INFO - [2023-01-12T07:49:49.288+0000] {dag.py:2676} INFO - Sync 1 DAGs
[2023-01-12T07:49:49.312+0000] {logging_mixin.py:137} INFO - [2023-01-12T07:49:49.311+0000] {dag.py:3427} INFO - Setting next_dagrun for latest_only_with_trigger to 2023-01-12T03:49:49.311630+00:00, run_after=2023-01-12T07:49:49.311630+00:00
[2023-01-12T07:49:49.332+0000] {processor.py:175} INFO - Processing /home/airflow/.local/lib/python3.7/site-packages/airflow/example_dags/example_latest_only_with_trigger.py took 0.136 seconds
[2023-01-12T07:50:19.964+0000] {processor.py:153} INFO - Started process (PID=1386) to work on /home/airflow/.local/lib/python3.7/site-packages/airflow/example_dags/example_latest_only_with_trigger.py
[2023-01-12T07:50:19.965+0000] {processor.py:743} INFO - Processing file /home/airflow/.local/lib/python3.7/site-packages/airflow/example_dags/example_latest_only_with_trigger.py for tasks to queue
[2023-01-12T07:50:19.967+0000] {logging_mixin.py:137} INFO - [2023-01-12T07:50:19.967+0000] {dagbag.py:538} INFO - Filling up the DagBag from /home/airflow/.local/lib/python3.7/site-packages/airflow/example_dags/example_latest_only_with_trigger.py
[2023-01-12T07:50:19.978+0000] {processor.py:753} INFO - DAG(s) dict_keys(['latest_only_with_trigger']) retrieved from /home/airflow/.local/lib/python3.7/site-packages/airflow/example_dags/example_latest_only_with_trigger.py
[2023-01-12T07:50:20.008+0000] {logging_mixin.py:137} INFO - [2023-01-12T07:50:20.008+0000] {dag.py:2676} INFO - Sync 1 DAGs
[2023-01-12T07:50:20.028+0000] {logging_mixin.py:137} INFO - [2023-01-12T07:50:20.028+0000] {dag.py:3427} INFO - Setting next_dagrun for latest_only_with_trigger to 2023-01-12T03:50:20.028062+00:00, run_after=2023-01-12T07:50:20.028062+00:00
[2023-01-12T07:50:20.045+0000] {processor.py:175} INFO - Processing /home/airflow/.local/lib/python3.7/site-packages/airflow/example_dags/example_latest_only_with_trigger.py took 0.084 seconds
[2023-01-12T07:50:50.917+0000] {processor.py:153} INFO - Started process (PID=1459) to work on /home/airflow/.local/lib/python3.7/site-packages/airflow/example_dags/example_latest_only_with_trigger.py
[2023-01-12T07:50:50.920+0000] {processor.py:743} INFO - Processing file /home/airflow/.local/lib/python3.7/site-packages/airflow/example_dags/example_latest_only_with_trigger.py for tasks to queue
[2023-01-12T07:50:50.922+0000] {logging_mixin.py:137} INFO - [2023-01-12T07:50:50.921+0000] {dagbag.py:538} INFO - Filling up the DagBag from /home/airflow/.local/lib/python3.7/site-packages/airflow/example_dags/example_latest_only_with_trigger.py
[2023-01-12T07:50:50.937+0000] {processor.py:753} INFO - DAG(s) dict_keys(['latest_only_with_trigger']) retrieved from /home/airflow/.local/lib/python3.7/site-packages/airflow/example_dags/example_latest_only_with_trigger.py
[2023-01-12T07:50:50.972+0000] {logging_mixin.py:137} INFO - [2023-01-12T07:50:50.971+0000] {dag.py:2676} INFO - Sync 1 DAGs
[2023-01-12T07:50:50.992+0000] {logging_mixin.py:137} INFO - [2023-01-12T07:50:50.992+0000] {dag.py:3427} INFO - Setting next_dagrun for latest_only_with_trigger to 2023-01-12T03:50:50.991995+00:00, run_after=2023-01-12T07:50:50.991995+00:00
[2023-01-12T07:50:51.010+0000] {processor.py:175} INFO - Processing /home/airflow/.local/lib/python3.7/site-packages/airflow/example_dags/example_latest_only_with_trigger.py took 0.096 seconds
[2023-01-12T07:51:21.766+0000] {processor.py:153} INFO - Started process (PID=1520) to work on /home/airflow/.local/lib/python3.7/site-packages/airflow/example_dags/example_latest_only_with_trigger.py
[2023-01-12T07:51:21.772+0000] {processor.py:743} INFO - Processing file /home/airflow/.local/lib/python3.7/site-packages/airflow/example_dags/example_latest_only_with_trigger.py for tasks to queue
[2023-01-12T07:51:21.778+0000] {logging_mixin.py:137} INFO - [2023-01-12T07:51:21.777+0000] {dagbag.py:538} INFO - Filling up the DagBag from /home/airflow/.local/lib/python3.7/site-packages/airflow/example_dags/example_latest_only_with_trigger.py
[2023-01-12T07:51:21.795+0000] {processor.py:753} INFO - DAG(s) dict_keys(['latest_only_with_trigger']) retrieved from /home/airflow/.local/lib/python3.7/site-packages/airflow/example_dags/example_latest_only_with_trigger.py
[2023-01-12T07:51:21.828+0000] {logging_mixin.py:137} INFO - [2023-01-12T07:51:21.828+0000] {dag.py:2676} INFO - Sync 1 DAGs
[2023-01-12T07:51:21.850+0000] {logging_mixin.py:137} INFO - [2023-01-12T07:51:21.850+0000] {dag.py:3427} INFO - Setting next_dagrun for latest_only_with_trigger to 2023-01-12T03:51:21.850007+00:00, run_after=2023-01-12T07:51:21.850007+00:00
[2023-01-12T07:51:21.867+0000] {processor.py:175} INFO - Processing /home/airflow/.local/lib/python3.7/site-packages/airflow/example_dags/example_latest_only_with_trigger.py took 0.103 seconds
[2023-01-12T07:51:52.610+0000] {processor.py:153} INFO - Started process (PID=1592) to work on /home/airflow/.local/lib/python3.7/site-packages/airflow/example_dags/example_latest_only_with_trigger.py
[2023-01-12T07:51:52.611+0000] {processor.py:743} INFO - Processing file /home/airflow/.local/lib/python3.7/site-packages/airflow/example_dags/example_latest_only_with_trigger.py for tasks to queue
[2023-01-12T07:51:52.612+0000] {logging_mixin.py:137} INFO - [2023-01-12T07:51:52.612+0000] {dagbag.py:538} INFO - Filling up the DagBag from /home/airflow/.local/lib/python3.7/site-packages/airflow/example_dags/example_latest_only_with_trigger.py
[2023-01-12T07:51:52.624+0000] {processor.py:753} INFO - DAG(s) dict_keys(['latest_only_with_trigger']) retrieved from /home/airflow/.local/lib/python3.7/site-packages/airflow/example_dags/example_latest_only_with_trigger.py
[2023-01-12T07:51:52.655+0000] {logging_mixin.py:137} INFO - [2023-01-12T07:51:52.655+0000] {dag.py:2676} INFO - Sync 1 DAGs
[2023-01-12T07:51:52.676+0000] {logging_mixin.py:137} INFO - [2023-01-12T07:51:52.676+0000] {dag.py:3427} INFO - Setting next_dagrun for latest_only_with_trigger to 2023-01-12T03:51:52.675883+00:00, run_after=2023-01-12T07:51:52.675883+00:00
[2023-01-12T07:51:52.697+0000] {processor.py:175} INFO - Processing /home/airflow/.local/lib/python3.7/site-packages/airflow/example_dags/example_latest_only_with_trigger.py took 0.090 seconds
[2023-01-12T07:52:23.820+0000] {processor.py:153} INFO - Started process (PID=1667) to work on /home/airflow/.local/lib/python3.7/site-packages/airflow/example_dags/example_latest_only_with_trigger.py
[2023-01-12T07:52:23.822+0000] {processor.py:743} INFO - Processing file /home/airflow/.local/lib/python3.7/site-packages/airflow/example_dags/example_latest_only_with_trigger.py for tasks to queue
[2023-01-12T07:52:23.823+0000] {logging_mixin.py:137} INFO - [2023-01-12T07:52:23.823+0000] {dagbag.py:538} INFO - Filling up the DagBag from /home/airflow/.local/lib/python3.7/site-packages/airflow/example_dags/example_latest_only_with_trigger.py
[2023-01-12T07:52:23.835+0000] {processor.py:753} INFO - DAG(s) dict_keys(['latest_only_with_trigger']) retrieved from /home/airflow/.local/lib/python3.7/site-packages/airflow/example_dags/example_latest_only_with_trigger.py
[2023-01-12T07:52:23.866+0000] {logging_mixin.py:137} INFO - [2023-01-12T07:52:23.866+0000] {dag.py:2676} INFO - Sync 1 DAGs
[2023-01-12T07:52:23.887+0000] {logging_mixin.py:137} INFO - [2023-01-12T07:52:23.887+0000] {dag.py:3427} INFO - Setting next_dagrun for latest_only_with_trigger to 2023-01-12T03:52:23.887086+00:00, run_after=2023-01-12T07:52:23.887086+00:00
[2023-01-12T07:52:23.902+0000] {processor.py:175} INFO - Processing /home/airflow/.local/lib/python3.7/site-packages/airflow/example_dags/example_latest_only_with_trigger.py took 0.084 seconds
[2023-01-12T07:52:54.434+0000] {processor.py:153} INFO - Started process (PID=1728) to work on /home/airflow/.local/lib/python3.7/site-packages/airflow/example_dags/example_latest_only_with_trigger.py
[2023-01-12T07:52:54.436+0000] {processor.py:743} INFO - Processing file /home/airflow/.local/lib/python3.7/site-packages/airflow/example_dags/example_latest_only_with_trigger.py for tasks to queue
[2023-01-12T07:52:54.438+0000] {logging_mixin.py:137} INFO - [2023-01-12T07:52:54.438+0000] {dagbag.py:538} INFO - Filling up the DagBag from /home/airflow/.local/lib/python3.7/site-packages/airflow/example_dags/example_latest_only_with_trigger.py
[2023-01-12T07:52:54.450+0000] {processor.py:753} INFO - DAG(s) dict_keys(['latest_only_with_trigger']) retrieved from /home/airflow/.local/lib/python3.7/site-packages/airflow/example_dags/example_latest_only_with_trigger.py
[2023-01-12T07:52:54.478+0000] {logging_mixin.py:137} INFO - [2023-01-12T07:52:54.478+0000] {dag.py:2676} INFO - Sync 1 DAGs
[2023-01-12T07:52:54.498+0000] {logging_mixin.py:137} INFO - [2023-01-12T07:52:54.497+0000] {dag.py:3427} INFO - Setting next_dagrun for latest_only_with_trigger to 2023-01-12T03:52:54.497791+00:00, run_after=2023-01-12T07:52:54.497791+00:00
[2023-01-12T07:52:54.516+0000] {processor.py:175} INFO - Processing /home/airflow/.local/lib/python3.7/site-packages/airflow/example_dags/example_latest_only_with_trigger.py took 0.085 seconds
[2023-01-12T07:53:25.066+0000] {processor.py:153} INFO - Started process (PID=1801) to work on /home/airflow/.local/lib/python3.7/site-packages/airflow/example_dags/example_latest_only_with_trigger.py
[2023-01-12T07:53:25.068+0000] {processor.py:743} INFO - Processing file /home/airflow/.local/lib/python3.7/site-packages/airflow/example_dags/example_latest_only_with_trigger.py for tasks to queue
[2023-01-12T07:53:25.070+0000] {logging_mixin.py:137} INFO - [2023-01-12T07:53:25.070+0000] {dagbag.py:538} INFO - Filling up the DagBag from /home/airflow/.local/lib/python3.7/site-packages/airflow/example_dags/example_latest_only_with_trigger.py
[2023-01-12T07:53:25.082+0000] {processor.py:753} INFO - DAG(s) dict_keys(['latest_only_with_trigger']) retrieved from /home/airflow/.local/lib/python3.7/site-packages/airflow/example_dags/example_latest_only_with_trigger.py
[2023-01-12T07:53:25.111+0000] {logging_mixin.py:137} INFO - [2023-01-12T07:53:25.111+0000] {dag.py:2676} INFO - Sync 1 DAGs
[2023-01-12T07:53:25.130+0000] {logging_mixin.py:137} INFO - [2023-01-12T07:53:25.130+0000] {dag.py:3427} INFO - Setting next_dagrun for latest_only_with_trigger to 2023-01-12T03:53:25.130542+00:00, run_after=2023-01-12T07:53:25.130542+00:00
[2023-01-12T07:53:25.145+0000] {processor.py:175} INFO - Processing /home/airflow/.local/lib/python3.7/site-packages/airflow/example_dags/example_latest_only_with_trigger.py took 0.081 seconds
[2023-01-12T07:53:55.523+0000] {processor.py:153} INFO - Started process (PID=1870) to work on /home/airflow/.local/lib/python3.7/site-packages/airflow/example_dags/example_latest_only_with_trigger.py
[2023-01-12T07:53:55.525+0000] {processor.py:743} INFO - Processing file /home/airflow/.local/lib/python3.7/site-packages/airflow/example_dags/example_latest_only_with_trigger.py for tasks to queue
[2023-01-12T07:53:55.527+0000] {logging_mixin.py:137} INFO - [2023-01-12T07:53:55.527+0000] {dagbag.py:538} INFO - Filling up the DagBag from /home/airflow/.local/lib/python3.7/site-packages/airflow/example_dags/example_latest_only_with_trigger.py
[2023-01-12T07:53:55.546+0000] {processor.py:753} INFO - DAG(s) dict_keys(['latest_only_with_trigger']) retrieved from /home/airflow/.local/lib/python3.7/site-packages/airflow/example_dags/example_latest_only_with_trigger.py
[2023-01-12T07:53:55.587+0000] {logging_mixin.py:137} INFO - [2023-01-12T07:53:55.587+0000] {dag.py:2676} INFO - Sync 1 DAGs
[2023-01-12T07:53:55.620+0000] {logging_mixin.py:137} INFO - [2023-01-12T07:53:55.620+0000] {dag.py:3427} INFO - Setting next_dagrun for latest_only_with_trigger to 2023-01-12T03:53:55.620093+00:00, run_after=2023-01-12T07:53:55.620093+00:00
[2023-01-12T07:53:55.636+0000] {processor.py:175} INFO - Processing /home/airflow/.local/lib/python3.7/site-packages/airflow/example_dags/example_latest_only_with_trigger.py took 0.116 seconds
