[2023-01-12T07:27:08.849+0000] {processor.py:153} INFO - Started process (PID=78) to work on /home/airflow/.local/lib/python3.7/site-packages/airflow/example_dags/example_trigger_target_dag.py
[2023-01-12T07:27:08.861+0000] {processor.py:743} INFO - Processing file /home/airflow/.local/lib/python3.7/site-packages/airflow/example_dags/example_trigger_target_dag.py for tasks to queue
[2023-01-12T07:27:08.864+0000] {logging_mixin.py:137} INFO - [2023-01-12T07:27:08.864+0000] {dagbag.py:538} INFO - Filling up the DagBag from /home/airflow/.local/lib/python3.7/site-packages/airflow/example_dags/example_trigger_target_dag.py
[2023-01-12T07:27:08.973+0000] {processor.py:753} INFO - DAG(s) dict_keys(['example_trigger_target_dag']) retrieved from /home/airflow/.local/lib/python3.7/site-packages/airflow/example_dags/example_trigger_target_dag.py
[2023-01-12T07:27:09.064+0000] {logging_mixin.py:137} INFO - [2023-01-12T07:27:09.063+0000] {dag.py:2676} INFO - Sync 1 DAGs
[2023-01-12T07:27:09.134+0000] {logging_mixin.py:137} INFO - [2023-01-12T07:27:09.134+0000] {dag.py:3427} INFO - Setting next_dagrun for example_trigger_target_dag to None, run_after=None
[2023-01-12T07:27:09.181+0000] {processor.py:175} INFO - Processing /home/airflow/.local/lib/python3.7/site-packages/airflow/example_dags/example_trigger_target_dag.py took 0.334 seconds
[2023-01-12T07:27:40.144+0000] {processor.py:153} INFO - Started process (PID=145) to work on /home/airflow/.local/lib/python3.7/site-packages/airflow/example_dags/example_trigger_target_dag.py
[2023-01-12T07:27:40.146+0000] {processor.py:743} INFO - Processing file /home/airflow/.local/lib/python3.7/site-packages/airflow/example_dags/example_trigger_target_dag.py for tasks to queue
[2023-01-12T07:27:40.148+0000] {logging_mixin.py:137} INFO - [2023-01-12T07:27:40.148+0000] {dagbag.py:538} INFO - Filling up the DagBag from /home/airflow/.local/lib/python3.7/site-packages/airflow/example_dags/example_trigger_target_dag.py
[2023-01-12T07:27:40.166+0000] {processor.py:753} INFO - DAG(s) dict_keys(['example_trigger_target_dag']) retrieved from /home/airflow/.local/lib/python3.7/site-packages/airflow/example_dags/example_trigger_target_dag.py
[2023-01-12T07:27:40.194+0000] {logging_mixin.py:137} INFO - [2023-01-12T07:27:40.194+0000] {dag.py:2676} INFO - Sync 1 DAGs
[2023-01-12T07:27:40.212+0000] {logging_mixin.py:137} INFO - [2023-01-12T07:27:40.211+0000] {dag.py:3427} INFO - Setting next_dagrun for example_trigger_target_dag to None, run_after=None
[2023-01-12T07:27:40.224+0000] {processor.py:175} INFO - Processing /home/airflow/.local/lib/python3.7/site-packages/airflow/example_dags/example_trigger_target_dag.py took 0.083 seconds
[2023-01-12T07:28:10.898+0000] {processor.py:153} INFO - Started process (PID=217) to work on /home/airflow/.local/lib/python3.7/site-packages/airflow/example_dags/example_trigger_target_dag.py
[2023-01-12T07:28:10.901+0000] {processor.py:743} INFO - Processing file /home/airflow/.local/lib/python3.7/site-packages/airflow/example_dags/example_trigger_target_dag.py for tasks to queue
[2023-01-12T07:28:10.902+0000] {logging_mixin.py:137} INFO - [2023-01-12T07:28:10.902+0000] {dagbag.py:538} INFO - Filling up the DagBag from /home/airflow/.local/lib/python3.7/site-packages/airflow/example_dags/example_trigger_target_dag.py
[2023-01-12T07:28:10.919+0000] {processor.py:753} INFO - DAG(s) dict_keys(['example_trigger_target_dag']) retrieved from /home/airflow/.local/lib/python3.7/site-packages/airflow/example_dags/example_trigger_target_dag.py
[2023-01-12T07:28:10.948+0000] {logging_mixin.py:137} INFO - [2023-01-12T07:28:10.948+0000] {dag.py:2676} INFO - Sync 1 DAGs
[2023-01-12T07:28:10.965+0000] {logging_mixin.py:137} INFO - [2023-01-12T07:28:10.965+0000] {dag.py:3427} INFO - Setting next_dagrun for example_trigger_target_dag to None, run_after=None
[2023-01-12T07:28:10.979+0000] {processor.py:175} INFO - Processing /home/airflow/.local/lib/python3.7/site-packages/airflow/example_dags/example_trigger_target_dag.py took 0.083 seconds
[2023-01-12T07:28:41.571+0000] {processor.py:153} INFO - Started process (PID=279) to work on /home/airflow/.local/lib/python3.7/site-packages/airflow/example_dags/example_trigger_target_dag.py
[2023-01-12T07:28:41.574+0000] {processor.py:743} INFO - Processing file /home/airflow/.local/lib/python3.7/site-packages/airflow/example_dags/example_trigger_target_dag.py for tasks to queue
[2023-01-12T07:28:41.575+0000] {logging_mixin.py:137} INFO - [2023-01-12T07:28:41.575+0000] {dagbag.py:538} INFO - Filling up the DagBag from /home/airflow/.local/lib/python3.7/site-packages/airflow/example_dags/example_trigger_target_dag.py
[2023-01-12T07:28:41.593+0000] {processor.py:753} INFO - DAG(s) dict_keys(['example_trigger_target_dag']) retrieved from /home/airflow/.local/lib/python3.7/site-packages/airflow/example_dags/example_trigger_target_dag.py
[2023-01-12T07:28:41.622+0000] {logging_mixin.py:137} INFO - [2023-01-12T07:28:41.622+0000] {dag.py:2676} INFO - Sync 1 DAGs
[2023-01-12T07:28:41.640+0000] {logging_mixin.py:137} INFO - [2023-01-12T07:28:41.640+0000] {dag.py:3427} INFO - Setting next_dagrun for example_trigger_target_dag to None, run_after=None
[2023-01-12T07:28:41.656+0000] {processor.py:175} INFO - Processing /home/airflow/.local/lib/python3.7/site-packages/airflow/example_dags/example_trigger_target_dag.py took 0.087 seconds
[2023-01-12T07:29:12.186+0000] {processor.py:153} INFO - Started process (PID=353) to work on /home/airflow/.local/lib/python3.7/site-packages/airflow/example_dags/example_trigger_target_dag.py
[2023-01-12T07:29:12.189+0000] {processor.py:743} INFO - Processing file /home/airflow/.local/lib/python3.7/site-packages/airflow/example_dags/example_trigger_target_dag.py for tasks to queue
[2023-01-12T07:29:12.191+0000] {logging_mixin.py:137} INFO - [2023-01-12T07:29:12.191+0000] {dagbag.py:538} INFO - Filling up the DagBag from /home/airflow/.local/lib/python3.7/site-packages/airflow/example_dags/example_trigger_target_dag.py
[2023-01-12T07:29:12.211+0000] {processor.py:753} INFO - DAG(s) dict_keys(['example_trigger_target_dag']) retrieved from /home/airflow/.local/lib/python3.7/site-packages/airflow/example_dags/example_trigger_target_dag.py
[2023-01-12T07:29:12.240+0000] {logging_mixin.py:137} INFO - [2023-01-12T07:29:12.240+0000] {dag.py:2676} INFO - Sync 1 DAGs
[2023-01-12T07:29:12.258+0000] {logging_mixin.py:137} INFO - [2023-01-12T07:29:12.257+0000] {dag.py:3427} INFO - Setting next_dagrun for example_trigger_target_dag to None, run_after=None
[2023-01-12T07:29:12.271+0000] {processor.py:175} INFO - Processing /home/airflow/.local/lib/python3.7/site-packages/airflow/example_dags/example_trigger_target_dag.py took 0.088 seconds
[2023-01-12T07:29:42.860+0000] {processor.py:153} INFO - Started process (PID=427) to work on /home/airflow/.local/lib/python3.7/site-packages/airflow/example_dags/example_trigger_target_dag.py
[2023-01-12T07:29:42.864+0000] {processor.py:743} INFO - Processing file /home/airflow/.local/lib/python3.7/site-packages/airflow/example_dags/example_trigger_target_dag.py for tasks to queue
[2023-01-12T07:29:42.866+0000] {logging_mixin.py:137} INFO - [2023-01-12T07:29:42.866+0000] {dagbag.py:538} INFO - Filling up the DagBag from /home/airflow/.local/lib/python3.7/site-packages/airflow/example_dags/example_trigger_target_dag.py
[2023-01-12T07:29:42.885+0000] {processor.py:753} INFO - DAG(s) dict_keys(['example_trigger_target_dag']) retrieved from /home/airflow/.local/lib/python3.7/site-packages/airflow/example_dags/example_trigger_target_dag.py
[2023-01-12T07:29:42.912+0000] {logging_mixin.py:137} INFO - [2023-01-12T07:29:42.912+0000] {dag.py:2676} INFO - Sync 1 DAGs
[2023-01-12T07:29:42.930+0000] {logging_mixin.py:137} INFO - [2023-01-12T07:29:42.930+0000] {dag.py:3427} INFO - Setting next_dagrun for example_trigger_target_dag to None, run_after=None
[2023-01-12T07:29:42.942+0000] {processor.py:175} INFO - Processing /home/airflow/.local/lib/python3.7/site-packages/airflow/example_dags/example_trigger_target_dag.py took 0.085 seconds
[2023-01-12T07:30:13.549+0000] {processor.py:153} INFO - Started process (PID=490) to work on /home/airflow/.local/lib/python3.7/site-packages/airflow/example_dags/example_trigger_target_dag.py
[2023-01-12T07:30:13.552+0000] {processor.py:743} INFO - Processing file /home/airflow/.local/lib/python3.7/site-packages/airflow/example_dags/example_trigger_target_dag.py for tasks to queue
[2023-01-12T07:30:13.554+0000] {logging_mixin.py:137} INFO - [2023-01-12T07:30:13.554+0000] {dagbag.py:538} INFO - Filling up the DagBag from /home/airflow/.local/lib/python3.7/site-packages/airflow/example_dags/example_trigger_target_dag.py
[2023-01-12T07:30:13.569+0000] {processor.py:753} INFO - DAG(s) dict_keys(['example_trigger_target_dag']) retrieved from /home/airflow/.local/lib/python3.7/site-packages/airflow/example_dags/example_trigger_target_dag.py
[2023-01-12T07:30:13.597+0000] {logging_mixin.py:137} INFO - [2023-01-12T07:30:13.597+0000] {dag.py:2676} INFO - Sync 1 DAGs
[2023-01-12T07:30:13.614+0000] {logging_mixin.py:137} INFO - [2023-01-12T07:30:13.614+0000] {dag.py:3427} INFO - Setting next_dagrun for example_trigger_target_dag to None, run_after=None
[2023-01-12T07:30:13.628+0000] {processor.py:175} INFO - Processing /home/airflow/.local/lib/python3.7/site-packages/airflow/example_dags/example_trigger_target_dag.py took 0.081 seconds
[2023-01-12T07:30:44.307+0000] {processor.py:153} INFO - Started process (PID=565) to work on /home/airflow/.local/lib/python3.7/site-packages/airflow/example_dags/example_trigger_target_dag.py
[2023-01-12T07:30:44.311+0000] {processor.py:743} INFO - Processing file /home/airflow/.local/lib/python3.7/site-packages/airflow/example_dags/example_trigger_target_dag.py for tasks to queue
[2023-01-12T07:30:44.313+0000] {logging_mixin.py:137} INFO - [2023-01-12T07:30:44.313+0000] {dagbag.py:538} INFO - Filling up the DagBag from /home/airflow/.local/lib/python3.7/site-packages/airflow/example_dags/example_trigger_target_dag.py
[2023-01-12T07:30:44.334+0000] {processor.py:753} INFO - DAG(s) dict_keys(['example_trigger_target_dag']) retrieved from /home/airflow/.local/lib/python3.7/site-packages/airflow/example_dags/example_trigger_target_dag.py
[2023-01-12T07:30:44.365+0000] {logging_mixin.py:137} INFO - [2023-01-12T07:30:44.365+0000] {dag.py:2676} INFO - Sync 1 DAGs
[2023-01-12T07:30:44.383+0000] {logging_mixin.py:137} INFO - [2023-01-12T07:30:44.383+0000] {dag.py:3427} INFO - Setting next_dagrun for example_trigger_target_dag to None, run_after=None
[2023-01-12T07:30:44.397+0000] {processor.py:175} INFO - Processing /home/airflow/.local/lib/python3.7/site-packages/airflow/example_dags/example_trigger_target_dag.py took 0.094 seconds
[2023-01-12T07:31:14.952+0000] {processor.py:153} INFO - Started process (PID=638) to work on /home/airflow/.local/lib/python3.7/site-packages/airflow/example_dags/example_trigger_target_dag.py
[2023-01-12T07:31:14.955+0000] {processor.py:743} INFO - Processing file /home/airflow/.local/lib/python3.7/site-packages/airflow/example_dags/example_trigger_target_dag.py for tasks to queue
[2023-01-12T07:31:14.956+0000] {logging_mixin.py:137} INFO - [2023-01-12T07:31:14.956+0000] {dagbag.py:538} INFO - Filling up the DagBag from /home/airflow/.local/lib/python3.7/site-packages/airflow/example_dags/example_trigger_target_dag.py
[2023-01-12T07:31:14.971+0000] {processor.py:753} INFO - DAG(s) dict_keys(['example_trigger_target_dag']) retrieved from /home/airflow/.local/lib/python3.7/site-packages/airflow/example_dags/example_trigger_target_dag.py
[2023-01-12T07:31:14.998+0000] {logging_mixin.py:137} INFO - [2023-01-12T07:31:14.998+0000] {dag.py:2676} INFO - Sync 1 DAGs
[2023-01-12T07:31:15.017+0000] {logging_mixin.py:137} INFO - [2023-01-12T07:31:15.017+0000] {dag.py:3427} INFO - Setting next_dagrun for example_trigger_target_dag to None, run_after=None
[2023-01-12T07:31:15.030+0000] {processor.py:175} INFO - Processing /home/airflow/.local/lib/python3.7/site-packages/airflow/example_dags/example_trigger_target_dag.py took 0.081 seconds
[2023-01-12T07:31:45.608+0000] {processor.py:153} INFO - Started process (PID=700) to work on /home/airflow/.local/lib/python3.7/site-packages/airflow/example_dags/example_trigger_target_dag.py
[2023-01-12T07:31:45.614+0000] {processor.py:743} INFO - Processing file /home/airflow/.local/lib/python3.7/site-packages/airflow/example_dags/example_trigger_target_dag.py for tasks to queue
[2023-01-12T07:31:45.616+0000] {logging_mixin.py:137} INFO - [2023-01-12T07:31:45.616+0000] {dagbag.py:538} INFO - Filling up the DagBag from /home/airflow/.local/lib/python3.7/site-packages/airflow/example_dags/example_trigger_target_dag.py
[2023-01-12T07:31:45.634+0000] {processor.py:753} INFO - DAG(s) dict_keys(['example_trigger_target_dag']) retrieved from /home/airflow/.local/lib/python3.7/site-packages/airflow/example_dags/example_trigger_target_dag.py
[2023-01-12T07:31:45.661+0000] {logging_mixin.py:137} INFO - [2023-01-12T07:31:45.661+0000] {dag.py:2676} INFO - Sync 1 DAGs
[2023-01-12T07:31:45.678+0000] {logging_mixin.py:137} INFO - [2023-01-12T07:31:45.677+0000] {dag.py:3427} INFO - Setting next_dagrun for example_trigger_target_dag to None, run_after=None
[2023-01-12T07:31:45.690+0000] {processor.py:175} INFO - Processing /home/airflow/.local/lib/python3.7/site-packages/airflow/example_dags/example_trigger_target_dag.py took 0.087 seconds
[2023-01-12T07:32:16.571+0000] {processor.py:153} INFO - Started process (PID=774) to work on /home/airflow/.local/lib/python3.7/site-packages/airflow/example_dags/example_trigger_target_dag.py
[2023-01-12T07:32:16.575+0000] {processor.py:743} INFO - Processing file /home/airflow/.local/lib/python3.7/site-packages/airflow/example_dags/example_trigger_target_dag.py for tasks to queue
[2023-01-12T07:32:16.578+0000] {logging_mixin.py:137} INFO - [2023-01-12T07:32:16.577+0000] {dagbag.py:538} INFO - Filling up the DagBag from /home/airflow/.local/lib/python3.7/site-packages/airflow/example_dags/example_trigger_target_dag.py
[2023-01-12T07:32:16.598+0000] {processor.py:753} INFO - DAG(s) dict_keys(['example_trigger_target_dag']) retrieved from /home/airflow/.local/lib/python3.7/site-packages/airflow/example_dags/example_trigger_target_dag.py
[2023-01-12T07:32:16.626+0000] {logging_mixin.py:137} INFO - [2023-01-12T07:32:16.626+0000] {dag.py:2676} INFO - Sync 1 DAGs
[2023-01-12T07:32:16.643+0000] {logging_mixin.py:137} INFO - [2023-01-12T07:32:16.643+0000] {dag.py:3427} INFO - Setting next_dagrun for example_trigger_target_dag to None, run_after=None
[2023-01-12T07:32:16.657+0000] {processor.py:175} INFO - Processing /home/airflow/.local/lib/python3.7/site-packages/airflow/example_dags/example_trigger_target_dag.py took 0.091 seconds
[2023-01-12T07:32:47.006+0000] {processor.py:153} INFO - Started process (PID=844) to work on /home/airflow/.local/lib/python3.7/site-packages/airflow/example_dags/example_trigger_target_dag.py
[2023-01-12T07:32:47.009+0000] {processor.py:743} INFO - Processing file /home/airflow/.local/lib/python3.7/site-packages/airflow/example_dags/example_trigger_target_dag.py for tasks to queue
[2023-01-12T07:32:47.012+0000] {logging_mixin.py:137} INFO - [2023-01-12T07:32:47.012+0000] {dagbag.py:538} INFO - Filling up the DagBag from /home/airflow/.local/lib/python3.7/site-packages/airflow/example_dags/example_trigger_target_dag.py
[2023-01-12T07:32:47.054+0000] {processor.py:753} INFO - DAG(s) dict_keys(['example_trigger_target_dag']) retrieved from /home/airflow/.local/lib/python3.7/site-packages/airflow/example_dags/example_trigger_target_dag.py
[2023-01-12T07:32:47.090+0000] {logging_mixin.py:137} INFO - [2023-01-12T07:32:47.089+0000] {dag.py:2676} INFO - Sync 1 DAGs
[2023-01-12T07:32:47.110+0000] {logging_mixin.py:137} INFO - [2023-01-12T07:32:47.110+0000] {dag.py:3427} INFO - Setting next_dagrun for example_trigger_target_dag to None, run_after=None
[2023-01-12T07:32:47.126+0000] {processor.py:175} INFO - Processing /home/airflow/.local/lib/python3.7/site-packages/airflow/example_dags/example_trigger_target_dag.py took 0.123 seconds
[2023-01-12T07:33:17.519+0000] {processor.py:153} INFO - Started process (PID=908) to work on /home/airflow/.local/lib/python3.7/site-packages/airflow/example_dags/example_trigger_target_dag.py
[2023-01-12T07:33:17.520+0000] {processor.py:743} INFO - Processing file /home/airflow/.local/lib/python3.7/site-packages/airflow/example_dags/example_trigger_target_dag.py for tasks to queue
[2023-01-12T07:33:17.522+0000] {logging_mixin.py:137} INFO - [2023-01-12T07:33:17.522+0000] {dagbag.py:538} INFO - Filling up the DagBag from /home/airflow/.local/lib/python3.7/site-packages/airflow/example_dags/example_trigger_target_dag.py
[2023-01-12T07:33:17.538+0000] {processor.py:753} INFO - DAG(s) dict_keys(['example_trigger_target_dag']) retrieved from /home/airflow/.local/lib/python3.7/site-packages/airflow/example_dags/example_trigger_target_dag.py
[2023-01-12T07:33:17.566+0000] {logging_mixin.py:137} INFO - [2023-01-12T07:33:17.566+0000] {dag.py:2676} INFO - Sync 1 DAGs
[2023-01-12T07:33:17.584+0000] {logging_mixin.py:137} INFO - [2023-01-12T07:33:17.584+0000] {dag.py:3427} INFO - Setting next_dagrun for example_trigger_target_dag to None, run_after=None
[2023-01-12T07:33:17.597+0000] {processor.py:175} INFO - Processing /home/airflow/.local/lib/python3.7/site-packages/airflow/example_dags/example_trigger_target_dag.py took 0.081 seconds
[2023-01-12T07:33:48.290+0000] {processor.py:153} INFO - Started process (PID=982) to work on /home/airflow/.local/lib/python3.7/site-packages/airflow/example_dags/example_trigger_target_dag.py
[2023-01-12T07:33:48.294+0000] {processor.py:743} INFO - Processing file /home/airflow/.local/lib/python3.7/site-packages/airflow/example_dags/example_trigger_target_dag.py for tasks to queue
[2023-01-12T07:33:48.296+0000] {logging_mixin.py:137} INFO - [2023-01-12T07:33:48.296+0000] {dagbag.py:538} INFO - Filling up the DagBag from /home/airflow/.local/lib/python3.7/site-packages/airflow/example_dags/example_trigger_target_dag.py
[2023-01-12T07:33:48.316+0000] {processor.py:753} INFO - DAG(s) dict_keys(['example_trigger_target_dag']) retrieved from /home/airflow/.local/lib/python3.7/site-packages/airflow/example_dags/example_trigger_target_dag.py
[2023-01-12T07:33:48.346+0000] {logging_mixin.py:137} INFO - [2023-01-12T07:33:48.346+0000] {dag.py:2676} INFO - Sync 1 DAGs
[2023-01-12T07:33:48.364+0000] {logging_mixin.py:137} INFO - [2023-01-12T07:33:48.364+0000] {dag.py:3427} INFO - Setting next_dagrun for example_trigger_target_dag to None, run_after=None
[2023-01-12T07:33:48.377+0000] {processor.py:175} INFO - Processing /home/airflow/.local/lib/python3.7/site-packages/airflow/example_dags/example_trigger_target_dag.py took 0.092 seconds
[2023-01-12T07:34:19.029+0000] {processor.py:153} INFO - Started process (PID=1042) to work on /home/airflow/.local/lib/python3.7/site-packages/airflow/example_dags/example_trigger_target_dag.py
[2023-01-12T07:34:19.030+0000] {processor.py:743} INFO - Processing file /home/airflow/.local/lib/python3.7/site-packages/airflow/example_dags/example_trigger_target_dag.py for tasks to queue
[2023-01-12T07:34:19.032+0000] {logging_mixin.py:137} INFO - [2023-01-12T07:34:19.032+0000] {dagbag.py:538} INFO - Filling up the DagBag from /home/airflow/.local/lib/python3.7/site-packages/airflow/example_dags/example_trigger_target_dag.py
[2023-01-12T07:34:19.048+0000] {processor.py:753} INFO - DAG(s) dict_keys(['example_trigger_target_dag']) retrieved from /home/airflow/.local/lib/python3.7/site-packages/airflow/example_dags/example_trigger_target_dag.py
[2023-01-12T07:34:19.078+0000] {logging_mixin.py:137} INFO - [2023-01-12T07:34:19.078+0000] {dag.py:2676} INFO - Sync 1 DAGs
[2023-01-12T07:34:19.094+0000] {logging_mixin.py:137} INFO - [2023-01-12T07:34:19.094+0000] {dag.py:3427} INFO - Setting next_dagrun for example_trigger_target_dag to None, run_after=None
[2023-01-12T07:34:19.108+0000] {processor.py:175} INFO - Processing /home/airflow/.local/lib/python3.7/site-packages/airflow/example_dags/example_trigger_target_dag.py took 0.082 seconds
[2023-01-12T07:34:49.709+0000] {processor.py:153} INFO - Started process (PID=1115) to work on /home/airflow/.local/lib/python3.7/site-packages/airflow/example_dags/example_trigger_target_dag.py
[2023-01-12T07:34:49.711+0000] {processor.py:743} INFO - Processing file /home/airflow/.local/lib/python3.7/site-packages/airflow/example_dags/example_trigger_target_dag.py for tasks to queue
[2023-01-12T07:34:49.714+0000] {logging_mixin.py:137} INFO - [2023-01-12T07:34:49.714+0000] {dagbag.py:538} INFO - Filling up the DagBag from /home/airflow/.local/lib/python3.7/site-packages/airflow/example_dags/example_trigger_target_dag.py
[2023-01-12T07:34:49.729+0000] {processor.py:753} INFO - DAG(s) dict_keys(['example_trigger_target_dag']) retrieved from /home/airflow/.local/lib/python3.7/site-packages/airflow/example_dags/example_trigger_target_dag.py
[2023-01-12T07:34:49.757+0000] {logging_mixin.py:137} INFO - [2023-01-12T07:34:49.757+0000] {dag.py:2676} INFO - Sync 1 DAGs
[2023-01-12T07:34:49.775+0000] {logging_mixin.py:137} INFO - [2023-01-12T07:34:49.775+0000] {dag.py:3427} INFO - Setting next_dagrun for example_trigger_target_dag to None, run_after=None
[2023-01-12T07:34:49.790+0000] {processor.py:175} INFO - Processing /home/airflow/.local/lib/python3.7/site-packages/airflow/example_dags/example_trigger_target_dag.py took 0.084 seconds
[2023-01-12T07:35:20.714+0000] {processor.py:153} INFO - Started process (PID=1188) to work on /home/airflow/.local/lib/python3.7/site-packages/airflow/example_dags/example_trigger_target_dag.py
[2023-01-12T07:35:20.716+0000] {processor.py:743} INFO - Processing file /home/airflow/.local/lib/python3.7/site-packages/airflow/example_dags/example_trigger_target_dag.py for tasks to queue
[2023-01-12T07:35:20.719+0000] {logging_mixin.py:137} INFO - [2023-01-12T07:35:20.719+0000] {dagbag.py:538} INFO - Filling up the DagBag from /home/airflow/.local/lib/python3.7/site-packages/airflow/example_dags/example_trigger_target_dag.py
[2023-01-12T07:35:20.741+0000] {processor.py:753} INFO - DAG(s) dict_keys(['example_trigger_target_dag']) retrieved from /home/airflow/.local/lib/python3.7/site-packages/airflow/example_dags/example_trigger_target_dag.py
[2023-01-12T07:35:20.774+0000] {logging_mixin.py:137} INFO - [2023-01-12T07:35:20.774+0000] {dag.py:2676} INFO - Sync 1 DAGs
[2023-01-12T07:35:20.795+0000] {logging_mixin.py:137} INFO - [2023-01-12T07:35:20.795+0000] {dag.py:3427} INFO - Setting next_dagrun for example_trigger_target_dag to None, run_after=None
[2023-01-12T07:35:20.812+0000] {processor.py:175} INFO - Processing /home/airflow/.local/lib/python3.7/site-packages/airflow/example_dags/example_trigger_target_dag.py took 0.101 seconds
[2023-01-12T07:35:51.504+0000] {processor.py:153} INFO - Started process (PID=1250) to work on /home/airflow/.local/lib/python3.7/site-packages/airflow/example_dags/example_trigger_target_dag.py
[2023-01-12T07:35:51.506+0000] {processor.py:743} INFO - Processing file /home/airflow/.local/lib/python3.7/site-packages/airflow/example_dags/example_trigger_target_dag.py for tasks to queue
[2023-01-12T07:35:51.507+0000] {logging_mixin.py:137} INFO - [2023-01-12T07:35:51.507+0000] {dagbag.py:538} INFO - Filling up the DagBag from /home/airflow/.local/lib/python3.7/site-packages/airflow/example_dags/example_trigger_target_dag.py
[2023-01-12T07:35:51.526+0000] {processor.py:753} INFO - DAG(s) dict_keys(['example_trigger_target_dag']) retrieved from /home/airflow/.local/lib/python3.7/site-packages/airflow/example_dags/example_trigger_target_dag.py
[2023-01-12T07:35:51.564+0000] {logging_mixin.py:137} INFO - [2023-01-12T07:35:51.563+0000] {dag.py:2676} INFO - Sync 1 DAGs
[2023-01-12T07:35:51.600+0000] {logging_mixin.py:137} INFO - [2023-01-12T07:35:51.600+0000] {dag.py:3427} INFO - Setting next_dagrun for example_trigger_target_dag to None, run_after=None
[2023-01-12T07:35:51.619+0000] {processor.py:175} INFO - Processing /home/airflow/.local/lib/python3.7/site-packages/airflow/example_dags/example_trigger_target_dag.py took 0.120 seconds
[2023-01-12T07:36:22.189+0000] {processor.py:153} INFO - Started process (PID=1325) to work on /home/airflow/.local/lib/python3.7/site-packages/airflow/example_dags/example_trigger_target_dag.py
[2023-01-12T07:36:22.193+0000] {processor.py:743} INFO - Processing file /home/airflow/.local/lib/python3.7/site-packages/airflow/example_dags/example_trigger_target_dag.py for tasks to queue
[2023-01-12T07:36:22.196+0000] {logging_mixin.py:137} INFO - [2023-01-12T07:36:22.195+0000] {dagbag.py:538} INFO - Filling up the DagBag from /home/airflow/.local/lib/python3.7/site-packages/airflow/example_dags/example_trigger_target_dag.py
[2023-01-12T07:36:22.213+0000] {processor.py:753} INFO - DAG(s) dict_keys(['example_trigger_target_dag']) retrieved from /home/airflow/.local/lib/python3.7/site-packages/airflow/example_dags/example_trigger_target_dag.py
[2023-01-12T07:36:22.243+0000] {logging_mixin.py:137} INFO - [2023-01-12T07:36:22.243+0000] {dag.py:2676} INFO - Sync 1 DAGs
[2023-01-12T07:36:22.260+0000] {logging_mixin.py:137} INFO - [2023-01-12T07:36:22.260+0000] {dag.py:3427} INFO - Setting next_dagrun for example_trigger_target_dag to None, run_after=None
[2023-01-12T07:36:22.273+0000] {processor.py:175} INFO - Processing /home/airflow/.local/lib/python3.7/site-packages/airflow/example_dags/example_trigger_target_dag.py took 0.087 seconds
[2023-01-12T07:37:21.509+0000] {processor.py:153} INFO - Started process (PID=78) to work on /home/airflow/.local/lib/python3.7/site-packages/airflow/example_dags/example_trigger_target_dag.py
[2023-01-12T07:37:21.512+0000] {processor.py:743} INFO - Processing file /home/airflow/.local/lib/python3.7/site-packages/airflow/example_dags/example_trigger_target_dag.py for tasks to queue
[2023-01-12T07:37:21.513+0000] {logging_mixin.py:137} INFO - [2023-01-12T07:37:21.513+0000] {dagbag.py:538} INFO - Filling up the DagBag from /home/airflow/.local/lib/python3.7/site-packages/airflow/example_dags/example_trigger_target_dag.py
[2023-01-12T07:37:21.587+0000] {processor.py:753} INFO - DAG(s) dict_keys(['example_trigger_target_dag']) retrieved from /home/airflow/.local/lib/python3.7/site-packages/airflow/example_dags/example_trigger_target_dag.py
[2023-01-12T07:37:21.644+0000] {logging_mixin.py:137} INFO - [2023-01-12T07:37:21.644+0000] {dag.py:2676} INFO - Sync 1 DAGs
[2023-01-12T07:37:21.702+0000] {logging_mixin.py:137} INFO - [2023-01-12T07:37:21.701+0000] {dag.py:3427} INFO - Setting next_dagrun for example_trigger_target_dag to None, run_after=None
[2023-01-12T07:37:21.747+0000] {processor.py:175} INFO - Processing /home/airflow/.local/lib/python3.7/site-packages/airflow/example_dags/example_trigger_target_dag.py took 0.242 seconds
[2023-01-12T07:37:52.716+0000] {processor.py:153} INFO - Started process (PID=144) to work on /home/airflow/.local/lib/python3.7/site-packages/airflow/example_dags/example_trigger_target_dag.py
[2023-01-12T07:37:52.718+0000] {processor.py:743} INFO - Processing file /home/airflow/.local/lib/python3.7/site-packages/airflow/example_dags/example_trigger_target_dag.py for tasks to queue
[2023-01-12T07:37:52.720+0000] {logging_mixin.py:137} INFO - [2023-01-12T07:37:52.720+0000] {dagbag.py:538} INFO - Filling up the DagBag from /home/airflow/.local/lib/python3.7/site-packages/airflow/example_dags/example_trigger_target_dag.py
[2023-01-12T07:37:52.742+0000] {processor.py:753} INFO - DAG(s) dict_keys(['example_trigger_target_dag']) retrieved from /home/airflow/.local/lib/python3.7/site-packages/airflow/example_dags/example_trigger_target_dag.py
[2023-01-12T07:37:52.773+0000] {logging_mixin.py:137} INFO - [2023-01-12T07:37:52.773+0000] {dag.py:2676} INFO - Sync 1 DAGs
[2023-01-12T07:37:52.791+0000] {logging_mixin.py:137} INFO - [2023-01-12T07:37:52.791+0000] {dag.py:3427} INFO - Setting next_dagrun for example_trigger_target_dag to None, run_after=None
[2023-01-12T07:37:52.803+0000] {processor.py:175} INFO - Processing /home/airflow/.local/lib/python3.7/site-packages/airflow/example_dags/example_trigger_target_dag.py took 0.091 seconds
[2023-01-12T07:38:23.484+0000] {processor.py:153} INFO - Started process (PID=218) to work on /home/airflow/.local/lib/python3.7/site-packages/airflow/example_dags/example_trigger_target_dag.py
[2023-01-12T07:38:23.486+0000] {processor.py:743} INFO - Processing file /home/airflow/.local/lib/python3.7/site-packages/airflow/example_dags/example_trigger_target_dag.py for tasks to queue
[2023-01-12T07:38:23.489+0000] {logging_mixin.py:137} INFO - [2023-01-12T07:38:23.489+0000] {dagbag.py:538} INFO - Filling up the DagBag from /home/airflow/.local/lib/python3.7/site-packages/airflow/example_dags/example_trigger_target_dag.py
[2023-01-12T07:38:23.508+0000] {processor.py:753} INFO - DAG(s) dict_keys(['example_trigger_target_dag']) retrieved from /home/airflow/.local/lib/python3.7/site-packages/airflow/example_dags/example_trigger_target_dag.py
[2023-01-12T07:38:23.538+0000] {logging_mixin.py:137} INFO - [2023-01-12T07:38:23.538+0000] {dag.py:2676} INFO - Sync 1 DAGs
[2023-01-12T07:38:23.555+0000] {logging_mixin.py:137} INFO - [2023-01-12T07:38:23.555+0000] {dag.py:3427} INFO - Setting next_dagrun for example_trigger_target_dag to None, run_after=None
[2023-01-12T07:38:23.567+0000] {processor.py:175} INFO - Processing /home/airflow/.local/lib/python3.7/site-packages/airflow/example_dags/example_trigger_target_dag.py took 0.088 seconds
[2023-01-12T07:38:53.989+0000] {processor.py:153} INFO - Started process (PID=281) to work on /home/airflow/.local/lib/python3.7/site-packages/airflow/example_dags/example_trigger_target_dag.py
[2023-01-12T07:38:53.992+0000] {processor.py:743} INFO - Processing file /home/airflow/.local/lib/python3.7/site-packages/airflow/example_dags/example_trigger_target_dag.py for tasks to queue
[2023-01-12T07:38:53.994+0000] {logging_mixin.py:137} INFO - [2023-01-12T07:38:53.994+0000] {dagbag.py:538} INFO - Filling up the DagBag from /home/airflow/.local/lib/python3.7/site-packages/airflow/example_dags/example_trigger_target_dag.py
[2023-01-12T07:38:54.012+0000] {processor.py:753} INFO - DAG(s) dict_keys(['example_trigger_target_dag']) retrieved from /home/airflow/.local/lib/python3.7/site-packages/airflow/example_dags/example_trigger_target_dag.py
[2023-01-12T07:38:54.041+0000] {logging_mixin.py:137} INFO - [2023-01-12T07:38:54.041+0000] {dag.py:2676} INFO - Sync 1 DAGs
[2023-01-12T07:38:54.059+0000] {logging_mixin.py:137} INFO - [2023-01-12T07:38:54.059+0000] {dag.py:3427} INFO - Setting next_dagrun for example_trigger_target_dag to None, run_after=None
[2023-01-12T07:38:54.072+0000] {processor.py:175} INFO - Processing /home/airflow/.local/lib/python3.7/site-packages/airflow/example_dags/example_trigger_target_dag.py took 0.086 seconds
[2023-01-12T07:39:24.642+0000] {processor.py:153} INFO - Started process (PID=355) to work on /home/airflow/.local/lib/python3.7/site-packages/airflow/example_dags/example_trigger_target_dag.py
[2023-01-12T07:39:24.647+0000] {processor.py:743} INFO - Processing file /home/airflow/.local/lib/python3.7/site-packages/airflow/example_dags/example_trigger_target_dag.py for tasks to queue
[2023-01-12T07:39:24.650+0000] {logging_mixin.py:137} INFO - [2023-01-12T07:39:24.649+0000] {dagbag.py:538} INFO - Filling up the DagBag from /home/airflow/.local/lib/python3.7/site-packages/airflow/example_dags/example_trigger_target_dag.py
[2023-01-12T07:39:24.672+0000] {processor.py:753} INFO - DAG(s) dict_keys(['example_trigger_target_dag']) retrieved from /home/airflow/.local/lib/python3.7/site-packages/airflow/example_dags/example_trigger_target_dag.py
[2023-01-12T07:39:24.701+0000] {logging_mixin.py:137} INFO - [2023-01-12T07:39:24.701+0000] {dag.py:2676} INFO - Sync 1 DAGs
[2023-01-12T07:39:24.719+0000] {logging_mixin.py:137} INFO - [2023-01-12T07:39:24.719+0000] {dag.py:3427} INFO - Setting next_dagrun for example_trigger_target_dag to None, run_after=None
[2023-01-12T07:39:24.732+0000] {processor.py:175} INFO - Processing /home/airflow/.local/lib/python3.7/site-packages/airflow/example_dags/example_trigger_target_dag.py took 0.097 seconds
[2023-01-12T07:40:38.527+0000] {processor.py:153} INFO - Started process (PID=75) to work on /home/airflow/.local/lib/python3.7/site-packages/airflow/example_dags/example_trigger_target_dag.py
[2023-01-12T07:40:38.529+0000] {processor.py:743} INFO - Processing file /home/airflow/.local/lib/python3.7/site-packages/airflow/example_dags/example_trigger_target_dag.py for tasks to queue
[2023-01-12T07:40:38.530+0000] {logging_mixin.py:137} INFO - [2023-01-12T07:40:38.530+0000] {dagbag.py:538} INFO - Filling up the DagBag from /home/airflow/.local/lib/python3.7/site-packages/airflow/example_dags/example_trigger_target_dag.py
[2023-01-12T07:40:38.552+0000] {processor.py:753} INFO - DAG(s) dict_keys(['example_trigger_target_dag']) retrieved from /home/airflow/.local/lib/python3.7/site-packages/airflow/example_dags/example_trigger_target_dag.py
[2023-01-12T07:40:38.578+0000] {logging_mixin.py:137} INFO - [2023-01-12T07:40:38.578+0000] {dag.py:2676} INFO - Sync 1 DAGs
[2023-01-12T07:40:38.601+0000] {logging_mixin.py:137} INFO - [2023-01-12T07:40:38.601+0000] {dag.py:3427} INFO - Setting next_dagrun for example_trigger_target_dag to None, run_after=None
[2023-01-12T07:40:38.628+0000] {processor.py:175} INFO - Processing /home/airflow/.local/lib/python3.7/site-packages/airflow/example_dags/example_trigger_target_dag.py took 0.110 seconds
[2023-01-12T07:41:08.804+0000] {processor.py:153} INFO - Started process (PID=146) to work on /home/airflow/.local/lib/python3.7/site-packages/airflow/example_dags/example_trigger_target_dag.py
[2023-01-12T07:41:08.805+0000] {processor.py:743} INFO - Processing file /home/airflow/.local/lib/python3.7/site-packages/airflow/example_dags/example_trigger_target_dag.py for tasks to queue
[2023-01-12T07:41:08.807+0000] {logging_mixin.py:137} INFO - [2023-01-12T07:41:08.806+0000] {dagbag.py:538} INFO - Filling up the DagBag from /home/airflow/.local/lib/python3.7/site-packages/airflow/example_dags/example_trigger_target_dag.py
[2023-01-12T07:41:08.823+0000] {processor.py:753} INFO - DAG(s) dict_keys(['example_trigger_target_dag']) retrieved from /home/airflow/.local/lib/python3.7/site-packages/airflow/example_dags/example_trigger_target_dag.py
[2023-01-12T07:41:08.853+0000] {logging_mixin.py:137} INFO - [2023-01-12T07:41:08.853+0000] {dag.py:2676} INFO - Sync 1 DAGs
[2023-01-12T07:41:08.872+0000] {logging_mixin.py:137} INFO - [2023-01-12T07:41:08.872+0000] {dag.py:3427} INFO - Setting next_dagrun for example_trigger_target_dag to None, run_after=None
[2023-01-12T07:41:08.887+0000] {processor.py:175} INFO - Processing /home/airflow/.local/lib/python3.7/site-packages/airflow/example_dags/example_trigger_target_dag.py took 0.086 seconds
[2023-01-12T07:41:39.132+0000] {processor.py:153} INFO - Started process (PID=219) to work on /home/airflow/.local/lib/python3.7/site-packages/airflow/example_dags/example_trigger_target_dag.py
[2023-01-12T07:41:39.135+0000] {processor.py:743} INFO - Processing file /home/airflow/.local/lib/python3.7/site-packages/airflow/example_dags/example_trigger_target_dag.py for tasks to queue
[2023-01-12T07:41:39.136+0000] {logging_mixin.py:137} INFO - [2023-01-12T07:41:39.136+0000] {dagbag.py:538} INFO - Filling up the DagBag from /home/airflow/.local/lib/python3.7/site-packages/airflow/example_dags/example_trigger_target_dag.py
[2023-01-12T07:41:39.166+0000] {processor.py:753} INFO - DAG(s) dict_keys(['example_trigger_target_dag']) retrieved from /home/airflow/.local/lib/python3.7/site-packages/airflow/example_dags/example_trigger_target_dag.py
[2023-01-12T07:41:39.213+0000] {logging_mixin.py:137} INFO - [2023-01-12T07:41:39.212+0000] {dag.py:2676} INFO - Sync 1 DAGs
[2023-01-12T07:41:39.251+0000] {logging_mixin.py:137} INFO - [2023-01-12T07:41:39.251+0000] {dag.py:3427} INFO - Setting next_dagrun for example_trigger_target_dag to None, run_after=None
[2023-01-12T07:41:39.269+0000] {processor.py:175} INFO - Processing /home/airflow/.local/lib/python3.7/site-packages/airflow/example_dags/example_trigger_target_dag.py took 0.140 seconds
[2023-01-12T07:42:10.032+0000] {processor.py:153} INFO - Started process (PID=281) to work on /home/airflow/.local/lib/python3.7/site-packages/airflow/example_dags/example_trigger_target_dag.py
[2023-01-12T07:42:10.034+0000] {processor.py:743} INFO - Processing file /home/airflow/.local/lib/python3.7/site-packages/airflow/example_dags/example_trigger_target_dag.py for tasks to queue
[2023-01-12T07:42:10.035+0000] {logging_mixin.py:137} INFO - [2023-01-12T07:42:10.035+0000] {dagbag.py:538} INFO - Filling up the DagBag from /home/airflow/.local/lib/python3.7/site-packages/airflow/example_dags/example_trigger_target_dag.py
[2023-01-12T07:42:10.055+0000] {processor.py:753} INFO - DAG(s) dict_keys(['example_trigger_target_dag']) retrieved from /home/airflow/.local/lib/python3.7/site-packages/airflow/example_dags/example_trigger_target_dag.py
[2023-01-12T07:42:10.087+0000] {logging_mixin.py:137} INFO - [2023-01-12T07:42:10.087+0000] {dag.py:2676} INFO - Sync 1 DAGs
[2023-01-12T07:42:10.106+0000] {logging_mixin.py:137} INFO - [2023-01-12T07:42:10.106+0000] {dag.py:3427} INFO - Setting next_dagrun for example_trigger_target_dag to None, run_after=None
[2023-01-12T07:42:10.124+0000] {processor.py:175} INFO - Processing /home/airflow/.local/lib/python3.7/site-packages/airflow/example_dags/example_trigger_target_dag.py took 0.095 seconds
[2023-01-12T07:42:40.658+0000] {processor.py:153} INFO - Started process (PID=357) to work on /home/airflow/.local/lib/python3.7/site-packages/airflow/example_dags/example_trigger_target_dag.py
[2023-01-12T07:42:40.660+0000] {processor.py:743} INFO - Processing file /home/airflow/.local/lib/python3.7/site-packages/airflow/example_dags/example_trigger_target_dag.py for tasks to queue
[2023-01-12T07:42:40.662+0000] {logging_mixin.py:137} INFO - [2023-01-12T07:42:40.662+0000] {dagbag.py:538} INFO - Filling up the DagBag from /home/airflow/.local/lib/python3.7/site-packages/airflow/example_dags/example_trigger_target_dag.py
[2023-01-12T07:42:40.682+0000] {processor.py:753} INFO - DAG(s) dict_keys(['example_trigger_target_dag']) retrieved from /home/airflow/.local/lib/python3.7/site-packages/airflow/example_dags/example_trigger_target_dag.py
[2023-01-12T07:42:40.712+0000] {logging_mixin.py:137} INFO - [2023-01-12T07:42:40.712+0000] {dag.py:2676} INFO - Sync 1 DAGs
[2023-01-12T07:42:40.734+0000] {logging_mixin.py:137} INFO - [2023-01-12T07:42:40.734+0000] {dag.py:3427} INFO - Setting next_dagrun for example_trigger_target_dag to None, run_after=None
[2023-01-12T07:42:40.751+0000] {processor.py:175} INFO - Processing /home/airflow/.local/lib/python3.7/site-packages/airflow/example_dags/example_trigger_target_dag.py took 0.095 seconds
[2023-01-12T07:43:11.395+0000] {processor.py:153} INFO - Started process (PID=427) to work on /home/airflow/.local/lib/python3.7/site-packages/airflow/example_dags/example_trigger_target_dag.py
[2023-01-12T07:43:11.398+0000] {processor.py:743} INFO - Processing file /home/airflow/.local/lib/python3.7/site-packages/airflow/example_dags/example_trigger_target_dag.py for tasks to queue
[2023-01-12T07:43:11.399+0000] {logging_mixin.py:137} INFO - [2023-01-12T07:43:11.399+0000] {dagbag.py:538} INFO - Filling up the DagBag from /home/airflow/.local/lib/python3.7/site-packages/airflow/example_dags/example_trigger_target_dag.py
[2023-01-12T07:43:11.425+0000] {processor.py:753} INFO - DAG(s) dict_keys(['example_trigger_target_dag']) retrieved from /home/airflow/.local/lib/python3.7/site-packages/airflow/example_dags/example_trigger_target_dag.py
[2023-01-12T07:43:11.459+0000] {logging_mixin.py:137} INFO - [2023-01-12T07:43:11.459+0000] {dag.py:2676} INFO - Sync 1 DAGs
[2023-01-12T07:43:11.479+0000] {logging_mixin.py:137} INFO - [2023-01-12T07:43:11.479+0000] {dag.py:3427} INFO - Setting next_dagrun for example_trigger_target_dag to None, run_after=None
[2023-01-12T07:43:11.494+0000] {processor.py:175} INFO - Processing /home/airflow/.local/lib/python3.7/site-packages/airflow/example_dags/example_trigger_target_dag.py took 0.103 seconds
[2023-01-12T07:43:42.174+0000] {processor.py:153} INFO - Started process (PID=491) to work on /home/airflow/.local/lib/python3.7/site-packages/airflow/example_dags/example_trigger_target_dag.py
[2023-01-12T07:43:42.176+0000] {processor.py:743} INFO - Processing file /home/airflow/.local/lib/python3.7/site-packages/airflow/example_dags/example_trigger_target_dag.py for tasks to queue
[2023-01-12T07:43:42.178+0000] {logging_mixin.py:137} INFO - [2023-01-12T07:43:42.178+0000] {dagbag.py:538} INFO - Filling up the DagBag from /home/airflow/.local/lib/python3.7/site-packages/airflow/example_dags/example_trigger_target_dag.py
[2023-01-12T07:43:42.202+0000] {processor.py:753} INFO - DAG(s) dict_keys(['example_trigger_target_dag']) retrieved from /home/airflow/.local/lib/python3.7/site-packages/airflow/example_dags/example_trigger_target_dag.py
[2023-01-12T07:43:42.233+0000] {logging_mixin.py:137} INFO - [2023-01-12T07:43:42.233+0000] {dag.py:2676} INFO - Sync 1 DAGs
[2023-01-12T07:43:42.255+0000] {logging_mixin.py:137} INFO - [2023-01-12T07:43:42.255+0000] {dag.py:3427} INFO - Setting next_dagrun for example_trigger_target_dag to None, run_after=None
[2023-01-12T07:43:42.271+0000] {processor.py:175} INFO - Processing /home/airflow/.local/lib/python3.7/site-packages/airflow/example_dags/example_trigger_target_dag.py took 0.100 seconds
[2023-01-12T07:44:12.354+0000] {processor.py:153} INFO - Started process (PID=565) to work on /home/airflow/.local/lib/python3.7/site-packages/airflow/example_dags/example_trigger_target_dag.py
[2023-01-12T07:44:12.356+0000] {processor.py:743} INFO - Processing file /home/airflow/.local/lib/python3.7/site-packages/airflow/example_dags/example_trigger_target_dag.py for tasks to queue
[2023-01-12T07:44:12.357+0000] {logging_mixin.py:137} INFO - [2023-01-12T07:44:12.357+0000] {dagbag.py:538} INFO - Filling up the DagBag from /home/airflow/.local/lib/python3.7/site-packages/airflow/example_dags/example_trigger_target_dag.py
[2023-01-12T07:44:12.375+0000] {processor.py:753} INFO - DAG(s) dict_keys(['example_trigger_target_dag']) retrieved from /home/airflow/.local/lib/python3.7/site-packages/airflow/example_dags/example_trigger_target_dag.py
[2023-01-12T07:44:12.410+0000] {logging_mixin.py:137} INFO - [2023-01-12T07:44:12.410+0000] {dag.py:2676} INFO - Sync 1 DAGs
[2023-01-12T07:44:12.431+0000] {logging_mixin.py:137} INFO - [2023-01-12T07:44:12.431+0000] {dag.py:3427} INFO - Setting next_dagrun for example_trigger_target_dag to None, run_after=None
[2023-01-12T07:44:12.446+0000] {processor.py:175} INFO - Processing /home/airflow/.local/lib/python3.7/site-packages/airflow/example_dags/example_trigger_target_dag.py took 0.094 seconds
[2023-01-12T07:44:42.890+0000] {processor.py:153} INFO - Started process (PID=627) to work on /home/airflow/.local/lib/python3.7/site-packages/airflow/example_dags/example_trigger_target_dag.py
[2023-01-12T07:44:42.892+0000] {processor.py:743} INFO - Processing file /home/airflow/.local/lib/python3.7/site-packages/airflow/example_dags/example_trigger_target_dag.py for tasks to queue
[2023-01-12T07:44:42.893+0000] {logging_mixin.py:137} INFO - [2023-01-12T07:44:42.893+0000] {dagbag.py:538} INFO - Filling up the DagBag from /home/airflow/.local/lib/python3.7/site-packages/airflow/example_dags/example_trigger_target_dag.py
[2023-01-12T07:44:42.911+0000] {processor.py:753} INFO - DAG(s) dict_keys(['example_trigger_target_dag']) retrieved from /home/airflow/.local/lib/python3.7/site-packages/airflow/example_dags/example_trigger_target_dag.py
[2023-01-12T07:44:42.938+0000] {logging_mixin.py:137} INFO - [2023-01-12T07:44:42.938+0000] {dag.py:2676} INFO - Sync 1 DAGs
[2023-01-12T07:44:42.958+0000] {logging_mixin.py:137} INFO - [2023-01-12T07:44:42.957+0000] {dag.py:3427} INFO - Setting next_dagrun for example_trigger_target_dag to None, run_after=None
[2023-01-12T07:44:42.972+0000] {processor.py:175} INFO - Processing /home/airflow/.local/lib/python3.7/site-packages/airflow/example_dags/example_trigger_target_dag.py took 0.085 seconds
[2023-01-12T07:45:13.544+0000] {processor.py:153} INFO - Started process (PID=702) to work on /home/airflow/.local/lib/python3.7/site-packages/airflow/example_dags/example_trigger_target_dag.py
[2023-01-12T07:45:13.546+0000] {processor.py:743} INFO - Processing file /home/airflow/.local/lib/python3.7/site-packages/airflow/example_dags/example_trigger_target_dag.py for tasks to queue
[2023-01-12T07:45:13.547+0000] {logging_mixin.py:137} INFO - [2023-01-12T07:45:13.547+0000] {dagbag.py:538} INFO - Filling up the DagBag from /home/airflow/.local/lib/python3.7/site-packages/airflow/example_dags/example_trigger_target_dag.py
[2023-01-12T07:45:13.563+0000] {processor.py:753} INFO - DAG(s) dict_keys(['example_trigger_target_dag']) retrieved from /home/airflow/.local/lib/python3.7/site-packages/airflow/example_dags/example_trigger_target_dag.py
[2023-01-12T07:45:13.593+0000] {logging_mixin.py:137} INFO - [2023-01-12T07:45:13.592+0000] {dag.py:2676} INFO - Sync 1 DAGs
[2023-01-12T07:45:13.611+0000] {logging_mixin.py:137} INFO - [2023-01-12T07:45:13.611+0000] {dag.py:3427} INFO - Setting next_dagrun for example_trigger_target_dag to None, run_after=None
[2023-01-12T07:45:13.626+0000] {processor.py:175} INFO - Processing /home/airflow/.local/lib/python3.7/site-packages/airflow/example_dags/example_trigger_target_dag.py took 0.086 seconds
[2023-01-12T07:45:44.696+0000] {processor.py:153} INFO - Started process (PID=776) to work on /home/airflow/.local/lib/python3.7/site-packages/airflow/example_dags/example_trigger_target_dag.py
[2023-01-12T07:45:44.699+0000] {processor.py:743} INFO - Processing file /home/airflow/.local/lib/python3.7/site-packages/airflow/example_dags/example_trigger_target_dag.py for tasks to queue
[2023-01-12T07:45:44.700+0000] {logging_mixin.py:137} INFO - [2023-01-12T07:45:44.700+0000] {dagbag.py:538} INFO - Filling up the DagBag from /home/airflow/.local/lib/python3.7/site-packages/airflow/example_dags/example_trigger_target_dag.py
[2023-01-12T07:45:44.720+0000] {processor.py:753} INFO - DAG(s) dict_keys(['example_trigger_target_dag']) retrieved from /home/airflow/.local/lib/python3.7/site-packages/airflow/example_dags/example_trigger_target_dag.py
[2023-01-12T07:45:44.765+0000] {logging_mixin.py:137} INFO - [2023-01-12T07:45:44.764+0000] {dag.py:2676} INFO - Sync 1 DAGs
[2023-01-12T07:45:44.784+0000] {logging_mixin.py:137} INFO - [2023-01-12T07:45:44.784+0000] {dag.py:3427} INFO - Setting next_dagrun for example_trigger_target_dag to None, run_after=None
[2023-01-12T07:45:44.799+0000] {processor.py:175} INFO - Processing /home/airflow/.local/lib/python3.7/site-packages/airflow/example_dags/example_trigger_target_dag.py took 0.105 seconds
[2023-01-12T07:46:15.344+0000] {processor.py:153} INFO - Started process (PID=838) to work on /home/airflow/.local/lib/python3.7/site-packages/airflow/example_dags/example_trigger_target_dag.py
[2023-01-12T07:46:15.346+0000] {processor.py:743} INFO - Processing file /home/airflow/.local/lib/python3.7/site-packages/airflow/example_dags/example_trigger_target_dag.py for tasks to queue
[2023-01-12T07:46:15.347+0000] {logging_mixin.py:137} INFO - [2023-01-12T07:46:15.347+0000] {dagbag.py:538} INFO - Filling up the DagBag from /home/airflow/.local/lib/python3.7/site-packages/airflow/example_dags/example_trigger_target_dag.py
[2023-01-12T07:46:15.366+0000] {processor.py:753} INFO - DAG(s) dict_keys(['example_trigger_target_dag']) retrieved from /home/airflow/.local/lib/python3.7/site-packages/airflow/example_dags/example_trigger_target_dag.py
[2023-01-12T07:46:15.397+0000] {logging_mixin.py:137} INFO - [2023-01-12T07:46:15.397+0000] {dag.py:2676} INFO - Sync 1 DAGs
[2023-01-12T07:46:15.418+0000] {logging_mixin.py:137} INFO - [2023-01-12T07:46:15.418+0000] {dag.py:3427} INFO - Setting next_dagrun for example_trigger_target_dag to None, run_after=None
[2023-01-12T07:46:15.434+0000] {processor.py:175} INFO - Processing /home/airflow/.local/lib/python3.7/site-packages/airflow/example_dags/example_trigger_target_dag.py took 0.093 seconds
[2023-01-12T07:46:46.094+0000] {processor.py:153} INFO - Started process (PID=913) to work on /home/airflow/.local/lib/python3.7/site-packages/airflow/example_dags/example_trigger_target_dag.py
[2023-01-12T07:46:46.096+0000] {processor.py:743} INFO - Processing file /home/airflow/.local/lib/python3.7/site-packages/airflow/example_dags/example_trigger_target_dag.py for tasks to queue
[2023-01-12T07:46:46.097+0000] {logging_mixin.py:137} INFO - [2023-01-12T07:46:46.097+0000] {dagbag.py:538} INFO - Filling up the DagBag from /home/airflow/.local/lib/python3.7/site-packages/airflow/example_dags/example_trigger_target_dag.py
[2023-01-12T07:46:46.116+0000] {processor.py:753} INFO - DAG(s) dict_keys(['example_trigger_target_dag']) retrieved from /home/airflow/.local/lib/python3.7/site-packages/airflow/example_dags/example_trigger_target_dag.py
[2023-01-12T07:46:46.149+0000] {logging_mixin.py:137} INFO - [2023-01-12T07:46:46.149+0000] {dag.py:2676} INFO - Sync 1 DAGs
[2023-01-12T07:46:46.170+0000] {logging_mixin.py:137} INFO - [2023-01-12T07:46:46.170+0000] {dag.py:3427} INFO - Setting next_dagrun for example_trigger_target_dag to None, run_after=None
[2023-01-12T07:46:46.187+0000] {processor.py:175} INFO - Processing /home/airflow/.local/lib/python3.7/site-packages/airflow/example_dags/example_trigger_target_dag.py took 0.097 seconds
[2023-01-12T07:47:17.370+0000] {processor.py:153} INFO - Started process (PID=987) to work on /home/airflow/.local/lib/python3.7/site-packages/airflow/example_dags/example_trigger_target_dag.py
[2023-01-12T07:47:17.372+0000] {processor.py:743} INFO - Processing file /home/airflow/.local/lib/python3.7/site-packages/airflow/example_dags/example_trigger_target_dag.py for tasks to queue
[2023-01-12T07:47:17.373+0000] {logging_mixin.py:137} INFO - [2023-01-12T07:47:17.373+0000] {dagbag.py:538} INFO - Filling up the DagBag from /home/airflow/.local/lib/python3.7/site-packages/airflow/example_dags/example_trigger_target_dag.py
[2023-01-12T07:47:17.433+0000] {processor.py:753} INFO - DAG(s) dict_keys(['example_trigger_target_dag']) retrieved from /home/airflow/.local/lib/python3.7/site-packages/airflow/example_dags/example_trigger_target_dag.py
[2023-01-12T07:47:17.502+0000] {logging_mixin.py:137} INFO - [2023-01-12T07:47:17.502+0000] {dag.py:2676} INFO - Sync 1 DAGs
[2023-01-12T07:47:17.542+0000] {logging_mixin.py:137} INFO - [2023-01-12T07:47:17.541+0000] {dag.py:3427} INFO - Setting next_dagrun for example_trigger_target_dag to None, run_after=None
[2023-01-12T07:47:17.561+0000] {processor.py:175} INFO - Processing /home/airflow/.local/lib/python3.7/site-packages/airflow/example_dags/example_trigger_target_dag.py took 0.197 seconds
[2023-01-12T07:47:48.110+0000] {processor.py:153} INFO - Started process (PID=1051) to work on /home/airflow/.local/lib/python3.7/site-packages/airflow/example_dags/example_trigger_target_dag.py
[2023-01-12T07:47:48.113+0000] {processor.py:743} INFO - Processing file /home/airflow/.local/lib/python3.7/site-packages/airflow/example_dags/example_trigger_target_dag.py for tasks to queue
[2023-01-12T07:47:48.115+0000] {logging_mixin.py:137} INFO - [2023-01-12T07:47:48.114+0000] {dagbag.py:538} INFO - Filling up the DagBag from /home/airflow/.local/lib/python3.7/site-packages/airflow/example_dags/example_trigger_target_dag.py
[2023-01-12T07:47:48.133+0000] {processor.py:753} INFO - DAG(s) dict_keys(['example_trigger_target_dag']) retrieved from /home/airflow/.local/lib/python3.7/site-packages/airflow/example_dags/example_trigger_target_dag.py
[2023-01-12T07:47:48.171+0000] {logging_mixin.py:137} INFO - [2023-01-12T07:47:48.170+0000] {dag.py:2676} INFO - Sync 1 DAGs
[2023-01-12T07:47:48.194+0000] {logging_mixin.py:137} INFO - [2023-01-12T07:47:48.194+0000] {dag.py:3427} INFO - Setting next_dagrun for example_trigger_target_dag to None, run_after=None
[2023-01-12T07:47:48.210+0000] {processor.py:175} INFO - Processing /home/airflow/.local/lib/python3.7/site-packages/airflow/example_dags/example_trigger_target_dag.py took 0.104 seconds
[2023-01-12T07:48:18.918+0000] {processor.py:153} INFO - Started process (PID=1124) to work on /home/airflow/.local/lib/python3.7/site-packages/airflow/example_dags/example_trigger_target_dag.py
[2023-01-12T07:48:18.919+0000] {processor.py:743} INFO - Processing file /home/airflow/.local/lib/python3.7/site-packages/airflow/example_dags/example_trigger_target_dag.py for tasks to queue
[2023-01-12T07:48:18.920+0000] {logging_mixin.py:137} INFO - [2023-01-12T07:48:18.920+0000] {dagbag.py:538} INFO - Filling up the DagBag from /home/airflow/.local/lib/python3.7/site-packages/airflow/example_dags/example_trigger_target_dag.py
[2023-01-12T07:48:18.936+0000] {processor.py:753} INFO - DAG(s) dict_keys(['example_trigger_target_dag']) retrieved from /home/airflow/.local/lib/python3.7/site-packages/airflow/example_dags/example_trigger_target_dag.py
[2023-01-12T07:48:18.966+0000] {logging_mixin.py:137} INFO - [2023-01-12T07:48:18.965+0000] {dag.py:2676} INFO - Sync 1 DAGs
[2023-01-12T07:48:18.986+0000] {logging_mixin.py:137} INFO - [2023-01-12T07:48:18.986+0000] {dag.py:3427} INFO - Setting next_dagrun for example_trigger_target_dag to None, run_after=None
[2023-01-12T07:48:19.002+0000] {processor.py:175} INFO - Processing /home/airflow/.local/lib/python3.7/site-packages/airflow/example_dags/example_trigger_target_dag.py took 0.087 seconds
[2023-01-12T07:48:49.545+0000] {processor.py:153} INFO - Started process (PID=1185) to work on /home/airflow/.local/lib/python3.7/site-packages/airflow/example_dags/example_trigger_target_dag.py
[2023-01-12T07:48:49.547+0000] {processor.py:743} INFO - Processing file /home/airflow/.local/lib/python3.7/site-packages/airflow/example_dags/example_trigger_target_dag.py for tasks to queue
[2023-01-12T07:48:49.549+0000] {logging_mixin.py:137} INFO - [2023-01-12T07:48:49.549+0000] {dagbag.py:538} INFO - Filling up the DagBag from /home/airflow/.local/lib/python3.7/site-packages/airflow/example_dags/example_trigger_target_dag.py
[2023-01-12T07:48:49.570+0000] {processor.py:753} INFO - DAG(s) dict_keys(['example_trigger_target_dag']) retrieved from /home/airflow/.local/lib/python3.7/site-packages/airflow/example_dags/example_trigger_target_dag.py
[2023-01-12T07:48:49.604+0000] {logging_mixin.py:137} INFO - [2023-01-12T07:48:49.604+0000] {dag.py:2676} INFO - Sync 1 DAGs
[2023-01-12T07:48:49.626+0000] {logging_mixin.py:137} INFO - [2023-01-12T07:48:49.626+0000] {dag.py:3427} INFO - Setting next_dagrun for example_trigger_target_dag to None, run_after=None
[2023-01-12T07:48:49.640+0000] {processor.py:175} INFO - Processing /home/airflow/.local/lib/python3.7/site-packages/airflow/example_dags/example_trigger_target_dag.py took 0.098 seconds
[2023-01-12T07:49:20.177+0000] {processor.py:153} INFO - Started process (PID=1261) to work on /home/airflow/.local/lib/python3.7/site-packages/airflow/example_dags/example_trigger_target_dag.py
[2023-01-12T07:49:20.179+0000] {processor.py:743} INFO - Processing file /home/airflow/.local/lib/python3.7/site-packages/airflow/example_dags/example_trigger_target_dag.py for tasks to queue
[2023-01-12T07:49:20.180+0000] {logging_mixin.py:137} INFO - [2023-01-12T07:49:20.180+0000] {dagbag.py:538} INFO - Filling up the DagBag from /home/airflow/.local/lib/python3.7/site-packages/airflow/example_dags/example_trigger_target_dag.py
[2023-01-12T07:49:20.198+0000] {processor.py:753} INFO - DAG(s) dict_keys(['example_trigger_target_dag']) retrieved from /home/airflow/.local/lib/python3.7/site-packages/airflow/example_dags/example_trigger_target_dag.py
[2023-01-12T07:49:20.229+0000] {logging_mixin.py:137} INFO - [2023-01-12T07:49:20.229+0000] {dag.py:2676} INFO - Sync 1 DAGs
[2023-01-12T07:49:20.253+0000] {logging_mixin.py:137} INFO - [2023-01-12T07:49:20.253+0000] {dag.py:3427} INFO - Setting next_dagrun for example_trigger_target_dag to None, run_after=None
[2023-01-12T07:49:20.269+0000] {processor.py:175} INFO - Processing /home/airflow/.local/lib/python3.7/site-packages/airflow/example_dags/example_trigger_target_dag.py took 0.095 seconds
[2023-01-12T07:49:51.139+0000] {processor.py:153} INFO - Started process (PID=1335) to work on /home/airflow/.local/lib/python3.7/site-packages/airflow/example_dags/example_trigger_target_dag.py
[2023-01-12T07:49:51.141+0000] {processor.py:743} INFO - Processing file /home/airflow/.local/lib/python3.7/site-packages/airflow/example_dags/example_trigger_target_dag.py for tasks to queue
[2023-01-12T07:49:51.142+0000] {logging_mixin.py:137} INFO - [2023-01-12T07:49:51.142+0000] {dagbag.py:538} INFO - Filling up the DagBag from /home/airflow/.local/lib/python3.7/site-packages/airflow/example_dags/example_trigger_target_dag.py
[2023-01-12T07:49:51.159+0000] {processor.py:753} INFO - DAG(s) dict_keys(['example_trigger_target_dag']) retrieved from /home/airflow/.local/lib/python3.7/site-packages/airflow/example_dags/example_trigger_target_dag.py
[2023-01-12T07:49:51.190+0000] {logging_mixin.py:137} INFO - [2023-01-12T07:49:51.190+0000] {dag.py:2676} INFO - Sync 1 DAGs
[2023-01-12T07:49:51.209+0000] {logging_mixin.py:137} INFO - [2023-01-12T07:49:51.209+0000] {dag.py:3427} INFO - Setting next_dagrun for example_trigger_target_dag to None, run_after=None
[2023-01-12T07:49:51.227+0000] {processor.py:175} INFO - Processing /home/airflow/.local/lib/python3.7/site-packages/airflow/example_dags/example_trigger_target_dag.py took 0.089 seconds
[2023-01-12T07:50:21.742+0000] {processor.py:153} INFO - Started process (PID=1398) to work on /home/airflow/.local/lib/python3.7/site-packages/airflow/example_dags/example_trigger_target_dag.py
[2023-01-12T07:50:21.743+0000] {processor.py:743} INFO - Processing file /home/airflow/.local/lib/python3.7/site-packages/airflow/example_dags/example_trigger_target_dag.py for tasks to queue
[2023-01-12T07:50:21.745+0000] {logging_mixin.py:137} INFO - [2023-01-12T07:50:21.744+0000] {dagbag.py:538} INFO - Filling up the DagBag from /home/airflow/.local/lib/python3.7/site-packages/airflow/example_dags/example_trigger_target_dag.py
[2023-01-12T07:50:21.764+0000] {processor.py:753} INFO - DAG(s) dict_keys(['example_trigger_target_dag']) retrieved from /home/airflow/.local/lib/python3.7/site-packages/airflow/example_dags/example_trigger_target_dag.py
[2023-01-12T07:50:21.805+0000] {logging_mixin.py:137} INFO - [2023-01-12T07:50:21.805+0000] {dag.py:2676} INFO - Sync 1 DAGs
[2023-01-12T07:50:21.824+0000] {logging_mixin.py:137} INFO - [2023-01-12T07:50:21.824+0000] {dag.py:3427} INFO - Setting next_dagrun for example_trigger_target_dag to None, run_after=None
[2023-01-12T07:50:21.844+0000] {processor.py:175} INFO - Processing /home/airflow/.local/lib/python3.7/site-packages/airflow/example_dags/example_trigger_target_dag.py took 0.105 seconds
[2023-01-12T07:50:52.836+0000] {processor.py:153} INFO - Started process (PID=1471) to work on /home/airflow/.local/lib/python3.7/site-packages/airflow/example_dags/example_trigger_target_dag.py
[2023-01-12T07:50:52.839+0000] {processor.py:743} INFO - Processing file /home/airflow/.local/lib/python3.7/site-packages/airflow/example_dags/example_trigger_target_dag.py for tasks to queue
[2023-01-12T07:50:52.841+0000] {logging_mixin.py:137} INFO - [2023-01-12T07:50:52.841+0000] {dagbag.py:538} INFO - Filling up the DagBag from /home/airflow/.local/lib/python3.7/site-packages/airflow/example_dags/example_trigger_target_dag.py
[2023-01-12T07:50:52.862+0000] {processor.py:753} INFO - DAG(s) dict_keys(['example_trigger_target_dag']) retrieved from /home/airflow/.local/lib/python3.7/site-packages/airflow/example_dags/example_trigger_target_dag.py
[2023-01-12T07:50:52.899+0000] {logging_mixin.py:137} INFO - [2023-01-12T07:50:52.899+0000] {dag.py:2676} INFO - Sync 1 DAGs
[2023-01-12T07:50:52.926+0000] {logging_mixin.py:137} INFO - [2023-01-12T07:50:52.926+0000] {dag.py:3427} INFO - Setting next_dagrun for example_trigger_target_dag to None, run_after=None
[2023-01-12T07:50:52.944+0000] {processor.py:175} INFO - Processing /home/airflow/.local/lib/python3.7/site-packages/airflow/example_dags/example_trigger_target_dag.py took 0.112 seconds
[2023-01-12T07:51:23.743+0000] {processor.py:153} INFO - Started process (PID=1540) to work on /home/airflow/.local/lib/python3.7/site-packages/airflow/example_dags/example_trigger_target_dag.py
[2023-01-12T07:51:23.745+0000] {processor.py:743} INFO - Processing file /home/airflow/.local/lib/python3.7/site-packages/airflow/example_dags/example_trigger_target_dag.py for tasks to queue
[2023-01-12T07:51:23.746+0000] {logging_mixin.py:137} INFO - [2023-01-12T07:51:23.746+0000] {dagbag.py:538} INFO - Filling up the DagBag from /home/airflow/.local/lib/python3.7/site-packages/airflow/example_dags/example_trigger_target_dag.py
[2023-01-12T07:51:23.764+0000] {processor.py:753} INFO - DAG(s) dict_keys(['example_trigger_target_dag']) retrieved from /home/airflow/.local/lib/python3.7/site-packages/airflow/example_dags/example_trigger_target_dag.py
[2023-01-12T07:51:23.801+0000] {logging_mixin.py:137} INFO - [2023-01-12T07:51:23.800+0000] {dag.py:2676} INFO - Sync 1 DAGs
[2023-01-12T07:51:23.827+0000] {logging_mixin.py:137} INFO - [2023-01-12T07:51:23.827+0000] {dag.py:3427} INFO - Setting next_dagrun for example_trigger_target_dag to None, run_after=None
[2023-01-12T07:51:23.844+0000] {processor.py:175} INFO - Processing /home/airflow/.local/lib/python3.7/site-packages/airflow/example_dags/example_trigger_target_dag.py took 0.107 seconds
[2023-01-12T07:51:54.640+0000] {processor.py:153} INFO - Started process (PID=1604) to work on /home/airflow/.local/lib/python3.7/site-packages/airflow/example_dags/example_trigger_target_dag.py
[2023-01-12T07:51:54.642+0000] {processor.py:743} INFO - Processing file /home/airflow/.local/lib/python3.7/site-packages/airflow/example_dags/example_trigger_target_dag.py for tasks to queue
[2023-01-12T07:51:54.644+0000] {logging_mixin.py:137} INFO - [2023-01-12T07:51:54.644+0000] {dagbag.py:538} INFO - Filling up the DagBag from /home/airflow/.local/lib/python3.7/site-packages/airflow/example_dags/example_trigger_target_dag.py
[2023-01-12T07:51:54.664+0000] {processor.py:753} INFO - DAG(s) dict_keys(['example_trigger_target_dag']) retrieved from /home/airflow/.local/lib/python3.7/site-packages/airflow/example_dags/example_trigger_target_dag.py
[2023-01-12T07:51:54.702+0000] {logging_mixin.py:137} INFO - [2023-01-12T07:51:54.702+0000] {dag.py:2676} INFO - Sync 1 DAGs
[2023-01-12T07:51:54.722+0000] {logging_mixin.py:137} INFO - [2023-01-12T07:51:54.722+0000] {dag.py:3427} INFO - Setting next_dagrun for example_trigger_target_dag to None, run_after=None
[2023-01-12T07:51:54.738+0000] {processor.py:175} INFO - Processing /home/airflow/.local/lib/python3.7/site-packages/airflow/example_dags/example_trigger_target_dag.py took 0.101 seconds
[2023-01-12T07:52:25.695+0000] {processor.py:153} INFO - Started process (PID=1679) to work on /home/airflow/.local/lib/python3.7/site-packages/airflow/example_dags/example_trigger_target_dag.py
[2023-01-12T07:52:25.697+0000] {processor.py:743} INFO - Processing file /home/airflow/.local/lib/python3.7/site-packages/airflow/example_dags/example_trigger_target_dag.py for tasks to queue
[2023-01-12T07:52:25.698+0000] {logging_mixin.py:137} INFO - [2023-01-12T07:52:25.698+0000] {dagbag.py:538} INFO - Filling up the DagBag from /home/airflow/.local/lib/python3.7/site-packages/airflow/example_dags/example_trigger_target_dag.py
[2023-01-12T07:52:25.718+0000] {processor.py:753} INFO - DAG(s) dict_keys(['example_trigger_target_dag']) retrieved from /home/airflow/.local/lib/python3.7/site-packages/airflow/example_dags/example_trigger_target_dag.py
[2023-01-12T07:52:25.752+0000] {logging_mixin.py:137} INFO - [2023-01-12T07:52:25.752+0000] {dag.py:2676} INFO - Sync 1 DAGs
[2023-01-12T07:52:25.773+0000] {logging_mixin.py:137} INFO - [2023-01-12T07:52:25.773+0000] {dag.py:3427} INFO - Setting next_dagrun for example_trigger_target_dag to None, run_after=None
[2023-01-12T07:52:25.793+0000] {processor.py:175} INFO - Processing /home/airflow/.local/lib/python3.7/site-packages/airflow/example_dags/example_trigger_target_dag.py took 0.102 seconds
[2023-01-12T07:52:56.184+0000] {processor.py:153} INFO - Started process (PID=1740) to work on /home/airflow/.local/lib/python3.7/site-packages/airflow/example_dags/example_trigger_target_dag.py
[2023-01-12T07:52:56.186+0000] {processor.py:743} INFO - Processing file /home/airflow/.local/lib/python3.7/site-packages/airflow/example_dags/example_trigger_target_dag.py for tasks to queue
[2023-01-12T07:52:56.187+0000] {logging_mixin.py:137} INFO - [2023-01-12T07:52:56.187+0000] {dagbag.py:538} INFO - Filling up the DagBag from /home/airflow/.local/lib/python3.7/site-packages/airflow/example_dags/example_trigger_target_dag.py
[2023-01-12T07:52:56.204+0000] {processor.py:753} INFO - DAG(s) dict_keys(['example_trigger_target_dag']) retrieved from /home/airflow/.local/lib/python3.7/site-packages/airflow/example_dags/example_trigger_target_dag.py
[2023-01-12T07:52:56.233+0000] {logging_mixin.py:137} INFO - [2023-01-12T07:52:56.233+0000] {dag.py:2676} INFO - Sync 1 DAGs
[2023-01-12T07:52:56.252+0000] {logging_mixin.py:137} INFO - [2023-01-12T07:52:56.252+0000] {dag.py:3427} INFO - Setting next_dagrun for example_trigger_target_dag to None, run_after=None
[2023-01-12T07:52:56.268+0000] {processor.py:175} INFO - Processing /home/airflow/.local/lib/python3.7/site-packages/airflow/example_dags/example_trigger_target_dag.py took 0.086 seconds
[2023-01-12T07:53:26.700+0000] {processor.py:153} INFO - Started process (PID=1813) to work on /home/airflow/.local/lib/python3.7/site-packages/airflow/example_dags/example_trigger_target_dag.py
[2023-01-12T07:53:26.702+0000] {processor.py:743} INFO - Processing file /home/airflow/.local/lib/python3.7/site-packages/airflow/example_dags/example_trigger_target_dag.py for tasks to queue
[2023-01-12T07:53:26.703+0000] {logging_mixin.py:137} INFO - [2023-01-12T07:53:26.703+0000] {dagbag.py:538} INFO - Filling up the DagBag from /home/airflow/.local/lib/python3.7/site-packages/airflow/example_dags/example_trigger_target_dag.py
[2023-01-12T07:53:26.720+0000] {processor.py:753} INFO - DAG(s) dict_keys(['example_trigger_target_dag']) retrieved from /home/airflow/.local/lib/python3.7/site-packages/airflow/example_dags/example_trigger_target_dag.py
[2023-01-12T07:53:26.750+0000] {logging_mixin.py:137} INFO - [2023-01-12T07:53:26.749+0000] {dag.py:2676} INFO - Sync 1 DAGs
[2023-01-12T07:53:26.769+0000] {logging_mixin.py:137} INFO - [2023-01-12T07:53:26.769+0000] {dag.py:3427} INFO - Setting next_dagrun for example_trigger_target_dag to None, run_after=None
[2023-01-12T07:53:26.784+0000] {processor.py:175} INFO - Processing /home/airflow/.local/lib/python3.7/site-packages/airflow/example_dags/example_trigger_target_dag.py took 0.087 seconds
[2023-01-12T07:53:57.454+0000] {processor.py:153} INFO - Started process (PID=1887) to work on /home/airflow/.local/lib/python3.7/site-packages/airflow/example_dags/example_trigger_target_dag.py
[2023-01-12T07:53:57.456+0000] {processor.py:743} INFO - Processing file /home/airflow/.local/lib/python3.7/site-packages/airflow/example_dags/example_trigger_target_dag.py for tasks to queue
[2023-01-12T07:53:57.457+0000] {logging_mixin.py:137} INFO - [2023-01-12T07:53:57.457+0000] {dagbag.py:538} INFO - Filling up the DagBag from /home/airflow/.local/lib/python3.7/site-packages/airflow/example_dags/example_trigger_target_dag.py
[2023-01-12T07:53:57.477+0000] {processor.py:753} INFO - DAG(s) dict_keys(['example_trigger_target_dag']) retrieved from /home/airflow/.local/lib/python3.7/site-packages/airflow/example_dags/example_trigger_target_dag.py
[2023-01-12T07:53:57.510+0000] {logging_mixin.py:137} INFO - [2023-01-12T07:53:57.510+0000] {dag.py:2676} INFO - Sync 1 DAGs
[2023-01-12T07:53:57.530+0000] {logging_mixin.py:137} INFO - [2023-01-12T07:53:57.530+0000] {dag.py:3427} INFO - Setting next_dagrun for example_trigger_target_dag to None, run_after=None
[2023-01-12T07:53:57.545+0000] {processor.py:175} INFO - Processing /home/airflow/.local/lib/python3.7/site-packages/airflow/example_dags/example_trigger_target_dag.py took 0.093 seconds
