[2023-01-12T07:27:08.143+0000] {processor.py:153} INFO - Started process (PID=74) to work on /home/airflow/.local/lib/python3.7/site-packages/airflow/example_dags/example_kubernetes_executor.py
[2023-01-12T07:27:08.157+0000] {processor.py:743} INFO - Processing file /home/airflow/.local/lib/python3.7/site-packages/airflow/example_dags/example_kubernetes_executor.py for tasks to queue
[2023-01-12T07:27:08.159+0000] {logging_mixin.py:137} INFO - [2023-01-12T07:27:08.159+0000] {dagbag.py:538} INFO - Filling up the DagBag from /home/airflow/.local/lib/python3.7/site-packages/airflow/example_dags/example_kubernetes_executor.py
[2023-01-12T07:27:08.283+0000] {processor.py:753} INFO - DAG(s) dict_keys(['example_kubernetes_executor']) retrieved from /home/airflow/.local/lib/python3.7/site-packages/airflow/example_dags/example_kubernetes_executor.py
[2023-01-12T07:27:08.374+0000] {logging_mixin.py:137} INFO - [2023-01-12T07:27:08.374+0000] {dag.py:2676} INFO - Sync 1 DAGs
[2023-01-12T07:27:08.474+0000] {logging_mixin.py:137} INFO - [2023-01-12T07:27:08.474+0000] {dag.py:3427} INFO - Setting next_dagrun for example_kubernetes_executor to None, run_after=None
[2023-01-12T07:27:08.523+0000] {processor.py:175} INFO - Processing /home/airflow/.local/lib/python3.7/site-packages/airflow/example_dags/example_kubernetes_executor.py took 0.402 seconds
[2023-01-12T07:27:38.610+0000] {processor.py:153} INFO - Started process (PID=139) to work on /home/airflow/.local/lib/python3.7/site-packages/airflow/example_dags/example_kubernetes_executor.py
[2023-01-12T07:27:38.612+0000] {processor.py:743} INFO - Processing file /home/airflow/.local/lib/python3.7/site-packages/airflow/example_dags/example_kubernetes_executor.py for tasks to queue
[2023-01-12T07:27:38.613+0000] {logging_mixin.py:137} INFO - [2023-01-12T07:27:38.613+0000] {dagbag.py:538} INFO - Filling up the DagBag from /home/airflow/.local/lib/python3.7/site-packages/airflow/example_dags/example_kubernetes_executor.py
[2023-01-12T07:27:38.637+0000] {processor.py:753} INFO - DAG(s) dict_keys(['example_kubernetes_executor']) retrieved from /home/airflow/.local/lib/python3.7/site-packages/airflow/example_dags/example_kubernetes_executor.py
[2023-01-12T07:27:38.669+0000] {logging_mixin.py:137} INFO - [2023-01-12T07:27:38.669+0000] {dag.py:2676} INFO - Sync 1 DAGs
[2023-01-12T07:27:38.685+0000] {logging_mixin.py:137} INFO - [2023-01-12T07:27:38.685+0000] {dag.py:3427} INFO - Setting next_dagrun for example_kubernetes_executor to None, run_after=None
[2023-01-12T07:27:38.698+0000] {processor.py:175} INFO - Processing /home/airflow/.local/lib/python3.7/site-packages/airflow/example_dags/example_kubernetes_executor.py took 0.091 seconds
[2023-01-12T07:28:09.525+0000] {processor.py:153} INFO - Started process (PID=211) to work on /home/airflow/.local/lib/python3.7/site-packages/airflow/example_dags/example_kubernetes_executor.py
[2023-01-12T07:28:09.527+0000] {processor.py:743} INFO - Processing file /home/airflow/.local/lib/python3.7/site-packages/airflow/example_dags/example_kubernetes_executor.py for tasks to queue
[2023-01-12T07:28:09.528+0000] {logging_mixin.py:137} INFO - [2023-01-12T07:28:09.528+0000] {dagbag.py:538} INFO - Filling up the DagBag from /home/airflow/.local/lib/python3.7/site-packages/airflow/example_dags/example_kubernetes_executor.py
[2023-01-12T07:28:09.551+0000] {processor.py:753} INFO - DAG(s) dict_keys(['example_kubernetes_executor']) retrieved from /home/airflow/.local/lib/python3.7/site-packages/airflow/example_dags/example_kubernetes_executor.py
[2023-01-12T07:28:09.587+0000] {logging_mixin.py:137} INFO - [2023-01-12T07:28:09.587+0000] {dag.py:2676} INFO - Sync 1 DAGs
[2023-01-12T07:28:09.606+0000] {logging_mixin.py:137} INFO - [2023-01-12T07:28:09.606+0000] {dag.py:3427} INFO - Setting next_dagrun for example_kubernetes_executor to None, run_after=None
[2023-01-12T07:28:09.625+0000] {processor.py:175} INFO - Processing /home/airflow/.local/lib/python3.7/site-packages/airflow/example_dags/example_kubernetes_executor.py took 0.102 seconds
[2023-01-12T07:28:40.096+0000] {processor.py:153} INFO - Started process (PID=273) to work on /home/airflow/.local/lib/python3.7/site-packages/airflow/example_dags/example_kubernetes_executor.py
[2023-01-12T07:28:40.099+0000] {processor.py:743} INFO - Processing file /home/airflow/.local/lib/python3.7/site-packages/airflow/example_dags/example_kubernetes_executor.py for tasks to queue
[2023-01-12T07:28:40.100+0000] {logging_mixin.py:137} INFO - [2023-01-12T07:28:40.100+0000] {dagbag.py:538} INFO - Filling up the DagBag from /home/airflow/.local/lib/python3.7/site-packages/airflow/example_dags/example_kubernetes_executor.py
[2023-01-12T07:28:40.123+0000] {processor.py:753} INFO - DAG(s) dict_keys(['example_kubernetes_executor']) retrieved from /home/airflow/.local/lib/python3.7/site-packages/airflow/example_dags/example_kubernetes_executor.py
[2023-01-12T07:28:40.159+0000] {logging_mixin.py:137} INFO - [2023-01-12T07:28:40.159+0000] {dag.py:2676} INFO - Sync 1 DAGs
[2023-01-12T07:28:40.182+0000] {logging_mixin.py:137} INFO - [2023-01-12T07:28:40.182+0000] {dag.py:3427} INFO - Setting next_dagrun for example_kubernetes_executor to None, run_after=None
[2023-01-12T07:28:40.202+0000] {processor.py:175} INFO - Processing /home/airflow/.local/lib/python3.7/site-packages/airflow/example_dags/example_kubernetes_executor.py took 0.108 seconds
[2023-01-12T07:29:10.755+0000] {processor.py:153} INFO - Started process (PID=347) to work on /home/airflow/.local/lib/python3.7/site-packages/airflow/example_dags/example_kubernetes_executor.py
[2023-01-12T07:29:10.757+0000] {processor.py:743} INFO - Processing file /home/airflow/.local/lib/python3.7/site-packages/airflow/example_dags/example_kubernetes_executor.py for tasks to queue
[2023-01-12T07:29:10.759+0000] {logging_mixin.py:137} INFO - [2023-01-12T07:29:10.759+0000] {dagbag.py:538} INFO - Filling up the DagBag from /home/airflow/.local/lib/python3.7/site-packages/airflow/example_dags/example_kubernetes_executor.py
[2023-01-12T07:29:10.781+0000] {processor.py:753} INFO - DAG(s) dict_keys(['example_kubernetes_executor']) retrieved from /home/airflow/.local/lib/python3.7/site-packages/airflow/example_dags/example_kubernetes_executor.py
[2023-01-12T07:29:10.814+0000] {logging_mixin.py:137} INFO - [2023-01-12T07:29:10.814+0000] {dag.py:2676} INFO - Sync 1 DAGs
[2023-01-12T07:29:10.831+0000] {logging_mixin.py:137} INFO - [2023-01-12T07:29:10.831+0000] {dag.py:3427} INFO - Setting next_dagrun for example_kubernetes_executor to None, run_after=None
[2023-01-12T07:29:10.847+0000] {processor.py:175} INFO - Processing /home/airflow/.local/lib/python3.7/site-packages/airflow/example_dags/example_kubernetes_executor.py took 0.095 seconds
[2023-01-12T07:29:41.436+0000] {processor.py:153} INFO - Started process (PID=421) to work on /home/airflow/.local/lib/python3.7/site-packages/airflow/example_dags/example_kubernetes_executor.py
[2023-01-12T07:29:41.438+0000] {processor.py:743} INFO - Processing file /home/airflow/.local/lib/python3.7/site-packages/airflow/example_dags/example_kubernetes_executor.py for tasks to queue
[2023-01-12T07:29:41.439+0000] {logging_mixin.py:137} INFO - [2023-01-12T07:29:41.439+0000] {dagbag.py:538} INFO - Filling up the DagBag from /home/airflow/.local/lib/python3.7/site-packages/airflow/example_dags/example_kubernetes_executor.py
[2023-01-12T07:29:41.461+0000] {processor.py:753} INFO - DAG(s) dict_keys(['example_kubernetes_executor']) retrieved from /home/airflow/.local/lib/python3.7/site-packages/airflow/example_dags/example_kubernetes_executor.py
[2023-01-12T07:29:41.495+0000] {logging_mixin.py:137} INFO - [2023-01-12T07:29:41.495+0000] {dag.py:2676} INFO - Sync 1 DAGs
[2023-01-12T07:29:41.513+0000] {logging_mixin.py:137} INFO - [2023-01-12T07:29:41.513+0000] {dag.py:3427} INFO - Setting next_dagrun for example_kubernetes_executor to None, run_after=None
[2023-01-12T07:29:41.526+0000] {processor.py:175} INFO - Processing /home/airflow/.local/lib/python3.7/site-packages/airflow/example_dags/example_kubernetes_executor.py took 0.093 seconds
[2023-01-12T07:30:12.123+0000] {processor.py:153} INFO - Started process (PID=484) to work on /home/airflow/.local/lib/python3.7/site-packages/airflow/example_dags/example_kubernetes_executor.py
[2023-01-12T07:30:12.126+0000] {processor.py:743} INFO - Processing file /home/airflow/.local/lib/python3.7/site-packages/airflow/example_dags/example_kubernetes_executor.py for tasks to queue
[2023-01-12T07:30:12.127+0000] {logging_mixin.py:137} INFO - [2023-01-12T07:30:12.127+0000] {dagbag.py:538} INFO - Filling up the DagBag from /home/airflow/.local/lib/python3.7/site-packages/airflow/example_dags/example_kubernetes_executor.py
[2023-01-12T07:30:12.150+0000] {processor.py:753} INFO - DAG(s) dict_keys(['example_kubernetes_executor']) retrieved from /home/airflow/.local/lib/python3.7/site-packages/airflow/example_dags/example_kubernetes_executor.py
[2023-01-12T07:30:12.183+0000] {logging_mixin.py:137} INFO - [2023-01-12T07:30:12.183+0000] {dag.py:2676} INFO - Sync 1 DAGs
[2023-01-12T07:30:12.201+0000] {logging_mixin.py:137} INFO - [2023-01-12T07:30:12.201+0000] {dag.py:3427} INFO - Setting next_dagrun for example_kubernetes_executor to None, run_after=None
[2023-01-12T07:30:12.215+0000] {processor.py:175} INFO - Processing /home/airflow/.local/lib/python3.7/site-packages/airflow/example_dags/example_kubernetes_executor.py took 0.096 seconds
[2023-01-12T07:30:42.817+0000] {processor.py:153} INFO - Started process (PID=559) to work on /home/airflow/.local/lib/python3.7/site-packages/airflow/example_dags/example_kubernetes_executor.py
[2023-01-12T07:30:42.818+0000] {processor.py:743} INFO - Processing file /home/airflow/.local/lib/python3.7/site-packages/airflow/example_dags/example_kubernetes_executor.py for tasks to queue
[2023-01-12T07:30:42.820+0000] {logging_mixin.py:137} INFO - [2023-01-12T07:30:42.820+0000] {dagbag.py:538} INFO - Filling up the DagBag from /home/airflow/.local/lib/python3.7/site-packages/airflow/example_dags/example_kubernetes_executor.py
[2023-01-12T07:30:42.841+0000] {processor.py:753} INFO - DAG(s) dict_keys(['example_kubernetes_executor']) retrieved from /home/airflow/.local/lib/python3.7/site-packages/airflow/example_dags/example_kubernetes_executor.py
[2023-01-12T07:30:42.883+0000] {logging_mixin.py:137} INFO - [2023-01-12T07:30:42.883+0000] {dag.py:2676} INFO - Sync 1 DAGs
[2023-01-12T07:30:42.903+0000] {logging_mixin.py:137} INFO - [2023-01-12T07:30:42.903+0000] {dag.py:3427} INFO - Setting next_dagrun for example_kubernetes_executor to None, run_after=None
[2023-01-12T07:30:42.920+0000] {processor.py:175} INFO - Processing /home/airflow/.local/lib/python3.7/site-packages/airflow/example_dags/example_kubernetes_executor.py took 0.106 seconds
[2023-01-12T07:31:13.531+0000] {processor.py:153} INFO - Started process (PID=629) to work on /home/airflow/.local/lib/python3.7/site-packages/airflow/example_dags/example_kubernetes_executor.py
[2023-01-12T07:31:13.533+0000] {processor.py:743} INFO - Processing file /home/airflow/.local/lib/python3.7/site-packages/airflow/example_dags/example_kubernetes_executor.py for tasks to queue
[2023-01-12T07:31:13.534+0000] {logging_mixin.py:137} INFO - [2023-01-12T07:31:13.534+0000] {dagbag.py:538} INFO - Filling up the DagBag from /home/airflow/.local/lib/python3.7/site-packages/airflow/example_dags/example_kubernetes_executor.py
[2023-01-12T07:31:13.561+0000] {processor.py:753} INFO - DAG(s) dict_keys(['example_kubernetes_executor']) retrieved from /home/airflow/.local/lib/python3.7/site-packages/airflow/example_dags/example_kubernetes_executor.py
[2023-01-12T07:31:13.601+0000] {logging_mixin.py:137} INFO - [2023-01-12T07:31:13.599+0000] {dag.py:2676} INFO - Sync 1 DAGs
[2023-01-12T07:31:13.624+0000] {logging_mixin.py:137} INFO - [2023-01-12T07:31:13.624+0000] {dag.py:3427} INFO - Setting next_dagrun for example_kubernetes_executor to None, run_after=None
[2023-01-12T07:31:13.640+0000] {processor.py:175} INFO - Processing /home/airflow/.local/lib/python3.7/site-packages/airflow/example_dags/example_kubernetes_executor.py took 0.112 seconds
[2023-01-12T07:31:44.227+0000] {processor.py:153} INFO - Started process (PID=694) to work on /home/airflow/.local/lib/python3.7/site-packages/airflow/example_dags/example_kubernetes_executor.py
[2023-01-12T07:31:44.229+0000] {processor.py:743} INFO - Processing file /home/airflow/.local/lib/python3.7/site-packages/airflow/example_dags/example_kubernetes_executor.py for tasks to queue
[2023-01-12T07:31:44.230+0000] {logging_mixin.py:137} INFO - [2023-01-12T07:31:44.230+0000] {dagbag.py:538} INFO - Filling up the DagBag from /home/airflow/.local/lib/python3.7/site-packages/airflow/example_dags/example_kubernetes_executor.py
[2023-01-12T07:31:44.253+0000] {processor.py:753} INFO - DAG(s) dict_keys(['example_kubernetes_executor']) retrieved from /home/airflow/.local/lib/python3.7/site-packages/airflow/example_dags/example_kubernetes_executor.py
[2023-01-12T07:31:44.284+0000] {logging_mixin.py:137} INFO - [2023-01-12T07:31:44.284+0000] {dag.py:2676} INFO - Sync 1 DAGs
[2023-01-12T07:31:44.302+0000] {logging_mixin.py:137} INFO - [2023-01-12T07:31:44.302+0000] {dag.py:3427} INFO - Setting next_dagrun for example_kubernetes_executor to None, run_after=None
[2023-01-12T07:31:44.317+0000] {processor.py:175} INFO - Processing /home/airflow/.local/lib/python3.7/site-packages/airflow/example_dags/example_kubernetes_executor.py took 0.093 seconds
[2023-01-12T07:32:15.151+0000] {processor.py:153} INFO - Started process (PID=768) to work on /home/airflow/.local/lib/python3.7/site-packages/airflow/example_dags/example_kubernetes_executor.py
[2023-01-12T07:32:15.152+0000] {processor.py:743} INFO - Processing file /home/airflow/.local/lib/python3.7/site-packages/airflow/example_dags/example_kubernetes_executor.py for tasks to queue
[2023-01-12T07:32:15.154+0000] {logging_mixin.py:137} INFO - [2023-01-12T07:32:15.154+0000] {dagbag.py:538} INFO - Filling up the DagBag from /home/airflow/.local/lib/python3.7/site-packages/airflow/example_dags/example_kubernetes_executor.py
[2023-01-12T07:32:15.176+0000] {processor.py:753} INFO - DAG(s) dict_keys(['example_kubernetes_executor']) retrieved from /home/airflow/.local/lib/python3.7/site-packages/airflow/example_dags/example_kubernetes_executor.py
[2023-01-12T07:32:15.210+0000] {logging_mixin.py:137} INFO - [2023-01-12T07:32:15.210+0000] {dag.py:2676} INFO - Sync 1 DAGs
[2023-01-12T07:32:15.230+0000] {logging_mixin.py:137} INFO - [2023-01-12T07:32:15.230+0000] {dag.py:3427} INFO - Setting next_dagrun for example_kubernetes_executor to None, run_after=None
[2023-01-12T07:32:15.248+0000] {processor.py:175} INFO - Processing /home/airflow/.local/lib/python3.7/site-packages/airflow/example_dags/example_kubernetes_executor.py took 0.099 seconds
[2023-01-12T07:32:45.657+0000] {processor.py:153} INFO - Started process (PID=829) to work on /home/airflow/.local/lib/python3.7/site-packages/airflow/example_dags/example_kubernetes_executor.py
[2023-01-12T07:32:45.658+0000] {processor.py:743} INFO - Processing file /home/airflow/.local/lib/python3.7/site-packages/airflow/example_dags/example_kubernetes_executor.py for tasks to queue
[2023-01-12T07:32:45.659+0000] {logging_mixin.py:137} INFO - [2023-01-12T07:32:45.659+0000] {dagbag.py:538} INFO - Filling up the DagBag from /home/airflow/.local/lib/python3.7/site-packages/airflow/example_dags/example_kubernetes_executor.py
[2023-01-12T07:32:45.680+0000] {processor.py:753} INFO - DAG(s) dict_keys(['example_kubernetes_executor']) retrieved from /home/airflow/.local/lib/python3.7/site-packages/airflow/example_dags/example_kubernetes_executor.py
[2023-01-12T07:32:45.710+0000] {logging_mixin.py:137} INFO - [2023-01-12T07:32:45.710+0000] {dag.py:2676} INFO - Sync 1 DAGs
[2023-01-12T07:32:45.728+0000] {logging_mixin.py:137} INFO - [2023-01-12T07:32:45.728+0000] {dag.py:3427} INFO - Setting next_dagrun for example_kubernetes_executor to None, run_after=None
[2023-01-12T07:32:45.744+0000] {processor.py:175} INFO - Processing /home/airflow/.local/lib/python3.7/site-packages/airflow/example_dags/example_kubernetes_executor.py took 0.090 seconds
[2023-01-12T07:33:16.155+0000] {processor.py:153} INFO - Started process (PID=902) to work on /home/airflow/.local/lib/python3.7/site-packages/airflow/example_dags/example_kubernetes_executor.py
[2023-01-12T07:33:16.157+0000] {processor.py:743} INFO - Processing file /home/airflow/.local/lib/python3.7/site-packages/airflow/example_dags/example_kubernetes_executor.py for tasks to queue
[2023-01-12T07:33:16.158+0000] {logging_mixin.py:137} INFO - [2023-01-12T07:33:16.158+0000] {dagbag.py:538} INFO - Filling up the DagBag from /home/airflow/.local/lib/python3.7/site-packages/airflow/example_dags/example_kubernetes_executor.py
[2023-01-12T07:33:16.180+0000] {processor.py:753} INFO - DAG(s) dict_keys(['example_kubernetes_executor']) retrieved from /home/airflow/.local/lib/python3.7/site-packages/airflow/example_dags/example_kubernetes_executor.py
[2023-01-12T07:33:16.212+0000] {logging_mixin.py:137} INFO - [2023-01-12T07:33:16.212+0000] {dag.py:2676} INFO - Sync 1 DAGs
[2023-01-12T07:33:16.231+0000] {logging_mixin.py:137} INFO - [2023-01-12T07:33:16.231+0000] {dag.py:3427} INFO - Setting next_dagrun for example_kubernetes_executor to None, run_after=None
[2023-01-12T07:33:16.245+0000] {processor.py:175} INFO - Processing /home/airflow/.local/lib/python3.7/site-packages/airflow/example_dags/example_kubernetes_executor.py took 0.093 seconds
[2023-01-12T07:33:46.844+0000] {processor.py:153} INFO - Started process (PID=976) to work on /home/airflow/.local/lib/python3.7/site-packages/airflow/example_dags/example_kubernetes_executor.py
[2023-01-12T07:33:46.845+0000] {processor.py:743} INFO - Processing file /home/airflow/.local/lib/python3.7/site-packages/airflow/example_dags/example_kubernetes_executor.py for tasks to queue
[2023-01-12T07:33:46.846+0000] {logging_mixin.py:137} INFO - [2023-01-12T07:33:46.846+0000] {dagbag.py:538} INFO - Filling up the DagBag from /home/airflow/.local/lib/python3.7/site-packages/airflow/example_dags/example_kubernetes_executor.py
[2023-01-12T07:33:46.867+0000] {processor.py:753} INFO - DAG(s) dict_keys(['example_kubernetes_executor']) retrieved from /home/airflow/.local/lib/python3.7/site-packages/airflow/example_dags/example_kubernetes_executor.py
[2023-01-12T07:33:46.899+0000] {logging_mixin.py:137} INFO - [2023-01-12T07:33:46.899+0000] {dag.py:2676} INFO - Sync 1 DAGs
[2023-01-12T07:33:46.916+0000] {logging_mixin.py:137} INFO - [2023-01-12T07:33:46.916+0000] {dag.py:3427} INFO - Setting next_dagrun for example_kubernetes_executor to None, run_after=None
[2023-01-12T07:33:46.933+0000] {processor.py:175} INFO - Processing /home/airflow/.local/lib/python3.7/site-packages/airflow/example_dags/example_kubernetes_executor.py took 0.093 seconds
[2023-01-12T07:34:17.665+0000] {processor.py:153} INFO - Started process (PID=1036) to work on /home/airflow/.local/lib/python3.7/site-packages/airflow/example_dags/example_kubernetes_executor.py
[2023-01-12T07:34:17.667+0000] {processor.py:743} INFO - Processing file /home/airflow/.local/lib/python3.7/site-packages/airflow/example_dags/example_kubernetes_executor.py for tasks to queue
[2023-01-12T07:34:17.669+0000] {logging_mixin.py:137} INFO - [2023-01-12T07:34:17.668+0000] {dagbag.py:538} INFO - Filling up the DagBag from /home/airflow/.local/lib/python3.7/site-packages/airflow/example_dags/example_kubernetes_executor.py
[2023-01-12T07:34:17.691+0000] {processor.py:753} INFO - DAG(s) dict_keys(['example_kubernetes_executor']) retrieved from /home/airflow/.local/lib/python3.7/site-packages/airflow/example_dags/example_kubernetes_executor.py
[2023-01-12T07:34:17.724+0000] {logging_mixin.py:137} INFO - [2023-01-12T07:34:17.724+0000] {dag.py:2676} INFO - Sync 1 DAGs
[2023-01-12T07:34:17.744+0000] {logging_mixin.py:137} INFO - [2023-01-12T07:34:17.744+0000] {dag.py:3427} INFO - Setting next_dagrun for example_kubernetes_executor to None, run_after=None
[2023-01-12T07:34:17.760+0000] {processor.py:175} INFO - Processing /home/airflow/.local/lib/python3.7/site-packages/airflow/example_dags/example_kubernetes_executor.py took 0.097 seconds
[2023-01-12T07:34:48.374+0000] {processor.py:153} INFO - Started process (PID=1109) to work on /home/airflow/.local/lib/python3.7/site-packages/airflow/example_dags/example_kubernetes_executor.py
[2023-01-12T07:34:48.377+0000] {processor.py:743} INFO - Processing file /home/airflow/.local/lib/python3.7/site-packages/airflow/example_dags/example_kubernetes_executor.py for tasks to queue
[2023-01-12T07:34:48.378+0000] {logging_mixin.py:137} INFO - [2023-01-12T07:34:48.378+0000] {dagbag.py:538} INFO - Filling up the DagBag from /home/airflow/.local/lib/python3.7/site-packages/airflow/example_dags/example_kubernetes_executor.py
[2023-01-12T07:34:48.399+0000] {processor.py:753} INFO - DAG(s) dict_keys(['example_kubernetes_executor']) retrieved from /home/airflow/.local/lib/python3.7/site-packages/airflow/example_dags/example_kubernetes_executor.py
[2023-01-12T07:34:48.430+0000] {logging_mixin.py:137} INFO - [2023-01-12T07:34:48.430+0000] {dag.py:2676} INFO - Sync 1 DAGs
[2023-01-12T07:34:48.447+0000] {logging_mixin.py:137} INFO - [2023-01-12T07:34:48.447+0000] {dag.py:3427} INFO - Setting next_dagrun for example_kubernetes_executor to None, run_after=None
[2023-01-12T07:34:48.460+0000] {processor.py:175} INFO - Processing /home/airflow/.local/lib/python3.7/site-packages/airflow/example_dags/example_kubernetes_executor.py took 0.089 seconds
[2023-01-12T07:35:19.287+0000] {processor.py:153} INFO - Started process (PID=1182) to work on /home/airflow/.local/lib/python3.7/site-packages/airflow/example_dags/example_kubernetes_executor.py
[2023-01-12T07:35:19.289+0000] {processor.py:743} INFO - Processing file /home/airflow/.local/lib/python3.7/site-packages/airflow/example_dags/example_kubernetes_executor.py for tasks to queue
[2023-01-12T07:35:19.291+0000] {logging_mixin.py:137} INFO - [2023-01-12T07:35:19.290+0000] {dagbag.py:538} INFO - Filling up the DagBag from /home/airflow/.local/lib/python3.7/site-packages/airflow/example_dags/example_kubernetes_executor.py
[2023-01-12T07:35:19.317+0000] {processor.py:753} INFO - DAG(s) dict_keys(['example_kubernetes_executor']) retrieved from /home/airflow/.local/lib/python3.7/site-packages/airflow/example_dags/example_kubernetes_executor.py
[2023-01-12T07:35:19.356+0000] {logging_mixin.py:137} INFO - [2023-01-12T07:35:19.356+0000] {dag.py:2676} INFO - Sync 1 DAGs
[2023-01-12T07:35:19.391+0000] {logging_mixin.py:137} INFO - [2023-01-12T07:35:19.391+0000] {dag.py:3427} INFO - Setting next_dagrun for example_kubernetes_executor to None, run_after=None
[2023-01-12T07:35:19.414+0000] {processor.py:175} INFO - Processing /home/airflow/.local/lib/python3.7/site-packages/airflow/example_dags/example_kubernetes_executor.py took 0.133 seconds
[2023-01-12T07:35:50.099+0000] {processor.py:153} INFO - Started process (PID=1244) to work on /home/airflow/.local/lib/python3.7/site-packages/airflow/example_dags/example_kubernetes_executor.py
[2023-01-12T07:35:50.100+0000] {processor.py:743} INFO - Processing file /home/airflow/.local/lib/python3.7/site-packages/airflow/example_dags/example_kubernetes_executor.py for tasks to queue
[2023-01-12T07:35:50.101+0000] {logging_mixin.py:137} INFO - [2023-01-12T07:35:50.101+0000] {dagbag.py:538} INFO - Filling up the DagBag from /home/airflow/.local/lib/python3.7/site-packages/airflow/example_dags/example_kubernetes_executor.py
[2023-01-12T07:35:50.124+0000] {processor.py:753} INFO - DAG(s) dict_keys(['example_kubernetes_executor']) retrieved from /home/airflow/.local/lib/python3.7/site-packages/airflow/example_dags/example_kubernetes_executor.py
[2023-01-12T07:35:50.158+0000] {logging_mixin.py:137} INFO - [2023-01-12T07:35:50.158+0000] {dag.py:2676} INFO - Sync 1 DAGs
[2023-01-12T07:35:50.176+0000] {logging_mixin.py:137} INFO - [2023-01-12T07:35:50.176+0000] {dag.py:3427} INFO - Setting next_dagrun for example_kubernetes_executor to None, run_after=None
[2023-01-12T07:35:50.195+0000] {processor.py:175} INFO - Processing /home/airflow/.local/lib/python3.7/site-packages/airflow/example_dags/example_kubernetes_executor.py took 0.099 seconds
[2023-01-12T07:36:20.803+0000] {processor.py:153} INFO - Started process (PID=1319) to work on /home/airflow/.local/lib/python3.7/site-packages/airflow/example_dags/example_kubernetes_executor.py
[2023-01-12T07:36:20.806+0000] {processor.py:743} INFO - Processing file /home/airflow/.local/lib/python3.7/site-packages/airflow/example_dags/example_kubernetes_executor.py for tasks to queue
[2023-01-12T07:36:20.807+0000] {logging_mixin.py:137} INFO - [2023-01-12T07:36:20.807+0000] {dagbag.py:538} INFO - Filling up the DagBag from /home/airflow/.local/lib/python3.7/site-packages/airflow/example_dags/example_kubernetes_executor.py
[2023-01-12T07:36:20.828+0000] {processor.py:753} INFO - DAG(s) dict_keys(['example_kubernetes_executor']) retrieved from /home/airflow/.local/lib/python3.7/site-packages/airflow/example_dags/example_kubernetes_executor.py
[2023-01-12T07:36:20.860+0000] {logging_mixin.py:137} INFO - [2023-01-12T07:36:20.860+0000] {dag.py:2676} INFO - Sync 1 DAGs
[2023-01-12T07:36:20.878+0000] {logging_mixin.py:137} INFO - [2023-01-12T07:36:20.878+0000] {dag.py:3427} INFO - Setting next_dagrun for example_kubernetes_executor to None, run_after=None
[2023-01-12T07:36:20.897+0000] {processor.py:175} INFO - Processing /home/airflow/.local/lib/python3.7/site-packages/airflow/example_dags/example_kubernetes_executor.py took 0.096 seconds
[2023-01-12T07:37:20.957+0000] {processor.py:153} INFO - Started process (PID=65) to work on /home/airflow/.local/lib/python3.7/site-packages/airflow/example_dags/example_kubernetes_executor.py
[2023-01-12T07:37:20.959+0000] {processor.py:743} INFO - Processing file /home/airflow/.local/lib/python3.7/site-packages/airflow/example_dags/example_kubernetes_executor.py for tasks to queue
[2023-01-12T07:37:20.960+0000] {logging_mixin.py:137} INFO - [2023-01-12T07:37:20.960+0000] {dagbag.py:538} INFO - Filling up the DagBag from /home/airflow/.local/lib/python3.7/site-packages/airflow/example_dags/example_kubernetes_executor.py
[2023-01-12T07:37:20.989+0000] {processor.py:753} INFO - DAG(s) dict_keys(['example_kubernetes_executor']) retrieved from /home/airflow/.local/lib/python3.7/site-packages/airflow/example_dags/example_kubernetes_executor.py
[2023-01-12T07:37:21.023+0000] {logging_mixin.py:137} INFO - [2023-01-12T07:37:21.022+0000] {dag.py:2676} INFO - Sync 1 DAGs
[2023-01-12T07:37:21.058+0000] {logging_mixin.py:137} INFO - [2023-01-12T07:37:21.058+0000] {dag.py:3427} INFO - Setting next_dagrun for example_kubernetes_executor to None, run_after=None
[2023-01-12T07:37:21.097+0000] {processor.py:175} INFO - Processing /home/airflow/.local/lib/python3.7/site-packages/airflow/example_dags/example_kubernetes_executor.py took 0.144 seconds
[2023-01-12T07:37:51.432+0000] {processor.py:153} INFO - Started process (PID=139) to work on /home/airflow/.local/lib/python3.7/site-packages/airflow/example_dags/example_kubernetes_executor.py
[2023-01-12T07:37:51.434+0000] {processor.py:743} INFO - Processing file /home/airflow/.local/lib/python3.7/site-packages/airflow/example_dags/example_kubernetes_executor.py for tasks to queue
[2023-01-12T07:37:51.435+0000] {logging_mixin.py:137} INFO - [2023-01-12T07:37:51.435+0000] {dagbag.py:538} INFO - Filling up the DagBag from /home/airflow/.local/lib/python3.7/site-packages/airflow/example_dags/example_kubernetes_executor.py
[2023-01-12T07:37:51.462+0000] {processor.py:753} INFO - DAG(s) dict_keys(['example_kubernetes_executor']) retrieved from /home/airflow/.local/lib/python3.7/site-packages/airflow/example_dags/example_kubernetes_executor.py
[2023-01-12T07:37:51.493+0000] {logging_mixin.py:137} INFO - [2023-01-12T07:37:51.493+0000] {dag.py:2676} INFO - Sync 1 DAGs
[2023-01-12T07:37:51.512+0000] {logging_mixin.py:137} INFO - [2023-01-12T07:37:51.512+0000] {dag.py:3427} INFO - Setting next_dagrun for example_kubernetes_executor to None, run_after=None
[2023-01-12T07:37:51.527+0000] {processor.py:175} INFO - Processing /home/airflow/.local/lib/python3.7/site-packages/airflow/example_dags/example_kubernetes_executor.py took 0.098 seconds
[2023-01-12T07:38:22.186+0000] {processor.py:153} INFO - Started process (PID=213) to work on /home/airflow/.local/lib/python3.7/site-packages/airflow/example_dags/example_kubernetes_executor.py
[2023-01-12T07:38:22.189+0000] {processor.py:743} INFO - Processing file /home/airflow/.local/lib/python3.7/site-packages/airflow/example_dags/example_kubernetes_executor.py for tasks to queue
[2023-01-12T07:38:22.190+0000] {logging_mixin.py:137} INFO - [2023-01-12T07:38:22.190+0000] {dagbag.py:538} INFO - Filling up the DagBag from /home/airflow/.local/lib/python3.7/site-packages/airflow/example_dags/example_kubernetes_executor.py
[2023-01-12T07:38:22.212+0000] {processor.py:753} INFO - DAG(s) dict_keys(['example_kubernetes_executor']) retrieved from /home/airflow/.local/lib/python3.7/site-packages/airflow/example_dags/example_kubernetes_executor.py
[2023-01-12T07:38:22.246+0000] {logging_mixin.py:137} INFO - [2023-01-12T07:38:22.246+0000] {dag.py:2676} INFO - Sync 1 DAGs
[2023-01-12T07:38:22.265+0000] {logging_mixin.py:137} INFO - [2023-01-12T07:38:22.265+0000] {dag.py:3427} INFO - Setting next_dagrun for example_kubernetes_executor to None, run_after=None
[2023-01-12T07:38:22.283+0000] {processor.py:175} INFO - Processing /home/airflow/.local/lib/python3.7/site-packages/airflow/example_dags/example_kubernetes_executor.py took 0.100 seconds
[2023-01-12T07:38:52.700+0000] {processor.py:153} INFO - Started process (PID=276) to work on /home/airflow/.local/lib/python3.7/site-packages/airflow/example_dags/example_kubernetes_executor.py
[2023-01-12T07:38:52.702+0000] {processor.py:743} INFO - Processing file /home/airflow/.local/lib/python3.7/site-packages/airflow/example_dags/example_kubernetes_executor.py for tasks to queue
[2023-01-12T07:38:52.704+0000] {logging_mixin.py:137} INFO - [2023-01-12T07:38:52.704+0000] {dagbag.py:538} INFO - Filling up the DagBag from /home/airflow/.local/lib/python3.7/site-packages/airflow/example_dags/example_kubernetes_executor.py
[2023-01-12T07:38:52.727+0000] {processor.py:753} INFO - DAG(s) dict_keys(['example_kubernetes_executor']) retrieved from /home/airflow/.local/lib/python3.7/site-packages/airflow/example_dags/example_kubernetes_executor.py
[2023-01-12T07:38:52.760+0000] {logging_mixin.py:137} INFO - [2023-01-12T07:38:52.760+0000] {dag.py:2676} INFO - Sync 1 DAGs
[2023-01-12T07:38:52.780+0000] {logging_mixin.py:137} INFO - [2023-01-12T07:38:52.780+0000] {dag.py:3427} INFO - Setting next_dagrun for example_kubernetes_executor to None, run_after=None
[2023-01-12T07:38:52.799+0000] {processor.py:175} INFO - Processing /home/airflow/.local/lib/python3.7/site-packages/airflow/example_dags/example_kubernetes_executor.py took 0.101 seconds
[2023-01-12T07:39:23.313+0000] {processor.py:153} INFO - Started process (PID=350) to work on /home/airflow/.local/lib/python3.7/site-packages/airflow/example_dags/example_kubernetes_executor.py
[2023-01-12T07:39:23.315+0000] {processor.py:743} INFO - Processing file /home/airflow/.local/lib/python3.7/site-packages/airflow/example_dags/example_kubernetes_executor.py for tasks to queue
[2023-01-12T07:39:23.316+0000] {logging_mixin.py:137} INFO - [2023-01-12T07:39:23.316+0000] {dagbag.py:538} INFO - Filling up the DagBag from /home/airflow/.local/lib/python3.7/site-packages/airflow/example_dags/example_kubernetes_executor.py
[2023-01-12T07:39:23.338+0000] {processor.py:753} INFO - DAG(s) dict_keys(['example_kubernetes_executor']) retrieved from /home/airflow/.local/lib/python3.7/site-packages/airflow/example_dags/example_kubernetes_executor.py
[2023-01-12T07:39:23.372+0000] {logging_mixin.py:137} INFO - [2023-01-12T07:39:23.372+0000] {dag.py:2676} INFO - Sync 1 DAGs
[2023-01-12T07:39:23.390+0000] {logging_mixin.py:137} INFO - [2023-01-12T07:39:23.390+0000] {dag.py:3427} INFO - Setting next_dagrun for example_kubernetes_executor to None, run_after=None
[2023-01-12T07:39:23.406+0000] {processor.py:175} INFO - Processing /home/airflow/.local/lib/python3.7/site-packages/airflow/example_dags/example_kubernetes_executor.py took 0.095 seconds
[2023-01-12T07:40:38.227+0000] {processor.py:153} INFO - Started process (PID=65) to work on /home/airflow/.local/lib/python3.7/site-packages/airflow/example_dags/example_kubernetes_executor.py
[2023-01-12T07:40:38.232+0000] {processor.py:743} INFO - Processing file /home/airflow/.local/lib/python3.7/site-packages/airflow/example_dags/example_kubernetes_executor.py for tasks to queue
[2023-01-12T07:40:38.235+0000] {logging_mixin.py:137} INFO - [2023-01-12T07:40:38.235+0000] {dagbag.py:538} INFO - Filling up the DagBag from /home/airflow/.local/lib/python3.7/site-packages/airflow/example_dags/example_kubernetes_executor.py
[2023-01-12T07:40:38.269+0000] {processor.py:753} INFO - DAG(s) dict_keys(['example_kubernetes_executor']) retrieved from /home/airflow/.local/lib/python3.7/site-packages/airflow/example_dags/example_kubernetes_executor.py
[2023-01-12T07:40:38.296+0000] {logging_mixin.py:137} INFO - [2023-01-12T07:40:38.296+0000] {dag.py:2676} INFO - Sync 1 DAGs
[2023-01-12T07:40:38.326+0000] {logging_mixin.py:137} INFO - [2023-01-12T07:40:38.326+0000] {dag.py:3427} INFO - Setting next_dagrun for example_kubernetes_executor to None, run_after=None
[2023-01-12T07:40:38.352+0000] {processor.py:175} INFO - Processing /home/airflow/.local/lib/python3.7/site-packages/airflow/example_dags/example_kubernetes_executor.py took 0.128 seconds
[2023-01-12T07:41:08.536+0000] {processor.py:153} INFO - Started process (PID=142) to work on /home/airflow/.local/lib/python3.7/site-packages/airflow/example_dags/example_kubernetes_executor.py
[2023-01-12T07:41:08.538+0000] {processor.py:743} INFO - Processing file /home/airflow/.local/lib/python3.7/site-packages/airflow/example_dags/example_kubernetes_executor.py for tasks to queue
[2023-01-12T07:41:08.540+0000] {logging_mixin.py:137} INFO - [2023-01-12T07:41:08.540+0000] {dagbag.py:538} INFO - Filling up the DagBag from /home/airflow/.local/lib/python3.7/site-packages/airflow/example_dags/example_kubernetes_executor.py
[2023-01-12T07:41:08.566+0000] {processor.py:753} INFO - DAG(s) dict_keys(['example_kubernetes_executor']) retrieved from /home/airflow/.local/lib/python3.7/site-packages/airflow/example_dags/example_kubernetes_executor.py
[2023-01-12T07:41:08.603+0000] {logging_mixin.py:137} INFO - [2023-01-12T07:41:08.603+0000] {dag.py:2676} INFO - Sync 1 DAGs
[2023-01-12T07:41:08.624+0000] {logging_mixin.py:137} INFO - [2023-01-12T07:41:08.624+0000] {dag.py:3427} INFO - Setting next_dagrun for example_kubernetes_executor to None, run_after=None
[2023-01-12T07:41:08.640+0000] {processor.py:175} INFO - Processing /home/airflow/.local/lib/python3.7/site-packages/airflow/example_dags/example_kubernetes_executor.py took 0.109 seconds
[2023-01-12T07:41:38.786+0000] {processor.py:153} INFO - Started process (PID=215) to work on /home/airflow/.local/lib/python3.7/site-packages/airflow/example_dags/example_kubernetes_executor.py
[2023-01-12T07:41:38.789+0000] {processor.py:743} INFO - Processing file /home/airflow/.local/lib/python3.7/site-packages/airflow/example_dags/example_kubernetes_executor.py for tasks to queue
[2023-01-12T07:41:38.790+0000] {logging_mixin.py:137} INFO - [2023-01-12T07:41:38.790+0000] {dagbag.py:538} INFO - Filling up the DagBag from /home/airflow/.local/lib/python3.7/site-packages/airflow/example_dags/example_kubernetes_executor.py
[2023-01-12T07:41:38.815+0000] {processor.py:753} INFO - DAG(s) dict_keys(['example_kubernetes_executor']) retrieved from /home/airflow/.local/lib/python3.7/site-packages/airflow/example_dags/example_kubernetes_executor.py
[2023-01-12T07:41:38.860+0000] {logging_mixin.py:137} INFO - [2023-01-12T07:41:38.860+0000] {dag.py:2676} INFO - Sync 1 DAGs
[2023-01-12T07:41:38.885+0000] {logging_mixin.py:137} INFO - [2023-01-12T07:41:38.884+0000] {dag.py:3427} INFO - Setting next_dagrun for example_kubernetes_executor to None, run_after=None
[2023-01-12T07:41:38.907+0000] {processor.py:175} INFO - Processing /home/airflow/.local/lib/python3.7/site-packages/airflow/example_dags/example_kubernetes_executor.py took 0.123 seconds
[2023-01-12T07:42:09.800+0000] {processor.py:153} INFO - Started process (PID=277) to work on /home/airflow/.local/lib/python3.7/site-packages/airflow/example_dags/example_kubernetes_executor.py
[2023-01-12T07:42:09.802+0000] {processor.py:743} INFO - Processing file /home/airflow/.local/lib/python3.7/site-packages/airflow/example_dags/example_kubernetes_executor.py for tasks to queue
[2023-01-12T07:42:09.804+0000] {logging_mixin.py:137} INFO - [2023-01-12T07:42:09.804+0000] {dagbag.py:538} INFO - Filling up the DagBag from /home/airflow/.local/lib/python3.7/site-packages/airflow/example_dags/example_kubernetes_executor.py
[2023-01-12T07:42:09.827+0000] {processor.py:753} INFO - DAG(s) dict_keys(['example_kubernetes_executor']) retrieved from /home/airflow/.local/lib/python3.7/site-packages/airflow/example_dags/example_kubernetes_executor.py
[2023-01-12T07:42:09.862+0000] {logging_mixin.py:137} INFO - [2023-01-12T07:42:09.861+0000] {dag.py:2676} INFO - Sync 1 DAGs
[2023-01-12T07:42:09.879+0000] {logging_mixin.py:137} INFO - [2023-01-12T07:42:09.879+0000] {dag.py:3427} INFO - Setting next_dagrun for example_kubernetes_executor to None, run_after=None
[2023-01-12T07:42:09.897+0000] {processor.py:175} INFO - Processing /home/airflow/.local/lib/python3.7/site-packages/airflow/example_dags/example_kubernetes_executor.py took 0.100 seconds
[2023-01-12T07:42:40.391+0000] {processor.py:153} INFO - Started process (PID=353) to work on /home/airflow/.local/lib/python3.7/site-packages/airflow/example_dags/example_kubernetes_executor.py
[2023-01-12T07:42:40.393+0000] {processor.py:743} INFO - Processing file /home/airflow/.local/lib/python3.7/site-packages/airflow/example_dags/example_kubernetes_executor.py for tasks to queue
[2023-01-12T07:42:40.395+0000] {logging_mixin.py:137} INFO - [2023-01-12T07:42:40.395+0000] {dagbag.py:538} INFO - Filling up the DagBag from /home/airflow/.local/lib/python3.7/site-packages/airflow/example_dags/example_kubernetes_executor.py
[2023-01-12T07:42:40.427+0000] {processor.py:753} INFO - DAG(s) dict_keys(['example_kubernetes_executor']) retrieved from /home/airflow/.local/lib/python3.7/site-packages/airflow/example_dags/example_kubernetes_executor.py
[2023-01-12T07:42:40.469+0000] {logging_mixin.py:137} INFO - [2023-01-12T07:42:40.468+0000] {dag.py:2676} INFO - Sync 1 DAGs
[2023-01-12T07:42:40.490+0000] {logging_mixin.py:137} INFO - [2023-01-12T07:42:40.490+0000] {dag.py:3427} INFO - Setting next_dagrun for example_kubernetes_executor to None, run_after=None
[2023-01-12T07:42:40.508+0000] {processor.py:175} INFO - Processing /home/airflow/.local/lib/python3.7/site-packages/airflow/example_dags/example_kubernetes_executor.py took 0.122 seconds
[2023-01-12T07:43:11.125+0000] {processor.py:153} INFO - Started process (PID=421) to work on /home/airflow/.local/lib/python3.7/site-packages/airflow/example_dags/example_kubernetes_executor.py
[2023-01-12T07:43:11.127+0000] {processor.py:743} INFO - Processing file /home/airflow/.local/lib/python3.7/site-packages/airflow/example_dags/example_kubernetes_executor.py for tasks to queue
[2023-01-12T07:43:11.130+0000] {logging_mixin.py:137} INFO - [2023-01-12T07:43:11.130+0000] {dagbag.py:538} INFO - Filling up the DagBag from /home/airflow/.local/lib/python3.7/site-packages/airflow/example_dags/example_kubernetes_executor.py
[2023-01-12T07:43:11.153+0000] {processor.py:753} INFO - DAG(s) dict_keys(['example_kubernetes_executor']) retrieved from /home/airflow/.local/lib/python3.7/site-packages/airflow/example_dags/example_kubernetes_executor.py
[2023-01-12T07:43:11.189+0000] {logging_mixin.py:137} INFO - [2023-01-12T07:43:11.189+0000] {dag.py:2676} INFO - Sync 1 DAGs
[2023-01-12T07:43:11.212+0000] {logging_mixin.py:137} INFO - [2023-01-12T07:43:11.212+0000] {dag.py:3427} INFO - Setting next_dagrun for example_kubernetes_executor to None, run_after=None
[2023-01-12T07:43:11.236+0000] {processor.py:175} INFO - Processing /home/airflow/.local/lib/python3.7/site-packages/airflow/example_dags/example_kubernetes_executor.py took 0.114 seconds
[2023-01-12T07:43:41.865+0000] {processor.py:153} INFO - Started process (PID=487) to work on /home/airflow/.local/lib/python3.7/site-packages/airflow/example_dags/example_kubernetes_executor.py
[2023-01-12T07:43:41.867+0000] {processor.py:743} INFO - Processing file /home/airflow/.local/lib/python3.7/site-packages/airflow/example_dags/example_kubernetes_executor.py for tasks to queue
[2023-01-12T07:43:41.869+0000] {logging_mixin.py:137} INFO - [2023-01-12T07:43:41.869+0000] {dagbag.py:538} INFO - Filling up the DagBag from /home/airflow/.local/lib/python3.7/site-packages/airflow/example_dags/example_kubernetes_executor.py
[2023-01-12T07:43:41.896+0000] {processor.py:753} INFO - DAG(s) dict_keys(['example_kubernetes_executor']) retrieved from /home/airflow/.local/lib/python3.7/site-packages/airflow/example_dags/example_kubernetes_executor.py
[2023-01-12T07:43:41.932+0000] {logging_mixin.py:137} INFO - [2023-01-12T07:43:41.932+0000] {dag.py:2676} INFO - Sync 1 DAGs
[2023-01-12T07:43:41.958+0000] {logging_mixin.py:137} INFO - [2023-01-12T07:43:41.958+0000] {dag.py:3427} INFO - Setting next_dagrun for example_kubernetes_executor to None, run_after=None
[2023-01-12T07:43:41.982+0000] {processor.py:175} INFO - Processing /home/airflow/.local/lib/python3.7/site-packages/airflow/example_dags/example_kubernetes_executor.py took 0.120 seconds
[2023-01-12T07:44:12.099+0000] {processor.py:153} INFO - Started process (PID=561) to work on /home/airflow/.local/lib/python3.7/site-packages/airflow/example_dags/example_kubernetes_executor.py
[2023-01-12T07:44:12.100+0000] {processor.py:743} INFO - Processing file /home/airflow/.local/lib/python3.7/site-packages/airflow/example_dags/example_kubernetes_executor.py for tasks to queue
[2023-01-12T07:44:12.102+0000] {logging_mixin.py:137} INFO - [2023-01-12T07:44:12.101+0000] {dagbag.py:538} INFO - Filling up the DagBag from /home/airflow/.local/lib/python3.7/site-packages/airflow/example_dags/example_kubernetes_executor.py
[2023-01-12T07:44:12.122+0000] {processor.py:753} INFO - DAG(s) dict_keys(['example_kubernetes_executor']) retrieved from /home/airflow/.local/lib/python3.7/site-packages/airflow/example_dags/example_kubernetes_executor.py
[2023-01-12T07:44:12.154+0000] {logging_mixin.py:137} INFO - [2023-01-12T07:44:12.154+0000] {dag.py:2676} INFO - Sync 1 DAGs
[2023-01-12T07:44:12.171+0000] {logging_mixin.py:137} INFO - [2023-01-12T07:44:12.171+0000] {dag.py:3427} INFO - Setting next_dagrun for example_kubernetes_executor to None, run_after=None
[2023-01-12T07:44:12.190+0000] {processor.py:175} INFO - Processing /home/airflow/.local/lib/python3.7/site-packages/airflow/example_dags/example_kubernetes_executor.py took 0.094 seconds
[2023-01-12T07:44:42.622+0000] {processor.py:153} INFO - Started process (PID=623) to work on /home/airflow/.local/lib/python3.7/site-packages/airflow/example_dags/example_kubernetes_executor.py
[2023-01-12T07:44:42.624+0000] {processor.py:743} INFO - Processing file /home/airflow/.local/lib/python3.7/site-packages/airflow/example_dags/example_kubernetes_executor.py for tasks to queue
[2023-01-12T07:44:42.625+0000] {logging_mixin.py:137} INFO - [2023-01-12T07:44:42.625+0000] {dagbag.py:538} INFO - Filling up the DagBag from /home/airflow/.local/lib/python3.7/site-packages/airflow/example_dags/example_kubernetes_executor.py
[2023-01-12T07:44:42.646+0000] {processor.py:753} INFO - DAG(s) dict_keys(['example_kubernetes_executor']) retrieved from /home/airflow/.local/lib/python3.7/site-packages/airflow/example_dags/example_kubernetes_executor.py
[2023-01-12T07:44:42.679+0000] {logging_mixin.py:137} INFO - [2023-01-12T07:44:42.678+0000] {dag.py:2676} INFO - Sync 1 DAGs
[2023-01-12T07:44:42.697+0000] {logging_mixin.py:137} INFO - [2023-01-12T07:44:42.697+0000] {dag.py:3427} INFO - Setting next_dagrun for example_kubernetes_executor to None, run_after=None
[2023-01-12T07:44:42.711+0000] {processor.py:175} INFO - Processing /home/airflow/.local/lib/python3.7/site-packages/airflow/example_dags/example_kubernetes_executor.py took 0.091 seconds
[2023-01-12T07:45:13.283+0000] {processor.py:153} INFO - Started process (PID=698) to work on /home/airflow/.local/lib/python3.7/site-packages/airflow/example_dags/example_kubernetes_executor.py
[2023-01-12T07:45:13.285+0000] {processor.py:743} INFO - Processing file /home/airflow/.local/lib/python3.7/site-packages/airflow/example_dags/example_kubernetes_executor.py for tasks to queue
[2023-01-12T07:45:13.288+0000] {logging_mixin.py:137} INFO - [2023-01-12T07:45:13.287+0000] {dagbag.py:538} INFO - Filling up the DagBag from /home/airflow/.local/lib/python3.7/site-packages/airflow/example_dags/example_kubernetes_executor.py
[2023-01-12T07:45:13.316+0000] {processor.py:753} INFO - DAG(s) dict_keys(['example_kubernetes_executor']) retrieved from /home/airflow/.local/lib/python3.7/site-packages/airflow/example_dags/example_kubernetes_executor.py
[2023-01-12T07:45:13.350+0000] {logging_mixin.py:137} INFO - [2023-01-12T07:45:13.350+0000] {dag.py:2676} INFO - Sync 1 DAGs
[2023-01-12T07:45:13.369+0000] {logging_mixin.py:137} INFO - [2023-01-12T07:45:13.369+0000] {dag.py:3427} INFO - Setting next_dagrun for example_kubernetes_executor to None, run_after=None
[2023-01-12T07:45:13.383+0000] {processor.py:175} INFO - Processing /home/airflow/.local/lib/python3.7/site-packages/airflow/example_dags/example_kubernetes_executor.py took 0.102 seconds
[2023-01-12T07:45:44.334+0000] {processor.py:153} INFO - Started process (PID=772) to work on /home/airflow/.local/lib/python3.7/site-packages/airflow/example_dags/example_kubernetes_executor.py
[2023-01-12T07:45:44.335+0000] {processor.py:743} INFO - Processing file /home/airflow/.local/lib/python3.7/site-packages/airflow/example_dags/example_kubernetes_executor.py for tasks to queue
[2023-01-12T07:45:44.337+0000] {logging_mixin.py:137} INFO - [2023-01-12T07:45:44.337+0000] {dagbag.py:538} INFO - Filling up the DagBag from /home/airflow/.local/lib/python3.7/site-packages/airflow/example_dags/example_kubernetes_executor.py
[2023-01-12T07:45:44.359+0000] {processor.py:753} INFO - DAG(s) dict_keys(['example_kubernetes_executor']) retrieved from /home/airflow/.local/lib/python3.7/site-packages/airflow/example_dags/example_kubernetes_executor.py
[2023-01-12T07:45:44.390+0000] {logging_mixin.py:137} INFO - [2023-01-12T07:45:44.390+0000] {dag.py:2676} INFO - Sync 1 DAGs
[2023-01-12T07:45:44.408+0000] {logging_mixin.py:137} INFO - [2023-01-12T07:45:44.408+0000] {dag.py:3427} INFO - Setting next_dagrun for example_kubernetes_executor to None, run_after=None
[2023-01-12T07:45:44.426+0000] {processor.py:175} INFO - Processing /home/airflow/.local/lib/python3.7/site-packages/airflow/example_dags/example_kubernetes_executor.py took 0.095 seconds
[2023-01-12T07:46:15.085+0000] {processor.py:153} INFO - Started process (PID=834) to work on /home/airflow/.local/lib/python3.7/site-packages/airflow/example_dags/example_kubernetes_executor.py
[2023-01-12T07:46:15.087+0000] {processor.py:743} INFO - Processing file /home/airflow/.local/lib/python3.7/site-packages/airflow/example_dags/example_kubernetes_executor.py for tasks to queue
[2023-01-12T07:46:15.089+0000] {logging_mixin.py:137} INFO - [2023-01-12T07:46:15.089+0000] {dagbag.py:538} INFO - Filling up the DagBag from /home/airflow/.local/lib/python3.7/site-packages/airflow/example_dags/example_kubernetes_executor.py
[2023-01-12T07:46:15.111+0000] {processor.py:753} INFO - DAG(s) dict_keys(['example_kubernetes_executor']) retrieved from /home/airflow/.local/lib/python3.7/site-packages/airflow/example_dags/example_kubernetes_executor.py
[2023-01-12T07:46:15.144+0000] {logging_mixin.py:137} INFO - [2023-01-12T07:46:15.144+0000] {dag.py:2676} INFO - Sync 1 DAGs
[2023-01-12T07:46:15.161+0000] {logging_mixin.py:137} INFO - [2023-01-12T07:46:15.161+0000] {dag.py:3427} INFO - Setting next_dagrun for example_kubernetes_executor to None, run_after=None
[2023-01-12T07:46:15.177+0000] {processor.py:175} INFO - Processing /home/airflow/.local/lib/python3.7/site-packages/airflow/example_dags/example_kubernetes_executor.py took 0.095 seconds
[2023-01-12T07:46:45.850+0000] {processor.py:153} INFO - Started process (PID=909) to work on /home/airflow/.local/lib/python3.7/site-packages/airflow/example_dags/example_kubernetes_executor.py
[2023-01-12T07:46:45.852+0000] {processor.py:743} INFO - Processing file /home/airflow/.local/lib/python3.7/site-packages/airflow/example_dags/example_kubernetes_executor.py for tasks to queue
[2023-01-12T07:46:45.854+0000] {logging_mixin.py:137} INFO - [2023-01-12T07:46:45.854+0000] {dagbag.py:538} INFO - Filling up the DagBag from /home/airflow/.local/lib/python3.7/site-packages/airflow/example_dags/example_kubernetes_executor.py
[2023-01-12T07:46:45.881+0000] {processor.py:753} INFO - DAG(s) dict_keys(['example_kubernetes_executor']) retrieved from /home/airflow/.local/lib/python3.7/site-packages/airflow/example_dags/example_kubernetes_executor.py
[2023-01-12T07:46:45.915+0000] {logging_mixin.py:137} INFO - [2023-01-12T07:46:45.915+0000] {dag.py:2676} INFO - Sync 1 DAGs
[2023-01-12T07:46:45.934+0000] {logging_mixin.py:137} INFO - [2023-01-12T07:46:45.934+0000] {dag.py:3427} INFO - Setting next_dagrun for example_kubernetes_executor to None, run_after=None
[2023-01-12T07:46:45.949+0000] {processor.py:175} INFO - Processing /home/airflow/.local/lib/python3.7/site-packages/airflow/example_dags/example_kubernetes_executor.py took 0.102 seconds
[2023-01-12T07:47:16.695+0000] {processor.py:153} INFO - Started process (PID=980) to work on /home/airflow/.local/lib/python3.7/site-packages/airflow/example_dags/example_kubernetes_executor.py
[2023-01-12T07:47:16.699+0000] {processor.py:743} INFO - Processing file /home/airflow/.local/lib/python3.7/site-packages/airflow/example_dags/example_kubernetes_executor.py for tasks to queue
[2023-01-12T07:47:16.702+0000] {logging_mixin.py:137} INFO - [2023-01-12T07:47:16.702+0000] {dagbag.py:538} INFO - Filling up the DagBag from /home/airflow/.local/lib/python3.7/site-packages/airflow/example_dags/example_kubernetes_executor.py
[2023-01-12T07:47:16.748+0000] {processor.py:753} INFO - DAG(s) dict_keys(['example_kubernetes_executor']) retrieved from /home/airflow/.local/lib/python3.7/site-packages/airflow/example_dags/example_kubernetes_executor.py
[2023-01-12T07:47:16.821+0000] {logging_mixin.py:137} INFO - [2023-01-12T07:47:16.821+0000] {dag.py:2676} INFO - Sync 1 DAGs
[2023-01-12T07:47:16.876+0000] {logging_mixin.py:137} INFO - [2023-01-12T07:47:16.876+0000] {dag.py:3427} INFO - Setting next_dagrun for example_kubernetes_executor to None, run_after=None
[2023-01-12T07:47:16.909+0000] {processor.py:175} INFO - Processing /home/airflow/.local/lib/python3.7/site-packages/airflow/example_dags/example_kubernetes_executor.py took 0.229 seconds
[2023-01-12T07:47:47.732+0000] {processor.py:153} INFO - Started process (PID=1047) to work on /home/airflow/.local/lib/python3.7/site-packages/airflow/example_dags/example_kubernetes_executor.py
[2023-01-12T07:47:47.734+0000] {processor.py:743} INFO - Processing file /home/airflow/.local/lib/python3.7/site-packages/airflow/example_dags/example_kubernetes_executor.py for tasks to queue
[2023-01-12T07:47:47.736+0000] {logging_mixin.py:137} INFO - [2023-01-12T07:47:47.736+0000] {dagbag.py:538} INFO - Filling up the DagBag from /home/airflow/.local/lib/python3.7/site-packages/airflow/example_dags/example_kubernetes_executor.py
[2023-01-12T07:47:47.763+0000] {processor.py:753} INFO - DAG(s) dict_keys(['example_kubernetes_executor']) retrieved from /home/airflow/.local/lib/python3.7/site-packages/airflow/example_dags/example_kubernetes_executor.py
[2023-01-12T07:47:47.798+0000] {logging_mixin.py:137} INFO - [2023-01-12T07:47:47.798+0000] {dag.py:2676} INFO - Sync 1 DAGs
[2023-01-12T07:47:47.817+0000] {logging_mixin.py:137} INFO - [2023-01-12T07:47:47.817+0000] {dag.py:3427} INFO - Setting next_dagrun for example_kubernetes_executor to None, run_after=None
[2023-01-12T07:47:47.834+0000] {processor.py:175} INFO - Processing /home/airflow/.local/lib/python3.7/site-packages/airflow/example_dags/example_kubernetes_executor.py took 0.106 seconds
[2023-01-12T07:48:18.654+0000] {processor.py:153} INFO - Started process (PID=1120) to work on /home/airflow/.local/lib/python3.7/site-packages/airflow/example_dags/example_kubernetes_executor.py
[2023-01-12T07:48:18.657+0000] {processor.py:743} INFO - Processing file /home/airflow/.local/lib/python3.7/site-packages/airflow/example_dags/example_kubernetes_executor.py for tasks to queue
[2023-01-12T07:48:18.659+0000] {logging_mixin.py:137} INFO - [2023-01-12T07:48:18.659+0000] {dagbag.py:538} INFO - Filling up the DagBag from /home/airflow/.local/lib/python3.7/site-packages/airflow/example_dags/example_kubernetes_executor.py
[2023-01-12T07:48:18.682+0000] {processor.py:753} INFO - DAG(s) dict_keys(['example_kubernetes_executor']) retrieved from /home/airflow/.local/lib/python3.7/site-packages/airflow/example_dags/example_kubernetes_executor.py
[2023-01-12T07:48:18.715+0000] {logging_mixin.py:137} INFO - [2023-01-12T07:48:18.715+0000] {dag.py:2676} INFO - Sync 1 DAGs
[2023-01-12T07:48:18.733+0000] {logging_mixin.py:137} INFO - [2023-01-12T07:48:18.733+0000] {dag.py:3427} INFO - Setting next_dagrun for example_kubernetes_executor to None, run_after=None
[2023-01-12T07:48:18.752+0000] {processor.py:175} INFO - Processing /home/airflow/.local/lib/python3.7/site-packages/airflow/example_dags/example_kubernetes_executor.py took 0.100 seconds
[2023-01-12T07:48:49.169+0000] {processor.py:153} INFO - Started process (PID=1181) to work on /home/airflow/.local/lib/python3.7/site-packages/airflow/example_dags/example_kubernetes_executor.py
[2023-01-12T07:48:49.170+0000] {processor.py:743} INFO - Processing file /home/airflow/.local/lib/python3.7/site-packages/airflow/example_dags/example_kubernetes_executor.py for tasks to queue
[2023-01-12T07:48:49.172+0000] {logging_mixin.py:137} INFO - [2023-01-12T07:48:49.172+0000] {dagbag.py:538} INFO - Filling up the DagBag from /home/airflow/.local/lib/python3.7/site-packages/airflow/example_dags/example_kubernetes_executor.py
[2023-01-12T07:48:49.196+0000] {processor.py:753} INFO - DAG(s) dict_keys(['example_kubernetes_executor']) retrieved from /home/airflow/.local/lib/python3.7/site-packages/airflow/example_dags/example_kubernetes_executor.py
[2023-01-12T07:48:49.230+0000] {logging_mixin.py:137} INFO - [2023-01-12T07:48:49.229+0000] {dag.py:2676} INFO - Sync 1 DAGs
[2023-01-12T07:48:49.250+0000] {logging_mixin.py:137} INFO - [2023-01-12T07:48:49.249+0000] {dag.py:3427} INFO - Setting next_dagrun for example_kubernetes_executor to None, run_after=None
[2023-01-12T07:48:49.266+0000] {processor.py:175} INFO - Processing /home/airflow/.local/lib/python3.7/site-packages/airflow/example_dags/example_kubernetes_executor.py took 0.100 seconds
[2023-01-12T07:49:19.805+0000] {processor.py:153} INFO - Started process (PID=1257) to work on /home/airflow/.local/lib/python3.7/site-packages/airflow/example_dags/example_kubernetes_executor.py
[2023-01-12T07:49:19.807+0000] {processor.py:743} INFO - Processing file /home/airflow/.local/lib/python3.7/site-packages/airflow/example_dags/example_kubernetes_executor.py for tasks to queue
[2023-01-12T07:49:19.809+0000] {logging_mixin.py:137} INFO - [2023-01-12T07:49:19.809+0000] {dagbag.py:538} INFO - Filling up the DagBag from /home/airflow/.local/lib/python3.7/site-packages/airflow/example_dags/example_kubernetes_executor.py
[2023-01-12T07:49:19.831+0000] {processor.py:753} INFO - DAG(s) dict_keys(['example_kubernetes_executor']) retrieved from /home/airflow/.local/lib/python3.7/site-packages/airflow/example_dags/example_kubernetes_executor.py
[2023-01-12T07:49:19.863+0000] {logging_mixin.py:137} INFO - [2023-01-12T07:49:19.863+0000] {dag.py:2676} INFO - Sync 1 DAGs
[2023-01-12T07:49:19.882+0000] {logging_mixin.py:137} INFO - [2023-01-12T07:49:19.882+0000] {dag.py:3427} INFO - Setting next_dagrun for example_kubernetes_executor to None, run_after=None
[2023-01-12T07:49:19.901+0000] {processor.py:175} INFO - Processing /home/airflow/.local/lib/python3.7/site-packages/airflow/example_dags/example_kubernetes_executor.py took 0.099 seconds
[2023-01-12T07:49:50.854+0000] {processor.py:153} INFO - Started process (PID=1331) to work on /home/airflow/.local/lib/python3.7/site-packages/airflow/example_dags/example_kubernetes_executor.py
[2023-01-12T07:49:50.856+0000] {processor.py:743} INFO - Processing file /home/airflow/.local/lib/python3.7/site-packages/airflow/example_dags/example_kubernetes_executor.py for tasks to queue
[2023-01-12T07:49:50.859+0000] {logging_mixin.py:137} INFO - [2023-01-12T07:49:50.859+0000] {dagbag.py:538} INFO - Filling up the DagBag from /home/airflow/.local/lib/python3.7/site-packages/airflow/example_dags/example_kubernetes_executor.py
[2023-01-12T07:49:50.884+0000] {processor.py:753} INFO - DAG(s) dict_keys(['example_kubernetes_executor']) retrieved from /home/airflow/.local/lib/python3.7/site-packages/airflow/example_dags/example_kubernetes_executor.py
[2023-01-12T07:49:50.920+0000] {logging_mixin.py:137} INFO - [2023-01-12T07:49:50.920+0000] {dag.py:2676} INFO - Sync 1 DAGs
[2023-01-12T07:49:50.941+0000] {logging_mixin.py:137} INFO - [2023-01-12T07:49:50.941+0000] {dag.py:3427} INFO - Setting next_dagrun for example_kubernetes_executor to None, run_after=None
[2023-01-12T07:49:50.960+0000] {processor.py:175} INFO - Processing /home/airflow/.local/lib/python3.7/site-packages/airflow/example_dags/example_kubernetes_executor.py took 0.109 seconds
[2023-01-12T07:50:21.470+0000] {processor.py:153} INFO - Started process (PID=1394) to work on /home/airflow/.local/lib/python3.7/site-packages/airflow/example_dags/example_kubernetes_executor.py
[2023-01-12T07:50:21.472+0000] {processor.py:743} INFO - Processing file /home/airflow/.local/lib/python3.7/site-packages/airflow/example_dags/example_kubernetes_executor.py for tasks to queue
[2023-01-12T07:50:21.473+0000] {logging_mixin.py:137} INFO - [2023-01-12T07:50:21.473+0000] {dagbag.py:538} INFO - Filling up the DagBag from /home/airflow/.local/lib/python3.7/site-packages/airflow/example_dags/example_kubernetes_executor.py
[2023-01-12T07:50:21.496+0000] {processor.py:753} INFO - DAG(s) dict_keys(['example_kubernetes_executor']) retrieved from /home/airflow/.local/lib/python3.7/site-packages/airflow/example_dags/example_kubernetes_executor.py
[2023-01-12T07:50:21.526+0000] {logging_mixin.py:137} INFO - [2023-01-12T07:50:21.526+0000] {dag.py:2676} INFO - Sync 1 DAGs
[2023-01-12T07:50:21.544+0000] {logging_mixin.py:137} INFO - [2023-01-12T07:50:21.544+0000] {dag.py:3427} INFO - Setting next_dagrun for example_kubernetes_executor to None, run_after=None
[2023-01-12T07:50:21.562+0000] {processor.py:175} INFO - Processing /home/airflow/.local/lib/python3.7/site-packages/airflow/example_dags/example_kubernetes_executor.py took 0.094 seconds
[2023-01-12T07:50:52.440+0000] {processor.py:153} INFO - Started process (PID=1467) to work on /home/airflow/.local/lib/python3.7/site-packages/airflow/example_dags/example_kubernetes_executor.py
[2023-01-12T07:50:52.445+0000] {processor.py:743} INFO - Processing file /home/airflow/.local/lib/python3.7/site-packages/airflow/example_dags/example_kubernetes_executor.py for tasks to queue
[2023-01-12T07:50:52.447+0000] {logging_mixin.py:137} INFO - [2023-01-12T07:50:52.447+0000] {dagbag.py:538} INFO - Filling up the DagBag from /home/airflow/.local/lib/python3.7/site-packages/airflow/example_dags/example_kubernetes_executor.py
[2023-01-12T07:50:52.472+0000] {processor.py:753} INFO - DAG(s) dict_keys(['example_kubernetes_executor']) retrieved from /home/airflow/.local/lib/python3.7/site-packages/airflow/example_dags/example_kubernetes_executor.py
[2023-01-12T07:50:52.508+0000] {logging_mixin.py:137} INFO - [2023-01-12T07:50:52.507+0000] {dag.py:2676} INFO - Sync 1 DAGs
[2023-01-12T07:50:52.527+0000] {logging_mixin.py:137} INFO - [2023-01-12T07:50:52.527+0000] {dag.py:3427} INFO - Setting next_dagrun for example_kubernetes_executor to None, run_after=None
[2023-01-12T07:50:52.547+0000] {processor.py:175} INFO - Processing /home/airflow/.local/lib/python3.7/site-packages/airflow/example_dags/example_kubernetes_executor.py took 0.111 seconds
[2023-01-12T07:51:23.357+0000] {processor.py:153} INFO - Started process (PID=1534) to work on /home/airflow/.local/lib/python3.7/site-packages/airflow/example_dags/example_kubernetes_executor.py
[2023-01-12T07:51:23.359+0000] {processor.py:743} INFO - Processing file /home/airflow/.local/lib/python3.7/site-packages/airflow/example_dags/example_kubernetes_executor.py for tasks to queue
[2023-01-12T07:51:23.360+0000] {logging_mixin.py:137} INFO - [2023-01-12T07:51:23.360+0000] {dagbag.py:538} INFO - Filling up the DagBag from /home/airflow/.local/lib/python3.7/site-packages/airflow/example_dags/example_kubernetes_executor.py
[2023-01-12T07:51:23.387+0000] {processor.py:753} INFO - DAG(s) dict_keys(['example_kubernetes_executor']) retrieved from /home/airflow/.local/lib/python3.7/site-packages/airflow/example_dags/example_kubernetes_executor.py
[2023-01-12T07:51:23.439+0000] {logging_mixin.py:137} INFO - [2023-01-12T07:51:23.439+0000] {dag.py:2676} INFO - Sync 1 DAGs
[2023-01-12T07:51:23.470+0000] {logging_mixin.py:137} INFO - [2023-01-12T07:51:23.470+0000] {dag.py:3427} INFO - Setting next_dagrun for example_kubernetes_executor to None, run_after=None
[2023-01-12T07:51:23.503+0000] {processor.py:175} INFO - Processing /home/airflow/.local/lib/python3.7/site-packages/airflow/example_dags/example_kubernetes_executor.py took 0.149 seconds
[2023-01-12T07:51:54.253+0000] {processor.py:153} INFO - Started process (PID=1600) to work on /home/airflow/.local/lib/python3.7/site-packages/airflow/example_dags/example_kubernetes_executor.py
[2023-01-12T07:51:54.256+0000] {processor.py:743} INFO - Processing file /home/airflow/.local/lib/python3.7/site-packages/airflow/example_dags/example_kubernetes_executor.py for tasks to queue
[2023-01-12T07:51:54.258+0000] {logging_mixin.py:137} INFO - [2023-01-12T07:51:54.258+0000] {dagbag.py:538} INFO - Filling up the DagBag from /home/airflow/.local/lib/python3.7/site-packages/airflow/example_dags/example_kubernetes_executor.py
[2023-01-12T07:51:54.283+0000] {processor.py:753} INFO - DAG(s) dict_keys(['example_kubernetes_executor']) retrieved from /home/airflow/.local/lib/python3.7/site-packages/airflow/example_dags/example_kubernetes_executor.py
[2023-01-12T07:51:54.316+0000] {logging_mixin.py:137} INFO - [2023-01-12T07:51:54.316+0000] {dag.py:2676} INFO - Sync 1 DAGs
[2023-01-12T07:51:54.336+0000] {logging_mixin.py:137} INFO - [2023-01-12T07:51:54.336+0000] {dag.py:3427} INFO - Setting next_dagrun for example_kubernetes_executor to None, run_after=None
[2023-01-12T07:51:54.353+0000] {processor.py:175} INFO - Processing /home/airflow/.local/lib/python3.7/site-packages/airflow/example_dags/example_kubernetes_executor.py took 0.103 seconds
[2023-01-12T07:52:25.301+0000] {processor.py:153} INFO - Started process (PID=1675) to work on /home/airflow/.local/lib/python3.7/site-packages/airflow/example_dags/example_kubernetes_executor.py
[2023-01-12T07:52:25.304+0000] {processor.py:743} INFO - Processing file /home/airflow/.local/lib/python3.7/site-packages/airflow/example_dags/example_kubernetes_executor.py for tasks to queue
[2023-01-12T07:52:25.306+0000] {logging_mixin.py:137} INFO - [2023-01-12T07:52:25.306+0000] {dagbag.py:538} INFO - Filling up the DagBag from /home/airflow/.local/lib/python3.7/site-packages/airflow/example_dags/example_kubernetes_executor.py
[2023-01-12T07:52:25.334+0000] {processor.py:753} INFO - DAG(s) dict_keys(['example_kubernetes_executor']) retrieved from /home/airflow/.local/lib/python3.7/site-packages/airflow/example_dags/example_kubernetes_executor.py
[2023-01-12T07:52:25.366+0000] {logging_mixin.py:137} INFO - [2023-01-12T07:52:25.366+0000] {dag.py:2676} INFO - Sync 1 DAGs
[2023-01-12T07:52:25.384+0000] {logging_mixin.py:137} INFO - [2023-01-12T07:52:25.384+0000] {dag.py:3427} INFO - Setting next_dagrun for example_kubernetes_executor to None, run_after=None
[2023-01-12T07:52:25.403+0000] {processor.py:175} INFO - Processing /home/airflow/.local/lib/python3.7/site-packages/airflow/example_dags/example_kubernetes_executor.py took 0.105 seconds
[2023-01-12T07:52:55.922+0000] {processor.py:153} INFO - Started process (PID=1736) to work on /home/airflow/.local/lib/python3.7/site-packages/airflow/example_dags/example_kubernetes_executor.py
[2023-01-12T07:52:55.924+0000] {processor.py:743} INFO - Processing file /home/airflow/.local/lib/python3.7/site-packages/airflow/example_dags/example_kubernetes_executor.py for tasks to queue
[2023-01-12T07:52:55.926+0000] {logging_mixin.py:137} INFO - [2023-01-12T07:52:55.926+0000] {dagbag.py:538} INFO - Filling up the DagBag from /home/airflow/.local/lib/python3.7/site-packages/airflow/example_dags/example_kubernetes_executor.py
[2023-01-12T07:52:55.951+0000] {processor.py:753} INFO - DAG(s) dict_keys(['example_kubernetes_executor']) retrieved from /home/airflow/.local/lib/python3.7/site-packages/airflow/example_dags/example_kubernetes_executor.py
[2023-01-12T07:52:55.984+0000] {logging_mixin.py:137} INFO - [2023-01-12T07:52:55.984+0000] {dag.py:2676} INFO - Sync 1 DAGs
[2023-01-12T07:52:56.003+0000] {logging_mixin.py:137} INFO - [2023-01-12T07:52:56.003+0000] {dag.py:3427} INFO - Setting next_dagrun for example_kubernetes_executor to None, run_after=None
[2023-01-12T07:52:56.020+0000] {processor.py:175} INFO - Processing /home/airflow/.local/lib/python3.7/site-packages/airflow/example_dags/example_kubernetes_executor.py took 0.106 seconds
[2023-01-12T07:53:26.442+0000] {processor.py:153} INFO - Started process (PID=1809) to work on /home/airflow/.local/lib/python3.7/site-packages/airflow/example_dags/example_kubernetes_executor.py
[2023-01-12T07:53:26.444+0000] {processor.py:743} INFO - Processing file /home/airflow/.local/lib/python3.7/site-packages/airflow/example_dags/example_kubernetes_executor.py for tasks to queue
[2023-01-12T07:53:26.446+0000] {logging_mixin.py:137} INFO - [2023-01-12T07:53:26.445+0000] {dagbag.py:538} INFO - Filling up the DagBag from /home/airflow/.local/lib/python3.7/site-packages/airflow/example_dags/example_kubernetes_executor.py
[2023-01-12T07:53:26.467+0000] {processor.py:753} INFO - DAG(s) dict_keys(['example_kubernetes_executor']) retrieved from /home/airflow/.local/lib/python3.7/site-packages/airflow/example_dags/example_kubernetes_executor.py
[2023-01-12T07:53:26.500+0000] {logging_mixin.py:137} INFO - [2023-01-12T07:53:26.500+0000] {dag.py:2676} INFO - Sync 1 DAGs
[2023-01-12T07:53:26.518+0000] {logging_mixin.py:137} INFO - [2023-01-12T07:53:26.518+0000] {dag.py:3427} INFO - Setting next_dagrun for example_kubernetes_executor to None, run_after=None
[2023-01-12T07:53:26.533+0000] {processor.py:175} INFO - Processing /home/airflow/.local/lib/python3.7/site-packages/airflow/example_dags/example_kubernetes_executor.py took 0.094 seconds
[2023-01-12T07:53:57.037+0000] {processor.py:153} INFO - Started process (PID=1883) to work on /home/airflow/.local/lib/python3.7/site-packages/airflow/example_dags/example_kubernetes_executor.py
[2023-01-12T07:53:57.039+0000] {processor.py:743} INFO - Processing file /home/airflow/.local/lib/python3.7/site-packages/airflow/example_dags/example_kubernetes_executor.py for tasks to queue
[2023-01-12T07:53:57.041+0000] {logging_mixin.py:137} INFO - [2023-01-12T07:53:57.041+0000] {dagbag.py:538} INFO - Filling up the DagBag from /home/airflow/.local/lib/python3.7/site-packages/airflow/example_dags/example_kubernetes_executor.py
[2023-01-12T07:53:57.092+0000] {processor.py:753} INFO - DAG(s) dict_keys(['example_kubernetes_executor']) retrieved from /home/airflow/.local/lib/python3.7/site-packages/airflow/example_dags/example_kubernetes_executor.py
[2023-01-12T07:53:57.131+0000] {logging_mixin.py:137} INFO - [2023-01-12T07:53:57.131+0000] {dag.py:2676} INFO - Sync 1 DAGs
[2023-01-12T07:53:57.154+0000] {logging_mixin.py:137} INFO - [2023-01-12T07:53:57.154+0000] {dag.py:3427} INFO - Setting next_dagrun for example_kubernetes_executor to None, run_after=None
[2023-01-12T07:53:57.171+0000] {processor.py:175} INFO - Processing /home/airflow/.local/lib/python3.7/site-packages/airflow/example_dags/example_kubernetes_executor.py took 0.139 seconds
