[2023-01-12T07:27:05.386+0000] {processor.py:153} INFO - Started process (PID=42) to work on /home/airflow/.local/lib/python3.7/site-packages/airflow/example_dags/example_xcom.py
[2023-01-12T07:27:05.399+0000] {processor.py:743} INFO - Processing file /home/airflow/.local/lib/python3.7/site-packages/airflow/example_dags/example_xcom.py for tasks to queue
[2023-01-12T07:27:05.401+0000] {logging_mixin.py:137} INFO - [2023-01-12T07:27:05.401+0000] {dagbag.py:538} INFO - Filling up the DagBag from /home/airflow/.local/lib/python3.7/site-packages/airflow/example_dags/example_xcom.py
[2023-01-12T07:27:05.475+0000] {processor.py:753} INFO - DAG(s) dict_keys(['example_xcom']) retrieved from /home/airflow/.local/lib/python3.7/site-packages/airflow/example_dags/example_xcom.py
[2023-01-12T07:27:05.532+0000] {logging_mixin.py:137} INFO - [2023-01-12T07:27:05.532+0000] {dag.py:2676} INFO - Sync 1 DAGs
[2023-01-12T07:27:05.560+0000] {logging_mixin.py:137} INFO - [2023-01-12T07:27:05.560+0000] {dag.py:3427} INFO - Setting next_dagrun for example_xcom to 2021-01-01T00:00:00+00:00, run_after=2021-01-01T00:00:00+00:00
[2023-01-12T07:27:05.593+0000] {processor.py:175} INFO - Processing /home/airflow/.local/lib/python3.7/site-packages/airflow/example_dags/example_xcom.py took 0.220 seconds
[2023-01-12T07:27:35.982+0000] {processor.py:153} INFO - Started process (PID=116) to work on /home/airflow/.local/lib/python3.7/site-packages/airflow/example_dags/example_xcom.py
[2023-01-12T07:27:35.984+0000] {processor.py:743} INFO - Processing file /home/airflow/.local/lib/python3.7/site-packages/airflow/example_dags/example_xcom.py for tasks to queue
[2023-01-12T07:27:35.986+0000] {logging_mixin.py:137} INFO - [2023-01-12T07:27:35.986+0000] {dagbag.py:538} INFO - Filling up the DagBag from /home/airflow/.local/lib/python3.7/site-packages/airflow/example_dags/example_xcom.py
[2023-01-12T07:27:36.013+0000] {processor.py:753} INFO - DAG(s) dict_keys(['example_xcom']) retrieved from /home/airflow/.local/lib/python3.7/site-packages/airflow/example_dags/example_xcom.py
[2023-01-12T07:27:36.042+0000] {logging_mixin.py:137} INFO - [2023-01-12T07:27:36.042+0000] {dag.py:2676} INFO - Sync 1 DAGs
[2023-01-12T07:27:36.060+0000] {logging_mixin.py:137} INFO - [2023-01-12T07:27:36.059+0000] {dag.py:3427} INFO - Setting next_dagrun for example_xcom to 2021-01-01T00:00:00+00:00, run_after=2021-01-01T00:00:00+00:00
[2023-01-12T07:27:36.072+0000] {processor.py:175} INFO - Processing /home/airflow/.local/lib/python3.7/site-packages/airflow/example_dags/example_xcom.py took 0.093 seconds
[2023-01-12T07:28:06.908+0000] {processor.py:153} INFO - Started process (PID=183) to work on /home/airflow/.local/lib/python3.7/site-packages/airflow/example_dags/example_xcom.py
[2023-01-12T07:28:06.911+0000] {processor.py:743} INFO - Processing file /home/airflow/.local/lib/python3.7/site-packages/airflow/example_dags/example_xcom.py for tasks to queue
[2023-01-12T07:28:06.912+0000] {logging_mixin.py:137} INFO - [2023-01-12T07:28:06.912+0000] {dagbag.py:538} INFO - Filling up the DagBag from /home/airflow/.local/lib/python3.7/site-packages/airflow/example_dags/example_xcom.py
[2023-01-12T07:28:06.933+0000] {processor.py:753} INFO - DAG(s) dict_keys(['example_xcom']) retrieved from /home/airflow/.local/lib/python3.7/site-packages/airflow/example_dags/example_xcom.py
[2023-01-12T07:28:06.971+0000] {logging_mixin.py:137} INFO - [2023-01-12T07:28:06.971+0000] {dag.py:2676} INFO - Sync 1 DAGs
[2023-01-12T07:28:06.994+0000] {logging_mixin.py:137} INFO - [2023-01-12T07:28:06.994+0000] {dag.py:3427} INFO - Setting next_dagrun for example_xcom to 2021-01-01T00:00:00+00:00, run_after=2021-01-01T00:00:00+00:00
[2023-01-12T07:28:07.013+0000] {processor.py:175} INFO - Processing /home/airflow/.local/lib/python3.7/site-packages/airflow/example_dags/example_xcom.py took 0.107 seconds
[2023-01-12T07:28:37.616+0000] {processor.py:153} INFO - Started process (PID=250) to work on /home/airflow/.local/lib/python3.7/site-packages/airflow/example_dags/example_xcom.py
[2023-01-12T07:28:37.618+0000] {processor.py:743} INFO - Processing file /home/airflow/.local/lib/python3.7/site-packages/airflow/example_dags/example_xcom.py for tasks to queue
[2023-01-12T07:28:37.620+0000] {logging_mixin.py:137} INFO - [2023-01-12T07:28:37.620+0000] {dagbag.py:538} INFO - Filling up the DagBag from /home/airflow/.local/lib/python3.7/site-packages/airflow/example_dags/example_xcom.py
[2023-01-12T07:28:37.638+0000] {processor.py:753} INFO - DAG(s) dict_keys(['example_xcom']) retrieved from /home/airflow/.local/lib/python3.7/site-packages/airflow/example_dags/example_xcom.py
[2023-01-12T07:28:37.667+0000] {logging_mixin.py:137} INFO - [2023-01-12T07:28:37.667+0000] {dag.py:2676} INFO - Sync 1 DAGs
[2023-01-12T07:28:37.683+0000] {logging_mixin.py:137} INFO - [2023-01-12T07:28:37.683+0000] {dag.py:3427} INFO - Setting next_dagrun for example_xcom to 2021-01-01T00:00:00+00:00, run_after=2021-01-01T00:00:00+00:00
[2023-01-12T07:28:37.697+0000] {processor.py:175} INFO - Processing /home/airflow/.local/lib/python3.7/site-packages/airflow/example_dags/example_xcom.py took 0.084 seconds
[2023-01-12T07:29:08.345+0000] {processor.py:153} INFO - Started process (PID=324) to work on /home/airflow/.local/lib/python3.7/site-packages/airflow/example_dags/example_xcom.py
[2023-01-12T07:29:08.346+0000] {processor.py:743} INFO - Processing file /home/airflow/.local/lib/python3.7/site-packages/airflow/example_dags/example_xcom.py for tasks to queue
[2023-01-12T07:29:08.348+0000] {logging_mixin.py:137} INFO - [2023-01-12T07:29:08.348+0000] {dagbag.py:538} INFO - Filling up the DagBag from /home/airflow/.local/lib/python3.7/site-packages/airflow/example_dags/example_xcom.py
[2023-01-12T07:29:08.365+0000] {processor.py:753} INFO - DAG(s) dict_keys(['example_xcom']) retrieved from /home/airflow/.local/lib/python3.7/site-packages/airflow/example_dags/example_xcom.py
[2023-01-12T07:29:08.398+0000] {logging_mixin.py:137} INFO - [2023-01-12T07:29:08.398+0000] {dag.py:2676} INFO - Sync 1 DAGs
[2023-01-12T07:29:08.423+0000] {logging_mixin.py:137} INFO - [2023-01-12T07:29:08.422+0000] {dag.py:3427} INFO - Setting next_dagrun for example_xcom to 2021-01-01T00:00:00+00:00, run_after=2021-01-01T00:00:00+00:00
[2023-01-12T07:29:08.439+0000] {processor.py:175} INFO - Processing /home/airflow/.local/lib/python3.7/site-packages/airflow/example_dags/example_xcom.py took 0.097 seconds
[2023-01-12T07:29:38.976+0000] {processor.py:153} INFO - Started process (PID=387) to work on /home/airflow/.local/lib/python3.7/site-packages/airflow/example_dags/example_xcom.py
[2023-01-12T07:29:38.978+0000] {processor.py:743} INFO - Processing file /home/airflow/.local/lib/python3.7/site-packages/airflow/example_dags/example_xcom.py for tasks to queue
[2023-01-12T07:29:38.980+0000] {logging_mixin.py:137} INFO - [2023-01-12T07:29:38.980+0000] {dagbag.py:538} INFO - Filling up the DagBag from /home/airflow/.local/lib/python3.7/site-packages/airflow/example_dags/example_xcom.py
[2023-01-12T07:29:38.999+0000] {processor.py:753} INFO - DAG(s) dict_keys(['example_xcom']) retrieved from /home/airflow/.local/lib/python3.7/site-packages/airflow/example_dags/example_xcom.py
[2023-01-12T07:29:39.028+0000] {logging_mixin.py:137} INFO - [2023-01-12T07:29:39.028+0000] {dag.py:2676} INFO - Sync 1 DAGs
[2023-01-12T07:29:39.047+0000] {logging_mixin.py:137} INFO - [2023-01-12T07:29:39.047+0000] {dag.py:3427} INFO - Setting next_dagrun for example_xcom to 2021-01-01T00:00:00+00:00, run_after=2021-01-01T00:00:00+00:00
[2023-01-12T07:29:39.061+0000] {processor.py:175} INFO - Processing /home/airflow/.local/lib/python3.7/site-packages/airflow/example_dags/example_xcom.py took 0.087 seconds
[2023-01-12T07:30:09.716+0000] {processor.py:153} INFO - Started process (PID=461) to work on /home/airflow/.local/lib/python3.7/site-packages/airflow/example_dags/example_xcom.py
[2023-01-12T07:30:09.717+0000] {processor.py:743} INFO - Processing file /home/airflow/.local/lib/python3.7/site-packages/airflow/example_dags/example_xcom.py for tasks to queue
[2023-01-12T07:30:09.719+0000] {logging_mixin.py:137} INFO - [2023-01-12T07:30:09.719+0000] {dagbag.py:538} INFO - Filling up the DagBag from /home/airflow/.local/lib/python3.7/site-packages/airflow/example_dags/example_xcom.py
[2023-01-12T07:30:09.738+0000] {processor.py:753} INFO - DAG(s) dict_keys(['example_xcom']) retrieved from /home/airflow/.local/lib/python3.7/site-packages/airflow/example_dags/example_xcom.py
[2023-01-12T07:30:09.765+0000] {logging_mixin.py:137} INFO - [2023-01-12T07:30:09.765+0000] {dag.py:2676} INFO - Sync 1 DAGs
[2023-01-12T07:30:09.782+0000] {logging_mixin.py:137} INFO - [2023-01-12T07:30:09.782+0000] {dag.py:3427} INFO - Setting next_dagrun for example_xcom to 2021-01-01T00:00:00+00:00, run_after=2021-01-01T00:00:00+00:00
[2023-01-12T07:30:09.795+0000] {processor.py:175} INFO - Processing /home/airflow/.local/lib/python3.7/site-packages/airflow/example_dags/example_xcom.py took 0.082 seconds
[2023-01-12T07:30:40.312+0000] {processor.py:153} INFO - Started process (PID=536) to work on /home/airflow/.local/lib/python3.7/site-packages/airflow/example_dags/example_xcom.py
[2023-01-12T07:30:40.314+0000] {processor.py:743} INFO - Processing file /home/airflow/.local/lib/python3.7/site-packages/airflow/example_dags/example_xcom.py for tasks to queue
[2023-01-12T07:30:40.315+0000] {logging_mixin.py:137} INFO - [2023-01-12T07:30:40.315+0000] {dagbag.py:538} INFO - Filling up the DagBag from /home/airflow/.local/lib/python3.7/site-packages/airflow/example_dags/example_xcom.py
[2023-01-12T07:30:40.333+0000] {processor.py:753} INFO - DAG(s) dict_keys(['example_xcom']) retrieved from /home/airflow/.local/lib/python3.7/site-packages/airflow/example_dags/example_xcom.py
[2023-01-12T07:30:40.363+0000] {logging_mixin.py:137} INFO - [2023-01-12T07:30:40.363+0000] {dag.py:2676} INFO - Sync 1 DAGs
[2023-01-12T07:30:40.380+0000] {logging_mixin.py:137} INFO - [2023-01-12T07:30:40.380+0000] {dag.py:3427} INFO - Setting next_dagrun for example_xcom to 2021-01-01T00:00:00+00:00, run_after=2021-01-01T00:00:00+00:00
[2023-01-12T07:30:40.393+0000] {processor.py:175} INFO - Processing /home/airflow/.local/lib/python3.7/site-packages/airflow/example_dags/example_xcom.py took 0.084 seconds
[2023-01-12T07:31:10.997+0000] {processor.py:153} INFO - Started process (PID=597) to work on /home/airflow/.local/lib/python3.7/site-packages/airflow/example_dags/example_xcom.py
[2023-01-12T07:31:10.999+0000] {processor.py:743} INFO - Processing file /home/airflow/.local/lib/python3.7/site-packages/airflow/example_dags/example_xcom.py for tasks to queue
[2023-01-12T07:31:11.000+0000] {logging_mixin.py:137} INFO - [2023-01-12T07:31:11.000+0000] {dagbag.py:538} INFO - Filling up the DagBag from /home/airflow/.local/lib/python3.7/site-packages/airflow/example_dags/example_xcom.py
[2023-01-12T07:31:11.018+0000] {processor.py:753} INFO - DAG(s) dict_keys(['example_xcom']) retrieved from /home/airflow/.local/lib/python3.7/site-packages/airflow/example_dags/example_xcom.py
[2023-01-12T07:31:11.050+0000] {logging_mixin.py:137} INFO - [2023-01-12T07:31:11.049+0000] {dag.py:2676} INFO - Sync 1 DAGs
[2023-01-12T07:31:11.070+0000] {logging_mixin.py:137} INFO - [2023-01-12T07:31:11.070+0000] {dag.py:3427} INFO - Setting next_dagrun for example_xcom to 2021-01-01T00:00:00+00:00, run_after=2021-01-01T00:00:00+00:00
[2023-01-12T07:31:11.085+0000] {processor.py:175} INFO - Processing /home/airflow/.local/lib/python3.7/site-packages/airflow/example_dags/example_xcom.py took 0.091 seconds
[2023-01-12T07:31:41.670+0000] {processor.py:153} INFO - Started process (PID=671) to work on /home/airflow/.local/lib/python3.7/site-packages/airflow/example_dags/example_xcom.py
[2023-01-12T07:31:41.673+0000] {processor.py:743} INFO - Processing file /home/airflow/.local/lib/python3.7/site-packages/airflow/example_dags/example_xcom.py for tasks to queue
[2023-01-12T07:31:41.674+0000] {logging_mixin.py:137} INFO - [2023-01-12T07:31:41.674+0000] {dagbag.py:538} INFO - Filling up the DagBag from /home/airflow/.local/lib/python3.7/site-packages/airflow/example_dags/example_xcom.py
[2023-01-12T07:31:41.696+0000] {processor.py:753} INFO - DAG(s) dict_keys(['example_xcom']) retrieved from /home/airflow/.local/lib/python3.7/site-packages/airflow/example_dags/example_xcom.py
[2023-01-12T07:31:41.733+0000] {logging_mixin.py:137} INFO - [2023-01-12T07:31:41.733+0000] {dag.py:2676} INFO - Sync 1 DAGs
[2023-01-12T07:31:41.753+0000] {logging_mixin.py:137} INFO - [2023-01-12T07:31:41.753+0000] {dag.py:3427} INFO - Setting next_dagrun for example_xcom to 2021-01-01T00:00:00+00:00, run_after=2021-01-01T00:00:00+00:00
[2023-01-12T07:31:41.771+0000] {processor.py:175} INFO - Processing /home/airflow/.local/lib/python3.7/site-packages/airflow/example_dags/example_xcom.py took 0.104 seconds
[2023-01-12T07:32:12.532+0000] {processor.py:153} INFO - Started process (PID=745) to work on /home/airflow/.local/lib/python3.7/site-packages/airflow/example_dags/example_xcom.py
[2023-01-12T07:32:12.533+0000] {processor.py:743} INFO - Processing file /home/airflow/.local/lib/python3.7/site-packages/airflow/example_dags/example_xcom.py for tasks to queue
[2023-01-12T07:32:12.534+0000] {logging_mixin.py:137} INFO - [2023-01-12T07:32:12.534+0000] {dagbag.py:538} INFO - Filling up the DagBag from /home/airflow/.local/lib/python3.7/site-packages/airflow/example_dags/example_xcom.py
[2023-01-12T07:32:12.556+0000] {processor.py:753} INFO - DAG(s) dict_keys(['example_xcom']) retrieved from /home/airflow/.local/lib/python3.7/site-packages/airflow/example_dags/example_xcom.py
[2023-01-12T07:32:12.588+0000] {logging_mixin.py:137} INFO - [2023-01-12T07:32:12.587+0000] {dag.py:2676} INFO - Sync 1 DAGs
[2023-01-12T07:32:12.610+0000] {logging_mixin.py:137} INFO - [2023-01-12T07:32:12.610+0000] {dag.py:3427} INFO - Setting next_dagrun for example_xcom to 2021-01-01T00:00:00+00:00, run_after=2021-01-01T00:00:00+00:00
[2023-01-12T07:32:12.630+0000] {processor.py:175} INFO - Processing /home/airflow/.local/lib/python3.7/site-packages/airflow/example_dags/example_xcom.py took 0.104 seconds
[2023-01-12T07:32:43.261+0000] {processor.py:153} INFO - Started process (PID=806) to work on /home/airflow/.local/lib/python3.7/site-packages/airflow/example_dags/example_xcom.py
[2023-01-12T07:32:43.262+0000] {processor.py:743} INFO - Processing file /home/airflow/.local/lib/python3.7/site-packages/airflow/example_dags/example_xcom.py for tasks to queue
[2023-01-12T07:32:43.264+0000] {logging_mixin.py:137} INFO - [2023-01-12T07:32:43.264+0000] {dagbag.py:538} INFO - Filling up the DagBag from /home/airflow/.local/lib/python3.7/site-packages/airflow/example_dags/example_xcom.py
[2023-01-12T07:32:43.284+0000] {processor.py:753} INFO - DAG(s) dict_keys(['example_xcom']) retrieved from /home/airflow/.local/lib/python3.7/site-packages/airflow/example_dags/example_xcom.py
[2023-01-12T07:32:43.313+0000] {logging_mixin.py:137} INFO - [2023-01-12T07:32:43.313+0000] {dag.py:2676} INFO - Sync 1 DAGs
[2023-01-12T07:32:43.331+0000] {logging_mixin.py:137} INFO - [2023-01-12T07:32:43.331+0000] {dag.py:3427} INFO - Setting next_dagrun for example_xcom to 2021-01-01T00:00:00+00:00, run_after=2021-01-01T00:00:00+00:00
[2023-01-12T07:32:43.346+0000] {processor.py:175} INFO - Processing /home/airflow/.local/lib/python3.7/site-packages/airflow/example_dags/example_xcom.py took 0.088 seconds
[2023-01-12T07:33:13.749+0000] {processor.py:153} INFO - Started process (PID=879) to work on /home/airflow/.local/lib/python3.7/site-packages/airflow/example_dags/example_xcom.py
[2023-01-12T07:33:13.750+0000] {processor.py:743} INFO - Processing file /home/airflow/.local/lib/python3.7/site-packages/airflow/example_dags/example_xcom.py for tasks to queue
[2023-01-12T07:33:13.752+0000] {logging_mixin.py:137} INFO - [2023-01-12T07:33:13.752+0000] {dagbag.py:538} INFO - Filling up the DagBag from /home/airflow/.local/lib/python3.7/site-packages/airflow/example_dags/example_xcom.py
[2023-01-12T07:33:13.770+0000] {processor.py:753} INFO - DAG(s) dict_keys(['example_xcom']) retrieved from /home/airflow/.local/lib/python3.7/site-packages/airflow/example_dags/example_xcom.py
[2023-01-12T07:33:13.801+0000] {logging_mixin.py:137} INFO - [2023-01-12T07:33:13.801+0000] {dag.py:2676} INFO - Sync 1 DAGs
[2023-01-12T07:33:13.822+0000] {logging_mixin.py:137} INFO - [2023-01-12T07:33:13.821+0000] {dag.py:3427} INFO - Setting next_dagrun for example_xcom to 2021-01-01T00:00:00+00:00, run_after=2021-01-01T00:00:00+00:00
[2023-01-12T07:33:13.838+0000] {processor.py:175} INFO - Processing /home/airflow/.local/lib/python3.7/site-packages/airflow/example_dags/example_xcom.py took 0.092 seconds
[2023-01-12T07:33:44.232+0000] {processor.py:153} INFO - Started process (PID=942) to work on /home/airflow/.local/lib/python3.7/site-packages/airflow/example_dags/example_xcom.py
[2023-01-12T07:33:44.234+0000] {processor.py:743} INFO - Processing file /home/airflow/.local/lib/python3.7/site-packages/airflow/example_dags/example_xcom.py for tasks to queue
[2023-01-12T07:33:44.235+0000] {logging_mixin.py:137} INFO - [2023-01-12T07:33:44.235+0000] {dagbag.py:538} INFO - Filling up the DagBag from /home/airflow/.local/lib/python3.7/site-packages/airflow/example_dags/example_xcom.py
[2023-01-12T07:33:44.253+0000] {processor.py:753} INFO - DAG(s) dict_keys(['example_xcom']) retrieved from /home/airflow/.local/lib/python3.7/site-packages/airflow/example_dags/example_xcom.py
[2023-01-12T07:33:44.283+0000] {logging_mixin.py:137} INFO - [2023-01-12T07:33:44.283+0000] {dag.py:2676} INFO - Sync 1 DAGs
[2023-01-12T07:33:44.303+0000] {logging_mixin.py:137} INFO - [2023-01-12T07:33:44.303+0000] {dag.py:3427} INFO - Setting next_dagrun for example_xcom to 2021-01-01T00:00:00+00:00, run_after=2021-01-01T00:00:00+00:00
[2023-01-12T07:33:44.318+0000] {processor.py:175} INFO - Processing /home/airflow/.local/lib/python3.7/site-packages/airflow/example_dags/example_xcom.py took 0.088 seconds
[2023-01-12T07:34:15.155+0000] {processor.py:153} INFO - Started process (PID=1013) to work on /home/airflow/.local/lib/python3.7/site-packages/airflow/example_dags/example_xcom.py
[2023-01-12T07:34:15.156+0000] {processor.py:743} INFO - Processing file /home/airflow/.local/lib/python3.7/site-packages/airflow/example_dags/example_xcom.py for tasks to queue
[2023-01-12T07:34:15.158+0000] {logging_mixin.py:137} INFO - [2023-01-12T07:34:15.158+0000] {dagbag.py:538} INFO - Filling up the DagBag from /home/airflow/.local/lib/python3.7/site-packages/airflow/example_dags/example_xcom.py
[2023-01-12T07:34:15.174+0000] {processor.py:753} INFO - DAG(s) dict_keys(['example_xcom']) retrieved from /home/airflow/.local/lib/python3.7/site-packages/airflow/example_dags/example_xcom.py
[2023-01-12T07:34:15.204+0000] {logging_mixin.py:137} INFO - [2023-01-12T07:34:15.204+0000] {dag.py:2676} INFO - Sync 1 DAGs
[2023-01-12T07:34:15.221+0000] {logging_mixin.py:137} INFO - [2023-01-12T07:34:15.221+0000] {dag.py:3427} INFO - Setting next_dagrun for example_xcom to 2021-01-01T00:00:00+00:00, run_after=2021-01-01T00:00:00+00:00
[2023-01-12T07:34:15.234+0000] {processor.py:175} INFO - Processing /home/airflow/.local/lib/python3.7/site-packages/airflow/example_dags/example_xcom.py took 0.081 seconds
[2023-01-12T07:34:45.839+0000] {processor.py:153} INFO - Started process (PID=1086) to work on /home/airflow/.local/lib/python3.7/site-packages/airflow/example_dags/example_xcom.py
[2023-01-12T07:34:45.841+0000] {processor.py:743} INFO - Processing file /home/airflow/.local/lib/python3.7/site-packages/airflow/example_dags/example_xcom.py for tasks to queue
[2023-01-12T07:34:45.842+0000] {logging_mixin.py:137} INFO - [2023-01-12T07:34:45.842+0000] {dagbag.py:538} INFO - Filling up the DagBag from /home/airflow/.local/lib/python3.7/site-packages/airflow/example_dags/example_xcom.py
[2023-01-12T07:34:45.862+0000] {processor.py:753} INFO - DAG(s) dict_keys(['example_xcom']) retrieved from /home/airflow/.local/lib/python3.7/site-packages/airflow/example_dags/example_xcom.py
[2023-01-12T07:34:45.891+0000] {logging_mixin.py:137} INFO - [2023-01-12T07:34:45.891+0000] {dag.py:2676} INFO - Sync 1 DAGs
[2023-01-12T07:34:45.910+0000] {logging_mixin.py:137} INFO - [2023-01-12T07:34:45.910+0000] {dag.py:3427} INFO - Setting next_dagrun for example_xcom to 2021-01-01T00:00:00+00:00, run_after=2021-01-01T00:00:00+00:00
[2023-01-12T07:34:45.925+0000] {processor.py:175} INFO - Processing /home/airflow/.local/lib/python3.7/site-packages/airflow/example_dags/example_xcom.py took 0.088 seconds
[2023-01-12T07:35:16.547+0000] {processor.py:153} INFO - Started process (PID=1147) to work on /home/airflow/.local/lib/python3.7/site-packages/airflow/example_dags/example_xcom.py
[2023-01-12T07:35:16.549+0000] {processor.py:743} INFO - Processing file /home/airflow/.local/lib/python3.7/site-packages/airflow/example_dags/example_xcom.py for tasks to queue
[2023-01-12T07:35:16.550+0000] {logging_mixin.py:137} INFO - [2023-01-12T07:35:16.550+0000] {dagbag.py:538} INFO - Filling up the DagBag from /home/airflow/.local/lib/python3.7/site-packages/airflow/example_dags/example_xcom.py
[2023-01-12T07:35:16.567+0000] {processor.py:753} INFO - DAG(s) dict_keys(['example_xcom']) retrieved from /home/airflow/.local/lib/python3.7/site-packages/airflow/example_dags/example_xcom.py
[2023-01-12T07:35:16.595+0000] {logging_mixin.py:137} INFO - [2023-01-12T07:35:16.595+0000] {dag.py:2676} INFO - Sync 1 DAGs
[2023-01-12T07:35:16.613+0000] {logging_mixin.py:137} INFO - [2023-01-12T07:35:16.613+0000] {dag.py:3427} INFO - Setting next_dagrun for example_xcom to 2021-01-01T00:00:00+00:00, run_after=2021-01-01T00:00:00+00:00
[2023-01-12T07:35:16.625+0000] {processor.py:175} INFO - Processing /home/airflow/.local/lib/python3.7/site-packages/airflow/example_dags/example_xcom.py took 0.081 seconds
[2023-01-12T07:35:47.438+0000] {processor.py:153} INFO - Started process (PID=1221) to work on /home/airflow/.local/lib/python3.7/site-packages/airflow/example_dags/example_xcom.py
[2023-01-12T07:35:47.440+0000] {processor.py:743} INFO - Processing file /home/airflow/.local/lib/python3.7/site-packages/airflow/example_dags/example_xcom.py for tasks to queue
[2023-01-12T07:35:47.441+0000] {logging_mixin.py:137} INFO - [2023-01-12T07:35:47.441+0000] {dagbag.py:538} INFO - Filling up the DagBag from /home/airflow/.local/lib/python3.7/site-packages/airflow/example_dags/example_xcom.py
[2023-01-12T07:35:47.461+0000] {processor.py:753} INFO - DAG(s) dict_keys(['example_xcom']) retrieved from /home/airflow/.local/lib/python3.7/site-packages/airflow/example_dags/example_xcom.py
[2023-01-12T07:35:47.496+0000] {logging_mixin.py:137} INFO - [2023-01-12T07:35:47.495+0000] {dag.py:2676} INFO - Sync 1 DAGs
[2023-01-12T07:35:47.514+0000] {logging_mixin.py:137} INFO - [2023-01-12T07:35:47.514+0000] {dag.py:3427} INFO - Setting next_dagrun for example_xcom to 2021-01-01T00:00:00+00:00, run_after=2021-01-01T00:00:00+00:00
[2023-01-12T07:35:47.528+0000] {processor.py:175} INFO - Processing /home/airflow/.local/lib/python3.7/site-packages/airflow/example_dags/example_xcom.py took 0.093 seconds
[2023-01-12T07:36:18.369+0000] {processor.py:153} INFO - Started process (PID=1296) to work on /home/airflow/.local/lib/python3.7/site-packages/airflow/example_dags/example_xcom.py
[2023-01-12T07:36:18.371+0000] {processor.py:743} INFO - Processing file /home/airflow/.local/lib/python3.7/site-packages/airflow/example_dags/example_xcom.py for tasks to queue
[2023-01-12T07:36:18.374+0000] {logging_mixin.py:137} INFO - [2023-01-12T07:36:18.373+0000] {dagbag.py:538} INFO - Filling up the DagBag from /home/airflow/.local/lib/python3.7/site-packages/airflow/example_dags/example_xcom.py
[2023-01-12T07:36:18.395+0000] {processor.py:753} INFO - DAG(s) dict_keys(['example_xcom']) retrieved from /home/airflow/.local/lib/python3.7/site-packages/airflow/example_dags/example_xcom.py
[2023-01-12T07:36:18.430+0000] {logging_mixin.py:137} INFO - [2023-01-12T07:36:18.430+0000] {dag.py:2676} INFO - Sync 1 DAGs
[2023-01-12T07:36:18.449+0000] {logging_mixin.py:137} INFO - [2023-01-12T07:36:18.449+0000] {dag.py:3427} INFO - Setting next_dagrun for example_xcom to 2021-01-01T00:00:00+00:00, run_after=2021-01-01T00:00:00+00:00
[2023-01-12T07:36:18.466+0000] {processor.py:175} INFO - Processing /home/airflow/.local/lib/python3.7/site-packages/airflow/example_dags/example_xcom.py took 0.100 seconds
[2023-01-12T07:37:19.068+0000] {processor.py:153} INFO - Started process (PID=42) to work on /home/airflow/.local/lib/python3.7/site-packages/airflow/example_dags/example_xcom.py
[2023-01-12T07:37:19.071+0000] {processor.py:743} INFO - Processing file /home/airflow/.local/lib/python3.7/site-packages/airflow/example_dags/example_xcom.py for tasks to queue
[2023-01-12T07:37:19.073+0000] {logging_mixin.py:137} INFO - [2023-01-12T07:37:19.072+0000] {dagbag.py:538} INFO - Filling up the DagBag from /home/airflow/.local/lib/python3.7/site-packages/airflow/example_dags/example_xcom.py
[2023-01-12T07:37:19.105+0000] {processor.py:753} INFO - DAG(s) dict_keys(['example_xcom']) retrieved from /home/airflow/.local/lib/python3.7/site-packages/airflow/example_dags/example_xcom.py
[2023-01-12T07:37:19.137+0000] {logging_mixin.py:137} INFO - [2023-01-12T07:37:19.137+0000] {dag.py:2676} INFO - Sync 1 DAGs
[2023-01-12T07:37:19.168+0000] {logging_mixin.py:137} INFO - [2023-01-12T07:37:19.168+0000] {dag.py:3427} INFO - Setting next_dagrun for example_xcom to 2021-01-01T00:00:00+00:00, run_after=2021-01-01T00:00:00+00:00
[2023-01-12T07:37:19.190+0000] {processor.py:175} INFO - Processing /home/airflow/.local/lib/python3.7/site-packages/airflow/example_dags/example_xcom.py took 0.125 seconds
[2023-01-12T07:37:49.575+0000] {processor.py:153} INFO - Started process (PID=116) to work on /home/airflow/.local/lib/python3.7/site-packages/airflow/example_dags/example_xcom.py
[2023-01-12T07:37:49.576+0000] {processor.py:743} INFO - Processing file /home/airflow/.local/lib/python3.7/site-packages/airflow/example_dags/example_xcom.py for tasks to queue
[2023-01-12T07:37:49.578+0000] {logging_mixin.py:137} INFO - [2023-01-12T07:37:49.577+0000] {dagbag.py:538} INFO - Filling up the DagBag from /home/airflow/.local/lib/python3.7/site-packages/airflow/example_dags/example_xcom.py
[2023-01-12T07:37:49.596+0000] {processor.py:753} INFO - DAG(s) dict_keys(['example_xcom']) retrieved from /home/airflow/.local/lib/python3.7/site-packages/airflow/example_dags/example_xcom.py
[2023-01-12T07:37:49.625+0000] {logging_mixin.py:137} INFO - [2023-01-12T07:37:49.624+0000] {dag.py:2676} INFO - Sync 1 DAGs
[2023-01-12T07:37:49.642+0000] {logging_mixin.py:137} INFO - [2023-01-12T07:37:49.642+0000] {dag.py:3427} INFO - Setting next_dagrun for example_xcom to 2021-01-01T00:00:00+00:00, run_after=2021-01-01T00:00:00+00:00
[2023-01-12T07:37:49.656+0000] {processor.py:175} INFO - Processing /home/airflow/.local/lib/python3.7/site-packages/airflow/example_dags/example_xcom.py took 0.084 seconds
[2023-01-12T07:38:20.516+0000] {processor.py:153} INFO - Started process (PID=187) to work on /home/airflow/.local/lib/python3.7/site-packages/airflow/example_dags/example_xcom.py
[2023-01-12T07:38:20.519+0000] {processor.py:743} INFO - Processing file /home/airflow/.local/lib/python3.7/site-packages/airflow/example_dags/example_xcom.py for tasks to queue
[2023-01-12T07:38:20.521+0000] {logging_mixin.py:137} INFO - [2023-01-12T07:38:20.521+0000] {dagbag.py:538} INFO - Filling up the DagBag from /home/airflow/.local/lib/python3.7/site-packages/airflow/example_dags/example_xcom.py
[2023-01-12T07:38:20.547+0000] {processor.py:753} INFO - DAG(s) dict_keys(['example_xcom']) retrieved from /home/airflow/.local/lib/python3.7/site-packages/airflow/example_dags/example_xcom.py
[2023-01-12T07:38:20.579+0000] {logging_mixin.py:137} INFO - [2023-01-12T07:38:20.579+0000] {dag.py:2676} INFO - Sync 1 DAGs
[2023-01-12T07:38:20.611+0000] {logging_mixin.py:137} INFO - [2023-01-12T07:38:20.611+0000] {dag.py:3427} INFO - Setting next_dagrun for example_xcom to 2021-01-01T00:00:00+00:00, run_after=2021-01-01T00:00:00+00:00
[2023-01-12T07:38:20.633+0000] {processor.py:175} INFO - Processing /home/airflow/.local/lib/python3.7/site-packages/airflow/example_dags/example_xcom.py took 0.120 seconds
[2023-01-12T07:38:51.291+0000] {processor.py:153} INFO - Started process (PID=253) to work on /home/airflow/.local/lib/python3.7/site-packages/airflow/example_dags/example_xcom.py
[2023-01-12T07:38:51.293+0000] {processor.py:743} INFO - Processing file /home/airflow/.local/lib/python3.7/site-packages/airflow/example_dags/example_xcom.py for tasks to queue
[2023-01-12T07:38:51.295+0000] {logging_mixin.py:137} INFO - [2023-01-12T07:38:51.295+0000] {dagbag.py:538} INFO - Filling up the DagBag from /home/airflow/.local/lib/python3.7/site-packages/airflow/example_dags/example_xcom.py
[2023-01-12T07:38:51.315+0000] {processor.py:753} INFO - DAG(s) dict_keys(['example_xcom']) retrieved from /home/airflow/.local/lib/python3.7/site-packages/airflow/example_dags/example_xcom.py
[2023-01-12T07:38:51.345+0000] {logging_mixin.py:137} INFO - [2023-01-12T07:38:51.345+0000] {dag.py:2676} INFO - Sync 1 DAGs
[2023-01-12T07:38:51.363+0000] {logging_mixin.py:137} INFO - [2023-01-12T07:38:51.363+0000] {dag.py:3427} INFO - Setting next_dagrun for example_xcom to 2021-01-01T00:00:00+00:00, run_after=2021-01-01T00:00:00+00:00
[2023-01-12T07:38:51.377+0000] {processor.py:175} INFO - Processing /home/airflow/.local/lib/python3.7/site-packages/airflow/example_dags/example_xcom.py took 0.088 seconds
[2023-01-12T07:39:21.843+0000] {processor.py:153} INFO - Started process (PID=327) to work on /home/airflow/.local/lib/python3.7/site-packages/airflow/example_dags/example_xcom.py
[2023-01-12T07:39:21.844+0000] {processor.py:743} INFO - Processing file /home/airflow/.local/lib/python3.7/site-packages/airflow/example_dags/example_xcom.py for tasks to queue
[2023-01-12T07:39:21.846+0000] {logging_mixin.py:137} INFO - [2023-01-12T07:39:21.846+0000] {dagbag.py:538} INFO - Filling up the DagBag from /home/airflow/.local/lib/python3.7/site-packages/airflow/example_dags/example_xcom.py
[2023-01-12T07:39:21.866+0000] {processor.py:753} INFO - DAG(s) dict_keys(['example_xcom']) retrieved from /home/airflow/.local/lib/python3.7/site-packages/airflow/example_dags/example_xcom.py
[2023-01-12T07:39:21.899+0000] {logging_mixin.py:137} INFO - [2023-01-12T07:39:21.899+0000] {dag.py:2676} INFO - Sync 1 DAGs
[2023-01-12T07:39:21.922+0000] {logging_mixin.py:137} INFO - [2023-01-12T07:39:21.922+0000] {dag.py:3427} INFO - Setting next_dagrun for example_xcom to 2021-01-01T00:00:00+00:00, run_after=2021-01-01T00:00:00+00:00
[2023-01-12T07:39:21.940+0000] {processor.py:175} INFO - Processing /home/airflow/.local/lib/python3.7/site-packages/airflow/example_dags/example_xcom.py took 0.100 seconds
[2023-01-12T07:40:36.408+0000] {processor.py:153} INFO - Started process (PID=42) to work on /home/airflow/.local/lib/python3.7/site-packages/airflow/example_dags/example_xcom.py
[2023-01-12T07:40:36.418+0000] {processor.py:743} INFO - Processing file /home/airflow/.local/lib/python3.7/site-packages/airflow/example_dags/example_xcom.py for tasks to queue
[2023-01-12T07:40:36.421+0000] {logging_mixin.py:137} INFO - [2023-01-12T07:40:36.421+0000] {dagbag.py:538} INFO - Filling up the DagBag from /home/airflow/.local/lib/python3.7/site-packages/airflow/example_dags/example_xcom.py
[2023-01-12T07:40:36.448+0000] {processor.py:753} INFO - DAG(s) dict_keys(['example_xcom']) retrieved from /home/airflow/.local/lib/python3.7/site-packages/airflow/example_dags/example_xcom.py
[2023-01-12T07:40:36.469+0000] {logging_mixin.py:137} INFO - [2023-01-12T07:40:36.469+0000] {dag.py:2676} INFO - Sync 1 DAGs
[2023-01-12T07:40:36.503+0000] {logging_mixin.py:137} INFO - [2023-01-12T07:40:36.503+0000] {dag.py:3427} INFO - Setting next_dagrun for example_xcom to 2021-01-01T00:00:00+00:00, run_after=2021-01-01T00:00:00+00:00
[2023-01-12T07:40:36.534+0000] {processor.py:175} INFO - Processing /home/airflow/.local/lib/python3.7/site-packages/airflow/example_dags/example_xcom.py took 0.129 seconds
[2023-01-12T07:41:06.639+0000] {processor.py:153} INFO - Started process (PID=119) to work on /home/airflow/.local/lib/python3.7/site-packages/airflow/example_dags/example_xcom.py
[2023-01-12T07:41:06.641+0000] {processor.py:743} INFO - Processing file /home/airflow/.local/lib/python3.7/site-packages/airflow/example_dags/example_xcom.py for tasks to queue
[2023-01-12T07:41:06.643+0000] {logging_mixin.py:137} INFO - [2023-01-12T07:41:06.643+0000] {dagbag.py:538} INFO - Filling up the DagBag from /home/airflow/.local/lib/python3.7/site-packages/airflow/example_dags/example_xcom.py
[2023-01-12T07:41:06.665+0000] {processor.py:753} INFO - DAG(s) dict_keys(['example_xcom']) retrieved from /home/airflow/.local/lib/python3.7/site-packages/airflow/example_dags/example_xcom.py
[2023-01-12T07:41:06.696+0000] {logging_mixin.py:137} INFO - [2023-01-12T07:41:06.696+0000] {dag.py:2676} INFO - Sync 1 DAGs
[2023-01-12T07:41:06.716+0000] {logging_mixin.py:137} INFO - [2023-01-12T07:41:06.715+0000] {dag.py:3427} INFO - Setting next_dagrun for example_xcom to 2021-01-01T00:00:00+00:00, run_after=2021-01-01T00:00:00+00:00
[2023-01-12T07:41:06.732+0000] {processor.py:175} INFO - Processing /home/airflow/.local/lib/python3.7/site-packages/airflow/example_dags/example_xcom.py took 0.095 seconds
[2023-01-12T07:41:36.863+0000] {processor.py:153} INFO - Started process (PID=180) to work on /home/airflow/.local/lib/python3.7/site-packages/airflow/example_dags/example_xcom.py
[2023-01-12T07:41:36.866+0000] {processor.py:743} INFO - Processing file /home/airflow/.local/lib/python3.7/site-packages/airflow/example_dags/example_xcom.py for tasks to queue
[2023-01-12T07:41:36.868+0000] {logging_mixin.py:137} INFO - [2023-01-12T07:41:36.867+0000] {dagbag.py:538} INFO - Filling up the DagBag from /home/airflow/.local/lib/python3.7/site-packages/airflow/example_dags/example_xcom.py
[2023-01-12T07:41:36.897+0000] {processor.py:753} INFO - DAG(s) dict_keys(['example_xcom']) retrieved from /home/airflow/.local/lib/python3.7/site-packages/airflow/example_dags/example_xcom.py
[2023-01-12T07:41:36.929+0000] {logging_mixin.py:137} INFO - [2023-01-12T07:41:36.929+0000] {dag.py:2676} INFO - Sync 1 DAGs
[2023-01-12T07:41:36.948+0000] {logging_mixin.py:137} INFO - [2023-01-12T07:41:36.948+0000] {dag.py:3427} INFO - Setting next_dagrun for example_xcom to 2021-01-01T00:00:00+00:00, run_after=2021-01-01T00:00:00+00:00
[2023-01-12T07:41:36.965+0000] {processor.py:175} INFO - Processing /home/airflow/.local/lib/python3.7/site-packages/airflow/example_dags/example_xcom.py took 0.104 seconds
[2023-01-12T07:42:07.199+0000] {processor.py:153} INFO - Started process (PID=254) to work on /home/airflow/.local/lib/python3.7/site-packages/airflow/example_dags/example_xcom.py
[2023-01-12T07:42:07.200+0000] {processor.py:743} INFO - Processing file /home/airflow/.local/lib/python3.7/site-packages/airflow/example_dags/example_xcom.py for tasks to queue
[2023-01-12T07:42:07.201+0000] {logging_mixin.py:137} INFO - [2023-01-12T07:42:07.201+0000] {dagbag.py:538} INFO - Filling up the DagBag from /home/airflow/.local/lib/python3.7/site-packages/airflow/example_dags/example_xcom.py
[2023-01-12T07:42:07.221+0000] {processor.py:753} INFO - DAG(s) dict_keys(['example_xcom']) retrieved from /home/airflow/.local/lib/python3.7/site-packages/airflow/example_dags/example_xcom.py
[2023-01-12T07:42:07.253+0000] {logging_mixin.py:137} INFO - [2023-01-12T07:42:07.253+0000] {dag.py:2676} INFO - Sync 1 DAGs
[2023-01-12T07:42:07.272+0000] {logging_mixin.py:137} INFO - [2023-01-12T07:42:07.272+0000] {dag.py:3427} INFO - Setting next_dagrun for example_xcom to 2021-01-01T00:00:00+00:00, run_after=2021-01-01T00:00:00+00:00
[2023-01-12T07:42:07.286+0000] {processor.py:175} INFO - Processing /home/airflow/.local/lib/python3.7/site-packages/airflow/example_dags/example_xcom.py took 0.090 seconds
[2023-01-12T07:42:37.925+0000] {processor.py:153} INFO - Started process (PID=330) to work on /home/airflow/.local/lib/python3.7/site-packages/airflow/example_dags/example_xcom.py
[2023-01-12T07:42:37.927+0000] {processor.py:743} INFO - Processing file /home/airflow/.local/lib/python3.7/site-packages/airflow/example_dags/example_xcom.py for tasks to queue
[2023-01-12T07:42:37.928+0000] {logging_mixin.py:137} INFO - [2023-01-12T07:42:37.928+0000] {dagbag.py:538} INFO - Filling up the DagBag from /home/airflow/.local/lib/python3.7/site-packages/airflow/example_dags/example_xcom.py
[2023-01-12T07:42:37.948+0000] {processor.py:753} INFO - DAG(s) dict_keys(['example_xcom']) retrieved from /home/airflow/.local/lib/python3.7/site-packages/airflow/example_dags/example_xcom.py
[2023-01-12T07:42:37.978+0000] {logging_mixin.py:137} INFO - [2023-01-12T07:42:37.978+0000] {dag.py:2676} INFO - Sync 1 DAGs
[2023-01-12T07:42:37.998+0000] {logging_mixin.py:137} INFO - [2023-01-12T07:42:37.998+0000] {dag.py:3427} INFO - Setting next_dagrun for example_xcom to 2021-01-01T00:00:00+00:00, run_after=2021-01-01T00:00:00+00:00
[2023-01-12T07:42:38.014+0000] {processor.py:175} INFO - Processing /home/airflow/.local/lib/python3.7/site-packages/airflow/example_dags/example_xcom.py took 0.091 seconds
[2023-01-12T07:43:08.466+0000] {processor.py:153} INFO - Started process (PID=392) to work on /home/airflow/.local/lib/python3.7/site-packages/airflow/example_dags/example_xcom.py
[2023-01-12T07:43:08.468+0000] {processor.py:743} INFO - Processing file /home/airflow/.local/lib/python3.7/site-packages/airflow/example_dags/example_xcom.py for tasks to queue
[2023-01-12T07:43:08.469+0000] {logging_mixin.py:137} INFO - [2023-01-12T07:43:08.469+0000] {dagbag.py:538} INFO - Filling up the DagBag from /home/airflow/.local/lib/python3.7/site-packages/airflow/example_dags/example_xcom.py
[2023-01-12T07:43:08.489+0000] {processor.py:753} INFO - DAG(s) dict_keys(['example_xcom']) retrieved from /home/airflow/.local/lib/python3.7/site-packages/airflow/example_dags/example_xcom.py
[2023-01-12T07:43:08.519+0000] {logging_mixin.py:137} INFO - [2023-01-12T07:43:08.519+0000] {dag.py:2676} INFO - Sync 1 DAGs
[2023-01-12T07:43:08.538+0000] {logging_mixin.py:137} INFO - [2023-01-12T07:43:08.538+0000] {dag.py:3427} INFO - Setting next_dagrun for example_xcom to 2021-01-01T00:00:00+00:00, run_after=2021-01-01T00:00:00+00:00
[2023-01-12T07:43:08.558+0000] {processor.py:175} INFO - Processing /home/airflow/.local/lib/python3.7/site-packages/airflow/example_dags/example_xcom.py took 0.096 seconds
[2023-01-12T07:43:39.323+0000] {processor.py:153} INFO - Started process (PID=464) to work on /home/airflow/.local/lib/python3.7/site-packages/airflow/example_dags/example_xcom.py
[2023-01-12T07:43:39.325+0000] {processor.py:743} INFO - Processing file /home/airflow/.local/lib/python3.7/site-packages/airflow/example_dags/example_xcom.py for tasks to queue
[2023-01-12T07:43:39.327+0000] {logging_mixin.py:137} INFO - [2023-01-12T07:43:39.327+0000] {dagbag.py:538} INFO - Filling up the DagBag from /home/airflow/.local/lib/python3.7/site-packages/airflow/example_dags/example_xcom.py
[2023-01-12T07:43:39.346+0000] {processor.py:753} INFO - DAG(s) dict_keys(['example_xcom']) retrieved from /home/airflow/.local/lib/python3.7/site-packages/airflow/example_dags/example_xcom.py
[2023-01-12T07:43:39.381+0000] {logging_mixin.py:137} INFO - [2023-01-12T07:43:39.381+0000] {dag.py:2676} INFO - Sync 1 DAGs
[2023-01-12T07:43:39.400+0000] {logging_mixin.py:137} INFO - [2023-01-12T07:43:39.400+0000] {dag.py:3427} INFO - Setting next_dagrun for example_xcom to 2021-01-01T00:00:00+00:00, run_after=2021-01-01T00:00:00+00:00
[2023-01-12T07:43:39.416+0000] {processor.py:175} INFO - Processing /home/airflow/.local/lib/python3.7/site-packages/airflow/example_dags/example_xcom.py took 0.095 seconds
[2023-01-12T07:44:10.290+0000] {processor.py:153} INFO - Started process (PID=538) to work on /home/airflow/.local/lib/python3.7/site-packages/airflow/example_dags/example_xcom.py
[2023-01-12T07:44:10.292+0000] {processor.py:743} INFO - Processing file /home/airflow/.local/lib/python3.7/site-packages/airflow/example_dags/example_xcom.py for tasks to queue
[2023-01-12T07:44:10.294+0000] {logging_mixin.py:137} INFO - [2023-01-12T07:44:10.294+0000] {dagbag.py:538} INFO - Filling up the DagBag from /home/airflow/.local/lib/python3.7/site-packages/airflow/example_dags/example_xcom.py
[2023-01-12T07:44:10.314+0000] {processor.py:753} INFO - DAG(s) dict_keys(['example_xcom']) retrieved from /home/airflow/.local/lib/python3.7/site-packages/airflow/example_dags/example_xcom.py
[2023-01-12T07:44:10.345+0000] {logging_mixin.py:137} INFO - [2023-01-12T07:44:10.344+0000] {dag.py:2676} INFO - Sync 1 DAGs
[2023-01-12T07:44:10.367+0000] {logging_mixin.py:137} INFO - [2023-01-12T07:44:10.367+0000] {dag.py:3427} INFO - Setting next_dagrun for example_xcom to 2021-01-01T00:00:00+00:00, run_after=2021-01-01T00:00:00+00:00
[2023-01-12T07:44:10.383+0000] {processor.py:175} INFO - Processing /home/airflow/.local/lib/python3.7/site-packages/airflow/example_dags/example_xcom.py took 0.100 seconds
[2023-01-12T07:44:41.295+0000] {processor.py:153} INFO - Started process (PID=600) to work on /home/airflow/.local/lib/python3.7/site-packages/airflow/example_dags/example_xcom.py
[2023-01-12T07:44:41.297+0000] {processor.py:743} INFO - Processing file /home/airflow/.local/lib/python3.7/site-packages/airflow/example_dags/example_xcom.py for tasks to queue
[2023-01-12T07:44:41.298+0000] {logging_mixin.py:137} INFO - [2023-01-12T07:44:41.298+0000] {dagbag.py:538} INFO - Filling up the DagBag from /home/airflow/.local/lib/python3.7/site-packages/airflow/example_dags/example_xcom.py
[2023-01-12T07:44:41.318+0000] {processor.py:753} INFO - DAG(s) dict_keys(['example_xcom']) retrieved from /home/airflow/.local/lib/python3.7/site-packages/airflow/example_dags/example_xcom.py
[2023-01-12T07:44:41.349+0000] {logging_mixin.py:137} INFO - [2023-01-12T07:44:41.349+0000] {dag.py:2676} INFO - Sync 1 DAGs
[2023-01-12T07:44:41.369+0000] {logging_mixin.py:137} INFO - [2023-01-12T07:44:41.369+0000] {dag.py:3427} INFO - Setting next_dagrun for example_xcom to 2021-01-01T00:00:00+00:00, run_after=2021-01-01T00:00:00+00:00
[2023-01-12T07:44:41.384+0000] {processor.py:175} INFO - Processing /home/airflow/.local/lib/python3.7/site-packages/airflow/example_dags/example_xcom.py took 0.091 seconds
[2023-01-12T07:45:11.794+0000] {processor.py:153} INFO - Started process (PID=675) to work on /home/airflow/.local/lib/python3.7/site-packages/airflow/example_dags/example_xcom.py
[2023-01-12T07:45:11.796+0000] {processor.py:743} INFO - Processing file /home/airflow/.local/lib/python3.7/site-packages/airflow/example_dags/example_xcom.py for tasks to queue
[2023-01-12T07:45:11.798+0000] {logging_mixin.py:137} INFO - [2023-01-12T07:45:11.798+0000] {dagbag.py:538} INFO - Filling up the DagBag from /home/airflow/.local/lib/python3.7/site-packages/airflow/example_dags/example_xcom.py
[2023-01-12T07:45:11.818+0000] {processor.py:753} INFO - DAG(s) dict_keys(['example_xcom']) retrieved from /home/airflow/.local/lib/python3.7/site-packages/airflow/example_dags/example_xcom.py
[2023-01-12T07:45:11.850+0000] {logging_mixin.py:137} INFO - [2023-01-12T07:45:11.850+0000] {dag.py:2676} INFO - Sync 1 DAGs
[2023-01-12T07:45:11.870+0000] {logging_mixin.py:137} INFO - [2023-01-12T07:45:11.870+0000] {dag.py:3427} INFO - Setting next_dagrun for example_xcom to 2021-01-01T00:00:00+00:00, run_after=2021-01-01T00:00:00+00:00
[2023-01-12T07:45:11.886+0000] {processor.py:175} INFO - Processing /home/airflow/.local/lib/python3.7/site-packages/airflow/example_dags/example_xcom.py took 0.094 seconds
[2023-01-12T07:45:42.566+0000] {processor.py:153} INFO - Started process (PID=744) to work on /home/airflow/.local/lib/python3.7/site-packages/airflow/example_dags/example_xcom.py
[2023-01-12T07:45:42.569+0000] {processor.py:743} INFO - Processing file /home/airflow/.local/lib/python3.7/site-packages/airflow/example_dags/example_xcom.py for tasks to queue
[2023-01-12T07:45:42.570+0000] {logging_mixin.py:137} INFO - [2023-01-12T07:45:42.570+0000] {dagbag.py:538} INFO - Filling up the DagBag from /home/airflow/.local/lib/python3.7/site-packages/airflow/example_dags/example_xcom.py
[2023-01-12T07:45:42.591+0000] {processor.py:753} INFO - DAG(s) dict_keys(['example_xcom']) retrieved from /home/airflow/.local/lib/python3.7/site-packages/airflow/example_dags/example_xcom.py
[2023-01-12T07:45:42.630+0000] {logging_mixin.py:137} INFO - [2023-01-12T07:45:42.630+0000] {dag.py:2676} INFO - Sync 1 DAGs
[2023-01-12T07:45:42.659+0000] {logging_mixin.py:137} INFO - [2023-01-12T07:45:42.659+0000] {dag.py:3427} INFO - Setting next_dagrun for example_xcom to 2021-01-01T00:00:00+00:00, run_after=2021-01-01T00:00:00+00:00
[2023-01-12T07:45:42.679+0000] {processor.py:175} INFO - Processing /home/airflow/.local/lib/python3.7/site-packages/airflow/example_dags/example_xcom.py took 0.116 seconds
[2023-01-12T07:46:13.559+0000] {processor.py:153} INFO - Started process (PID=811) to work on /home/airflow/.local/lib/python3.7/site-packages/airflow/example_dags/example_xcom.py
[2023-01-12T07:46:13.561+0000] {processor.py:743} INFO - Processing file /home/airflow/.local/lib/python3.7/site-packages/airflow/example_dags/example_xcom.py for tasks to queue
[2023-01-12T07:46:13.562+0000] {logging_mixin.py:137} INFO - [2023-01-12T07:46:13.562+0000] {dagbag.py:538} INFO - Filling up the DagBag from /home/airflow/.local/lib/python3.7/site-packages/airflow/example_dags/example_xcom.py
[2023-01-12T07:46:13.582+0000] {processor.py:753} INFO - DAG(s) dict_keys(['example_xcom']) retrieved from /home/airflow/.local/lib/python3.7/site-packages/airflow/example_dags/example_xcom.py
[2023-01-12T07:46:13.613+0000] {logging_mixin.py:137} INFO - [2023-01-12T07:46:13.613+0000] {dag.py:2676} INFO - Sync 1 DAGs
[2023-01-12T07:46:13.631+0000] {logging_mixin.py:137} INFO - [2023-01-12T07:46:13.631+0000] {dag.py:3427} INFO - Setting next_dagrun for example_xcom to 2021-01-01T00:00:00+00:00, run_after=2021-01-01T00:00:00+00:00
[2023-01-12T07:46:13.645+0000] {processor.py:175} INFO - Processing /home/airflow/.local/lib/python3.7/site-packages/airflow/example_dags/example_xcom.py took 0.090 seconds
[2023-01-12T07:46:44.230+0000] {processor.py:153} INFO - Started process (PID=886) to work on /home/airflow/.local/lib/python3.7/site-packages/airflow/example_dags/example_xcom.py
[2023-01-12T07:46:44.233+0000] {processor.py:743} INFO - Processing file /home/airflow/.local/lib/python3.7/site-packages/airflow/example_dags/example_xcom.py for tasks to queue
[2023-01-12T07:46:44.234+0000] {logging_mixin.py:137} INFO - [2023-01-12T07:46:44.234+0000] {dagbag.py:538} INFO - Filling up the DagBag from /home/airflow/.local/lib/python3.7/site-packages/airflow/example_dags/example_xcom.py
[2023-01-12T07:46:44.254+0000] {processor.py:753} INFO - DAG(s) dict_keys(['example_xcom']) retrieved from /home/airflow/.local/lib/python3.7/site-packages/airflow/example_dags/example_xcom.py
[2023-01-12T07:46:44.289+0000] {logging_mixin.py:137} INFO - [2023-01-12T07:46:44.289+0000] {dag.py:2676} INFO - Sync 1 DAGs
[2023-01-12T07:46:44.313+0000] {logging_mixin.py:137} INFO - [2023-01-12T07:46:44.313+0000] {dag.py:3427} INFO - Setting next_dagrun for example_xcom to 2021-01-01T00:00:00+00:00, run_after=2021-01-01T00:00:00+00:00
[2023-01-12T07:46:44.329+0000] {processor.py:175} INFO - Processing /home/airflow/.local/lib/python3.7/site-packages/airflow/example_dags/example_xcom.py took 0.101 seconds
[2023-01-12T07:47:15.076+0000] {processor.py:153} INFO - Started process (PID=948) to work on /home/airflow/.local/lib/python3.7/site-packages/airflow/example_dags/example_xcom.py
[2023-01-12T07:47:15.078+0000] {processor.py:743} INFO - Processing file /home/airflow/.local/lib/python3.7/site-packages/airflow/example_dags/example_xcom.py for tasks to queue
[2023-01-12T07:47:15.079+0000] {logging_mixin.py:137} INFO - [2023-01-12T07:47:15.079+0000] {dagbag.py:538} INFO - Filling up the DagBag from /home/airflow/.local/lib/python3.7/site-packages/airflow/example_dags/example_xcom.py
[2023-01-12T07:47:15.098+0000] {processor.py:753} INFO - DAG(s) dict_keys(['example_xcom']) retrieved from /home/airflow/.local/lib/python3.7/site-packages/airflow/example_dags/example_xcom.py
[2023-01-12T07:47:15.135+0000] {logging_mixin.py:137} INFO - [2023-01-12T07:47:15.135+0000] {dag.py:2676} INFO - Sync 1 DAGs
[2023-01-12T07:47:15.156+0000] {logging_mixin.py:137} INFO - [2023-01-12T07:47:15.156+0000] {dag.py:3427} INFO - Setting next_dagrun for example_xcom to 2021-01-01T00:00:00+00:00, run_after=2021-01-01T00:00:00+00:00
[2023-01-12T07:47:15.172+0000] {processor.py:175} INFO - Processing /home/airflow/.local/lib/python3.7/site-packages/airflow/example_dags/example_xcom.py took 0.098 seconds
[2023-01-12T07:47:45.355+0000] {processor.py:153} INFO - Started process (PID=1024) to work on /home/airflow/.local/lib/python3.7/site-packages/airflow/example_dags/example_xcom.py
[2023-01-12T07:47:45.361+0000] {processor.py:743} INFO - Processing file /home/airflow/.local/lib/python3.7/site-packages/airflow/example_dags/example_xcom.py for tasks to queue
[2023-01-12T07:47:45.362+0000] {logging_mixin.py:137} INFO - [2023-01-12T07:47:45.362+0000] {dagbag.py:538} INFO - Filling up the DagBag from /home/airflow/.local/lib/python3.7/site-packages/airflow/example_dags/example_xcom.py
[2023-01-12T07:47:45.382+0000] {processor.py:753} INFO - DAG(s) dict_keys(['example_xcom']) retrieved from /home/airflow/.local/lib/python3.7/site-packages/airflow/example_dags/example_xcom.py
[2023-01-12T07:47:45.413+0000] {logging_mixin.py:137} INFO - [2023-01-12T07:47:45.413+0000] {dag.py:2676} INFO - Sync 1 DAGs
[2023-01-12T07:47:45.438+0000] {logging_mixin.py:137} INFO - [2023-01-12T07:47:45.438+0000] {dag.py:3427} INFO - Setting next_dagrun for example_xcom to 2021-01-01T00:00:00+00:00, run_after=2021-01-01T00:00:00+00:00
[2023-01-12T07:47:45.453+0000] {processor.py:175} INFO - Processing /home/airflow/.local/lib/python3.7/site-packages/airflow/example_dags/example_xcom.py took 0.100 seconds
[2023-01-12T07:48:16.067+0000] {processor.py:153} INFO - Started process (PID=1094) to work on /home/airflow/.local/lib/python3.7/site-packages/airflow/example_dags/example_xcom.py
[2023-01-12T07:48:16.069+0000] {processor.py:743} INFO - Processing file /home/airflow/.local/lib/python3.7/site-packages/airflow/example_dags/example_xcom.py for tasks to queue
[2023-01-12T07:48:16.070+0000] {logging_mixin.py:137} INFO - [2023-01-12T07:48:16.070+0000] {dagbag.py:538} INFO - Filling up the DagBag from /home/airflow/.local/lib/python3.7/site-packages/airflow/example_dags/example_xcom.py
[2023-01-12T07:48:16.094+0000] {processor.py:753} INFO - DAG(s) dict_keys(['example_xcom']) retrieved from /home/airflow/.local/lib/python3.7/site-packages/airflow/example_dags/example_xcom.py
[2023-01-12T07:48:16.128+0000] {logging_mixin.py:137} INFO - [2023-01-12T07:48:16.128+0000] {dag.py:2676} INFO - Sync 1 DAGs
[2023-01-12T07:48:16.153+0000] {logging_mixin.py:137} INFO - [2023-01-12T07:48:16.153+0000] {dag.py:3427} INFO - Setting next_dagrun for example_xcom to 2021-01-01T00:00:00+00:00, run_after=2021-01-01T00:00:00+00:00
[2023-01-12T07:48:16.175+0000] {processor.py:175} INFO - Processing /home/airflow/.local/lib/python3.7/site-packages/airflow/example_dags/example_xcom.py took 0.111 seconds
[2023-01-12T07:48:46.815+0000] {processor.py:153} INFO - Started process (PID=1158) to work on /home/airflow/.local/lib/python3.7/site-packages/airflow/example_dags/example_xcom.py
[2023-01-12T07:48:46.818+0000] {processor.py:743} INFO - Processing file /home/airflow/.local/lib/python3.7/site-packages/airflow/example_dags/example_xcom.py for tasks to queue
[2023-01-12T07:48:46.819+0000] {logging_mixin.py:137} INFO - [2023-01-12T07:48:46.819+0000] {dagbag.py:538} INFO - Filling up the DagBag from /home/airflow/.local/lib/python3.7/site-packages/airflow/example_dags/example_xcom.py
[2023-01-12T07:48:46.839+0000] {processor.py:753} INFO - DAG(s) dict_keys(['example_xcom']) retrieved from /home/airflow/.local/lib/python3.7/site-packages/airflow/example_dags/example_xcom.py
[2023-01-12T07:48:46.871+0000] {logging_mixin.py:137} INFO - [2023-01-12T07:48:46.871+0000] {dag.py:2676} INFO - Sync 1 DAGs
[2023-01-12T07:48:46.890+0000] {logging_mixin.py:137} INFO - [2023-01-12T07:48:46.890+0000] {dag.py:3427} INFO - Setting next_dagrun for example_xcom to 2021-01-01T00:00:00+00:00, run_after=2021-01-01T00:00:00+00:00
[2023-01-12T07:48:46.904+0000] {processor.py:175} INFO - Processing /home/airflow/.local/lib/python3.7/site-packages/airflow/example_dags/example_xcom.py took 0.092 seconds
[2023-01-12T07:49:17.260+0000] {processor.py:153} INFO - Started process (PID=1234) to work on /home/airflow/.local/lib/python3.7/site-packages/airflow/example_dags/example_xcom.py
[2023-01-12T07:49:17.262+0000] {processor.py:743} INFO - Processing file /home/airflow/.local/lib/python3.7/site-packages/airflow/example_dags/example_xcom.py for tasks to queue
[2023-01-12T07:49:17.264+0000] {logging_mixin.py:137} INFO - [2023-01-12T07:49:17.264+0000] {dagbag.py:538} INFO - Filling up the DagBag from /home/airflow/.local/lib/python3.7/site-packages/airflow/example_dags/example_xcom.py
[2023-01-12T07:49:17.285+0000] {processor.py:753} INFO - DAG(s) dict_keys(['example_xcom']) retrieved from /home/airflow/.local/lib/python3.7/site-packages/airflow/example_dags/example_xcom.py
[2023-01-12T07:49:17.317+0000] {logging_mixin.py:137} INFO - [2023-01-12T07:49:17.317+0000] {dag.py:2676} INFO - Sync 1 DAGs
[2023-01-12T07:49:17.338+0000] {logging_mixin.py:137} INFO - [2023-01-12T07:49:17.338+0000] {dag.py:3427} INFO - Setting next_dagrun for example_xcom to 2021-01-01T00:00:00+00:00, run_after=2021-01-01T00:00:00+00:00
[2023-01-12T07:49:17.363+0000] {processor.py:175} INFO - Processing /home/airflow/.local/lib/python3.7/site-packages/airflow/example_dags/example_xcom.py took 0.106 seconds
[2023-01-12T07:49:48.071+0000] {processor.py:153} INFO - Started process (PID=1296) to work on /home/airflow/.local/lib/python3.7/site-packages/airflow/example_dags/example_xcom.py
[2023-01-12T07:49:48.072+0000] {processor.py:743} INFO - Processing file /home/airflow/.local/lib/python3.7/site-packages/airflow/example_dags/example_xcom.py for tasks to queue
[2023-01-12T07:49:48.074+0000] {logging_mixin.py:137} INFO - [2023-01-12T07:49:48.074+0000] {dagbag.py:538} INFO - Filling up the DagBag from /home/airflow/.local/lib/python3.7/site-packages/airflow/example_dags/example_xcom.py
[2023-01-12T07:49:48.092+0000] {processor.py:753} INFO - DAG(s) dict_keys(['example_xcom']) retrieved from /home/airflow/.local/lib/python3.7/site-packages/airflow/example_dags/example_xcom.py
[2023-01-12T07:49:48.125+0000] {logging_mixin.py:137} INFO - [2023-01-12T07:49:48.124+0000] {dag.py:2676} INFO - Sync 1 DAGs
[2023-01-12T07:49:48.145+0000] {logging_mixin.py:137} INFO - [2023-01-12T07:49:48.145+0000] {dag.py:3427} INFO - Setting next_dagrun for example_xcom to 2021-01-01T00:00:00+00:00, run_after=2021-01-01T00:00:00+00:00
[2023-01-12T07:49:48.160+0000] {processor.py:175} INFO - Processing /home/airflow/.local/lib/python3.7/site-packages/airflow/example_dags/example_xcom.py took 0.092 seconds
[2023-01-12T07:50:19.023+0000] {processor.py:153} INFO - Started process (PID=1371) to work on /home/airflow/.local/lib/python3.7/site-packages/airflow/example_dags/example_xcom.py
[2023-01-12T07:50:19.025+0000] {processor.py:743} INFO - Processing file /home/airflow/.local/lib/python3.7/site-packages/airflow/example_dags/example_xcom.py for tasks to queue
[2023-01-12T07:50:19.026+0000] {logging_mixin.py:137} INFO - [2023-01-12T07:50:19.026+0000] {dagbag.py:538} INFO - Filling up the DagBag from /home/airflow/.local/lib/python3.7/site-packages/airflow/example_dags/example_xcom.py
[2023-01-12T07:50:19.046+0000] {processor.py:753} INFO - DAG(s) dict_keys(['example_xcom']) retrieved from /home/airflow/.local/lib/python3.7/site-packages/airflow/example_dags/example_xcom.py
[2023-01-12T07:50:19.076+0000] {logging_mixin.py:137} INFO - [2023-01-12T07:50:19.076+0000] {dag.py:2676} INFO - Sync 1 DAGs
[2023-01-12T07:50:19.096+0000] {logging_mixin.py:137} INFO - [2023-01-12T07:50:19.096+0000] {dag.py:3427} INFO - Setting next_dagrun for example_xcom to 2021-01-01T00:00:00+00:00, run_after=2021-01-01T00:00:00+00:00
[2023-01-12T07:50:19.112+0000] {processor.py:175} INFO - Processing /home/airflow/.local/lib/python3.7/site-packages/airflow/example_dags/example_xcom.py took 0.091 seconds
[2023-01-12T07:50:49.879+0000] {processor.py:153} INFO - Started process (PID=1444) to work on /home/airflow/.local/lib/python3.7/site-packages/airflow/example_dags/example_xcom.py
[2023-01-12T07:50:49.881+0000] {processor.py:743} INFO - Processing file /home/airflow/.local/lib/python3.7/site-packages/airflow/example_dags/example_xcom.py for tasks to queue
[2023-01-12T07:50:49.883+0000] {logging_mixin.py:137} INFO - [2023-01-12T07:50:49.883+0000] {dagbag.py:538} INFO - Filling up the DagBag from /home/airflow/.local/lib/python3.7/site-packages/airflow/example_dags/example_xcom.py
[2023-01-12T07:50:49.905+0000] {processor.py:753} INFO - DAG(s) dict_keys(['example_xcom']) retrieved from /home/airflow/.local/lib/python3.7/site-packages/airflow/example_dags/example_xcom.py
[2023-01-12T07:50:49.939+0000] {logging_mixin.py:137} INFO - [2023-01-12T07:50:49.938+0000] {dag.py:2676} INFO - Sync 1 DAGs
[2023-01-12T07:50:49.960+0000] {logging_mixin.py:137} INFO - [2023-01-12T07:50:49.959+0000] {dag.py:3427} INFO - Setting next_dagrun for example_xcom to 2021-01-01T00:00:00+00:00, run_after=2021-01-01T00:00:00+00:00
[2023-01-12T07:50:49.976+0000] {processor.py:175} INFO - Processing /home/airflow/.local/lib/python3.7/site-packages/airflow/example_dags/example_xcom.py took 0.100 seconds
[2023-01-12T07:51:20.783+0000] {processor.py:153} INFO - Started process (PID=1505) to work on /home/airflow/.local/lib/python3.7/site-packages/airflow/example_dags/example_xcom.py
[2023-01-12T07:51:20.785+0000] {processor.py:743} INFO - Processing file /home/airflow/.local/lib/python3.7/site-packages/airflow/example_dags/example_xcom.py for tasks to queue
[2023-01-12T07:51:20.786+0000] {logging_mixin.py:137} INFO - [2023-01-12T07:51:20.786+0000] {dagbag.py:538} INFO - Filling up the DagBag from /home/airflow/.local/lib/python3.7/site-packages/airflow/example_dags/example_xcom.py
[2023-01-12T07:51:20.806+0000] {processor.py:753} INFO - DAG(s) dict_keys(['example_xcom']) retrieved from /home/airflow/.local/lib/python3.7/site-packages/airflow/example_dags/example_xcom.py
[2023-01-12T07:51:20.838+0000] {logging_mixin.py:137} INFO - [2023-01-12T07:51:20.838+0000] {dag.py:2676} INFO - Sync 1 DAGs
[2023-01-12T07:51:20.859+0000] {logging_mixin.py:137} INFO - [2023-01-12T07:51:20.859+0000] {dag.py:3427} INFO - Setting next_dagrun for example_xcom to 2021-01-01T00:00:00+00:00, run_after=2021-01-01T00:00:00+00:00
[2023-01-12T07:51:20.873+0000] {processor.py:175} INFO - Processing /home/airflow/.local/lib/python3.7/site-packages/airflow/example_dags/example_xcom.py took 0.093 seconds
[2023-01-12T07:51:51.645+0000] {processor.py:153} INFO - Started process (PID=1577) to work on /home/airflow/.local/lib/python3.7/site-packages/airflow/example_dags/example_xcom.py
[2023-01-12T07:51:51.646+0000] {processor.py:743} INFO - Processing file /home/airflow/.local/lib/python3.7/site-packages/airflow/example_dags/example_xcom.py for tasks to queue
[2023-01-12T07:51:51.648+0000] {logging_mixin.py:137} INFO - [2023-01-12T07:51:51.648+0000] {dagbag.py:538} INFO - Filling up the DagBag from /home/airflow/.local/lib/python3.7/site-packages/airflow/example_dags/example_xcom.py
[2023-01-12T07:51:51.667+0000] {processor.py:753} INFO - DAG(s) dict_keys(['example_xcom']) retrieved from /home/airflow/.local/lib/python3.7/site-packages/airflow/example_dags/example_xcom.py
[2023-01-12T07:51:51.700+0000] {logging_mixin.py:137} INFO - [2023-01-12T07:51:51.700+0000] {dag.py:2676} INFO - Sync 1 DAGs
[2023-01-12T07:51:51.723+0000] {logging_mixin.py:137} INFO - [2023-01-12T07:51:51.723+0000] {dag.py:3427} INFO - Setting next_dagrun for example_xcom to 2021-01-01T00:00:00+00:00, run_after=2021-01-01T00:00:00+00:00
[2023-01-12T07:51:51.740+0000] {processor.py:175} INFO - Processing /home/airflow/.local/lib/python3.7/site-packages/airflow/example_dags/example_xcom.py took 0.098 seconds
[2023-01-12T07:52:22.516+0000] {processor.py:153} INFO - Started process (PID=1649) to work on /home/airflow/.local/lib/python3.7/site-packages/airflow/example_dags/example_xcom.py
[2023-01-12T07:52:22.518+0000] {processor.py:743} INFO - Processing file /home/airflow/.local/lib/python3.7/site-packages/airflow/example_dags/example_xcom.py for tasks to queue
[2023-01-12T07:52:22.520+0000] {logging_mixin.py:137} INFO - [2023-01-12T07:52:22.520+0000] {dagbag.py:538} INFO - Filling up the DagBag from /home/airflow/.local/lib/python3.7/site-packages/airflow/example_dags/example_xcom.py
[2023-01-12T07:52:22.551+0000] {processor.py:753} INFO - DAG(s) dict_keys(['example_xcom']) retrieved from /home/airflow/.local/lib/python3.7/site-packages/airflow/example_dags/example_xcom.py
[2023-01-12T07:52:22.627+0000] {logging_mixin.py:137} INFO - [2023-01-12T07:52:22.627+0000] {dag.py:2676} INFO - Sync 1 DAGs
[2023-01-12T07:52:22.688+0000] {logging_mixin.py:137} INFO - [2023-01-12T07:52:22.687+0000] {dag.py:3427} INFO - Setting next_dagrun for example_xcom to 2021-01-01T00:00:00+00:00, run_after=2021-01-01T00:00:00+00:00
[2023-01-12T07:52:22.707+0000] {processor.py:175} INFO - Processing /home/airflow/.local/lib/python3.7/site-packages/airflow/example_dags/example_xcom.py took 0.193 seconds
[2023-01-12T07:52:53.535+0000] {processor.py:153} INFO - Started process (PID=1713) to work on /home/airflow/.local/lib/python3.7/site-packages/airflow/example_dags/example_xcom.py
[2023-01-12T07:52:53.537+0000] {processor.py:743} INFO - Processing file /home/airflow/.local/lib/python3.7/site-packages/airflow/example_dags/example_xcom.py for tasks to queue
[2023-01-12T07:52:53.539+0000] {logging_mixin.py:137} INFO - [2023-01-12T07:52:53.539+0000] {dagbag.py:538} INFO - Filling up the DagBag from /home/airflow/.local/lib/python3.7/site-packages/airflow/example_dags/example_xcom.py
[2023-01-12T07:52:53.559+0000] {processor.py:753} INFO - DAG(s) dict_keys(['example_xcom']) retrieved from /home/airflow/.local/lib/python3.7/site-packages/airflow/example_dags/example_xcom.py
[2023-01-12T07:52:53.590+0000] {logging_mixin.py:137} INFO - [2023-01-12T07:52:53.590+0000] {dag.py:2676} INFO - Sync 1 DAGs
[2023-01-12T07:52:53.611+0000] {logging_mixin.py:137} INFO - [2023-01-12T07:52:53.611+0000] {dag.py:3427} INFO - Setting next_dagrun for example_xcom to 2021-01-01T00:00:00+00:00, run_after=2021-01-01T00:00:00+00:00
[2023-01-12T07:52:53.628+0000] {processor.py:175} INFO - Processing /home/airflow/.local/lib/python3.7/site-packages/airflow/example_dags/example_xcom.py took 0.096 seconds
[2023-01-12T07:53:24.129+0000] {processor.py:153} INFO - Started process (PID=1786) to work on /home/airflow/.local/lib/python3.7/site-packages/airflow/example_dags/example_xcom.py
[2023-01-12T07:53:24.132+0000] {processor.py:743} INFO - Processing file /home/airflow/.local/lib/python3.7/site-packages/airflow/example_dags/example_xcom.py for tasks to queue
[2023-01-12T07:53:24.133+0000] {logging_mixin.py:137} INFO - [2023-01-12T07:53:24.133+0000] {dagbag.py:538} INFO - Filling up the DagBag from /home/airflow/.local/lib/python3.7/site-packages/airflow/example_dags/example_xcom.py
[2023-01-12T07:53:24.155+0000] {processor.py:753} INFO - DAG(s) dict_keys(['example_xcom']) retrieved from /home/airflow/.local/lib/python3.7/site-packages/airflow/example_dags/example_xcom.py
[2023-01-12T07:53:24.189+0000] {logging_mixin.py:137} INFO - [2023-01-12T07:53:24.189+0000] {dag.py:2676} INFO - Sync 1 DAGs
[2023-01-12T07:53:24.208+0000] {logging_mixin.py:137} INFO - [2023-01-12T07:53:24.208+0000] {dag.py:3427} INFO - Setting next_dagrun for example_xcom to 2021-01-01T00:00:00+00:00, run_after=2021-01-01T00:00:00+00:00
[2023-01-12T07:53:24.223+0000] {processor.py:175} INFO - Processing /home/airflow/.local/lib/python3.7/site-packages/airflow/example_dags/example_xcom.py took 0.097 seconds
[2023-01-12T07:53:54.613+0000] {processor.py:153} INFO - Started process (PID=1848) to work on /home/airflow/.local/lib/python3.7/site-packages/airflow/example_dags/example_xcom.py
[2023-01-12T07:53:54.615+0000] {processor.py:743} INFO - Processing file /home/airflow/.local/lib/python3.7/site-packages/airflow/example_dags/example_xcom.py for tasks to queue
[2023-01-12T07:53:54.616+0000] {logging_mixin.py:137} INFO - [2023-01-12T07:53:54.616+0000] {dagbag.py:538} INFO - Filling up the DagBag from /home/airflow/.local/lib/python3.7/site-packages/airflow/example_dags/example_xcom.py
[2023-01-12T07:53:54.641+0000] {processor.py:753} INFO - DAG(s) dict_keys(['example_xcom']) retrieved from /home/airflow/.local/lib/python3.7/site-packages/airflow/example_dags/example_xcom.py
[2023-01-12T07:53:54.682+0000] {logging_mixin.py:137} INFO - [2023-01-12T07:53:54.682+0000] {dag.py:2676} INFO - Sync 1 DAGs
[2023-01-12T07:53:54.703+0000] {logging_mixin.py:137} INFO - [2023-01-12T07:53:54.703+0000] {dag.py:3427} INFO - Setting next_dagrun for example_xcom to 2021-01-01T00:00:00+00:00, run_after=2021-01-01T00:00:00+00:00
[2023-01-12T07:53:54.718+0000] {processor.py:175} INFO - Processing /home/airflow/.local/lib/python3.7/site-packages/airflow/example_dags/example_xcom.py took 0.107 seconds
