[2023-01-12T07:27:05.036+0000] {processor.py:153} INFO - Started process (PID=37) to work on /home/airflow/.local/lib/python3.7/site-packages/airflow/example_dags/example_nested_branch_dag.py
[2023-01-12T07:27:05.038+0000] {processor.py:743} INFO - Processing file /home/airflow/.local/lib/python3.7/site-packages/airflow/example_dags/example_nested_branch_dag.py for tasks to queue
[2023-01-12T07:27:05.039+0000] {logging_mixin.py:137} INFO - [2023-01-12T07:27:05.039+0000] {dagbag.py:538} INFO - Filling up the DagBag from /home/airflow/.local/lib/python3.7/site-packages/airflow/example_dags/example_nested_branch_dag.py
[2023-01-12T07:27:05.074+0000] {processor.py:753} INFO - DAG(s) dict_keys(['example_nested_branch_dag']) retrieved from /home/airflow/.local/lib/python3.7/site-packages/airflow/example_dags/example_nested_branch_dag.py
[2023-01-12T07:27:05.100+0000] {logging_mixin.py:137} INFO - [2023-01-12T07:27:05.100+0000] {dag.py:2676} INFO - Sync 1 DAGs
[2023-01-12T07:27:05.134+0000] {logging_mixin.py:137} INFO - [2023-01-12T07:27:05.134+0000] {dag.py:3427} INFO - Setting next_dagrun for example_nested_branch_dag to 2023-01-11T00:00:00+00:00, run_after=2023-01-12T00:00:00+00:00
[2023-01-12T07:27:05.154+0000] {processor.py:175} INFO - Processing /home/airflow/.local/lib/python3.7/site-packages/airflow/example_dags/example_nested_branch_dag.py took 0.121 seconds
[2023-01-12T07:27:35.626+0000] {processor.py:153} INFO - Started process (PID=111) to work on /home/airflow/.local/lib/python3.7/site-packages/airflow/example_dags/example_nested_branch_dag.py
[2023-01-12T07:27:35.629+0000] {processor.py:743} INFO - Processing file /home/airflow/.local/lib/python3.7/site-packages/airflow/example_dags/example_nested_branch_dag.py for tasks to queue
[2023-01-12T07:27:35.630+0000] {logging_mixin.py:137} INFO - [2023-01-12T07:27:35.630+0000] {dagbag.py:538} INFO - Filling up the DagBag from /home/airflow/.local/lib/python3.7/site-packages/airflow/example_dags/example_nested_branch_dag.py
[2023-01-12T07:27:35.652+0000] {processor.py:753} INFO - DAG(s) dict_keys(['example_nested_branch_dag']) retrieved from /home/airflow/.local/lib/python3.7/site-packages/airflow/example_dags/example_nested_branch_dag.py
[2023-01-12T07:27:35.681+0000] {logging_mixin.py:137} INFO - [2023-01-12T07:27:35.681+0000] {dag.py:2676} INFO - Sync 1 DAGs
[2023-01-12T07:27:35.701+0000] {logging_mixin.py:137} INFO - [2023-01-12T07:27:35.701+0000] {dag.py:3427} INFO - Setting next_dagrun for example_nested_branch_dag to 2023-01-11T00:00:00+00:00, run_after=2023-01-12T00:00:00+00:00
[2023-01-12T07:27:35.721+0000] {processor.py:175} INFO - Processing /home/airflow/.local/lib/python3.7/site-packages/airflow/example_dags/example_nested_branch_dag.py took 0.097 seconds
[2023-01-12T07:28:06.491+0000] {processor.py:153} INFO - Started process (PID=171) to work on /home/airflow/.local/lib/python3.7/site-packages/airflow/example_dags/example_nested_branch_dag.py
[2023-01-12T07:28:06.492+0000] {processor.py:743} INFO - Processing file /home/airflow/.local/lib/python3.7/site-packages/airflow/example_dags/example_nested_branch_dag.py for tasks to queue
[2023-01-12T07:28:06.494+0000] {logging_mixin.py:137} INFO - [2023-01-12T07:28:06.494+0000] {dagbag.py:538} INFO - Filling up the DagBag from /home/airflow/.local/lib/python3.7/site-packages/airflow/example_dags/example_nested_branch_dag.py
[2023-01-12T07:28:06.518+0000] {processor.py:753} INFO - DAG(s) dict_keys(['example_nested_branch_dag']) retrieved from /home/airflow/.local/lib/python3.7/site-packages/airflow/example_dags/example_nested_branch_dag.py
[2023-01-12T07:28:06.557+0000] {logging_mixin.py:137} INFO - [2023-01-12T07:28:06.557+0000] {dag.py:2676} INFO - Sync 1 DAGs
[2023-01-12T07:28:06.580+0000] {logging_mixin.py:137} INFO - [2023-01-12T07:28:06.579+0000] {dag.py:3427} INFO - Setting next_dagrun for example_nested_branch_dag to 2023-01-11T00:00:00+00:00, run_after=2023-01-12T00:00:00+00:00
[2023-01-12T07:28:06.604+0000] {processor.py:175} INFO - Processing /home/airflow/.local/lib/python3.7/site-packages/airflow/example_dags/example_nested_branch_dag.py took 0.117 seconds
[2023-01-12T07:28:37.253+0000] {processor.py:153} INFO - Started process (PID=245) to work on /home/airflow/.local/lib/python3.7/site-packages/airflow/example_dags/example_nested_branch_dag.py
[2023-01-12T07:28:37.255+0000] {processor.py:743} INFO - Processing file /home/airflow/.local/lib/python3.7/site-packages/airflow/example_dags/example_nested_branch_dag.py for tasks to queue
[2023-01-12T07:28:37.256+0000] {logging_mixin.py:137} INFO - [2023-01-12T07:28:37.256+0000] {dagbag.py:538} INFO - Filling up the DagBag from /home/airflow/.local/lib/python3.7/site-packages/airflow/example_dags/example_nested_branch_dag.py
[2023-01-12T07:28:37.276+0000] {processor.py:753} INFO - DAG(s) dict_keys(['example_nested_branch_dag']) retrieved from /home/airflow/.local/lib/python3.7/site-packages/airflow/example_dags/example_nested_branch_dag.py
[2023-01-12T07:28:37.308+0000] {logging_mixin.py:137} INFO - [2023-01-12T07:28:37.308+0000] {dag.py:2676} INFO - Sync 1 DAGs
[2023-01-12T07:28:37.329+0000] {logging_mixin.py:137} INFO - [2023-01-12T07:28:37.329+0000] {dag.py:3427} INFO - Setting next_dagrun for example_nested_branch_dag to 2023-01-11T00:00:00+00:00, run_after=2023-01-12T00:00:00+00:00
[2023-01-12T07:28:37.346+0000] {processor.py:175} INFO - Processing /home/airflow/.local/lib/python3.7/site-packages/airflow/example_dags/example_nested_branch_dag.py took 0.096 seconds
[2023-01-12T07:29:07.999+0000] {processor.py:153} INFO - Started process (PID=319) to work on /home/airflow/.local/lib/python3.7/site-packages/airflow/example_dags/example_nested_branch_dag.py
[2023-01-12T07:29:08.001+0000] {processor.py:743} INFO - Processing file /home/airflow/.local/lib/python3.7/site-packages/airflow/example_dags/example_nested_branch_dag.py for tasks to queue
[2023-01-12T07:29:08.002+0000] {logging_mixin.py:137} INFO - [2023-01-12T07:29:08.002+0000] {dagbag.py:538} INFO - Filling up the DagBag from /home/airflow/.local/lib/python3.7/site-packages/airflow/example_dags/example_nested_branch_dag.py
[2023-01-12T07:29:08.023+0000] {processor.py:753} INFO - DAG(s) dict_keys(['example_nested_branch_dag']) retrieved from /home/airflow/.local/lib/python3.7/site-packages/airflow/example_dags/example_nested_branch_dag.py
[2023-01-12T07:29:08.054+0000] {logging_mixin.py:137} INFO - [2023-01-12T07:29:08.054+0000] {dag.py:2676} INFO - Sync 1 DAGs
[2023-01-12T07:29:08.073+0000] {logging_mixin.py:137} INFO - [2023-01-12T07:29:08.073+0000] {dag.py:3427} INFO - Setting next_dagrun for example_nested_branch_dag to 2023-01-11T00:00:00+00:00, run_after=2023-01-12T00:00:00+00:00
[2023-01-12T07:29:08.091+0000] {processor.py:175} INFO - Processing /home/airflow/.local/lib/python3.7/site-packages/airflow/example_dags/example_nested_branch_dag.py took 0.095 seconds
[2023-01-12T07:29:38.624+0000] {processor.py:153} INFO - Started process (PID=382) to work on /home/airflow/.local/lib/python3.7/site-packages/airflow/example_dags/example_nested_branch_dag.py
[2023-01-12T07:29:38.628+0000] {processor.py:743} INFO - Processing file /home/airflow/.local/lib/python3.7/site-packages/airflow/example_dags/example_nested_branch_dag.py for tasks to queue
[2023-01-12T07:29:38.630+0000] {logging_mixin.py:137} INFO - [2023-01-12T07:29:38.630+0000] {dagbag.py:538} INFO - Filling up the DagBag from /home/airflow/.local/lib/python3.7/site-packages/airflow/example_dags/example_nested_branch_dag.py
[2023-01-12T07:29:38.650+0000] {processor.py:753} INFO - DAG(s) dict_keys(['example_nested_branch_dag']) retrieved from /home/airflow/.local/lib/python3.7/site-packages/airflow/example_dags/example_nested_branch_dag.py
[2023-01-12T07:29:38.680+0000] {logging_mixin.py:137} INFO - [2023-01-12T07:29:38.680+0000] {dag.py:2676} INFO - Sync 1 DAGs
[2023-01-12T07:29:38.701+0000] {logging_mixin.py:137} INFO - [2023-01-12T07:29:38.701+0000] {dag.py:3427} INFO - Setting next_dagrun for example_nested_branch_dag to 2023-01-11T00:00:00+00:00, run_after=2023-01-12T00:00:00+00:00
[2023-01-12T07:29:38.719+0000] {processor.py:175} INFO - Processing /home/airflow/.local/lib/python3.7/site-packages/airflow/example_dags/example_nested_branch_dag.py took 0.099 seconds
[2023-01-12T07:30:09.365+0000] {processor.py:153} INFO - Started process (PID=456) to work on /home/airflow/.local/lib/python3.7/site-packages/airflow/example_dags/example_nested_branch_dag.py
[2023-01-12T07:30:09.367+0000] {processor.py:743} INFO - Processing file /home/airflow/.local/lib/python3.7/site-packages/airflow/example_dags/example_nested_branch_dag.py for tasks to queue
[2023-01-12T07:30:09.369+0000] {logging_mixin.py:137} INFO - [2023-01-12T07:30:09.369+0000] {dagbag.py:538} INFO - Filling up the DagBag from /home/airflow/.local/lib/python3.7/site-packages/airflow/example_dags/example_nested_branch_dag.py
[2023-01-12T07:30:09.387+0000] {processor.py:753} INFO - DAG(s) dict_keys(['example_nested_branch_dag']) retrieved from /home/airflow/.local/lib/python3.7/site-packages/airflow/example_dags/example_nested_branch_dag.py
[2023-01-12T07:30:09.418+0000] {logging_mixin.py:137} INFO - [2023-01-12T07:30:09.418+0000] {dag.py:2676} INFO - Sync 1 DAGs
[2023-01-12T07:30:09.437+0000] {logging_mixin.py:137} INFO - [2023-01-12T07:30:09.437+0000] {dag.py:3427} INFO - Setting next_dagrun for example_nested_branch_dag to 2023-01-11T00:00:00+00:00, run_after=2023-01-12T00:00:00+00:00
[2023-01-12T07:30:09.454+0000] {processor.py:175} INFO - Processing /home/airflow/.local/lib/python3.7/site-packages/airflow/example_dags/example_nested_branch_dag.py took 0.091 seconds
[2023-01-12T07:30:39.921+0000] {processor.py:153} INFO - Started process (PID=531) to work on /home/airflow/.local/lib/python3.7/site-packages/airflow/example_dags/example_nested_branch_dag.py
[2023-01-12T07:30:39.923+0000] {processor.py:743} INFO - Processing file /home/airflow/.local/lib/python3.7/site-packages/airflow/example_dags/example_nested_branch_dag.py for tasks to queue
[2023-01-12T07:30:39.924+0000] {logging_mixin.py:137} INFO - [2023-01-12T07:30:39.924+0000] {dagbag.py:538} INFO - Filling up the DagBag from /home/airflow/.local/lib/python3.7/site-packages/airflow/example_dags/example_nested_branch_dag.py
[2023-01-12T07:30:39.945+0000] {processor.py:753} INFO - DAG(s) dict_keys(['example_nested_branch_dag']) retrieved from /home/airflow/.local/lib/python3.7/site-packages/airflow/example_dags/example_nested_branch_dag.py
[2023-01-12T07:30:39.978+0000] {logging_mixin.py:137} INFO - [2023-01-12T07:30:39.977+0000] {dag.py:2676} INFO - Sync 1 DAGs
[2023-01-12T07:30:39.998+0000] {logging_mixin.py:137} INFO - [2023-01-12T07:30:39.998+0000] {dag.py:3427} INFO - Setting next_dagrun for example_nested_branch_dag to 2023-01-11T00:00:00+00:00, run_after=2023-01-12T00:00:00+00:00
[2023-01-12T07:30:40.015+0000] {processor.py:175} INFO - Processing /home/airflow/.local/lib/python3.7/site-packages/airflow/example_dags/example_nested_branch_dag.py took 0.097 seconds
[2023-01-12T07:31:10.636+0000] {processor.py:153} INFO - Started process (PID=592) to work on /home/airflow/.local/lib/python3.7/site-packages/airflow/example_dags/example_nested_branch_dag.py
[2023-01-12T07:31:10.639+0000] {processor.py:743} INFO - Processing file /home/airflow/.local/lib/python3.7/site-packages/airflow/example_dags/example_nested_branch_dag.py for tasks to queue
[2023-01-12T07:31:10.640+0000] {logging_mixin.py:137} INFO - [2023-01-12T07:31:10.640+0000] {dagbag.py:538} INFO - Filling up the DagBag from /home/airflow/.local/lib/python3.7/site-packages/airflow/example_dags/example_nested_branch_dag.py
[2023-01-12T07:31:10.661+0000] {processor.py:753} INFO - DAG(s) dict_keys(['example_nested_branch_dag']) retrieved from /home/airflow/.local/lib/python3.7/site-packages/airflow/example_dags/example_nested_branch_dag.py
[2023-01-12T07:31:10.693+0000] {logging_mixin.py:137} INFO - [2023-01-12T07:31:10.693+0000] {dag.py:2676} INFO - Sync 1 DAGs
[2023-01-12T07:31:10.714+0000] {logging_mixin.py:137} INFO - [2023-01-12T07:31:10.714+0000] {dag.py:3427} INFO - Setting next_dagrun for example_nested_branch_dag to 2023-01-11T00:00:00+00:00, run_after=2023-01-12T00:00:00+00:00
[2023-01-12T07:31:10.730+0000] {processor.py:175} INFO - Processing /home/airflow/.local/lib/python3.7/site-packages/airflow/example_dags/example_nested_branch_dag.py took 0.096 seconds
[2023-01-12T07:31:41.311+0000] {processor.py:153} INFO - Started process (PID=666) to work on /home/airflow/.local/lib/python3.7/site-packages/airflow/example_dags/example_nested_branch_dag.py
[2023-01-12T07:31:41.313+0000] {processor.py:743} INFO - Processing file /home/airflow/.local/lib/python3.7/site-packages/airflow/example_dags/example_nested_branch_dag.py for tasks to queue
[2023-01-12T07:31:41.314+0000] {logging_mixin.py:137} INFO - [2023-01-12T07:31:41.314+0000] {dagbag.py:538} INFO - Filling up the DagBag from /home/airflow/.local/lib/python3.7/site-packages/airflow/example_dags/example_nested_branch_dag.py
[2023-01-12T07:31:41.335+0000] {processor.py:753} INFO - DAG(s) dict_keys(['example_nested_branch_dag']) retrieved from /home/airflow/.local/lib/python3.7/site-packages/airflow/example_dags/example_nested_branch_dag.py
[2023-01-12T07:31:41.368+0000] {logging_mixin.py:137} INFO - [2023-01-12T07:31:41.368+0000] {dag.py:2676} INFO - Sync 1 DAGs
[2023-01-12T07:31:41.389+0000] {logging_mixin.py:137} INFO - [2023-01-12T07:31:41.388+0000] {dag.py:3427} INFO - Setting next_dagrun for example_nested_branch_dag to 2023-01-11T00:00:00+00:00, run_after=2023-01-12T00:00:00+00:00
[2023-01-12T07:31:41.409+0000] {processor.py:175} INFO - Processing /home/airflow/.local/lib/python3.7/site-packages/airflow/example_dags/example_nested_branch_dag.py took 0.100 seconds
[2023-01-12T07:32:12.117+0000] {processor.py:153} INFO - Started process (PID=740) to work on /home/airflow/.local/lib/python3.7/site-packages/airflow/example_dags/example_nested_branch_dag.py
[2023-01-12T07:32:12.118+0000] {processor.py:743} INFO - Processing file /home/airflow/.local/lib/python3.7/site-packages/airflow/example_dags/example_nested_branch_dag.py for tasks to queue
[2023-01-12T07:32:12.120+0000] {logging_mixin.py:137} INFO - [2023-01-12T07:32:12.119+0000] {dagbag.py:538} INFO - Filling up the DagBag from /home/airflow/.local/lib/python3.7/site-packages/airflow/example_dags/example_nested_branch_dag.py
[2023-01-12T07:32:12.140+0000] {processor.py:753} INFO - DAG(s) dict_keys(['example_nested_branch_dag']) retrieved from /home/airflow/.local/lib/python3.7/site-packages/airflow/example_dags/example_nested_branch_dag.py
[2023-01-12T07:32:12.173+0000] {logging_mixin.py:137} INFO - [2023-01-12T07:32:12.173+0000] {dag.py:2676} INFO - Sync 1 DAGs
[2023-01-12T07:32:12.193+0000] {logging_mixin.py:137} INFO - [2023-01-12T07:32:12.193+0000] {dag.py:3427} INFO - Setting next_dagrun for example_nested_branch_dag to 2023-01-11T00:00:00+00:00, run_after=2023-01-12T00:00:00+00:00
[2023-01-12T07:32:12.210+0000] {processor.py:175} INFO - Processing /home/airflow/.local/lib/python3.7/site-packages/airflow/example_dags/example_nested_branch_dag.py took 0.096 seconds
[2023-01-12T07:32:42.917+0000] {processor.py:153} INFO - Started process (PID=801) to work on /home/airflow/.local/lib/python3.7/site-packages/airflow/example_dags/example_nested_branch_dag.py
[2023-01-12T07:32:42.919+0000] {processor.py:743} INFO - Processing file /home/airflow/.local/lib/python3.7/site-packages/airflow/example_dags/example_nested_branch_dag.py for tasks to queue
[2023-01-12T07:32:42.920+0000] {logging_mixin.py:137} INFO - [2023-01-12T07:32:42.920+0000] {dagbag.py:538} INFO - Filling up the DagBag from /home/airflow/.local/lib/python3.7/site-packages/airflow/example_dags/example_nested_branch_dag.py
[2023-01-12T07:32:42.938+0000] {processor.py:753} INFO - DAG(s) dict_keys(['example_nested_branch_dag']) retrieved from /home/airflow/.local/lib/python3.7/site-packages/airflow/example_dags/example_nested_branch_dag.py
[2023-01-12T07:32:42.968+0000] {logging_mixin.py:137} INFO - [2023-01-12T07:32:42.968+0000] {dag.py:2676} INFO - Sync 1 DAGs
[2023-01-12T07:32:42.986+0000] {logging_mixin.py:137} INFO - [2023-01-12T07:32:42.986+0000] {dag.py:3427} INFO - Setting next_dagrun for example_nested_branch_dag to 2023-01-11T00:00:00+00:00, run_after=2023-01-12T00:00:00+00:00
[2023-01-12T07:32:43.002+0000] {processor.py:175} INFO - Processing /home/airflow/.local/lib/python3.7/site-packages/airflow/example_dags/example_nested_branch_dag.py took 0.087 seconds
[2023-01-12T07:33:13.405+0000] {processor.py:153} INFO - Started process (PID=874) to work on /home/airflow/.local/lib/python3.7/site-packages/airflow/example_dags/example_nested_branch_dag.py
[2023-01-12T07:33:13.407+0000] {processor.py:743} INFO - Processing file /home/airflow/.local/lib/python3.7/site-packages/airflow/example_dags/example_nested_branch_dag.py for tasks to queue
[2023-01-12T07:33:13.408+0000] {logging_mixin.py:137} INFO - [2023-01-12T07:33:13.408+0000] {dagbag.py:538} INFO - Filling up the DagBag from /home/airflow/.local/lib/python3.7/site-packages/airflow/example_dags/example_nested_branch_dag.py
[2023-01-12T07:33:13.428+0000] {processor.py:753} INFO - DAG(s) dict_keys(['example_nested_branch_dag']) retrieved from /home/airflow/.local/lib/python3.7/site-packages/airflow/example_dags/example_nested_branch_dag.py
[2023-01-12T07:33:13.459+0000] {logging_mixin.py:137} INFO - [2023-01-12T07:33:13.459+0000] {dag.py:2676} INFO - Sync 1 DAGs
[2023-01-12T07:33:13.479+0000] {logging_mixin.py:137} INFO - [2023-01-12T07:33:13.478+0000] {dag.py:3427} INFO - Setting next_dagrun for example_nested_branch_dag to 2023-01-11T00:00:00+00:00, run_after=2023-01-12T00:00:00+00:00
[2023-01-12T07:33:13.495+0000] {processor.py:175} INFO - Processing /home/airflow/.local/lib/python3.7/site-packages/airflow/example_dags/example_nested_branch_dag.py took 0.092 seconds
[2023-01-12T07:33:43.878+0000] {processor.py:153} INFO - Started process (PID=937) to work on /home/airflow/.local/lib/python3.7/site-packages/airflow/example_dags/example_nested_branch_dag.py
[2023-01-12T07:33:43.880+0000] {processor.py:743} INFO - Processing file /home/airflow/.local/lib/python3.7/site-packages/airflow/example_dags/example_nested_branch_dag.py for tasks to queue
[2023-01-12T07:33:43.882+0000] {logging_mixin.py:137} INFO - [2023-01-12T07:33:43.882+0000] {dagbag.py:538} INFO - Filling up the DagBag from /home/airflow/.local/lib/python3.7/site-packages/airflow/example_dags/example_nested_branch_dag.py
[2023-01-12T07:33:43.902+0000] {processor.py:753} INFO - DAG(s) dict_keys(['example_nested_branch_dag']) retrieved from /home/airflow/.local/lib/python3.7/site-packages/airflow/example_dags/example_nested_branch_dag.py
[2023-01-12T07:33:43.934+0000] {logging_mixin.py:137} INFO - [2023-01-12T07:33:43.934+0000] {dag.py:2676} INFO - Sync 1 DAGs
[2023-01-12T07:33:43.958+0000] {logging_mixin.py:137} INFO - [2023-01-12T07:33:43.958+0000] {dag.py:3427} INFO - Setting next_dagrun for example_nested_branch_dag to 2023-01-11T00:00:00+00:00, run_after=2023-01-12T00:00:00+00:00
[2023-01-12T07:33:43.975+0000] {processor.py:175} INFO - Processing /home/airflow/.local/lib/python3.7/site-packages/airflow/example_dags/example_nested_branch_dag.py took 0.100 seconds
[2023-01-12T07:34:14.803+0000] {processor.py:153} INFO - Started process (PID=1008) to work on /home/airflow/.local/lib/python3.7/site-packages/airflow/example_dags/example_nested_branch_dag.py
[2023-01-12T07:34:14.804+0000] {processor.py:743} INFO - Processing file /home/airflow/.local/lib/python3.7/site-packages/airflow/example_dags/example_nested_branch_dag.py for tasks to queue
[2023-01-12T07:34:14.806+0000] {logging_mixin.py:137} INFO - [2023-01-12T07:34:14.806+0000] {dagbag.py:538} INFO - Filling up the DagBag from /home/airflow/.local/lib/python3.7/site-packages/airflow/example_dags/example_nested_branch_dag.py
[2023-01-12T07:34:14.824+0000] {processor.py:753} INFO - DAG(s) dict_keys(['example_nested_branch_dag']) retrieved from /home/airflow/.local/lib/python3.7/site-packages/airflow/example_dags/example_nested_branch_dag.py
[2023-01-12T07:34:14.856+0000] {logging_mixin.py:137} INFO - [2023-01-12T07:34:14.855+0000] {dag.py:2676} INFO - Sync 1 DAGs
[2023-01-12T07:34:14.875+0000] {logging_mixin.py:137} INFO - [2023-01-12T07:34:14.875+0000] {dag.py:3427} INFO - Setting next_dagrun for example_nested_branch_dag to 2023-01-11T00:00:00+00:00, run_after=2023-01-12T00:00:00+00:00
[2023-01-12T07:34:14.892+0000] {processor.py:175} INFO - Processing /home/airflow/.local/lib/python3.7/site-packages/airflow/example_dags/example_nested_branch_dag.py took 0.092 seconds
[2023-01-12T07:34:45.495+0000] {processor.py:153} INFO - Started process (PID=1081) to work on /home/airflow/.local/lib/python3.7/site-packages/airflow/example_dags/example_nested_branch_dag.py
[2023-01-12T07:34:45.497+0000] {processor.py:743} INFO - Processing file /home/airflow/.local/lib/python3.7/site-packages/airflow/example_dags/example_nested_branch_dag.py for tasks to queue
[2023-01-12T07:34:45.498+0000] {logging_mixin.py:137} INFO - [2023-01-12T07:34:45.498+0000] {dagbag.py:538} INFO - Filling up the DagBag from /home/airflow/.local/lib/python3.7/site-packages/airflow/example_dags/example_nested_branch_dag.py
[2023-01-12T07:34:45.518+0000] {processor.py:753} INFO - DAG(s) dict_keys(['example_nested_branch_dag']) retrieved from /home/airflow/.local/lib/python3.7/site-packages/airflow/example_dags/example_nested_branch_dag.py
[2023-01-12T07:34:45.551+0000] {logging_mixin.py:137} INFO - [2023-01-12T07:34:45.551+0000] {dag.py:2676} INFO - Sync 1 DAGs
[2023-01-12T07:34:45.572+0000] {logging_mixin.py:137} INFO - [2023-01-12T07:34:45.572+0000] {dag.py:3427} INFO - Setting next_dagrun for example_nested_branch_dag to 2023-01-11T00:00:00+00:00, run_after=2023-01-12T00:00:00+00:00
[2023-01-12T07:34:45.593+0000] {processor.py:175} INFO - Processing /home/airflow/.local/lib/python3.7/site-packages/airflow/example_dags/example_nested_branch_dag.py took 0.100 seconds
[2023-01-12T07:35:16.182+0000] {processor.py:153} INFO - Started process (PID=1142) to work on /home/airflow/.local/lib/python3.7/site-packages/airflow/example_dags/example_nested_branch_dag.py
[2023-01-12T07:35:16.184+0000] {processor.py:743} INFO - Processing file /home/airflow/.local/lib/python3.7/site-packages/airflow/example_dags/example_nested_branch_dag.py for tasks to queue
[2023-01-12T07:35:16.185+0000] {logging_mixin.py:137} INFO - [2023-01-12T07:35:16.185+0000] {dagbag.py:538} INFO - Filling up the DagBag from /home/airflow/.local/lib/python3.7/site-packages/airflow/example_dags/example_nested_branch_dag.py
[2023-01-12T07:35:16.205+0000] {processor.py:753} INFO - DAG(s) dict_keys(['example_nested_branch_dag']) retrieved from /home/airflow/.local/lib/python3.7/site-packages/airflow/example_dags/example_nested_branch_dag.py
[2023-01-12T07:35:16.236+0000] {logging_mixin.py:137} INFO - [2023-01-12T07:35:16.236+0000] {dag.py:2676} INFO - Sync 1 DAGs
[2023-01-12T07:35:16.256+0000] {logging_mixin.py:137} INFO - [2023-01-12T07:35:16.256+0000] {dag.py:3427} INFO - Setting next_dagrun for example_nested_branch_dag to 2023-01-11T00:00:00+00:00, run_after=2023-01-12T00:00:00+00:00
[2023-01-12T07:35:16.275+0000] {processor.py:175} INFO - Processing /home/airflow/.local/lib/python3.7/site-packages/airflow/example_dags/example_nested_branch_dag.py took 0.096 seconds
[2023-01-12T07:35:47.080+0000] {processor.py:153} INFO - Started process (PID=1216) to work on /home/airflow/.local/lib/python3.7/site-packages/airflow/example_dags/example_nested_branch_dag.py
[2023-01-12T07:35:47.082+0000] {processor.py:743} INFO - Processing file /home/airflow/.local/lib/python3.7/site-packages/airflow/example_dags/example_nested_branch_dag.py for tasks to queue
[2023-01-12T07:35:47.083+0000] {logging_mixin.py:137} INFO - [2023-01-12T07:35:47.083+0000] {dagbag.py:538} INFO - Filling up the DagBag from /home/airflow/.local/lib/python3.7/site-packages/airflow/example_dags/example_nested_branch_dag.py
[2023-01-12T07:35:47.102+0000] {processor.py:753} INFO - DAG(s) dict_keys(['example_nested_branch_dag']) retrieved from /home/airflow/.local/lib/python3.7/site-packages/airflow/example_dags/example_nested_branch_dag.py
[2023-01-12T07:35:47.133+0000] {logging_mixin.py:137} INFO - [2023-01-12T07:35:47.133+0000] {dag.py:2676} INFO - Sync 1 DAGs
[2023-01-12T07:35:47.156+0000] {logging_mixin.py:137} INFO - [2023-01-12T07:35:47.155+0000] {dag.py:3427} INFO - Setting next_dagrun for example_nested_branch_dag to 2023-01-11T00:00:00+00:00, run_after=2023-01-12T00:00:00+00:00
[2023-01-12T07:35:47.174+0000] {processor.py:175} INFO - Processing /home/airflow/.local/lib/python3.7/site-packages/airflow/example_dags/example_nested_branch_dag.py took 0.097 seconds
[2023-01-12T07:36:17.891+0000] {processor.py:153} INFO - Started process (PID=1291) to work on /home/airflow/.local/lib/python3.7/site-packages/airflow/example_dags/example_nested_branch_dag.py
[2023-01-12T07:36:17.892+0000] {processor.py:743} INFO - Processing file /home/airflow/.local/lib/python3.7/site-packages/airflow/example_dags/example_nested_branch_dag.py for tasks to queue
[2023-01-12T07:36:17.896+0000] {logging_mixin.py:137} INFO - [2023-01-12T07:36:17.896+0000] {dagbag.py:538} INFO - Filling up the DagBag from /home/airflow/.local/lib/python3.7/site-packages/airflow/example_dags/example_nested_branch_dag.py
[2023-01-12T07:36:17.921+0000] {processor.py:753} INFO - DAG(s) dict_keys(['example_nested_branch_dag']) retrieved from /home/airflow/.local/lib/python3.7/site-packages/airflow/example_dags/example_nested_branch_dag.py
[2023-01-12T07:36:17.974+0000] {logging_mixin.py:137} INFO - [2023-01-12T07:36:17.971+0000] {dag.py:2676} INFO - Sync 1 DAGs
[2023-01-12T07:36:18.008+0000] {logging_mixin.py:137} INFO - [2023-01-12T07:36:18.005+0000] {dag.py:3427} INFO - Setting next_dagrun for example_nested_branch_dag to 2023-01-11T00:00:00+00:00, run_after=2023-01-12T00:00:00+00:00
[2023-01-12T07:36:18.038+0000] {processor.py:175} INFO - Processing /home/airflow/.local/lib/python3.7/site-packages/airflow/example_dags/example_nested_branch_dag.py took 0.150 seconds
[2023-01-12T07:37:18.591+0000] {processor.py:153} INFO - Started process (PID=37) to work on /home/airflow/.local/lib/python3.7/site-packages/airflow/example_dags/example_nested_branch_dag.py
[2023-01-12T07:37:18.594+0000] {processor.py:743} INFO - Processing file /home/airflow/.local/lib/python3.7/site-packages/airflow/example_dags/example_nested_branch_dag.py for tasks to queue
[2023-01-12T07:37:18.595+0000] {logging_mixin.py:137} INFO - [2023-01-12T07:37:18.595+0000] {dagbag.py:538} INFO - Filling up the DagBag from /home/airflow/.local/lib/python3.7/site-packages/airflow/example_dags/example_nested_branch_dag.py
[2023-01-12T07:37:18.632+0000] {processor.py:753} INFO - DAG(s) dict_keys(['example_nested_branch_dag']) retrieved from /home/airflow/.local/lib/python3.7/site-packages/airflow/example_dags/example_nested_branch_dag.py
[2023-01-12T07:37:18.655+0000] {logging_mixin.py:137} INFO - [2023-01-12T07:37:18.655+0000] {dag.py:2676} INFO - Sync 1 DAGs
[2023-01-12T07:37:18.678+0000] {logging_mixin.py:137} INFO - [2023-01-12T07:37:18.678+0000] {dag.py:3427} INFO - Setting next_dagrun for example_nested_branch_dag to 2023-01-11T00:00:00+00:00, run_after=2023-01-12T00:00:00+00:00
[2023-01-12T07:37:18.707+0000] {processor.py:175} INFO - Processing /home/airflow/.local/lib/python3.7/site-packages/airflow/example_dags/example_nested_branch_dag.py took 0.118 seconds
[2023-01-12T07:37:49.218+0000] {processor.py:153} INFO - Started process (PID=111) to work on /home/airflow/.local/lib/python3.7/site-packages/airflow/example_dags/example_nested_branch_dag.py
[2023-01-12T07:37:49.221+0000] {processor.py:743} INFO - Processing file /home/airflow/.local/lib/python3.7/site-packages/airflow/example_dags/example_nested_branch_dag.py for tasks to queue
[2023-01-12T07:37:49.222+0000] {logging_mixin.py:137} INFO - [2023-01-12T07:37:49.222+0000] {dagbag.py:538} INFO - Filling up the DagBag from /home/airflow/.local/lib/python3.7/site-packages/airflow/example_dags/example_nested_branch_dag.py
[2023-01-12T07:37:49.243+0000] {processor.py:753} INFO - DAG(s) dict_keys(['example_nested_branch_dag']) retrieved from /home/airflow/.local/lib/python3.7/site-packages/airflow/example_dags/example_nested_branch_dag.py
[2023-01-12T07:37:49.273+0000] {logging_mixin.py:137} INFO - [2023-01-12T07:37:49.273+0000] {dag.py:2676} INFO - Sync 1 DAGs
[2023-01-12T07:37:49.293+0000] {logging_mixin.py:137} INFO - [2023-01-12T07:37:49.293+0000] {dag.py:3427} INFO - Setting next_dagrun for example_nested_branch_dag to 2023-01-11T00:00:00+00:00, run_after=2023-01-12T00:00:00+00:00
[2023-01-12T07:37:49.311+0000] {processor.py:175} INFO - Processing /home/airflow/.local/lib/python3.7/site-packages/airflow/example_dags/example_nested_branch_dag.py took 0.095 seconds
[2023-01-12T07:38:20.102+0000] {processor.py:153} INFO - Started process (PID=180) to work on /home/airflow/.local/lib/python3.7/site-packages/airflow/example_dags/example_nested_branch_dag.py
[2023-01-12T07:38:20.105+0000] {processor.py:743} INFO - Processing file /home/airflow/.local/lib/python3.7/site-packages/airflow/example_dags/example_nested_branch_dag.py for tasks to queue
[2023-01-12T07:38:20.107+0000] {logging_mixin.py:137} INFO - [2023-01-12T07:38:20.107+0000] {dagbag.py:538} INFO - Filling up the DagBag from /home/airflow/.local/lib/python3.7/site-packages/airflow/example_dags/example_nested_branch_dag.py
[2023-01-12T07:38:20.130+0000] {processor.py:753} INFO - DAG(s) dict_keys(['example_nested_branch_dag']) retrieved from /home/airflow/.local/lib/python3.7/site-packages/airflow/example_dags/example_nested_branch_dag.py
[2023-01-12T07:38:20.164+0000] {logging_mixin.py:137} INFO - [2023-01-12T07:38:20.164+0000] {dag.py:2676} INFO - Sync 1 DAGs
[2023-01-12T07:38:20.188+0000] {logging_mixin.py:137} INFO - [2023-01-12T07:38:20.188+0000] {dag.py:3427} INFO - Setting next_dagrun for example_nested_branch_dag to 2023-01-11T00:00:00+00:00, run_after=2023-01-12T00:00:00+00:00
[2023-01-12T07:38:20.209+0000] {processor.py:175} INFO - Processing /home/airflow/.local/lib/python3.7/site-packages/airflow/example_dags/example_nested_branch_dag.py took 0.109 seconds
[2023-01-12T07:38:50.947+0000] {processor.py:153} INFO - Started process (PID=248) to work on /home/airflow/.local/lib/python3.7/site-packages/airflow/example_dags/example_nested_branch_dag.py
[2023-01-12T07:38:50.949+0000] {processor.py:743} INFO - Processing file /home/airflow/.local/lib/python3.7/site-packages/airflow/example_dags/example_nested_branch_dag.py for tasks to queue
[2023-01-12T07:38:50.950+0000] {logging_mixin.py:137} INFO - [2023-01-12T07:38:50.950+0000] {dagbag.py:538} INFO - Filling up the DagBag from /home/airflow/.local/lib/python3.7/site-packages/airflow/example_dags/example_nested_branch_dag.py
[2023-01-12T07:38:50.969+0000] {processor.py:753} INFO - DAG(s) dict_keys(['example_nested_branch_dag']) retrieved from /home/airflow/.local/lib/python3.7/site-packages/airflow/example_dags/example_nested_branch_dag.py
[2023-01-12T07:38:51.001+0000] {logging_mixin.py:137} INFO - [2023-01-12T07:38:51.001+0000] {dag.py:2676} INFO - Sync 1 DAGs
[2023-01-12T07:38:51.021+0000] {logging_mixin.py:137} INFO - [2023-01-12T07:38:51.020+0000] {dag.py:3427} INFO - Setting next_dagrun for example_nested_branch_dag to 2023-01-11T00:00:00+00:00, run_after=2023-01-12T00:00:00+00:00
[2023-01-12T07:38:51.039+0000] {processor.py:175} INFO - Processing /home/airflow/.local/lib/python3.7/site-packages/airflow/example_dags/example_nested_branch_dag.py took 0.094 seconds
[2023-01-12T07:39:21.462+0000] {processor.py:153} INFO - Started process (PID=322) to work on /home/airflow/.local/lib/python3.7/site-packages/airflow/example_dags/example_nested_branch_dag.py
[2023-01-12T07:39:21.464+0000] {processor.py:743} INFO - Processing file /home/airflow/.local/lib/python3.7/site-packages/airflow/example_dags/example_nested_branch_dag.py for tasks to queue
[2023-01-12T07:39:21.466+0000] {logging_mixin.py:137} INFO - [2023-01-12T07:39:21.466+0000] {dagbag.py:538} INFO - Filling up the DagBag from /home/airflow/.local/lib/python3.7/site-packages/airflow/example_dags/example_nested_branch_dag.py
[2023-01-12T07:39:21.488+0000] {processor.py:753} INFO - DAG(s) dict_keys(['example_nested_branch_dag']) retrieved from /home/airflow/.local/lib/python3.7/site-packages/airflow/example_dags/example_nested_branch_dag.py
[2023-01-12T07:39:21.521+0000] {logging_mixin.py:137} INFO - [2023-01-12T07:39:21.521+0000] {dag.py:2676} INFO - Sync 1 DAGs
[2023-01-12T07:39:21.544+0000] {logging_mixin.py:137} INFO - [2023-01-12T07:39:21.544+0000] {dag.py:3427} INFO - Setting next_dagrun for example_nested_branch_dag to 2023-01-11T00:00:00+00:00, run_after=2023-01-12T00:00:00+00:00
[2023-01-12T07:39:21.563+0000] {processor.py:175} INFO - Processing /home/airflow/.local/lib/python3.7/site-packages/airflow/example_dags/example_nested_branch_dag.py took 0.103 seconds
[2023-01-12T07:40:36.007+0000] {processor.py:153} INFO - Started process (PID=37) to work on /home/airflow/.local/lib/python3.7/site-packages/airflow/example_dags/example_nested_branch_dag.py
[2023-01-12T07:40:36.009+0000] {processor.py:743} INFO - Processing file /home/airflow/.local/lib/python3.7/site-packages/airflow/example_dags/example_nested_branch_dag.py for tasks to queue
[2023-01-12T07:40:36.010+0000] {logging_mixin.py:137} INFO - [2023-01-12T07:40:36.010+0000] {dagbag.py:538} INFO - Filling up the DagBag from /home/airflow/.local/lib/python3.7/site-packages/airflow/example_dags/example_nested_branch_dag.py
[2023-01-12T07:40:36.048+0000] {processor.py:753} INFO - DAG(s) dict_keys(['example_nested_branch_dag']) retrieved from /home/airflow/.local/lib/python3.7/site-packages/airflow/example_dags/example_nested_branch_dag.py
[2023-01-12T07:40:36.077+0000] {logging_mixin.py:137} INFO - [2023-01-12T07:40:36.077+0000] {dag.py:2676} INFO - Sync 1 DAGs
[2023-01-12T07:40:36.107+0000] {logging_mixin.py:137} INFO - [2023-01-12T07:40:36.107+0000] {dag.py:3427} INFO - Setting next_dagrun for example_nested_branch_dag to 2023-01-11T00:00:00+00:00, run_after=2023-01-12T00:00:00+00:00
[2023-01-12T07:40:36.128+0000] {processor.py:175} INFO - Processing /home/airflow/.local/lib/python3.7/site-packages/airflow/example_dags/example_nested_branch_dag.py took 0.124 seconds
[2023-01-12T07:41:06.274+0000] {processor.py:153} INFO - Started process (PID=114) to work on /home/airflow/.local/lib/python3.7/site-packages/airflow/example_dags/example_nested_branch_dag.py
[2023-01-12T07:41:06.275+0000] {processor.py:743} INFO - Processing file /home/airflow/.local/lib/python3.7/site-packages/airflow/example_dags/example_nested_branch_dag.py for tasks to queue
[2023-01-12T07:41:06.277+0000] {logging_mixin.py:137} INFO - [2023-01-12T07:41:06.277+0000] {dagbag.py:538} INFO - Filling up the DagBag from /home/airflow/.local/lib/python3.7/site-packages/airflow/example_dags/example_nested_branch_dag.py
[2023-01-12T07:41:06.299+0000] {processor.py:753} INFO - DAG(s) dict_keys(['example_nested_branch_dag']) retrieved from /home/airflow/.local/lib/python3.7/site-packages/airflow/example_dags/example_nested_branch_dag.py
[2023-01-12T07:41:06.329+0000] {logging_mixin.py:137} INFO - [2023-01-12T07:41:06.329+0000] {dag.py:2676} INFO - Sync 1 DAGs
[2023-01-12T07:41:06.350+0000] {logging_mixin.py:137} INFO - [2023-01-12T07:41:06.349+0000] {dag.py:3427} INFO - Setting next_dagrun for example_nested_branch_dag to 2023-01-11T00:00:00+00:00, run_after=2023-01-12T00:00:00+00:00
[2023-01-12T07:41:06.366+0000] {processor.py:175} INFO - Processing /home/airflow/.local/lib/python3.7/site-packages/airflow/example_dags/example_nested_branch_dag.py took 0.095 seconds
[2023-01-12T07:41:36.477+0000] {processor.py:153} INFO - Started process (PID=175) to work on /home/airflow/.local/lib/python3.7/site-packages/airflow/example_dags/example_nested_branch_dag.py
[2023-01-12T07:41:36.480+0000] {processor.py:743} INFO - Processing file /home/airflow/.local/lib/python3.7/site-packages/airflow/example_dags/example_nested_branch_dag.py for tasks to queue
[2023-01-12T07:41:36.481+0000] {logging_mixin.py:137} INFO - [2023-01-12T07:41:36.481+0000] {dagbag.py:538} INFO - Filling up the DagBag from /home/airflow/.local/lib/python3.7/site-packages/airflow/example_dags/example_nested_branch_dag.py
[2023-01-12T07:41:36.501+0000] {processor.py:753} INFO - DAG(s) dict_keys(['example_nested_branch_dag']) retrieved from /home/airflow/.local/lib/python3.7/site-packages/airflow/example_dags/example_nested_branch_dag.py
[2023-01-12T07:41:36.531+0000] {logging_mixin.py:137} INFO - [2023-01-12T07:41:36.531+0000] {dag.py:2676} INFO - Sync 1 DAGs
[2023-01-12T07:41:36.553+0000] {logging_mixin.py:137} INFO - [2023-01-12T07:41:36.553+0000] {dag.py:3427} INFO - Setting next_dagrun for example_nested_branch_dag to 2023-01-11T00:00:00+00:00, run_after=2023-01-12T00:00:00+00:00
[2023-01-12T07:41:36.568+0000] {processor.py:175} INFO - Processing /home/airflow/.local/lib/python3.7/site-packages/airflow/example_dags/example_nested_branch_dag.py took 0.093 seconds
[2023-01-12T07:42:06.855+0000] {processor.py:153} INFO - Started process (PID=249) to work on /home/airflow/.local/lib/python3.7/site-packages/airflow/example_dags/example_nested_branch_dag.py
[2023-01-12T07:42:06.857+0000] {processor.py:743} INFO - Processing file /home/airflow/.local/lib/python3.7/site-packages/airflow/example_dags/example_nested_branch_dag.py for tasks to queue
[2023-01-12T07:42:06.858+0000] {logging_mixin.py:137} INFO - [2023-01-12T07:42:06.858+0000] {dagbag.py:538} INFO - Filling up the DagBag from /home/airflow/.local/lib/python3.7/site-packages/airflow/example_dags/example_nested_branch_dag.py
[2023-01-12T07:42:06.877+0000] {processor.py:753} INFO - DAG(s) dict_keys(['example_nested_branch_dag']) retrieved from /home/airflow/.local/lib/python3.7/site-packages/airflow/example_dags/example_nested_branch_dag.py
[2023-01-12T07:42:06.908+0000] {logging_mixin.py:137} INFO - [2023-01-12T07:42:06.908+0000] {dag.py:2676} INFO - Sync 1 DAGs
[2023-01-12T07:42:06.928+0000] {logging_mixin.py:137} INFO - [2023-01-12T07:42:06.928+0000] {dag.py:3427} INFO - Setting next_dagrun for example_nested_branch_dag to 2023-01-11T00:00:00+00:00, run_after=2023-01-12T00:00:00+00:00
[2023-01-12T07:42:06.942+0000] {processor.py:175} INFO - Processing /home/airflow/.local/lib/python3.7/site-packages/airflow/example_dags/example_nested_branch_dag.py took 0.090 seconds
[2023-01-12T07:42:37.530+0000] {processor.py:153} INFO - Started process (PID=325) to work on /home/airflow/.local/lib/python3.7/site-packages/airflow/example_dags/example_nested_branch_dag.py
[2023-01-12T07:42:37.541+0000] {processor.py:743} INFO - Processing file /home/airflow/.local/lib/python3.7/site-packages/airflow/example_dags/example_nested_branch_dag.py for tasks to queue
[2023-01-12T07:42:37.544+0000] {logging_mixin.py:137} INFO - [2023-01-12T07:42:37.544+0000] {dagbag.py:538} INFO - Filling up the DagBag from /home/airflow/.local/lib/python3.7/site-packages/airflow/example_dags/example_nested_branch_dag.py
[2023-01-12T07:42:37.574+0000] {processor.py:753} INFO - DAG(s) dict_keys(['example_nested_branch_dag']) retrieved from /home/airflow/.local/lib/python3.7/site-packages/airflow/example_dags/example_nested_branch_dag.py
[2023-01-12T07:42:37.609+0000] {logging_mixin.py:137} INFO - [2023-01-12T07:42:37.609+0000] {dag.py:2676} INFO - Sync 1 DAGs
[2023-01-12T07:42:37.632+0000] {logging_mixin.py:137} INFO - [2023-01-12T07:42:37.632+0000] {dag.py:3427} INFO - Setting next_dagrun for example_nested_branch_dag to 2023-01-11T00:00:00+00:00, run_after=2023-01-12T00:00:00+00:00
[2023-01-12T07:42:37.658+0000] {processor.py:175} INFO - Processing /home/airflow/.local/lib/python3.7/site-packages/airflow/example_dags/example_nested_branch_dag.py took 0.131 seconds
[2023-01-12T07:43:08.092+0000] {processor.py:153} INFO - Started process (PID=387) to work on /home/airflow/.local/lib/python3.7/site-packages/airflow/example_dags/example_nested_branch_dag.py
[2023-01-12T07:43:08.094+0000] {processor.py:743} INFO - Processing file /home/airflow/.local/lib/python3.7/site-packages/airflow/example_dags/example_nested_branch_dag.py for tasks to queue
[2023-01-12T07:43:08.096+0000] {logging_mixin.py:137} INFO - [2023-01-12T07:43:08.096+0000] {dagbag.py:538} INFO - Filling up the DagBag from /home/airflow/.local/lib/python3.7/site-packages/airflow/example_dags/example_nested_branch_dag.py
[2023-01-12T07:43:08.116+0000] {processor.py:753} INFO - DAG(s) dict_keys(['example_nested_branch_dag']) retrieved from /home/airflow/.local/lib/python3.7/site-packages/airflow/example_dags/example_nested_branch_dag.py
[2023-01-12T07:43:08.147+0000] {logging_mixin.py:137} INFO - [2023-01-12T07:43:08.147+0000] {dag.py:2676} INFO - Sync 1 DAGs
[2023-01-12T07:43:08.172+0000] {logging_mixin.py:137} INFO - [2023-01-12T07:43:08.172+0000] {dag.py:3427} INFO - Setting next_dagrun for example_nested_branch_dag to 2023-01-11T00:00:00+00:00, run_after=2023-01-12T00:00:00+00:00
[2023-01-12T07:43:08.192+0000] {processor.py:175} INFO - Processing /home/airflow/.local/lib/python3.7/site-packages/airflow/example_dags/example_nested_branch_dag.py took 0.102 seconds
[2023-01-12T07:43:38.968+0000] {processor.py:153} INFO - Started process (PID=459) to work on /home/airflow/.local/lib/python3.7/site-packages/airflow/example_dags/example_nested_branch_dag.py
[2023-01-12T07:43:38.969+0000] {processor.py:743} INFO - Processing file /home/airflow/.local/lib/python3.7/site-packages/airflow/example_dags/example_nested_branch_dag.py for tasks to queue
[2023-01-12T07:43:38.971+0000] {logging_mixin.py:137} INFO - [2023-01-12T07:43:38.971+0000] {dagbag.py:538} INFO - Filling up the DagBag from /home/airflow/.local/lib/python3.7/site-packages/airflow/example_dags/example_nested_branch_dag.py
[2023-01-12T07:43:38.990+0000] {processor.py:753} INFO - DAG(s) dict_keys(['example_nested_branch_dag']) retrieved from /home/airflow/.local/lib/python3.7/site-packages/airflow/example_dags/example_nested_branch_dag.py
[2023-01-12T07:43:39.022+0000] {logging_mixin.py:137} INFO - [2023-01-12T07:43:39.022+0000] {dag.py:2676} INFO - Sync 1 DAGs
[2023-01-12T07:43:39.041+0000] {logging_mixin.py:137} INFO - [2023-01-12T07:43:39.041+0000] {dag.py:3427} INFO - Setting next_dagrun for example_nested_branch_dag to 2023-01-11T00:00:00+00:00, run_after=2023-01-12T00:00:00+00:00
[2023-01-12T07:43:39.057+0000] {processor.py:175} INFO - Processing /home/airflow/.local/lib/python3.7/site-packages/airflow/example_dags/example_nested_branch_dag.py took 0.092 seconds
[2023-01-12T07:44:09.801+0000] {processor.py:153} INFO - Started process (PID=530) to work on /home/airflow/.local/lib/python3.7/site-packages/airflow/example_dags/example_nested_branch_dag.py
[2023-01-12T07:44:09.804+0000] {processor.py:743} INFO - Processing file /home/airflow/.local/lib/python3.7/site-packages/airflow/example_dags/example_nested_branch_dag.py for tasks to queue
[2023-01-12T07:44:09.806+0000] {logging_mixin.py:137} INFO - [2023-01-12T07:44:09.806+0000] {dagbag.py:538} INFO - Filling up the DagBag from /home/airflow/.local/lib/python3.7/site-packages/airflow/example_dags/example_nested_branch_dag.py
[2023-01-12T07:44:09.830+0000] {processor.py:753} INFO - DAG(s) dict_keys(['example_nested_branch_dag']) retrieved from /home/airflow/.local/lib/python3.7/site-packages/airflow/example_dags/example_nested_branch_dag.py
[2023-01-12T07:44:09.862+0000] {logging_mixin.py:137} INFO - [2023-01-12T07:44:09.862+0000] {dag.py:2676} INFO - Sync 1 DAGs
[2023-01-12T07:44:09.882+0000] {logging_mixin.py:137} INFO - [2023-01-12T07:44:09.882+0000] {dag.py:3427} INFO - Setting next_dagrun for example_nested_branch_dag to 2023-01-11T00:00:00+00:00, run_after=2023-01-12T00:00:00+00:00
[2023-01-12T07:44:09.904+0000] {processor.py:175} INFO - Processing /home/airflow/.local/lib/python3.7/site-packages/airflow/example_dags/example_nested_branch_dag.py took 0.106 seconds
[2023-01-12T07:44:39.941+0000] {processor.py:153} INFO - Started process (PID=595) to work on /home/airflow/.local/lib/python3.7/site-packages/airflow/example_dags/example_nested_branch_dag.py
[2023-01-12T07:44:39.943+0000] {processor.py:743} INFO - Processing file /home/airflow/.local/lib/python3.7/site-packages/airflow/example_dags/example_nested_branch_dag.py for tasks to queue
[2023-01-12T07:44:39.944+0000] {logging_mixin.py:137} INFO - [2023-01-12T07:44:39.944+0000] {dagbag.py:538} INFO - Filling up the DagBag from /home/airflow/.local/lib/python3.7/site-packages/airflow/example_dags/example_nested_branch_dag.py
[2023-01-12T07:44:39.964+0000] {processor.py:753} INFO - DAG(s) dict_keys(['example_nested_branch_dag']) retrieved from /home/airflow/.local/lib/python3.7/site-packages/airflow/example_dags/example_nested_branch_dag.py
[2023-01-12T07:44:39.993+0000] {logging_mixin.py:137} INFO - [2023-01-12T07:44:39.993+0000] {dag.py:2676} INFO - Sync 1 DAGs
[2023-01-12T07:44:40.013+0000] {logging_mixin.py:137} INFO - [2023-01-12T07:44:40.013+0000] {dag.py:3427} INFO - Setting next_dagrun for example_nested_branch_dag to 2023-01-11T00:00:00+00:00, run_after=2023-01-12T00:00:00+00:00
[2023-01-12T07:44:40.030+0000] {processor.py:175} INFO - Processing /home/airflow/.local/lib/python3.7/site-packages/airflow/example_dags/example_nested_branch_dag.py took 0.091 seconds
[2023-01-12T07:45:10.551+0000] {processor.py:153} INFO - Started process (PID=670) to work on /home/airflow/.local/lib/python3.7/site-packages/airflow/example_dags/example_nested_branch_dag.py
[2023-01-12T07:45:10.553+0000] {processor.py:743} INFO - Processing file /home/airflow/.local/lib/python3.7/site-packages/airflow/example_dags/example_nested_branch_dag.py for tasks to queue
[2023-01-12T07:45:10.554+0000] {logging_mixin.py:137} INFO - [2023-01-12T07:45:10.554+0000] {dagbag.py:538} INFO - Filling up the DagBag from /home/airflow/.local/lib/python3.7/site-packages/airflow/example_dags/example_nested_branch_dag.py
[2023-01-12T07:45:10.575+0000] {processor.py:753} INFO - DAG(s) dict_keys(['example_nested_branch_dag']) retrieved from /home/airflow/.local/lib/python3.7/site-packages/airflow/example_dags/example_nested_branch_dag.py
[2023-01-12T07:45:10.601+0000] {logging_mixin.py:137} INFO - [2023-01-12T07:45:10.601+0000] {dag.py:2676} INFO - Sync 1 DAGs
[2023-01-12T07:45:10.620+0000] {logging_mixin.py:137} INFO - [2023-01-12T07:45:10.620+0000] {dag.py:3427} INFO - Setting next_dagrun for example_nested_branch_dag to 2023-01-11T00:00:00+00:00, run_after=2023-01-12T00:00:00+00:00
[2023-01-12T07:45:10.635+0000] {processor.py:175} INFO - Processing /home/airflow/.local/lib/python3.7/site-packages/airflow/example_dags/example_nested_branch_dag.py took 0.087 seconds
[2023-01-12T07:45:41.288+0000] {processor.py:153} INFO - Started process (PID=733) to work on /home/airflow/.local/lib/python3.7/site-packages/airflow/example_dags/example_nested_branch_dag.py
[2023-01-12T07:45:41.290+0000] {processor.py:743} INFO - Processing file /home/airflow/.local/lib/python3.7/site-packages/airflow/example_dags/example_nested_branch_dag.py for tasks to queue
[2023-01-12T07:45:41.291+0000] {logging_mixin.py:137} INFO - [2023-01-12T07:45:41.291+0000] {dagbag.py:538} INFO - Filling up the DagBag from /home/airflow/.local/lib/python3.7/site-packages/airflow/example_dags/example_nested_branch_dag.py
[2023-01-12T07:45:41.310+0000] {processor.py:753} INFO - DAG(s) dict_keys(['example_nested_branch_dag']) retrieved from /home/airflow/.local/lib/python3.7/site-packages/airflow/example_dags/example_nested_branch_dag.py
[2023-01-12T07:45:41.340+0000] {logging_mixin.py:137} INFO - [2023-01-12T07:45:41.340+0000] {dag.py:2676} INFO - Sync 1 DAGs
[2023-01-12T07:45:41.358+0000] {logging_mixin.py:137} INFO - [2023-01-12T07:45:41.358+0000] {dag.py:3427} INFO - Setting next_dagrun for example_nested_branch_dag to 2023-01-11T00:00:00+00:00, run_after=2023-01-12T00:00:00+00:00
[2023-01-12T07:45:41.373+0000] {processor.py:175} INFO - Processing /home/airflow/.local/lib/python3.7/site-packages/airflow/example_dags/example_nested_branch_dag.py took 0.088 seconds
[2023-01-12T07:46:12.188+0000] {processor.py:153} INFO - Started process (PID=806) to work on /home/airflow/.local/lib/python3.7/site-packages/airflow/example_dags/example_nested_branch_dag.py
[2023-01-12T07:46:12.190+0000] {processor.py:743} INFO - Processing file /home/airflow/.local/lib/python3.7/site-packages/airflow/example_dags/example_nested_branch_dag.py for tasks to queue
[2023-01-12T07:46:12.193+0000] {logging_mixin.py:137} INFO - [2023-01-12T07:46:12.191+0000] {dagbag.py:538} INFO - Filling up the DagBag from /home/airflow/.local/lib/python3.7/site-packages/airflow/example_dags/example_nested_branch_dag.py
[2023-01-12T07:46:12.212+0000] {processor.py:753} INFO - DAG(s) dict_keys(['example_nested_branch_dag']) retrieved from /home/airflow/.local/lib/python3.7/site-packages/airflow/example_dags/example_nested_branch_dag.py
[2023-01-12T07:46:12.244+0000] {logging_mixin.py:137} INFO - [2023-01-12T07:46:12.244+0000] {dag.py:2676} INFO - Sync 1 DAGs
[2023-01-12T07:46:12.264+0000] {logging_mixin.py:137} INFO - [2023-01-12T07:46:12.264+0000] {dag.py:3427} INFO - Setting next_dagrun for example_nested_branch_dag to 2023-01-11T00:00:00+00:00, run_after=2023-01-12T00:00:00+00:00
[2023-01-12T07:46:12.280+0000] {processor.py:175} INFO - Processing /home/airflow/.local/lib/python3.7/site-packages/airflow/example_dags/example_nested_branch_dag.py took 0.094 seconds
[2023-01-12T07:46:42.870+0000] {processor.py:153} INFO - Started process (PID=881) to work on /home/airflow/.local/lib/python3.7/site-packages/airflow/example_dags/example_nested_branch_dag.py
[2023-01-12T07:46:42.871+0000] {processor.py:743} INFO - Processing file /home/airflow/.local/lib/python3.7/site-packages/airflow/example_dags/example_nested_branch_dag.py for tasks to queue
[2023-01-12T07:46:42.873+0000] {logging_mixin.py:137} INFO - [2023-01-12T07:46:42.873+0000] {dagbag.py:538} INFO - Filling up the DagBag from /home/airflow/.local/lib/python3.7/site-packages/airflow/example_dags/example_nested_branch_dag.py
[2023-01-12T07:46:42.893+0000] {processor.py:753} INFO - DAG(s) dict_keys(['example_nested_branch_dag']) retrieved from /home/airflow/.local/lib/python3.7/site-packages/airflow/example_dags/example_nested_branch_dag.py
[2023-01-12T07:46:42.924+0000] {logging_mixin.py:137} INFO - [2023-01-12T07:46:42.924+0000] {dag.py:2676} INFO - Sync 1 DAGs
[2023-01-12T07:46:42.944+0000] {logging_mixin.py:137} INFO - [2023-01-12T07:46:42.944+0000] {dag.py:3427} INFO - Setting next_dagrun for example_nested_branch_dag to 2023-01-11T00:00:00+00:00, run_after=2023-01-12T00:00:00+00:00
[2023-01-12T07:46:42.971+0000] {processor.py:175} INFO - Processing /home/airflow/.local/lib/python3.7/site-packages/airflow/example_dags/example_nested_branch_dag.py took 0.104 seconds
[2023-01-12T07:47:13.690+0000] {processor.py:153} INFO - Started process (PID=943) to work on /home/airflow/.local/lib/python3.7/site-packages/airflow/example_dags/example_nested_branch_dag.py
[2023-01-12T07:47:13.693+0000] {processor.py:743} INFO - Processing file /home/airflow/.local/lib/python3.7/site-packages/airflow/example_dags/example_nested_branch_dag.py for tasks to queue
[2023-01-12T07:47:13.696+0000] {logging_mixin.py:137} INFO - [2023-01-12T07:47:13.696+0000] {dagbag.py:538} INFO - Filling up the DagBag from /home/airflow/.local/lib/python3.7/site-packages/airflow/example_dags/example_nested_branch_dag.py
[2023-01-12T07:47:13.718+0000] {processor.py:753} INFO - DAG(s) dict_keys(['example_nested_branch_dag']) retrieved from /home/airflow/.local/lib/python3.7/site-packages/airflow/example_dags/example_nested_branch_dag.py
[2023-01-12T07:47:13.751+0000] {logging_mixin.py:137} INFO - [2023-01-12T07:47:13.751+0000] {dag.py:2676} INFO - Sync 1 DAGs
[2023-01-12T07:47:13.773+0000] {logging_mixin.py:137} INFO - [2023-01-12T07:47:13.773+0000] {dag.py:3427} INFO - Setting next_dagrun for example_nested_branch_dag to 2023-01-11T00:00:00+00:00, run_after=2023-01-12T00:00:00+00:00
[2023-01-12T07:47:13.791+0000] {processor.py:175} INFO - Processing /home/airflow/.local/lib/python3.7/site-packages/airflow/example_dags/example_nested_branch_dag.py took 0.103 seconds
[2023-01-12T07:47:43.988+0000] {processor.py:153} INFO - Started process (PID=1019) to work on /home/airflow/.local/lib/python3.7/site-packages/airflow/example_dags/example_nested_branch_dag.py
[2023-01-12T07:47:43.990+0000] {processor.py:743} INFO - Processing file /home/airflow/.local/lib/python3.7/site-packages/airflow/example_dags/example_nested_branch_dag.py for tasks to queue
[2023-01-12T07:47:43.991+0000] {logging_mixin.py:137} INFO - [2023-01-12T07:47:43.991+0000] {dagbag.py:538} INFO - Filling up the DagBag from /home/airflow/.local/lib/python3.7/site-packages/airflow/example_dags/example_nested_branch_dag.py
[2023-01-12T07:47:44.011+0000] {processor.py:753} INFO - DAG(s) dict_keys(['example_nested_branch_dag']) retrieved from /home/airflow/.local/lib/python3.7/site-packages/airflow/example_dags/example_nested_branch_dag.py
[2023-01-12T07:47:44.047+0000] {logging_mixin.py:137} INFO - [2023-01-12T07:47:44.047+0000] {dag.py:2676} INFO - Sync 1 DAGs
[2023-01-12T07:47:44.069+0000] {logging_mixin.py:137} INFO - [2023-01-12T07:47:44.069+0000] {dag.py:3427} INFO - Setting next_dagrun for example_nested_branch_dag to 2023-01-11T00:00:00+00:00, run_after=2023-01-12T00:00:00+00:00
[2023-01-12T07:47:44.089+0000] {processor.py:175} INFO - Processing /home/airflow/.local/lib/python3.7/site-packages/airflow/example_dags/example_nested_branch_dag.py took 0.103 seconds
[2023-01-12T07:48:14.588+0000] {processor.py:153} INFO - Started process (PID=1080) to work on /home/airflow/.local/lib/python3.7/site-packages/airflow/example_dags/example_nested_branch_dag.py
[2023-01-12T07:48:14.590+0000] {processor.py:743} INFO - Processing file /home/airflow/.local/lib/python3.7/site-packages/airflow/example_dags/example_nested_branch_dag.py for tasks to queue
[2023-01-12T07:48:14.591+0000] {logging_mixin.py:137} INFO - [2023-01-12T07:48:14.591+0000] {dagbag.py:538} INFO - Filling up the DagBag from /home/airflow/.local/lib/python3.7/site-packages/airflow/example_dags/example_nested_branch_dag.py
[2023-01-12T07:48:14.610+0000] {processor.py:753} INFO - DAG(s) dict_keys(['example_nested_branch_dag']) retrieved from /home/airflow/.local/lib/python3.7/site-packages/airflow/example_dags/example_nested_branch_dag.py
[2023-01-12T07:48:14.642+0000] {logging_mixin.py:137} INFO - [2023-01-12T07:48:14.642+0000] {dag.py:2676} INFO - Sync 1 DAGs
[2023-01-12T07:48:14.663+0000] {logging_mixin.py:137} INFO - [2023-01-12T07:48:14.663+0000] {dag.py:3427} INFO - Setting next_dagrun for example_nested_branch_dag to 2023-01-11T00:00:00+00:00, run_after=2023-01-12T00:00:00+00:00
[2023-01-12T07:48:14.681+0000] {processor.py:175} INFO - Processing /home/airflow/.local/lib/python3.7/site-packages/airflow/example_dags/example_nested_branch_dag.py took 0.096 seconds
[2023-01-12T07:48:45.454+0000] {processor.py:153} INFO - Started process (PID=1153) to work on /home/airflow/.local/lib/python3.7/site-packages/airflow/example_dags/example_nested_branch_dag.py
[2023-01-12T07:48:45.455+0000] {processor.py:743} INFO - Processing file /home/airflow/.local/lib/python3.7/site-packages/airflow/example_dags/example_nested_branch_dag.py for tasks to queue
[2023-01-12T07:48:45.456+0000] {logging_mixin.py:137} INFO - [2023-01-12T07:48:45.456+0000] {dagbag.py:538} INFO - Filling up the DagBag from /home/airflow/.local/lib/python3.7/site-packages/airflow/example_dags/example_nested_branch_dag.py
[2023-01-12T07:48:45.474+0000] {processor.py:753} INFO - DAG(s) dict_keys(['example_nested_branch_dag']) retrieved from /home/airflow/.local/lib/python3.7/site-packages/airflow/example_dags/example_nested_branch_dag.py
[2023-01-12T07:48:45.502+0000] {logging_mixin.py:137} INFO - [2023-01-12T07:48:45.502+0000] {dag.py:2676} INFO - Sync 1 DAGs
[2023-01-12T07:48:45.520+0000] {logging_mixin.py:137} INFO - [2023-01-12T07:48:45.520+0000] {dag.py:3427} INFO - Setting next_dagrun for example_nested_branch_dag to 2023-01-11T00:00:00+00:00, run_after=2023-01-12T00:00:00+00:00
[2023-01-12T07:48:45.536+0000] {processor.py:175} INFO - Processing /home/airflow/.local/lib/python3.7/site-packages/airflow/example_dags/example_nested_branch_dag.py took 0.084 seconds
[2023-01-12T07:49:15.928+0000] {processor.py:153} INFO - Started process (PID=1229) to work on /home/airflow/.local/lib/python3.7/site-packages/airflow/example_dags/example_nested_branch_dag.py
[2023-01-12T07:49:15.932+0000] {processor.py:743} INFO - Processing file /home/airflow/.local/lib/python3.7/site-packages/airflow/example_dags/example_nested_branch_dag.py for tasks to queue
[2023-01-12T07:49:15.934+0000] {logging_mixin.py:137} INFO - [2023-01-12T07:49:15.934+0000] {dagbag.py:538} INFO - Filling up the DagBag from /home/airflow/.local/lib/python3.7/site-packages/airflow/example_dags/example_nested_branch_dag.py
[2023-01-12T07:49:15.956+0000] {processor.py:753} INFO - DAG(s) dict_keys(['example_nested_branch_dag']) retrieved from /home/airflow/.local/lib/python3.7/site-packages/airflow/example_dags/example_nested_branch_dag.py
[2023-01-12T07:49:15.987+0000] {logging_mixin.py:137} INFO - [2023-01-12T07:49:15.987+0000] {dag.py:2676} INFO - Sync 1 DAGs
[2023-01-12T07:49:16.008+0000] {logging_mixin.py:137} INFO - [2023-01-12T07:49:16.008+0000] {dag.py:3427} INFO - Setting next_dagrun for example_nested_branch_dag to 2023-01-11T00:00:00+00:00, run_after=2023-01-12T00:00:00+00:00
[2023-01-12T07:49:16.027+0000] {processor.py:175} INFO - Processing /home/airflow/.local/lib/python3.7/site-packages/airflow/example_dags/example_nested_branch_dag.py took 0.102 seconds
[2023-01-12T07:49:46.657+0000] {processor.py:153} INFO - Started process (PID=1291) to work on /home/airflow/.local/lib/python3.7/site-packages/airflow/example_dags/example_nested_branch_dag.py
[2023-01-12T07:49:46.658+0000] {processor.py:743} INFO - Processing file /home/airflow/.local/lib/python3.7/site-packages/airflow/example_dags/example_nested_branch_dag.py for tasks to queue
[2023-01-12T07:49:46.660+0000] {logging_mixin.py:137} INFO - [2023-01-12T07:49:46.660+0000] {dagbag.py:538} INFO - Filling up the DagBag from /home/airflow/.local/lib/python3.7/site-packages/airflow/example_dags/example_nested_branch_dag.py
[2023-01-12T07:49:46.679+0000] {processor.py:753} INFO - DAG(s) dict_keys(['example_nested_branch_dag']) retrieved from /home/airflow/.local/lib/python3.7/site-packages/airflow/example_dags/example_nested_branch_dag.py
[2023-01-12T07:49:46.712+0000] {logging_mixin.py:137} INFO - [2023-01-12T07:49:46.712+0000] {dag.py:2676} INFO - Sync 1 DAGs
[2023-01-12T07:49:46.739+0000] {logging_mixin.py:137} INFO - [2023-01-12T07:49:46.739+0000] {dag.py:3427} INFO - Setting next_dagrun for example_nested_branch_dag to 2023-01-11T00:00:00+00:00, run_after=2023-01-12T00:00:00+00:00
[2023-01-12T07:49:46.782+0000] {processor.py:175} INFO - Processing /home/airflow/.local/lib/python3.7/site-packages/airflow/example_dags/example_nested_branch_dag.py took 0.129 seconds
[2023-01-12T07:50:17.665+0000] {processor.py:153} INFO - Started process (PID=1366) to work on /home/airflow/.local/lib/python3.7/site-packages/airflow/example_dags/example_nested_branch_dag.py
[2023-01-12T07:50:17.667+0000] {processor.py:743} INFO - Processing file /home/airflow/.local/lib/python3.7/site-packages/airflow/example_dags/example_nested_branch_dag.py for tasks to queue
[2023-01-12T07:50:17.668+0000] {logging_mixin.py:137} INFO - [2023-01-12T07:50:17.668+0000] {dagbag.py:538} INFO - Filling up the DagBag from /home/airflow/.local/lib/python3.7/site-packages/airflow/example_dags/example_nested_branch_dag.py
[2023-01-12T07:50:17.688+0000] {processor.py:753} INFO - DAG(s) dict_keys(['example_nested_branch_dag']) retrieved from /home/airflow/.local/lib/python3.7/site-packages/airflow/example_dags/example_nested_branch_dag.py
[2023-01-12T07:50:17.719+0000] {logging_mixin.py:137} INFO - [2023-01-12T07:50:17.719+0000] {dag.py:2676} INFO - Sync 1 DAGs
[2023-01-12T07:50:17.739+0000] {logging_mixin.py:137} INFO - [2023-01-12T07:50:17.739+0000] {dag.py:3427} INFO - Setting next_dagrun for example_nested_branch_dag to 2023-01-11T00:00:00+00:00, run_after=2023-01-12T00:00:00+00:00
[2023-01-12T07:50:17.759+0000] {processor.py:175} INFO - Processing /home/airflow/.local/lib/python3.7/site-packages/airflow/example_dags/example_nested_branch_dag.py took 0.098 seconds
[2023-01-12T07:50:48.374+0000] {processor.py:153} INFO - Started process (PID=1439) to work on /home/airflow/.local/lib/python3.7/site-packages/airflow/example_dags/example_nested_branch_dag.py
[2023-01-12T07:50:48.376+0000] {processor.py:743} INFO - Processing file /home/airflow/.local/lib/python3.7/site-packages/airflow/example_dags/example_nested_branch_dag.py for tasks to queue
[2023-01-12T07:50:48.378+0000] {logging_mixin.py:137} INFO - [2023-01-12T07:50:48.378+0000] {dagbag.py:538} INFO - Filling up the DagBag from /home/airflow/.local/lib/python3.7/site-packages/airflow/example_dags/example_nested_branch_dag.py
[2023-01-12T07:50:48.410+0000] {processor.py:753} INFO - DAG(s) dict_keys(['example_nested_branch_dag']) retrieved from /home/airflow/.local/lib/python3.7/site-packages/airflow/example_dags/example_nested_branch_dag.py
[2023-01-12T07:50:48.467+0000] {logging_mixin.py:137} INFO - [2023-01-12T07:50:48.464+0000] {dag.py:2676} INFO - Sync 1 DAGs
[2023-01-12T07:50:48.497+0000] {logging_mixin.py:137} INFO - [2023-01-12T07:50:48.497+0000] {dag.py:3427} INFO - Setting next_dagrun for example_nested_branch_dag to 2023-01-11T00:00:00+00:00, run_after=2023-01-12T00:00:00+00:00
[2023-01-12T07:50:48.528+0000] {processor.py:175} INFO - Processing /home/airflow/.local/lib/python3.7/site-packages/airflow/example_dags/example_nested_branch_dag.py took 0.158 seconds
[2023-01-12T07:51:19.371+0000] {processor.py:153} INFO - Started process (PID=1500) to work on /home/airflow/.local/lib/python3.7/site-packages/airflow/example_dags/example_nested_branch_dag.py
[2023-01-12T07:51:19.373+0000] {processor.py:743} INFO - Processing file /home/airflow/.local/lib/python3.7/site-packages/airflow/example_dags/example_nested_branch_dag.py for tasks to queue
[2023-01-12T07:51:19.375+0000] {logging_mixin.py:137} INFO - [2023-01-12T07:51:19.375+0000] {dagbag.py:538} INFO - Filling up the DagBag from /home/airflow/.local/lib/python3.7/site-packages/airflow/example_dags/example_nested_branch_dag.py
[2023-01-12T07:51:19.397+0000] {processor.py:753} INFO - DAG(s) dict_keys(['example_nested_branch_dag']) retrieved from /home/airflow/.local/lib/python3.7/site-packages/airflow/example_dags/example_nested_branch_dag.py
[2023-01-12T07:51:19.429+0000] {logging_mixin.py:137} INFO - [2023-01-12T07:51:19.428+0000] {dag.py:2676} INFO - Sync 1 DAGs
[2023-01-12T07:51:19.450+0000] {logging_mixin.py:137} INFO - [2023-01-12T07:51:19.450+0000] {dag.py:3427} INFO - Setting next_dagrun for example_nested_branch_dag to 2023-01-11T00:00:00+00:00, run_after=2023-01-12T00:00:00+00:00
[2023-01-12T07:51:19.468+0000] {processor.py:175} INFO - Processing /home/airflow/.local/lib/python3.7/site-packages/airflow/example_dags/example_nested_branch_dag.py took 0.100 seconds
[2023-01-12T07:51:50.405+0000] {processor.py:153} INFO - Started process (PID=1572) to work on /home/airflow/.local/lib/python3.7/site-packages/airflow/example_dags/example_nested_branch_dag.py
[2023-01-12T07:51:50.406+0000] {processor.py:743} INFO - Processing file /home/airflow/.local/lib/python3.7/site-packages/airflow/example_dags/example_nested_branch_dag.py for tasks to queue
[2023-01-12T07:51:50.408+0000] {logging_mixin.py:137} INFO - [2023-01-12T07:51:50.408+0000] {dagbag.py:538} INFO - Filling up the DagBag from /home/airflow/.local/lib/python3.7/site-packages/airflow/example_dags/example_nested_branch_dag.py
[2023-01-12T07:51:50.428+0000] {processor.py:753} INFO - DAG(s) dict_keys(['example_nested_branch_dag']) retrieved from /home/airflow/.local/lib/python3.7/site-packages/airflow/example_dags/example_nested_branch_dag.py
[2023-01-12T07:51:50.457+0000] {logging_mixin.py:137} INFO - [2023-01-12T07:51:50.456+0000] {dag.py:2676} INFO - Sync 1 DAGs
[2023-01-12T07:51:50.474+0000] {logging_mixin.py:137} INFO - [2023-01-12T07:51:50.474+0000] {dag.py:3427} INFO - Setting next_dagrun for example_nested_branch_dag to 2023-01-11T00:00:00+00:00, run_after=2023-01-12T00:00:00+00:00
[2023-01-12T07:51:50.487+0000] {processor.py:175} INFO - Processing /home/airflow/.local/lib/python3.7/site-packages/airflow/example_dags/example_nested_branch_dag.py took 0.085 seconds
[2023-01-12T07:52:21.235+0000] {processor.py:153} INFO - Started process (PID=1634) to work on /home/airflow/.local/lib/python3.7/site-packages/airflow/example_dags/example_nested_branch_dag.py
[2023-01-12T07:52:21.237+0000] {processor.py:743} INFO - Processing file /home/airflow/.local/lib/python3.7/site-packages/airflow/example_dags/example_nested_branch_dag.py for tasks to queue
[2023-01-12T07:52:21.238+0000] {logging_mixin.py:137} INFO - [2023-01-12T07:52:21.238+0000] {dagbag.py:538} INFO - Filling up the DagBag from /home/airflow/.local/lib/python3.7/site-packages/airflow/example_dags/example_nested_branch_dag.py
[2023-01-12T07:52:21.259+0000] {processor.py:753} INFO - DAG(s) dict_keys(['example_nested_branch_dag']) retrieved from /home/airflow/.local/lib/python3.7/site-packages/airflow/example_dags/example_nested_branch_dag.py
[2023-01-12T07:52:21.289+0000] {logging_mixin.py:137} INFO - [2023-01-12T07:52:21.289+0000] {dag.py:2676} INFO - Sync 1 DAGs
[2023-01-12T07:52:21.308+0000] {logging_mixin.py:137} INFO - [2023-01-12T07:52:21.308+0000] {dag.py:3427} INFO - Setting next_dagrun for example_nested_branch_dag to 2023-01-11T00:00:00+00:00, run_after=2023-01-12T00:00:00+00:00
[2023-01-12T07:52:21.322+0000] {processor.py:175} INFO - Processing /home/airflow/.local/lib/python3.7/site-packages/airflow/example_dags/example_nested_branch_dag.py took 0.092 seconds
[2023-01-12T07:52:52.145+0000] {processor.py:153} INFO - Started process (PID=1708) to work on /home/airflow/.local/lib/python3.7/site-packages/airflow/example_dags/example_nested_branch_dag.py
[2023-01-12T07:52:52.147+0000] {processor.py:743} INFO - Processing file /home/airflow/.local/lib/python3.7/site-packages/airflow/example_dags/example_nested_branch_dag.py for tasks to queue
[2023-01-12T07:52:52.149+0000] {logging_mixin.py:137} INFO - [2023-01-12T07:52:52.149+0000] {dagbag.py:538} INFO - Filling up the DagBag from /home/airflow/.local/lib/python3.7/site-packages/airflow/example_dags/example_nested_branch_dag.py
[2023-01-12T07:52:52.168+0000] {processor.py:753} INFO - DAG(s) dict_keys(['example_nested_branch_dag']) retrieved from /home/airflow/.local/lib/python3.7/site-packages/airflow/example_dags/example_nested_branch_dag.py
[2023-01-12T07:52:52.197+0000] {logging_mixin.py:137} INFO - [2023-01-12T07:52:52.197+0000] {dag.py:2676} INFO - Sync 1 DAGs
[2023-01-12T07:52:52.217+0000] {logging_mixin.py:137} INFO - [2023-01-12T07:52:52.217+0000] {dag.py:3427} INFO - Setting next_dagrun for example_nested_branch_dag to 2023-01-11T00:00:00+00:00, run_after=2023-01-12T00:00:00+00:00
[2023-01-12T07:52:52.234+0000] {processor.py:175} INFO - Processing /home/airflow/.local/lib/python3.7/site-packages/airflow/example_dags/example_nested_branch_dag.py took 0.091 seconds
[2023-01-12T07:53:22.750+0000] {processor.py:153} INFO - Started process (PID=1781) to work on /home/airflow/.local/lib/python3.7/site-packages/airflow/example_dags/example_nested_branch_dag.py
[2023-01-12T07:53:22.753+0000] {processor.py:743} INFO - Processing file /home/airflow/.local/lib/python3.7/site-packages/airflow/example_dags/example_nested_branch_dag.py for tasks to queue
[2023-01-12T07:53:22.754+0000] {logging_mixin.py:137} INFO - [2023-01-12T07:53:22.754+0000] {dagbag.py:538} INFO - Filling up the DagBag from /home/airflow/.local/lib/python3.7/site-packages/airflow/example_dags/example_nested_branch_dag.py
[2023-01-12T07:53:22.777+0000] {processor.py:753} INFO - DAG(s) dict_keys(['example_nested_branch_dag']) retrieved from /home/airflow/.local/lib/python3.7/site-packages/airflow/example_dags/example_nested_branch_dag.py
[2023-01-12T07:53:22.811+0000] {logging_mixin.py:137} INFO - [2023-01-12T07:53:22.810+0000] {dag.py:2676} INFO - Sync 1 DAGs
[2023-01-12T07:53:22.837+0000] {logging_mixin.py:137} INFO - [2023-01-12T07:53:22.837+0000] {dag.py:3427} INFO - Setting next_dagrun for example_nested_branch_dag to 2023-01-11T00:00:00+00:00, run_after=2023-01-12T00:00:00+00:00
[2023-01-12T07:53:22.863+0000] {processor.py:175} INFO - Processing /home/airflow/.local/lib/python3.7/site-packages/airflow/example_dags/example_nested_branch_dag.py took 0.115 seconds
[2023-01-12T07:53:53.239+0000] {processor.py:153} INFO - Started process (PID=1843) to work on /home/airflow/.local/lib/python3.7/site-packages/airflow/example_dags/example_nested_branch_dag.py
[2023-01-12T07:53:53.240+0000] {processor.py:743} INFO - Processing file /home/airflow/.local/lib/python3.7/site-packages/airflow/example_dags/example_nested_branch_dag.py for tasks to queue
[2023-01-12T07:53:53.241+0000] {logging_mixin.py:137} INFO - [2023-01-12T07:53:53.241+0000] {dagbag.py:538} INFO - Filling up the DagBag from /home/airflow/.local/lib/python3.7/site-packages/airflow/example_dags/example_nested_branch_dag.py
[2023-01-12T07:53:53.261+0000] {processor.py:753} INFO - DAG(s) dict_keys(['example_nested_branch_dag']) retrieved from /home/airflow/.local/lib/python3.7/site-packages/airflow/example_dags/example_nested_branch_dag.py
[2023-01-12T07:53:53.297+0000] {logging_mixin.py:137} INFO - [2023-01-12T07:53:53.297+0000] {dag.py:2676} INFO - Sync 1 DAGs
[2023-01-12T07:53:53.318+0000] {logging_mixin.py:137} INFO - [2023-01-12T07:53:53.318+0000] {dag.py:3427} INFO - Setting next_dagrun for example_nested_branch_dag to 2023-01-11T00:00:00+00:00, run_after=2023-01-12T00:00:00+00:00
[2023-01-12T07:53:53.338+0000] {processor.py:175} INFO - Processing /home/airflow/.local/lib/python3.7/site-packages/airflow/example_dags/example_nested_branch_dag.py took 0.102 seconds
