[2023-01-12T07:27:06.572+0000] {processor.py:153} INFO - Started process (PID=53) to work on /home/airflow/.local/lib/python3.7/site-packages/airflow/example_dags/example_skip_dag.py
[2023-01-12T07:27:06.574+0000] {processor.py:743} INFO - Processing file /home/airflow/.local/lib/python3.7/site-packages/airflow/example_dags/example_skip_dag.py for tasks to queue
[2023-01-12T07:27:06.576+0000] {logging_mixin.py:137} INFO - [2023-01-12T07:27:06.576+0000] {dagbag.py:538} INFO - Filling up the DagBag from /home/airflow/.local/lib/python3.7/site-packages/airflow/example_dags/example_skip_dag.py
[2023-01-12T07:27:06.595+0000] {processor.py:753} INFO - DAG(s) dict_keys(['example_skip_dag']) retrieved from /home/airflow/.local/lib/python3.7/site-packages/airflow/example_dags/example_skip_dag.py
[2023-01-12T07:27:06.635+0000] {logging_mixin.py:137} INFO - [2023-01-12T07:27:06.635+0000] {dag.py:2676} INFO - Sync 1 DAGs
[2023-01-12T07:27:06.676+0000] {logging_mixin.py:137} INFO - [2023-01-12T07:27:06.676+0000] {dag.py:3427} INFO - Setting next_dagrun for example_skip_dag to 2023-01-11T07:27:06.676638+00:00, run_after=2023-01-12T07:27:06.676638+00:00
[2023-01-12T07:27:06.696+0000] {processor.py:175} INFO - Processing /home/airflow/.local/lib/python3.7/site-packages/airflow/example_dags/example_skip_dag.py took 0.129 seconds
[2023-01-12T07:27:36.758+0000] {processor.py:153} INFO - Started process (PID=127) to work on /home/airflow/.local/lib/python3.7/site-packages/airflow/example_dags/example_skip_dag.py
[2023-01-12T07:27:36.760+0000] {processor.py:743} INFO - Processing file /home/airflow/.local/lib/python3.7/site-packages/airflow/example_dags/example_skip_dag.py for tasks to queue
[2023-01-12T07:27:36.762+0000] {logging_mixin.py:137} INFO - [2023-01-12T07:27:36.761+0000] {dagbag.py:538} INFO - Filling up the DagBag from /home/airflow/.local/lib/python3.7/site-packages/airflow/example_dags/example_skip_dag.py
[2023-01-12T07:27:36.775+0000] {processor.py:753} INFO - DAG(s) dict_keys(['example_skip_dag']) retrieved from /home/airflow/.local/lib/python3.7/site-packages/airflow/example_dags/example_skip_dag.py
[2023-01-12T07:27:36.804+0000] {logging_mixin.py:137} INFO - [2023-01-12T07:27:36.804+0000] {dag.py:2676} INFO - Sync 1 DAGs
[2023-01-12T07:27:36.822+0000] {logging_mixin.py:137} INFO - [2023-01-12T07:27:36.822+0000] {dag.py:3427} INFO - Setting next_dagrun for example_skip_dag to 2023-01-11T07:27:36.822586+00:00, run_after=2023-01-12T07:27:36.822586+00:00
[2023-01-12T07:27:36.837+0000] {processor.py:175} INFO - Processing /home/airflow/.local/lib/python3.7/site-packages/airflow/example_dags/example_skip_dag.py took 0.081 seconds
[2023-01-12T07:28:07.761+0000] {processor.py:153} INFO - Started process (PID=199) to work on /home/airflow/.local/lib/python3.7/site-packages/airflow/example_dags/example_skip_dag.py
[2023-01-12T07:28:07.764+0000] {processor.py:743} INFO - Processing file /home/airflow/.local/lib/python3.7/site-packages/airflow/example_dags/example_skip_dag.py for tasks to queue
[2023-01-12T07:28:07.765+0000] {logging_mixin.py:137} INFO - [2023-01-12T07:28:07.765+0000] {dagbag.py:538} INFO - Filling up the DagBag from /home/airflow/.local/lib/python3.7/site-packages/airflow/example_dags/example_skip_dag.py
[2023-01-12T07:28:07.784+0000] {processor.py:753} INFO - DAG(s) dict_keys(['example_skip_dag']) retrieved from /home/airflow/.local/lib/python3.7/site-packages/airflow/example_dags/example_skip_dag.py
[2023-01-12T07:28:07.822+0000] {logging_mixin.py:137} INFO - [2023-01-12T07:28:07.822+0000] {dag.py:2676} INFO - Sync 1 DAGs
[2023-01-12T07:28:07.846+0000] {logging_mixin.py:137} INFO - [2023-01-12T07:28:07.846+0000] {dag.py:3427} INFO - Setting next_dagrun for example_skip_dag to 2023-01-11T07:28:07.846246+00:00, run_after=2023-01-12T07:28:07.846246+00:00
[2023-01-12T07:28:07.867+0000] {processor.py:175} INFO - Processing /home/airflow/.local/lib/python3.7/site-packages/airflow/example_dags/example_skip_dag.py took 0.109 seconds
[2023-01-12T07:28:38.320+0000] {processor.py:153} INFO - Started process (PID=261) to work on /home/airflow/.local/lib/python3.7/site-packages/airflow/example_dags/example_skip_dag.py
[2023-01-12T07:28:38.323+0000] {processor.py:743} INFO - Processing file /home/airflow/.local/lib/python3.7/site-packages/airflow/example_dags/example_skip_dag.py for tasks to queue
[2023-01-12T07:28:38.324+0000] {logging_mixin.py:137} INFO - [2023-01-12T07:28:38.324+0000] {dagbag.py:538} INFO - Filling up the DagBag from /home/airflow/.local/lib/python3.7/site-packages/airflow/example_dags/example_skip_dag.py
[2023-01-12T07:28:38.337+0000] {processor.py:753} INFO - DAG(s) dict_keys(['example_skip_dag']) retrieved from /home/airflow/.local/lib/python3.7/site-packages/airflow/example_dags/example_skip_dag.py
[2023-01-12T07:28:38.373+0000] {logging_mixin.py:137} INFO - [2023-01-12T07:28:38.373+0000] {dag.py:2676} INFO - Sync 1 DAGs
[2023-01-12T07:28:38.391+0000] {logging_mixin.py:137} INFO - [2023-01-12T07:28:38.391+0000] {dag.py:3427} INFO - Setting next_dagrun for example_skip_dag to 2023-01-11T07:28:38.391290+00:00, run_after=2023-01-12T07:28:38.391290+00:00
[2023-01-12T07:28:38.407+0000] {processor.py:175} INFO - Processing /home/airflow/.local/lib/python3.7/site-packages/airflow/example_dags/example_skip_dag.py took 0.090 seconds
[2023-01-12T07:29:09.011+0000] {processor.py:153} INFO - Started process (PID=335) to work on /home/airflow/.local/lib/python3.7/site-packages/airflow/example_dags/example_skip_dag.py
[2023-01-12T07:29:09.012+0000] {processor.py:743} INFO - Processing file /home/airflow/.local/lib/python3.7/site-packages/airflow/example_dags/example_skip_dag.py for tasks to queue
[2023-01-12T07:29:09.014+0000] {logging_mixin.py:137} INFO - [2023-01-12T07:29:09.014+0000] {dagbag.py:538} INFO - Filling up the DagBag from /home/airflow/.local/lib/python3.7/site-packages/airflow/example_dags/example_skip_dag.py
[2023-01-12T07:29:09.025+0000] {processor.py:753} INFO - DAG(s) dict_keys(['example_skip_dag']) retrieved from /home/airflow/.local/lib/python3.7/site-packages/airflow/example_dags/example_skip_dag.py
[2023-01-12T07:29:09.055+0000] {logging_mixin.py:137} INFO - [2023-01-12T07:29:09.055+0000] {dag.py:2676} INFO - Sync 1 DAGs
[2023-01-12T07:29:09.079+0000] {logging_mixin.py:137} INFO - [2023-01-12T07:29:09.079+0000] {dag.py:3427} INFO - Setting next_dagrun for example_skip_dag to 2023-01-11T07:29:09.079262+00:00, run_after=2023-01-12T07:29:09.079262+00:00
[2023-01-12T07:29:09.095+0000] {processor.py:175} INFO - Processing /home/airflow/.local/lib/python3.7/site-packages/airflow/example_dags/example_skip_dag.py took 0.086 seconds
[2023-01-12T07:29:39.692+0000] {processor.py:153} INFO - Started process (PID=404) to work on /home/airflow/.local/lib/python3.7/site-packages/airflow/example_dags/example_skip_dag.py
[2023-01-12T07:29:39.694+0000] {processor.py:743} INFO - Processing file /home/airflow/.local/lib/python3.7/site-packages/airflow/example_dags/example_skip_dag.py for tasks to queue
[2023-01-12T07:29:39.696+0000] {logging_mixin.py:137} INFO - [2023-01-12T07:29:39.696+0000] {dagbag.py:538} INFO - Filling up the DagBag from /home/airflow/.local/lib/python3.7/site-packages/airflow/example_dags/example_skip_dag.py
[2023-01-12T07:29:39.708+0000] {processor.py:753} INFO - DAG(s) dict_keys(['example_skip_dag']) retrieved from /home/airflow/.local/lib/python3.7/site-packages/airflow/example_dags/example_skip_dag.py
[2023-01-12T07:29:39.738+0000] {logging_mixin.py:137} INFO - [2023-01-12T07:29:39.738+0000] {dag.py:2676} INFO - Sync 1 DAGs
[2023-01-12T07:29:39.757+0000] {logging_mixin.py:137} INFO - [2023-01-12T07:29:39.757+0000] {dag.py:3427} INFO - Setting next_dagrun for example_skip_dag to 2023-01-11T07:29:39.757663+00:00, run_after=2023-01-12T07:29:39.757663+00:00
[2023-01-12T07:29:39.773+0000] {processor.py:175} INFO - Processing /home/airflow/.local/lib/python3.7/site-packages/airflow/example_dags/example_skip_dag.py took 0.083 seconds
[2023-01-12T07:30:10.396+0000] {processor.py:153} INFO - Started process (PID=472) to work on /home/airflow/.local/lib/python3.7/site-packages/airflow/example_dags/example_skip_dag.py
[2023-01-12T07:30:10.399+0000] {processor.py:743} INFO - Processing file /home/airflow/.local/lib/python3.7/site-packages/airflow/example_dags/example_skip_dag.py for tasks to queue
[2023-01-12T07:30:10.400+0000] {logging_mixin.py:137} INFO - [2023-01-12T07:30:10.400+0000] {dagbag.py:538} INFO - Filling up the DagBag from /home/airflow/.local/lib/python3.7/site-packages/airflow/example_dags/example_skip_dag.py
[2023-01-12T07:30:10.413+0000] {processor.py:753} INFO - DAG(s) dict_keys(['example_skip_dag']) retrieved from /home/airflow/.local/lib/python3.7/site-packages/airflow/example_dags/example_skip_dag.py
[2023-01-12T07:30:10.446+0000] {logging_mixin.py:137} INFO - [2023-01-12T07:30:10.446+0000] {dag.py:2676} INFO - Sync 1 DAGs
[2023-01-12T07:30:10.473+0000] {logging_mixin.py:137} INFO - [2023-01-12T07:30:10.473+0000] {dag.py:3427} INFO - Setting next_dagrun for example_skip_dag to 2023-01-11T07:30:10.473454+00:00, run_after=2023-01-12T07:30:10.473454+00:00
[2023-01-12T07:30:10.491+0000] {processor.py:175} INFO - Processing /home/airflow/.local/lib/python3.7/site-packages/airflow/example_dags/example_skip_dag.py took 0.098 seconds
[2023-01-12T07:30:41.093+0000] {processor.py:153} INFO - Started process (PID=547) to work on /home/airflow/.local/lib/python3.7/site-packages/airflow/example_dags/example_skip_dag.py
[2023-01-12T07:30:41.095+0000] {processor.py:743} INFO - Processing file /home/airflow/.local/lib/python3.7/site-packages/airflow/example_dags/example_skip_dag.py for tasks to queue
[2023-01-12T07:30:41.097+0000] {logging_mixin.py:137} INFO - [2023-01-12T07:30:41.097+0000] {dagbag.py:538} INFO - Filling up the DagBag from /home/airflow/.local/lib/python3.7/site-packages/airflow/example_dags/example_skip_dag.py
[2023-01-12T07:30:41.110+0000] {processor.py:753} INFO - DAG(s) dict_keys(['example_skip_dag']) retrieved from /home/airflow/.local/lib/python3.7/site-packages/airflow/example_dags/example_skip_dag.py
[2023-01-12T07:30:41.147+0000] {logging_mixin.py:137} INFO - [2023-01-12T07:30:41.147+0000] {dag.py:2676} INFO - Sync 1 DAGs
[2023-01-12T07:30:41.166+0000] {logging_mixin.py:137} INFO - [2023-01-12T07:30:41.166+0000] {dag.py:3427} INFO - Setting next_dagrun for example_skip_dag to 2023-01-11T07:30:41.166475+00:00, run_after=2023-01-12T07:30:41.166475+00:00
[2023-01-12T07:30:41.182+0000] {processor.py:175} INFO - Processing /home/airflow/.local/lib/python3.7/site-packages/airflow/example_dags/example_skip_dag.py took 0.092 seconds
[2023-01-12T07:31:11.686+0000] {processor.py:153} INFO - Started process (PID=608) to work on /home/airflow/.local/lib/python3.7/site-packages/airflow/example_dags/example_skip_dag.py
[2023-01-12T07:31:11.688+0000] {processor.py:743} INFO - Processing file /home/airflow/.local/lib/python3.7/site-packages/airflow/example_dags/example_skip_dag.py for tasks to queue
[2023-01-12T07:31:11.689+0000] {logging_mixin.py:137} INFO - [2023-01-12T07:31:11.689+0000] {dagbag.py:538} INFO - Filling up the DagBag from /home/airflow/.local/lib/python3.7/site-packages/airflow/example_dags/example_skip_dag.py
[2023-01-12T07:31:11.702+0000] {processor.py:753} INFO - DAG(s) dict_keys(['example_skip_dag']) retrieved from /home/airflow/.local/lib/python3.7/site-packages/airflow/example_dags/example_skip_dag.py
[2023-01-12T07:31:11.732+0000] {logging_mixin.py:137} INFO - [2023-01-12T07:31:11.732+0000] {dag.py:2676} INFO - Sync 1 DAGs
[2023-01-12T07:31:11.750+0000] {logging_mixin.py:137} INFO - [2023-01-12T07:31:11.750+0000] {dag.py:3427} INFO - Setting next_dagrun for example_skip_dag to 2023-01-11T07:31:11.750274+00:00, run_after=2023-01-12T07:31:11.750274+00:00
[2023-01-12T07:31:11.766+0000] {processor.py:175} INFO - Processing /home/airflow/.local/lib/python3.7/site-packages/airflow/example_dags/example_skip_dag.py took 0.083 seconds
[2023-01-12T07:31:42.423+0000] {processor.py:153} INFO - Started process (PID=682) to work on /home/airflow/.local/lib/python3.7/site-packages/airflow/example_dags/example_skip_dag.py
[2023-01-12T07:31:42.425+0000] {processor.py:743} INFO - Processing file /home/airflow/.local/lib/python3.7/site-packages/airflow/example_dags/example_skip_dag.py for tasks to queue
[2023-01-12T07:31:42.427+0000] {logging_mixin.py:137} INFO - [2023-01-12T07:31:42.427+0000] {dagbag.py:538} INFO - Filling up the DagBag from /home/airflow/.local/lib/python3.7/site-packages/airflow/example_dags/example_skip_dag.py
[2023-01-12T07:31:42.438+0000] {processor.py:753} INFO - DAG(s) dict_keys(['example_skip_dag']) retrieved from /home/airflow/.local/lib/python3.7/site-packages/airflow/example_dags/example_skip_dag.py
[2023-01-12T07:31:42.467+0000] {logging_mixin.py:137} INFO - [2023-01-12T07:31:42.467+0000] {dag.py:2676} INFO - Sync 1 DAGs
[2023-01-12T07:31:42.486+0000] {logging_mixin.py:137} INFO - [2023-01-12T07:31:42.486+0000] {dag.py:3427} INFO - Setting next_dagrun for example_skip_dag to 2023-01-11T07:31:42.486441+00:00, run_after=2023-01-12T07:31:42.486441+00:00
[2023-01-12T07:31:42.501+0000] {processor.py:175} INFO - Processing /home/airflow/.local/lib/python3.7/site-packages/airflow/example_dags/example_skip_dag.py took 0.080 seconds
[2023-01-12T07:32:13.328+0000] {processor.py:153} INFO - Started process (PID=756) to work on /home/airflow/.local/lib/python3.7/site-packages/airflow/example_dags/example_skip_dag.py
[2023-01-12T07:32:13.330+0000] {processor.py:743} INFO - Processing file /home/airflow/.local/lib/python3.7/site-packages/airflow/example_dags/example_skip_dag.py for tasks to queue
[2023-01-12T07:32:13.331+0000] {logging_mixin.py:137} INFO - [2023-01-12T07:32:13.331+0000] {dagbag.py:538} INFO - Filling up the DagBag from /home/airflow/.local/lib/python3.7/site-packages/airflow/example_dags/example_skip_dag.py
[2023-01-12T07:32:13.343+0000] {processor.py:753} INFO - DAG(s) dict_keys(['example_skip_dag']) retrieved from /home/airflow/.local/lib/python3.7/site-packages/airflow/example_dags/example_skip_dag.py
[2023-01-12T07:32:13.371+0000] {logging_mixin.py:137} INFO - [2023-01-12T07:32:13.371+0000] {dag.py:2676} INFO - Sync 1 DAGs
[2023-01-12T07:32:13.389+0000] {logging_mixin.py:137} INFO - [2023-01-12T07:32:13.389+0000] {dag.py:3427} INFO - Setting next_dagrun for example_skip_dag to 2023-01-11T07:32:13.388935+00:00, run_after=2023-01-12T07:32:13.388935+00:00
[2023-01-12T07:32:13.403+0000] {processor.py:175} INFO - Processing /home/airflow/.local/lib/python3.7/site-packages/airflow/example_dags/example_skip_dag.py took 0.078 seconds
[2023-01-12T07:32:43.943+0000] {processor.py:153} INFO - Started process (PID=817) to work on /home/airflow/.local/lib/python3.7/site-packages/airflow/example_dags/example_skip_dag.py
[2023-01-12T07:32:43.944+0000] {processor.py:743} INFO - Processing file /home/airflow/.local/lib/python3.7/site-packages/airflow/example_dags/example_skip_dag.py for tasks to queue
[2023-01-12T07:32:43.946+0000] {logging_mixin.py:137} INFO - [2023-01-12T07:32:43.945+0000] {dagbag.py:538} INFO - Filling up the DagBag from /home/airflow/.local/lib/python3.7/site-packages/airflow/example_dags/example_skip_dag.py
[2023-01-12T07:32:43.960+0000] {processor.py:753} INFO - DAG(s) dict_keys(['example_skip_dag']) retrieved from /home/airflow/.local/lib/python3.7/site-packages/airflow/example_dags/example_skip_dag.py
[2023-01-12T07:32:43.991+0000] {logging_mixin.py:137} INFO - [2023-01-12T07:32:43.991+0000] {dag.py:2676} INFO - Sync 1 DAGs
[2023-01-12T07:32:44.010+0000] {logging_mixin.py:137} INFO - [2023-01-12T07:32:44.010+0000] {dag.py:3427} INFO - Setting next_dagrun for example_skip_dag to 2023-01-11T07:32:44.009897+00:00, run_after=2023-01-12T07:32:44.009897+00:00
[2023-01-12T07:32:44.024+0000] {processor.py:175} INFO - Processing /home/airflow/.local/lib/python3.7/site-packages/airflow/example_dags/example_skip_dag.py took 0.084 seconds
[2023-01-12T07:33:14.404+0000] {processor.py:153} INFO - Started process (PID=890) to work on /home/airflow/.local/lib/python3.7/site-packages/airflow/example_dags/example_skip_dag.py
[2023-01-12T07:33:14.406+0000] {processor.py:743} INFO - Processing file /home/airflow/.local/lib/python3.7/site-packages/airflow/example_dags/example_skip_dag.py for tasks to queue
[2023-01-12T07:33:14.409+0000] {logging_mixin.py:137} INFO - [2023-01-12T07:33:14.409+0000] {dagbag.py:538} INFO - Filling up the DagBag from /home/airflow/.local/lib/python3.7/site-packages/airflow/example_dags/example_skip_dag.py
[2023-01-12T07:33:14.421+0000] {processor.py:753} INFO - DAG(s) dict_keys(['example_skip_dag']) retrieved from /home/airflow/.local/lib/python3.7/site-packages/airflow/example_dags/example_skip_dag.py
[2023-01-12T07:33:14.453+0000] {logging_mixin.py:137} INFO - [2023-01-12T07:33:14.453+0000] {dag.py:2676} INFO - Sync 1 DAGs
[2023-01-12T07:33:14.472+0000] {logging_mixin.py:137} INFO - [2023-01-12T07:33:14.472+0000] {dag.py:3427} INFO - Setting next_dagrun for example_skip_dag to 2023-01-11T07:33:14.471839+00:00, run_after=2023-01-12T07:33:14.471839+00:00
[2023-01-12T07:33:14.486+0000] {processor.py:175} INFO - Processing /home/airflow/.local/lib/python3.7/site-packages/airflow/example_dags/example_skip_dag.py took 0.085 seconds
[2023-01-12T07:33:45.003+0000] {processor.py:153} INFO - Started process (PID=961) to work on /home/airflow/.local/lib/python3.7/site-packages/airflow/example_dags/example_skip_dag.py
[2023-01-12T07:33:45.005+0000] {processor.py:743} INFO - Processing file /home/airflow/.local/lib/python3.7/site-packages/airflow/example_dags/example_skip_dag.py for tasks to queue
[2023-01-12T07:33:45.007+0000] {logging_mixin.py:137} INFO - [2023-01-12T07:33:45.007+0000] {dagbag.py:538} INFO - Filling up the DagBag from /home/airflow/.local/lib/python3.7/site-packages/airflow/example_dags/example_skip_dag.py
[2023-01-12T07:33:45.022+0000] {processor.py:753} INFO - DAG(s) dict_keys(['example_skip_dag']) retrieved from /home/airflow/.local/lib/python3.7/site-packages/airflow/example_dags/example_skip_dag.py
[2023-01-12T07:33:45.056+0000] {logging_mixin.py:137} INFO - [2023-01-12T07:33:45.056+0000] {dag.py:2676} INFO - Sync 1 DAGs
[2023-01-12T07:33:45.080+0000] {logging_mixin.py:137} INFO - [2023-01-12T07:33:45.080+0000] {dag.py:3427} INFO - Setting next_dagrun for example_skip_dag to 2023-01-11T07:33:45.080181+00:00, run_after=2023-01-12T07:33:45.080181+00:00
[2023-01-12T07:33:45.101+0000] {processor.py:175} INFO - Processing /home/airflow/.local/lib/python3.7/site-packages/airflow/example_dags/example_skip_dag.py took 0.101 seconds
[2023-01-12T07:34:15.940+0000] {processor.py:153} INFO - Started process (PID=1024) to work on /home/airflow/.local/lib/python3.7/site-packages/airflow/example_dags/example_skip_dag.py
[2023-01-12T07:34:15.942+0000] {processor.py:743} INFO - Processing file /home/airflow/.local/lib/python3.7/site-packages/airflow/example_dags/example_skip_dag.py for tasks to queue
[2023-01-12T07:34:15.943+0000] {logging_mixin.py:137} INFO - [2023-01-12T07:34:15.943+0000] {dagbag.py:538} INFO - Filling up the DagBag from /home/airflow/.local/lib/python3.7/site-packages/airflow/example_dags/example_skip_dag.py
[2023-01-12T07:34:15.954+0000] {processor.py:753} INFO - DAG(s) dict_keys(['example_skip_dag']) retrieved from /home/airflow/.local/lib/python3.7/site-packages/airflow/example_dags/example_skip_dag.py
[2023-01-12T07:34:15.983+0000] {logging_mixin.py:137} INFO - [2023-01-12T07:34:15.983+0000] {dag.py:2676} INFO - Sync 1 DAGs
[2023-01-12T07:34:16.002+0000] {logging_mixin.py:137} INFO - [2023-01-12T07:34:16.002+0000] {dag.py:3427} INFO - Setting next_dagrun for example_skip_dag to 2023-01-11T07:34:16.001983+00:00, run_after=2023-01-12T07:34:16.001983+00:00
[2023-01-12T07:34:16.017+0000] {processor.py:175} INFO - Processing /home/airflow/.local/lib/python3.7/site-packages/airflow/example_dags/example_skip_dag.py took 0.079 seconds
[2023-01-12T07:34:46.535+0000] {processor.py:153} INFO - Started process (PID=1097) to work on /home/airflow/.local/lib/python3.7/site-packages/airflow/example_dags/example_skip_dag.py
[2023-01-12T07:34:46.536+0000] {processor.py:743} INFO - Processing file /home/airflow/.local/lib/python3.7/site-packages/airflow/example_dags/example_skip_dag.py for tasks to queue
[2023-01-12T07:34:46.538+0000] {logging_mixin.py:137} INFO - [2023-01-12T07:34:46.538+0000] {dagbag.py:538} INFO - Filling up the DagBag from /home/airflow/.local/lib/python3.7/site-packages/airflow/example_dags/example_skip_dag.py
[2023-01-12T07:34:46.550+0000] {processor.py:753} INFO - DAG(s) dict_keys(['example_skip_dag']) retrieved from /home/airflow/.local/lib/python3.7/site-packages/airflow/example_dags/example_skip_dag.py
[2023-01-12T07:34:46.579+0000] {logging_mixin.py:137} INFO - [2023-01-12T07:34:46.579+0000] {dag.py:2676} INFO - Sync 1 DAGs
[2023-01-12T07:34:46.599+0000] {logging_mixin.py:137} INFO - [2023-01-12T07:34:46.598+0000] {dag.py:3427} INFO - Setting next_dagrun for example_skip_dag to 2023-01-11T07:34:46.598798+00:00, run_after=2023-01-12T07:34:46.598798+00:00
[2023-01-12T07:34:46.613+0000] {processor.py:175} INFO - Processing /home/airflow/.local/lib/python3.7/site-packages/airflow/example_dags/example_skip_dag.py took 0.083 seconds
[2023-01-12T07:35:17.446+0000] {processor.py:153} INFO - Started process (PID=1158) to work on /home/airflow/.local/lib/python3.7/site-packages/airflow/example_dags/example_skip_dag.py
[2023-01-12T07:35:17.448+0000] {processor.py:743} INFO - Processing file /home/airflow/.local/lib/python3.7/site-packages/airflow/example_dags/example_skip_dag.py for tasks to queue
[2023-01-12T07:35:17.450+0000] {logging_mixin.py:137} INFO - [2023-01-12T07:35:17.450+0000] {dagbag.py:538} INFO - Filling up the DagBag from /home/airflow/.local/lib/python3.7/site-packages/airflow/example_dags/example_skip_dag.py
[2023-01-12T07:35:17.463+0000] {processor.py:753} INFO - DAG(s) dict_keys(['example_skip_dag']) retrieved from /home/airflow/.local/lib/python3.7/site-packages/airflow/example_dags/example_skip_dag.py
[2023-01-12T07:35:17.495+0000] {logging_mixin.py:137} INFO - [2023-01-12T07:35:17.495+0000] {dag.py:2676} INFO - Sync 1 DAGs
[2023-01-12T07:35:17.516+0000] {logging_mixin.py:137} INFO - [2023-01-12T07:35:17.516+0000] {dag.py:3427} INFO - Setting next_dagrun for example_skip_dag to 2023-01-11T07:35:17.516485+00:00, run_after=2023-01-12T07:35:17.516485+00:00
[2023-01-12T07:35:17.531+0000] {processor.py:175} INFO - Processing /home/airflow/.local/lib/python3.7/site-packages/airflow/example_dags/example_skip_dag.py took 0.088 seconds
[2023-01-12T07:35:48.284+0000] {processor.py:153} INFO - Started process (PID=1232) to work on /home/airflow/.local/lib/python3.7/site-packages/airflow/example_dags/example_skip_dag.py
[2023-01-12T07:35:48.286+0000] {processor.py:743} INFO - Processing file /home/airflow/.local/lib/python3.7/site-packages/airflow/example_dags/example_skip_dag.py for tasks to queue
[2023-01-12T07:35:48.287+0000] {logging_mixin.py:137} INFO - [2023-01-12T07:35:48.287+0000] {dagbag.py:538} INFO - Filling up the DagBag from /home/airflow/.local/lib/python3.7/site-packages/airflow/example_dags/example_skip_dag.py
[2023-01-12T07:35:48.299+0000] {processor.py:753} INFO - DAG(s) dict_keys(['example_skip_dag']) retrieved from /home/airflow/.local/lib/python3.7/site-packages/airflow/example_dags/example_skip_dag.py
[2023-01-12T07:35:48.328+0000] {logging_mixin.py:137} INFO - [2023-01-12T07:35:48.328+0000] {dag.py:2676} INFO - Sync 1 DAGs
[2023-01-12T07:35:48.349+0000] {logging_mixin.py:137} INFO - [2023-01-12T07:35:48.349+0000] {dag.py:3427} INFO - Setting next_dagrun for example_skip_dag to 2023-01-11T07:35:48.349254+00:00, run_after=2023-01-12T07:35:48.349254+00:00
[2023-01-12T07:35:48.363+0000] {processor.py:175} INFO - Processing /home/airflow/.local/lib/python3.7/site-packages/airflow/example_dags/example_skip_dag.py took 0.082 seconds
[2023-01-12T07:36:18.983+0000] {processor.py:153} INFO - Started process (PID=1307) to work on /home/airflow/.local/lib/python3.7/site-packages/airflow/example_dags/example_skip_dag.py
[2023-01-12T07:36:18.985+0000] {processor.py:743} INFO - Processing file /home/airflow/.local/lib/python3.7/site-packages/airflow/example_dags/example_skip_dag.py for tasks to queue
[2023-01-12T07:36:18.986+0000] {logging_mixin.py:137} INFO - [2023-01-12T07:36:18.986+0000] {dagbag.py:538} INFO - Filling up the DagBag from /home/airflow/.local/lib/python3.7/site-packages/airflow/example_dags/example_skip_dag.py
[2023-01-12T07:36:18.998+0000] {processor.py:753} INFO - DAG(s) dict_keys(['example_skip_dag']) retrieved from /home/airflow/.local/lib/python3.7/site-packages/airflow/example_dags/example_skip_dag.py
[2023-01-12T07:36:19.029+0000] {logging_mixin.py:137} INFO - [2023-01-12T07:36:19.029+0000] {dag.py:2676} INFO - Sync 1 DAGs
[2023-01-12T07:36:19.048+0000] {logging_mixin.py:137} INFO - [2023-01-12T07:36:19.048+0000] {dag.py:3427} INFO - Setting next_dagrun for example_skip_dag to 2023-01-11T07:36:19.048331+00:00, run_after=2023-01-12T07:36:19.048331+00:00
[2023-01-12T07:36:19.063+0000] {processor.py:175} INFO - Processing /home/airflow/.local/lib/python3.7/site-packages/airflow/example_dags/example_skip_dag.py took 0.083 seconds
[2023-01-12T07:37:19.923+0000] {processor.py:153} INFO - Started process (PID=53) to work on /home/airflow/.local/lib/python3.7/site-packages/airflow/example_dags/example_skip_dag.py
[2023-01-12T07:37:19.925+0000] {processor.py:743} INFO - Processing file /home/airflow/.local/lib/python3.7/site-packages/airflow/example_dags/example_skip_dag.py for tasks to queue
[2023-01-12T07:37:19.928+0000] {logging_mixin.py:137} INFO - [2023-01-12T07:37:19.928+0000] {dagbag.py:538} INFO - Filling up the DagBag from /home/airflow/.local/lib/python3.7/site-packages/airflow/example_dags/example_skip_dag.py
[2023-01-12T07:37:19.950+0000] {processor.py:753} INFO - DAG(s) dict_keys(['example_skip_dag']) retrieved from /home/airflow/.local/lib/python3.7/site-packages/airflow/example_dags/example_skip_dag.py
[2023-01-12T07:37:20.000+0000] {logging_mixin.py:137} INFO - [2023-01-12T07:37:20.000+0000] {dag.py:2676} INFO - Sync 1 DAGs
[2023-01-12T07:37:20.028+0000] {logging_mixin.py:137} INFO - [2023-01-12T07:37:20.028+0000] {dag.py:3427} INFO - Setting next_dagrun for example_skip_dag to 2023-01-11T07:37:20.028000+00:00, run_after=2023-01-12T07:37:20.028000+00:00
[2023-01-12T07:37:20.046+0000] {processor.py:175} INFO - Processing /home/airflow/.local/lib/python3.7/site-packages/airflow/example_dags/example_skip_dag.py took 0.126 seconds
[2023-01-12T07:37:50.380+0000] {processor.py:153} INFO - Started process (PID=127) to work on /home/airflow/.local/lib/python3.7/site-packages/airflow/example_dags/example_skip_dag.py
[2023-01-12T07:37:50.381+0000] {processor.py:743} INFO - Processing file /home/airflow/.local/lib/python3.7/site-packages/airflow/example_dags/example_skip_dag.py for tasks to queue
[2023-01-12T07:37:50.383+0000] {logging_mixin.py:137} INFO - [2023-01-12T07:37:50.383+0000] {dagbag.py:538} INFO - Filling up the DagBag from /home/airflow/.local/lib/python3.7/site-packages/airflow/example_dags/example_skip_dag.py
[2023-01-12T07:37:50.396+0000] {processor.py:753} INFO - DAG(s) dict_keys(['example_skip_dag']) retrieved from /home/airflow/.local/lib/python3.7/site-packages/airflow/example_dags/example_skip_dag.py
[2023-01-12T07:37:50.423+0000] {logging_mixin.py:137} INFO - [2023-01-12T07:37:50.423+0000] {dag.py:2676} INFO - Sync 1 DAGs
[2023-01-12T07:37:50.441+0000] {logging_mixin.py:137} INFO - [2023-01-12T07:37:50.441+0000] {dag.py:3427} INFO - Setting next_dagrun for example_skip_dag to 2023-01-11T07:37:50.441251+00:00, run_after=2023-01-12T07:37:50.441251+00:00
[2023-01-12T07:37:50.457+0000] {processor.py:175} INFO - Processing /home/airflow/.local/lib/python3.7/site-packages/airflow/example_dags/example_skip_dag.py took 0.080 seconds
[2023-01-12T07:38:21.369+0000] {processor.py:153} INFO - Started process (PID=201) to work on /home/airflow/.local/lib/python3.7/site-packages/airflow/example_dags/example_skip_dag.py
[2023-01-12T07:38:21.371+0000] {processor.py:743} INFO - Processing file /home/airflow/.local/lib/python3.7/site-packages/airflow/example_dags/example_skip_dag.py for tasks to queue
[2023-01-12T07:38:21.373+0000] {logging_mixin.py:137} INFO - [2023-01-12T07:38:21.372+0000] {dagbag.py:538} INFO - Filling up the DagBag from /home/airflow/.local/lib/python3.7/site-packages/airflow/example_dags/example_skip_dag.py
[2023-01-12T07:38:21.393+0000] {processor.py:753} INFO - DAG(s) dict_keys(['example_skip_dag']) retrieved from /home/airflow/.local/lib/python3.7/site-packages/airflow/example_dags/example_skip_dag.py
[2023-01-12T07:38:21.444+0000] {logging_mixin.py:137} INFO - [2023-01-12T07:38:21.444+0000] {dag.py:2676} INFO - Sync 1 DAGs
[2023-01-12T07:38:21.477+0000] {logging_mixin.py:137} INFO - [2023-01-12T07:38:21.477+0000] {dag.py:3427} INFO - Setting next_dagrun for example_skip_dag to 2023-01-11T07:38:21.477403+00:00, run_after=2023-01-12T07:38:21.477403+00:00
[2023-01-12T07:38:21.495+0000] {processor.py:175} INFO - Processing /home/airflow/.local/lib/python3.7/site-packages/airflow/example_dags/example_skip_dag.py took 0.128 seconds
[2023-01-12T07:38:52.011+0000] {processor.py:153} INFO - Started process (PID=264) to work on /home/airflow/.local/lib/python3.7/site-packages/airflow/example_dags/example_skip_dag.py
[2023-01-12T07:38:52.013+0000] {processor.py:743} INFO - Processing file /home/airflow/.local/lib/python3.7/site-packages/airflow/example_dags/example_skip_dag.py for tasks to queue
[2023-01-12T07:38:52.015+0000] {logging_mixin.py:137} INFO - [2023-01-12T07:38:52.015+0000] {dagbag.py:538} INFO - Filling up the DagBag from /home/airflow/.local/lib/python3.7/site-packages/airflow/example_dags/example_skip_dag.py
[2023-01-12T07:38:52.027+0000] {processor.py:753} INFO - DAG(s) dict_keys(['example_skip_dag']) retrieved from /home/airflow/.local/lib/python3.7/site-packages/airflow/example_dags/example_skip_dag.py
[2023-01-12T07:38:52.059+0000] {logging_mixin.py:137} INFO - [2023-01-12T07:38:52.059+0000] {dag.py:2676} INFO - Sync 1 DAGs
[2023-01-12T07:38:52.078+0000] {logging_mixin.py:137} INFO - [2023-01-12T07:38:52.078+0000] {dag.py:3427} INFO - Setting next_dagrun for example_skip_dag to 2023-01-11T07:38:52.078007+00:00, run_after=2023-01-12T07:38:52.078007+00:00
[2023-01-12T07:38:52.093+0000] {processor.py:175} INFO - Processing /home/airflow/.local/lib/python3.7/site-packages/airflow/example_dags/example_skip_dag.py took 0.084 seconds
[2023-01-12T07:39:22.640+0000] {processor.py:153} INFO - Started process (PID=338) to work on /home/airflow/.local/lib/python3.7/site-packages/airflow/example_dags/example_skip_dag.py
[2023-01-12T07:39:22.642+0000] {processor.py:743} INFO - Processing file /home/airflow/.local/lib/python3.7/site-packages/airflow/example_dags/example_skip_dag.py for tasks to queue
[2023-01-12T07:39:22.643+0000] {logging_mixin.py:137} INFO - [2023-01-12T07:39:22.643+0000] {dagbag.py:538} INFO - Filling up the DagBag from /home/airflow/.local/lib/python3.7/site-packages/airflow/example_dags/example_skip_dag.py
[2023-01-12T07:39:22.656+0000] {processor.py:753} INFO - DAG(s) dict_keys(['example_skip_dag']) retrieved from /home/airflow/.local/lib/python3.7/site-packages/airflow/example_dags/example_skip_dag.py
[2023-01-12T07:39:22.684+0000] {logging_mixin.py:137} INFO - [2023-01-12T07:39:22.684+0000] {dag.py:2676} INFO - Sync 1 DAGs
[2023-01-12T07:39:22.705+0000] {logging_mixin.py:137} INFO - [2023-01-12T07:39:22.705+0000] {dag.py:3427} INFO - Setting next_dagrun for example_skip_dag to 2023-01-11T07:39:22.705176+00:00, run_after=2023-01-12T07:39:22.705176+00:00
[2023-01-12T07:39:22.721+0000] {processor.py:175} INFO - Processing /home/airflow/.local/lib/python3.7/site-packages/airflow/example_dags/example_skip_dag.py took 0.083 seconds
[2023-01-12T07:40:37.229+0000] {processor.py:153} INFO - Started process (PID=53) to work on /home/airflow/.local/lib/python3.7/site-packages/airflow/example_dags/example_skip_dag.py
[2023-01-12T07:40:37.231+0000] {processor.py:743} INFO - Processing file /home/airflow/.local/lib/python3.7/site-packages/airflow/example_dags/example_skip_dag.py for tasks to queue
[2023-01-12T07:40:37.232+0000] {logging_mixin.py:137} INFO - [2023-01-12T07:40:37.232+0000] {dagbag.py:538} INFO - Filling up the DagBag from /home/airflow/.local/lib/python3.7/site-packages/airflow/example_dags/example_skip_dag.py
[2023-01-12T07:40:37.247+0000] {processor.py:753} INFO - DAG(s) dict_keys(['example_skip_dag']) retrieved from /home/airflow/.local/lib/python3.7/site-packages/airflow/example_dags/example_skip_dag.py
[2023-01-12T07:40:37.279+0000] {logging_mixin.py:137} INFO - [2023-01-12T07:40:37.277+0000] {dag.py:2676} INFO - Sync 1 DAGs
[2023-01-12T07:40:37.310+0000] {logging_mixin.py:137} INFO - [2023-01-12T07:40:37.310+0000] {dag.py:3427} INFO - Setting next_dagrun for example_skip_dag to 2023-01-11T07:40:37.309992+00:00, run_after=2023-01-12T07:40:37.309992+00:00
[2023-01-12T07:40:37.347+0000] {processor.py:175} INFO - Processing /home/airflow/.local/lib/python3.7/site-packages/airflow/example_dags/example_skip_dag.py took 0.121 seconds
[2023-01-12T07:41:07.374+0000] {processor.py:153} INFO - Started process (PID=130) to work on /home/airflow/.local/lib/python3.7/site-packages/airflow/example_dags/example_skip_dag.py
[2023-01-12T07:41:07.376+0000] {processor.py:743} INFO - Processing file /home/airflow/.local/lib/python3.7/site-packages/airflow/example_dags/example_skip_dag.py for tasks to queue
[2023-01-12T07:41:07.377+0000] {logging_mixin.py:137} INFO - [2023-01-12T07:41:07.377+0000] {dagbag.py:538} INFO - Filling up the DagBag from /home/airflow/.local/lib/python3.7/site-packages/airflow/example_dags/example_skip_dag.py
[2023-01-12T07:41:07.391+0000] {processor.py:753} INFO - DAG(s) dict_keys(['example_skip_dag']) retrieved from /home/airflow/.local/lib/python3.7/site-packages/airflow/example_dags/example_skip_dag.py
[2023-01-12T07:41:07.419+0000] {logging_mixin.py:137} INFO - [2023-01-12T07:41:07.419+0000] {dag.py:2676} INFO - Sync 1 DAGs
[2023-01-12T07:41:07.438+0000] {logging_mixin.py:137} INFO - [2023-01-12T07:41:07.438+0000] {dag.py:3427} INFO - Setting next_dagrun for example_skip_dag to 2023-01-11T07:41:07.438381+00:00, run_after=2023-01-12T07:41:07.438381+00:00
[2023-01-12T07:41:07.454+0000] {processor.py:175} INFO - Processing /home/airflow/.local/lib/python3.7/site-packages/airflow/example_dags/example_skip_dag.py took 0.082 seconds
[2023-01-12T07:41:37.626+0000] {processor.py:153} INFO - Started process (PID=198) to work on /home/airflow/.local/lib/python3.7/site-packages/airflow/example_dags/example_skip_dag.py
[2023-01-12T07:41:37.627+0000] {processor.py:743} INFO - Processing file /home/airflow/.local/lib/python3.7/site-packages/airflow/example_dags/example_skip_dag.py for tasks to queue
[2023-01-12T07:41:37.629+0000] {logging_mixin.py:137} INFO - [2023-01-12T07:41:37.628+0000] {dagbag.py:538} INFO - Filling up the DagBag from /home/airflow/.local/lib/python3.7/site-packages/airflow/example_dags/example_skip_dag.py
[2023-01-12T07:41:37.641+0000] {processor.py:753} INFO - DAG(s) dict_keys(['example_skip_dag']) retrieved from /home/airflow/.local/lib/python3.7/site-packages/airflow/example_dags/example_skip_dag.py
[2023-01-12T07:41:37.675+0000] {logging_mixin.py:137} INFO - [2023-01-12T07:41:37.675+0000] {dag.py:2676} INFO - Sync 1 DAGs
[2023-01-12T07:41:37.700+0000] {logging_mixin.py:137} INFO - [2023-01-12T07:41:37.700+0000] {dag.py:3427} INFO - Setting next_dagrun for example_skip_dag to 2023-01-11T07:41:37.700447+00:00, run_after=2023-01-12T07:41:37.700447+00:00
[2023-01-12T07:41:37.724+0000] {processor.py:175} INFO - Processing /home/airflow/.local/lib/python3.7/site-packages/airflow/example_dags/example_skip_dag.py took 0.102 seconds
[2023-01-12T07:42:07.809+0000] {processor.py:153} INFO - Started process (PID=265) to work on /home/airflow/.local/lib/python3.7/site-packages/airflow/example_dags/example_skip_dag.py
[2023-01-12T07:42:07.811+0000] {processor.py:743} INFO - Processing file /home/airflow/.local/lib/python3.7/site-packages/airflow/example_dags/example_skip_dag.py for tasks to queue
[2023-01-12T07:42:07.812+0000] {logging_mixin.py:137} INFO - [2023-01-12T07:42:07.812+0000] {dagbag.py:538} INFO - Filling up the DagBag from /home/airflow/.local/lib/python3.7/site-packages/airflow/example_dags/example_skip_dag.py
[2023-01-12T07:42:07.824+0000] {processor.py:753} INFO - DAG(s) dict_keys(['example_skip_dag']) retrieved from /home/airflow/.local/lib/python3.7/site-packages/airflow/example_dags/example_skip_dag.py
[2023-01-12T07:42:07.854+0000] {logging_mixin.py:137} INFO - [2023-01-12T07:42:07.854+0000] {dag.py:2676} INFO - Sync 1 DAGs
[2023-01-12T07:42:07.874+0000] {logging_mixin.py:137} INFO - [2023-01-12T07:42:07.874+0000] {dag.py:3427} INFO - Setting next_dagrun for example_skip_dag to 2023-01-11T07:42:07.873952+00:00, run_after=2023-01-12T07:42:07.873952+00:00
[2023-01-12T07:42:07.892+0000] {processor.py:175} INFO - Processing /home/airflow/.local/lib/python3.7/site-packages/airflow/example_dags/example_skip_dag.py took 0.085 seconds
[2023-01-12T07:42:38.525+0000] {processor.py:153} INFO - Started process (PID=341) to work on /home/airflow/.local/lib/python3.7/site-packages/airflow/example_dags/example_skip_dag.py
[2023-01-12T07:42:38.527+0000] {processor.py:743} INFO - Processing file /home/airflow/.local/lib/python3.7/site-packages/airflow/example_dags/example_skip_dag.py for tasks to queue
[2023-01-12T07:42:38.529+0000] {logging_mixin.py:137} INFO - [2023-01-12T07:42:38.529+0000] {dagbag.py:538} INFO - Filling up the DagBag from /home/airflow/.local/lib/python3.7/site-packages/airflow/example_dags/example_skip_dag.py
[2023-01-12T07:42:38.539+0000] {processor.py:753} INFO - DAG(s) dict_keys(['example_skip_dag']) retrieved from /home/airflow/.local/lib/python3.7/site-packages/airflow/example_dags/example_skip_dag.py
[2023-01-12T07:42:38.569+0000] {logging_mixin.py:137} INFO - [2023-01-12T07:42:38.569+0000] {dag.py:2676} INFO - Sync 1 DAGs
[2023-01-12T07:42:38.587+0000] {logging_mixin.py:137} INFO - [2023-01-12T07:42:38.587+0000] {dag.py:3427} INFO - Setting next_dagrun for example_skip_dag to 2023-01-11T07:42:38.587226+00:00, run_after=2023-01-12T07:42:38.587226+00:00
[2023-01-12T07:42:38.602+0000] {processor.py:175} INFO - Processing /home/airflow/.local/lib/python3.7/site-packages/airflow/example_dags/example_skip_dag.py took 0.080 seconds
[2023-01-12T07:43:09.262+0000] {processor.py:153} INFO - Started process (PID=403) to work on /home/airflow/.local/lib/python3.7/site-packages/airflow/example_dags/example_skip_dag.py
[2023-01-12T07:43:09.266+0000] {processor.py:743} INFO - Processing file /home/airflow/.local/lib/python3.7/site-packages/airflow/example_dags/example_skip_dag.py for tasks to queue
[2023-01-12T07:43:09.268+0000] {logging_mixin.py:137} INFO - [2023-01-12T07:43:09.268+0000] {dagbag.py:538} INFO - Filling up the DagBag from /home/airflow/.local/lib/python3.7/site-packages/airflow/example_dags/example_skip_dag.py
[2023-01-12T07:43:09.279+0000] {processor.py:753} INFO - DAG(s) dict_keys(['example_skip_dag']) retrieved from /home/airflow/.local/lib/python3.7/site-packages/airflow/example_dags/example_skip_dag.py
[2023-01-12T07:43:09.309+0000] {logging_mixin.py:137} INFO - [2023-01-12T07:43:09.309+0000] {dag.py:2676} INFO - Sync 1 DAGs
[2023-01-12T07:43:09.329+0000] {logging_mixin.py:137} INFO - [2023-01-12T07:43:09.329+0000] {dag.py:3427} INFO - Setting next_dagrun for example_skip_dag to 2023-01-11T07:43:09.329134+00:00, run_after=2023-01-12T07:43:09.329134+00:00
[2023-01-12T07:43:09.346+0000] {processor.py:175} INFO - Processing /home/airflow/.local/lib/python3.7/site-packages/airflow/example_dags/example_skip_dag.py took 0.088 seconds
[2023-01-12T07:43:40.079+0000] {processor.py:153} INFO - Started process (PID=475) to work on /home/airflow/.local/lib/python3.7/site-packages/airflow/example_dags/example_skip_dag.py
[2023-01-12T07:43:40.081+0000] {processor.py:743} INFO - Processing file /home/airflow/.local/lib/python3.7/site-packages/airflow/example_dags/example_skip_dag.py for tasks to queue
[2023-01-12T07:43:40.083+0000] {logging_mixin.py:137} INFO - [2023-01-12T07:43:40.083+0000] {dagbag.py:538} INFO - Filling up the DagBag from /home/airflow/.local/lib/python3.7/site-packages/airflow/example_dags/example_skip_dag.py
[2023-01-12T07:43:40.095+0000] {processor.py:753} INFO - DAG(s) dict_keys(['example_skip_dag']) retrieved from /home/airflow/.local/lib/python3.7/site-packages/airflow/example_dags/example_skip_dag.py
[2023-01-12T07:43:40.126+0000] {logging_mixin.py:137} INFO - [2023-01-12T07:43:40.126+0000] {dag.py:2676} INFO - Sync 1 DAGs
[2023-01-12T07:43:40.147+0000] {logging_mixin.py:137} INFO - [2023-01-12T07:43:40.147+0000] {dag.py:3427} INFO - Setting next_dagrun for example_skip_dag to 2023-01-11T07:43:40.147057+00:00, run_after=2023-01-12T07:43:40.147057+00:00
[2023-01-12T07:43:40.164+0000] {processor.py:175} INFO - Processing /home/airflow/.local/lib/python3.7/site-packages/airflow/example_dags/example_skip_dag.py took 0.088 seconds
[2023-01-12T07:44:11.224+0000] {processor.py:153} INFO - Started process (PID=549) to work on /home/airflow/.local/lib/python3.7/site-packages/airflow/example_dags/example_skip_dag.py
[2023-01-12T07:44:11.226+0000] {processor.py:743} INFO - Processing file /home/airflow/.local/lib/python3.7/site-packages/airflow/example_dags/example_skip_dag.py for tasks to queue
[2023-01-12T07:44:11.228+0000] {logging_mixin.py:137} INFO - [2023-01-12T07:44:11.227+0000] {dagbag.py:538} INFO - Filling up the DagBag from /home/airflow/.local/lib/python3.7/site-packages/airflow/example_dags/example_skip_dag.py
[2023-01-12T07:44:11.239+0000] {processor.py:753} INFO - DAG(s) dict_keys(['example_skip_dag']) retrieved from /home/airflow/.local/lib/python3.7/site-packages/airflow/example_dags/example_skip_dag.py
[2023-01-12T07:44:11.269+0000] {logging_mixin.py:137} INFO - [2023-01-12T07:44:11.268+0000] {dag.py:2676} INFO - Sync 1 DAGs
[2023-01-12T07:44:11.286+0000] {logging_mixin.py:137} INFO - [2023-01-12T07:44:11.286+0000] {dag.py:3427} INFO - Setting next_dagrun for example_skip_dag to 2023-01-11T07:44:11.286166+00:00, run_after=2023-01-12T07:44:11.286166+00:00
[2023-01-12T07:44:11.300+0000] {processor.py:175} INFO - Processing /home/airflow/.local/lib/python3.7/site-packages/airflow/example_dags/example_skip_dag.py took 0.078 seconds
[2023-01-12T07:44:41.926+0000] {processor.py:153} INFO - Started process (PID=611) to work on /home/airflow/.local/lib/python3.7/site-packages/airflow/example_dags/example_skip_dag.py
[2023-01-12T07:44:41.928+0000] {processor.py:743} INFO - Processing file /home/airflow/.local/lib/python3.7/site-packages/airflow/example_dags/example_skip_dag.py for tasks to queue
[2023-01-12T07:44:41.929+0000] {logging_mixin.py:137} INFO - [2023-01-12T07:44:41.929+0000] {dagbag.py:538} INFO - Filling up the DagBag from /home/airflow/.local/lib/python3.7/site-packages/airflow/example_dags/example_skip_dag.py
[2023-01-12T07:44:41.941+0000] {processor.py:753} INFO - DAG(s) dict_keys(['example_skip_dag']) retrieved from /home/airflow/.local/lib/python3.7/site-packages/airflow/example_dags/example_skip_dag.py
[2023-01-12T07:44:41.973+0000] {logging_mixin.py:137} INFO - [2023-01-12T07:44:41.973+0000] {dag.py:2676} INFO - Sync 1 DAGs
[2023-01-12T07:44:41.992+0000] {logging_mixin.py:137} INFO - [2023-01-12T07:44:41.992+0000] {dag.py:3427} INFO - Setting next_dagrun for example_skip_dag to 2023-01-11T07:44:41.992711+00:00, run_after=2023-01-12T07:44:41.992711+00:00
[2023-01-12T07:44:42.010+0000] {processor.py:175} INFO - Processing /home/airflow/.local/lib/python3.7/site-packages/airflow/example_dags/example_skip_dag.py took 0.088 seconds
[2023-01-12T07:45:12.423+0000] {processor.py:153} INFO - Started process (PID=686) to work on /home/airflow/.local/lib/python3.7/site-packages/airflow/example_dags/example_skip_dag.py
[2023-01-12T07:45:12.425+0000] {processor.py:743} INFO - Processing file /home/airflow/.local/lib/python3.7/site-packages/airflow/example_dags/example_skip_dag.py for tasks to queue
[2023-01-12T07:45:12.427+0000] {logging_mixin.py:137} INFO - [2023-01-12T07:45:12.427+0000] {dagbag.py:538} INFO - Filling up the DagBag from /home/airflow/.local/lib/python3.7/site-packages/airflow/example_dags/example_skip_dag.py
[2023-01-12T07:45:12.439+0000] {processor.py:753} INFO - DAG(s) dict_keys(['example_skip_dag']) retrieved from /home/airflow/.local/lib/python3.7/site-packages/airflow/example_dags/example_skip_dag.py
[2023-01-12T07:45:12.469+0000] {logging_mixin.py:137} INFO - [2023-01-12T07:45:12.469+0000] {dag.py:2676} INFO - Sync 1 DAGs
[2023-01-12T07:45:12.489+0000] {logging_mixin.py:137} INFO - [2023-01-12T07:45:12.488+0000] {dag.py:3427} INFO - Setting next_dagrun for example_skip_dag to 2023-01-11T07:45:12.488768+00:00, run_after=2023-01-12T07:45:12.488768+00:00
[2023-01-12T07:45:12.508+0000] {processor.py:175} INFO - Processing /home/airflow/.local/lib/python3.7/site-packages/airflow/example_dags/example_skip_dag.py took 0.087 seconds
[2023-01-12T07:45:43.362+0000] {processor.py:153} INFO - Started process (PID=760) to work on /home/airflow/.local/lib/python3.7/site-packages/airflow/example_dags/example_skip_dag.py
[2023-01-12T07:45:43.371+0000] {processor.py:743} INFO - Processing file /home/airflow/.local/lib/python3.7/site-packages/airflow/example_dags/example_skip_dag.py for tasks to queue
[2023-01-12T07:45:43.373+0000] {logging_mixin.py:137} INFO - [2023-01-12T07:45:43.373+0000] {dagbag.py:538} INFO - Filling up the DagBag from /home/airflow/.local/lib/python3.7/site-packages/airflow/example_dags/example_skip_dag.py
[2023-01-12T07:45:43.390+0000] {processor.py:753} INFO - DAG(s) dict_keys(['example_skip_dag']) retrieved from /home/airflow/.local/lib/python3.7/site-packages/airflow/example_dags/example_skip_dag.py
[2023-01-12T07:45:43.426+0000] {logging_mixin.py:137} INFO - [2023-01-12T07:45:43.426+0000] {dag.py:2676} INFO - Sync 1 DAGs
[2023-01-12T07:45:43.452+0000] {logging_mixin.py:137} INFO - [2023-01-12T07:45:43.452+0000] {dag.py:3427} INFO - Setting next_dagrun for example_skip_dag to 2023-01-11T07:45:43.452316+00:00, run_after=2023-01-12T07:45:43.452316+00:00
[2023-01-12T07:45:43.470+0000] {processor.py:175} INFO - Processing /home/airflow/.local/lib/python3.7/site-packages/airflow/example_dags/example_skip_dag.py took 0.111 seconds
[2023-01-12T07:46:14.184+0000] {processor.py:153} INFO - Started process (PID=822) to work on /home/airflow/.local/lib/python3.7/site-packages/airflow/example_dags/example_skip_dag.py
[2023-01-12T07:46:14.186+0000] {processor.py:743} INFO - Processing file /home/airflow/.local/lib/python3.7/site-packages/airflow/example_dags/example_skip_dag.py for tasks to queue
[2023-01-12T07:46:14.188+0000] {logging_mixin.py:137} INFO - [2023-01-12T07:46:14.187+0000] {dagbag.py:538} INFO - Filling up the DagBag from /home/airflow/.local/lib/python3.7/site-packages/airflow/example_dags/example_skip_dag.py
[2023-01-12T07:46:14.199+0000] {processor.py:753} INFO - DAG(s) dict_keys(['example_skip_dag']) retrieved from /home/airflow/.local/lib/python3.7/site-packages/airflow/example_dags/example_skip_dag.py
[2023-01-12T07:46:14.230+0000] {logging_mixin.py:137} INFO - [2023-01-12T07:46:14.230+0000] {dag.py:2676} INFO - Sync 1 DAGs
[2023-01-12T07:46:14.248+0000] {logging_mixin.py:137} INFO - [2023-01-12T07:46:14.248+0000] {dag.py:3427} INFO - Setting next_dagrun for example_skip_dag to 2023-01-11T07:46:14.248398+00:00, run_after=2023-01-12T07:46:14.248398+00:00
[2023-01-12T07:46:14.262+0000] {processor.py:175} INFO - Processing /home/airflow/.local/lib/python3.7/site-packages/airflow/example_dags/example_skip_dag.py took 0.081 seconds
[2023-01-12T07:46:44.952+0000] {processor.py:153} INFO - Started process (PID=897) to work on /home/airflow/.local/lib/python3.7/site-packages/airflow/example_dags/example_skip_dag.py
[2023-01-12T07:46:44.954+0000] {processor.py:743} INFO - Processing file /home/airflow/.local/lib/python3.7/site-packages/airflow/example_dags/example_skip_dag.py for tasks to queue
[2023-01-12T07:46:44.955+0000] {logging_mixin.py:137} INFO - [2023-01-12T07:46:44.955+0000] {dagbag.py:538} INFO - Filling up the DagBag from /home/airflow/.local/lib/python3.7/site-packages/airflow/example_dags/example_skip_dag.py
[2023-01-12T07:46:44.966+0000] {processor.py:753} INFO - DAG(s) dict_keys(['example_skip_dag']) retrieved from /home/airflow/.local/lib/python3.7/site-packages/airflow/example_dags/example_skip_dag.py
[2023-01-12T07:46:44.995+0000] {logging_mixin.py:137} INFO - [2023-01-12T07:46:44.995+0000] {dag.py:2676} INFO - Sync 1 DAGs
[2023-01-12T07:46:45.012+0000] {logging_mixin.py:137} INFO - [2023-01-12T07:46:45.012+0000] {dag.py:3427} INFO - Setting next_dagrun for example_skip_dag to 2023-01-11T07:46:45.012406+00:00, run_after=2023-01-12T07:46:45.012406+00:00
[2023-01-12T07:46:45.027+0000] {processor.py:175} INFO - Processing /home/airflow/.local/lib/python3.7/site-packages/airflow/example_dags/example_skip_dag.py took 0.078 seconds
[2023-01-12T07:47:15.728+0000] {processor.py:153} INFO - Started process (PID=959) to work on /home/airflow/.local/lib/python3.7/site-packages/airflow/example_dags/example_skip_dag.py
[2023-01-12T07:47:15.730+0000] {processor.py:743} INFO - Processing file /home/airflow/.local/lib/python3.7/site-packages/airflow/example_dags/example_skip_dag.py for tasks to queue
[2023-01-12T07:47:15.731+0000] {logging_mixin.py:137} INFO - [2023-01-12T07:47:15.731+0000] {dagbag.py:538} INFO - Filling up the DagBag from /home/airflow/.local/lib/python3.7/site-packages/airflow/example_dags/example_skip_dag.py
[2023-01-12T07:47:15.744+0000] {processor.py:753} INFO - DAG(s) dict_keys(['example_skip_dag']) retrieved from /home/airflow/.local/lib/python3.7/site-packages/airflow/example_dags/example_skip_dag.py
[2023-01-12T07:47:15.775+0000] {logging_mixin.py:137} INFO - [2023-01-12T07:47:15.775+0000] {dag.py:2676} INFO - Sync 1 DAGs
[2023-01-12T07:47:15.797+0000] {logging_mixin.py:137} INFO - [2023-01-12T07:47:15.796+0000] {dag.py:3427} INFO - Setting next_dagrun for example_skip_dag to 2023-01-11T07:47:15.796771+00:00, run_after=2023-01-12T07:47:15.796771+00:00
[2023-01-12T07:47:15.815+0000] {processor.py:175} INFO - Processing /home/airflow/.local/lib/python3.7/site-packages/airflow/example_dags/example_skip_dag.py took 0.090 seconds
[2023-01-12T07:47:46.007+0000] {processor.py:153} INFO - Started process (PID=1035) to work on /home/airflow/.local/lib/python3.7/site-packages/airflow/example_dags/example_skip_dag.py
[2023-01-12T07:47:46.009+0000] {processor.py:743} INFO - Processing file /home/airflow/.local/lib/python3.7/site-packages/airflow/example_dags/example_skip_dag.py for tasks to queue
[2023-01-12T07:47:46.011+0000] {logging_mixin.py:137} INFO - [2023-01-12T07:47:46.011+0000] {dagbag.py:538} INFO - Filling up the DagBag from /home/airflow/.local/lib/python3.7/site-packages/airflow/example_dags/example_skip_dag.py
[2023-01-12T07:47:46.023+0000] {processor.py:753} INFO - DAG(s) dict_keys(['example_skip_dag']) retrieved from /home/airflow/.local/lib/python3.7/site-packages/airflow/example_dags/example_skip_dag.py
[2023-01-12T07:47:46.054+0000] {logging_mixin.py:137} INFO - [2023-01-12T07:47:46.054+0000] {dag.py:2676} INFO - Sync 1 DAGs
[2023-01-12T07:47:46.074+0000] {logging_mixin.py:137} INFO - [2023-01-12T07:47:46.073+0000] {dag.py:3427} INFO - Setting next_dagrun for example_skip_dag to 2023-01-11T07:47:46.073785+00:00, run_after=2023-01-12T07:47:46.073785+00:00
[2023-01-12T07:47:46.094+0000] {processor.py:175} INFO - Processing /home/airflow/.local/lib/python3.7/site-packages/airflow/example_dags/example_skip_dag.py took 0.089 seconds
[2023-01-12T07:48:16.897+0000] {processor.py:153} INFO - Started process (PID=1108) to work on /home/airflow/.local/lib/python3.7/site-packages/airflow/example_dags/example_skip_dag.py
[2023-01-12T07:48:16.898+0000] {processor.py:743} INFO - Processing file /home/airflow/.local/lib/python3.7/site-packages/airflow/example_dags/example_skip_dag.py for tasks to queue
[2023-01-12T07:48:16.904+0000] {logging_mixin.py:137} INFO - [2023-01-12T07:48:16.904+0000] {dagbag.py:538} INFO - Filling up the DagBag from /home/airflow/.local/lib/python3.7/site-packages/airflow/example_dags/example_skip_dag.py
[2023-01-12T07:48:16.919+0000] {processor.py:753} INFO - DAG(s) dict_keys(['example_skip_dag']) retrieved from /home/airflow/.local/lib/python3.7/site-packages/airflow/example_dags/example_skip_dag.py
[2023-01-12T07:48:16.957+0000] {logging_mixin.py:137} INFO - [2023-01-12T07:48:16.957+0000] {dag.py:2676} INFO - Sync 1 DAGs
[2023-01-12T07:48:16.979+0000] {logging_mixin.py:137} INFO - [2023-01-12T07:48:16.978+0000] {dag.py:3427} INFO - Setting next_dagrun for example_skip_dag to 2023-01-11T07:48:16.978759+00:00, run_after=2023-01-12T07:48:16.978759+00:00
[2023-01-12T07:48:16.995+0000] {processor.py:175} INFO - Processing /home/airflow/.local/lib/python3.7/site-packages/airflow/example_dags/example_skip_dag.py took 0.102 seconds
[2023-01-12T07:48:47.449+0000] {processor.py:153} INFO - Started process (PID=1169) to work on /home/airflow/.local/lib/python3.7/site-packages/airflow/example_dags/example_skip_dag.py
[2023-01-12T07:48:47.451+0000] {processor.py:743} INFO - Processing file /home/airflow/.local/lib/python3.7/site-packages/airflow/example_dags/example_skip_dag.py for tasks to queue
[2023-01-12T07:48:47.452+0000] {logging_mixin.py:137} INFO - [2023-01-12T07:48:47.452+0000] {dagbag.py:538} INFO - Filling up the DagBag from /home/airflow/.local/lib/python3.7/site-packages/airflow/example_dags/example_skip_dag.py
[2023-01-12T07:48:47.463+0000] {processor.py:753} INFO - DAG(s) dict_keys(['example_skip_dag']) retrieved from /home/airflow/.local/lib/python3.7/site-packages/airflow/example_dags/example_skip_dag.py
[2023-01-12T07:48:47.496+0000] {logging_mixin.py:137} INFO - [2023-01-12T07:48:47.496+0000] {dag.py:2676} INFO - Sync 1 DAGs
[2023-01-12T07:48:47.517+0000] {logging_mixin.py:137} INFO - [2023-01-12T07:48:47.517+0000] {dag.py:3427} INFO - Setting next_dagrun for example_skip_dag to 2023-01-11T07:48:47.516834+00:00, run_after=2023-01-12T07:48:47.516834+00:00
[2023-01-12T07:48:47.538+0000] {processor.py:175} INFO - Processing /home/airflow/.local/lib/python3.7/site-packages/airflow/example_dags/example_skip_dag.py took 0.091 seconds
[2023-01-12T07:49:17.989+0000] {processor.py:153} INFO - Started process (PID=1245) to work on /home/airflow/.local/lib/python3.7/site-packages/airflow/example_dags/example_skip_dag.py
[2023-01-12T07:49:17.991+0000] {processor.py:743} INFO - Processing file /home/airflow/.local/lib/python3.7/site-packages/airflow/example_dags/example_skip_dag.py for tasks to queue
[2023-01-12T07:49:17.993+0000] {logging_mixin.py:137} INFO - [2023-01-12T07:49:17.993+0000] {dagbag.py:538} INFO - Filling up the DagBag from /home/airflow/.local/lib/python3.7/site-packages/airflow/example_dags/example_skip_dag.py
[2023-01-12T07:49:18.003+0000] {processor.py:753} INFO - DAG(s) dict_keys(['example_skip_dag']) retrieved from /home/airflow/.local/lib/python3.7/site-packages/airflow/example_dags/example_skip_dag.py
[2023-01-12T07:49:18.030+0000] {logging_mixin.py:137} INFO - [2023-01-12T07:49:18.030+0000] {dag.py:2676} INFO - Sync 1 DAGs
[2023-01-12T07:49:18.050+0000] {logging_mixin.py:137} INFO - [2023-01-12T07:49:18.050+0000] {dag.py:3427} INFO - Setting next_dagrun for example_skip_dag to 2023-01-11T07:49:18.050179+00:00, run_after=2023-01-12T07:49:18.050179+00:00
[2023-01-12T07:49:18.065+0000] {processor.py:175} INFO - Processing /home/airflow/.local/lib/python3.7/site-packages/airflow/example_dags/example_skip_dag.py took 0.078 seconds
[2023-01-12T07:49:48.878+0000] {processor.py:153} INFO - Started process (PID=1314) to work on /home/airflow/.local/lib/python3.7/site-packages/airflow/example_dags/example_skip_dag.py
[2023-01-12T07:49:48.880+0000] {processor.py:743} INFO - Processing file /home/airflow/.local/lib/python3.7/site-packages/airflow/example_dags/example_skip_dag.py for tasks to queue
[2023-01-12T07:49:48.882+0000] {logging_mixin.py:137} INFO - [2023-01-12T07:49:48.881+0000] {dagbag.py:538} INFO - Filling up the DagBag from /home/airflow/.local/lib/python3.7/site-packages/airflow/example_dags/example_skip_dag.py
[2023-01-12T07:49:48.897+0000] {processor.py:753} INFO - DAG(s) dict_keys(['example_skip_dag']) retrieved from /home/airflow/.local/lib/python3.7/site-packages/airflow/example_dags/example_skip_dag.py
[2023-01-12T07:49:48.947+0000] {logging_mixin.py:137} INFO - [2023-01-12T07:49:48.947+0000] {dag.py:2676} INFO - Sync 1 DAGs
[2023-01-12T07:49:48.983+0000] {logging_mixin.py:137} INFO - [2023-01-12T07:49:48.983+0000] {dag.py:3427} INFO - Setting next_dagrun for example_skip_dag to 2023-01-11T07:49:48.982764+00:00, run_after=2023-01-12T07:49:48.982764+00:00
[2023-01-12T07:49:49.000+0000] {processor.py:175} INFO - Processing /home/airflow/.local/lib/python3.7/site-packages/airflow/example_dags/example_skip_dag.py took 0.126 seconds
[2023-01-12T07:50:19.736+0000] {processor.py:153} INFO - Started process (PID=1382) to work on /home/airflow/.local/lib/python3.7/site-packages/airflow/example_dags/example_skip_dag.py
[2023-01-12T07:50:19.739+0000] {processor.py:743} INFO - Processing file /home/airflow/.local/lib/python3.7/site-packages/airflow/example_dags/example_skip_dag.py for tasks to queue
[2023-01-12T07:50:19.740+0000] {logging_mixin.py:137} INFO - [2023-01-12T07:50:19.740+0000] {dagbag.py:538} INFO - Filling up the DagBag from /home/airflow/.local/lib/python3.7/site-packages/airflow/example_dags/example_skip_dag.py
[2023-01-12T07:50:19.752+0000] {processor.py:753} INFO - DAG(s) dict_keys(['example_skip_dag']) retrieved from /home/airflow/.local/lib/python3.7/site-packages/airflow/example_dags/example_skip_dag.py
[2023-01-12T07:50:19.782+0000] {logging_mixin.py:137} INFO - [2023-01-12T07:50:19.782+0000] {dag.py:2676} INFO - Sync 1 DAGs
[2023-01-12T07:50:19.800+0000] {logging_mixin.py:137} INFO - [2023-01-12T07:50:19.800+0000] {dag.py:3427} INFO - Setting next_dagrun for example_skip_dag to 2023-01-11T07:50:19.800320+00:00, run_after=2023-01-12T07:50:19.800320+00:00
[2023-01-12T07:50:19.815+0000] {processor.py:175} INFO - Processing /home/airflow/.local/lib/python3.7/site-packages/airflow/example_dags/example_skip_dag.py took 0.081 seconds
[2023-01-12T07:50:50.630+0000] {processor.py:153} INFO - Started process (PID=1455) to work on /home/airflow/.local/lib/python3.7/site-packages/airflow/example_dags/example_skip_dag.py
[2023-01-12T07:50:50.634+0000] {processor.py:743} INFO - Processing file /home/airflow/.local/lib/python3.7/site-packages/airflow/example_dags/example_skip_dag.py for tasks to queue
[2023-01-12T07:50:50.636+0000] {logging_mixin.py:137} INFO - [2023-01-12T07:50:50.636+0000] {dagbag.py:538} INFO - Filling up the DagBag from /home/airflow/.local/lib/python3.7/site-packages/airflow/example_dags/example_skip_dag.py
[2023-01-12T07:50:50.652+0000] {processor.py:753} INFO - DAG(s) dict_keys(['example_skip_dag']) retrieved from /home/airflow/.local/lib/python3.7/site-packages/airflow/example_dags/example_skip_dag.py
[2023-01-12T07:50:50.688+0000] {logging_mixin.py:137} INFO - [2023-01-12T07:50:50.688+0000] {dag.py:2676} INFO - Sync 1 DAGs
[2023-01-12T07:50:50.711+0000] {logging_mixin.py:137} INFO - [2023-01-12T07:50:50.711+0000] {dag.py:3427} INFO - Setting next_dagrun for example_skip_dag to 2023-01-11T07:50:50.711098+00:00, run_after=2023-01-12T07:50:50.711098+00:00
[2023-01-12T07:50:50.735+0000] {processor.py:175} INFO - Processing /home/airflow/.local/lib/python3.7/site-packages/airflow/example_dags/example_skip_dag.py took 0.109 seconds
[2023-01-12T07:51:21.419+0000] {processor.py:153} INFO - Started process (PID=1516) to work on /home/airflow/.local/lib/python3.7/site-packages/airflow/example_dags/example_skip_dag.py
[2023-01-12T07:51:21.421+0000] {processor.py:743} INFO - Processing file /home/airflow/.local/lib/python3.7/site-packages/airflow/example_dags/example_skip_dag.py for tasks to queue
[2023-01-12T07:51:21.423+0000] {logging_mixin.py:137} INFO - [2023-01-12T07:51:21.422+0000] {dagbag.py:538} INFO - Filling up the DagBag from /home/airflow/.local/lib/python3.7/site-packages/airflow/example_dags/example_skip_dag.py
[2023-01-12T07:51:21.435+0000] {processor.py:753} INFO - DAG(s) dict_keys(['example_skip_dag']) retrieved from /home/airflow/.local/lib/python3.7/site-packages/airflow/example_dags/example_skip_dag.py
[2023-01-12T07:51:21.466+0000] {logging_mixin.py:137} INFO - [2023-01-12T07:51:21.465+0000] {dag.py:2676} INFO - Sync 1 DAGs
[2023-01-12T07:51:21.485+0000] {logging_mixin.py:137} INFO - [2023-01-12T07:51:21.485+0000] {dag.py:3427} INFO - Setting next_dagrun for example_skip_dag to 2023-01-11T07:51:21.485553+00:00, run_after=2023-01-12T07:51:21.485553+00:00
[2023-01-12T07:51:21.500+0000] {processor.py:175} INFO - Processing /home/airflow/.local/lib/python3.7/site-packages/airflow/example_dags/example_skip_dag.py took 0.084 seconds
[2023-01-12T07:51:52.377+0000] {processor.py:153} INFO - Started process (PID=1588) to work on /home/airflow/.local/lib/python3.7/site-packages/airflow/example_dags/example_skip_dag.py
[2023-01-12T07:51:52.380+0000] {processor.py:743} INFO - Processing file /home/airflow/.local/lib/python3.7/site-packages/airflow/example_dags/example_skip_dag.py for tasks to queue
[2023-01-12T07:51:52.382+0000] {logging_mixin.py:137} INFO - [2023-01-12T07:51:52.381+0000] {dagbag.py:538} INFO - Filling up the DagBag from /home/airflow/.local/lib/python3.7/site-packages/airflow/example_dags/example_skip_dag.py
[2023-01-12T07:51:52.395+0000] {processor.py:753} INFO - DAG(s) dict_keys(['example_skip_dag']) retrieved from /home/airflow/.local/lib/python3.7/site-packages/airflow/example_dags/example_skip_dag.py
[2023-01-12T07:51:52.426+0000] {logging_mixin.py:137} INFO - [2023-01-12T07:51:52.426+0000] {dag.py:2676} INFO - Sync 1 DAGs
[2023-01-12T07:51:52.446+0000] {logging_mixin.py:137} INFO - [2023-01-12T07:51:52.446+0000] {dag.py:3427} INFO - Setting next_dagrun for example_skip_dag to 2023-01-11T07:51:52.445914+00:00, run_after=2023-01-12T07:51:52.445914+00:00
[2023-01-12T07:51:52.463+0000] {processor.py:175} INFO - Processing /home/airflow/.local/lib/python3.7/site-packages/airflow/example_dags/example_skip_dag.py took 0.088 seconds
[2023-01-12T07:52:23.512+0000] {processor.py:153} INFO - Started process (PID=1663) to work on /home/airflow/.local/lib/python3.7/site-packages/airflow/example_dags/example_skip_dag.py
[2023-01-12T07:52:23.517+0000] {processor.py:743} INFO - Processing file /home/airflow/.local/lib/python3.7/site-packages/airflow/example_dags/example_skip_dag.py for tasks to queue
[2023-01-12T07:52:23.519+0000] {logging_mixin.py:137} INFO - [2023-01-12T07:52:23.519+0000] {dagbag.py:538} INFO - Filling up the DagBag from /home/airflow/.local/lib/python3.7/site-packages/airflow/example_dags/example_skip_dag.py
[2023-01-12T07:52:23.537+0000] {processor.py:753} INFO - DAG(s) dict_keys(['example_skip_dag']) retrieved from /home/airflow/.local/lib/python3.7/site-packages/airflow/example_dags/example_skip_dag.py
[2023-01-12T07:52:23.595+0000] {logging_mixin.py:137} INFO - [2023-01-12T07:52:23.595+0000] {dag.py:2676} INFO - Sync 1 DAGs
[2023-01-12T07:52:23.622+0000] {logging_mixin.py:137} INFO - [2023-01-12T07:52:23.622+0000] {dag.py:3427} INFO - Setting next_dagrun for example_skip_dag to 2023-01-11T07:52:23.621822+00:00, run_after=2023-01-12T07:52:23.621822+00:00
[2023-01-12T07:52:23.640+0000] {processor.py:175} INFO - Processing /home/airflow/.local/lib/python3.7/site-packages/airflow/example_dags/example_skip_dag.py took 0.134 seconds
[2023-01-12T07:52:54.180+0000] {processor.py:153} INFO - Started process (PID=1724) to work on /home/airflow/.local/lib/python3.7/site-packages/airflow/example_dags/example_skip_dag.py
[2023-01-12T07:52:54.183+0000] {processor.py:743} INFO - Processing file /home/airflow/.local/lib/python3.7/site-packages/airflow/example_dags/example_skip_dag.py for tasks to queue
[2023-01-12T07:52:54.184+0000] {logging_mixin.py:137} INFO - [2023-01-12T07:52:54.184+0000] {dagbag.py:538} INFO - Filling up the DagBag from /home/airflow/.local/lib/python3.7/site-packages/airflow/example_dags/example_skip_dag.py
[2023-01-12T07:52:54.197+0000] {processor.py:753} INFO - DAG(s) dict_keys(['example_skip_dag']) retrieved from /home/airflow/.local/lib/python3.7/site-packages/airflow/example_dags/example_skip_dag.py
[2023-01-12T07:52:54.238+0000] {logging_mixin.py:137} INFO - [2023-01-12T07:52:54.238+0000] {dag.py:2676} INFO - Sync 1 DAGs
[2023-01-12T07:52:54.258+0000] {logging_mixin.py:137} INFO - [2023-01-12T07:52:54.258+0000] {dag.py:3427} INFO - Setting next_dagrun for example_skip_dag to 2023-01-11T07:52:54.258436+00:00, run_after=2023-01-12T07:52:54.258436+00:00
[2023-01-12T07:52:54.280+0000] {processor.py:175} INFO - Processing /home/airflow/.local/lib/python3.7/site-packages/airflow/example_dags/example_skip_dag.py took 0.104 seconds
[2023-01-12T07:53:24.843+0000] {processor.py:153} INFO - Started process (PID=1797) to work on /home/airflow/.local/lib/python3.7/site-packages/airflow/example_dags/example_skip_dag.py
[2023-01-12T07:53:24.846+0000] {processor.py:743} INFO - Processing file /home/airflow/.local/lib/python3.7/site-packages/airflow/example_dags/example_skip_dag.py for tasks to queue
[2023-01-12T07:53:24.848+0000] {logging_mixin.py:137} INFO - [2023-01-12T07:53:24.848+0000] {dagbag.py:538} INFO - Filling up the DagBag from /home/airflow/.local/lib/python3.7/site-packages/airflow/example_dags/example_skip_dag.py
[2023-01-12T07:53:24.860+0000] {processor.py:753} INFO - DAG(s) dict_keys(['example_skip_dag']) retrieved from /home/airflow/.local/lib/python3.7/site-packages/airflow/example_dags/example_skip_dag.py
[2023-01-12T07:53:24.889+0000] {logging_mixin.py:137} INFO - [2023-01-12T07:53:24.888+0000] {dag.py:2676} INFO - Sync 1 DAGs
[2023-01-12T07:53:24.908+0000] {logging_mixin.py:137} INFO - [2023-01-12T07:53:24.908+0000] {dag.py:3427} INFO - Setting next_dagrun for example_skip_dag to 2023-01-11T07:53:24.908528+00:00, run_after=2023-01-12T07:53:24.908528+00:00
[2023-01-12T07:53:24.923+0000] {processor.py:175} INFO - Processing /home/airflow/.local/lib/python3.7/site-packages/airflow/example_dags/example_skip_dag.py took 0.083 seconds
[2023-01-12T07:53:55.245+0000] {processor.py:153} INFO - Started process (PID=1859) to work on /home/airflow/.local/lib/python3.7/site-packages/airflow/example_dags/example_skip_dag.py
[2023-01-12T07:53:55.247+0000] {processor.py:743} INFO - Processing file /home/airflow/.local/lib/python3.7/site-packages/airflow/example_dags/example_skip_dag.py for tasks to queue
[2023-01-12T07:53:55.248+0000] {logging_mixin.py:137} INFO - [2023-01-12T07:53:55.248+0000] {dagbag.py:538} INFO - Filling up the DagBag from /home/airflow/.local/lib/python3.7/site-packages/airflow/example_dags/example_skip_dag.py
[2023-01-12T07:53:55.259+0000] {processor.py:753} INFO - DAG(s) dict_keys(['example_skip_dag']) retrieved from /home/airflow/.local/lib/python3.7/site-packages/airflow/example_dags/example_skip_dag.py
[2023-01-12T07:53:55.292+0000] {logging_mixin.py:137} INFO - [2023-01-12T07:53:55.292+0000] {dag.py:2676} INFO - Sync 1 DAGs
[2023-01-12T07:53:55.312+0000] {logging_mixin.py:137} INFO - [2023-01-12T07:53:55.312+0000] {dag.py:3427} INFO - Setting next_dagrun for example_skip_dag to 2023-01-11T07:53:55.312603+00:00, run_after=2023-01-12T07:53:55.312603+00:00
[2023-01-12T07:53:55.329+0000] {processor.py:175} INFO - Processing /home/airflow/.local/lib/python3.7/site-packages/airflow/example_dags/example_skip_dag.py took 0.087 seconds
