[2023-01-12T07:27:06.825+0000] {processor.py:153} INFO - Started process (PID=56) to work on /home/airflow/.local/lib/python3.7/site-packages/airflow/example_dags/example_sla_dag.py
[2023-01-12T07:27:06.828+0000] {processor.py:743} INFO - Processing file /home/airflow/.local/lib/python3.7/site-packages/airflow/example_dags/example_sla_dag.py for tasks to queue
[2023-01-12T07:27:06.831+0000] {logging_mixin.py:137} INFO - [2023-01-12T07:27:06.831+0000] {dagbag.py:538} INFO - Filling up the DagBag from /home/airflow/.local/lib/python3.7/site-packages/airflow/example_dags/example_sla_dag.py
[2023-01-12T07:27:06.882+0000] {processor.py:753} INFO - DAG(s) dict_keys(['example_sla_dag']) retrieved from /home/airflow/.local/lib/python3.7/site-packages/airflow/example_dags/example_sla_dag.py
[2023-01-12T07:27:06.910+0000] {logging_mixin.py:137} INFO - [2023-01-12T07:27:06.909+0000] {dag.py:2676} INFO - Sync 1 DAGs
[2023-01-12T07:27:06.947+0000] {logging_mixin.py:137} INFO - [2023-01-12T07:27:06.947+0000] {dag.py:3427} INFO - Setting next_dagrun for example_sla_dag to 2023-01-12T07:24:00+00:00, run_after=2023-01-12T07:26:00+00:00
[2023-01-12T07:27:06.984+0000] {processor.py:175} INFO - Processing /home/airflow/.local/lib/python3.7/site-packages/airflow/example_dags/example_sla_dag.py took 0.163 seconds
[2023-01-12T07:27:37.079+0000] {processor.py:153} INFO - Started process (PID=130) to work on /home/airflow/.local/lib/python3.7/site-packages/airflow/example_dags/example_sla_dag.py
[2023-01-12T07:27:37.081+0000] {processor.py:743} INFO - Processing file /home/airflow/.local/lib/python3.7/site-packages/airflow/example_dags/example_sla_dag.py for tasks to queue
[2023-01-12T07:27:37.082+0000] {logging_mixin.py:137} INFO - [2023-01-12T07:27:37.082+0000] {dagbag.py:538} INFO - Filling up the DagBag from /home/airflow/.local/lib/python3.7/site-packages/airflow/example_dags/example_sla_dag.py
[2023-01-12T07:27:37.102+0000] {processor.py:753} INFO - DAG(s) dict_keys(['example_sla_dag']) retrieved from /home/airflow/.local/lib/python3.7/site-packages/airflow/example_dags/example_sla_dag.py
[2023-01-12T07:27:37.128+0000] {logging_mixin.py:137} INFO - [2023-01-12T07:27:37.128+0000] {dag.py:2676} INFO - Sync 1 DAGs
[2023-01-12T07:27:37.148+0000] {logging_mixin.py:137} INFO - [2023-01-12T07:27:37.148+0000] {dag.py:3427} INFO - Setting next_dagrun for example_sla_dag to 2023-01-12T07:24:00+00:00, run_after=2023-01-12T07:26:00+00:00
[2023-01-12T07:27:37.161+0000] {processor.py:175} INFO - Processing /home/airflow/.local/lib/python3.7/site-packages/airflow/example_dags/example_sla_dag.py took 0.085 seconds
[2023-01-12T07:28:08.051+0000] {processor.py:153} INFO - Started process (PID=202) to work on /home/airflow/.local/lib/python3.7/site-packages/airflow/example_dags/example_sla_dag.py
[2023-01-12T07:28:08.053+0000] {processor.py:743} INFO - Processing file /home/airflow/.local/lib/python3.7/site-packages/airflow/example_dags/example_sla_dag.py for tasks to queue
[2023-01-12T07:28:08.054+0000] {logging_mixin.py:137} INFO - [2023-01-12T07:28:08.054+0000] {dagbag.py:538} INFO - Filling up the DagBag from /home/airflow/.local/lib/python3.7/site-packages/airflow/example_dags/example_sla_dag.py
[2023-01-12T07:28:08.074+0000] {processor.py:753} INFO - DAG(s) dict_keys(['example_sla_dag']) retrieved from /home/airflow/.local/lib/python3.7/site-packages/airflow/example_dags/example_sla_dag.py
[2023-01-12T07:28:08.117+0000] {logging_mixin.py:137} INFO - [2023-01-12T07:28:08.117+0000] {dag.py:2676} INFO - Sync 1 DAGs
[2023-01-12T07:28:08.150+0000] {logging_mixin.py:137} INFO - [2023-01-12T07:28:08.150+0000] {dag.py:3427} INFO - Setting next_dagrun for example_sla_dag to 2023-01-12T07:26:00+00:00, run_after=2023-01-12T07:28:00+00:00
[2023-01-12T07:28:08.168+0000] {processor.py:175} INFO - Processing /home/airflow/.local/lib/python3.7/site-packages/airflow/example_dags/example_sla_dag.py took 0.120 seconds
[2023-01-12T07:28:38.462+0000] {processor.py:153} INFO - Started process (PID=264) to work on /home/airflow/.local/lib/python3.7/site-packages/airflow/example_dags/example_sla_dag.py
[2023-01-12T07:28:38.464+0000] {processor.py:743} INFO - Processing file /home/airflow/.local/lib/python3.7/site-packages/airflow/example_dags/example_sla_dag.py for tasks to queue
[2023-01-12T07:28:38.465+0000] {logging_mixin.py:137} INFO - [2023-01-12T07:28:38.465+0000] {dagbag.py:538} INFO - Filling up the DagBag from /home/airflow/.local/lib/python3.7/site-packages/airflow/example_dags/example_sla_dag.py
[2023-01-12T07:28:38.483+0000] {processor.py:753} INFO - DAG(s) dict_keys(['example_sla_dag']) retrieved from /home/airflow/.local/lib/python3.7/site-packages/airflow/example_dags/example_sla_dag.py
[2023-01-12T07:28:38.514+0000] {logging_mixin.py:137} INFO - [2023-01-12T07:28:38.514+0000] {dag.py:2676} INFO - Sync 1 DAGs
[2023-01-12T07:28:38.535+0000] {logging_mixin.py:137} INFO - [2023-01-12T07:28:38.535+0000] {dag.py:3427} INFO - Setting next_dagrun for example_sla_dag to 2023-01-12T07:26:00+00:00, run_after=2023-01-12T07:28:00+00:00
[2023-01-12T07:28:38.551+0000] {processor.py:175} INFO - Processing /home/airflow/.local/lib/python3.7/site-packages/airflow/example_dags/example_sla_dag.py took 0.092 seconds
[2023-01-12T07:29:09.175+0000] {processor.py:153} INFO - Started process (PID=338) to work on /home/airflow/.local/lib/python3.7/site-packages/airflow/example_dags/example_sla_dag.py
[2023-01-12T07:29:09.177+0000] {processor.py:743} INFO - Processing file /home/airflow/.local/lib/python3.7/site-packages/airflow/example_dags/example_sla_dag.py for tasks to queue
[2023-01-12T07:29:09.179+0000] {logging_mixin.py:137} INFO - [2023-01-12T07:29:09.178+0000] {dagbag.py:538} INFO - Filling up the DagBag from /home/airflow/.local/lib/python3.7/site-packages/airflow/example_dags/example_sla_dag.py
[2023-01-12T07:29:09.197+0000] {processor.py:753} INFO - DAG(s) dict_keys(['example_sla_dag']) retrieved from /home/airflow/.local/lib/python3.7/site-packages/airflow/example_dags/example_sla_dag.py
[2023-01-12T07:29:09.226+0000] {logging_mixin.py:137} INFO - [2023-01-12T07:29:09.226+0000] {dag.py:2676} INFO - Sync 1 DAGs
[2023-01-12T07:29:09.248+0000] {logging_mixin.py:137} INFO - [2023-01-12T07:29:09.247+0000] {dag.py:3427} INFO - Setting next_dagrun for example_sla_dag to 2023-01-12T07:26:00+00:00, run_after=2023-01-12T07:28:00+00:00
[2023-01-12T07:29:09.262+0000] {processor.py:175} INFO - Processing /home/airflow/.local/lib/python3.7/site-packages/airflow/example_dags/example_sla_dag.py took 0.090 seconds
[2023-01-12T07:29:39.931+0000] {processor.py:153} INFO - Started process (PID=409) to work on /home/airflow/.local/lib/python3.7/site-packages/airflow/example_dags/example_sla_dag.py
[2023-01-12T07:29:39.935+0000] {processor.py:743} INFO - Processing file /home/airflow/.local/lib/python3.7/site-packages/airflow/example_dags/example_sla_dag.py for tasks to queue
[2023-01-12T07:29:39.936+0000] {logging_mixin.py:137} INFO - [2023-01-12T07:29:39.936+0000] {dagbag.py:538} INFO - Filling up the DagBag from /home/airflow/.local/lib/python3.7/site-packages/airflow/example_dags/example_sla_dag.py
[2023-01-12T07:29:39.960+0000] {processor.py:753} INFO - DAG(s) dict_keys(['example_sla_dag']) retrieved from /home/airflow/.local/lib/python3.7/site-packages/airflow/example_dags/example_sla_dag.py
[2023-01-12T07:29:39.993+0000] {logging_mixin.py:137} INFO - [2023-01-12T07:29:39.993+0000] {dag.py:2676} INFO - Sync 1 DAGs
[2023-01-12T07:29:40.019+0000] {logging_mixin.py:137} INFO - [2023-01-12T07:29:40.019+0000] {dag.py:3427} INFO - Setting next_dagrun for example_sla_dag to 2023-01-12T07:26:00+00:00, run_after=2023-01-12T07:28:00+00:00
[2023-01-12T07:29:40.042+0000] {processor.py:175} INFO - Processing /home/airflow/.local/lib/python3.7/site-packages/airflow/example_dags/example_sla_dag.py took 0.113 seconds
[2023-01-12T07:30:10.553+0000] {processor.py:153} INFO - Started process (PID=475) to work on /home/airflow/.local/lib/python3.7/site-packages/airflow/example_dags/example_sla_dag.py
[2023-01-12T07:30:10.555+0000] {processor.py:743} INFO - Processing file /home/airflow/.local/lib/python3.7/site-packages/airflow/example_dags/example_sla_dag.py for tasks to queue
[2023-01-12T07:30:10.557+0000] {logging_mixin.py:137} INFO - [2023-01-12T07:30:10.557+0000] {dagbag.py:538} INFO - Filling up the DagBag from /home/airflow/.local/lib/python3.7/site-packages/airflow/example_dags/example_sla_dag.py
[2023-01-12T07:30:10.575+0000] {processor.py:753} INFO - DAG(s) dict_keys(['example_sla_dag']) retrieved from /home/airflow/.local/lib/python3.7/site-packages/airflow/example_dags/example_sla_dag.py
[2023-01-12T07:30:10.605+0000] {logging_mixin.py:137} INFO - [2023-01-12T07:30:10.605+0000] {dag.py:2676} INFO - Sync 1 DAGs
[2023-01-12T07:30:10.630+0000] {logging_mixin.py:137} INFO - [2023-01-12T07:30:10.630+0000] {dag.py:3427} INFO - Setting next_dagrun for example_sla_dag to 2023-01-12T07:28:00+00:00, run_after=2023-01-12T07:30:00+00:00
[2023-01-12T07:30:10.649+0000] {processor.py:175} INFO - Processing /home/airflow/.local/lib/python3.7/site-packages/airflow/example_dags/example_sla_dag.py took 0.099 seconds
[2023-01-12T07:30:41.335+0000] {processor.py:153} INFO - Started process (PID=550) to work on /home/airflow/.local/lib/python3.7/site-packages/airflow/example_dags/example_sla_dag.py
[2023-01-12T07:30:41.337+0000] {processor.py:743} INFO - Processing file /home/airflow/.local/lib/python3.7/site-packages/airflow/example_dags/example_sla_dag.py for tasks to queue
[2023-01-12T07:30:41.338+0000] {logging_mixin.py:137} INFO - [2023-01-12T07:30:41.338+0000] {dagbag.py:538} INFO - Filling up the DagBag from /home/airflow/.local/lib/python3.7/site-packages/airflow/example_dags/example_sla_dag.py
[2023-01-12T07:30:41.354+0000] {processor.py:753} INFO - DAG(s) dict_keys(['example_sla_dag']) retrieved from /home/airflow/.local/lib/python3.7/site-packages/airflow/example_dags/example_sla_dag.py
[2023-01-12T07:30:41.385+0000] {logging_mixin.py:137} INFO - [2023-01-12T07:30:41.385+0000] {dag.py:2676} INFO - Sync 1 DAGs
[2023-01-12T07:30:41.406+0000] {logging_mixin.py:137} INFO - [2023-01-12T07:30:41.406+0000] {dag.py:3427} INFO - Setting next_dagrun for example_sla_dag to 2023-01-12T07:28:00+00:00, run_after=2023-01-12T07:30:00+00:00
[2023-01-12T07:30:41.422+0000] {processor.py:175} INFO - Processing /home/airflow/.local/lib/python3.7/site-packages/airflow/example_dags/example_sla_dag.py took 0.090 seconds
[2023-01-12T07:31:11.854+0000] {processor.py:153} INFO - Started process (PID=611) to work on /home/airflow/.local/lib/python3.7/site-packages/airflow/example_dags/example_sla_dag.py
[2023-01-12T07:31:11.856+0000] {processor.py:743} INFO - Processing file /home/airflow/.local/lib/python3.7/site-packages/airflow/example_dags/example_sla_dag.py for tasks to queue
[2023-01-12T07:31:11.857+0000] {logging_mixin.py:137} INFO - [2023-01-12T07:31:11.857+0000] {dagbag.py:538} INFO - Filling up the DagBag from /home/airflow/.local/lib/python3.7/site-packages/airflow/example_dags/example_sla_dag.py
[2023-01-12T07:31:11.875+0000] {processor.py:753} INFO - DAG(s) dict_keys(['example_sla_dag']) retrieved from /home/airflow/.local/lib/python3.7/site-packages/airflow/example_dags/example_sla_dag.py
[2023-01-12T07:31:11.904+0000] {logging_mixin.py:137} INFO - [2023-01-12T07:31:11.904+0000] {dag.py:2676} INFO - Sync 1 DAGs
[2023-01-12T07:31:11.927+0000] {logging_mixin.py:137} INFO - [2023-01-12T07:31:11.927+0000] {dag.py:3427} INFO - Setting next_dagrun for example_sla_dag to 2023-01-12T07:28:00+00:00, run_after=2023-01-12T07:30:00+00:00
[2023-01-12T07:31:11.942+0000] {processor.py:175} INFO - Processing /home/airflow/.local/lib/python3.7/site-packages/airflow/example_dags/example_sla_dag.py took 0.091 seconds
[2023-01-12T07:31:42.633+0000] {processor.py:153} INFO - Started process (PID=685) to work on /home/airflow/.local/lib/python3.7/site-packages/airflow/example_dags/example_sla_dag.py
[2023-01-12T07:31:42.634+0000] {processor.py:743} INFO - Processing file /home/airflow/.local/lib/python3.7/site-packages/airflow/example_dags/example_sla_dag.py for tasks to queue
[2023-01-12T07:31:42.635+0000] {logging_mixin.py:137} INFO - [2023-01-12T07:31:42.635+0000] {dagbag.py:538} INFO - Filling up the DagBag from /home/airflow/.local/lib/python3.7/site-packages/airflow/example_dags/example_sla_dag.py
[2023-01-12T07:31:42.652+0000] {processor.py:753} INFO - DAG(s) dict_keys(['example_sla_dag']) retrieved from /home/airflow/.local/lib/python3.7/site-packages/airflow/example_dags/example_sla_dag.py
[2023-01-12T07:31:42.680+0000] {logging_mixin.py:137} INFO - [2023-01-12T07:31:42.680+0000] {dag.py:2676} INFO - Sync 1 DAGs
[2023-01-12T07:31:42.701+0000] {logging_mixin.py:137} INFO - [2023-01-12T07:31:42.701+0000] {dag.py:3427} INFO - Setting next_dagrun for example_sla_dag to 2023-01-12T07:28:00+00:00, run_after=2023-01-12T07:30:00+00:00
[2023-01-12T07:31:42.715+0000] {processor.py:175} INFO - Processing /home/airflow/.local/lib/python3.7/site-packages/airflow/example_dags/example_sla_dag.py took 0.084 seconds
[2023-01-12T07:32:13.534+0000] {processor.py:153} INFO - Started process (PID=759) to work on /home/airflow/.local/lib/python3.7/site-packages/airflow/example_dags/example_sla_dag.py
[2023-01-12T07:32:13.536+0000] {processor.py:743} INFO - Processing file /home/airflow/.local/lib/python3.7/site-packages/airflow/example_dags/example_sla_dag.py for tasks to queue
[2023-01-12T07:32:13.538+0000] {logging_mixin.py:137} INFO - [2023-01-12T07:32:13.538+0000] {dagbag.py:538} INFO - Filling up the DagBag from /home/airflow/.local/lib/python3.7/site-packages/airflow/example_dags/example_sla_dag.py
[2023-01-12T07:32:13.554+0000] {processor.py:753} INFO - DAG(s) dict_keys(['example_sla_dag']) retrieved from /home/airflow/.local/lib/python3.7/site-packages/airflow/example_dags/example_sla_dag.py
[2023-01-12T07:32:13.584+0000] {logging_mixin.py:137} INFO - [2023-01-12T07:32:13.584+0000] {dag.py:2676} INFO - Sync 1 DAGs
[2023-01-12T07:32:13.605+0000] {logging_mixin.py:137} INFO - [2023-01-12T07:32:13.605+0000] {dag.py:3427} INFO - Setting next_dagrun for example_sla_dag to 2023-01-12T07:30:00+00:00, run_after=2023-01-12T07:32:00+00:00
[2023-01-12T07:32:13.618+0000] {processor.py:175} INFO - Processing /home/airflow/.local/lib/python3.7/site-packages/airflow/example_dags/example_sla_dag.py took 0.086 seconds
[2023-01-12T07:32:44.058+0000] {processor.py:153} INFO - Started process (PID=820) to work on /home/airflow/.local/lib/python3.7/site-packages/airflow/example_dags/example_sla_dag.py
[2023-01-12T07:32:44.059+0000] {processor.py:743} INFO - Processing file /home/airflow/.local/lib/python3.7/site-packages/airflow/example_dags/example_sla_dag.py for tasks to queue
[2023-01-12T07:32:44.060+0000] {logging_mixin.py:137} INFO - [2023-01-12T07:32:44.060+0000] {dagbag.py:538} INFO - Filling up the DagBag from /home/airflow/.local/lib/python3.7/site-packages/airflow/example_dags/example_sla_dag.py
[2023-01-12T07:32:44.077+0000] {processor.py:753} INFO - DAG(s) dict_keys(['example_sla_dag']) retrieved from /home/airflow/.local/lib/python3.7/site-packages/airflow/example_dags/example_sla_dag.py
[2023-01-12T07:32:44.105+0000] {logging_mixin.py:137} INFO - [2023-01-12T07:32:44.105+0000] {dag.py:2676} INFO - Sync 1 DAGs
[2023-01-12T07:32:44.126+0000] {logging_mixin.py:137} INFO - [2023-01-12T07:32:44.125+0000] {dag.py:3427} INFO - Setting next_dagrun for example_sla_dag to 2023-01-12T07:30:00+00:00, run_after=2023-01-12T07:32:00+00:00
[2023-01-12T07:32:44.139+0000] {processor.py:175} INFO - Processing /home/airflow/.local/lib/python3.7/site-packages/airflow/example_dags/example_sla_dag.py took 0.085 seconds
[2023-01-12T07:33:14.553+0000] {processor.py:153} INFO - Started process (PID=893) to work on /home/airflow/.local/lib/python3.7/site-packages/airflow/example_dags/example_sla_dag.py
[2023-01-12T07:33:14.555+0000] {processor.py:743} INFO - Processing file /home/airflow/.local/lib/python3.7/site-packages/airflow/example_dags/example_sla_dag.py for tasks to queue
[2023-01-12T07:33:14.556+0000] {logging_mixin.py:137} INFO - [2023-01-12T07:33:14.556+0000] {dagbag.py:538} INFO - Filling up the DagBag from /home/airflow/.local/lib/python3.7/site-packages/airflow/example_dags/example_sla_dag.py
[2023-01-12T07:33:14.574+0000] {processor.py:753} INFO - DAG(s) dict_keys(['example_sla_dag']) retrieved from /home/airflow/.local/lib/python3.7/site-packages/airflow/example_dags/example_sla_dag.py
[2023-01-12T07:33:14.605+0000] {logging_mixin.py:137} INFO - [2023-01-12T07:33:14.604+0000] {dag.py:2676} INFO - Sync 1 DAGs
[2023-01-12T07:33:14.627+0000] {logging_mixin.py:137} INFO - [2023-01-12T07:33:14.627+0000] {dag.py:3427} INFO - Setting next_dagrun for example_sla_dag to 2023-01-12T07:30:00+00:00, run_after=2023-01-12T07:32:00+00:00
[2023-01-12T07:33:14.642+0000] {processor.py:175} INFO - Processing /home/airflow/.local/lib/python3.7/site-packages/airflow/example_dags/example_sla_dag.py took 0.091 seconds
[2023-01-12T07:33:45.167+0000] {processor.py:153} INFO - Started process (PID=964) to work on /home/airflow/.local/lib/python3.7/site-packages/airflow/example_dags/example_sla_dag.py
[2023-01-12T07:33:45.169+0000] {processor.py:743} INFO - Processing file /home/airflow/.local/lib/python3.7/site-packages/airflow/example_dags/example_sla_dag.py for tasks to queue
[2023-01-12T07:33:45.171+0000] {logging_mixin.py:137} INFO - [2023-01-12T07:33:45.170+0000] {dagbag.py:538} INFO - Filling up the DagBag from /home/airflow/.local/lib/python3.7/site-packages/airflow/example_dags/example_sla_dag.py
[2023-01-12T07:33:45.192+0000] {processor.py:753} INFO - DAG(s) dict_keys(['example_sla_dag']) retrieved from /home/airflow/.local/lib/python3.7/site-packages/airflow/example_dags/example_sla_dag.py
[2023-01-12T07:33:45.224+0000] {logging_mixin.py:137} INFO - [2023-01-12T07:33:45.223+0000] {dag.py:2676} INFO - Sync 1 DAGs
[2023-01-12T07:33:45.258+0000] {logging_mixin.py:137} INFO - [2023-01-12T07:33:45.256+0000] {dag.py:3427} INFO - Setting next_dagrun for example_sla_dag to 2023-01-12T07:30:00+00:00, run_after=2023-01-12T07:32:00+00:00
[2023-01-12T07:33:45.292+0000] {processor.py:175} INFO - Processing /home/airflow/.local/lib/python3.7/site-packages/airflow/example_dags/example_sla_dag.py took 0.128 seconds
[2023-01-12T07:34:16.153+0000] {processor.py:153} INFO - Started process (PID=1027) to work on /home/airflow/.local/lib/python3.7/site-packages/airflow/example_dags/example_sla_dag.py
[2023-01-12T07:34:16.154+0000] {processor.py:743} INFO - Processing file /home/airflow/.local/lib/python3.7/site-packages/airflow/example_dags/example_sla_dag.py for tasks to queue
[2023-01-12T07:34:16.155+0000] {logging_mixin.py:137} INFO - [2023-01-12T07:34:16.155+0000] {dagbag.py:538} INFO - Filling up the DagBag from /home/airflow/.local/lib/python3.7/site-packages/airflow/example_dags/example_sla_dag.py
[2023-01-12T07:34:16.174+0000] {processor.py:753} INFO - DAG(s) dict_keys(['example_sla_dag']) retrieved from /home/airflow/.local/lib/python3.7/site-packages/airflow/example_dags/example_sla_dag.py
[2023-01-12T07:34:16.201+0000] {logging_mixin.py:137} INFO - [2023-01-12T07:34:16.200+0000] {dag.py:2676} INFO - Sync 1 DAGs
[2023-01-12T07:34:16.220+0000] {logging_mixin.py:137} INFO - [2023-01-12T07:34:16.220+0000] {dag.py:3427} INFO - Setting next_dagrun for example_sla_dag to 2023-01-12T07:32:00+00:00, run_after=2023-01-12T07:34:00+00:00
[2023-01-12T07:34:16.234+0000] {processor.py:175} INFO - Processing /home/airflow/.local/lib/python3.7/site-packages/airflow/example_dags/example_sla_dag.py took 0.083 seconds
[2023-01-12T07:34:46.747+0000] {processor.py:153} INFO - Started process (PID=1100) to work on /home/airflow/.local/lib/python3.7/site-packages/airflow/example_dags/example_sla_dag.py
[2023-01-12T07:34:46.749+0000] {processor.py:743} INFO - Processing file /home/airflow/.local/lib/python3.7/site-packages/airflow/example_dags/example_sla_dag.py for tasks to queue
[2023-01-12T07:34:46.751+0000] {logging_mixin.py:137} INFO - [2023-01-12T07:34:46.751+0000] {dagbag.py:538} INFO - Filling up the DagBag from /home/airflow/.local/lib/python3.7/site-packages/airflow/example_dags/example_sla_dag.py
[2023-01-12T07:34:46.767+0000] {processor.py:753} INFO - DAG(s) dict_keys(['example_sla_dag']) retrieved from /home/airflow/.local/lib/python3.7/site-packages/airflow/example_dags/example_sla_dag.py
[2023-01-12T07:34:46.797+0000] {logging_mixin.py:137} INFO - [2023-01-12T07:34:46.797+0000] {dag.py:2676} INFO - Sync 1 DAGs
[2023-01-12T07:34:46.815+0000] {logging_mixin.py:137} INFO - [2023-01-12T07:34:46.815+0000] {dag.py:3427} INFO - Setting next_dagrun for example_sla_dag to 2023-01-12T07:32:00+00:00, run_after=2023-01-12T07:34:00+00:00
[2023-01-12T07:34:46.829+0000] {processor.py:175} INFO - Processing /home/airflow/.local/lib/python3.7/site-packages/airflow/example_dags/example_sla_dag.py took 0.084 seconds
[2023-01-12T07:35:17.785+0000] {processor.py:153} INFO - Started process (PID=1161) to work on /home/airflow/.local/lib/python3.7/site-packages/airflow/example_dags/example_sla_dag.py
[2023-01-12T07:35:17.786+0000] {processor.py:743} INFO - Processing file /home/airflow/.local/lib/python3.7/site-packages/airflow/example_dags/example_sla_dag.py for tasks to queue
[2023-01-12T07:35:17.788+0000] {logging_mixin.py:137} INFO - [2023-01-12T07:35:17.788+0000] {dagbag.py:538} INFO - Filling up the DagBag from /home/airflow/.local/lib/python3.7/site-packages/airflow/example_dags/example_sla_dag.py
[2023-01-12T07:35:17.806+0000] {processor.py:753} INFO - DAG(s) dict_keys(['example_sla_dag']) retrieved from /home/airflow/.local/lib/python3.7/site-packages/airflow/example_dags/example_sla_dag.py
[2023-01-12T07:35:17.834+0000] {logging_mixin.py:137} INFO - [2023-01-12T07:35:17.834+0000] {dag.py:2676} INFO - Sync 1 DAGs
[2023-01-12T07:35:17.865+0000] {logging_mixin.py:137} INFO - [2023-01-12T07:35:17.864+0000] {dag.py:3427} INFO - Setting next_dagrun for example_sla_dag to 2023-01-12T07:32:00+00:00, run_after=2023-01-12T07:34:00+00:00
[2023-01-12T07:35:17.879+0000] {processor.py:175} INFO - Processing /home/airflow/.local/lib/python3.7/site-packages/airflow/example_dags/example_sla_dag.py took 0.097 seconds
[2023-01-12T07:35:48.505+0000] {processor.py:153} INFO - Started process (PID=1235) to work on /home/airflow/.local/lib/python3.7/site-packages/airflow/example_dags/example_sla_dag.py
[2023-01-12T07:35:48.508+0000] {processor.py:743} INFO - Processing file /home/airflow/.local/lib/python3.7/site-packages/airflow/example_dags/example_sla_dag.py for tasks to queue
[2023-01-12T07:35:48.510+0000] {logging_mixin.py:137} INFO - [2023-01-12T07:35:48.509+0000] {dagbag.py:538} INFO - Filling up the DagBag from /home/airflow/.local/lib/python3.7/site-packages/airflow/example_dags/example_sla_dag.py
[2023-01-12T07:35:48.528+0000] {processor.py:753} INFO - DAG(s) dict_keys(['example_sla_dag']) retrieved from /home/airflow/.local/lib/python3.7/site-packages/airflow/example_dags/example_sla_dag.py
[2023-01-12T07:35:48.557+0000] {logging_mixin.py:137} INFO - [2023-01-12T07:35:48.557+0000] {dag.py:2676} INFO - Sync 1 DAGs
[2023-01-12T07:35:48.578+0000] {logging_mixin.py:137} INFO - [2023-01-12T07:35:48.578+0000] {dag.py:3427} INFO - Setting next_dagrun for example_sla_dag to 2023-01-12T07:32:00+00:00, run_after=2023-01-12T07:34:00+00:00
[2023-01-12T07:35:48.592+0000] {processor.py:175} INFO - Processing /home/airflow/.local/lib/python3.7/site-packages/airflow/example_dags/example_sla_dag.py took 0.090 seconds
[2023-01-12T07:36:19.182+0000] {processor.py:153} INFO - Started process (PID=1310) to work on /home/airflow/.local/lib/python3.7/site-packages/airflow/example_dags/example_sla_dag.py
[2023-01-12T07:36:19.183+0000] {processor.py:743} INFO - Processing file /home/airflow/.local/lib/python3.7/site-packages/airflow/example_dags/example_sla_dag.py for tasks to queue
[2023-01-12T07:36:19.185+0000] {logging_mixin.py:137} INFO - [2023-01-12T07:36:19.185+0000] {dagbag.py:538} INFO - Filling up the DagBag from /home/airflow/.local/lib/python3.7/site-packages/airflow/example_dags/example_sla_dag.py
[2023-01-12T07:36:19.207+0000] {processor.py:753} INFO - DAG(s) dict_keys(['example_sla_dag']) retrieved from /home/airflow/.local/lib/python3.7/site-packages/airflow/example_dags/example_sla_dag.py
[2023-01-12T07:36:19.239+0000] {logging_mixin.py:137} INFO - [2023-01-12T07:36:19.239+0000] {dag.py:2676} INFO - Sync 1 DAGs
[2023-01-12T07:36:19.260+0000] {logging_mixin.py:137} INFO - [2023-01-12T07:36:19.259+0000] {dag.py:3427} INFO - Setting next_dagrun for example_sla_dag to 2023-01-12T07:34:00+00:00, run_after=2023-01-12T07:36:00+00:00
[2023-01-12T07:36:19.276+0000] {processor.py:175} INFO - Processing /home/airflow/.local/lib/python3.7/site-packages/airflow/example_dags/example_sla_dag.py took 0.097 seconds
[2023-01-12T07:37:20.184+0000] {processor.py:153} INFO - Started process (PID=56) to work on /home/airflow/.local/lib/python3.7/site-packages/airflow/example_dags/example_sla_dag.py
[2023-01-12T07:37:20.191+0000] {processor.py:743} INFO - Processing file /home/airflow/.local/lib/python3.7/site-packages/airflow/example_dags/example_sla_dag.py for tasks to queue
[2023-01-12T07:37:20.195+0000] {logging_mixin.py:137} INFO - [2023-01-12T07:37:20.195+0000] {dagbag.py:538} INFO - Filling up the DagBag from /home/airflow/.local/lib/python3.7/site-packages/airflow/example_dags/example_sla_dag.py
[2023-01-12T07:37:20.225+0000] {processor.py:753} INFO - DAG(s) dict_keys(['example_sla_dag']) retrieved from /home/airflow/.local/lib/python3.7/site-packages/airflow/example_dags/example_sla_dag.py
[2023-01-12T07:37:20.254+0000] {logging_mixin.py:137} INFO - [2023-01-12T07:37:20.254+0000] {dag.py:2676} INFO - Sync 1 DAGs
[2023-01-12T07:37:20.281+0000] {logging_mixin.py:137} INFO - [2023-01-12T07:37:20.281+0000] {dag.py:3427} INFO - Setting next_dagrun for example_sla_dag to 2023-01-12T07:34:00+00:00, run_after=2023-01-12T07:36:00+00:00
[2023-01-12T07:37:20.298+0000] {processor.py:175} INFO - Processing /home/airflow/.local/lib/python3.7/site-packages/airflow/example_dags/example_sla_dag.py took 0.118 seconds
[2023-01-12T07:37:50.694+0000] {processor.py:153} INFO - Started process (PID=130) to work on /home/airflow/.local/lib/python3.7/site-packages/airflow/example_dags/example_sla_dag.py
[2023-01-12T07:37:50.696+0000] {processor.py:743} INFO - Processing file /home/airflow/.local/lib/python3.7/site-packages/airflow/example_dags/example_sla_dag.py for tasks to queue
[2023-01-12T07:37:50.698+0000] {logging_mixin.py:137} INFO - [2023-01-12T07:37:50.697+0000] {dagbag.py:538} INFO - Filling up the DagBag from /home/airflow/.local/lib/python3.7/site-packages/airflow/example_dags/example_sla_dag.py
[2023-01-12T07:37:50.718+0000] {processor.py:753} INFO - DAG(s) dict_keys(['example_sla_dag']) retrieved from /home/airflow/.local/lib/python3.7/site-packages/airflow/example_dags/example_sla_dag.py
[2023-01-12T07:37:50.746+0000] {logging_mixin.py:137} INFO - [2023-01-12T07:37:50.746+0000] {dag.py:2676} INFO - Sync 1 DAGs
[2023-01-12T07:37:50.766+0000] {logging_mixin.py:137} INFO - [2023-01-12T07:37:50.766+0000] {dag.py:3427} INFO - Setting next_dagrun for example_sla_dag to 2023-01-12T07:34:00+00:00, run_after=2023-01-12T07:36:00+00:00
[2023-01-12T07:37:50.782+0000] {processor.py:175} INFO - Processing /home/airflow/.local/lib/python3.7/site-packages/airflow/example_dags/example_sla_dag.py took 0.090 seconds
[2023-01-12T07:38:21.703+0000] {processor.py:153} INFO - Started process (PID=205) to work on /home/airflow/.local/lib/python3.7/site-packages/airflow/example_dags/example_sla_dag.py
[2023-01-12T07:38:21.704+0000] {processor.py:743} INFO - Processing file /home/airflow/.local/lib/python3.7/site-packages/airflow/example_dags/example_sla_dag.py for tasks to queue
[2023-01-12T07:38:21.706+0000] {logging_mixin.py:137} INFO - [2023-01-12T07:38:21.706+0000] {dagbag.py:538} INFO - Filling up the DagBag from /home/airflow/.local/lib/python3.7/site-packages/airflow/example_dags/example_sla_dag.py
[2023-01-12T07:38:21.725+0000] {processor.py:753} INFO - DAG(s) dict_keys(['example_sla_dag']) retrieved from /home/airflow/.local/lib/python3.7/site-packages/airflow/example_dags/example_sla_dag.py
[2023-01-12T07:38:21.764+0000] {logging_mixin.py:137} INFO - [2023-01-12T07:38:21.764+0000] {dag.py:2676} INFO - Sync 1 DAGs
[2023-01-12T07:38:21.788+0000] {logging_mixin.py:137} INFO - [2023-01-12T07:38:21.788+0000] {dag.py:3427} INFO - Setting next_dagrun for example_sla_dag to 2023-01-12T07:36:00+00:00, run_after=2023-01-12T07:38:00+00:00
[2023-01-12T07:38:21.806+0000] {processor.py:175} INFO - Processing /home/airflow/.local/lib/python3.7/site-packages/airflow/example_dags/example_sla_dag.py took 0.106 seconds
[2023-01-12T07:38:52.155+0000] {processor.py:153} INFO - Started process (PID=267) to work on /home/airflow/.local/lib/python3.7/site-packages/airflow/example_dags/example_sla_dag.py
[2023-01-12T07:38:52.157+0000] {processor.py:743} INFO - Processing file /home/airflow/.local/lib/python3.7/site-packages/airflow/example_dags/example_sla_dag.py for tasks to queue
[2023-01-12T07:38:52.159+0000] {logging_mixin.py:137} INFO - [2023-01-12T07:38:52.159+0000] {dagbag.py:538} INFO - Filling up the DagBag from /home/airflow/.local/lib/python3.7/site-packages/airflow/example_dags/example_sla_dag.py
[2023-01-12T07:38:52.178+0000] {processor.py:753} INFO - DAG(s) dict_keys(['example_sla_dag']) retrieved from /home/airflow/.local/lib/python3.7/site-packages/airflow/example_dags/example_sla_dag.py
[2023-01-12T07:38:52.207+0000] {logging_mixin.py:137} INFO - [2023-01-12T07:38:52.207+0000] {dag.py:2676} INFO - Sync 1 DAGs
[2023-01-12T07:38:52.229+0000] {logging_mixin.py:137} INFO - [2023-01-12T07:38:52.229+0000] {dag.py:3427} INFO - Setting next_dagrun for example_sla_dag to 2023-01-12T07:36:00+00:00, run_after=2023-01-12T07:38:00+00:00
[2023-01-12T07:38:52.246+0000] {processor.py:175} INFO - Processing /home/airflow/.local/lib/python3.7/site-packages/airflow/example_dags/example_sla_dag.py took 0.093 seconds
[2023-01-12T07:39:22.760+0000] {processor.py:153} INFO - Started process (PID=341) to work on /home/airflow/.local/lib/python3.7/site-packages/airflow/example_dags/example_sla_dag.py
[2023-01-12T07:39:22.763+0000] {processor.py:743} INFO - Processing file /home/airflow/.local/lib/python3.7/site-packages/airflow/example_dags/example_sla_dag.py for tasks to queue
[2023-01-12T07:39:22.764+0000] {logging_mixin.py:137} INFO - [2023-01-12T07:39:22.764+0000] {dagbag.py:538} INFO - Filling up the DagBag from /home/airflow/.local/lib/python3.7/site-packages/airflow/example_dags/example_sla_dag.py
[2023-01-12T07:39:22.782+0000] {processor.py:753} INFO - DAG(s) dict_keys(['example_sla_dag']) retrieved from /home/airflow/.local/lib/python3.7/site-packages/airflow/example_dags/example_sla_dag.py
[2023-01-12T07:39:22.813+0000] {logging_mixin.py:137} INFO - [2023-01-12T07:39:22.813+0000] {dag.py:2676} INFO - Sync 1 DAGs
[2023-01-12T07:39:22.833+0000] {logging_mixin.py:137} INFO - [2023-01-12T07:39:22.833+0000] {dag.py:3427} INFO - Setting next_dagrun for example_sla_dag to 2023-01-12T07:36:00+00:00, run_after=2023-01-12T07:38:00+00:00
[2023-01-12T07:39:22.850+0000] {processor.py:175} INFO - Processing /home/airflow/.local/lib/python3.7/site-packages/airflow/example_dags/example_sla_dag.py took 0.092 seconds
[2023-01-12T07:40:37.494+0000] {processor.py:153} INFO - Started process (PID=56) to work on /home/airflow/.local/lib/python3.7/site-packages/airflow/example_dags/example_sla_dag.py
[2023-01-12T07:40:37.496+0000] {processor.py:743} INFO - Processing file /home/airflow/.local/lib/python3.7/site-packages/airflow/example_dags/example_sla_dag.py for tasks to queue
[2023-01-12T07:40:37.498+0000] {logging_mixin.py:137} INFO - [2023-01-12T07:40:37.498+0000] {dagbag.py:538} INFO - Filling up the DagBag from /home/airflow/.local/lib/python3.7/site-packages/airflow/example_dags/example_sla_dag.py
[2023-01-12T07:40:37.523+0000] {processor.py:753} INFO - DAG(s) dict_keys(['example_sla_dag']) retrieved from /home/airflow/.local/lib/python3.7/site-packages/airflow/example_dags/example_sla_dag.py
[2023-01-12T07:40:37.571+0000] {logging_mixin.py:137} INFO - [2023-01-12T07:40:37.571+0000] {dag.py:2676} INFO - Sync 1 DAGs
[2023-01-12T07:40:37.609+0000] {logging_mixin.py:137} INFO - [2023-01-12T07:40:37.609+0000] {dag.py:3427} INFO - Setting next_dagrun for example_sla_dag to 2023-01-12T07:38:00+00:00, run_after=2023-01-12T07:40:00+00:00
[2023-01-12T07:40:37.629+0000] {processor.py:175} INFO - Processing /home/airflow/.local/lib/python3.7/site-packages/airflow/example_dags/example_sla_dag.py took 0.139 seconds
[2023-01-12T07:41:07.694+0000] {processor.py:153} INFO - Started process (PID=133) to work on /home/airflow/.local/lib/python3.7/site-packages/airflow/example_dags/example_sla_dag.py
[2023-01-12T07:41:07.695+0000] {processor.py:743} INFO - Processing file /home/airflow/.local/lib/python3.7/site-packages/airflow/example_dags/example_sla_dag.py for tasks to queue
[2023-01-12T07:41:07.697+0000] {logging_mixin.py:137} INFO - [2023-01-12T07:41:07.697+0000] {dagbag.py:538} INFO - Filling up the DagBag from /home/airflow/.local/lib/python3.7/site-packages/airflow/example_dags/example_sla_dag.py
[2023-01-12T07:41:07.718+0000] {processor.py:753} INFO - DAG(s) dict_keys(['example_sla_dag']) retrieved from /home/airflow/.local/lib/python3.7/site-packages/airflow/example_dags/example_sla_dag.py
[2023-01-12T07:41:07.747+0000] {logging_mixin.py:137} INFO - [2023-01-12T07:41:07.747+0000] {dag.py:2676} INFO - Sync 1 DAGs
[2023-01-12T07:41:07.766+0000] {logging_mixin.py:137} INFO - [2023-01-12T07:41:07.766+0000] {dag.py:3427} INFO - Setting next_dagrun for example_sla_dag to 2023-01-12T07:38:00+00:00, run_after=2023-01-12T07:40:00+00:00
[2023-01-12T07:41:07.779+0000] {processor.py:175} INFO - Processing /home/airflow/.local/lib/python3.7/site-packages/airflow/example_dags/example_sla_dag.py took 0.088 seconds
[2023-01-12T07:41:37.979+0000] {processor.py:153} INFO - Started process (PID=203) to work on /home/airflow/.local/lib/python3.7/site-packages/airflow/example_dags/example_sla_dag.py
[2023-01-12T07:41:37.981+0000] {processor.py:743} INFO - Processing file /home/airflow/.local/lib/python3.7/site-packages/airflow/example_dags/example_sla_dag.py for tasks to queue
[2023-01-12T07:41:37.983+0000] {logging_mixin.py:137} INFO - [2023-01-12T07:41:37.983+0000] {dagbag.py:538} INFO - Filling up the DagBag from /home/airflow/.local/lib/python3.7/site-packages/airflow/example_dags/example_sla_dag.py
[2023-01-12T07:41:38.003+0000] {processor.py:753} INFO - DAG(s) dict_keys(['example_sla_dag']) retrieved from /home/airflow/.local/lib/python3.7/site-packages/airflow/example_dags/example_sla_dag.py
[2023-01-12T07:41:38.037+0000] {logging_mixin.py:137} INFO - [2023-01-12T07:41:38.037+0000] {dag.py:2676} INFO - Sync 1 DAGs
[2023-01-12T07:41:38.062+0000] {logging_mixin.py:137} INFO - [2023-01-12T07:41:38.062+0000] {dag.py:3427} INFO - Setting next_dagrun for example_sla_dag to 2023-01-12T07:38:00+00:00, run_after=2023-01-12T07:40:00+00:00
[2023-01-12T07:41:38.078+0000] {processor.py:175} INFO - Processing /home/airflow/.local/lib/python3.7/site-packages/airflow/example_dags/example_sla_dag.py took 0.102 seconds
[2023-01-12T07:42:08.206+0000] {processor.py:153} INFO - Started process (PID=269) to work on /home/airflow/.local/lib/python3.7/site-packages/airflow/example_dags/example_sla_dag.py
[2023-01-12T07:42:08.208+0000] {processor.py:743} INFO - Processing file /home/airflow/.local/lib/python3.7/site-packages/airflow/example_dags/example_sla_dag.py for tasks to queue
[2023-01-12T07:42:08.209+0000] {logging_mixin.py:137} INFO - [2023-01-12T07:42:08.209+0000] {dagbag.py:538} INFO - Filling up the DagBag from /home/airflow/.local/lib/python3.7/site-packages/airflow/example_dags/example_sla_dag.py
[2023-01-12T07:42:08.227+0000] {processor.py:753} INFO - DAG(s) dict_keys(['example_sla_dag']) retrieved from /home/airflow/.local/lib/python3.7/site-packages/airflow/example_dags/example_sla_dag.py
[2023-01-12T07:42:08.255+0000] {logging_mixin.py:137} INFO - [2023-01-12T07:42:08.255+0000] {dag.py:2676} INFO - Sync 1 DAGs
[2023-01-12T07:42:08.273+0000] {logging_mixin.py:137} INFO - [2023-01-12T07:42:08.273+0000] {dag.py:3427} INFO - Setting next_dagrun for example_sla_dag to 2023-01-12T07:40:00+00:00, run_after=2023-01-12T07:42:00+00:00
[2023-01-12T07:42:08.287+0000] {processor.py:175} INFO - Processing /home/airflow/.local/lib/python3.7/site-packages/airflow/example_dags/example_sla_dag.py took 0.083 seconds
[2023-01-12T07:42:38.744+0000] {processor.py:153} INFO - Started process (PID=344) to work on /home/airflow/.local/lib/python3.7/site-packages/airflow/example_dags/example_sla_dag.py
[2023-01-12T07:42:38.746+0000] {processor.py:743} INFO - Processing file /home/airflow/.local/lib/python3.7/site-packages/airflow/example_dags/example_sla_dag.py for tasks to queue
[2023-01-12T07:42:38.747+0000] {logging_mixin.py:137} INFO - [2023-01-12T07:42:38.747+0000] {dagbag.py:538} INFO - Filling up the DagBag from /home/airflow/.local/lib/python3.7/site-packages/airflow/example_dags/example_sla_dag.py
[2023-01-12T07:42:38.764+0000] {processor.py:753} INFO - DAG(s) dict_keys(['example_sla_dag']) retrieved from /home/airflow/.local/lib/python3.7/site-packages/airflow/example_dags/example_sla_dag.py
[2023-01-12T07:42:38.793+0000] {logging_mixin.py:137} INFO - [2023-01-12T07:42:38.793+0000] {dag.py:2676} INFO - Sync 1 DAGs
[2023-01-12T07:42:38.815+0000] {logging_mixin.py:137} INFO - [2023-01-12T07:42:38.815+0000] {dag.py:3427} INFO - Setting next_dagrun for example_sla_dag to 2023-01-12T07:40:00+00:00, run_after=2023-01-12T07:42:00+00:00
[2023-01-12T07:42:38.828+0000] {processor.py:175} INFO - Processing /home/airflow/.local/lib/python3.7/site-packages/airflow/example_dags/example_sla_dag.py took 0.087 seconds
[2023-01-12T07:43:09.482+0000] {processor.py:153} INFO - Started process (PID=406) to work on /home/airflow/.local/lib/python3.7/site-packages/airflow/example_dags/example_sla_dag.py
[2023-01-12T07:43:09.484+0000] {processor.py:743} INFO - Processing file /home/airflow/.local/lib/python3.7/site-packages/airflow/example_dags/example_sla_dag.py for tasks to queue
[2023-01-12T07:43:09.486+0000] {logging_mixin.py:137} INFO - [2023-01-12T07:43:09.485+0000] {dagbag.py:538} INFO - Filling up the DagBag from /home/airflow/.local/lib/python3.7/site-packages/airflow/example_dags/example_sla_dag.py
[2023-01-12T07:43:09.504+0000] {processor.py:753} INFO - DAG(s) dict_keys(['example_sla_dag']) retrieved from /home/airflow/.local/lib/python3.7/site-packages/airflow/example_dags/example_sla_dag.py
[2023-01-12T07:43:09.532+0000] {logging_mixin.py:137} INFO - [2023-01-12T07:43:09.532+0000] {dag.py:2676} INFO - Sync 1 DAGs
[2023-01-12T07:43:09.553+0000] {logging_mixin.py:137} INFO - [2023-01-12T07:43:09.553+0000] {dag.py:3427} INFO - Setting next_dagrun for example_sla_dag to 2023-01-12T07:40:00+00:00, run_after=2023-01-12T07:42:00+00:00
[2023-01-12T07:43:09.567+0000] {processor.py:175} INFO - Processing /home/airflow/.local/lib/python3.7/site-packages/airflow/example_dags/example_sla_dag.py took 0.088 seconds
[2023-01-12T07:43:40.205+0000] {processor.py:153} INFO - Started process (PID=478) to work on /home/airflow/.local/lib/python3.7/site-packages/airflow/example_dags/example_sla_dag.py
[2023-01-12T07:43:40.207+0000] {processor.py:743} INFO - Processing file /home/airflow/.local/lib/python3.7/site-packages/airflow/example_dags/example_sla_dag.py for tasks to queue
[2023-01-12T07:43:40.208+0000] {logging_mixin.py:137} INFO - [2023-01-12T07:43:40.208+0000] {dagbag.py:538} INFO - Filling up the DagBag from /home/airflow/.local/lib/python3.7/site-packages/airflow/example_dags/example_sla_dag.py
[2023-01-12T07:43:40.227+0000] {processor.py:753} INFO - DAG(s) dict_keys(['example_sla_dag']) retrieved from /home/airflow/.local/lib/python3.7/site-packages/airflow/example_dags/example_sla_dag.py
[2023-01-12T07:43:40.257+0000] {logging_mixin.py:137} INFO - [2023-01-12T07:43:40.257+0000] {dag.py:2676} INFO - Sync 1 DAGs
[2023-01-12T07:43:40.276+0000] {logging_mixin.py:137} INFO - [2023-01-12T07:43:40.276+0000] {dag.py:3427} INFO - Setting next_dagrun for example_sla_dag to 2023-01-12T07:40:00+00:00, run_after=2023-01-12T07:42:00+00:00
[2023-01-12T07:43:40.293+0000] {processor.py:175} INFO - Processing /home/airflow/.local/lib/python3.7/site-packages/airflow/example_dags/example_sla_dag.py took 0.092 seconds
[2023-01-12T07:44:11.441+0000] {processor.py:153} INFO - Started process (PID=552) to work on /home/airflow/.local/lib/python3.7/site-packages/airflow/example_dags/example_sla_dag.py
[2023-01-12T07:44:11.443+0000] {processor.py:743} INFO - Processing file /home/airflow/.local/lib/python3.7/site-packages/airflow/example_dags/example_sla_dag.py for tasks to queue
[2023-01-12T07:44:11.446+0000] {logging_mixin.py:137} INFO - [2023-01-12T07:44:11.446+0000] {dagbag.py:538} INFO - Filling up the DagBag from /home/airflow/.local/lib/python3.7/site-packages/airflow/example_dags/example_sla_dag.py
[2023-01-12T07:44:11.463+0000] {processor.py:753} INFO - DAG(s) dict_keys(['example_sla_dag']) retrieved from /home/airflow/.local/lib/python3.7/site-packages/airflow/example_dags/example_sla_dag.py
[2023-01-12T07:44:11.493+0000] {logging_mixin.py:137} INFO - [2023-01-12T07:44:11.493+0000] {dag.py:2676} INFO - Sync 1 DAGs
[2023-01-12T07:44:11.514+0000] {logging_mixin.py:137} INFO - [2023-01-12T07:44:11.513+0000] {dag.py:3427} INFO - Setting next_dagrun for example_sla_dag to 2023-01-12T07:42:00+00:00, run_after=2023-01-12T07:44:00+00:00
[2023-01-12T07:44:11.528+0000] {processor.py:175} INFO - Processing /home/airflow/.local/lib/python3.7/site-packages/airflow/example_dags/example_sla_dag.py took 0.090 seconds
[2023-01-12T07:44:42.113+0000] {processor.py:153} INFO - Started process (PID=614) to work on /home/airflow/.local/lib/python3.7/site-packages/airflow/example_dags/example_sla_dag.py
[2023-01-12T07:44:42.114+0000] {processor.py:743} INFO - Processing file /home/airflow/.local/lib/python3.7/site-packages/airflow/example_dags/example_sla_dag.py for tasks to queue
[2023-01-12T07:44:42.116+0000] {logging_mixin.py:137} INFO - [2023-01-12T07:44:42.116+0000] {dagbag.py:538} INFO - Filling up the DagBag from /home/airflow/.local/lib/python3.7/site-packages/airflow/example_dags/example_sla_dag.py
[2023-01-12T07:44:42.134+0000] {processor.py:753} INFO - DAG(s) dict_keys(['example_sla_dag']) retrieved from /home/airflow/.local/lib/python3.7/site-packages/airflow/example_dags/example_sla_dag.py
[2023-01-12T07:44:42.166+0000] {logging_mixin.py:137} INFO - [2023-01-12T07:44:42.166+0000] {dag.py:2676} INFO - Sync 1 DAGs
[2023-01-12T07:44:42.188+0000] {logging_mixin.py:137} INFO - [2023-01-12T07:44:42.188+0000] {dag.py:3427} INFO - Setting next_dagrun for example_sla_dag to 2023-01-12T07:42:00+00:00, run_after=2023-01-12T07:44:00+00:00
[2023-01-12T07:44:42.205+0000] {processor.py:175} INFO - Processing /home/airflow/.local/lib/python3.7/site-packages/airflow/example_dags/example_sla_dag.py took 0.095 seconds
[2023-01-12T07:45:12.644+0000] {processor.py:153} INFO - Started process (PID=689) to work on /home/airflow/.local/lib/python3.7/site-packages/airflow/example_dags/example_sla_dag.py
[2023-01-12T07:45:12.646+0000] {processor.py:743} INFO - Processing file /home/airflow/.local/lib/python3.7/site-packages/airflow/example_dags/example_sla_dag.py for tasks to queue
[2023-01-12T07:45:12.647+0000] {logging_mixin.py:137} INFO - [2023-01-12T07:45:12.647+0000] {dagbag.py:538} INFO - Filling up the DagBag from /home/airflow/.local/lib/python3.7/site-packages/airflow/example_dags/example_sla_dag.py
[2023-01-12T07:45:12.668+0000] {processor.py:753} INFO - DAG(s) dict_keys(['example_sla_dag']) retrieved from /home/airflow/.local/lib/python3.7/site-packages/airflow/example_dags/example_sla_dag.py
[2023-01-12T07:45:12.697+0000] {logging_mixin.py:137} INFO - [2023-01-12T07:45:12.697+0000] {dag.py:2676} INFO - Sync 1 DAGs
[2023-01-12T07:45:12.720+0000] {logging_mixin.py:137} INFO - [2023-01-12T07:45:12.719+0000] {dag.py:3427} INFO - Setting next_dagrun for example_sla_dag to 2023-01-12T07:42:00+00:00, run_after=2023-01-12T07:44:00+00:00
[2023-01-12T07:45:12.736+0000] {processor.py:175} INFO - Processing /home/airflow/.local/lib/python3.7/site-packages/airflow/example_dags/example_sla_dag.py took 0.094 seconds
[2023-01-12T07:45:43.660+0000] {processor.py:153} INFO - Started process (PID=763) to work on /home/airflow/.local/lib/python3.7/site-packages/airflow/example_dags/example_sla_dag.py
[2023-01-12T07:45:43.661+0000] {processor.py:743} INFO - Processing file /home/airflow/.local/lib/python3.7/site-packages/airflow/example_dags/example_sla_dag.py for tasks to queue
[2023-01-12T07:45:43.663+0000] {logging_mixin.py:137} INFO - [2023-01-12T07:45:43.663+0000] {dagbag.py:538} INFO - Filling up the DagBag from /home/airflow/.local/lib/python3.7/site-packages/airflow/example_dags/example_sla_dag.py
[2023-01-12T07:45:43.684+0000] {processor.py:753} INFO - DAG(s) dict_keys(['example_sla_dag']) retrieved from /home/airflow/.local/lib/python3.7/site-packages/airflow/example_dags/example_sla_dag.py
[2023-01-12T07:45:43.715+0000] {logging_mixin.py:137} INFO - [2023-01-12T07:45:43.715+0000] {dag.py:2676} INFO - Sync 1 DAGs
[2023-01-12T07:45:43.737+0000] {logging_mixin.py:137} INFO - [2023-01-12T07:45:43.737+0000] {dag.py:3427} INFO - Setting next_dagrun for example_sla_dag to 2023-01-12T07:42:00+00:00, run_after=2023-01-12T07:44:00+00:00
[2023-01-12T07:45:43.755+0000] {processor.py:175} INFO - Processing /home/airflow/.local/lib/python3.7/site-packages/airflow/example_dags/example_sla_dag.py took 0.098 seconds
[2023-01-12T07:46:14.388+0000] {processor.py:153} INFO - Started process (PID=825) to work on /home/airflow/.local/lib/python3.7/site-packages/airflow/example_dags/example_sla_dag.py
[2023-01-12T07:46:14.390+0000] {processor.py:743} INFO - Processing file /home/airflow/.local/lib/python3.7/site-packages/airflow/example_dags/example_sla_dag.py for tasks to queue
[2023-01-12T07:46:14.392+0000] {logging_mixin.py:137} INFO - [2023-01-12T07:46:14.391+0000] {dagbag.py:538} INFO - Filling up the DagBag from /home/airflow/.local/lib/python3.7/site-packages/airflow/example_dags/example_sla_dag.py
[2023-01-12T07:46:14.408+0000] {processor.py:753} INFO - DAG(s) dict_keys(['example_sla_dag']) retrieved from /home/airflow/.local/lib/python3.7/site-packages/airflow/example_dags/example_sla_dag.py
[2023-01-12T07:46:14.437+0000] {logging_mixin.py:137} INFO - [2023-01-12T07:46:14.436+0000] {dag.py:2676} INFO - Sync 1 DAGs
[2023-01-12T07:46:14.457+0000] {logging_mixin.py:137} INFO - [2023-01-12T07:46:14.457+0000] {dag.py:3427} INFO - Setting next_dagrun for example_sla_dag to 2023-01-12T07:44:00+00:00, run_after=2023-01-12T07:46:00+00:00
[2023-01-12T07:46:14.470+0000] {processor.py:175} INFO - Processing /home/airflow/.local/lib/python3.7/site-packages/airflow/example_dags/example_sla_dag.py took 0.084 seconds
[2023-01-12T07:46:45.158+0000] {processor.py:153} INFO - Started process (PID=900) to work on /home/airflow/.local/lib/python3.7/site-packages/airflow/example_dags/example_sla_dag.py
[2023-01-12T07:46:45.160+0000] {processor.py:743} INFO - Processing file /home/airflow/.local/lib/python3.7/site-packages/airflow/example_dags/example_sla_dag.py for tasks to queue
[2023-01-12T07:46:45.162+0000] {logging_mixin.py:137} INFO - [2023-01-12T07:46:45.162+0000] {dagbag.py:538} INFO - Filling up the DagBag from /home/airflow/.local/lib/python3.7/site-packages/airflow/example_dags/example_sla_dag.py
[2023-01-12T07:46:45.186+0000] {processor.py:753} INFO - DAG(s) dict_keys(['example_sla_dag']) retrieved from /home/airflow/.local/lib/python3.7/site-packages/airflow/example_dags/example_sla_dag.py
[2023-01-12T07:46:45.216+0000] {logging_mixin.py:137} INFO - [2023-01-12T07:46:45.216+0000] {dag.py:2676} INFO - Sync 1 DAGs
[2023-01-12T07:46:45.237+0000] {logging_mixin.py:137} INFO - [2023-01-12T07:46:45.237+0000] {dag.py:3427} INFO - Setting next_dagrun for example_sla_dag to 2023-01-12T07:44:00+00:00, run_after=2023-01-12T07:46:00+00:00
[2023-01-12T07:46:45.251+0000] {processor.py:175} INFO - Processing /home/airflow/.local/lib/python3.7/site-packages/airflow/example_dags/example_sla_dag.py took 0.096 seconds
[2023-01-12T07:47:15.922+0000] {processor.py:153} INFO - Started process (PID=962) to work on /home/airflow/.local/lib/python3.7/site-packages/airflow/example_dags/example_sla_dag.py
[2023-01-12T07:47:15.923+0000] {processor.py:743} INFO - Processing file /home/airflow/.local/lib/python3.7/site-packages/airflow/example_dags/example_sla_dag.py for tasks to queue
[2023-01-12T07:47:15.925+0000] {logging_mixin.py:137} INFO - [2023-01-12T07:47:15.925+0000] {dagbag.py:538} INFO - Filling up the DagBag from /home/airflow/.local/lib/python3.7/site-packages/airflow/example_dags/example_sla_dag.py
[2023-01-12T07:47:15.945+0000] {processor.py:753} INFO - DAG(s) dict_keys(['example_sla_dag']) retrieved from /home/airflow/.local/lib/python3.7/site-packages/airflow/example_dags/example_sla_dag.py
[2023-01-12T07:47:15.985+0000] {logging_mixin.py:137} INFO - [2023-01-12T07:47:15.985+0000] {dag.py:2676} INFO - Sync 1 DAGs
[2023-01-12T07:47:16.020+0000] {logging_mixin.py:137} INFO - [2023-01-12T07:47:16.020+0000] {dag.py:3427} INFO - Setting next_dagrun for example_sla_dag to 2023-01-12T07:44:00+00:00, run_after=2023-01-12T07:46:00+00:00
[2023-01-12T07:47:16.052+0000] {processor.py:175} INFO - Processing /home/airflow/.local/lib/python3.7/site-packages/airflow/example_dags/example_sla_dag.py took 0.133 seconds
[2023-01-12T07:47:46.209+0000] {processor.py:153} INFO - Started process (PID=1038) to work on /home/airflow/.local/lib/python3.7/site-packages/airflow/example_dags/example_sla_dag.py
[2023-01-12T07:47:46.211+0000] {processor.py:743} INFO - Processing file /home/airflow/.local/lib/python3.7/site-packages/airflow/example_dags/example_sla_dag.py for tasks to queue
[2023-01-12T07:47:46.213+0000] {logging_mixin.py:137} INFO - [2023-01-12T07:47:46.212+0000] {dagbag.py:538} INFO - Filling up the DagBag from /home/airflow/.local/lib/python3.7/site-packages/airflow/example_dags/example_sla_dag.py
[2023-01-12T07:47:46.233+0000] {processor.py:753} INFO - DAG(s) dict_keys(['example_sla_dag']) retrieved from /home/airflow/.local/lib/python3.7/site-packages/airflow/example_dags/example_sla_dag.py
[2023-01-12T07:47:46.265+0000] {logging_mixin.py:137} INFO - [2023-01-12T07:47:46.264+0000] {dag.py:2676} INFO - Sync 1 DAGs
[2023-01-12T07:47:46.287+0000] {logging_mixin.py:137} INFO - [2023-01-12T07:47:46.287+0000] {dag.py:3427} INFO - Setting next_dagrun for example_sla_dag to 2023-01-12T07:44:00+00:00, run_after=2023-01-12T07:46:00+00:00
[2023-01-12T07:47:46.304+0000] {processor.py:175} INFO - Processing /home/airflow/.local/lib/python3.7/site-packages/airflow/example_dags/example_sla_dag.py took 0.098 seconds
[2023-01-12T07:48:17.106+0000] {processor.py:153} INFO - Started process (PID=1111) to work on /home/airflow/.local/lib/python3.7/site-packages/airflow/example_dags/example_sla_dag.py
[2023-01-12T07:48:17.107+0000] {processor.py:743} INFO - Processing file /home/airflow/.local/lib/python3.7/site-packages/airflow/example_dags/example_sla_dag.py for tasks to queue
[2023-01-12T07:48:17.109+0000] {logging_mixin.py:137} INFO - [2023-01-12T07:48:17.109+0000] {dagbag.py:538} INFO - Filling up the DagBag from /home/airflow/.local/lib/python3.7/site-packages/airflow/example_dags/example_sla_dag.py
[2023-01-12T07:48:17.130+0000] {processor.py:753} INFO - DAG(s) dict_keys(['example_sla_dag']) retrieved from /home/airflow/.local/lib/python3.7/site-packages/airflow/example_dags/example_sla_dag.py
[2023-01-12T07:48:17.171+0000] {logging_mixin.py:137} INFO - [2023-01-12T07:48:17.171+0000] {dag.py:2676} INFO - Sync 1 DAGs
[2023-01-12T07:48:17.195+0000] {logging_mixin.py:137} INFO - [2023-01-12T07:48:17.195+0000] {dag.py:3427} INFO - Setting next_dagrun for example_sla_dag to 2023-01-12T07:46:00+00:00, run_after=2023-01-12T07:48:00+00:00
[2023-01-12T07:48:17.213+0000] {processor.py:175} INFO - Processing /home/airflow/.local/lib/python3.7/site-packages/airflow/example_dags/example_sla_dag.py took 0.111 seconds
[2023-01-12T07:48:47.661+0000] {processor.py:153} INFO - Started process (PID=1172) to work on /home/airflow/.local/lib/python3.7/site-packages/airflow/example_dags/example_sla_dag.py
[2023-01-12T07:48:47.663+0000] {processor.py:743} INFO - Processing file /home/airflow/.local/lib/python3.7/site-packages/airflow/example_dags/example_sla_dag.py for tasks to queue
[2023-01-12T07:48:47.665+0000] {logging_mixin.py:137} INFO - [2023-01-12T07:48:47.665+0000] {dagbag.py:538} INFO - Filling up the DagBag from /home/airflow/.local/lib/python3.7/site-packages/airflow/example_dags/example_sla_dag.py
[2023-01-12T07:48:47.690+0000] {processor.py:753} INFO - DAG(s) dict_keys(['example_sla_dag']) retrieved from /home/airflow/.local/lib/python3.7/site-packages/airflow/example_dags/example_sla_dag.py
[2023-01-12T07:48:47.722+0000] {logging_mixin.py:137} INFO - [2023-01-12T07:48:47.722+0000] {dag.py:2676} INFO - Sync 1 DAGs
[2023-01-12T07:48:47.744+0000] {logging_mixin.py:137} INFO - [2023-01-12T07:48:47.744+0000] {dag.py:3427} INFO - Setting next_dagrun for example_sla_dag to 2023-01-12T07:46:00+00:00, run_after=2023-01-12T07:48:00+00:00
[2023-01-12T07:48:47.759+0000] {processor.py:175} INFO - Processing /home/airflow/.local/lib/python3.7/site-packages/airflow/example_dags/example_sla_dag.py took 0.100 seconds
[2023-01-12T07:49:18.202+0000] {processor.py:153} INFO - Started process (PID=1248) to work on /home/airflow/.local/lib/python3.7/site-packages/airflow/example_dags/example_sla_dag.py
[2023-01-12T07:49:18.204+0000] {processor.py:743} INFO - Processing file /home/airflow/.local/lib/python3.7/site-packages/airflow/example_dags/example_sla_dag.py for tasks to queue
[2023-01-12T07:49:18.205+0000] {logging_mixin.py:137} INFO - [2023-01-12T07:49:18.205+0000] {dagbag.py:538} INFO - Filling up the DagBag from /home/airflow/.local/lib/python3.7/site-packages/airflow/example_dags/example_sla_dag.py
[2023-01-12T07:49:18.221+0000] {processor.py:753} INFO - DAG(s) dict_keys(['example_sla_dag']) retrieved from /home/airflow/.local/lib/python3.7/site-packages/airflow/example_dags/example_sla_dag.py
[2023-01-12T07:49:18.250+0000] {logging_mixin.py:137} INFO - [2023-01-12T07:49:18.250+0000] {dag.py:2676} INFO - Sync 1 DAGs
[2023-01-12T07:49:18.271+0000] {logging_mixin.py:137} INFO - [2023-01-12T07:49:18.271+0000] {dag.py:3427} INFO - Setting next_dagrun for example_sla_dag to 2023-01-12T07:46:00+00:00, run_after=2023-01-12T07:48:00+00:00
[2023-01-12T07:49:18.285+0000] {processor.py:175} INFO - Processing /home/airflow/.local/lib/python3.7/site-packages/airflow/example_dags/example_sla_dag.py took 0.086 seconds
[2023-01-12T07:49:49.094+0000] {processor.py:153} INFO - Started process (PID=1319) to work on /home/airflow/.local/lib/python3.7/site-packages/airflow/example_dags/example_sla_dag.py
[2023-01-12T07:49:49.097+0000] {processor.py:743} INFO - Processing file /home/airflow/.local/lib/python3.7/site-packages/airflow/example_dags/example_sla_dag.py for tasks to queue
[2023-01-12T07:49:49.102+0000] {logging_mixin.py:137} INFO - [2023-01-12T07:49:49.102+0000] {dagbag.py:538} INFO - Filling up the DagBag from /home/airflow/.local/lib/python3.7/site-packages/airflow/example_dags/example_sla_dag.py
[2023-01-12T07:49:49.128+0000] {processor.py:753} INFO - DAG(s) dict_keys(['example_sla_dag']) retrieved from /home/airflow/.local/lib/python3.7/site-packages/airflow/example_dags/example_sla_dag.py
[2023-01-12T07:49:49.171+0000] {logging_mixin.py:137} INFO - [2023-01-12T07:49:49.171+0000] {dag.py:2676} INFO - Sync 1 DAGs
[2023-01-12T07:49:49.201+0000] {logging_mixin.py:137} INFO - [2023-01-12T07:49:49.201+0000] {dag.py:3427} INFO - Setting next_dagrun for example_sla_dag to 2023-01-12T07:46:00+00:00, run_after=2023-01-12T07:48:00+00:00
[2023-01-12T07:49:49.219+0000] {processor.py:175} INFO - Processing /home/airflow/.local/lib/python3.7/site-packages/airflow/example_dags/example_sla_dag.py took 0.127 seconds
[2023-01-12T07:50:19.961+0000] {processor.py:153} INFO - Started process (PID=1385) to work on /home/airflow/.local/lib/python3.7/site-packages/airflow/example_dags/example_sla_dag.py
[2023-01-12T07:50:19.962+0000] {processor.py:743} INFO - Processing file /home/airflow/.local/lib/python3.7/site-packages/airflow/example_dags/example_sla_dag.py for tasks to queue
[2023-01-12T07:50:19.964+0000] {logging_mixin.py:137} INFO - [2023-01-12T07:50:19.964+0000] {dagbag.py:538} INFO - Filling up the DagBag from /home/airflow/.local/lib/python3.7/site-packages/airflow/example_dags/example_sla_dag.py
[2023-01-12T07:50:19.983+0000] {processor.py:753} INFO - DAG(s) dict_keys(['example_sla_dag']) retrieved from /home/airflow/.local/lib/python3.7/site-packages/airflow/example_dags/example_sla_dag.py
[2023-01-12T07:50:20.012+0000] {logging_mixin.py:137} INFO - [2023-01-12T07:50:20.012+0000] {dag.py:2676} INFO - Sync 1 DAGs
[2023-01-12T07:50:20.035+0000] {logging_mixin.py:137} INFO - [2023-01-12T07:50:20.035+0000] {dag.py:3427} INFO - Setting next_dagrun for example_sla_dag to 2023-01-12T07:48:00+00:00, run_after=2023-01-12T07:50:00+00:00
[2023-01-12T07:50:20.054+0000] {processor.py:175} INFO - Processing /home/airflow/.local/lib/python3.7/site-packages/airflow/example_dags/example_sla_dag.py took 0.097 seconds
[2023-01-12T07:50:50.882+0000] {processor.py:153} INFO - Started process (PID=1458) to work on /home/airflow/.local/lib/python3.7/site-packages/airflow/example_dags/example_sla_dag.py
[2023-01-12T07:50:50.884+0000] {processor.py:743} INFO - Processing file /home/airflow/.local/lib/python3.7/site-packages/airflow/example_dags/example_sla_dag.py for tasks to queue
[2023-01-12T07:50:50.885+0000] {logging_mixin.py:137} INFO - [2023-01-12T07:50:50.885+0000] {dagbag.py:538} INFO - Filling up the DagBag from /home/airflow/.local/lib/python3.7/site-packages/airflow/example_dags/example_sla_dag.py
[2023-01-12T07:50:50.906+0000] {processor.py:753} INFO - DAG(s) dict_keys(['example_sla_dag']) retrieved from /home/airflow/.local/lib/python3.7/site-packages/airflow/example_dags/example_sla_dag.py
[2023-01-12T07:50:50.948+0000] {logging_mixin.py:137} INFO - [2023-01-12T07:50:50.948+0000] {dag.py:2676} INFO - Sync 1 DAGs
[2023-01-12T07:50:50.972+0000] {logging_mixin.py:137} INFO - [2023-01-12T07:50:50.972+0000] {dag.py:3427} INFO - Setting next_dagrun for example_sla_dag to 2023-01-12T07:48:00+00:00, run_after=2023-01-12T07:50:00+00:00
[2023-01-12T07:50:50.987+0000] {processor.py:175} INFO - Processing /home/airflow/.local/lib/python3.7/site-packages/airflow/example_dags/example_sla_dag.py took 0.108 seconds
[2023-01-12T07:51:21.645+0000] {processor.py:153} INFO - Started process (PID=1519) to work on /home/airflow/.local/lib/python3.7/site-packages/airflow/example_dags/example_sla_dag.py
[2023-01-12T07:51:21.648+0000] {processor.py:743} INFO - Processing file /home/airflow/.local/lib/python3.7/site-packages/airflow/example_dags/example_sla_dag.py for tasks to queue
[2023-01-12T07:51:21.651+0000] {logging_mixin.py:137} INFO - [2023-01-12T07:51:21.651+0000] {dagbag.py:538} INFO - Filling up the DagBag from /home/airflow/.local/lib/python3.7/site-packages/airflow/example_dags/example_sla_dag.py
[2023-01-12T07:51:21.669+0000] {processor.py:753} INFO - DAG(s) dict_keys(['example_sla_dag']) retrieved from /home/airflow/.local/lib/python3.7/site-packages/airflow/example_dags/example_sla_dag.py
[2023-01-12T07:51:21.697+0000] {logging_mixin.py:137} INFO - [2023-01-12T07:51:21.697+0000] {dag.py:2676} INFO - Sync 1 DAGs
[2023-01-12T07:51:21.719+0000] {logging_mixin.py:137} INFO - [2023-01-12T07:51:21.719+0000] {dag.py:3427} INFO - Setting next_dagrun for example_sla_dag to 2023-01-12T07:48:00+00:00, run_after=2023-01-12T07:50:00+00:00
[2023-01-12T07:51:21.735+0000] {processor.py:175} INFO - Processing /home/airflow/.local/lib/python3.7/site-packages/airflow/example_dags/example_sla_dag.py took 0.092 seconds
[2023-01-12T07:51:52.606+0000] {processor.py:153} INFO - Started process (PID=1591) to work on /home/airflow/.local/lib/python3.7/site-packages/airflow/example_dags/example_sla_dag.py
[2023-01-12T07:51:52.608+0000] {processor.py:743} INFO - Processing file /home/airflow/.local/lib/python3.7/site-packages/airflow/example_dags/example_sla_dag.py for tasks to queue
[2023-01-12T07:51:52.609+0000] {logging_mixin.py:137} INFO - [2023-01-12T07:51:52.609+0000] {dagbag.py:538} INFO - Filling up the DagBag from /home/airflow/.local/lib/python3.7/site-packages/airflow/example_dags/example_sla_dag.py
[2023-01-12T07:51:52.628+0000] {processor.py:753} INFO - DAG(s) dict_keys(['example_sla_dag']) retrieved from /home/airflow/.local/lib/python3.7/site-packages/airflow/example_dags/example_sla_dag.py
[2023-01-12T07:51:52.656+0000] {logging_mixin.py:137} INFO - [2023-01-12T07:51:52.656+0000] {dag.py:2676} INFO - Sync 1 DAGs
[2023-01-12T07:51:52.678+0000] {logging_mixin.py:137} INFO - [2023-01-12T07:51:52.678+0000] {dag.py:3427} INFO - Setting next_dagrun for example_sla_dag to 2023-01-12T07:48:00+00:00, run_after=2023-01-12T07:50:00+00:00
[2023-01-12T07:51:52.697+0000] {processor.py:175} INFO - Processing /home/airflow/.local/lib/python3.7/site-packages/airflow/example_dags/example_sla_dag.py took 0.095 seconds
[2023-01-12T07:52:23.752+0000] {processor.py:153} INFO - Started process (PID=1666) to work on /home/airflow/.local/lib/python3.7/site-packages/airflow/example_dags/example_sla_dag.py
[2023-01-12T07:52:23.754+0000] {processor.py:743} INFO - Processing file /home/airflow/.local/lib/python3.7/site-packages/airflow/example_dags/example_sla_dag.py for tasks to queue
[2023-01-12T07:52:23.755+0000] {logging_mixin.py:137} INFO - [2023-01-12T07:52:23.755+0000] {dagbag.py:538} INFO - Filling up the DagBag from /home/airflow/.local/lib/python3.7/site-packages/airflow/example_dags/example_sla_dag.py
[2023-01-12T07:52:23.776+0000] {processor.py:753} INFO - DAG(s) dict_keys(['example_sla_dag']) retrieved from /home/airflow/.local/lib/python3.7/site-packages/airflow/example_dags/example_sla_dag.py
[2023-01-12T07:52:23.810+0000] {logging_mixin.py:137} INFO - [2023-01-12T07:52:23.810+0000] {dag.py:2676} INFO - Sync 1 DAGs
[2023-01-12T07:52:23.838+0000] {logging_mixin.py:137} INFO - [2023-01-12T07:52:23.838+0000] {dag.py:3427} INFO - Setting next_dagrun for example_sla_dag to 2023-01-12T07:50:00+00:00, run_after=2023-01-12T07:52:00+00:00
[2023-01-12T07:52:23.855+0000] {processor.py:175} INFO - Processing /home/airflow/.local/lib/python3.7/site-packages/airflow/example_dags/example_sla_dag.py took 0.106 seconds
[2023-01-12T07:52:54.397+0000] {processor.py:153} INFO - Started process (PID=1727) to work on /home/airflow/.local/lib/python3.7/site-packages/airflow/example_dags/example_sla_dag.py
[2023-01-12T07:52:54.399+0000] {processor.py:743} INFO - Processing file /home/airflow/.local/lib/python3.7/site-packages/airflow/example_dags/example_sla_dag.py for tasks to queue
[2023-01-12T07:52:54.401+0000] {logging_mixin.py:137} INFO - [2023-01-12T07:52:54.401+0000] {dagbag.py:538} INFO - Filling up the DagBag from /home/airflow/.local/lib/python3.7/site-packages/airflow/example_dags/example_sla_dag.py
[2023-01-12T07:52:54.420+0000] {processor.py:753} INFO - DAG(s) dict_keys(['example_sla_dag']) retrieved from /home/airflow/.local/lib/python3.7/site-packages/airflow/example_dags/example_sla_dag.py
[2023-01-12T07:52:54.454+0000] {logging_mixin.py:137} INFO - [2023-01-12T07:52:54.454+0000] {dag.py:2676} INFO - Sync 1 DAGs
[2023-01-12T07:52:54.476+0000] {logging_mixin.py:137} INFO - [2023-01-12T07:52:54.476+0000] {dag.py:3427} INFO - Setting next_dagrun for example_sla_dag to 2023-01-12T07:50:00+00:00, run_after=2023-01-12T07:52:00+00:00
[2023-01-12T07:52:54.491+0000] {processor.py:175} INFO - Processing /home/airflow/.local/lib/python3.7/site-packages/airflow/example_dags/example_sla_dag.py took 0.097 seconds
[2023-01-12T07:53:24.963+0000] {processor.py:153} INFO - Started process (PID=1800) to work on /home/airflow/.local/lib/python3.7/site-packages/airflow/example_dags/example_sla_dag.py
[2023-01-12T07:53:24.965+0000] {processor.py:743} INFO - Processing file /home/airflow/.local/lib/python3.7/site-packages/airflow/example_dags/example_sla_dag.py for tasks to queue
[2023-01-12T07:53:24.966+0000] {logging_mixin.py:137} INFO - [2023-01-12T07:53:24.966+0000] {dagbag.py:538} INFO - Filling up the DagBag from /home/airflow/.local/lib/python3.7/site-packages/airflow/example_dags/example_sla_dag.py
[2023-01-12T07:53:24.984+0000] {processor.py:753} INFO - DAG(s) dict_keys(['example_sla_dag']) retrieved from /home/airflow/.local/lib/python3.7/site-packages/airflow/example_dags/example_sla_dag.py
[2023-01-12T07:53:25.013+0000] {logging_mixin.py:137} INFO - [2023-01-12T07:53:25.013+0000] {dag.py:2676} INFO - Sync 1 DAGs
[2023-01-12T07:53:25.032+0000] {logging_mixin.py:137} INFO - [2023-01-12T07:53:25.032+0000] {dag.py:3427} INFO - Setting next_dagrun for example_sla_dag to 2023-01-12T07:50:00+00:00, run_after=2023-01-12T07:52:00+00:00
[2023-01-12T07:53:25.047+0000] {processor.py:175} INFO - Processing /home/airflow/.local/lib/python3.7/site-packages/airflow/example_dags/example_sla_dag.py took 0.087 seconds
[2023-01-12T07:53:55.456+0000] {processor.py:153} INFO - Started process (PID=1867) to work on /home/airflow/.local/lib/python3.7/site-packages/airflow/example_dags/example_sla_dag.py
[2023-01-12T07:53:55.458+0000] {processor.py:743} INFO - Processing file /home/airflow/.local/lib/python3.7/site-packages/airflow/example_dags/example_sla_dag.py for tasks to queue
[2023-01-12T07:53:55.461+0000] {logging_mixin.py:137} INFO - [2023-01-12T07:53:55.461+0000] {dagbag.py:538} INFO - Filling up the DagBag from /home/airflow/.local/lib/python3.7/site-packages/airflow/example_dags/example_sla_dag.py
[2023-01-12T07:53:55.482+0000] {processor.py:753} INFO - DAG(s) dict_keys(['example_sla_dag']) retrieved from /home/airflow/.local/lib/python3.7/site-packages/airflow/example_dags/example_sla_dag.py
[2023-01-12T07:53:55.525+0000] {logging_mixin.py:137} INFO - [2023-01-12T07:53:55.525+0000] {dag.py:2676} INFO - Sync 1 DAGs
[2023-01-12T07:53:55.551+0000] {logging_mixin.py:137} INFO - [2023-01-12T07:53:55.551+0000] {dag.py:3427} INFO - Setting next_dagrun for example_sla_dag to 2023-01-12T07:50:00+00:00, run_after=2023-01-12T07:52:00+00:00
[2023-01-12T07:53:55.567+0000] {processor.py:175} INFO - Processing /home/airflow/.local/lib/python3.7/site-packages/airflow/example_dags/example_sla_dag.py took 0.113 seconds
