[2023-01-12T07:27:06.383+0000] {processor.py:153} INFO - Started process (PID=51) to work on /home/airflow/.local/lib/python3.7/site-packages/airflow/example_dags/example_branch_labels.py
[2023-01-12T07:27:06.385+0000] {processor.py:743} INFO - Processing file /home/airflow/.local/lib/python3.7/site-packages/airflow/example_dags/example_branch_labels.py for tasks to queue
[2023-01-12T07:27:06.387+0000] {logging_mixin.py:137} INFO - [2023-01-12T07:27:06.387+0000] {dagbag.py:538} INFO - Filling up the DagBag from /home/airflow/.local/lib/python3.7/site-packages/airflow/example_dags/example_branch_labels.py
[2023-01-12T07:27:06.405+0000] {processor.py:753} INFO - DAG(s) dict_keys(['example_branch_labels']) retrieved from /home/airflow/.local/lib/python3.7/site-packages/airflow/example_dags/example_branch_labels.py
[2023-01-12T07:27:06.434+0000] {logging_mixin.py:137} INFO - [2023-01-12T07:27:06.434+0000] {dag.py:2676} INFO - Sync 1 DAGs
[2023-01-12T07:27:06.468+0000] {logging_mixin.py:137} INFO - [2023-01-12T07:27:06.468+0000] {dag.py:3427} INFO - Setting next_dagrun for example_branch_labels to 2023-01-11T00:00:00+00:00, run_after=2023-01-12T00:00:00+00:00
[2023-01-12T07:27:06.511+0000] {processor.py:175} INFO - Processing /home/airflow/.local/lib/python3.7/site-packages/airflow/example_dags/example_branch_labels.py took 0.132 seconds
[2023-01-12T07:27:36.549+0000] {processor.py:153} INFO - Started process (PID=125) to work on /home/airflow/.local/lib/python3.7/site-packages/airflow/example_dags/example_branch_labels.py
[2023-01-12T07:27:36.551+0000] {processor.py:743} INFO - Processing file /home/airflow/.local/lib/python3.7/site-packages/airflow/example_dags/example_branch_labels.py for tasks to queue
[2023-01-12T07:27:36.552+0000] {logging_mixin.py:137} INFO - [2023-01-12T07:27:36.552+0000] {dagbag.py:538} INFO - Filling up the DagBag from /home/airflow/.local/lib/python3.7/site-packages/airflow/example_dags/example_branch_labels.py
[2023-01-12T07:27:36.566+0000] {processor.py:753} INFO - DAG(s) dict_keys(['example_branch_labels']) retrieved from /home/airflow/.local/lib/python3.7/site-packages/airflow/example_dags/example_branch_labels.py
[2023-01-12T07:27:36.595+0000] {logging_mixin.py:137} INFO - [2023-01-12T07:27:36.595+0000] {dag.py:2676} INFO - Sync 1 DAGs
[2023-01-12T07:27:36.616+0000] {logging_mixin.py:137} INFO - [2023-01-12T07:27:36.615+0000] {dag.py:3427} INFO - Setting next_dagrun for example_branch_labels to 2023-01-11T00:00:00+00:00, run_after=2023-01-12T00:00:00+00:00
[2023-01-12T07:27:36.629+0000] {processor.py:175} INFO - Processing /home/airflow/.local/lib/python3.7/site-packages/airflow/example_dags/example_branch_labels.py took 0.083 seconds
[2023-01-12T07:28:07.630+0000] {processor.py:153} INFO - Started process (PID=194) to work on /home/airflow/.local/lib/python3.7/site-packages/airflow/example_dags/example_branch_labels.py
[2023-01-12T07:28:07.632+0000] {processor.py:743} INFO - Processing file /home/airflow/.local/lib/python3.7/site-packages/airflow/example_dags/example_branch_labels.py for tasks to queue
[2023-01-12T07:28:07.635+0000] {logging_mixin.py:137} INFO - [2023-01-12T07:28:07.635+0000] {dagbag.py:538} INFO - Filling up the DagBag from /home/airflow/.local/lib/python3.7/site-packages/airflow/example_dags/example_branch_labels.py
[2023-01-12T07:28:07.651+0000] {processor.py:753} INFO - DAG(s) dict_keys(['example_branch_labels']) retrieved from /home/airflow/.local/lib/python3.7/site-packages/airflow/example_dags/example_branch_labels.py
[2023-01-12T07:28:07.681+0000] {logging_mixin.py:137} INFO - [2023-01-12T07:28:07.681+0000] {dag.py:2676} INFO - Sync 1 DAGs
[2023-01-12T07:28:07.702+0000] {logging_mixin.py:137} INFO - [2023-01-12T07:28:07.702+0000] {dag.py:3427} INFO - Setting next_dagrun for example_branch_labels to 2023-01-11T00:00:00+00:00, run_after=2023-01-12T00:00:00+00:00
[2023-01-12T07:28:07.720+0000] {processor.py:175} INFO - Processing /home/airflow/.local/lib/python3.7/site-packages/airflow/example_dags/example_branch_labels.py took 0.096 seconds
[2023-01-12T07:28:38.195+0000] {processor.py:153} INFO - Started process (PID=259) to work on /home/airflow/.local/lib/python3.7/site-packages/airflow/example_dags/example_branch_labels.py
[2023-01-12T07:28:38.197+0000] {processor.py:743} INFO - Processing file /home/airflow/.local/lib/python3.7/site-packages/airflow/example_dags/example_branch_labels.py for tasks to queue
[2023-01-12T07:28:38.199+0000] {logging_mixin.py:137} INFO - [2023-01-12T07:28:38.199+0000] {dagbag.py:538} INFO - Filling up the DagBag from /home/airflow/.local/lib/python3.7/site-packages/airflow/example_dags/example_branch_labels.py
[2023-01-12T07:28:38.218+0000] {processor.py:753} INFO - DAG(s) dict_keys(['example_branch_labels']) retrieved from /home/airflow/.local/lib/python3.7/site-packages/airflow/example_dags/example_branch_labels.py
[2023-01-12T07:28:38.254+0000] {logging_mixin.py:137} INFO - [2023-01-12T07:28:38.254+0000] {dag.py:2676} INFO - Sync 1 DAGs
[2023-01-12T07:28:38.274+0000] {logging_mixin.py:137} INFO - [2023-01-12T07:28:38.274+0000] {dag.py:3427} INFO - Setting next_dagrun for example_branch_labels to 2023-01-11T00:00:00+00:00, run_after=2023-01-12T00:00:00+00:00
[2023-01-12T07:28:38.290+0000] {processor.py:175} INFO - Processing /home/airflow/.local/lib/python3.7/site-packages/airflow/example_dags/example_branch_labels.py took 0.098 seconds
[2023-01-12T07:29:08.906+0000] {processor.py:153} INFO - Started process (PID=333) to work on /home/airflow/.local/lib/python3.7/site-packages/airflow/example_dags/example_branch_labels.py
[2023-01-12T07:29:08.907+0000] {processor.py:743} INFO - Processing file /home/airflow/.local/lib/python3.7/site-packages/airflow/example_dags/example_branch_labels.py for tasks to queue
[2023-01-12T07:29:08.909+0000] {logging_mixin.py:137} INFO - [2023-01-12T07:29:08.909+0000] {dagbag.py:538} INFO - Filling up the DagBag from /home/airflow/.local/lib/python3.7/site-packages/airflow/example_dags/example_branch_labels.py
[2023-01-12T07:29:08.921+0000] {processor.py:753} INFO - DAG(s) dict_keys(['example_branch_labels']) retrieved from /home/airflow/.local/lib/python3.7/site-packages/airflow/example_dags/example_branch_labels.py
[2023-01-12T07:29:08.953+0000] {logging_mixin.py:137} INFO - [2023-01-12T07:29:08.952+0000] {dag.py:2676} INFO - Sync 1 DAGs
[2023-01-12T07:29:08.972+0000] {logging_mixin.py:137} INFO - [2023-01-12T07:29:08.972+0000] {dag.py:3427} INFO - Setting next_dagrun for example_branch_labels to 2023-01-11T00:00:00+00:00, run_after=2023-01-12T00:00:00+00:00
[2023-01-12T07:29:08.987+0000] {processor.py:175} INFO - Processing /home/airflow/.local/lib/python3.7/site-packages/airflow/example_dags/example_branch_labels.py took 0.085 seconds
[2023-01-12T07:29:39.558+0000] {processor.py:153} INFO - Started process (PID=396) to work on /home/airflow/.local/lib/python3.7/site-packages/airflow/example_dags/example_branch_labels.py
[2023-01-12T07:29:39.560+0000] {processor.py:743} INFO - Processing file /home/airflow/.local/lib/python3.7/site-packages/airflow/example_dags/example_branch_labels.py for tasks to queue
[2023-01-12T07:29:39.562+0000] {logging_mixin.py:137} INFO - [2023-01-12T07:29:39.562+0000] {dagbag.py:538} INFO - Filling up the DagBag from /home/airflow/.local/lib/python3.7/site-packages/airflow/example_dags/example_branch_labels.py
[2023-01-12T07:29:39.575+0000] {processor.py:753} INFO - DAG(s) dict_keys(['example_branch_labels']) retrieved from /home/airflow/.local/lib/python3.7/site-packages/airflow/example_dags/example_branch_labels.py
[2023-01-12T07:29:39.606+0000] {logging_mixin.py:137} INFO - [2023-01-12T07:29:39.606+0000] {dag.py:2676} INFO - Sync 1 DAGs
[2023-01-12T07:29:39.626+0000] {logging_mixin.py:137} INFO - [2023-01-12T07:29:39.626+0000] {dag.py:3427} INFO - Setting next_dagrun for example_branch_labels to 2023-01-11T00:00:00+00:00, run_after=2023-01-12T00:00:00+00:00
[2023-01-12T07:29:39.654+0000] {processor.py:175} INFO - Processing /home/airflow/.local/lib/python3.7/site-packages/airflow/example_dags/example_branch_labels.py took 0.099 seconds
[2023-01-12T07:30:10.273+0000] {processor.py:153} INFO - Started process (PID=470) to work on /home/airflow/.local/lib/python3.7/site-packages/airflow/example_dags/example_branch_labels.py
[2023-01-12T07:30:10.277+0000] {processor.py:743} INFO - Processing file /home/airflow/.local/lib/python3.7/site-packages/airflow/example_dags/example_branch_labels.py for tasks to queue
[2023-01-12T07:30:10.278+0000] {logging_mixin.py:137} INFO - [2023-01-12T07:30:10.278+0000] {dagbag.py:538} INFO - Filling up the DagBag from /home/airflow/.local/lib/python3.7/site-packages/airflow/example_dags/example_branch_labels.py
[2023-01-12T07:30:10.291+0000] {processor.py:753} INFO - DAG(s) dict_keys(['example_branch_labels']) retrieved from /home/airflow/.local/lib/python3.7/site-packages/airflow/example_dags/example_branch_labels.py
[2023-01-12T07:30:10.326+0000] {logging_mixin.py:137} INFO - [2023-01-12T07:30:10.326+0000] {dag.py:2676} INFO - Sync 1 DAGs
[2023-01-12T07:30:10.346+0000] {logging_mixin.py:137} INFO - [2023-01-12T07:30:10.346+0000] {dag.py:3427} INFO - Setting next_dagrun for example_branch_labels to 2023-01-11T00:00:00+00:00, run_after=2023-01-12T00:00:00+00:00
[2023-01-12T07:30:10.364+0000] {processor.py:175} INFO - Processing /home/airflow/.local/lib/python3.7/site-packages/airflow/example_dags/example_branch_labels.py took 0.094 seconds
[2023-01-12T07:30:40.984+0000] {processor.py:153} INFO - Started process (PID=545) to work on /home/airflow/.local/lib/python3.7/site-packages/airflow/example_dags/example_branch_labels.py
[2023-01-12T07:30:40.986+0000] {processor.py:743} INFO - Processing file /home/airflow/.local/lib/python3.7/site-packages/airflow/example_dags/example_branch_labels.py for tasks to queue
[2023-01-12T07:30:40.988+0000] {logging_mixin.py:137} INFO - [2023-01-12T07:30:40.988+0000] {dagbag.py:538} INFO - Filling up the DagBag from /home/airflow/.local/lib/python3.7/site-packages/airflow/example_dags/example_branch_labels.py
[2023-01-12T07:30:40.999+0000] {processor.py:753} INFO - DAG(s) dict_keys(['example_branch_labels']) retrieved from /home/airflow/.local/lib/python3.7/site-packages/airflow/example_dags/example_branch_labels.py
[2023-01-12T07:30:41.028+0000] {logging_mixin.py:137} INFO - [2023-01-12T07:30:41.028+0000] {dag.py:2676} INFO - Sync 1 DAGs
[2023-01-12T07:30:41.046+0000] {logging_mixin.py:137} INFO - [2023-01-12T07:30:41.046+0000] {dag.py:3427} INFO - Setting next_dagrun for example_branch_labels to 2023-01-11T00:00:00+00:00, run_after=2023-01-12T00:00:00+00:00
[2023-01-12T07:30:41.060+0000] {processor.py:175} INFO - Processing /home/airflow/.local/lib/python3.7/site-packages/airflow/example_dags/example_branch_labels.py took 0.079 seconds
[2023-01-12T07:31:11.577+0000] {processor.py:153} INFO - Started process (PID=606) to work on /home/airflow/.local/lib/python3.7/site-packages/airflow/example_dags/example_branch_labels.py
[2023-01-12T07:31:11.580+0000] {processor.py:743} INFO - Processing file /home/airflow/.local/lib/python3.7/site-packages/airflow/example_dags/example_branch_labels.py for tasks to queue
[2023-01-12T07:31:11.581+0000] {logging_mixin.py:137} INFO - [2023-01-12T07:31:11.581+0000] {dagbag.py:538} INFO - Filling up the DagBag from /home/airflow/.local/lib/python3.7/site-packages/airflow/example_dags/example_branch_labels.py
[2023-01-12T07:31:11.593+0000] {processor.py:753} INFO - DAG(s) dict_keys(['example_branch_labels']) retrieved from /home/airflow/.local/lib/python3.7/site-packages/airflow/example_dags/example_branch_labels.py
[2023-01-12T07:31:11.626+0000] {logging_mixin.py:137} INFO - [2023-01-12T07:31:11.626+0000] {dag.py:2676} INFO - Sync 1 DAGs
[2023-01-12T07:31:11.644+0000] {logging_mixin.py:137} INFO - [2023-01-12T07:31:11.644+0000] {dag.py:3427} INFO - Setting next_dagrun for example_branch_labels to 2023-01-11T00:00:00+00:00, run_after=2023-01-12T00:00:00+00:00
[2023-01-12T07:31:11.659+0000] {processor.py:175} INFO - Processing /home/airflow/.local/lib/python3.7/site-packages/airflow/example_dags/example_branch_labels.py took 0.085 seconds
[2023-01-12T07:31:42.318+0000] {processor.py:153} INFO - Started process (PID=680) to work on /home/airflow/.local/lib/python3.7/site-packages/airflow/example_dags/example_branch_labels.py
[2023-01-12T07:31:42.321+0000] {processor.py:743} INFO - Processing file /home/airflow/.local/lib/python3.7/site-packages/airflow/example_dags/example_branch_labels.py for tasks to queue
[2023-01-12T07:31:42.323+0000] {logging_mixin.py:137} INFO - [2023-01-12T07:31:42.322+0000] {dagbag.py:538} INFO - Filling up the DagBag from /home/airflow/.local/lib/python3.7/site-packages/airflow/example_dags/example_branch_labels.py
[2023-01-12T07:31:42.333+0000] {processor.py:753} INFO - DAG(s) dict_keys(['example_branch_labels']) retrieved from /home/airflow/.local/lib/python3.7/site-packages/airflow/example_dags/example_branch_labels.py
[2023-01-12T07:31:42.363+0000] {logging_mixin.py:137} INFO - [2023-01-12T07:31:42.363+0000] {dag.py:2676} INFO - Sync 1 DAGs
[2023-01-12T07:31:42.382+0000] {logging_mixin.py:137} INFO - [2023-01-12T07:31:42.382+0000] {dag.py:3427} INFO - Setting next_dagrun for example_branch_labels to 2023-01-11T00:00:00+00:00, run_after=2023-01-12T00:00:00+00:00
[2023-01-12T07:31:42.395+0000] {processor.py:175} INFO - Processing /home/airflow/.local/lib/python3.7/site-packages/airflow/example_dags/example_branch_labels.py took 0.079 seconds
[2023-01-12T07:32:13.221+0000] {processor.py:153} INFO - Started process (PID=754) to work on /home/airflow/.local/lib/python3.7/site-packages/airflow/example_dags/example_branch_labels.py
[2023-01-12T07:32:13.222+0000] {processor.py:743} INFO - Processing file /home/airflow/.local/lib/python3.7/site-packages/airflow/example_dags/example_branch_labels.py for tasks to queue
[2023-01-12T07:32:13.224+0000] {logging_mixin.py:137} INFO - [2023-01-12T07:32:13.223+0000] {dagbag.py:538} INFO - Filling up the DagBag from /home/airflow/.local/lib/python3.7/site-packages/airflow/example_dags/example_branch_labels.py
[2023-01-12T07:32:13.236+0000] {processor.py:753} INFO - DAG(s) dict_keys(['example_branch_labels']) retrieved from /home/airflow/.local/lib/python3.7/site-packages/airflow/example_dags/example_branch_labels.py
[2023-01-12T07:32:13.266+0000] {logging_mixin.py:137} INFO - [2023-01-12T07:32:13.266+0000] {dag.py:2676} INFO - Sync 1 DAGs
[2023-01-12T07:32:13.285+0000] {logging_mixin.py:137} INFO - [2023-01-12T07:32:13.284+0000] {dag.py:3427} INFO - Setting next_dagrun for example_branch_labels to 2023-01-11T00:00:00+00:00, run_after=2023-01-12T00:00:00+00:00
[2023-01-12T07:32:13.300+0000] {processor.py:175} INFO - Processing /home/airflow/.local/lib/python3.7/site-packages/airflow/example_dags/example_branch_labels.py took 0.083 seconds
[2023-01-12T07:32:43.836+0000] {processor.py:153} INFO - Started process (PID=815) to work on /home/airflow/.local/lib/python3.7/site-packages/airflow/example_dags/example_branch_labels.py
[2023-01-12T07:32:43.838+0000] {processor.py:743} INFO - Processing file /home/airflow/.local/lib/python3.7/site-packages/airflow/example_dags/example_branch_labels.py for tasks to queue
[2023-01-12T07:32:43.840+0000] {logging_mixin.py:137} INFO - [2023-01-12T07:32:43.840+0000] {dagbag.py:538} INFO - Filling up the DagBag from /home/airflow/.local/lib/python3.7/site-packages/airflow/example_dags/example_branch_labels.py
[2023-01-12T07:32:43.853+0000] {processor.py:753} INFO - DAG(s) dict_keys(['example_branch_labels']) retrieved from /home/airflow/.local/lib/python3.7/site-packages/airflow/example_dags/example_branch_labels.py
[2023-01-12T07:32:43.882+0000] {logging_mixin.py:137} INFO - [2023-01-12T07:32:43.882+0000] {dag.py:2676} INFO - Sync 1 DAGs
[2023-01-12T07:32:43.902+0000] {logging_mixin.py:137} INFO - [2023-01-12T07:32:43.902+0000] {dag.py:3427} INFO - Setting next_dagrun for example_branch_labels to 2023-01-11T00:00:00+00:00, run_after=2023-01-12T00:00:00+00:00
[2023-01-12T07:32:43.916+0000] {processor.py:175} INFO - Processing /home/airflow/.local/lib/python3.7/site-packages/airflow/example_dags/example_branch_labels.py took 0.084 seconds
[2023-01-12T07:33:14.295+0000] {processor.py:153} INFO - Started process (PID=888) to work on /home/airflow/.local/lib/python3.7/site-packages/airflow/example_dags/example_branch_labels.py
[2023-01-12T07:33:14.297+0000] {processor.py:743} INFO - Processing file /home/airflow/.local/lib/python3.7/site-packages/airflow/example_dags/example_branch_labels.py for tasks to queue
[2023-01-12T07:33:14.298+0000] {logging_mixin.py:137} INFO - [2023-01-12T07:33:14.298+0000] {dagbag.py:538} INFO - Filling up the DagBag from /home/airflow/.local/lib/python3.7/site-packages/airflow/example_dags/example_branch_labels.py
[2023-01-12T07:33:14.311+0000] {processor.py:753} INFO - DAG(s) dict_keys(['example_branch_labels']) retrieved from /home/airflow/.local/lib/python3.7/site-packages/airflow/example_dags/example_branch_labels.py
[2023-01-12T07:33:14.342+0000] {logging_mixin.py:137} INFO - [2023-01-12T07:33:14.342+0000] {dag.py:2676} INFO - Sync 1 DAGs
[2023-01-12T07:33:14.362+0000] {logging_mixin.py:137} INFO - [2023-01-12T07:33:14.362+0000] {dag.py:3427} INFO - Setting next_dagrun for example_branch_labels to 2023-01-11T00:00:00+00:00, run_after=2023-01-12T00:00:00+00:00
[2023-01-12T07:33:14.377+0000] {processor.py:175} INFO - Processing /home/airflow/.local/lib/python3.7/site-packages/airflow/example_dags/example_branch_labels.py took 0.084 seconds
[2023-01-12T07:33:44.878+0000] {processor.py:153} INFO - Started process (PID=959) to work on /home/airflow/.local/lib/python3.7/site-packages/airflow/example_dags/example_branch_labels.py
[2023-01-12T07:33:44.880+0000] {processor.py:743} INFO - Processing file /home/airflow/.local/lib/python3.7/site-packages/airflow/example_dags/example_branch_labels.py for tasks to queue
[2023-01-12T07:33:44.882+0000] {logging_mixin.py:137} INFO - [2023-01-12T07:33:44.882+0000] {dagbag.py:538} INFO - Filling up the DagBag from /home/airflow/.local/lib/python3.7/site-packages/airflow/example_dags/example_branch_labels.py
[2023-01-12T07:33:44.896+0000] {processor.py:753} INFO - DAG(s) dict_keys(['example_branch_labels']) retrieved from /home/airflow/.local/lib/python3.7/site-packages/airflow/example_dags/example_branch_labels.py
[2023-01-12T07:33:44.930+0000] {logging_mixin.py:137} INFO - [2023-01-12T07:33:44.930+0000] {dag.py:2676} INFO - Sync 1 DAGs
[2023-01-12T07:33:44.955+0000] {logging_mixin.py:137} INFO - [2023-01-12T07:33:44.955+0000] {dag.py:3427} INFO - Setting next_dagrun for example_branch_labels to 2023-01-11T00:00:00+00:00, run_after=2023-01-12T00:00:00+00:00
[2023-01-12T07:33:44.973+0000] {processor.py:175} INFO - Processing /home/airflow/.local/lib/python3.7/site-packages/airflow/example_dags/example_branch_labels.py took 0.100 seconds
[2023-01-12T07:34:15.824+0000] {processor.py:153} INFO - Started process (PID=1022) to work on /home/airflow/.local/lib/python3.7/site-packages/airflow/example_dags/example_branch_labels.py
[2023-01-12T07:34:15.825+0000] {processor.py:743} INFO - Processing file /home/airflow/.local/lib/python3.7/site-packages/airflow/example_dags/example_branch_labels.py for tasks to queue
[2023-01-12T07:34:15.827+0000] {logging_mixin.py:137} INFO - [2023-01-12T07:34:15.827+0000] {dagbag.py:538} INFO - Filling up the DagBag from /home/airflow/.local/lib/python3.7/site-packages/airflow/example_dags/example_branch_labels.py
[2023-01-12T07:34:15.838+0000] {processor.py:753} INFO - DAG(s) dict_keys(['example_branch_labels']) retrieved from /home/airflow/.local/lib/python3.7/site-packages/airflow/example_dags/example_branch_labels.py
[2023-01-12T07:34:15.871+0000] {logging_mixin.py:137} INFO - [2023-01-12T07:34:15.871+0000] {dag.py:2676} INFO - Sync 1 DAGs
[2023-01-12T07:34:15.892+0000] {logging_mixin.py:137} INFO - [2023-01-12T07:34:15.891+0000] {dag.py:3427} INFO - Setting next_dagrun for example_branch_labels to 2023-01-11T00:00:00+00:00, run_after=2023-01-12T00:00:00+00:00
[2023-01-12T07:34:15.910+0000] {processor.py:175} INFO - Processing /home/airflow/.local/lib/python3.7/site-packages/airflow/example_dags/example_branch_labels.py took 0.088 seconds
[2023-01-12T07:34:46.316+0000] {processor.py:153} INFO - Started process (PID=1095) to work on /home/airflow/.local/lib/python3.7/site-packages/airflow/example_dags/example_branch_labels.py
[2023-01-12T07:34:46.319+0000] {processor.py:743} INFO - Processing file /home/airflow/.local/lib/python3.7/site-packages/airflow/example_dags/example_branch_labels.py for tasks to queue
[2023-01-12T07:34:46.320+0000] {logging_mixin.py:137} INFO - [2023-01-12T07:34:46.320+0000] {dagbag.py:538} INFO - Filling up the DagBag from /home/airflow/.local/lib/python3.7/site-packages/airflow/example_dags/example_branch_labels.py
[2023-01-12T07:34:46.333+0000] {processor.py:753} INFO - DAG(s) dict_keys(['example_branch_labels']) retrieved from /home/airflow/.local/lib/python3.7/site-packages/airflow/example_dags/example_branch_labels.py
[2023-01-12T07:34:46.364+0000] {logging_mixin.py:137} INFO - [2023-01-12T07:34:46.364+0000] {dag.py:2676} INFO - Sync 1 DAGs
[2023-01-12T07:34:46.385+0000] {logging_mixin.py:137} INFO - [2023-01-12T07:34:46.385+0000] {dag.py:3427} INFO - Setting next_dagrun for example_branch_labels to 2023-01-11T00:00:00+00:00, run_after=2023-01-12T00:00:00+00:00
[2023-01-12T07:34:46.401+0000] {processor.py:175} INFO - Processing /home/airflow/.local/lib/python3.7/site-packages/airflow/example_dags/example_branch_labels.py took 0.088 seconds
[2023-01-12T07:35:17.326+0000] {processor.py:153} INFO - Started process (PID=1156) to work on /home/airflow/.local/lib/python3.7/site-packages/airflow/example_dags/example_branch_labels.py
[2023-01-12T07:35:17.328+0000] {processor.py:743} INFO - Processing file /home/airflow/.local/lib/python3.7/site-packages/airflow/example_dags/example_branch_labels.py for tasks to queue
[2023-01-12T07:35:17.330+0000] {logging_mixin.py:137} INFO - [2023-01-12T07:35:17.330+0000] {dagbag.py:538} INFO - Filling up the DagBag from /home/airflow/.local/lib/python3.7/site-packages/airflow/example_dags/example_branch_labels.py
[2023-01-12T07:35:17.343+0000] {processor.py:753} INFO - DAG(s) dict_keys(['example_branch_labels']) retrieved from /home/airflow/.local/lib/python3.7/site-packages/airflow/example_dags/example_branch_labels.py
[2023-01-12T07:35:17.376+0000] {logging_mixin.py:137} INFO - [2023-01-12T07:35:17.376+0000] {dag.py:2676} INFO - Sync 1 DAGs
[2023-01-12T07:35:17.396+0000] {logging_mixin.py:137} INFO - [2023-01-12T07:35:17.396+0000] {dag.py:3427} INFO - Setting next_dagrun for example_branch_labels to 2023-01-11T00:00:00+00:00, run_after=2023-01-12T00:00:00+00:00
[2023-01-12T07:35:17.413+0000] {processor.py:175} INFO - Processing /home/airflow/.local/lib/python3.7/site-packages/airflow/example_dags/example_branch_labels.py took 0.089 seconds
[2023-01-12T07:35:48.171+0000] {processor.py:153} INFO - Started process (PID=1230) to work on /home/airflow/.local/lib/python3.7/site-packages/airflow/example_dags/example_branch_labels.py
[2023-01-12T07:35:48.173+0000] {processor.py:743} INFO - Processing file /home/airflow/.local/lib/python3.7/site-packages/airflow/example_dags/example_branch_labels.py for tasks to queue
[2023-01-12T07:35:48.174+0000] {logging_mixin.py:137} INFO - [2023-01-12T07:35:48.174+0000] {dagbag.py:538} INFO - Filling up the DagBag from /home/airflow/.local/lib/python3.7/site-packages/airflow/example_dags/example_branch_labels.py
[2023-01-12T07:35:48.186+0000] {processor.py:753} INFO - DAG(s) dict_keys(['example_branch_labels']) retrieved from /home/airflow/.local/lib/python3.7/site-packages/airflow/example_dags/example_branch_labels.py
[2023-01-12T07:35:48.216+0000] {logging_mixin.py:137} INFO - [2023-01-12T07:35:48.216+0000] {dag.py:2676} INFO - Sync 1 DAGs
[2023-01-12T07:35:48.237+0000] {logging_mixin.py:137} INFO - [2023-01-12T07:35:48.237+0000] {dag.py:3427} INFO - Setting next_dagrun for example_branch_labels to 2023-01-11T00:00:00+00:00, run_after=2023-01-12T00:00:00+00:00
[2023-01-12T07:35:48.251+0000] {processor.py:175} INFO - Processing /home/airflow/.local/lib/python3.7/site-packages/airflow/example_dags/example_branch_labels.py took 0.082 seconds
[2023-01-12T07:36:18.874+0000] {processor.py:153} INFO - Started process (PID=1305) to work on /home/airflow/.local/lib/python3.7/site-packages/airflow/example_dags/example_branch_labels.py
[2023-01-12T07:36:18.877+0000] {processor.py:743} INFO - Processing file /home/airflow/.local/lib/python3.7/site-packages/airflow/example_dags/example_branch_labels.py for tasks to queue
[2023-01-12T07:36:18.878+0000] {logging_mixin.py:137} INFO - [2023-01-12T07:36:18.878+0000] {dagbag.py:538} INFO - Filling up the DagBag from /home/airflow/.local/lib/python3.7/site-packages/airflow/example_dags/example_branch_labels.py
[2023-01-12T07:36:18.890+0000] {processor.py:753} INFO - DAG(s) dict_keys(['example_branch_labels']) retrieved from /home/airflow/.local/lib/python3.7/site-packages/airflow/example_dags/example_branch_labels.py
[2023-01-12T07:36:18.920+0000] {logging_mixin.py:137} INFO - [2023-01-12T07:36:18.920+0000] {dag.py:2676} INFO - Sync 1 DAGs
[2023-01-12T07:36:18.940+0000] {logging_mixin.py:137} INFO - [2023-01-12T07:36:18.940+0000] {dag.py:3427} INFO - Setting next_dagrun for example_branch_labels to 2023-01-11T00:00:00+00:00, run_after=2023-01-12T00:00:00+00:00
[2023-01-12T07:36:18.956+0000] {processor.py:175} INFO - Processing /home/airflow/.local/lib/python3.7/site-packages/airflow/example_dags/example_branch_labels.py took 0.084 seconds
[2023-01-12T07:37:19.734+0000] {processor.py:153} INFO - Started process (PID=51) to work on /home/airflow/.local/lib/python3.7/site-packages/airflow/example_dags/example_branch_labels.py
[2023-01-12T07:37:19.736+0000] {processor.py:743} INFO - Processing file /home/airflow/.local/lib/python3.7/site-packages/airflow/example_dags/example_branch_labels.py for tasks to queue
[2023-01-12T07:37:19.738+0000] {logging_mixin.py:137} INFO - [2023-01-12T07:37:19.738+0000] {dagbag.py:538} INFO - Filling up the DagBag from /home/airflow/.local/lib/python3.7/site-packages/airflow/example_dags/example_branch_labels.py
[2023-01-12T07:37:19.755+0000] {processor.py:753} INFO - DAG(s) dict_keys(['example_branch_labels']) retrieved from /home/airflow/.local/lib/python3.7/site-packages/airflow/example_dags/example_branch_labels.py
[2023-01-12T07:37:19.817+0000] {logging_mixin.py:137} INFO - [2023-01-12T07:37:19.817+0000] {dag.py:2676} INFO - Sync 1 DAGs
[2023-01-12T07:37:19.859+0000] {logging_mixin.py:137} INFO - [2023-01-12T07:37:19.859+0000] {dag.py:3427} INFO - Setting next_dagrun for example_branch_labels to 2023-01-11T00:00:00+00:00, run_after=2023-01-12T00:00:00+00:00
[2023-01-12T07:37:19.881+0000] {processor.py:175} INFO - Processing /home/airflow/.local/lib/python3.7/site-packages/airflow/example_dags/example_branch_labels.py took 0.151 seconds
[2023-01-12T07:37:50.269+0000] {processor.py:153} INFO - Started process (PID=125) to work on /home/airflow/.local/lib/python3.7/site-packages/airflow/example_dags/example_branch_labels.py
[2023-01-12T07:37:50.271+0000] {processor.py:743} INFO - Processing file /home/airflow/.local/lib/python3.7/site-packages/airflow/example_dags/example_branch_labels.py for tasks to queue
[2023-01-12T07:37:50.272+0000] {logging_mixin.py:137} INFO - [2023-01-12T07:37:50.272+0000] {dagbag.py:538} INFO - Filling up the DagBag from /home/airflow/.local/lib/python3.7/site-packages/airflow/example_dags/example_branch_labels.py
[2023-01-12T07:37:50.286+0000] {processor.py:753} INFO - DAG(s) dict_keys(['example_branch_labels']) retrieved from /home/airflow/.local/lib/python3.7/site-packages/airflow/example_dags/example_branch_labels.py
[2023-01-12T07:37:50.314+0000] {logging_mixin.py:137} INFO - [2023-01-12T07:37:50.314+0000] {dag.py:2676} INFO - Sync 1 DAGs
[2023-01-12T07:37:50.333+0000] {logging_mixin.py:137} INFO - [2023-01-12T07:37:50.333+0000] {dag.py:3427} INFO - Setting next_dagrun for example_branch_labels to 2023-01-11T00:00:00+00:00, run_after=2023-01-12T00:00:00+00:00
[2023-01-12T07:37:50.345+0000] {processor.py:175} INFO - Processing /home/airflow/.local/lib/python3.7/site-packages/airflow/example_dags/example_branch_labels.py took 0.079 seconds
[2023-01-12T07:38:21.239+0000] {processor.py:153} INFO - Started process (PID=199) to work on /home/airflow/.local/lib/python3.7/site-packages/airflow/example_dags/example_branch_labels.py
[2023-01-12T07:38:21.240+0000] {processor.py:743} INFO - Processing file /home/airflow/.local/lib/python3.7/site-packages/airflow/example_dags/example_branch_labels.py for tasks to queue
[2023-01-12T07:38:21.243+0000] {logging_mixin.py:137} INFO - [2023-01-12T07:38:21.242+0000] {dagbag.py:538} INFO - Filling up the DagBag from /home/airflow/.local/lib/python3.7/site-packages/airflow/example_dags/example_branch_labels.py
[2023-01-12T07:38:21.266+0000] {processor.py:753} INFO - DAG(s) dict_keys(['example_branch_labels']) retrieved from /home/airflow/.local/lib/python3.7/site-packages/airflow/example_dags/example_branch_labels.py
[2023-01-12T07:38:21.302+0000] {logging_mixin.py:137} INFO - [2023-01-12T07:38:21.302+0000] {dag.py:2676} INFO - Sync 1 DAGs
[2023-01-12T07:38:21.326+0000] {logging_mixin.py:137} INFO - [2023-01-12T07:38:21.326+0000] {dag.py:3427} INFO - Setting next_dagrun for example_branch_labels to 2023-01-11T00:00:00+00:00, run_after=2023-01-12T00:00:00+00:00
[2023-01-12T07:38:21.342+0000] {processor.py:175} INFO - Processing /home/airflow/.local/lib/python3.7/site-packages/airflow/example_dags/example_branch_labels.py took 0.105 seconds
[2023-01-12T07:38:51.905+0000] {processor.py:153} INFO - Started process (PID=262) to work on /home/airflow/.local/lib/python3.7/site-packages/airflow/example_dags/example_branch_labels.py
[2023-01-12T07:38:51.907+0000] {processor.py:743} INFO - Processing file /home/airflow/.local/lib/python3.7/site-packages/airflow/example_dags/example_branch_labels.py for tasks to queue
[2023-01-12T07:38:51.908+0000] {logging_mixin.py:137} INFO - [2023-01-12T07:38:51.908+0000] {dagbag.py:538} INFO - Filling up the DagBag from /home/airflow/.local/lib/python3.7/site-packages/airflow/example_dags/example_branch_labels.py
[2023-01-12T07:38:51.920+0000] {processor.py:753} INFO - DAG(s) dict_keys(['example_branch_labels']) retrieved from /home/airflow/.local/lib/python3.7/site-packages/airflow/example_dags/example_branch_labels.py
[2023-01-12T07:38:51.952+0000] {logging_mixin.py:137} INFO - [2023-01-12T07:38:51.952+0000] {dag.py:2676} INFO - Sync 1 DAGs
[2023-01-12T07:38:51.971+0000] {logging_mixin.py:137} INFO - [2023-01-12T07:38:51.971+0000] {dag.py:3427} INFO - Setting next_dagrun for example_branch_labels to 2023-01-11T00:00:00+00:00, run_after=2023-01-12T00:00:00+00:00
[2023-01-12T07:38:51.985+0000] {processor.py:175} INFO - Processing /home/airflow/.local/lib/python3.7/site-packages/airflow/example_dags/example_branch_labels.py took 0.083 seconds
[2023-01-12T07:39:22.533+0000] {processor.py:153} INFO - Started process (PID=336) to work on /home/airflow/.local/lib/python3.7/site-packages/airflow/example_dags/example_branch_labels.py
[2023-01-12T07:39:22.536+0000] {processor.py:743} INFO - Processing file /home/airflow/.local/lib/python3.7/site-packages/airflow/example_dags/example_branch_labels.py for tasks to queue
[2023-01-12T07:39:22.538+0000] {logging_mixin.py:137} INFO - [2023-01-12T07:39:22.537+0000] {dagbag.py:538} INFO - Filling up the DagBag from /home/airflow/.local/lib/python3.7/site-packages/airflow/example_dags/example_branch_labels.py
[2023-01-12T07:39:22.550+0000] {processor.py:753} INFO - DAG(s) dict_keys(['example_branch_labels']) retrieved from /home/airflow/.local/lib/python3.7/site-packages/airflow/example_dags/example_branch_labels.py
[2023-01-12T07:39:22.580+0000] {logging_mixin.py:137} INFO - [2023-01-12T07:39:22.580+0000] {dag.py:2676} INFO - Sync 1 DAGs
[2023-01-12T07:39:22.599+0000] {logging_mixin.py:137} INFO - [2023-01-12T07:39:22.599+0000] {dag.py:3427} INFO - Setting next_dagrun for example_branch_labels to 2023-01-11T00:00:00+00:00, run_after=2023-01-12T00:00:00+00:00
[2023-01-12T07:39:22.615+0000] {processor.py:175} INFO - Processing /home/airflow/.local/lib/python3.7/site-packages/airflow/example_dags/example_branch_labels.py took 0.084 seconds
[2023-01-12T07:40:37.075+0000] {processor.py:153} INFO - Started process (PID=51) to work on /home/airflow/.local/lib/python3.7/site-packages/airflow/example_dags/example_branch_labels.py
[2023-01-12T07:40:37.079+0000] {processor.py:743} INFO - Processing file /home/airflow/.local/lib/python3.7/site-packages/airflow/example_dags/example_branch_labels.py for tasks to queue
[2023-01-12T07:40:37.082+0000] {logging_mixin.py:137} INFO - [2023-01-12T07:40:37.081+0000] {dagbag.py:538} INFO - Filling up the DagBag from /home/airflow/.local/lib/python3.7/site-packages/airflow/example_dags/example_branch_labels.py
[2023-01-12T07:40:37.101+0000] {processor.py:753} INFO - DAG(s) dict_keys(['example_branch_labels']) retrieved from /home/airflow/.local/lib/python3.7/site-packages/airflow/example_dags/example_branch_labels.py
[2023-01-12T07:40:37.145+0000] {logging_mixin.py:137} INFO - [2023-01-12T07:40:37.145+0000] {dag.py:2676} INFO - Sync 1 DAGs
[2023-01-12T07:40:37.174+0000] {logging_mixin.py:137} INFO - [2023-01-12T07:40:37.174+0000] {dag.py:3427} INFO - Setting next_dagrun for example_branch_labels to 2023-01-11T00:00:00+00:00, run_after=2023-01-12T00:00:00+00:00
[2023-01-12T07:40:37.200+0000] {processor.py:175} INFO - Processing /home/airflow/.local/lib/python3.7/site-packages/airflow/example_dags/example_branch_labels.py took 0.128 seconds
[2023-01-12T07:41:07.263+0000] {processor.py:153} INFO - Started process (PID=128) to work on /home/airflow/.local/lib/python3.7/site-packages/airflow/example_dags/example_branch_labels.py
[2023-01-12T07:41:07.265+0000] {processor.py:743} INFO - Processing file /home/airflow/.local/lib/python3.7/site-packages/airflow/example_dags/example_branch_labels.py for tasks to queue
[2023-01-12T07:41:07.267+0000] {logging_mixin.py:137} INFO - [2023-01-12T07:41:07.267+0000] {dagbag.py:538} INFO - Filling up the DagBag from /home/airflow/.local/lib/python3.7/site-packages/airflow/example_dags/example_branch_labels.py
[2023-01-12T07:41:07.281+0000] {processor.py:753} INFO - DAG(s) dict_keys(['example_branch_labels']) retrieved from /home/airflow/.local/lib/python3.7/site-packages/airflow/example_dags/example_branch_labels.py
[2023-01-12T07:41:07.312+0000] {logging_mixin.py:137} INFO - [2023-01-12T07:41:07.312+0000] {dag.py:2676} INFO - Sync 1 DAGs
[2023-01-12T07:41:07.333+0000] {logging_mixin.py:137} INFO - [2023-01-12T07:41:07.333+0000] {dag.py:3427} INFO - Setting next_dagrun for example_branch_labels to 2023-01-11T00:00:00+00:00, run_after=2023-01-12T00:00:00+00:00
[2023-01-12T07:41:07.348+0000] {processor.py:175} INFO - Processing /home/airflow/.local/lib/python3.7/site-packages/airflow/example_dags/example_branch_labels.py took 0.087 seconds
[2023-01-12T07:41:37.513+0000] {processor.py:153} INFO - Started process (PID=196) to work on /home/airflow/.local/lib/python3.7/site-packages/airflow/example_dags/example_branch_labels.py
[2023-01-12T07:41:37.514+0000] {processor.py:743} INFO - Processing file /home/airflow/.local/lib/python3.7/site-packages/airflow/example_dags/example_branch_labels.py for tasks to queue
[2023-01-12T07:41:37.515+0000] {logging_mixin.py:137} INFO - [2023-01-12T07:41:37.515+0000] {dagbag.py:538} INFO - Filling up the DagBag from /home/airflow/.local/lib/python3.7/site-packages/airflow/example_dags/example_branch_labels.py
[2023-01-12T07:41:37.528+0000] {processor.py:753} INFO - DAG(s) dict_keys(['example_branch_labels']) retrieved from /home/airflow/.local/lib/python3.7/site-packages/airflow/example_dags/example_branch_labels.py
[2023-01-12T07:41:37.556+0000] {logging_mixin.py:137} INFO - [2023-01-12T07:41:37.556+0000] {dag.py:2676} INFO - Sync 1 DAGs
[2023-01-12T07:41:37.578+0000] {logging_mixin.py:137} INFO - [2023-01-12T07:41:37.577+0000] {dag.py:3427} INFO - Setting next_dagrun for example_branch_labels to 2023-01-11T00:00:00+00:00, run_after=2023-01-12T00:00:00+00:00
[2023-01-12T07:41:37.593+0000] {processor.py:175} INFO - Processing /home/airflow/.local/lib/python3.7/site-packages/airflow/example_dags/example_branch_labels.py took 0.083 seconds
[2023-01-12T07:42:07.699+0000] {processor.py:153} INFO - Started process (PID=263) to work on /home/airflow/.local/lib/python3.7/site-packages/airflow/example_dags/example_branch_labels.py
[2023-01-12T07:42:07.701+0000] {processor.py:743} INFO - Processing file /home/airflow/.local/lib/python3.7/site-packages/airflow/example_dags/example_branch_labels.py for tasks to queue
[2023-01-12T07:42:07.704+0000] {logging_mixin.py:137} INFO - [2023-01-12T07:42:07.703+0000] {dagbag.py:538} INFO - Filling up the DagBag from /home/airflow/.local/lib/python3.7/site-packages/airflow/example_dags/example_branch_labels.py
[2023-01-12T07:42:07.716+0000] {processor.py:753} INFO - DAG(s) dict_keys(['example_branch_labels']) retrieved from /home/airflow/.local/lib/python3.7/site-packages/airflow/example_dags/example_branch_labels.py
[2023-01-12T07:42:07.747+0000] {logging_mixin.py:137} INFO - [2023-01-12T07:42:07.747+0000] {dag.py:2676} INFO - Sync 1 DAGs
[2023-01-12T07:42:07.767+0000] {logging_mixin.py:137} INFO - [2023-01-12T07:42:07.767+0000] {dag.py:3427} INFO - Setting next_dagrun for example_branch_labels to 2023-01-11T00:00:00+00:00, run_after=2023-01-12T00:00:00+00:00
[2023-01-12T07:42:07.783+0000] {processor.py:175} INFO - Processing /home/airflow/.local/lib/python3.7/site-packages/airflow/example_dags/example_branch_labels.py took 0.086 seconds
[2023-01-12T07:42:38.417+0000] {processor.py:153} INFO - Started process (PID=339) to work on /home/airflow/.local/lib/python3.7/site-packages/airflow/example_dags/example_branch_labels.py
[2023-01-12T07:42:38.419+0000] {processor.py:743} INFO - Processing file /home/airflow/.local/lib/python3.7/site-packages/airflow/example_dags/example_branch_labels.py for tasks to queue
[2023-01-12T07:42:38.420+0000] {logging_mixin.py:137} INFO - [2023-01-12T07:42:38.420+0000] {dagbag.py:538} INFO - Filling up the DagBag from /home/airflow/.local/lib/python3.7/site-packages/airflow/example_dags/example_branch_labels.py
[2023-01-12T07:42:38.432+0000] {processor.py:753} INFO - DAG(s) dict_keys(['example_branch_labels']) retrieved from /home/airflow/.local/lib/python3.7/site-packages/airflow/example_dags/example_branch_labels.py
[2023-01-12T07:42:38.460+0000] {logging_mixin.py:137} INFO - [2023-01-12T07:42:38.460+0000] {dag.py:2676} INFO - Sync 1 DAGs
[2023-01-12T07:42:38.479+0000] {logging_mixin.py:137} INFO - [2023-01-12T07:42:38.479+0000] {dag.py:3427} INFO - Setting next_dagrun for example_branch_labels to 2023-01-11T00:00:00+00:00, run_after=2023-01-12T00:00:00+00:00
[2023-01-12T07:42:38.494+0000] {processor.py:175} INFO - Processing /home/airflow/.local/lib/python3.7/site-packages/airflow/example_dags/example_branch_labels.py took 0.080 seconds
[2023-01-12T07:43:09.056+0000] {processor.py:153} INFO - Started process (PID=401) to work on /home/airflow/.local/lib/python3.7/site-packages/airflow/example_dags/example_branch_labels.py
[2023-01-12T07:43:09.058+0000] {processor.py:743} INFO - Processing file /home/airflow/.local/lib/python3.7/site-packages/airflow/example_dags/example_branch_labels.py for tasks to queue
[2023-01-12T07:43:09.060+0000] {logging_mixin.py:137} INFO - [2023-01-12T07:43:09.060+0000] {dagbag.py:538} INFO - Filling up the DagBag from /home/airflow/.local/lib/python3.7/site-packages/airflow/example_dags/example_branch_labels.py
[2023-01-12T07:43:09.072+0000] {processor.py:753} INFO - DAG(s) dict_keys(['example_branch_labels']) retrieved from /home/airflow/.local/lib/python3.7/site-packages/airflow/example_dags/example_branch_labels.py
[2023-01-12T07:43:09.101+0000] {logging_mixin.py:137} INFO - [2023-01-12T07:43:09.101+0000] {dag.py:2676} INFO - Sync 1 DAGs
[2023-01-12T07:43:09.121+0000] {logging_mixin.py:137} INFO - [2023-01-12T07:43:09.121+0000] {dag.py:3427} INFO - Setting next_dagrun for example_branch_labels to 2023-01-11T00:00:00+00:00, run_after=2023-01-12T00:00:00+00:00
[2023-01-12T07:43:09.135+0000] {processor.py:175} INFO - Processing /home/airflow/.local/lib/python3.7/site-packages/airflow/example_dags/example_branch_labels.py took 0.081 seconds
[2023-01-12T07:43:39.861+0000] {processor.py:153} INFO - Started process (PID=473) to work on /home/airflow/.local/lib/python3.7/site-packages/airflow/example_dags/example_branch_labels.py
[2023-01-12T07:43:39.863+0000] {processor.py:743} INFO - Processing file /home/airflow/.local/lib/python3.7/site-packages/airflow/example_dags/example_branch_labels.py for tasks to queue
[2023-01-12T07:43:39.865+0000] {logging_mixin.py:137} INFO - [2023-01-12T07:43:39.865+0000] {dagbag.py:538} INFO - Filling up the DagBag from /home/airflow/.local/lib/python3.7/site-packages/airflow/example_dags/example_branch_labels.py
[2023-01-12T07:43:39.877+0000] {processor.py:753} INFO - DAG(s) dict_keys(['example_branch_labels']) retrieved from /home/airflow/.local/lib/python3.7/site-packages/airflow/example_dags/example_branch_labels.py
[2023-01-12T07:43:39.906+0000] {logging_mixin.py:137} INFO - [2023-01-12T07:43:39.906+0000] {dag.py:2676} INFO - Sync 1 DAGs
[2023-01-12T07:43:39.925+0000] {logging_mixin.py:137} INFO - [2023-01-12T07:43:39.925+0000] {dag.py:3427} INFO - Setting next_dagrun for example_branch_labels to 2023-01-11T00:00:00+00:00, run_after=2023-01-12T00:00:00+00:00
[2023-01-12T07:43:39.939+0000] {processor.py:175} INFO - Processing /home/airflow/.local/lib/python3.7/site-packages/airflow/example_dags/example_branch_labels.py took 0.080 seconds
[2023-01-12T07:44:11.108+0000] {processor.py:153} INFO - Started process (PID=547) to work on /home/airflow/.local/lib/python3.7/site-packages/airflow/example_dags/example_branch_labels.py
[2023-01-12T07:44:11.110+0000] {processor.py:743} INFO - Processing file /home/airflow/.local/lib/python3.7/site-packages/airflow/example_dags/example_branch_labels.py for tasks to queue
[2023-01-12T07:44:11.112+0000] {logging_mixin.py:137} INFO - [2023-01-12T07:44:11.111+0000] {dagbag.py:538} INFO - Filling up the DagBag from /home/airflow/.local/lib/python3.7/site-packages/airflow/example_dags/example_branch_labels.py
[2023-01-12T07:44:11.127+0000] {processor.py:753} INFO - DAG(s) dict_keys(['example_branch_labels']) retrieved from /home/airflow/.local/lib/python3.7/site-packages/airflow/example_dags/example_branch_labels.py
[2023-01-12T07:44:11.160+0000] {logging_mixin.py:137} INFO - [2023-01-12T07:44:11.160+0000] {dag.py:2676} INFO - Sync 1 DAGs
[2023-01-12T07:44:11.181+0000] {logging_mixin.py:137} INFO - [2023-01-12T07:44:11.181+0000] {dag.py:3427} INFO - Setting next_dagrun for example_branch_labels to 2023-01-11T00:00:00+00:00, run_after=2023-01-12T00:00:00+00:00
[2023-01-12T07:44:11.197+0000] {processor.py:175} INFO - Processing /home/airflow/.local/lib/python3.7/site-packages/airflow/example_dags/example_branch_labels.py took 0.093 seconds
[2023-01-12T07:44:41.812+0000] {processor.py:153} INFO - Started process (PID=609) to work on /home/airflow/.local/lib/python3.7/site-packages/airflow/example_dags/example_branch_labels.py
[2023-01-12T07:44:41.814+0000] {processor.py:743} INFO - Processing file /home/airflow/.local/lib/python3.7/site-packages/airflow/example_dags/example_branch_labels.py for tasks to queue
[2023-01-12T07:44:41.817+0000] {logging_mixin.py:137} INFO - [2023-01-12T07:44:41.817+0000] {dagbag.py:538} INFO - Filling up the DagBag from /home/airflow/.local/lib/python3.7/site-packages/airflow/example_dags/example_branch_labels.py
[2023-01-12T07:44:41.828+0000] {processor.py:753} INFO - DAG(s) dict_keys(['example_branch_labels']) retrieved from /home/airflow/.local/lib/python3.7/site-packages/airflow/example_dags/example_branch_labels.py
[2023-01-12T07:44:41.859+0000] {logging_mixin.py:137} INFO - [2023-01-12T07:44:41.859+0000] {dag.py:2676} INFO - Sync 1 DAGs
[2023-01-12T07:44:41.881+0000] {logging_mixin.py:137} INFO - [2023-01-12T07:44:41.880+0000] {dag.py:3427} INFO - Setting next_dagrun for example_branch_labels to 2023-01-11T00:00:00+00:00, run_after=2023-01-12T00:00:00+00:00
[2023-01-12T07:44:41.897+0000] {processor.py:175} INFO - Processing /home/airflow/.local/lib/python3.7/site-packages/airflow/example_dags/example_branch_labels.py took 0.088 seconds
[2023-01-12T07:45:12.307+0000] {processor.py:153} INFO - Started process (PID=684) to work on /home/airflow/.local/lib/python3.7/site-packages/airflow/example_dags/example_branch_labels.py
[2023-01-12T07:45:12.309+0000] {processor.py:743} INFO - Processing file /home/airflow/.local/lib/python3.7/site-packages/airflow/example_dags/example_branch_labels.py for tasks to queue
[2023-01-12T07:45:12.311+0000] {logging_mixin.py:137} INFO - [2023-01-12T07:45:12.311+0000] {dagbag.py:538} INFO - Filling up the DagBag from /home/airflow/.local/lib/python3.7/site-packages/airflow/example_dags/example_branch_labels.py
[2023-01-12T07:45:12.323+0000] {processor.py:753} INFO - DAG(s) dict_keys(['example_branch_labels']) retrieved from /home/airflow/.local/lib/python3.7/site-packages/airflow/example_dags/example_branch_labels.py
[2023-01-12T07:45:12.352+0000] {logging_mixin.py:137} INFO - [2023-01-12T07:45:12.352+0000] {dag.py:2676} INFO - Sync 1 DAGs
[2023-01-12T07:45:12.376+0000] {logging_mixin.py:137} INFO - [2023-01-12T07:45:12.375+0000] {dag.py:3427} INFO - Setting next_dagrun for example_branch_labels to 2023-01-11T00:00:00+00:00, run_after=2023-01-12T00:00:00+00:00
[2023-01-12T07:45:12.395+0000] {processor.py:175} INFO - Processing /home/airflow/.local/lib/python3.7/site-packages/airflow/example_dags/example_branch_labels.py took 0.091 seconds
[2023-01-12T07:45:43.176+0000] {processor.py:153} INFO - Started process (PID=755) to work on /home/airflow/.local/lib/python3.7/site-packages/airflow/example_dags/example_branch_labels.py
[2023-01-12T07:45:43.177+0000] {processor.py:743} INFO - Processing file /home/airflow/.local/lib/python3.7/site-packages/airflow/example_dags/example_branch_labels.py for tasks to queue
[2023-01-12T07:45:43.180+0000] {logging_mixin.py:137} INFO - [2023-01-12T07:45:43.180+0000] {dagbag.py:538} INFO - Filling up the DagBag from /home/airflow/.local/lib/python3.7/site-packages/airflow/example_dags/example_branch_labels.py
[2023-01-12T07:45:43.205+0000] {processor.py:753} INFO - DAG(s) dict_keys(['example_branch_labels']) retrieved from /home/airflow/.local/lib/python3.7/site-packages/airflow/example_dags/example_branch_labels.py
[2023-01-12T07:45:43.261+0000] {logging_mixin.py:137} INFO - [2023-01-12T07:45:43.261+0000] {dag.py:2676} INFO - Sync 1 DAGs
[2023-01-12T07:45:43.287+0000] {logging_mixin.py:137} INFO - [2023-01-12T07:45:43.287+0000] {dag.py:3427} INFO - Setting next_dagrun for example_branch_labels to 2023-01-11T00:00:00+00:00, run_after=2023-01-12T00:00:00+00:00
[2023-01-12T07:45:43.303+0000] {processor.py:175} INFO - Processing /home/airflow/.local/lib/python3.7/site-packages/airflow/example_dags/example_branch_labels.py took 0.130 seconds
[2023-01-12T07:46:14.071+0000] {processor.py:153} INFO - Started process (PID=820) to work on /home/airflow/.local/lib/python3.7/site-packages/airflow/example_dags/example_branch_labels.py
[2023-01-12T07:46:14.074+0000] {processor.py:743} INFO - Processing file /home/airflow/.local/lib/python3.7/site-packages/airflow/example_dags/example_branch_labels.py for tasks to queue
[2023-01-12T07:46:14.075+0000] {logging_mixin.py:137} INFO - [2023-01-12T07:46:14.075+0000] {dagbag.py:538} INFO - Filling up the DagBag from /home/airflow/.local/lib/python3.7/site-packages/airflow/example_dags/example_branch_labels.py
[2023-01-12T07:46:14.088+0000] {processor.py:753} INFO - DAG(s) dict_keys(['example_branch_labels']) retrieved from /home/airflow/.local/lib/python3.7/site-packages/airflow/example_dags/example_branch_labels.py
[2023-01-12T07:46:14.118+0000] {logging_mixin.py:137} INFO - [2023-01-12T07:46:14.118+0000] {dag.py:2676} INFO - Sync 1 DAGs
[2023-01-12T07:46:14.137+0000] {logging_mixin.py:137} INFO - [2023-01-12T07:46:14.136+0000] {dag.py:3427} INFO - Setting next_dagrun for example_branch_labels to 2023-01-11T00:00:00+00:00, run_after=2023-01-12T00:00:00+00:00
[2023-01-12T07:46:14.153+0000] {processor.py:175} INFO - Processing /home/airflow/.local/lib/python3.7/site-packages/airflow/example_dags/example_branch_labels.py took 0.084 seconds
[2023-01-12T07:46:44.843+0000] {processor.py:153} INFO - Started process (PID=895) to work on /home/airflow/.local/lib/python3.7/site-packages/airflow/example_dags/example_branch_labels.py
[2023-01-12T07:46:44.845+0000] {processor.py:743} INFO - Processing file /home/airflow/.local/lib/python3.7/site-packages/airflow/example_dags/example_branch_labels.py for tasks to queue
[2023-01-12T07:46:44.847+0000] {logging_mixin.py:137} INFO - [2023-01-12T07:46:44.847+0000] {dagbag.py:538} INFO - Filling up the DagBag from /home/airflow/.local/lib/python3.7/site-packages/airflow/example_dags/example_branch_labels.py
[2023-01-12T07:46:44.861+0000] {processor.py:753} INFO - DAG(s) dict_keys(['example_branch_labels']) retrieved from /home/airflow/.local/lib/python3.7/site-packages/airflow/example_dags/example_branch_labels.py
[2023-01-12T07:46:44.893+0000] {logging_mixin.py:137} INFO - [2023-01-12T07:46:44.893+0000] {dag.py:2676} INFO - Sync 1 DAGs
[2023-01-12T07:46:44.912+0000] {logging_mixin.py:137} INFO - [2023-01-12T07:46:44.912+0000] {dag.py:3427} INFO - Setting next_dagrun for example_branch_labels to 2023-01-11T00:00:00+00:00, run_after=2023-01-12T00:00:00+00:00
[2023-01-12T07:46:44.926+0000] {processor.py:175} INFO - Processing /home/airflow/.local/lib/python3.7/site-packages/airflow/example_dags/example_branch_labels.py took 0.085 seconds
[2023-01-12T07:47:15.603+0000] {processor.py:153} INFO - Started process (PID=957) to work on /home/airflow/.local/lib/python3.7/site-packages/airflow/example_dags/example_branch_labels.py
[2023-01-12T07:47:15.605+0000] {processor.py:743} INFO - Processing file /home/airflow/.local/lib/python3.7/site-packages/airflow/example_dags/example_branch_labels.py for tasks to queue
[2023-01-12T07:47:15.607+0000] {logging_mixin.py:137} INFO - [2023-01-12T07:47:15.607+0000] {dagbag.py:538} INFO - Filling up the DagBag from /home/airflow/.local/lib/python3.7/site-packages/airflow/example_dags/example_branch_labels.py
[2023-01-12T07:47:15.621+0000] {processor.py:753} INFO - DAG(s) dict_keys(['example_branch_labels']) retrieved from /home/airflow/.local/lib/python3.7/site-packages/airflow/example_dags/example_branch_labels.py
[2023-01-12T07:47:15.653+0000] {logging_mixin.py:137} INFO - [2023-01-12T07:47:15.653+0000] {dag.py:2676} INFO - Sync 1 DAGs
[2023-01-12T07:47:15.680+0000] {logging_mixin.py:137} INFO - [2023-01-12T07:47:15.680+0000] {dag.py:3427} INFO - Setting next_dagrun for example_branch_labels to 2023-01-11T00:00:00+00:00, run_after=2023-01-12T00:00:00+00:00
[2023-01-12T07:47:15.697+0000] {processor.py:175} INFO - Processing /home/airflow/.local/lib/python3.7/site-packages/airflow/example_dags/example_branch_labels.py took 0.097 seconds
[2023-01-12T07:47:45.898+0000] {processor.py:153} INFO - Started process (PID=1033) to work on /home/airflow/.local/lib/python3.7/site-packages/airflow/example_dags/example_branch_labels.py
[2023-01-12T07:47:45.900+0000] {processor.py:743} INFO - Processing file /home/airflow/.local/lib/python3.7/site-packages/airflow/example_dags/example_branch_labels.py for tasks to queue
[2023-01-12T07:47:45.902+0000] {logging_mixin.py:137} INFO - [2023-01-12T07:47:45.902+0000] {dagbag.py:538} INFO - Filling up the DagBag from /home/airflow/.local/lib/python3.7/site-packages/airflow/example_dags/example_branch_labels.py
[2023-01-12T07:47:45.915+0000] {processor.py:753} INFO - DAG(s) dict_keys(['example_branch_labels']) retrieved from /home/airflow/.local/lib/python3.7/site-packages/airflow/example_dags/example_branch_labels.py
[2023-01-12T07:47:45.945+0000] {logging_mixin.py:137} INFO - [2023-01-12T07:47:45.944+0000] {dag.py:2676} INFO - Sync 1 DAGs
[2023-01-12T07:47:45.964+0000] {logging_mixin.py:137} INFO - [2023-01-12T07:47:45.964+0000] {dag.py:3427} INFO - Setting next_dagrun for example_branch_labels to 2023-01-11T00:00:00+00:00, run_after=2023-01-12T00:00:00+00:00
[2023-01-12T07:47:45.981+0000] {processor.py:175} INFO - Processing /home/airflow/.local/lib/python3.7/site-packages/airflow/example_dags/example_branch_labels.py took 0.085 seconds
[2023-01-12T07:48:16.727+0000] {processor.py:153} INFO - Started process (PID=1106) to work on /home/airflow/.local/lib/python3.7/site-packages/airflow/example_dags/example_branch_labels.py
[2023-01-12T07:48:16.730+0000] {processor.py:743} INFO - Processing file /home/airflow/.local/lib/python3.7/site-packages/airflow/example_dags/example_branch_labels.py for tasks to queue
[2023-01-12T07:48:16.734+0000] {logging_mixin.py:137} INFO - [2023-01-12T07:48:16.733+0000] {dagbag.py:538} INFO - Filling up the DagBag from /home/airflow/.local/lib/python3.7/site-packages/airflow/example_dags/example_branch_labels.py
[2023-01-12T07:48:16.749+0000] {processor.py:753} INFO - DAG(s) dict_keys(['example_branch_labels']) retrieved from /home/airflow/.local/lib/python3.7/site-packages/airflow/example_dags/example_branch_labels.py
[2023-01-12T07:48:16.797+0000] {logging_mixin.py:137} INFO - [2023-01-12T07:48:16.797+0000] {dag.py:2676} INFO - Sync 1 DAGs
[2023-01-12T07:48:16.828+0000] {logging_mixin.py:137} INFO - [2023-01-12T07:48:16.827+0000] {dag.py:3427} INFO - Setting next_dagrun for example_branch_labels to 2023-01-11T00:00:00+00:00, run_after=2023-01-12T00:00:00+00:00
[2023-01-12T07:48:16.863+0000] {processor.py:175} INFO - Processing /home/airflow/.local/lib/python3.7/site-packages/airflow/example_dags/example_branch_labels.py took 0.140 seconds
[2023-01-12T07:48:47.332+0000] {processor.py:153} INFO - Started process (PID=1167) to work on /home/airflow/.local/lib/python3.7/site-packages/airflow/example_dags/example_branch_labels.py
[2023-01-12T07:48:47.334+0000] {processor.py:743} INFO - Processing file /home/airflow/.local/lib/python3.7/site-packages/airflow/example_dags/example_branch_labels.py for tasks to queue
[2023-01-12T07:48:47.336+0000] {logging_mixin.py:137} INFO - [2023-01-12T07:48:47.335+0000] {dagbag.py:538} INFO - Filling up the DagBag from /home/airflow/.local/lib/python3.7/site-packages/airflow/example_dags/example_branch_labels.py
[2023-01-12T07:48:47.348+0000] {processor.py:753} INFO - DAG(s) dict_keys(['example_branch_labels']) retrieved from /home/airflow/.local/lib/python3.7/site-packages/airflow/example_dags/example_branch_labels.py
[2023-01-12T07:48:47.382+0000] {logging_mixin.py:137} INFO - [2023-01-12T07:48:47.382+0000] {dag.py:2676} INFO - Sync 1 DAGs
[2023-01-12T07:48:47.402+0000] {logging_mixin.py:137} INFO - [2023-01-12T07:48:47.402+0000] {dag.py:3427} INFO - Setting next_dagrun for example_branch_labels to 2023-01-11T00:00:00+00:00, run_after=2023-01-12T00:00:00+00:00
[2023-01-12T07:48:47.419+0000] {processor.py:175} INFO - Processing /home/airflow/.local/lib/python3.7/site-packages/airflow/example_dags/example_branch_labels.py took 0.089 seconds
[2023-01-12T07:49:17.883+0000] {processor.py:153} INFO - Started process (PID=1243) to work on /home/airflow/.local/lib/python3.7/site-packages/airflow/example_dags/example_branch_labels.py
[2023-01-12T07:49:17.885+0000] {processor.py:743} INFO - Processing file /home/airflow/.local/lib/python3.7/site-packages/airflow/example_dags/example_branch_labels.py for tasks to queue
[2023-01-12T07:49:17.886+0000] {logging_mixin.py:137} INFO - [2023-01-12T07:49:17.886+0000] {dagbag.py:538} INFO - Filling up the DagBag from /home/airflow/.local/lib/python3.7/site-packages/airflow/example_dags/example_branch_labels.py
[2023-01-12T07:49:17.898+0000] {processor.py:753} INFO - DAG(s) dict_keys(['example_branch_labels']) retrieved from /home/airflow/.local/lib/python3.7/site-packages/airflow/example_dags/example_branch_labels.py
[2023-01-12T07:49:17.927+0000] {logging_mixin.py:137} INFO - [2023-01-12T07:49:17.927+0000] {dag.py:2676} INFO - Sync 1 DAGs
[2023-01-12T07:49:17.946+0000] {logging_mixin.py:137} INFO - [2023-01-12T07:49:17.946+0000] {dag.py:3427} INFO - Setting next_dagrun for example_branch_labels to 2023-01-11T00:00:00+00:00, run_after=2023-01-12T00:00:00+00:00
[2023-01-12T07:49:17.959+0000] {processor.py:175} INFO - Processing /home/airflow/.local/lib/python3.7/site-packages/airflow/example_dags/example_branch_labels.py took 0.078 seconds
[2023-01-12T07:49:48.727+0000] {processor.py:153} INFO - Started process (PID=1305) to work on /home/airflow/.local/lib/python3.7/site-packages/airflow/example_dags/example_branch_labels.py
[2023-01-12T07:49:48.733+0000] {processor.py:743} INFO - Processing file /home/airflow/.local/lib/python3.7/site-packages/airflow/example_dags/example_branch_labels.py for tasks to queue
[2023-01-12T07:49:48.735+0000] {logging_mixin.py:137} INFO - [2023-01-12T07:49:48.734+0000] {dagbag.py:538} INFO - Filling up the DagBag from /home/airflow/.local/lib/python3.7/site-packages/airflow/example_dags/example_branch_labels.py
[2023-01-12T07:49:48.753+0000] {processor.py:753} INFO - DAG(s) dict_keys(['example_branch_labels']) retrieved from /home/airflow/.local/lib/python3.7/site-packages/airflow/example_dags/example_branch_labels.py
[2023-01-12T07:49:48.794+0000] {logging_mixin.py:137} INFO - [2023-01-12T07:49:48.794+0000] {dag.py:2676} INFO - Sync 1 DAGs
[2023-01-12T07:49:48.824+0000] {logging_mixin.py:137} INFO - [2023-01-12T07:49:48.824+0000] {dag.py:3427} INFO - Setting next_dagrun for example_branch_labels to 2023-01-11T00:00:00+00:00, run_after=2023-01-12T00:00:00+00:00
[2023-01-12T07:49:48.843+0000] {processor.py:175} INFO - Processing /home/airflow/.local/lib/python3.7/site-packages/airflow/example_dags/example_branch_labels.py took 0.119 seconds
[2023-01-12T07:50:19.518+0000] {processor.py:153} INFO - Started process (PID=1380) to work on /home/airflow/.local/lib/python3.7/site-packages/airflow/example_dags/example_branch_labels.py
[2023-01-12T07:50:19.524+0000] {processor.py:743} INFO - Processing file /home/airflow/.local/lib/python3.7/site-packages/airflow/example_dags/example_branch_labels.py for tasks to queue
[2023-01-12T07:50:19.525+0000] {logging_mixin.py:137} INFO - [2023-01-12T07:50:19.525+0000] {dagbag.py:538} INFO - Filling up the DagBag from /home/airflow/.local/lib/python3.7/site-packages/airflow/example_dags/example_branch_labels.py
[2023-01-12T07:50:19.538+0000] {processor.py:753} INFO - DAG(s) dict_keys(['example_branch_labels']) retrieved from /home/airflow/.local/lib/python3.7/site-packages/airflow/example_dags/example_branch_labels.py
[2023-01-12T07:50:19.573+0000] {logging_mixin.py:137} INFO - [2023-01-12T07:50:19.573+0000] {dag.py:2676} INFO - Sync 1 DAGs
[2023-01-12T07:50:19.592+0000] {logging_mixin.py:137} INFO - [2023-01-12T07:50:19.592+0000] {dag.py:3427} INFO - Setting next_dagrun for example_branch_labels to 2023-01-11T00:00:00+00:00, run_after=2023-01-12T00:00:00+00:00
[2023-01-12T07:50:19.607+0000] {processor.py:175} INFO - Processing /home/airflow/.local/lib/python3.7/site-packages/airflow/example_dags/example_branch_labels.py took 0.092 seconds
[2023-01-12T07:50:50.468+0000] {processor.py:153} INFO - Started process (PID=1453) to work on /home/airflow/.local/lib/python3.7/site-packages/airflow/example_dags/example_branch_labels.py
[2023-01-12T07:50:50.472+0000] {processor.py:743} INFO - Processing file /home/airflow/.local/lib/python3.7/site-packages/airflow/example_dags/example_branch_labels.py for tasks to queue
[2023-01-12T07:50:50.474+0000] {logging_mixin.py:137} INFO - [2023-01-12T07:50:50.474+0000] {dagbag.py:538} INFO - Filling up the DagBag from /home/airflow/.local/lib/python3.7/site-packages/airflow/example_dags/example_branch_labels.py
[2023-01-12T07:50:50.496+0000] {processor.py:753} INFO - DAG(s) dict_keys(['example_branch_labels']) retrieved from /home/airflow/.local/lib/python3.7/site-packages/airflow/example_dags/example_branch_labels.py
[2023-01-12T07:50:50.539+0000] {logging_mixin.py:137} INFO - [2023-01-12T07:50:50.539+0000] {dag.py:2676} INFO - Sync 1 DAGs
[2023-01-12T07:50:50.563+0000] {logging_mixin.py:137} INFO - [2023-01-12T07:50:50.563+0000] {dag.py:3427} INFO - Setting next_dagrun for example_branch_labels to 2023-01-11T00:00:00+00:00, run_after=2023-01-12T00:00:00+00:00
[2023-01-12T07:50:50.590+0000] {processor.py:175} INFO - Processing /home/airflow/.local/lib/python3.7/site-packages/airflow/example_dags/example_branch_labels.py took 0.128 seconds
[2023-01-12T07:51:21.295+0000] {processor.py:153} INFO - Started process (PID=1514) to work on /home/airflow/.local/lib/python3.7/site-packages/airflow/example_dags/example_branch_labels.py
[2023-01-12T07:51:21.298+0000] {processor.py:743} INFO - Processing file /home/airflow/.local/lib/python3.7/site-packages/airflow/example_dags/example_branch_labels.py for tasks to queue
[2023-01-12T07:51:21.299+0000] {logging_mixin.py:137} INFO - [2023-01-12T07:51:21.299+0000] {dagbag.py:538} INFO - Filling up the DagBag from /home/airflow/.local/lib/python3.7/site-packages/airflow/example_dags/example_branch_labels.py
[2023-01-12T07:51:21.314+0000] {processor.py:753} INFO - DAG(s) dict_keys(['example_branch_labels']) retrieved from /home/airflow/.local/lib/python3.7/site-packages/airflow/example_dags/example_branch_labels.py
[2023-01-12T07:51:21.347+0000] {logging_mixin.py:137} INFO - [2023-01-12T07:51:21.347+0000] {dag.py:2676} INFO - Sync 1 DAGs
[2023-01-12T07:51:21.370+0000] {logging_mixin.py:137} INFO - [2023-01-12T07:51:21.369+0000] {dag.py:3427} INFO - Setting next_dagrun for example_branch_labels to 2023-01-11T00:00:00+00:00, run_after=2023-01-12T00:00:00+00:00
[2023-01-12T07:51:21.388+0000] {processor.py:175} INFO - Processing /home/airflow/.local/lib/python3.7/site-packages/airflow/example_dags/example_branch_labels.py took 0.095 seconds
[2023-01-12T07:51:52.164+0000] {processor.py:153} INFO - Started process (PID=1586) to work on /home/airflow/.local/lib/python3.7/site-packages/airflow/example_dags/example_branch_labels.py
[2023-01-12T07:51:52.166+0000] {processor.py:743} INFO - Processing file /home/airflow/.local/lib/python3.7/site-packages/airflow/example_dags/example_branch_labels.py for tasks to queue
[2023-01-12T07:51:52.167+0000] {logging_mixin.py:137} INFO - [2023-01-12T07:51:52.167+0000] {dagbag.py:538} INFO - Filling up the DagBag from /home/airflow/.local/lib/python3.7/site-packages/airflow/example_dags/example_branch_labels.py
[2023-01-12T07:51:52.179+0000] {processor.py:753} INFO - DAG(s) dict_keys(['example_branch_labels']) retrieved from /home/airflow/.local/lib/python3.7/site-packages/airflow/example_dags/example_branch_labels.py
[2023-01-12T07:51:52.210+0000] {logging_mixin.py:137} INFO - [2023-01-12T07:51:52.209+0000] {dag.py:2676} INFO - Sync 1 DAGs
[2023-01-12T07:51:52.230+0000] {logging_mixin.py:137} INFO - [2023-01-12T07:51:52.230+0000] {dag.py:3427} INFO - Setting next_dagrun for example_branch_labels to 2023-01-11T00:00:00+00:00, run_after=2023-01-12T00:00:00+00:00
[2023-01-12T07:51:52.245+0000] {processor.py:175} INFO - Processing /home/airflow/.local/lib/python3.7/site-packages/airflow/example_dags/example_branch_labels.py took 0.084 seconds
[2023-01-12T07:52:23.358+0000] {processor.py:153} INFO - Started process (PID=1661) to work on /home/airflow/.local/lib/python3.7/site-packages/airflow/example_dags/example_branch_labels.py
[2023-01-12T07:52:23.361+0000] {processor.py:743} INFO - Processing file /home/airflow/.local/lib/python3.7/site-packages/airflow/example_dags/example_branch_labels.py for tasks to queue
[2023-01-12T07:52:23.362+0000] {logging_mixin.py:137} INFO - [2023-01-12T07:52:23.362+0000] {dagbag.py:538} INFO - Filling up the DagBag from /home/airflow/.local/lib/python3.7/site-packages/airflow/example_dags/example_branch_labels.py
[2023-01-12T07:52:23.385+0000] {processor.py:753} INFO - DAG(s) dict_keys(['example_branch_labels']) retrieved from /home/airflow/.local/lib/python3.7/site-packages/airflow/example_dags/example_branch_labels.py
[2023-01-12T07:52:23.426+0000] {logging_mixin.py:137} INFO - [2023-01-12T07:52:23.426+0000] {dag.py:2676} INFO - Sync 1 DAGs
[2023-01-12T07:52:23.449+0000] {logging_mixin.py:137} INFO - [2023-01-12T07:52:23.449+0000] {dag.py:3427} INFO - Setting next_dagrun for example_branch_labels to 2023-01-11T00:00:00+00:00, run_after=2023-01-12T00:00:00+00:00
[2023-01-12T07:52:23.476+0000] {processor.py:175} INFO - Processing /home/airflow/.local/lib/python3.7/site-packages/airflow/example_dags/example_branch_labels.py took 0.122 seconds
[2023-01-12T07:52:54.061+0000] {processor.py:153} INFO - Started process (PID=1722) to work on /home/airflow/.local/lib/python3.7/site-packages/airflow/example_dags/example_branch_labels.py
[2023-01-12T07:52:54.063+0000] {processor.py:743} INFO - Processing file /home/airflow/.local/lib/python3.7/site-packages/airflow/example_dags/example_branch_labels.py for tasks to queue
[2023-01-12T07:52:54.065+0000] {logging_mixin.py:137} INFO - [2023-01-12T07:52:54.065+0000] {dagbag.py:538} INFO - Filling up the DagBag from /home/airflow/.local/lib/python3.7/site-packages/airflow/example_dags/example_branch_labels.py
[2023-01-12T07:52:54.078+0000] {processor.py:753} INFO - DAG(s) dict_keys(['example_branch_labels']) retrieved from /home/airflow/.local/lib/python3.7/site-packages/airflow/example_dags/example_branch_labels.py
[2023-01-12T07:52:54.109+0000] {logging_mixin.py:137} INFO - [2023-01-12T07:52:54.109+0000] {dag.py:2676} INFO - Sync 1 DAGs
[2023-01-12T07:52:54.128+0000] {logging_mixin.py:137} INFO - [2023-01-12T07:52:54.128+0000] {dag.py:3427} INFO - Setting next_dagrun for example_branch_labels to 2023-01-11T00:00:00+00:00, run_after=2023-01-12T00:00:00+00:00
[2023-01-12T07:52:54.145+0000] {processor.py:175} INFO - Processing /home/airflow/.local/lib/python3.7/site-packages/airflow/example_dags/example_branch_labels.py took 0.086 seconds
[2023-01-12T07:53:24.736+0000] {processor.py:153} INFO - Started process (PID=1795) to work on /home/airflow/.local/lib/python3.7/site-packages/airflow/example_dags/example_branch_labels.py
[2023-01-12T07:53:24.738+0000] {processor.py:743} INFO - Processing file /home/airflow/.local/lib/python3.7/site-packages/airflow/example_dags/example_branch_labels.py for tasks to queue
[2023-01-12T07:53:24.740+0000] {logging_mixin.py:137} INFO - [2023-01-12T07:53:24.740+0000] {dagbag.py:538} INFO - Filling up the DagBag from /home/airflow/.local/lib/python3.7/site-packages/airflow/example_dags/example_branch_labels.py
[2023-01-12T07:53:24.751+0000] {processor.py:753} INFO - DAG(s) dict_keys(['example_branch_labels']) retrieved from /home/airflow/.local/lib/python3.7/site-packages/airflow/example_dags/example_branch_labels.py
[2023-01-12T07:53:24.780+0000] {logging_mixin.py:137} INFO - [2023-01-12T07:53:24.780+0000] {dag.py:2676} INFO - Sync 1 DAGs
[2023-01-12T07:53:24.801+0000] {logging_mixin.py:137} INFO - [2023-01-12T07:53:24.801+0000] {dag.py:3427} INFO - Setting next_dagrun for example_branch_labels to 2023-01-11T00:00:00+00:00, run_after=2023-01-12T00:00:00+00:00
[2023-01-12T07:53:24.815+0000] {processor.py:175} INFO - Processing /home/airflow/.local/lib/python3.7/site-packages/airflow/example_dags/example_branch_labels.py took 0.082 seconds
[2023-01-12T07:53:55.136+0000] {processor.py:153} INFO - Started process (PID=1857) to work on /home/airflow/.local/lib/python3.7/site-packages/airflow/example_dags/example_branch_labels.py
[2023-01-12T07:53:55.138+0000] {processor.py:743} INFO - Processing file /home/airflow/.local/lib/python3.7/site-packages/airflow/example_dags/example_branch_labels.py for tasks to queue
[2023-01-12T07:53:55.139+0000] {logging_mixin.py:137} INFO - [2023-01-12T07:53:55.139+0000] {dagbag.py:538} INFO - Filling up the DagBag from /home/airflow/.local/lib/python3.7/site-packages/airflow/example_dags/example_branch_labels.py
[2023-01-12T07:53:55.150+0000] {processor.py:753} INFO - DAG(s) dict_keys(['example_branch_labels']) retrieved from /home/airflow/.local/lib/python3.7/site-packages/airflow/example_dags/example_branch_labels.py
[2023-01-12T07:53:55.181+0000] {logging_mixin.py:137} INFO - [2023-01-12T07:53:55.181+0000] {dag.py:2676} INFO - Sync 1 DAGs
[2023-01-12T07:53:55.200+0000] {logging_mixin.py:137} INFO - [2023-01-12T07:53:55.200+0000] {dag.py:3427} INFO - Setting next_dagrun for example_branch_labels to 2023-01-11T00:00:00+00:00, run_after=2023-01-12T00:00:00+00:00
[2023-01-12T07:53:55.217+0000] {processor.py:175} INFO - Processing /home/airflow/.local/lib/python3.7/site-packages/airflow/example_dags/example_branch_labels.py took 0.083 seconds
