[2023-01-12T07:27:07.324+0000] {processor.py:153} INFO - Started process (PID=61) to work on /home/airflow/.local/lib/python3.7/site-packages/airflow/example_dags/example_branch_python_dop_operator_3.py
[2023-01-12T07:27:07.331+0000] {processor.py:743} INFO - Processing file /home/airflow/.local/lib/python3.7/site-packages/airflow/example_dags/example_branch_python_dop_operator_3.py for tasks to queue
[2023-01-12T07:27:07.338+0000] {logging_mixin.py:137} INFO - [2023-01-12T07:27:07.338+0000] {dagbag.py:538} INFO - Filling up the DagBag from /home/airflow/.local/lib/python3.7/site-packages/airflow/example_dags/example_branch_python_dop_operator_3.py
[2023-01-12T07:27:07.454+0000] {processor.py:753} INFO - DAG(s) dict_keys(['example_branch_dop_operator_v3']) retrieved from /home/airflow/.local/lib/python3.7/site-packages/airflow/example_dags/example_branch_python_dop_operator_3.py
[2023-01-12T07:27:07.518+0000] {logging_mixin.py:137} INFO - [2023-01-12T07:27:07.518+0000] {dag.py:2676} INFO - Sync 1 DAGs
[2023-01-12T07:27:07.570+0000] {logging_mixin.py:137} INFO - [2023-01-12T07:27:07.569+0000] {dag.py:3427} INFO - Setting next_dagrun for example_branch_dop_operator_v3 to 2023-01-12T07:26:00+00:00, run_after=2023-01-12T07:27:00+00:00
[2023-01-12T07:27:07.608+0000] {processor.py:175} INFO - Processing /home/airflow/.local/lib/python3.7/site-packages/airflow/example_dags/example_branch_python_dop_operator_3.py took 0.290 seconds
[2023-01-12T07:27:38.223+0000] {processor.py:153} INFO - Started process (PID=135) to work on /home/airflow/.local/lib/python3.7/site-packages/airflow/example_dags/example_branch_python_dop_operator_3.py
[2023-01-12T07:27:38.224+0000] {processor.py:743} INFO - Processing file /home/airflow/.local/lib/python3.7/site-packages/airflow/example_dags/example_branch_python_dop_operator_3.py for tasks to queue
[2023-01-12T07:27:38.225+0000] {logging_mixin.py:137} INFO - [2023-01-12T07:27:38.225+0000] {dagbag.py:538} INFO - Filling up the DagBag from /home/airflow/.local/lib/python3.7/site-packages/airflow/example_dags/example_branch_python_dop_operator_3.py
[2023-01-12T07:27:38.248+0000] {processor.py:753} INFO - DAG(s) dict_keys(['example_branch_dop_operator_v3']) retrieved from /home/airflow/.local/lib/python3.7/site-packages/airflow/example_dags/example_branch_python_dop_operator_3.py
[2023-01-12T07:27:38.276+0000] {logging_mixin.py:137} INFO - [2023-01-12T07:27:38.276+0000] {dag.py:2676} INFO - Sync 1 DAGs
[2023-01-12T07:27:38.298+0000] {logging_mixin.py:137} INFO - [2023-01-12T07:27:38.298+0000] {dag.py:3427} INFO - Setting next_dagrun for example_branch_dop_operator_v3 to 2023-01-12T07:26:00+00:00, run_after=2023-01-12T07:27:00+00:00
[2023-01-12T07:27:38.314+0000] {processor.py:175} INFO - Processing /home/airflow/.local/lib/python3.7/site-packages/airflow/example_dags/example_branch_python_dop_operator_3.py took 0.094 seconds
[2023-01-12T07:28:09.306+0000] {processor.py:153} INFO - Started process (PID=207) to work on /home/airflow/.local/lib/python3.7/site-packages/airflow/example_dags/example_branch_python_dop_operator_3.py
[2023-01-12T07:28:09.308+0000] {processor.py:743} INFO - Processing file /home/airflow/.local/lib/python3.7/site-packages/airflow/example_dags/example_branch_python_dop_operator_3.py for tasks to queue
[2023-01-12T07:28:09.309+0000] {logging_mixin.py:137} INFO - [2023-01-12T07:28:09.309+0000] {dagbag.py:538} INFO - Filling up the DagBag from /home/airflow/.local/lib/python3.7/site-packages/airflow/example_dags/example_branch_python_dop_operator_3.py
[2023-01-12T07:28:09.328+0000] {processor.py:753} INFO - DAG(s) dict_keys(['example_branch_dop_operator_v3']) retrieved from /home/airflow/.local/lib/python3.7/site-packages/airflow/example_dags/example_branch_python_dop_operator_3.py
[2023-01-12T07:28:09.358+0000] {logging_mixin.py:137} INFO - [2023-01-12T07:28:09.358+0000] {dag.py:2676} INFO - Sync 1 DAGs
[2023-01-12T07:28:09.379+0000] {logging_mixin.py:137} INFO - [2023-01-12T07:28:09.379+0000] {dag.py:3427} INFO - Setting next_dagrun for example_branch_dop_operator_v3 to 2023-01-12T07:27:00+00:00, run_after=2023-01-12T07:28:00+00:00
[2023-01-12T07:28:09.395+0000] {processor.py:175} INFO - Processing /home/airflow/.local/lib/python3.7/site-packages/airflow/example_dags/example_branch_python_dop_operator_3.py took 0.092 seconds
[2023-01-12T07:28:39.815+0000] {processor.py:153} INFO - Started process (PID=269) to work on /home/airflow/.local/lib/python3.7/site-packages/airflow/example_dags/example_branch_python_dop_operator_3.py
[2023-01-12T07:28:39.817+0000] {processor.py:743} INFO - Processing file /home/airflow/.local/lib/python3.7/site-packages/airflow/example_dags/example_branch_python_dop_operator_3.py for tasks to queue
[2023-01-12T07:28:39.819+0000] {logging_mixin.py:137} INFO - [2023-01-12T07:28:39.819+0000] {dagbag.py:538} INFO - Filling up the DagBag from /home/airflow/.local/lib/python3.7/site-packages/airflow/example_dags/example_branch_python_dop_operator_3.py
[2023-01-12T07:28:39.840+0000] {processor.py:753} INFO - DAG(s) dict_keys(['example_branch_dop_operator_v3']) retrieved from /home/airflow/.local/lib/python3.7/site-packages/airflow/example_dags/example_branch_python_dop_operator_3.py
[2023-01-12T07:28:39.875+0000] {logging_mixin.py:137} INFO - [2023-01-12T07:28:39.875+0000] {dag.py:2676} INFO - Sync 1 DAGs
[2023-01-12T07:28:39.899+0000] {logging_mixin.py:137} INFO - [2023-01-12T07:28:39.898+0000] {dag.py:3427} INFO - Setting next_dagrun for example_branch_dop_operator_v3 to 2023-01-12T07:27:00+00:00, run_after=2023-01-12T07:28:00+00:00
[2023-01-12T07:28:39.918+0000] {processor.py:175} INFO - Processing /home/airflow/.local/lib/python3.7/site-packages/airflow/example_dags/example_branch_python_dop_operator_3.py took 0.106 seconds
[2023-01-12T07:29:10.528+0000] {processor.py:153} INFO - Started process (PID=343) to work on /home/airflow/.local/lib/python3.7/site-packages/airflow/example_dags/example_branch_python_dop_operator_3.py
[2023-01-12T07:29:10.530+0000] {processor.py:743} INFO - Processing file /home/airflow/.local/lib/python3.7/site-packages/airflow/example_dags/example_branch_python_dop_operator_3.py for tasks to queue
[2023-01-12T07:29:10.532+0000] {logging_mixin.py:137} INFO - [2023-01-12T07:29:10.532+0000] {dagbag.py:538} INFO - Filling up the DagBag from /home/airflow/.local/lib/python3.7/site-packages/airflow/example_dags/example_branch_python_dop_operator_3.py
[2023-01-12T07:29:10.551+0000] {processor.py:753} INFO - DAG(s) dict_keys(['example_branch_dop_operator_v3']) retrieved from /home/airflow/.local/lib/python3.7/site-packages/airflow/example_dags/example_branch_python_dop_operator_3.py
[2023-01-12T07:29:10.589+0000] {logging_mixin.py:137} INFO - [2023-01-12T07:29:10.589+0000] {dag.py:2676} INFO - Sync 1 DAGs
[2023-01-12T07:29:10.612+0000] {logging_mixin.py:137} INFO - [2023-01-12T07:29:10.612+0000] {dag.py:3427} INFO - Setting next_dagrun for example_branch_dop_operator_v3 to 2023-01-12T07:28:00+00:00, run_after=2023-01-12T07:29:00+00:00
[2023-01-12T07:29:10.627+0000] {processor.py:175} INFO - Processing /home/airflow/.local/lib/python3.7/site-packages/airflow/example_dags/example_branch_python_dop_operator_3.py took 0.102 seconds
[2023-01-12T07:29:41.184+0000] {processor.py:153} INFO - Started process (PID=417) to work on /home/airflow/.local/lib/python3.7/site-packages/airflow/example_dags/example_branch_python_dop_operator_3.py
[2023-01-12T07:29:41.187+0000] {processor.py:743} INFO - Processing file /home/airflow/.local/lib/python3.7/site-packages/airflow/example_dags/example_branch_python_dop_operator_3.py for tasks to queue
[2023-01-12T07:29:41.188+0000] {logging_mixin.py:137} INFO - [2023-01-12T07:29:41.188+0000] {dagbag.py:538} INFO - Filling up the DagBag from /home/airflow/.local/lib/python3.7/site-packages/airflow/example_dags/example_branch_python_dop_operator_3.py
[2023-01-12T07:29:41.211+0000] {processor.py:753} INFO - DAG(s) dict_keys(['example_branch_dop_operator_v3']) retrieved from /home/airflow/.local/lib/python3.7/site-packages/airflow/example_dags/example_branch_python_dop_operator_3.py
[2023-01-12T07:29:41.244+0000] {logging_mixin.py:137} INFO - [2023-01-12T07:29:41.244+0000] {dag.py:2676} INFO - Sync 1 DAGs
[2023-01-12T07:29:41.272+0000] {logging_mixin.py:137} INFO - [2023-01-12T07:29:41.272+0000] {dag.py:3427} INFO - Setting next_dagrun for example_branch_dop_operator_v3 to 2023-01-12T07:28:00+00:00, run_after=2023-01-12T07:29:00+00:00
[2023-01-12T07:29:41.290+0000] {processor.py:175} INFO - Processing /home/airflow/.local/lib/python3.7/site-packages/airflow/example_dags/example_branch_python_dop_operator_3.py took 0.111 seconds
[2023-01-12T07:30:11.905+0000] {processor.py:153} INFO - Started process (PID=480) to work on /home/airflow/.local/lib/python3.7/site-packages/airflow/example_dags/example_branch_python_dop_operator_3.py
[2023-01-12T07:30:11.907+0000] {processor.py:743} INFO - Processing file /home/airflow/.local/lib/python3.7/site-packages/airflow/example_dags/example_branch_python_dop_operator_3.py for tasks to queue
[2023-01-12T07:30:11.909+0000] {logging_mixin.py:137} INFO - [2023-01-12T07:30:11.909+0000] {dagbag.py:538} INFO - Filling up the DagBag from /home/airflow/.local/lib/python3.7/site-packages/airflow/example_dags/example_branch_python_dop_operator_3.py
[2023-01-12T07:30:11.927+0000] {processor.py:753} INFO - DAG(s) dict_keys(['example_branch_dop_operator_v3']) retrieved from /home/airflow/.local/lib/python3.7/site-packages/airflow/example_dags/example_branch_python_dop_operator_3.py
[2023-01-12T07:30:11.957+0000] {logging_mixin.py:137} INFO - [2023-01-12T07:30:11.957+0000] {dag.py:2676} INFO - Sync 1 DAGs
[2023-01-12T07:30:11.978+0000] {logging_mixin.py:137} INFO - [2023-01-12T07:30:11.978+0000] {dag.py:3427} INFO - Setting next_dagrun for example_branch_dop_operator_v3 to 2023-01-12T07:29:00+00:00, run_after=2023-01-12T07:30:00+00:00
[2023-01-12T07:30:11.991+0000] {processor.py:175} INFO - Processing /home/airflow/.local/lib/python3.7/site-packages/airflow/example_dags/example_branch_python_dop_operator_3.py took 0.089 seconds
[2023-01-12T07:30:42.588+0000] {processor.py:153} INFO - Started process (PID=555) to work on /home/airflow/.local/lib/python3.7/site-packages/airflow/example_dags/example_branch_python_dop_operator_3.py
[2023-01-12T07:30:42.590+0000] {processor.py:743} INFO - Processing file /home/airflow/.local/lib/python3.7/site-packages/airflow/example_dags/example_branch_python_dop_operator_3.py for tasks to queue
[2023-01-12T07:30:42.591+0000] {logging_mixin.py:137} INFO - [2023-01-12T07:30:42.591+0000] {dagbag.py:538} INFO - Filling up the DagBag from /home/airflow/.local/lib/python3.7/site-packages/airflow/example_dags/example_branch_python_dop_operator_3.py
[2023-01-12T07:30:42.609+0000] {processor.py:753} INFO - DAG(s) dict_keys(['example_branch_dop_operator_v3']) retrieved from /home/airflow/.local/lib/python3.7/site-packages/airflow/example_dags/example_branch_python_dop_operator_3.py
[2023-01-12T07:30:42.640+0000] {logging_mixin.py:137} INFO - [2023-01-12T07:30:42.640+0000] {dag.py:2676} INFO - Sync 1 DAGs
[2023-01-12T07:30:42.661+0000] {logging_mixin.py:137} INFO - [2023-01-12T07:30:42.661+0000] {dag.py:3427} INFO - Setting next_dagrun for example_branch_dop_operator_v3 to 2023-01-12T07:29:00+00:00, run_after=2023-01-12T07:30:00+00:00
[2023-01-12T07:30:42.678+0000] {processor.py:175} INFO - Processing /home/airflow/.local/lib/python3.7/site-packages/airflow/example_dags/example_branch_python_dop_operator_3.py took 0.092 seconds
[2023-01-12T07:31:13.267+0000] {processor.py:153} INFO - Started process (PID=625) to work on /home/airflow/.local/lib/python3.7/site-packages/airflow/example_dags/example_branch_python_dop_operator_3.py
[2023-01-12T07:31:13.270+0000] {processor.py:743} INFO - Processing file /home/airflow/.local/lib/python3.7/site-packages/airflow/example_dags/example_branch_python_dop_operator_3.py for tasks to queue
[2023-01-12T07:31:13.272+0000] {logging_mixin.py:137} INFO - [2023-01-12T07:31:13.272+0000] {dagbag.py:538} INFO - Filling up the DagBag from /home/airflow/.local/lib/python3.7/site-packages/airflow/example_dags/example_branch_python_dop_operator_3.py
[2023-01-12T07:31:13.294+0000] {processor.py:753} INFO - DAG(s) dict_keys(['example_branch_dop_operator_v3']) retrieved from /home/airflow/.local/lib/python3.7/site-packages/airflow/example_dags/example_branch_python_dop_operator_3.py
[2023-01-12T07:31:13.328+0000] {logging_mixin.py:137} INFO - [2023-01-12T07:31:13.328+0000] {dag.py:2676} INFO - Sync 1 DAGs
[2023-01-12T07:31:13.355+0000] {logging_mixin.py:137} INFO - [2023-01-12T07:31:13.354+0000] {dag.py:3427} INFO - Setting next_dagrun for example_branch_dop_operator_v3 to 2023-01-12T07:30:00+00:00, run_after=2023-01-12T07:31:00+00:00
[2023-01-12T07:31:13.371+0000] {processor.py:175} INFO - Processing /home/airflow/.local/lib/python3.7/site-packages/airflow/example_dags/example_branch_python_dop_operator_3.py took 0.106 seconds
[2023-01-12T07:31:44.007+0000] {processor.py:153} INFO - Started process (PID=690) to work on /home/airflow/.local/lib/python3.7/site-packages/airflow/example_dags/example_branch_python_dop_operator_3.py
[2023-01-12T07:31:44.008+0000] {processor.py:743} INFO - Processing file /home/airflow/.local/lib/python3.7/site-packages/airflow/example_dags/example_branch_python_dop_operator_3.py for tasks to queue
[2023-01-12T07:31:44.010+0000] {logging_mixin.py:137} INFO - [2023-01-12T07:31:44.010+0000] {dagbag.py:538} INFO - Filling up the DagBag from /home/airflow/.local/lib/python3.7/site-packages/airflow/example_dags/example_branch_python_dop_operator_3.py
[2023-01-12T07:31:44.029+0000] {processor.py:753} INFO - DAG(s) dict_keys(['example_branch_dop_operator_v3']) retrieved from /home/airflow/.local/lib/python3.7/site-packages/airflow/example_dags/example_branch_python_dop_operator_3.py
[2023-01-12T07:31:44.058+0000] {logging_mixin.py:137} INFO - [2023-01-12T07:31:44.058+0000] {dag.py:2676} INFO - Sync 1 DAGs
[2023-01-12T07:31:44.081+0000] {logging_mixin.py:137} INFO - [2023-01-12T07:31:44.081+0000] {dag.py:3427} INFO - Setting next_dagrun for example_branch_dop_operator_v3 to 2023-01-12T07:30:00+00:00, run_after=2023-01-12T07:31:00+00:00
[2023-01-12T07:31:44.097+0000] {processor.py:175} INFO - Processing /home/airflow/.local/lib/python3.7/site-packages/airflow/example_dags/example_branch_python_dop_operator_3.py took 0.093 seconds
[2023-01-12T07:32:14.926+0000] {processor.py:153} INFO - Started process (PID=764) to work on /home/airflow/.local/lib/python3.7/site-packages/airflow/example_dags/example_branch_python_dop_operator_3.py
[2023-01-12T07:32:14.929+0000] {processor.py:743} INFO - Processing file /home/airflow/.local/lib/python3.7/site-packages/airflow/example_dags/example_branch_python_dop_operator_3.py for tasks to queue
[2023-01-12T07:32:14.930+0000] {logging_mixin.py:137} INFO - [2023-01-12T07:32:14.930+0000] {dagbag.py:538} INFO - Filling up the DagBag from /home/airflow/.local/lib/python3.7/site-packages/airflow/example_dags/example_branch_python_dop_operator_3.py
[2023-01-12T07:32:14.949+0000] {processor.py:753} INFO - DAG(s) dict_keys(['example_branch_dop_operator_v3']) retrieved from /home/airflow/.local/lib/python3.7/site-packages/airflow/example_dags/example_branch_python_dop_operator_3.py
[2023-01-12T07:32:14.980+0000] {logging_mixin.py:137} INFO - [2023-01-12T07:32:14.980+0000] {dag.py:2676} INFO - Sync 1 DAGs
[2023-01-12T07:32:15.003+0000] {logging_mixin.py:137} INFO - [2023-01-12T07:32:15.003+0000] {dag.py:3427} INFO - Setting next_dagrun for example_branch_dop_operator_v3 to 2023-01-12T07:31:00+00:00, run_after=2023-01-12T07:32:00+00:00
[2023-01-12T07:32:15.019+0000] {processor.py:175} INFO - Processing /home/airflow/.local/lib/python3.7/site-packages/airflow/example_dags/example_branch_python_dop_operator_3.py took 0.095 seconds
[2023-01-12T07:32:45.445+0000] {processor.py:153} INFO - Started process (PID=825) to work on /home/airflow/.local/lib/python3.7/site-packages/airflow/example_dags/example_branch_python_dop_operator_3.py
[2023-01-12T07:32:45.446+0000] {processor.py:743} INFO - Processing file /home/airflow/.local/lib/python3.7/site-packages/airflow/example_dags/example_branch_python_dop_operator_3.py for tasks to queue
[2023-01-12T07:32:45.448+0000] {logging_mixin.py:137} INFO - [2023-01-12T07:32:45.448+0000] {dagbag.py:538} INFO - Filling up the DagBag from /home/airflow/.local/lib/python3.7/site-packages/airflow/example_dags/example_branch_python_dop_operator_3.py
[2023-01-12T07:32:45.467+0000] {processor.py:753} INFO - DAG(s) dict_keys(['example_branch_dop_operator_v3']) retrieved from /home/airflow/.local/lib/python3.7/site-packages/airflow/example_dags/example_branch_python_dop_operator_3.py
[2023-01-12T07:32:45.496+0000] {logging_mixin.py:137} INFO - [2023-01-12T07:32:45.496+0000] {dag.py:2676} INFO - Sync 1 DAGs
[2023-01-12T07:32:45.518+0000] {logging_mixin.py:137} INFO - [2023-01-12T07:32:45.518+0000] {dag.py:3427} INFO - Setting next_dagrun for example_branch_dop_operator_v3 to 2023-01-12T07:31:00+00:00, run_after=2023-01-12T07:32:00+00:00
[2023-01-12T07:32:45.532+0000] {processor.py:175} INFO - Processing /home/airflow/.local/lib/python3.7/site-packages/airflow/example_dags/example_branch_python_dop_operator_3.py took 0.093 seconds
[2023-01-12T07:33:15.933+0000] {processor.py:153} INFO - Started process (PID=898) to work on /home/airflow/.local/lib/python3.7/site-packages/airflow/example_dags/example_branch_python_dop_operator_3.py
[2023-01-12T07:33:15.935+0000] {processor.py:743} INFO - Processing file /home/airflow/.local/lib/python3.7/site-packages/airflow/example_dags/example_branch_python_dop_operator_3.py for tasks to queue
[2023-01-12T07:33:15.937+0000] {logging_mixin.py:137} INFO - [2023-01-12T07:33:15.936+0000] {dagbag.py:538} INFO - Filling up the DagBag from /home/airflow/.local/lib/python3.7/site-packages/airflow/example_dags/example_branch_python_dop_operator_3.py
[2023-01-12T07:33:15.955+0000] {processor.py:753} INFO - DAG(s) dict_keys(['example_branch_dop_operator_v3']) retrieved from /home/airflow/.local/lib/python3.7/site-packages/airflow/example_dags/example_branch_python_dop_operator_3.py
[2023-01-12T07:33:15.984+0000] {logging_mixin.py:137} INFO - [2023-01-12T07:33:15.984+0000] {dag.py:2676} INFO - Sync 1 DAGs
[2023-01-12T07:33:16.007+0000] {logging_mixin.py:137} INFO - [2023-01-12T07:33:16.006+0000] {dag.py:3427} INFO - Setting next_dagrun for example_branch_dop_operator_v3 to 2023-01-12T07:32:00+00:00, run_after=2023-01-12T07:33:00+00:00
[2023-01-12T07:33:16.022+0000] {processor.py:175} INFO - Processing /home/airflow/.local/lib/python3.7/site-packages/airflow/example_dags/example_branch_python_dop_operator_3.py took 0.091 seconds
[2023-01-12T07:33:46.597+0000] {processor.py:153} INFO - Started process (PID=972) to work on /home/airflow/.local/lib/python3.7/site-packages/airflow/example_dags/example_branch_python_dop_operator_3.py
[2023-01-12T07:33:46.598+0000] {processor.py:743} INFO - Processing file /home/airflow/.local/lib/python3.7/site-packages/airflow/example_dags/example_branch_python_dop_operator_3.py for tasks to queue
[2023-01-12T07:33:46.600+0000] {logging_mixin.py:137} INFO - [2023-01-12T07:33:46.600+0000] {dagbag.py:538} INFO - Filling up the DagBag from /home/airflow/.local/lib/python3.7/site-packages/airflow/example_dags/example_branch_python_dop_operator_3.py
[2023-01-12T07:33:46.622+0000] {processor.py:753} INFO - DAG(s) dict_keys(['example_branch_dop_operator_v3']) retrieved from /home/airflow/.local/lib/python3.7/site-packages/airflow/example_dags/example_branch_python_dop_operator_3.py
[2023-01-12T07:33:46.656+0000] {logging_mixin.py:137} INFO - [2023-01-12T07:33:46.656+0000] {dag.py:2676} INFO - Sync 1 DAGs
[2023-01-12T07:33:46.683+0000] {logging_mixin.py:137} INFO - [2023-01-12T07:33:46.683+0000] {dag.py:3427} INFO - Setting next_dagrun for example_branch_dop_operator_v3 to 2023-01-12T07:32:00+00:00, run_after=2023-01-12T07:33:00+00:00
[2023-01-12T07:33:46.699+0000] {processor.py:175} INFO - Processing /home/airflow/.local/lib/python3.7/site-packages/airflow/example_dags/example_branch_python_dop_operator_3.py took 0.107 seconds
[2023-01-12T07:34:17.438+0000] {processor.py:153} INFO - Started process (PID=1032) to work on /home/airflow/.local/lib/python3.7/site-packages/airflow/example_dags/example_branch_python_dop_operator_3.py
[2023-01-12T07:34:17.441+0000] {processor.py:743} INFO - Processing file /home/airflow/.local/lib/python3.7/site-packages/airflow/example_dags/example_branch_python_dop_operator_3.py for tasks to queue
[2023-01-12T07:34:17.442+0000] {logging_mixin.py:137} INFO - [2023-01-12T07:34:17.442+0000] {dagbag.py:538} INFO - Filling up the DagBag from /home/airflow/.local/lib/python3.7/site-packages/airflow/example_dags/example_branch_python_dop_operator_3.py
[2023-01-12T07:34:17.462+0000] {processor.py:753} INFO - DAG(s) dict_keys(['example_branch_dop_operator_v3']) retrieved from /home/airflow/.local/lib/python3.7/site-packages/airflow/example_dags/example_branch_python_dop_operator_3.py
[2023-01-12T07:34:17.495+0000] {logging_mixin.py:137} INFO - [2023-01-12T07:34:17.494+0000] {dag.py:2676} INFO - Sync 1 DAGs
[2023-01-12T07:34:17.515+0000] {logging_mixin.py:137} INFO - [2023-01-12T07:34:17.515+0000] {dag.py:3427} INFO - Setting next_dagrun for example_branch_dop_operator_v3 to 2023-01-12T07:33:00+00:00, run_after=2023-01-12T07:34:00+00:00
[2023-01-12T07:34:17.533+0000] {processor.py:175} INFO - Processing /home/airflow/.local/lib/python3.7/site-packages/airflow/example_dags/example_branch_python_dop_operator_3.py took 0.097 seconds
[2023-01-12T07:34:48.029+0000] {processor.py:153} INFO - Started process (PID=1105) to work on /home/airflow/.local/lib/python3.7/site-packages/airflow/example_dags/example_branch_python_dop_operator_3.py
[2023-01-12T07:34:48.030+0000] {processor.py:743} INFO - Processing file /home/airflow/.local/lib/python3.7/site-packages/airflow/example_dags/example_branch_python_dop_operator_3.py for tasks to queue
[2023-01-12T07:34:48.032+0000] {logging_mixin.py:137} INFO - [2023-01-12T07:34:48.032+0000] {dagbag.py:538} INFO - Filling up the DagBag from /home/airflow/.local/lib/python3.7/site-packages/airflow/example_dags/example_branch_python_dop_operator_3.py
[2023-01-12T07:34:48.051+0000] {processor.py:753} INFO - DAG(s) dict_keys(['example_branch_dop_operator_v3']) retrieved from /home/airflow/.local/lib/python3.7/site-packages/airflow/example_dags/example_branch_python_dop_operator_3.py
[2023-01-12T07:34:48.082+0000] {logging_mixin.py:137} INFO - [2023-01-12T07:34:48.082+0000] {dag.py:2676} INFO - Sync 1 DAGs
[2023-01-12T07:34:48.103+0000] {logging_mixin.py:137} INFO - [2023-01-12T07:34:48.103+0000] {dag.py:3427} INFO - Setting next_dagrun for example_branch_dop_operator_v3 to 2023-01-12T07:33:00+00:00, run_after=2023-01-12T07:34:00+00:00
[2023-01-12T07:34:48.119+0000] {processor.py:175} INFO - Processing /home/airflow/.local/lib/python3.7/site-packages/airflow/example_dags/example_branch_python_dop_operator_3.py took 0.093 seconds
[2023-01-12T07:35:19.005+0000] {processor.py:153} INFO - Started process (PID=1178) to work on /home/airflow/.local/lib/python3.7/site-packages/airflow/example_dags/example_branch_python_dop_operator_3.py
[2023-01-12T07:35:19.007+0000] {processor.py:743} INFO - Processing file /home/airflow/.local/lib/python3.7/site-packages/airflow/example_dags/example_branch_python_dop_operator_3.py for tasks to queue
[2023-01-12T07:35:19.008+0000] {logging_mixin.py:137} INFO - [2023-01-12T07:35:19.008+0000] {dagbag.py:538} INFO - Filling up the DagBag from /home/airflow/.local/lib/python3.7/site-packages/airflow/example_dags/example_branch_python_dop_operator_3.py
[2023-01-12T07:35:19.029+0000] {processor.py:753} INFO - DAG(s) dict_keys(['example_branch_dop_operator_v3']) retrieved from /home/airflow/.local/lib/python3.7/site-packages/airflow/example_dags/example_branch_python_dop_operator_3.py
[2023-01-12T07:35:19.067+0000] {logging_mixin.py:137} INFO - [2023-01-12T07:35:19.066+0000] {dag.py:2676} INFO - Sync 1 DAGs
[2023-01-12T07:35:19.100+0000] {logging_mixin.py:137} INFO - [2023-01-12T07:35:19.100+0000] {dag.py:3427} INFO - Setting next_dagrun for example_branch_dop_operator_v3 to 2023-01-12T07:34:00+00:00, run_after=2023-01-12T07:35:00+00:00
[2023-01-12T07:35:19.118+0000] {processor.py:175} INFO - Processing /home/airflow/.local/lib/python3.7/site-packages/airflow/example_dags/example_branch_python_dop_operator_3.py took 0.116 seconds
[2023-01-12T07:35:49.861+0000] {processor.py:153} INFO - Started process (PID=1240) to work on /home/airflow/.local/lib/python3.7/site-packages/airflow/example_dags/example_branch_python_dop_operator_3.py
[2023-01-12T07:35:49.863+0000] {processor.py:743} INFO - Processing file /home/airflow/.local/lib/python3.7/site-packages/airflow/example_dags/example_branch_python_dop_operator_3.py for tasks to queue
[2023-01-12T07:35:49.864+0000] {logging_mixin.py:137} INFO - [2023-01-12T07:35:49.864+0000] {dagbag.py:538} INFO - Filling up the DagBag from /home/airflow/.local/lib/python3.7/site-packages/airflow/example_dags/example_branch_python_dop_operator_3.py
[2023-01-12T07:35:49.883+0000] {processor.py:753} INFO - DAG(s) dict_keys(['example_branch_dop_operator_v3']) retrieved from /home/airflow/.local/lib/python3.7/site-packages/airflow/example_dags/example_branch_python_dop_operator_3.py
[2023-01-12T07:35:49.913+0000] {logging_mixin.py:137} INFO - [2023-01-12T07:35:49.913+0000] {dag.py:2676} INFO - Sync 1 DAGs
[2023-01-12T07:35:49.937+0000] {logging_mixin.py:137} INFO - [2023-01-12T07:35:49.937+0000] {dag.py:3427} INFO - Setting next_dagrun for example_branch_dop_operator_v3 to 2023-01-12T07:34:00+00:00, run_after=2023-01-12T07:35:00+00:00
[2023-01-12T07:35:49.954+0000] {processor.py:175} INFO - Processing /home/airflow/.local/lib/python3.7/site-packages/airflow/example_dags/example_branch_python_dop_operator_3.py took 0.097 seconds
[2023-01-12T07:36:20.576+0000] {processor.py:153} INFO - Started process (PID=1315) to work on /home/airflow/.local/lib/python3.7/site-packages/airflow/example_dags/example_branch_python_dop_operator_3.py
[2023-01-12T07:36:20.578+0000] {processor.py:743} INFO - Processing file /home/airflow/.local/lib/python3.7/site-packages/airflow/example_dags/example_branch_python_dop_operator_3.py for tasks to queue
[2023-01-12T07:36:20.579+0000] {logging_mixin.py:137} INFO - [2023-01-12T07:36:20.579+0000] {dagbag.py:538} INFO - Filling up the DagBag from /home/airflow/.local/lib/python3.7/site-packages/airflow/example_dags/example_branch_python_dop_operator_3.py
[2023-01-12T07:36:20.601+0000] {processor.py:753} INFO - DAG(s) dict_keys(['example_branch_dop_operator_v3']) retrieved from /home/airflow/.local/lib/python3.7/site-packages/airflow/example_dags/example_branch_python_dop_operator_3.py
[2023-01-12T07:36:20.635+0000] {logging_mixin.py:137} INFO - [2023-01-12T07:36:20.635+0000] {dag.py:2676} INFO - Sync 1 DAGs
[2023-01-12T07:36:20.658+0000] {logging_mixin.py:137} INFO - [2023-01-12T07:36:20.658+0000] {dag.py:3427} INFO - Setting next_dagrun for example_branch_dop_operator_v3 to 2023-01-12T07:35:00+00:00, run_after=2023-01-12T07:36:00+00:00
[2023-01-12T07:36:20.673+0000] {processor.py:175} INFO - Processing /home/airflow/.local/lib/python3.7/site-packages/airflow/example_dags/example_branch_python_dop_operator_3.py took 0.101 seconds
[2023-01-12T07:37:20.626+0000] {processor.py:153} INFO - Started process (PID=61) to work on /home/airflow/.local/lib/python3.7/site-packages/airflow/example_dags/example_branch_python_dop_operator_3.py
[2023-01-12T07:37:20.628+0000] {processor.py:743} INFO - Processing file /home/airflow/.local/lib/python3.7/site-packages/airflow/example_dags/example_branch_python_dop_operator_3.py for tasks to queue
[2023-01-12T07:37:20.629+0000] {logging_mixin.py:137} INFO - [2023-01-12T07:37:20.629+0000] {dagbag.py:538} INFO - Filling up the DagBag from /home/airflow/.local/lib/python3.7/site-packages/airflow/example_dags/example_branch_python_dop_operator_3.py
[2023-01-12T07:37:20.663+0000] {processor.py:753} INFO - DAG(s) dict_keys(['example_branch_dop_operator_v3']) retrieved from /home/airflow/.local/lib/python3.7/site-packages/airflow/example_dags/example_branch_python_dop_operator_3.py
[2023-01-12T07:37:20.702+0000] {logging_mixin.py:137} INFO - [2023-01-12T07:37:20.702+0000] {dag.py:2676} INFO - Sync 1 DAGs
[2023-01-12T07:37:20.752+0000] {logging_mixin.py:137} INFO - [2023-01-12T07:37:20.752+0000] {dag.py:3427} INFO - Setting next_dagrun for example_branch_dop_operator_v3 to 2023-01-12T07:36:00+00:00, run_after=2023-01-12T07:37:00+00:00
[2023-01-12T07:37:20.782+0000] {processor.py:175} INFO - Processing /home/airflow/.local/lib/python3.7/site-packages/airflow/example_dags/example_branch_python_dop_operator_3.py took 0.161 seconds
[2023-01-12T07:37:51.029+0000] {processor.py:153} INFO - Started process (PID=135) to work on /home/airflow/.local/lib/python3.7/site-packages/airflow/example_dags/example_branch_python_dop_operator_3.py
[2023-01-12T07:37:51.031+0000] {processor.py:743} INFO - Processing file /home/airflow/.local/lib/python3.7/site-packages/airflow/example_dags/example_branch_python_dop_operator_3.py for tasks to queue
[2023-01-12T07:37:51.032+0000] {logging_mixin.py:137} INFO - [2023-01-12T07:37:51.032+0000] {dagbag.py:538} INFO - Filling up the DagBag from /home/airflow/.local/lib/python3.7/site-packages/airflow/example_dags/example_branch_python_dop_operator_3.py
[2023-01-12T07:37:51.051+0000] {processor.py:753} INFO - DAG(s) dict_keys(['example_branch_dop_operator_v3']) retrieved from /home/airflow/.local/lib/python3.7/site-packages/airflow/example_dags/example_branch_python_dop_operator_3.py
[2023-01-12T07:37:51.078+0000] {logging_mixin.py:137} INFO - [2023-01-12T07:37:51.078+0000] {dag.py:2676} INFO - Sync 1 DAGs
[2023-01-12T07:37:51.098+0000] {logging_mixin.py:137} INFO - [2023-01-12T07:37:51.098+0000] {dag.py:3427} INFO - Setting next_dagrun for example_branch_dop_operator_v3 to 2023-01-12T07:36:00+00:00, run_after=2023-01-12T07:37:00+00:00
[2023-01-12T07:37:51.110+0000] {processor.py:175} INFO - Processing /home/airflow/.local/lib/python3.7/site-packages/airflow/example_dags/example_branch_python_dop_operator_3.py took 0.084 seconds
[2023-01-12T07:38:21.955+0000] {processor.py:153} INFO - Started process (PID=209) to work on /home/airflow/.local/lib/python3.7/site-packages/airflow/example_dags/example_branch_python_dop_operator_3.py
[2023-01-12T07:38:21.956+0000] {processor.py:743} INFO - Processing file /home/airflow/.local/lib/python3.7/site-packages/airflow/example_dags/example_branch_python_dop_operator_3.py for tasks to queue
[2023-01-12T07:38:21.958+0000] {logging_mixin.py:137} INFO - [2023-01-12T07:38:21.957+0000] {dagbag.py:538} INFO - Filling up the DagBag from /home/airflow/.local/lib/python3.7/site-packages/airflow/example_dags/example_branch_python_dop_operator_3.py
[2023-01-12T07:38:21.976+0000] {processor.py:753} INFO - DAG(s) dict_keys(['example_branch_dop_operator_v3']) retrieved from /home/airflow/.local/lib/python3.7/site-packages/airflow/example_dags/example_branch_python_dop_operator_3.py
[2023-01-12T07:38:22.008+0000] {logging_mixin.py:137} INFO - [2023-01-12T07:38:22.008+0000] {dag.py:2676} INFO - Sync 1 DAGs
[2023-01-12T07:38:22.030+0000] {logging_mixin.py:137} INFO - [2023-01-12T07:38:22.030+0000] {dag.py:3427} INFO - Setting next_dagrun for example_branch_dop_operator_v3 to 2023-01-12T07:37:00+00:00, run_after=2023-01-12T07:38:00+00:00
[2023-01-12T07:38:22.046+0000] {processor.py:175} INFO - Processing /home/airflow/.local/lib/python3.7/site-packages/airflow/example_dags/example_branch_python_dop_operator_3.py took 0.095 seconds
[2023-01-12T07:38:52.457+0000] {processor.py:153} INFO - Started process (PID=272) to work on /home/airflow/.local/lib/python3.7/site-packages/airflow/example_dags/example_branch_python_dop_operator_3.py
[2023-01-12T07:38:52.459+0000] {processor.py:743} INFO - Processing file /home/airflow/.local/lib/python3.7/site-packages/airflow/example_dags/example_branch_python_dop_operator_3.py for tasks to queue
[2023-01-12T07:38:52.460+0000] {logging_mixin.py:137} INFO - [2023-01-12T07:38:52.460+0000] {dagbag.py:538} INFO - Filling up the DagBag from /home/airflow/.local/lib/python3.7/site-packages/airflow/example_dags/example_branch_python_dop_operator_3.py
[2023-01-12T07:38:52.479+0000] {processor.py:753} INFO - DAG(s) dict_keys(['example_branch_dop_operator_v3']) retrieved from /home/airflow/.local/lib/python3.7/site-packages/airflow/example_dags/example_branch_python_dop_operator_3.py
[2023-01-12T07:38:52.516+0000] {logging_mixin.py:137} INFO - [2023-01-12T07:38:52.516+0000] {dag.py:2676} INFO - Sync 1 DAGs
[2023-01-12T07:38:52.543+0000] {logging_mixin.py:137} INFO - [2023-01-12T07:38:52.543+0000] {dag.py:3427} INFO - Setting next_dagrun for example_branch_dop_operator_v3 to 2023-01-12T07:37:00+00:00, run_after=2023-01-12T07:38:00+00:00
[2023-01-12T07:38:52.560+0000] {processor.py:175} INFO - Processing /home/airflow/.local/lib/python3.7/site-packages/airflow/example_dags/example_branch_python_dop_operator_3.py took 0.106 seconds
[2023-01-12T07:39:23.081+0000] {processor.py:153} INFO - Started process (PID=346) to work on /home/airflow/.local/lib/python3.7/site-packages/airflow/example_dags/example_branch_python_dop_operator_3.py
[2023-01-12T07:39:23.083+0000] {processor.py:743} INFO - Processing file /home/airflow/.local/lib/python3.7/site-packages/airflow/example_dags/example_branch_python_dop_operator_3.py for tasks to queue
[2023-01-12T07:39:23.085+0000] {logging_mixin.py:137} INFO - [2023-01-12T07:39:23.085+0000] {dagbag.py:538} INFO - Filling up the DagBag from /home/airflow/.local/lib/python3.7/site-packages/airflow/example_dags/example_branch_python_dop_operator_3.py
[2023-01-12T07:39:23.110+0000] {processor.py:753} INFO - DAG(s) dict_keys(['example_branch_dop_operator_v3']) retrieved from /home/airflow/.local/lib/python3.7/site-packages/airflow/example_dags/example_branch_python_dop_operator_3.py
[2023-01-12T07:39:23.140+0000] {logging_mixin.py:137} INFO - [2023-01-12T07:39:23.140+0000] {dag.py:2676} INFO - Sync 1 DAGs
[2023-01-12T07:39:23.162+0000] {logging_mixin.py:137} INFO - [2023-01-12T07:39:23.162+0000] {dag.py:3427} INFO - Setting next_dagrun for example_branch_dop_operator_v3 to 2023-01-12T07:38:00+00:00, run_after=2023-01-12T07:39:00+00:00
[2023-01-12T07:39:23.176+0000] {processor.py:175} INFO - Processing /home/airflow/.local/lib/python3.7/site-packages/airflow/example_dags/example_branch_python_dop_operator_3.py took 0.098 seconds
[2023-01-12T07:40:37.875+0000] {processor.py:153} INFO - Started process (PID=61) to work on /home/airflow/.local/lib/python3.7/site-packages/airflow/example_dags/example_branch_python_dop_operator_3.py
[2023-01-12T07:40:37.878+0000] {processor.py:743} INFO - Processing file /home/airflow/.local/lib/python3.7/site-packages/airflow/example_dags/example_branch_python_dop_operator_3.py for tasks to queue
[2023-01-12T07:40:37.880+0000] {logging_mixin.py:137} INFO - [2023-01-12T07:40:37.880+0000] {dagbag.py:538} INFO - Filling up the DagBag from /home/airflow/.local/lib/python3.7/site-packages/airflow/example_dags/example_branch_python_dop_operator_3.py
[2023-01-12T07:40:37.909+0000] {processor.py:753} INFO - DAG(s) dict_keys(['example_branch_dop_operator_v3']) retrieved from /home/airflow/.local/lib/python3.7/site-packages/airflow/example_dags/example_branch_python_dop_operator_3.py
[2023-01-12T07:40:37.955+0000] {logging_mixin.py:137} INFO - [2023-01-12T07:40:37.955+0000] {dag.py:2676} INFO - Sync 1 DAGs
[2023-01-12T07:40:37.999+0000] {logging_mixin.py:137} INFO - [2023-01-12T07:40:37.999+0000] {dag.py:3427} INFO - Setting next_dagrun for example_branch_dop_operator_v3 to 2023-01-12T07:39:00+00:00, run_after=2023-01-12T07:40:00+00:00
[2023-01-12T07:40:38.022+0000] {processor.py:175} INFO - Processing /home/airflow/.local/lib/python3.7/site-packages/airflow/example_dags/example_branch_python_dop_operator_3.py took 0.150 seconds
[2023-01-12T07:41:08.134+0000] {processor.py:153} INFO - Started process (PID=138) to work on /home/airflow/.local/lib/python3.7/site-packages/airflow/example_dags/example_branch_python_dop_operator_3.py
[2023-01-12T07:41:08.136+0000] {processor.py:743} INFO - Processing file /home/airflow/.local/lib/python3.7/site-packages/airflow/example_dags/example_branch_python_dop_operator_3.py for tasks to queue
[2023-01-12T07:41:08.138+0000] {logging_mixin.py:137} INFO - [2023-01-12T07:41:08.138+0000] {dagbag.py:538} INFO - Filling up the DagBag from /home/airflow/.local/lib/python3.7/site-packages/airflow/example_dags/example_branch_python_dop_operator_3.py
[2023-01-12T07:41:08.159+0000] {processor.py:753} INFO - DAG(s) dict_keys(['example_branch_dop_operator_v3']) retrieved from /home/airflow/.local/lib/python3.7/site-packages/airflow/example_dags/example_branch_python_dop_operator_3.py
[2023-01-12T07:41:08.186+0000] {logging_mixin.py:137} INFO - [2023-01-12T07:41:08.186+0000] {dag.py:2676} INFO - Sync 1 DAGs
[2023-01-12T07:41:08.207+0000] {logging_mixin.py:137} INFO - [2023-01-12T07:41:08.207+0000] {dag.py:3427} INFO - Setting next_dagrun for example_branch_dop_operator_v3 to 2023-01-12T07:40:00+00:00, run_after=2023-01-12T07:41:00+00:00
[2023-01-12T07:41:08.221+0000] {processor.py:175} INFO - Processing /home/airflow/.local/lib/python3.7/site-packages/airflow/example_dags/example_branch_python_dop_operator_3.py took 0.090 seconds
[2023-01-12T07:41:38.406+0000] {processor.py:153} INFO - Started process (PID=211) to work on /home/airflow/.local/lib/python3.7/site-packages/airflow/example_dags/example_branch_python_dop_operator_3.py
[2023-01-12T07:41:38.409+0000] {processor.py:743} INFO - Processing file /home/airflow/.local/lib/python3.7/site-packages/airflow/example_dags/example_branch_python_dop_operator_3.py for tasks to queue
[2023-01-12T07:41:38.410+0000] {logging_mixin.py:137} INFO - [2023-01-12T07:41:38.410+0000] {dagbag.py:538} INFO - Filling up the DagBag from /home/airflow/.local/lib/python3.7/site-packages/airflow/example_dags/example_branch_python_dop_operator_3.py
[2023-01-12T07:41:38.430+0000] {processor.py:753} INFO - DAG(s) dict_keys(['example_branch_dop_operator_v3']) retrieved from /home/airflow/.local/lib/python3.7/site-packages/airflow/example_dags/example_branch_python_dop_operator_3.py
[2023-01-12T07:41:38.474+0000] {logging_mixin.py:137} INFO - [2023-01-12T07:41:38.474+0000] {dag.py:2676} INFO - Sync 1 DAGs
[2023-01-12T07:41:38.502+0000] {logging_mixin.py:137} INFO - [2023-01-12T07:41:38.502+0000] {dag.py:3427} INFO - Setting next_dagrun for example_branch_dop_operator_v3 to 2023-01-12T07:40:00+00:00, run_after=2023-01-12T07:41:00+00:00
[2023-01-12T07:41:38.524+0000] {processor.py:175} INFO - Processing /home/airflow/.local/lib/python3.7/site-packages/airflow/example_dags/example_branch_python_dop_operator_3.py took 0.121 seconds
[2023-01-12T07:42:09.445+0000] {processor.py:153} INFO - Started process (PID=273) to work on /home/airflow/.local/lib/python3.7/site-packages/airflow/example_dags/example_branch_python_dop_operator_3.py
[2023-01-12T07:42:09.447+0000] {processor.py:743} INFO - Processing file /home/airflow/.local/lib/python3.7/site-packages/airflow/example_dags/example_branch_python_dop_operator_3.py for tasks to queue
[2023-01-12T07:42:09.450+0000] {logging_mixin.py:137} INFO - [2023-01-12T07:42:09.450+0000] {dagbag.py:538} INFO - Filling up the DagBag from /home/airflow/.local/lib/python3.7/site-packages/airflow/example_dags/example_branch_python_dop_operator_3.py
[2023-01-12T07:42:09.469+0000] {processor.py:753} INFO - DAG(s) dict_keys(['example_branch_dop_operator_v3']) retrieved from /home/airflow/.local/lib/python3.7/site-packages/airflow/example_dags/example_branch_python_dop_operator_3.py
[2023-01-12T07:42:09.498+0000] {logging_mixin.py:137} INFO - [2023-01-12T07:42:09.498+0000] {dag.py:2676} INFO - Sync 1 DAGs
[2023-01-12T07:42:09.519+0000] {logging_mixin.py:137} INFO - [2023-01-12T07:42:09.519+0000] {dag.py:3427} INFO - Setting next_dagrun for example_branch_dop_operator_v3 to 2023-01-12T07:41:00+00:00, run_after=2023-01-12T07:42:00+00:00
[2023-01-12T07:42:09.535+0000] {processor.py:175} INFO - Processing /home/airflow/.local/lib/python3.7/site-packages/airflow/example_dags/example_branch_python_dop_operator_3.py took 0.093 seconds
[2023-01-12T07:42:40.000+0000] {processor.py:153} INFO - Started process (PID=349) to work on /home/airflow/.local/lib/python3.7/site-packages/airflow/example_dags/example_branch_python_dop_operator_3.py
[2023-01-12T07:42:40.003+0000] {processor.py:743} INFO - Processing file /home/airflow/.local/lib/python3.7/site-packages/airflow/example_dags/example_branch_python_dop_operator_3.py for tasks to queue
[2023-01-12T07:42:40.006+0000] {logging_mixin.py:137} INFO - [2023-01-12T07:42:40.005+0000] {dagbag.py:538} INFO - Filling up the DagBag from /home/airflow/.local/lib/python3.7/site-packages/airflow/example_dags/example_branch_python_dop_operator_3.py
[2023-01-12T07:42:40.026+0000] {processor.py:753} INFO - DAG(s) dict_keys(['example_branch_dop_operator_v3']) retrieved from /home/airflow/.local/lib/python3.7/site-packages/airflow/example_dags/example_branch_python_dop_operator_3.py
[2023-01-12T07:42:40.056+0000] {logging_mixin.py:137} INFO - [2023-01-12T07:42:40.056+0000] {dag.py:2676} INFO - Sync 1 DAGs
[2023-01-12T07:42:40.079+0000] {logging_mixin.py:137} INFO - [2023-01-12T07:42:40.079+0000] {dag.py:3427} INFO - Setting next_dagrun for example_branch_dop_operator_v3 to 2023-01-12T07:41:00+00:00, run_after=2023-01-12T07:42:00+00:00
[2023-01-12T07:42:40.099+0000] {processor.py:175} INFO - Processing /home/airflow/.local/lib/python3.7/site-packages/airflow/example_dags/example_branch_python_dop_operator_3.py took 0.103 seconds
[2023-01-12T07:43:10.750+0000] {processor.py:153} INFO - Started process (PID=411) to work on /home/airflow/.local/lib/python3.7/site-packages/airflow/example_dags/example_branch_python_dop_operator_3.py
[2023-01-12T07:43:10.752+0000] {processor.py:743} INFO - Processing file /home/airflow/.local/lib/python3.7/site-packages/airflow/example_dags/example_branch_python_dop_operator_3.py for tasks to queue
[2023-01-12T07:43:10.753+0000] {logging_mixin.py:137} INFO - [2023-01-12T07:43:10.753+0000] {dagbag.py:538} INFO - Filling up the DagBag from /home/airflow/.local/lib/python3.7/site-packages/airflow/example_dags/example_branch_python_dop_operator_3.py
[2023-01-12T07:43:10.772+0000] {processor.py:753} INFO - DAG(s) dict_keys(['example_branch_dop_operator_v3']) retrieved from /home/airflow/.local/lib/python3.7/site-packages/airflow/example_dags/example_branch_python_dop_operator_3.py
[2023-01-12T07:43:10.800+0000] {logging_mixin.py:137} INFO - [2023-01-12T07:43:10.800+0000] {dag.py:2676} INFO - Sync 1 DAGs
[2023-01-12T07:43:10.821+0000] {logging_mixin.py:137} INFO - [2023-01-12T07:43:10.821+0000] {dag.py:3427} INFO - Setting next_dagrun for example_branch_dop_operator_v3 to 2023-01-12T07:42:00+00:00, run_after=2023-01-12T07:43:00+00:00
[2023-01-12T07:43:10.837+0000] {processor.py:175} INFO - Processing /home/airflow/.local/lib/python3.7/site-packages/airflow/example_dags/example_branch_python_dop_operator_3.py took 0.093 seconds
[2023-01-12T07:43:41.464+0000] {processor.py:153} INFO - Started process (PID=483) to work on /home/airflow/.local/lib/python3.7/site-packages/airflow/example_dags/example_branch_python_dop_operator_3.py
[2023-01-12T07:43:41.466+0000] {processor.py:743} INFO - Processing file /home/airflow/.local/lib/python3.7/site-packages/airflow/example_dags/example_branch_python_dop_operator_3.py for tasks to queue
[2023-01-12T07:43:41.467+0000] {logging_mixin.py:137} INFO - [2023-01-12T07:43:41.467+0000] {dagbag.py:538} INFO - Filling up the DagBag from /home/airflow/.local/lib/python3.7/site-packages/airflow/example_dags/example_branch_python_dop_operator_3.py
[2023-01-12T07:43:41.487+0000] {processor.py:753} INFO - DAG(s) dict_keys(['example_branch_dop_operator_v3']) retrieved from /home/airflow/.local/lib/python3.7/site-packages/airflow/example_dags/example_branch_python_dop_operator_3.py
[2023-01-12T07:43:41.519+0000] {logging_mixin.py:137} INFO - [2023-01-12T07:43:41.519+0000] {dag.py:2676} INFO - Sync 1 DAGs
[2023-01-12T07:43:41.543+0000] {logging_mixin.py:137} INFO - [2023-01-12T07:43:41.543+0000] {dag.py:3427} INFO - Setting next_dagrun for example_branch_dop_operator_v3 to 2023-01-12T07:42:00+00:00, run_after=2023-01-12T07:43:00+00:00
[2023-01-12T07:43:41.560+0000] {processor.py:175} INFO - Processing /home/airflow/.local/lib/python3.7/site-packages/airflow/example_dags/example_branch_python_dop_operator_3.py took 0.099 seconds
[2023-01-12T07:44:11.777+0000] {processor.py:153} INFO - Started process (PID=557) to work on /home/airflow/.local/lib/python3.7/site-packages/airflow/example_dags/example_branch_python_dop_operator_3.py
[2023-01-12T07:44:11.780+0000] {processor.py:743} INFO - Processing file /home/airflow/.local/lib/python3.7/site-packages/airflow/example_dags/example_branch_python_dop_operator_3.py for tasks to queue
[2023-01-12T07:44:11.782+0000] {logging_mixin.py:137} INFO - [2023-01-12T07:44:11.782+0000] {dagbag.py:538} INFO - Filling up the DagBag from /home/airflow/.local/lib/python3.7/site-packages/airflow/example_dags/example_branch_python_dop_operator_3.py
[2023-01-12T07:44:11.801+0000] {processor.py:753} INFO - DAG(s) dict_keys(['example_branch_dop_operator_v3']) retrieved from /home/airflow/.local/lib/python3.7/site-packages/airflow/example_dags/example_branch_python_dop_operator_3.py
[2023-01-12T07:44:11.829+0000] {logging_mixin.py:137} INFO - [2023-01-12T07:44:11.829+0000] {dag.py:2676} INFO - Sync 1 DAGs
[2023-01-12T07:44:11.850+0000] {logging_mixin.py:137} INFO - [2023-01-12T07:44:11.850+0000] {dag.py:3427} INFO - Setting next_dagrun for example_branch_dop_operator_v3 to 2023-01-12T07:43:00+00:00, run_after=2023-01-12T07:44:00+00:00
[2023-01-12T07:44:11.865+0000] {processor.py:175} INFO - Processing /home/airflow/.local/lib/python3.7/site-packages/airflow/example_dags/example_branch_python_dop_operator_3.py took 0.090 seconds
[2023-01-12T07:44:42.388+0000] {processor.py:153} INFO - Started process (PID=619) to work on /home/airflow/.local/lib/python3.7/site-packages/airflow/example_dags/example_branch_python_dop_operator_3.py
[2023-01-12T07:44:42.390+0000] {processor.py:743} INFO - Processing file /home/airflow/.local/lib/python3.7/site-packages/airflow/example_dags/example_branch_python_dop_operator_3.py for tasks to queue
[2023-01-12T07:44:42.391+0000] {logging_mixin.py:137} INFO - [2023-01-12T07:44:42.391+0000] {dagbag.py:538} INFO - Filling up the DagBag from /home/airflow/.local/lib/python3.7/site-packages/airflow/example_dags/example_branch_python_dop_operator_3.py
[2023-01-12T07:44:42.410+0000] {processor.py:753} INFO - DAG(s) dict_keys(['example_branch_dop_operator_v3']) retrieved from /home/airflow/.local/lib/python3.7/site-packages/airflow/example_dags/example_branch_python_dop_operator_3.py
[2023-01-12T07:44:42.441+0000] {logging_mixin.py:137} INFO - [2023-01-12T07:44:42.441+0000] {dag.py:2676} INFO - Sync 1 DAGs
[2023-01-12T07:44:42.467+0000] {logging_mixin.py:137} INFO - [2023-01-12T07:44:42.467+0000] {dag.py:3427} INFO - Setting next_dagrun for example_branch_dop_operator_v3 to 2023-01-12T07:43:00+00:00, run_after=2023-01-12T07:44:00+00:00
[2023-01-12T07:44:42.487+0000] {processor.py:175} INFO - Processing /home/airflow/.local/lib/python3.7/site-packages/airflow/example_dags/example_branch_python_dop_operator_3.py took 0.101 seconds
[2023-01-12T07:45:13.009+0000] {processor.py:153} INFO - Started process (PID=694) to work on /home/airflow/.local/lib/python3.7/site-packages/airflow/example_dags/example_branch_python_dop_operator_3.py
[2023-01-12T07:45:13.011+0000] {processor.py:743} INFO - Processing file /home/airflow/.local/lib/python3.7/site-packages/airflow/example_dags/example_branch_python_dop_operator_3.py for tasks to queue
[2023-01-12T07:45:13.012+0000] {logging_mixin.py:137} INFO - [2023-01-12T07:45:13.012+0000] {dagbag.py:538} INFO - Filling up the DagBag from /home/airflow/.local/lib/python3.7/site-packages/airflow/example_dags/example_branch_python_dop_operator_3.py
[2023-01-12T07:45:13.030+0000] {processor.py:753} INFO - DAG(s) dict_keys(['example_branch_dop_operator_v3']) retrieved from /home/airflow/.local/lib/python3.7/site-packages/airflow/example_dags/example_branch_python_dop_operator_3.py
[2023-01-12T07:45:13.061+0000] {logging_mixin.py:137} INFO - [2023-01-12T07:45:13.061+0000] {dag.py:2676} INFO - Sync 1 DAGs
[2023-01-12T07:45:13.083+0000] {logging_mixin.py:137} INFO - [2023-01-12T07:45:13.083+0000] {dag.py:3427} INFO - Setting next_dagrun for example_branch_dop_operator_v3 to 2023-01-12T07:44:00+00:00, run_after=2023-01-12T07:45:00+00:00
[2023-01-12T07:45:13.099+0000] {processor.py:175} INFO - Processing /home/airflow/.local/lib/python3.7/site-packages/airflow/example_dags/example_branch_python_dop_operator_3.py took 0.093 seconds
[2023-01-12T07:45:44.048+0000] {processor.py:153} INFO - Started process (PID=768) to work on /home/airflow/.local/lib/python3.7/site-packages/airflow/example_dags/example_branch_python_dop_operator_3.py
[2023-01-12T07:45:44.050+0000] {processor.py:743} INFO - Processing file /home/airflow/.local/lib/python3.7/site-packages/airflow/example_dags/example_branch_python_dop_operator_3.py for tasks to queue
[2023-01-12T07:45:44.051+0000] {logging_mixin.py:137} INFO - [2023-01-12T07:45:44.051+0000] {dagbag.py:538} INFO - Filling up the DagBag from /home/airflow/.local/lib/python3.7/site-packages/airflow/example_dags/example_branch_python_dop_operator_3.py
[2023-01-12T07:45:44.080+0000] {processor.py:753} INFO - DAG(s) dict_keys(['example_branch_dop_operator_v3']) retrieved from /home/airflow/.local/lib/python3.7/site-packages/airflow/example_dags/example_branch_python_dop_operator_3.py
[2023-01-12T07:45:44.118+0000] {logging_mixin.py:137} INFO - [2023-01-12T07:45:44.118+0000] {dag.py:2676} INFO - Sync 1 DAGs
[2023-01-12T07:45:44.148+0000] {logging_mixin.py:137} INFO - [2023-01-12T07:45:44.148+0000] {dag.py:3427} INFO - Setting next_dagrun for example_branch_dop_operator_v3 to 2023-01-12T07:44:00+00:00, run_after=2023-01-12T07:45:00+00:00
[2023-01-12T07:45:44.175+0000] {processor.py:175} INFO - Processing /home/airflow/.local/lib/python3.7/site-packages/airflow/example_dags/example_branch_python_dop_operator_3.py took 0.130 seconds
[2023-01-12T07:46:14.727+0000] {processor.py:153} INFO - Started process (PID=830) to work on /home/airflow/.local/lib/python3.7/site-packages/airflow/example_dags/example_branch_python_dop_operator_3.py
[2023-01-12T07:46:14.729+0000] {processor.py:743} INFO - Processing file /home/airflow/.local/lib/python3.7/site-packages/airflow/example_dags/example_branch_python_dop_operator_3.py for tasks to queue
[2023-01-12T07:46:14.730+0000] {logging_mixin.py:137} INFO - [2023-01-12T07:46:14.730+0000] {dagbag.py:538} INFO - Filling up the DagBag from /home/airflow/.local/lib/python3.7/site-packages/airflow/example_dags/example_branch_python_dop_operator_3.py
[2023-01-12T07:46:14.749+0000] {processor.py:753} INFO - DAG(s) dict_keys(['example_branch_dop_operator_v3']) retrieved from /home/airflow/.local/lib/python3.7/site-packages/airflow/example_dags/example_branch_python_dop_operator_3.py
[2023-01-12T07:46:14.778+0000] {logging_mixin.py:137} INFO - [2023-01-12T07:46:14.778+0000] {dag.py:2676} INFO - Sync 1 DAGs
[2023-01-12T07:46:14.798+0000] {logging_mixin.py:137} INFO - [2023-01-12T07:46:14.798+0000] {dag.py:3427} INFO - Setting next_dagrun for example_branch_dop_operator_v3 to 2023-01-12T07:45:00+00:00, run_after=2023-01-12T07:46:00+00:00
[2023-01-12T07:46:14.812+0000] {processor.py:175} INFO - Processing /home/airflow/.local/lib/python3.7/site-packages/airflow/example_dags/example_branch_python_dop_operator_3.py took 0.087 seconds
[2023-01-12T07:46:45.508+0000] {processor.py:153} INFO - Started process (PID=905) to work on /home/airflow/.local/lib/python3.7/site-packages/airflow/example_dags/example_branch_python_dop_operator_3.py
[2023-01-12T07:46:45.510+0000] {processor.py:743} INFO - Processing file /home/airflow/.local/lib/python3.7/site-packages/airflow/example_dags/example_branch_python_dop_operator_3.py for tasks to queue
[2023-01-12T07:46:45.511+0000] {logging_mixin.py:137} INFO - [2023-01-12T07:46:45.511+0000] {dagbag.py:538} INFO - Filling up the DagBag from /home/airflow/.local/lib/python3.7/site-packages/airflow/example_dags/example_branch_python_dop_operator_3.py
[2023-01-12T07:46:45.529+0000] {processor.py:753} INFO - DAG(s) dict_keys(['example_branch_dop_operator_v3']) retrieved from /home/airflow/.local/lib/python3.7/site-packages/airflow/example_dags/example_branch_python_dop_operator_3.py
[2023-01-12T07:46:45.556+0000] {logging_mixin.py:137} INFO - [2023-01-12T07:46:45.556+0000] {dag.py:2676} INFO - Sync 1 DAGs
[2023-01-12T07:46:45.577+0000] {logging_mixin.py:137} INFO - [2023-01-12T07:46:45.577+0000] {dag.py:3427} INFO - Setting next_dagrun for example_branch_dop_operator_v3 to 2023-01-12T07:45:00+00:00, run_after=2023-01-12T07:46:00+00:00
[2023-01-12T07:46:45.592+0000] {processor.py:175} INFO - Processing /home/airflow/.local/lib/python3.7/site-packages/airflow/example_dags/example_branch_python_dop_operator_3.py took 0.087 seconds
[2023-01-12T07:47:16.406+0000] {processor.py:153} INFO - Started process (PID=976) to work on /home/airflow/.local/lib/python3.7/site-packages/airflow/example_dags/example_branch_python_dop_operator_3.py
[2023-01-12T07:47:16.408+0000] {processor.py:743} INFO - Processing file /home/airflow/.local/lib/python3.7/site-packages/airflow/example_dags/example_branch_python_dop_operator_3.py for tasks to queue
[2023-01-12T07:47:16.409+0000] {logging_mixin.py:137} INFO - [2023-01-12T07:47:16.409+0000] {dagbag.py:538} INFO - Filling up the DagBag from /home/airflow/.local/lib/python3.7/site-packages/airflow/example_dags/example_branch_python_dop_operator_3.py
[2023-01-12T07:47:16.432+0000] {processor.py:753} INFO - DAG(s) dict_keys(['example_branch_dop_operator_v3']) retrieved from /home/airflow/.local/lib/python3.7/site-packages/airflow/example_dags/example_branch_python_dop_operator_3.py
[2023-01-12T07:47:16.479+0000] {logging_mixin.py:137} INFO - [2023-01-12T07:47:16.479+0000] {dag.py:2676} INFO - Sync 1 DAGs
[2023-01-12T07:47:16.508+0000] {logging_mixin.py:137} INFO - [2023-01-12T07:47:16.508+0000] {dag.py:3427} INFO - Setting next_dagrun for example_branch_dop_operator_v3 to 2023-01-12T07:46:00+00:00, run_after=2023-01-12T07:47:00+00:00
[2023-01-12T07:47:16.533+0000] {processor.py:175} INFO - Processing /home/airflow/.local/lib/python3.7/site-packages/airflow/example_dags/example_branch_python_dop_operator_3.py took 0.130 seconds
[2023-01-12T07:47:46.579+0000] {processor.py:153} INFO - Started process (PID=1043) to work on /home/airflow/.local/lib/python3.7/site-packages/airflow/example_dags/example_branch_python_dop_operator_3.py
[2023-01-12T07:47:46.581+0000] {processor.py:743} INFO - Processing file /home/airflow/.local/lib/python3.7/site-packages/airflow/example_dags/example_branch_python_dop_operator_3.py for tasks to queue
[2023-01-12T07:47:46.583+0000] {logging_mixin.py:137} INFO - [2023-01-12T07:47:46.583+0000] {dagbag.py:538} INFO - Filling up the DagBag from /home/airflow/.local/lib/python3.7/site-packages/airflow/example_dags/example_branch_python_dop_operator_3.py
[2023-01-12T07:47:46.605+0000] {processor.py:753} INFO - DAG(s) dict_keys(['example_branch_dop_operator_v3']) retrieved from /home/airflow/.local/lib/python3.7/site-packages/airflow/example_dags/example_branch_python_dop_operator_3.py
[2023-01-12T07:47:46.637+0000] {logging_mixin.py:137} INFO - [2023-01-12T07:47:46.637+0000] {dag.py:2676} INFO - Sync 1 DAGs
[2023-01-12T07:47:46.661+0000] {logging_mixin.py:137} INFO - [2023-01-12T07:47:46.661+0000] {dag.py:3427} INFO - Setting next_dagrun for example_branch_dop_operator_v3 to 2023-01-12T07:46:00+00:00, run_after=2023-01-12T07:47:00+00:00
[2023-01-12T07:47:46.677+0000] {processor.py:175} INFO - Processing /home/airflow/.local/lib/python3.7/site-packages/airflow/example_dags/example_branch_python_dop_operator_3.py took 0.101 seconds
[2023-01-12T07:48:17.413+0000] {processor.py:153} INFO - Started process (PID=1116) to work on /home/airflow/.local/lib/python3.7/site-packages/airflow/example_dags/example_branch_python_dop_operator_3.py
[2023-01-12T07:48:17.415+0000] {processor.py:743} INFO - Processing file /home/airflow/.local/lib/python3.7/site-packages/airflow/example_dags/example_branch_python_dop_operator_3.py for tasks to queue
[2023-01-12T07:48:17.416+0000] {logging_mixin.py:137} INFO - [2023-01-12T07:48:17.416+0000] {dagbag.py:538} INFO - Filling up the DagBag from /home/airflow/.local/lib/python3.7/site-packages/airflow/example_dags/example_branch_python_dop_operator_3.py
[2023-01-12T07:48:17.437+0000] {processor.py:753} INFO - DAG(s) dict_keys(['example_branch_dop_operator_v3']) retrieved from /home/airflow/.local/lib/python3.7/site-packages/airflow/example_dags/example_branch_python_dop_operator_3.py
[2023-01-12T07:48:17.475+0000] {logging_mixin.py:137} INFO - [2023-01-12T07:48:17.475+0000] {dag.py:2676} INFO - Sync 1 DAGs
[2023-01-12T07:48:17.505+0000] {logging_mixin.py:137} INFO - [2023-01-12T07:48:17.505+0000] {dag.py:3427} INFO - Setting next_dagrun for example_branch_dop_operator_v3 to 2023-01-12T07:47:00+00:00, run_after=2023-01-12T07:48:00+00:00
[2023-01-12T07:48:17.526+0000] {processor.py:175} INFO - Processing /home/airflow/.local/lib/python3.7/site-packages/airflow/example_dags/example_branch_python_dop_operator_3.py took 0.116 seconds
[2023-01-12T07:48:47.915+0000] {processor.py:153} INFO - Started process (PID=1177) to work on /home/airflow/.local/lib/python3.7/site-packages/airflow/example_dags/example_branch_python_dop_operator_3.py
[2023-01-12T07:48:47.917+0000] {processor.py:743} INFO - Processing file /home/airflow/.local/lib/python3.7/site-packages/airflow/example_dags/example_branch_python_dop_operator_3.py for tasks to queue
[2023-01-12T07:48:47.918+0000] {logging_mixin.py:137} INFO - [2023-01-12T07:48:47.918+0000] {dagbag.py:538} INFO - Filling up the DagBag from /home/airflow/.local/lib/python3.7/site-packages/airflow/example_dags/example_branch_python_dop_operator_3.py
[2023-01-12T07:48:47.937+0000] {processor.py:753} INFO - DAG(s) dict_keys(['example_branch_dop_operator_v3']) retrieved from /home/airflow/.local/lib/python3.7/site-packages/airflow/example_dags/example_branch_python_dop_operator_3.py
[2023-01-12T07:48:47.973+0000] {logging_mixin.py:137} INFO - [2023-01-12T07:48:47.973+0000] {dag.py:2676} INFO - Sync 1 DAGs
[2023-01-12T07:48:47.997+0000] {logging_mixin.py:137} INFO - [2023-01-12T07:48:47.997+0000] {dag.py:3427} INFO - Setting next_dagrun for example_branch_dop_operator_v3 to 2023-01-12T07:47:00+00:00, run_after=2023-01-12T07:48:00+00:00
[2023-01-12T07:48:48.025+0000] {processor.py:175} INFO - Processing /home/airflow/.local/lib/python3.7/site-packages/airflow/example_dags/example_branch_python_dop_operator_3.py took 0.112 seconds
[2023-01-12T07:49:18.649+0000] {processor.py:153} INFO - Started process (PID=1253) to work on /home/airflow/.local/lib/python3.7/site-packages/airflow/example_dags/example_branch_python_dop_operator_3.py
[2023-01-12T07:49:18.651+0000] {processor.py:743} INFO - Processing file /home/airflow/.local/lib/python3.7/site-packages/airflow/example_dags/example_branch_python_dop_operator_3.py for tasks to queue
[2023-01-12T07:49:18.653+0000] {logging_mixin.py:137} INFO - [2023-01-12T07:49:18.653+0000] {dagbag.py:538} INFO - Filling up the DagBag from /home/airflow/.local/lib/python3.7/site-packages/airflow/example_dags/example_branch_python_dop_operator_3.py
[2023-01-12T07:49:18.672+0000] {processor.py:753} INFO - DAG(s) dict_keys(['example_branch_dop_operator_v3']) retrieved from /home/airflow/.local/lib/python3.7/site-packages/airflow/example_dags/example_branch_python_dop_operator_3.py
[2023-01-12T07:49:18.701+0000] {logging_mixin.py:137} INFO - [2023-01-12T07:49:18.701+0000] {dag.py:2676} INFO - Sync 1 DAGs
[2023-01-12T07:49:18.725+0000] {logging_mixin.py:137} INFO - [2023-01-12T07:49:18.724+0000] {dag.py:3427} INFO - Setting next_dagrun for example_branch_dop_operator_v3 to 2023-01-12T07:48:00+00:00, run_after=2023-01-12T07:49:00+00:00
[2023-01-12T07:49:18.742+0000] {processor.py:175} INFO - Processing /home/airflow/.local/lib/python3.7/site-packages/airflow/example_dags/example_branch_python_dop_operator_3.py took 0.096 seconds
[2023-01-12T07:49:49.587+0000] {processor.py:153} INFO - Started process (PID=1324) to work on /home/airflow/.local/lib/python3.7/site-packages/airflow/example_dags/example_branch_python_dop_operator_3.py
[2023-01-12T07:49:49.590+0000] {processor.py:743} INFO - Processing file /home/airflow/.local/lib/python3.7/site-packages/airflow/example_dags/example_branch_python_dop_operator_3.py for tasks to queue
[2023-01-12T07:49:49.592+0000] {logging_mixin.py:137} INFO - [2023-01-12T07:49:49.592+0000] {dagbag.py:538} INFO - Filling up the DagBag from /home/airflow/.local/lib/python3.7/site-packages/airflow/example_dags/example_branch_python_dop_operator_3.py
[2023-01-12T07:49:49.626+0000] {processor.py:753} INFO - DAG(s) dict_keys(['example_branch_dop_operator_v3']) retrieved from /home/airflow/.local/lib/python3.7/site-packages/airflow/example_dags/example_branch_python_dop_operator_3.py
[2023-01-12T07:49:49.669+0000] {logging_mixin.py:137} INFO - [2023-01-12T07:49:49.669+0000] {dag.py:2676} INFO - Sync 1 DAGs
[2023-01-12T07:49:49.699+0000] {logging_mixin.py:137} INFO - [2023-01-12T07:49:49.699+0000] {dag.py:3427} INFO - Setting next_dagrun for example_branch_dop_operator_v3 to 2023-01-12T07:48:00+00:00, run_after=2023-01-12T07:49:00+00:00
[2023-01-12T07:49:49.717+0000] {processor.py:175} INFO - Processing /home/airflow/.local/lib/python3.7/site-packages/airflow/example_dags/example_branch_python_dop_operator_3.py took 0.133 seconds
[2023-01-12T07:50:20.233+0000] {processor.py:153} INFO - Started process (PID=1390) to work on /home/airflow/.local/lib/python3.7/site-packages/airflow/example_dags/example_branch_python_dop_operator_3.py
[2023-01-12T07:50:20.235+0000] {processor.py:743} INFO - Processing file /home/airflow/.local/lib/python3.7/site-packages/airflow/example_dags/example_branch_python_dop_operator_3.py for tasks to queue
[2023-01-12T07:50:20.237+0000] {logging_mixin.py:137} INFO - [2023-01-12T07:50:20.236+0000] {dagbag.py:538} INFO - Filling up the DagBag from /home/airflow/.local/lib/python3.7/site-packages/airflow/example_dags/example_branch_python_dop_operator_3.py
[2023-01-12T07:50:20.258+0000] {processor.py:753} INFO - DAG(s) dict_keys(['example_branch_dop_operator_v3']) retrieved from /home/airflow/.local/lib/python3.7/site-packages/airflow/example_dags/example_branch_python_dop_operator_3.py
[2023-01-12T07:50:20.292+0000] {logging_mixin.py:137} INFO - [2023-01-12T07:50:20.292+0000] {dag.py:2676} INFO - Sync 1 DAGs
[2023-01-12T07:50:20.316+0000] {logging_mixin.py:137} INFO - [2023-01-12T07:50:20.315+0000] {dag.py:3427} INFO - Setting next_dagrun for example_branch_dop_operator_v3 to 2023-01-12T07:49:00+00:00, run_after=2023-01-12T07:50:00+00:00
[2023-01-12T07:50:20.334+0000] {processor.py:175} INFO - Processing /home/airflow/.local/lib/python3.7/site-packages/airflow/example_dags/example_branch_python_dop_operator_3.py took 0.104 seconds
[2023-01-12T07:50:51.184+0000] {processor.py:153} INFO - Started process (PID=1463) to work on /home/airflow/.local/lib/python3.7/site-packages/airflow/example_dags/example_branch_python_dop_operator_3.py
[2023-01-12T07:50:51.186+0000] {processor.py:743} INFO - Processing file /home/airflow/.local/lib/python3.7/site-packages/airflow/example_dags/example_branch_python_dop_operator_3.py for tasks to queue
[2023-01-12T07:50:51.188+0000] {logging_mixin.py:137} INFO - [2023-01-12T07:50:51.187+0000] {dagbag.py:538} INFO - Filling up the DagBag from /home/airflow/.local/lib/python3.7/site-packages/airflow/example_dags/example_branch_python_dop_operator_3.py
[2023-01-12T07:50:51.207+0000] {processor.py:753} INFO - DAG(s) dict_keys(['example_branch_dop_operator_v3']) retrieved from /home/airflow/.local/lib/python3.7/site-packages/airflow/example_dags/example_branch_python_dop_operator_3.py
[2023-01-12T07:50:51.238+0000] {logging_mixin.py:137} INFO - [2023-01-12T07:50:51.237+0000] {dag.py:2676} INFO - Sync 1 DAGs
[2023-01-12T07:50:51.263+0000] {logging_mixin.py:137} INFO - [2023-01-12T07:50:51.263+0000] {dag.py:3427} INFO - Setting next_dagrun for example_branch_dop_operator_v3 to 2023-01-12T07:49:00+00:00, run_after=2023-01-12T07:50:00+00:00
[2023-01-12T07:50:51.281+0000] {processor.py:175} INFO - Processing /home/airflow/.local/lib/python3.7/site-packages/airflow/example_dags/example_branch_python_dop_operator_3.py took 0.100 seconds
[2023-01-12T07:51:22.123+0000] {processor.py:153} INFO - Started process (PID=1524) to work on /home/airflow/.local/lib/python3.7/site-packages/airflow/example_dags/example_branch_python_dop_operator_3.py
[2023-01-12T07:51:22.125+0000] {processor.py:743} INFO - Processing file /home/airflow/.local/lib/python3.7/site-packages/airflow/example_dags/example_branch_python_dop_operator_3.py for tasks to queue
[2023-01-12T07:51:22.128+0000] {logging_mixin.py:137} INFO - [2023-01-12T07:51:22.128+0000] {dagbag.py:538} INFO - Filling up the DagBag from /home/airflow/.local/lib/python3.7/site-packages/airflow/example_dags/example_branch_python_dop_operator_3.py
[2023-01-12T07:51:22.145+0000] {processor.py:753} INFO - DAG(s) dict_keys(['example_branch_dop_operator_v3']) retrieved from /home/airflow/.local/lib/python3.7/site-packages/airflow/example_dags/example_branch_python_dop_operator_3.py
[2023-01-12T07:51:22.174+0000] {logging_mixin.py:137} INFO - [2023-01-12T07:51:22.174+0000] {dag.py:2676} INFO - Sync 1 DAGs
[2023-01-12T07:51:22.195+0000] {logging_mixin.py:137} INFO - [2023-01-12T07:51:22.195+0000] {dag.py:3427} INFO - Setting next_dagrun for example_branch_dop_operator_v3 to 2023-01-12T07:50:00+00:00, run_after=2023-01-12T07:51:00+00:00
[2023-01-12T07:51:22.208+0000] {processor.py:175} INFO - Processing /home/airflow/.local/lib/python3.7/site-packages/airflow/example_dags/example_branch_python_dop_operator_3.py took 0.088 seconds
[2023-01-12T07:51:52.992+0000] {processor.py:153} INFO - Started process (PID=1596) to work on /home/airflow/.local/lib/python3.7/site-packages/airflow/example_dags/example_branch_python_dop_operator_3.py
[2023-01-12T07:51:52.994+0000] {processor.py:743} INFO - Processing file /home/airflow/.local/lib/python3.7/site-packages/airflow/example_dags/example_branch_python_dop_operator_3.py for tasks to queue
[2023-01-12T07:51:52.995+0000] {logging_mixin.py:137} INFO - [2023-01-12T07:51:52.995+0000] {dagbag.py:538} INFO - Filling up the DagBag from /home/airflow/.local/lib/python3.7/site-packages/airflow/example_dags/example_branch_python_dop_operator_3.py
[2023-01-12T07:51:53.014+0000] {processor.py:753} INFO - DAG(s) dict_keys(['example_branch_dop_operator_v3']) retrieved from /home/airflow/.local/lib/python3.7/site-packages/airflow/example_dags/example_branch_python_dop_operator_3.py
[2023-01-12T07:51:53.043+0000] {logging_mixin.py:137} INFO - [2023-01-12T07:51:53.042+0000] {dag.py:2676} INFO - Sync 1 DAGs
[2023-01-12T07:51:53.063+0000] {logging_mixin.py:137} INFO - [2023-01-12T07:51:53.063+0000] {dag.py:3427} INFO - Setting next_dagrun for example_branch_dop_operator_v3 to 2023-01-12T07:50:00+00:00, run_after=2023-01-12T07:51:00+00:00
[2023-01-12T07:51:53.078+0000] {processor.py:175} INFO - Processing /home/airflow/.local/lib/python3.7/site-packages/airflow/example_dags/example_branch_python_dop_operator_3.py took 0.089 seconds
[2023-01-12T07:52:24.067+0000] {processor.py:153} INFO - Started process (PID=1671) to work on /home/airflow/.local/lib/python3.7/site-packages/airflow/example_dags/example_branch_python_dop_operator_3.py
[2023-01-12T07:52:24.069+0000] {processor.py:743} INFO - Processing file /home/airflow/.local/lib/python3.7/site-packages/airflow/example_dags/example_branch_python_dop_operator_3.py for tasks to queue
[2023-01-12T07:52:24.071+0000] {logging_mixin.py:137} INFO - [2023-01-12T07:52:24.070+0000] {dagbag.py:538} INFO - Filling up the DagBag from /home/airflow/.local/lib/python3.7/site-packages/airflow/example_dags/example_branch_python_dop_operator_3.py
[2023-01-12T07:52:24.090+0000] {processor.py:753} INFO - DAG(s) dict_keys(['example_branch_dop_operator_v3']) retrieved from /home/airflow/.local/lib/python3.7/site-packages/airflow/example_dags/example_branch_python_dop_operator_3.py
[2023-01-12T07:52:24.120+0000] {logging_mixin.py:137} INFO - [2023-01-12T07:52:24.120+0000] {dag.py:2676} INFO - Sync 1 DAGs
[2023-01-12T07:52:24.143+0000] {logging_mixin.py:137} INFO - [2023-01-12T07:52:24.143+0000] {dag.py:3427} INFO - Setting next_dagrun for example_branch_dop_operator_v3 to 2023-01-12T07:51:00+00:00, run_after=2023-01-12T07:52:00+00:00
[2023-01-12T07:52:24.159+0000] {processor.py:175} INFO - Processing /home/airflow/.local/lib/python3.7/site-packages/airflow/example_dags/example_branch_python_dop_operator_3.py took 0.095 seconds
[2023-01-12T07:52:54.662+0000] {processor.py:153} INFO - Started process (PID=1732) to work on /home/airflow/.local/lib/python3.7/site-packages/airflow/example_dags/example_branch_python_dop_operator_3.py
[2023-01-12T07:52:54.665+0000] {processor.py:743} INFO - Processing file /home/airflow/.local/lib/python3.7/site-packages/airflow/example_dags/example_branch_python_dop_operator_3.py for tasks to queue
[2023-01-12T07:52:54.666+0000] {logging_mixin.py:137} INFO - [2023-01-12T07:52:54.666+0000] {dagbag.py:538} INFO - Filling up the DagBag from /home/airflow/.local/lib/python3.7/site-packages/airflow/example_dags/example_branch_python_dop_operator_3.py
[2023-01-12T07:52:54.685+0000] {processor.py:753} INFO - DAG(s) dict_keys(['example_branch_dop_operator_v3']) retrieved from /home/airflow/.local/lib/python3.7/site-packages/airflow/example_dags/example_branch_python_dop_operator_3.py
[2023-01-12T07:52:54.716+0000] {logging_mixin.py:137} INFO - [2023-01-12T07:52:54.716+0000] {dag.py:2676} INFO - Sync 1 DAGs
[2023-01-12T07:52:54.739+0000] {logging_mixin.py:137} INFO - [2023-01-12T07:52:54.739+0000] {dag.py:3427} INFO - Setting next_dagrun for example_branch_dop_operator_v3 to 2023-01-12T07:51:00+00:00, run_after=2023-01-12T07:52:00+00:00
[2023-01-12T07:52:54.758+0000] {processor.py:175} INFO - Processing /home/airflow/.local/lib/python3.7/site-packages/airflow/example_dags/example_branch_python_dop_operator_3.py took 0.099 seconds
[2023-01-12T07:53:25.284+0000] {processor.py:153} INFO - Started process (PID=1805) to work on /home/airflow/.local/lib/python3.7/site-packages/airflow/example_dags/example_branch_python_dop_operator_3.py
[2023-01-12T07:53:25.285+0000] {processor.py:743} INFO - Processing file /home/airflow/.local/lib/python3.7/site-packages/airflow/example_dags/example_branch_python_dop_operator_3.py for tasks to queue
[2023-01-12T07:53:25.287+0000] {logging_mixin.py:137} INFO - [2023-01-12T07:53:25.287+0000] {dagbag.py:538} INFO - Filling up the DagBag from /home/airflow/.local/lib/python3.7/site-packages/airflow/example_dags/example_branch_python_dop_operator_3.py
[2023-01-12T07:53:25.313+0000] {processor.py:753} INFO - DAG(s) dict_keys(['example_branch_dop_operator_v3']) retrieved from /home/airflow/.local/lib/python3.7/site-packages/airflow/example_dags/example_branch_python_dop_operator_3.py
[2023-01-12T07:53:25.344+0000] {logging_mixin.py:137} INFO - [2023-01-12T07:53:25.344+0000] {dag.py:2676} INFO - Sync 1 DAGs
[2023-01-12T07:53:25.366+0000] {logging_mixin.py:137} INFO - [2023-01-12T07:53:25.366+0000] {dag.py:3427} INFO - Setting next_dagrun for example_branch_dop_operator_v3 to 2023-01-12T07:52:00+00:00, run_after=2023-01-12T07:53:00+00:00
[2023-01-12T07:53:25.381+0000] {processor.py:175} INFO - Processing /home/airflow/.local/lib/python3.7/site-packages/airflow/example_dags/example_branch_python_dop_operator_3.py took 0.100 seconds
[2023-01-12T07:53:55.818+0000] {processor.py:153} INFO - Started process (PID=1876) to work on /home/airflow/.local/lib/python3.7/site-packages/airflow/example_dags/example_branch_python_dop_operator_3.py
[2023-01-12T07:53:55.821+0000] {processor.py:743} INFO - Processing file /home/airflow/.local/lib/python3.7/site-packages/airflow/example_dags/example_branch_python_dop_operator_3.py for tasks to queue
[2023-01-12T07:53:55.824+0000] {logging_mixin.py:137} INFO - [2023-01-12T07:53:55.824+0000] {dagbag.py:538} INFO - Filling up the DagBag from /home/airflow/.local/lib/python3.7/site-packages/airflow/example_dags/example_branch_python_dop_operator_3.py
[2023-01-12T07:53:55.846+0000] {processor.py:753} INFO - DAG(s) dict_keys(['example_branch_dop_operator_v3']) retrieved from /home/airflow/.local/lib/python3.7/site-packages/airflow/example_dags/example_branch_python_dop_operator_3.py
[2023-01-12T07:53:55.881+0000] {logging_mixin.py:137} INFO - [2023-01-12T07:53:55.880+0000] {dag.py:2676} INFO - Sync 1 DAGs
[2023-01-12T07:53:55.907+0000] {logging_mixin.py:137} INFO - [2023-01-12T07:53:55.907+0000] {dag.py:3427} INFO - Setting next_dagrun for example_branch_dop_operator_v3 to 2023-01-12T07:52:00+00:00, run_after=2023-01-12T07:53:00+00:00
[2023-01-12T07:53:55.923+0000] {processor.py:175} INFO - Processing /home/airflow/.local/lib/python3.7/site-packages/airflow/example_dags/example_branch_python_dop_operator_3.py took 0.107 seconds
