[2023-01-12T07:27:08.604+0000] {processor.py:153} INFO - Started process (PID=76) to work on /home/airflow/.local/lib/python3.7/site-packages/airflow/example_dags/example_external_task_marker_dag.py
[2023-01-12T07:27:08.615+0000] {processor.py:743} INFO - Processing file /home/airflow/.local/lib/python3.7/site-packages/airflow/example_dags/example_external_task_marker_dag.py for tasks to queue
[2023-01-12T07:27:08.618+0000] {logging_mixin.py:137} INFO - [2023-01-12T07:27:08.618+0000] {dagbag.py:538} INFO - Filling up the DagBag from /home/airflow/.local/lib/python3.7/site-packages/airflow/example_dags/example_external_task_marker_dag.py
[2023-01-12T07:27:08.654+0000] {processor.py:753} INFO - DAG(s) dict_keys(['example_external_task_marker_parent', 'example_external_task_marker_child']) retrieved from /home/airflow/.local/lib/python3.7/site-packages/airflow/example_dags/example_external_task_marker_dag.py
[2023-01-12T07:27:08.729+0000] {logging_mixin.py:137} INFO - [2023-01-12T07:27:08.729+0000] {dag.py:2676} INFO - Sync 2 DAGs
[2023-01-12T07:27:08.772+0000] {logging_mixin.py:137} INFO - [2023-01-12T07:27:08.772+0000] {dag.py:3427} INFO - Setting next_dagrun for example_external_task_marker_child to None, run_after=None
[2023-01-12T07:27:08.780+0000] {logging_mixin.py:137} INFO - [2023-01-12T07:27:08.779+0000] {dag.py:3427} INFO - Setting next_dagrun for example_external_task_marker_parent to None, run_after=None
[2023-01-12T07:27:08.806+0000] {processor.py:175} INFO - Processing /home/airflow/.local/lib/python3.7/site-packages/airflow/example_dags/example_external_task_marker_dag.py took 0.207 seconds
[2023-01-12T07:27:38.847+0000] {processor.py:153} INFO - Started process (PID=141) to work on /home/airflow/.local/lib/python3.7/site-packages/airflow/example_dags/example_external_task_marker_dag.py
[2023-01-12T07:27:38.849+0000] {processor.py:743} INFO - Processing file /home/airflow/.local/lib/python3.7/site-packages/airflow/example_dags/example_external_task_marker_dag.py for tasks to queue
[2023-01-12T07:27:38.850+0000] {logging_mixin.py:137} INFO - [2023-01-12T07:27:38.850+0000] {dagbag.py:538} INFO - Filling up the DagBag from /home/airflow/.local/lib/python3.7/site-packages/airflow/example_dags/example_external_task_marker_dag.py
[2023-01-12T07:27:38.863+0000] {processor.py:753} INFO - DAG(s) dict_keys(['example_external_task_marker_parent', 'example_external_task_marker_child']) retrieved from /home/airflow/.local/lib/python3.7/site-packages/airflow/example_dags/example_external_task_marker_dag.py
[2023-01-12T07:27:38.897+0000] {logging_mixin.py:137} INFO - [2023-01-12T07:27:38.897+0000] {dag.py:2676} INFO - Sync 2 DAGs
[2023-01-12T07:27:38.917+0000] {logging_mixin.py:137} INFO - [2023-01-12T07:27:38.917+0000] {dag.py:3427} INFO - Setting next_dagrun for example_external_task_marker_child to None, run_after=None
[2023-01-12T07:27:38.925+0000] {logging_mixin.py:137} INFO - [2023-01-12T07:27:38.925+0000] {dag.py:3427} INFO - Setting next_dagrun for example_external_task_marker_parent to None, run_after=None
[2023-01-12T07:27:38.941+0000] {processor.py:175} INFO - Processing /home/airflow/.local/lib/python3.7/site-packages/airflow/example_dags/example_external_task_marker_dag.py took 0.096 seconds
[2023-01-12T07:28:09.679+0000] {processor.py:153} INFO - Started process (PID=213) to work on /home/airflow/.local/lib/python3.7/site-packages/airflow/example_dags/example_external_task_marker_dag.py
[2023-01-12T07:28:09.680+0000] {processor.py:743} INFO - Processing file /home/airflow/.local/lib/python3.7/site-packages/airflow/example_dags/example_external_task_marker_dag.py for tasks to queue
[2023-01-12T07:28:09.682+0000] {logging_mixin.py:137} INFO - [2023-01-12T07:28:09.682+0000] {dagbag.py:538} INFO - Filling up the DagBag from /home/airflow/.local/lib/python3.7/site-packages/airflow/example_dags/example_external_task_marker_dag.py
[2023-01-12T07:28:09.694+0000] {processor.py:753} INFO - DAG(s) dict_keys(['example_external_task_marker_parent', 'example_external_task_marker_child']) retrieved from /home/airflow/.local/lib/python3.7/site-packages/airflow/example_dags/example_external_task_marker_dag.py
[2023-01-12T07:28:09.727+0000] {logging_mixin.py:137} INFO - [2023-01-12T07:28:09.727+0000] {dag.py:2676} INFO - Sync 2 DAGs
[2023-01-12T07:28:09.750+0000] {logging_mixin.py:137} INFO - [2023-01-12T07:28:09.750+0000] {dag.py:3427} INFO - Setting next_dagrun for example_external_task_marker_child to None, run_after=None
[2023-01-12T07:28:09.753+0000] {logging_mixin.py:137} INFO - [2023-01-12T07:28:09.753+0000] {dag.py:3427} INFO - Setting next_dagrun for example_external_task_marker_parent to None, run_after=None
[2023-01-12T07:28:09.767+0000] {processor.py:175} INFO - Processing /home/airflow/.local/lib/python3.7/site-packages/airflow/example_dags/example_external_task_marker_dag.py took 0.091 seconds
[2023-01-12T07:28:40.401+0000] {processor.py:153} INFO - Started process (PID=275) to work on /home/airflow/.local/lib/python3.7/site-packages/airflow/example_dags/example_external_task_marker_dag.py
[2023-01-12T07:28:40.403+0000] {processor.py:743} INFO - Processing file /home/airflow/.local/lib/python3.7/site-packages/airflow/example_dags/example_external_task_marker_dag.py for tasks to queue
[2023-01-12T07:28:40.404+0000] {logging_mixin.py:137} INFO - [2023-01-12T07:28:40.404+0000] {dagbag.py:538} INFO - Filling up the DagBag from /home/airflow/.local/lib/python3.7/site-packages/airflow/example_dags/example_external_task_marker_dag.py
[2023-01-12T07:28:40.416+0000] {processor.py:753} INFO - DAG(s) dict_keys(['example_external_task_marker_parent', 'example_external_task_marker_child']) retrieved from /home/airflow/.local/lib/python3.7/site-packages/airflow/example_dags/example_external_task_marker_dag.py
[2023-01-12T07:28:40.448+0000] {logging_mixin.py:137} INFO - [2023-01-12T07:28:40.448+0000] {dag.py:2676} INFO - Sync 2 DAGs
[2023-01-12T07:28:40.467+0000] {logging_mixin.py:137} INFO - [2023-01-12T07:28:40.467+0000] {dag.py:3427} INFO - Setting next_dagrun for example_external_task_marker_child to None, run_after=None
[2023-01-12T07:28:40.471+0000] {logging_mixin.py:137} INFO - [2023-01-12T07:28:40.471+0000] {dag.py:3427} INFO - Setting next_dagrun for example_external_task_marker_parent to None, run_after=None
[2023-01-12T07:28:40.490+0000] {processor.py:175} INFO - Processing /home/airflow/.local/lib/python3.7/site-packages/airflow/example_dags/example_external_task_marker_dag.py took 0.092 seconds
[2023-01-12T07:29:10.892+0000] {processor.py:153} INFO - Started process (PID=349) to work on /home/airflow/.local/lib/python3.7/site-packages/airflow/example_dags/example_external_task_marker_dag.py
[2023-01-12T07:29:10.894+0000] {processor.py:743} INFO - Processing file /home/airflow/.local/lib/python3.7/site-packages/airflow/example_dags/example_external_task_marker_dag.py for tasks to queue
[2023-01-12T07:29:10.895+0000] {logging_mixin.py:137} INFO - [2023-01-12T07:29:10.895+0000] {dagbag.py:538} INFO - Filling up the DagBag from /home/airflow/.local/lib/python3.7/site-packages/airflow/example_dags/example_external_task_marker_dag.py
[2023-01-12T07:29:10.907+0000] {processor.py:753} INFO - DAG(s) dict_keys(['example_external_task_marker_parent', 'example_external_task_marker_child']) retrieved from /home/airflow/.local/lib/python3.7/site-packages/airflow/example_dags/example_external_task_marker_dag.py
[2023-01-12T07:29:10.938+0000] {logging_mixin.py:137} INFO - [2023-01-12T07:29:10.938+0000] {dag.py:2676} INFO - Sync 2 DAGs
[2023-01-12T07:29:10.956+0000] {logging_mixin.py:137} INFO - [2023-01-12T07:29:10.956+0000] {dag.py:3427} INFO - Setting next_dagrun for example_external_task_marker_child to None, run_after=None
[2023-01-12T07:29:10.960+0000] {logging_mixin.py:137} INFO - [2023-01-12T07:29:10.960+0000] {dag.py:3427} INFO - Setting next_dagrun for example_external_task_marker_parent to None, run_after=None
[2023-01-12T07:29:10.975+0000] {processor.py:175} INFO - Processing /home/airflow/.local/lib/python3.7/site-packages/airflow/example_dags/example_external_task_marker_dag.py took 0.085 seconds
[2023-01-12T07:29:41.675+0000] {processor.py:153} INFO - Started process (PID=423) to work on /home/airflow/.local/lib/python3.7/site-packages/airflow/example_dags/example_external_task_marker_dag.py
[2023-01-12T07:29:41.678+0000] {processor.py:743} INFO - Processing file /home/airflow/.local/lib/python3.7/site-packages/airflow/example_dags/example_external_task_marker_dag.py for tasks to queue
[2023-01-12T07:29:41.679+0000] {logging_mixin.py:137} INFO - [2023-01-12T07:29:41.679+0000] {dagbag.py:538} INFO - Filling up the DagBag from /home/airflow/.local/lib/python3.7/site-packages/airflow/example_dags/example_external_task_marker_dag.py
[2023-01-12T07:29:41.692+0000] {processor.py:753} INFO - DAG(s) dict_keys(['example_external_task_marker_parent', 'example_external_task_marker_child']) retrieved from /home/airflow/.local/lib/python3.7/site-packages/airflow/example_dags/example_external_task_marker_dag.py
[2023-01-12T07:29:41.724+0000] {logging_mixin.py:137} INFO - [2023-01-12T07:29:41.724+0000] {dag.py:2676} INFO - Sync 2 DAGs
[2023-01-12T07:29:41.743+0000] {logging_mixin.py:137} INFO - [2023-01-12T07:29:41.743+0000] {dag.py:3427} INFO - Setting next_dagrun for example_external_task_marker_child to None, run_after=None
[2023-01-12T07:29:41.747+0000] {logging_mixin.py:137} INFO - [2023-01-12T07:29:41.747+0000] {dag.py:3427} INFO - Setting next_dagrun for example_external_task_marker_parent to None, run_after=None
[2023-01-12T07:29:41.762+0000] {processor.py:175} INFO - Processing /home/airflow/.local/lib/python3.7/site-packages/airflow/example_dags/example_external_task_marker_dag.py took 0.090 seconds
[2023-01-12T07:30:12.266+0000] {processor.py:153} INFO - Started process (PID=486) to work on /home/airflow/.local/lib/python3.7/site-packages/airflow/example_dags/example_external_task_marker_dag.py
[2023-01-12T07:30:12.268+0000] {processor.py:743} INFO - Processing file /home/airflow/.local/lib/python3.7/site-packages/airflow/example_dags/example_external_task_marker_dag.py for tasks to queue
[2023-01-12T07:30:12.270+0000] {logging_mixin.py:137} INFO - [2023-01-12T07:30:12.270+0000] {dagbag.py:538} INFO - Filling up the DagBag from /home/airflow/.local/lib/python3.7/site-packages/airflow/example_dags/example_external_task_marker_dag.py
[2023-01-12T07:30:12.282+0000] {processor.py:753} INFO - DAG(s) dict_keys(['example_external_task_marker_parent', 'example_external_task_marker_child']) retrieved from /home/airflow/.local/lib/python3.7/site-packages/airflow/example_dags/example_external_task_marker_dag.py
[2023-01-12T07:30:12.312+0000] {logging_mixin.py:137} INFO - [2023-01-12T07:30:12.312+0000] {dag.py:2676} INFO - Sync 2 DAGs
[2023-01-12T07:30:12.331+0000] {logging_mixin.py:137} INFO - [2023-01-12T07:30:12.331+0000] {dag.py:3427} INFO - Setting next_dagrun for example_external_task_marker_child to None, run_after=None
[2023-01-12T07:30:12.334+0000] {logging_mixin.py:137} INFO - [2023-01-12T07:30:12.334+0000] {dag.py:3427} INFO - Setting next_dagrun for example_external_task_marker_parent to None, run_after=None
[2023-01-12T07:30:12.349+0000] {processor.py:175} INFO - Processing /home/airflow/.local/lib/python3.7/site-packages/airflow/example_dags/example_external_task_marker_dag.py took 0.086 seconds
[2023-01-12T07:30:43.061+0000] {processor.py:153} INFO - Started process (PID=561) to work on /home/airflow/.local/lib/python3.7/site-packages/airflow/example_dags/example_external_task_marker_dag.py
[2023-01-12T07:30:43.063+0000] {processor.py:743} INFO - Processing file /home/airflow/.local/lib/python3.7/site-packages/airflow/example_dags/example_external_task_marker_dag.py for tasks to queue
[2023-01-12T07:30:43.064+0000] {logging_mixin.py:137} INFO - [2023-01-12T07:30:43.064+0000] {dagbag.py:538} INFO - Filling up the DagBag from /home/airflow/.local/lib/python3.7/site-packages/airflow/example_dags/example_external_task_marker_dag.py
[2023-01-12T07:30:43.076+0000] {processor.py:753} INFO - DAG(s) dict_keys(['example_external_task_marker_child', 'example_external_task_marker_parent']) retrieved from /home/airflow/.local/lib/python3.7/site-packages/airflow/example_dags/example_external_task_marker_dag.py
[2023-01-12T07:30:43.106+0000] {logging_mixin.py:137} INFO - [2023-01-12T07:30:43.106+0000] {dag.py:2676} INFO - Sync 2 DAGs
[2023-01-12T07:30:43.124+0000] {logging_mixin.py:137} INFO - [2023-01-12T07:30:43.124+0000] {dag.py:3427} INFO - Setting next_dagrun for example_external_task_marker_child to None, run_after=None
[2023-01-12T07:30:43.129+0000] {logging_mixin.py:137} INFO - [2023-01-12T07:30:43.128+0000] {dag.py:3427} INFO - Setting next_dagrun for example_external_task_marker_parent to None, run_after=None
[2023-01-12T07:30:43.141+0000] {processor.py:175} INFO - Processing /home/airflow/.local/lib/python3.7/site-packages/airflow/example_dags/example_external_task_marker_dag.py took 0.083 seconds
[2023-01-12T07:31:13.668+0000] {processor.py:153} INFO - Started process (PID=631) to work on /home/airflow/.local/lib/python3.7/site-packages/airflow/example_dags/example_external_task_marker_dag.py
[2023-01-12T07:31:13.670+0000] {processor.py:743} INFO - Processing file /home/airflow/.local/lib/python3.7/site-packages/airflow/example_dags/example_external_task_marker_dag.py for tasks to queue
[2023-01-12T07:31:13.672+0000] {logging_mixin.py:137} INFO - [2023-01-12T07:31:13.671+0000] {dagbag.py:538} INFO - Filling up the DagBag from /home/airflow/.local/lib/python3.7/site-packages/airflow/example_dags/example_external_task_marker_dag.py
[2023-01-12T07:31:13.684+0000] {processor.py:753} INFO - DAG(s) dict_keys(['example_external_task_marker_child', 'example_external_task_marker_parent']) retrieved from /home/airflow/.local/lib/python3.7/site-packages/airflow/example_dags/example_external_task_marker_dag.py
[2023-01-12T07:31:13.718+0000] {logging_mixin.py:137} INFO - [2023-01-12T07:31:13.718+0000] {dag.py:2676} INFO - Sync 2 DAGs
[2023-01-12T07:31:13.737+0000] {logging_mixin.py:137} INFO - [2023-01-12T07:31:13.737+0000] {dag.py:3427} INFO - Setting next_dagrun for example_external_task_marker_child to None, run_after=None
[2023-01-12T07:31:13.743+0000] {logging_mixin.py:137} INFO - [2023-01-12T07:31:13.743+0000] {dag.py:3427} INFO - Setting next_dagrun for example_external_task_marker_parent to None, run_after=None
[2023-01-12T07:31:13.765+0000] {processor.py:175} INFO - Processing /home/airflow/.local/lib/python3.7/site-packages/airflow/example_dags/example_external_task_marker_dag.py took 0.100 seconds
[2023-01-12T07:31:44.373+0000] {processor.py:153} INFO - Started process (PID=696) to work on /home/airflow/.local/lib/python3.7/site-packages/airflow/example_dags/example_external_task_marker_dag.py
[2023-01-12T07:31:44.374+0000] {processor.py:743} INFO - Processing file /home/airflow/.local/lib/python3.7/site-packages/airflow/example_dags/example_external_task_marker_dag.py for tasks to queue
[2023-01-12T07:31:44.376+0000] {logging_mixin.py:137} INFO - [2023-01-12T07:31:44.376+0000] {dagbag.py:538} INFO - Filling up the DagBag from /home/airflow/.local/lib/python3.7/site-packages/airflow/example_dags/example_external_task_marker_dag.py
[2023-01-12T07:31:44.388+0000] {processor.py:753} INFO - DAG(s) dict_keys(['example_external_task_marker_parent', 'example_external_task_marker_child']) retrieved from /home/airflow/.local/lib/python3.7/site-packages/airflow/example_dags/example_external_task_marker_dag.py
[2023-01-12T07:31:44.418+0000] {logging_mixin.py:137} INFO - [2023-01-12T07:31:44.418+0000] {dag.py:2676} INFO - Sync 2 DAGs
[2023-01-12T07:31:44.438+0000] {logging_mixin.py:137} INFO - [2023-01-12T07:31:44.438+0000] {dag.py:3427} INFO - Setting next_dagrun for example_external_task_marker_child to None, run_after=None
[2023-01-12T07:31:44.442+0000] {logging_mixin.py:137} INFO - [2023-01-12T07:31:44.442+0000] {dag.py:3427} INFO - Setting next_dagrun for example_external_task_marker_parent to None, run_after=None
[2023-01-12T07:31:44.456+0000] {processor.py:175} INFO - Processing /home/airflow/.local/lib/python3.7/site-packages/airflow/example_dags/example_external_task_marker_dag.py took 0.086 seconds
[2023-01-12T07:32:15.299+0000] {processor.py:153} INFO - Started process (PID=770) to work on /home/airflow/.local/lib/python3.7/site-packages/airflow/example_dags/example_external_task_marker_dag.py
[2023-01-12T07:32:15.303+0000] {processor.py:743} INFO - Processing file /home/airflow/.local/lib/python3.7/site-packages/airflow/example_dags/example_external_task_marker_dag.py for tasks to queue
[2023-01-12T07:32:15.304+0000] {logging_mixin.py:137} INFO - [2023-01-12T07:32:15.304+0000] {dagbag.py:538} INFO - Filling up the DagBag from /home/airflow/.local/lib/python3.7/site-packages/airflow/example_dags/example_external_task_marker_dag.py
[2023-01-12T07:32:15.316+0000] {processor.py:753} INFO - DAG(s) dict_keys(['example_external_task_marker_child', 'example_external_task_marker_parent']) retrieved from /home/airflow/.local/lib/python3.7/site-packages/airflow/example_dags/example_external_task_marker_dag.py
[2023-01-12T07:32:15.348+0000] {logging_mixin.py:137} INFO - [2023-01-12T07:32:15.348+0000] {dag.py:2676} INFO - Sync 2 DAGs
[2023-01-12T07:32:15.369+0000] {logging_mixin.py:137} INFO - [2023-01-12T07:32:15.368+0000] {dag.py:3427} INFO - Setting next_dagrun for example_external_task_marker_child to None, run_after=None
[2023-01-12T07:32:15.372+0000] {logging_mixin.py:137} INFO - [2023-01-12T07:32:15.372+0000] {dag.py:3427} INFO - Setting next_dagrun for example_external_task_marker_parent to None, run_after=None
[2023-01-12T07:32:15.388+0000] {processor.py:175} INFO - Processing /home/airflow/.local/lib/python3.7/site-packages/airflow/example_dags/example_external_task_marker_dag.py took 0.091 seconds
[2023-01-12T07:32:45.796+0000] {processor.py:153} INFO - Started process (PID=831) to work on /home/airflow/.local/lib/python3.7/site-packages/airflow/example_dags/example_external_task_marker_dag.py
[2023-01-12T07:32:45.798+0000] {processor.py:743} INFO - Processing file /home/airflow/.local/lib/python3.7/site-packages/airflow/example_dags/example_external_task_marker_dag.py for tasks to queue
[2023-01-12T07:32:45.800+0000] {logging_mixin.py:137} INFO - [2023-01-12T07:32:45.800+0000] {dagbag.py:538} INFO - Filling up the DagBag from /home/airflow/.local/lib/python3.7/site-packages/airflow/example_dags/example_external_task_marker_dag.py
[2023-01-12T07:32:45.812+0000] {processor.py:753} INFO - DAG(s) dict_keys(['example_external_task_marker_parent', 'example_external_task_marker_child']) retrieved from /home/airflow/.local/lib/python3.7/site-packages/airflow/example_dags/example_external_task_marker_dag.py
[2023-01-12T07:32:45.844+0000] {logging_mixin.py:137} INFO - [2023-01-12T07:32:45.843+0000] {dag.py:2676} INFO - Sync 2 DAGs
[2023-01-12T07:32:45.865+0000] {logging_mixin.py:137} INFO - [2023-01-12T07:32:45.865+0000] {dag.py:3427} INFO - Setting next_dagrun for example_external_task_marker_child to None, run_after=None
[2023-01-12T07:32:45.868+0000] {logging_mixin.py:137} INFO - [2023-01-12T07:32:45.868+0000] {dag.py:3427} INFO - Setting next_dagrun for example_external_task_marker_parent to None, run_after=None
[2023-01-12T07:32:45.882+0000] {processor.py:175} INFO - Processing /home/airflow/.local/lib/python3.7/site-packages/airflow/example_dags/example_external_task_marker_dag.py took 0.088 seconds
[2023-01-12T07:33:16.289+0000] {processor.py:153} INFO - Started process (PID=904) to work on /home/airflow/.local/lib/python3.7/site-packages/airflow/example_dags/example_external_task_marker_dag.py
[2023-01-12T07:33:16.291+0000] {processor.py:743} INFO - Processing file /home/airflow/.local/lib/python3.7/site-packages/airflow/example_dags/example_external_task_marker_dag.py for tasks to queue
[2023-01-12T07:33:16.292+0000] {logging_mixin.py:137} INFO - [2023-01-12T07:33:16.292+0000] {dagbag.py:538} INFO - Filling up the DagBag from /home/airflow/.local/lib/python3.7/site-packages/airflow/example_dags/example_external_task_marker_dag.py
[2023-01-12T07:33:16.304+0000] {processor.py:753} INFO - DAG(s) dict_keys(['example_external_task_marker_parent', 'example_external_task_marker_child']) retrieved from /home/airflow/.local/lib/python3.7/site-packages/airflow/example_dags/example_external_task_marker_dag.py
[2023-01-12T07:33:16.337+0000] {logging_mixin.py:137} INFO - [2023-01-12T07:33:16.337+0000] {dag.py:2676} INFO - Sync 2 DAGs
[2023-01-12T07:33:16.354+0000] {logging_mixin.py:137} INFO - [2023-01-12T07:33:16.354+0000] {dag.py:3427} INFO - Setting next_dagrun for example_external_task_marker_child to None, run_after=None
[2023-01-12T07:33:16.358+0000] {logging_mixin.py:137} INFO - [2023-01-12T07:33:16.358+0000] {dag.py:3427} INFO - Setting next_dagrun for example_external_task_marker_parent to None, run_after=None
[2023-01-12T07:33:16.373+0000] {processor.py:175} INFO - Processing /home/airflow/.local/lib/python3.7/site-packages/airflow/example_dags/example_external_task_marker_dag.py took 0.086 seconds
[2023-01-12T07:33:46.982+0000] {processor.py:153} INFO - Started process (PID=978) to work on /home/airflow/.local/lib/python3.7/site-packages/airflow/example_dags/example_external_task_marker_dag.py
[2023-01-12T07:33:46.984+0000] {processor.py:743} INFO - Processing file /home/airflow/.local/lib/python3.7/site-packages/airflow/example_dags/example_external_task_marker_dag.py for tasks to queue
[2023-01-12T07:33:46.985+0000] {logging_mixin.py:137} INFO - [2023-01-12T07:33:46.985+0000] {dagbag.py:538} INFO - Filling up the DagBag from /home/airflow/.local/lib/python3.7/site-packages/airflow/example_dags/example_external_task_marker_dag.py
[2023-01-12T07:33:46.996+0000] {processor.py:753} INFO - DAG(s) dict_keys(['example_external_task_marker_parent', 'example_external_task_marker_child']) retrieved from /home/airflow/.local/lib/python3.7/site-packages/airflow/example_dags/example_external_task_marker_dag.py
[2023-01-12T07:33:47.027+0000] {logging_mixin.py:137} INFO - [2023-01-12T07:33:47.027+0000] {dag.py:2676} INFO - Sync 2 DAGs
[2023-01-12T07:33:47.048+0000] {logging_mixin.py:137} INFO - [2023-01-12T07:33:47.048+0000] {dag.py:3427} INFO - Setting next_dagrun for example_external_task_marker_child to None, run_after=None
[2023-01-12T07:33:47.051+0000] {logging_mixin.py:137} INFO - [2023-01-12T07:33:47.051+0000] {dag.py:3427} INFO - Setting next_dagrun for example_external_task_marker_parent to None, run_after=None
[2023-01-12T07:33:47.064+0000] {processor.py:175} INFO - Processing /home/airflow/.local/lib/python3.7/site-packages/airflow/example_dags/example_external_task_marker_dag.py took 0.084 seconds
[2023-01-12T07:34:17.798+0000] {processor.py:153} INFO - Started process (PID=1038) to work on /home/airflow/.local/lib/python3.7/site-packages/airflow/example_dags/example_external_task_marker_dag.py
[2023-01-12T07:34:17.800+0000] {processor.py:743} INFO - Processing file /home/airflow/.local/lib/python3.7/site-packages/airflow/example_dags/example_external_task_marker_dag.py for tasks to queue
[2023-01-12T07:34:17.801+0000] {logging_mixin.py:137} INFO - [2023-01-12T07:34:17.801+0000] {dagbag.py:538} INFO - Filling up the DagBag from /home/airflow/.local/lib/python3.7/site-packages/airflow/example_dags/example_external_task_marker_dag.py
[2023-01-12T07:34:17.813+0000] {processor.py:753} INFO - DAG(s) dict_keys(['example_external_task_marker_child', 'example_external_task_marker_parent']) retrieved from /home/airflow/.local/lib/python3.7/site-packages/airflow/example_dags/example_external_task_marker_dag.py
[2023-01-12T07:34:17.844+0000] {logging_mixin.py:137} INFO - [2023-01-12T07:34:17.844+0000] {dag.py:2676} INFO - Sync 2 DAGs
[2023-01-12T07:34:17.861+0000] {logging_mixin.py:137} INFO - [2023-01-12T07:34:17.861+0000] {dag.py:3427} INFO - Setting next_dagrun for example_external_task_marker_child to None, run_after=None
[2023-01-12T07:34:17.865+0000] {logging_mixin.py:137} INFO - [2023-01-12T07:34:17.865+0000] {dag.py:3427} INFO - Setting next_dagrun for example_external_task_marker_parent to None, run_after=None
[2023-01-12T07:34:17.879+0000] {processor.py:175} INFO - Processing /home/airflow/.local/lib/python3.7/site-packages/airflow/example_dags/example_external_task_marker_dag.py took 0.083 seconds
[2023-01-12T07:34:48.490+0000] {processor.py:153} INFO - Started process (PID=1111) to work on /home/airflow/.local/lib/python3.7/site-packages/airflow/example_dags/example_external_task_marker_dag.py
[2023-01-12T07:34:48.492+0000] {processor.py:743} INFO - Processing file /home/airflow/.local/lib/python3.7/site-packages/airflow/example_dags/example_external_task_marker_dag.py for tasks to queue
[2023-01-12T07:34:48.494+0000] {logging_mixin.py:137} INFO - [2023-01-12T07:34:48.494+0000] {dagbag.py:538} INFO - Filling up the DagBag from /home/airflow/.local/lib/python3.7/site-packages/airflow/example_dags/example_external_task_marker_dag.py
[2023-01-12T07:34:48.505+0000] {processor.py:753} INFO - DAG(s) dict_keys(['example_external_task_marker_parent', 'example_external_task_marker_child']) retrieved from /home/airflow/.local/lib/python3.7/site-packages/airflow/example_dags/example_external_task_marker_dag.py
[2023-01-12T07:34:48.536+0000] {logging_mixin.py:137} INFO - [2023-01-12T07:34:48.536+0000] {dag.py:2676} INFO - Sync 2 DAGs
[2023-01-12T07:34:48.554+0000] {logging_mixin.py:137} INFO - [2023-01-12T07:34:48.554+0000] {dag.py:3427} INFO - Setting next_dagrun for example_external_task_marker_child to None, run_after=None
[2023-01-12T07:34:48.558+0000] {logging_mixin.py:137} INFO - [2023-01-12T07:34:48.558+0000] {dag.py:3427} INFO - Setting next_dagrun for example_external_task_marker_parent to None, run_after=None
[2023-01-12T07:34:48.573+0000] {processor.py:175} INFO - Processing /home/airflow/.local/lib/python3.7/site-packages/airflow/example_dags/example_external_task_marker_dag.py took 0.086 seconds
[2023-01-12T07:35:19.442+0000] {processor.py:153} INFO - Started process (PID=1184) to work on /home/airflow/.local/lib/python3.7/site-packages/airflow/example_dags/example_external_task_marker_dag.py
[2023-01-12T07:35:19.445+0000] {processor.py:743} INFO - Processing file /home/airflow/.local/lib/python3.7/site-packages/airflow/example_dags/example_external_task_marker_dag.py for tasks to queue
[2023-01-12T07:35:19.446+0000] {logging_mixin.py:137} INFO - [2023-01-12T07:35:19.446+0000] {dagbag.py:538} INFO - Filling up the DagBag from /home/airflow/.local/lib/python3.7/site-packages/airflow/example_dags/example_external_task_marker_dag.py
[2023-01-12T07:35:19.461+0000] {processor.py:753} INFO - DAG(s) dict_keys(['example_external_task_marker_child', 'example_external_task_marker_parent']) retrieved from /home/airflow/.local/lib/python3.7/site-packages/airflow/example_dags/example_external_task_marker_dag.py
[2023-01-12T07:35:19.501+0000] {logging_mixin.py:137} INFO - [2023-01-12T07:35:19.501+0000] {dag.py:2676} INFO - Sync 2 DAGs
[2023-01-12T07:35:19.521+0000] {logging_mixin.py:137} INFO - [2023-01-12T07:35:19.521+0000] {dag.py:3427} INFO - Setting next_dagrun for example_external_task_marker_child to None, run_after=None
[2023-01-12T07:35:19.525+0000] {logging_mixin.py:137} INFO - [2023-01-12T07:35:19.525+0000] {dag.py:3427} INFO - Setting next_dagrun for example_external_task_marker_parent to None, run_after=None
[2023-01-12T07:35:19.542+0000] {processor.py:175} INFO - Processing /home/airflow/.local/lib/python3.7/site-packages/airflow/example_dags/example_external_task_marker_dag.py took 0.103 seconds
[2023-01-12T07:35:50.257+0000] {processor.py:153} INFO - Started process (PID=1246) to work on /home/airflow/.local/lib/python3.7/site-packages/airflow/example_dags/example_external_task_marker_dag.py
[2023-01-12T07:35:50.259+0000] {processor.py:743} INFO - Processing file /home/airflow/.local/lib/python3.7/site-packages/airflow/example_dags/example_external_task_marker_dag.py for tasks to queue
[2023-01-12T07:35:50.260+0000] {logging_mixin.py:137} INFO - [2023-01-12T07:35:50.260+0000] {dagbag.py:538} INFO - Filling up the DagBag from /home/airflow/.local/lib/python3.7/site-packages/airflow/example_dags/example_external_task_marker_dag.py
[2023-01-12T07:35:50.272+0000] {processor.py:753} INFO - DAG(s) dict_keys(['example_external_task_marker_child', 'example_external_task_marker_parent']) retrieved from /home/airflow/.local/lib/python3.7/site-packages/airflow/example_dags/example_external_task_marker_dag.py
[2023-01-12T07:35:50.306+0000] {logging_mixin.py:137} INFO - [2023-01-12T07:35:50.306+0000] {dag.py:2676} INFO - Sync 2 DAGs
[2023-01-12T07:35:50.328+0000] {logging_mixin.py:137} INFO - [2023-01-12T07:35:50.328+0000] {dag.py:3427} INFO - Setting next_dagrun for example_external_task_marker_child to None, run_after=None
[2023-01-12T07:35:50.332+0000] {logging_mixin.py:137} INFO - [2023-01-12T07:35:50.331+0000] {dag.py:3427} INFO - Setting next_dagrun for example_external_task_marker_parent to None, run_after=None
[2023-01-12T07:35:50.346+0000] {processor.py:175} INFO - Processing /home/airflow/.local/lib/python3.7/site-packages/airflow/example_dags/example_external_task_marker_dag.py took 0.091 seconds
[2023-01-12T07:36:20.944+0000] {processor.py:153} INFO - Started process (PID=1321) to work on /home/airflow/.local/lib/python3.7/site-packages/airflow/example_dags/example_external_task_marker_dag.py
[2023-01-12T07:36:20.946+0000] {processor.py:743} INFO - Processing file /home/airflow/.local/lib/python3.7/site-packages/airflow/example_dags/example_external_task_marker_dag.py for tasks to queue
[2023-01-12T07:36:20.947+0000] {logging_mixin.py:137} INFO - [2023-01-12T07:36:20.947+0000] {dagbag.py:538} INFO - Filling up the DagBag from /home/airflow/.local/lib/python3.7/site-packages/airflow/example_dags/example_external_task_marker_dag.py
[2023-01-12T07:36:20.959+0000] {processor.py:753} INFO - DAG(s) dict_keys(['example_external_task_marker_child', 'example_external_task_marker_parent']) retrieved from /home/airflow/.local/lib/python3.7/site-packages/airflow/example_dags/example_external_task_marker_dag.py
[2023-01-12T07:36:20.992+0000] {logging_mixin.py:137} INFO - [2023-01-12T07:36:20.991+0000] {dag.py:2676} INFO - Sync 2 DAGs
[2023-01-12T07:36:21.009+0000] {logging_mixin.py:137} INFO - [2023-01-12T07:36:21.009+0000] {dag.py:3427} INFO - Setting next_dagrun for example_external_task_marker_child to None, run_after=None
[2023-01-12T07:36:21.013+0000] {logging_mixin.py:137} INFO - [2023-01-12T07:36:21.013+0000] {dag.py:3427} INFO - Setting next_dagrun for example_external_task_marker_parent to None, run_after=None
[2023-01-12T07:36:21.026+0000] {processor.py:175} INFO - Processing /home/airflow/.local/lib/python3.7/site-packages/airflow/example_dags/example_external_task_marker_dag.py took 0.085 seconds
[2023-01-12T07:37:21.164+0000] {processor.py:153} INFO - Started process (PID=73) to work on /home/airflow/.local/lib/python3.7/site-packages/airflow/example_dags/example_external_task_marker_dag.py
[2023-01-12T07:37:21.167+0000] {processor.py:743} INFO - Processing file /home/airflow/.local/lib/python3.7/site-packages/airflow/example_dags/example_external_task_marker_dag.py for tasks to queue
[2023-01-12T07:37:21.169+0000] {logging_mixin.py:137} INFO - [2023-01-12T07:37:21.169+0000] {dagbag.py:538} INFO - Filling up the DagBag from /home/airflow/.local/lib/python3.7/site-packages/airflow/example_dags/example_external_task_marker_dag.py
[2023-01-12T07:37:21.224+0000] {processor.py:753} INFO - DAG(s) dict_keys(['example_external_task_marker_child', 'example_external_task_marker_parent']) retrieved from /home/airflow/.local/lib/python3.7/site-packages/airflow/example_dags/example_external_task_marker_dag.py
[2023-01-12T07:37:21.362+0000] {logging_mixin.py:137} INFO - [2023-01-12T07:37:21.362+0000] {dag.py:2676} INFO - Sync 2 DAGs
[2023-01-12T07:37:21.415+0000] {logging_mixin.py:137} INFO - [2023-01-12T07:37:21.415+0000] {dag.py:3427} INFO - Setting next_dagrun for example_external_task_marker_child to None, run_after=None
[2023-01-12T07:37:21.421+0000] {logging_mixin.py:137} INFO - [2023-01-12T07:37:21.421+0000] {dag.py:3427} INFO - Setting next_dagrun for example_external_task_marker_parent to None, run_after=None
[2023-01-12T07:37:21.484+0000] {processor.py:175} INFO - Processing /home/airflow/.local/lib/python3.7/site-packages/airflow/example_dags/example_external_task_marker_dag.py took 0.329 seconds
[2023-01-12T07:37:51.553+0000] {processor.py:153} INFO - Started process (PID=141) to work on /home/airflow/.local/lib/python3.7/site-packages/airflow/example_dags/example_external_task_marker_dag.py
[2023-01-12T07:37:51.555+0000] {processor.py:743} INFO - Processing file /home/airflow/.local/lib/python3.7/site-packages/airflow/example_dags/example_external_task_marker_dag.py for tasks to queue
[2023-01-12T07:37:51.556+0000] {logging_mixin.py:137} INFO - [2023-01-12T07:37:51.556+0000] {dagbag.py:538} INFO - Filling up the DagBag from /home/airflow/.local/lib/python3.7/site-packages/airflow/example_dags/example_external_task_marker_dag.py
[2023-01-12T07:37:51.570+0000] {processor.py:753} INFO - DAG(s) dict_keys(['example_external_task_marker_parent', 'example_external_task_marker_child']) retrieved from /home/airflow/.local/lib/python3.7/site-packages/airflow/example_dags/example_external_task_marker_dag.py
[2023-01-12T07:37:51.600+0000] {logging_mixin.py:137} INFO - [2023-01-12T07:37:51.600+0000] {dag.py:2676} INFO - Sync 2 DAGs
[2023-01-12T07:37:51.620+0000] {logging_mixin.py:137} INFO - [2023-01-12T07:37:51.620+0000] {dag.py:3427} INFO - Setting next_dagrun for example_external_task_marker_child to None, run_after=None
[2023-01-12T07:37:51.623+0000] {logging_mixin.py:137} INFO - [2023-01-12T07:37:51.623+0000] {dag.py:3427} INFO - Setting next_dagrun for example_external_task_marker_parent to None, run_after=None
[2023-01-12T07:37:51.636+0000] {processor.py:175} INFO - Processing /home/airflow/.local/lib/python3.7/site-packages/airflow/example_dags/example_external_task_marker_dag.py took 0.086 seconds
[2023-01-12T07:38:22.311+0000] {processor.py:153} INFO - Started process (PID=215) to work on /home/airflow/.local/lib/python3.7/site-packages/airflow/example_dags/example_external_task_marker_dag.py
[2023-01-12T07:38:22.313+0000] {processor.py:743} INFO - Processing file /home/airflow/.local/lib/python3.7/site-packages/airflow/example_dags/example_external_task_marker_dag.py for tasks to queue
[2023-01-12T07:38:22.315+0000] {logging_mixin.py:137} INFO - [2023-01-12T07:38:22.315+0000] {dagbag.py:538} INFO - Filling up the DagBag from /home/airflow/.local/lib/python3.7/site-packages/airflow/example_dags/example_external_task_marker_dag.py
[2023-01-12T07:38:22.326+0000] {processor.py:753} INFO - DAG(s) dict_keys(['example_external_task_marker_parent', 'example_external_task_marker_child']) retrieved from /home/airflow/.local/lib/python3.7/site-packages/airflow/example_dags/example_external_task_marker_dag.py
[2023-01-12T07:38:22.357+0000] {logging_mixin.py:137} INFO - [2023-01-12T07:38:22.357+0000] {dag.py:2676} INFO - Sync 2 DAGs
[2023-01-12T07:38:22.376+0000] {logging_mixin.py:137} INFO - [2023-01-12T07:38:22.376+0000] {dag.py:3427} INFO - Setting next_dagrun for example_external_task_marker_child to None, run_after=None
[2023-01-12T07:38:22.379+0000] {logging_mixin.py:137} INFO - [2023-01-12T07:38:22.379+0000] {dag.py:3427} INFO - Setting next_dagrun for example_external_task_marker_parent to None, run_after=None
[2023-01-12T07:38:22.393+0000] {processor.py:175} INFO - Processing /home/airflow/.local/lib/python3.7/site-packages/airflow/example_dags/example_external_task_marker_dag.py took 0.084 seconds
[2023-01-12T07:38:52.823+0000] {processor.py:153} INFO - Started process (PID=278) to work on /home/airflow/.local/lib/python3.7/site-packages/airflow/example_dags/example_external_task_marker_dag.py
[2023-01-12T07:38:52.825+0000] {processor.py:743} INFO - Processing file /home/airflow/.local/lib/python3.7/site-packages/airflow/example_dags/example_external_task_marker_dag.py for tasks to queue
[2023-01-12T07:38:52.827+0000] {logging_mixin.py:137} INFO - [2023-01-12T07:38:52.827+0000] {dagbag.py:538} INFO - Filling up the DagBag from /home/airflow/.local/lib/python3.7/site-packages/airflow/example_dags/example_external_task_marker_dag.py
[2023-01-12T07:38:52.839+0000] {processor.py:753} INFO - DAG(s) dict_keys(['example_external_task_marker_parent', 'example_external_task_marker_child']) retrieved from /home/airflow/.local/lib/python3.7/site-packages/airflow/example_dags/example_external_task_marker_dag.py
[2023-01-12T07:38:52.872+0000] {logging_mixin.py:137} INFO - [2023-01-12T07:38:52.872+0000] {dag.py:2676} INFO - Sync 2 DAGs
[2023-01-12T07:38:52.893+0000] {logging_mixin.py:137} INFO - [2023-01-12T07:38:52.893+0000] {dag.py:3427} INFO - Setting next_dagrun for example_external_task_marker_child to None, run_after=None
[2023-01-12T07:38:52.896+0000] {logging_mixin.py:137} INFO - [2023-01-12T07:38:52.896+0000] {dag.py:3427} INFO - Setting next_dagrun for example_external_task_marker_parent to None, run_after=None
[2023-01-12T07:38:52.911+0000] {processor.py:175} INFO - Processing /home/airflow/.local/lib/python3.7/site-packages/airflow/example_dags/example_external_task_marker_dag.py took 0.090 seconds
[2023-01-12T07:39:23.433+0000] {processor.py:153} INFO - Started process (PID=352) to work on /home/airflow/.local/lib/python3.7/site-packages/airflow/example_dags/example_external_task_marker_dag.py
[2023-01-12T07:39:23.435+0000] {processor.py:743} INFO - Processing file /home/airflow/.local/lib/python3.7/site-packages/airflow/example_dags/example_external_task_marker_dag.py for tasks to queue
[2023-01-12T07:39:23.436+0000] {logging_mixin.py:137} INFO - [2023-01-12T07:39:23.436+0000] {dagbag.py:538} INFO - Filling up the DagBag from /home/airflow/.local/lib/python3.7/site-packages/airflow/example_dags/example_external_task_marker_dag.py
[2023-01-12T07:39:23.450+0000] {processor.py:753} INFO - DAG(s) dict_keys(['example_external_task_marker_child', 'example_external_task_marker_parent']) retrieved from /home/airflow/.local/lib/python3.7/site-packages/airflow/example_dags/example_external_task_marker_dag.py
[2023-01-12T07:39:23.487+0000] {logging_mixin.py:137} INFO - [2023-01-12T07:39:23.487+0000] {dag.py:2676} INFO - Sync 2 DAGs
[2023-01-12T07:39:23.518+0000] {logging_mixin.py:137} INFO - [2023-01-12T07:39:23.518+0000] {dag.py:3427} INFO - Setting next_dagrun for example_external_task_marker_child to None, run_after=None
[2023-01-12T07:39:23.523+0000] {logging_mixin.py:137} INFO - [2023-01-12T07:39:23.523+0000] {dag.py:3427} INFO - Setting next_dagrun for example_external_task_marker_parent to None, run_after=None
[2023-01-12T07:39:23.536+0000] {processor.py:175} INFO - Processing /home/airflow/.local/lib/python3.7/site-packages/airflow/example_dags/example_external_task_marker_dag.py took 0.106 seconds
[2023-01-12T07:40:38.383+0000] {processor.py:153} INFO - Started process (PID=67) to work on /home/airflow/.local/lib/python3.7/site-packages/airflow/example_dags/example_external_task_marker_dag.py
[2023-01-12T07:40:38.384+0000] {processor.py:743} INFO - Processing file /home/airflow/.local/lib/python3.7/site-packages/airflow/example_dags/example_external_task_marker_dag.py for tasks to queue
[2023-01-12T07:40:38.386+0000] {logging_mixin.py:137} INFO - [2023-01-12T07:40:38.386+0000] {dagbag.py:538} INFO - Filling up the DagBag from /home/airflow/.local/lib/python3.7/site-packages/airflow/example_dags/example_external_task_marker_dag.py
[2023-01-12T07:40:38.401+0000] {processor.py:753} INFO - DAG(s) dict_keys(['example_external_task_marker_child', 'example_external_task_marker_parent']) retrieved from /home/airflow/.local/lib/python3.7/site-packages/airflow/example_dags/example_external_task_marker_dag.py
[2023-01-12T07:40:38.431+0000] {logging_mixin.py:137} INFO - [2023-01-12T07:40:38.431+0000] {dag.py:2676} INFO - Sync 2 DAGs
[2023-01-12T07:40:38.452+0000] {logging_mixin.py:137} INFO - [2023-01-12T07:40:38.452+0000] {dag.py:3427} INFO - Setting next_dagrun for example_external_task_marker_child to None, run_after=None
[2023-01-12T07:40:38.456+0000] {logging_mixin.py:137} INFO - [2023-01-12T07:40:38.456+0000] {dag.py:3427} INFO - Setting next_dagrun for example_external_task_marker_parent to None, run_after=None
[2023-01-12T07:40:38.479+0000] {processor.py:175} INFO - Processing /home/airflow/.local/lib/python3.7/site-packages/airflow/example_dags/example_external_task_marker_dag.py took 0.099 seconds
[2023-01-12T07:41:08.667+0000] {processor.py:153} INFO - Started process (PID=144) to work on /home/airflow/.local/lib/python3.7/site-packages/airflow/example_dags/example_external_task_marker_dag.py
[2023-01-12T07:41:08.670+0000] {processor.py:743} INFO - Processing file /home/airflow/.local/lib/python3.7/site-packages/airflow/example_dags/example_external_task_marker_dag.py for tasks to queue
[2023-01-12T07:41:08.671+0000] {logging_mixin.py:137} INFO - [2023-01-12T07:41:08.671+0000] {dagbag.py:538} INFO - Filling up the DagBag from /home/airflow/.local/lib/python3.7/site-packages/airflow/example_dags/example_external_task_marker_dag.py
[2023-01-12T07:41:08.684+0000] {processor.py:753} INFO - DAG(s) dict_keys(['example_external_task_marker_child', 'example_external_task_marker_parent']) retrieved from /home/airflow/.local/lib/python3.7/site-packages/airflow/example_dags/example_external_task_marker_dag.py
[2023-01-12T07:41:08.739+0000] {logging_mixin.py:137} INFO - [2023-01-12T07:41:08.739+0000] {dag.py:2676} INFO - Sync 2 DAGs
[2023-01-12T07:41:08.755+0000] {logging_mixin.py:137} INFO - [2023-01-12T07:41:08.755+0000] {dag.py:3427} INFO - Setting next_dagrun for example_external_task_marker_child to None, run_after=None
[2023-01-12T07:41:08.758+0000] {logging_mixin.py:137} INFO - [2023-01-12T07:41:08.758+0000] {dag.py:3427} INFO - Setting next_dagrun for example_external_task_marker_parent to None, run_after=None
[2023-01-12T07:41:08.772+0000] {processor.py:175} INFO - Processing /home/airflow/.local/lib/python3.7/site-packages/airflow/example_dags/example_external_task_marker_dag.py took 0.108 seconds
[2023-01-12T07:41:38.966+0000] {processor.py:153} INFO - Started process (PID=217) to work on /home/airflow/.local/lib/python3.7/site-packages/airflow/example_dags/example_external_task_marker_dag.py
[2023-01-12T07:41:38.968+0000] {processor.py:743} INFO - Processing file /home/airflow/.local/lib/python3.7/site-packages/airflow/example_dags/example_external_task_marker_dag.py for tasks to queue
[2023-01-12T07:41:38.969+0000] {logging_mixin.py:137} INFO - [2023-01-12T07:41:38.969+0000] {dagbag.py:538} INFO - Filling up the DagBag from /home/airflow/.local/lib/python3.7/site-packages/airflow/example_dags/example_external_task_marker_dag.py
[2023-01-12T07:41:38.981+0000] {processor.py:753} INFO - DAG(s) dict_keys(['example_external_task_marker_parent', 'example_external_task_marker_child']) retrieved from /home/airflow/.local/lib/python3.7/site-packages/airflow/example_dags/example_external_task_marker_dag.py
[2023-01-12T07:41:39.020+0000] {logging_mixin.py:137} INFO - [2023-01-12T07:41:39.020+0000] {dag.py:2676} INFO - Sync 2 DAGs
[2023-01-12T07:41:39.059+0000] {logging_mixin.py:137} INFO - [2023-01-12T07:41:39.059+0000] {dag.py:3427} INFO - Setting next_dagrun for example_external_task_marker_child to None, run_after=None
[2023-01-12T07:41:39.065+0000] {logging_mixin.py:137} INFO - [2023-01-12T07:41:39.065+0000] {dag.py:3427} INFO - Setting next_dagrun for example_external_task_marker_parent to None, run_after=None
[2023-01-12T07:41:39.087+0000] {processor.py:175} INFO - Processing /home/airflow/.local/lib/python3.7/site-packages/airflow/example_dags/example_external_task_marker_dag.py took 0.124 seconds
[2023-01-12T07:42:09.922+0000] {processor.py:153} INFO - Started process (PID=279) to work on /home/airflow/.local/lib/python3.7/site-packages/airflow/example_dags/example_external_task_marker_dag.py
[2023-01-12T07:42:09.924+0000] {processor.py:743} INFO - Processing file /home/airflow/.local/lib/python3.7/site-packages/airflow/example_dags/example_external_task_marker_dag.py for tasks to queue
[2023-01-12T07:42:09.925+0000] {logging_mixin.py:137} INFO - [2023-01-12T07:42:09.925+0000] {dagbag.py:538} INFO - Filling up the DagBag from /home/airflow/.local/lib/python3.7/site-packages/airflow/example_dags/example_external_task_marker_dag.py
[2023-01-12T07:42:09.937+0000] {processor.py:753} INFO - DAG(s) dict_keys(['example_external_task_marker_child', 'example_external_task_marker_parent']) retrieved from /home/airflow/.local/lib/python3.7/site-packages/airflow/example_dags/example_external_task_marker_dag.py
[2023-01-12T07:42:09.969+0000] {logging_mixin.py:137} INFO - [2023-01-12T07:42:09.969+0000] {dag.py:2676} INFO - Sync 2 DAGs
[2023-01-12T07:42:09.989+0000] {logging_mixin.py:137} INFO - [2023-01-12T07:42:09.988+0000] {dag.py:3427} INFO - Setting next_dagrun for example_external_task_marker_child to None, run_after=None
[2023-01-12T07:42:09.993+0000] {logging_mixin.py:137} INFO - [2023-01-12T07:42:09.992+0000] {dag.py:3427} INFO - Setting next_dagrun for example_external_task_marker_parent to None, run_after=None
[2023-01-12T07:42:10.006+0000] {processor.py:175} INFO - Processing /home/airflow/.local/lib/python3.7/site-packages/airflow/example_dags/example_external_task_marker_dag.py took 0.086 seconds
[2023-01-12T07:42:40.541+0000] {processor.py:153} INFO - Started process (PID=355) to work on /home/airflow/.local/lib/python3.7/site-packages/airflow/example_dags/example_external_task_marker_dag.py
[2023-01-12T07:42:40.543+0000] {processor.py:743} INFO - Processing file /home/airflow/.local/lib/python3.7/site-packages/airflow/example_dags/example_external_task_marker_dag.py for tasks to queue
[2023-01-12T07:42:40.544+0000] {logging_mixin.py:137} INFO - [2023-01-12T07:42:40.544+0000] {dagbag.py:538} INFO - Filling up the DagBag from /home/airflow/.local/lib/python3.7/site-packages/airflow/example_dags/example_external_task_marker_dag.py
[2023-01-12T07:42:40.559+0000] {processor.py:753} INFO - DAG(s) dict_keys(['example_external_task_marker_child', 'example_external_task_marker_parent']) retrieved from /home/airflow/.local/lib/python3.7/site-packages/airflow/example_dags/example_external_task_marker_dag.py
[2023-01-12T07:42:40.591+0000] {logging_mixin.py:137} INFO - [2023-01-12T07:42:40.591+0000] {dag.py:2676} INFO - Sync 2 DAGs
[2023-01-12T07:42:40.613+0000] {logging_mixin.py:137} INFO - [2023-01-12T07:42:40.612+0000] {dag.py:3427} INFO - Setting next_dagrun for example_external_task_marker_child to None, run_after=None
[2023-01-12T07:42:40.617+0000] {logging_mixin.py:137} INFO - [2023-01-12T07:42:40.617+0000] {dag.py:3427} INFO - Setting next_dagrun for example_external_task_marker_parent to None, run_after=None
[2023-01-12T07:42:40.630+0000] {processor.py:175} INFO - Processing /home/airflow/.local/lib/python3.7/site-packages/airflow/example_dags/example_external_task_marker_dag.py took 0.093 seconds
[2023-01-12T07:43:11.266+0000] {processor.py:153} INFO - Started process (PID=423) to work on /home/airflow/.local/lib/python3.7/site-packages/airflow/example_dags/example_external_task_marker_dag.py
[2023-01-12T07:43:11.268+0000] {processor.py:743} INFO - Processing file /home/airflow/.local/lib/python3.7/site-packages/airflow/example_dags/example_external_task_marker_dag.py for tasks to queue
[2023-01-12T07:43:11.270+0000] {logging_mixin.py:137} INFO - [2023-01-12T07:43:11.270+0000] {dagbag.py:538} INFO - Filling up the DagBag from /home/airflow/.local/lib/python3.7/site-packages/airflow/example_dags/example_external_task_marker_dag.py
[2023-01-12T07:43:11.282+0000] {processor.py:753} INFO - DAG(s) dict_keys(['example_external_task_marker_parent', 'example_external_task_marker_child']) retrieved from /home/airflow/.local/lib/python3.7/site-packages/airflow/example_dags/example_external_task_marker_dag.py
[2023-01-12T07:43:11.318+0000] {logging_mixin.py:137} INFO - [2023-01-12T07:43:11.318+0000] {dag.py:2676} INFO - Sync 2 DAGs
[2023-01-12T07:43:11.341+0000] {logging_mixin.py:137} INFO - [2023-01-12T07:43:11.341+0000] {dag.py:3427} INFO - Setting next_dagrun for example_external_task_marker_child to None, run_after=None
[2023-01-12T07:43:11.345+0000] {logging_mixin.py:137} INFO - [2023-01-12T07:43:11.345+0000] {dag.py:3427} INFO - Setting next_dagrun for example_external_task_marker_parent to None, run_after=None
[2023-01-12T07:43:11.360+0000] {processor.py:175} INFO - Processing /home/airflow/.local/lib/python3.7/site-packages/airflow/example_dags/example_external_task_marker_dag.py took 0.096 seconds
[2023-01-12T07:43:42.014+0000] {processor.py:153} INFO - Started process (PID=489) to work on /home/airflow/.local/lib/python3.7/site-packages/airflow/example_dags/example_external_task_marker_dag.py
[2023-01-12T07:43:42.015+0000] {processor.py:743} INFO - Processing file /home/airflow/.local/lib/python3.7/site-packages/airflow/example_dags/example_external_task_marker_dag.py for tasks to queue
[2023-01-12T07:43:42.018+0000] {logging_mixin.py:137} INFO - [2023-01-12T07:43:42.018+0000] {dagbag.py:538} INFO - Filling up the DagBag from /home/airflow/.local/lib/python3.7/site-packages/airflow/example_dags/example_external_task_marker_dag.py
[2023-01-12T07:43:42.034+0000] {processor.py:753} INFO - DAG(s) dict_keys(['example_external_task_marker_parent', 'example_external_task_marker_child']) retrieved from /home/airflow/.local/lib/python3.7/site-packages/airflow/example_dags/example_external_task_marker_dag.py
[2023-01-12T07:43:42.079+0000] {logging_mixin.py:137} INFO - [2023-01-12T07:43:42.079+0000] {dag.py:2676} INFO - Sync 2 DAGs
[2023-01-12T07:43:42.125+0000] {logging_mixin.py:137} INFO - [2023-01-12T07:43:42.125+0000] {dag.py:3427} INFO - Setting next_dagrun for example_external_task_marker_child to None, run_after=None
[2023-01-12T07:43:42.129+0000] {logging_mixin.py:137} INFO - [2023-01-12T07:43:42.129+0000] {dag.py:3427} INFO - Setting next_dagrun for example_external_task_marker_parent to None, run_after=None
[2023-01-12T07:43:42.145+0000] {processor.py:175} INFO - Processing /home/airflow/.local/lib/python3.7/site-packages/airflow/example_dags/example_external_task_marker_dag.py took 0.134 seconds
[2023-01-12T07:44:12.242+0000] {processor.py:153} INFO - Started process (PID=563) to work on /home/airflow/.local/lib/python3.7/site-packages/airflow/example_dags/example_external_task_marker_dag.py
[2023-01-12T07:44:12.244+0000] {processor.py:743} INFO - Processing file /home/airflow/.local/lib/python3.7/site-packages/airflow/example_dags/example_external_task_marker_dag.py for tasks to queue
[2023-01-12T07:44:12.246+0000] {logging_mixin.py:137} INFO - [2023-01-12T07:44:12.246+0000] {dagbag.py:538} INFO - Filling up the DagBag from /home/airflow/.local/lib/python3.7/site-packages/airflow/example_dags/example_external_task_marker_dag.py
[2023-01-12T07:44:12.259+0000] {processor.py:753} INFO - DAG(s) dict_keys(['example_external_task_marker_child', 'example_external_task_marker_parent']) retrieved from /home/airflow/.local/lib/python3.7/site-packages/airflow/example_dags/example_external_task_marker_dag.py
[2023-01-12T07:44:12.290+0000] {logging_mixin.py:137} INFO - [2023-01-12T07:44:12.290+0000] {dag.py:2676} INFO - Sync 2 DAGs
[2023-01-12T07:44:12.309+0000] {logging_mixin.py:137} INFO - [2023-01-12T07:44:12.309+0000] {dag.py:3427} INFO - Setting next_dagrun for example_external_task_marker_child to None, run_after=None
[2023-01-12T07:44:12.312+0000] {logging_mixin.py:137} INFO - [2023-01-12T07:44:12.312+0000] {dag.py:3427} INFO - Setting next_dagrun for example_external_task_marker_parent to None, run_after=None
[2023-01-12T07:44:12.325+0000] {processor.py:175} INFO - Processing /home/airflow/.local/lib/python3.7/site-packages/airflow/example_dags/example_external_task_marker_dag.py took 0.085 seconds
[2023-01-12T07:44:42.765+0000] {processor.py:153} INFO - Started process (PID=625) to work on /home/airflow/.local/lib/python3.7/site-packages/airflow/example_dags/example_external_task_marker_dag.py
[2023-01-12T07:44:42.767+0000] {processor.py:743} INFO - Processing file /home/airflow/.local/lib/python3.7/site-packages/airflow/example_dags/example_external_task_marker_dag.py for tasks to queue
[2023-01-12T07:44:42.769+0000] {logging_mixin.py:137} INFO - [2023-01-12T07:44:42.769+0000] {dagbag.py:538} INFO - Filling up the DagBag from /home/airflow/.local/lib/python3.7/site-packages/airflow/example_dags/example_external_task_marker_dag.py
[2023-01-12T07:44:42.783+0000] {processor.py:753} INFO - DAG(s) dict_keys(['example_external_task_marker_parent', 'example_external_task_marker_child']) retrieved from /home/airflow/.local/lib/python3.7/site-packages/airflow/example_dags/example_external_task_marker_dag.py
[2023-01-12T07:44:42.820+0000] {logging_mixin.py:137} INFO - [2023-01-12T07:44:42.820+0000] {dag.py:2676} INFO - Sync 2 DAGs
[2023-01-12T07:44:42.842+0000] {logging_mixin.py:137} INFO - [2023-01-12T07:44:42.842+0000] {dag.py:3427} INFO - Setting next_dagrun for example_external_task_marker_child to None, run_after=None
[2023-01-12T07:44:42.847+0000] {logging_mixin.py:137} INFO - [2023-01-12T07:44:42.846+0000] {dag.py:3427} INFO - Setting next_dagrun for example_external_task_marker_parent to None, run_after=None
[2023-01-12T07:44:42.861+0000] {processor.py:175} INFO - Processing /home/airflow/.local/lib/python3.7/site-packages/airflow/example_dags/example_external_task_marker_dag.py took 0.098 seconds
[2023-01-12T07:45:13.426+0000] {processor.py:153} INFO - Started process (PID=700) to work on /home/airflow/.local/lib/python3.7/site-packages/airflow/example_dags/example_external_task_marker_dag.py
[2023-01-12T07:45:13.428+0000] {processor.py:743} INFO - Processing file /home/airflow/.local/lib/python3.7/site-packages/airflow/example_dags/example_external_task_marker_dag.py for tasks to queue
[2023-01-12T07:45:13.429+0000] {logging_mixin.py:137} INFO - [2023-01-12T07:45:13.429+0000] {dagbag.py:538} INFO - Filling up the DagBag from /home/airflow/.local/lib/python3.7/site-packages/airflow/example_dags/example_external_task_marker_dag.py
[2023-01-12T07:45:13.441+0000] {processor.py:753} INFO - DAG(s) dict_keys(['example_external_task_marker_parent', 'example_external_task_marker_child']) retrieved from /home/airflow/.local/lib/python3.7/site-packages/airflow/example_dags/example_external_task_marker_dag.py
[2023-01-12T07:45:13.472+0000] {logging_mixin.py:137} INFO - [2023-01-12T07:45:13.472+0000] {dag.py:2676} INFO - Sync 2 DAGs
[2023-01-12T07:45:13.491+0000] {logging_mixin.py:137} INFO - [2023-01-12T07:45:13.491+0000] {dag.py:3427} INFO - Setting next_dagrun for example_external_task_marker_child to None, run_after=None
[2023-01-12T07:45:13.494+0000] {logging_mixin.py:137} INFO - [2023-01-12T07:45:13.494+0000] {dag.py:3427} INFO - Setting next_dagrun for example_external_task_marker_parent to None, run_after=None
[2023-01-12T07:45:13.509+0000] {processor.py:175} INFO - Processing /home/airflow/.local/lib/python3.7/site-packages/airflow/example_dags/example_external_task_marker_dag.py took 0.085 seconds
[2023-01-12T07:45:44.477+0000] {processor.py:153} INFO - Started process (PID=774) to work on /home/airflow/.local/lib/python3.7/site-packages/airflow/example_dags/example_external_task_marker_dag.py
[2023-01-12T07:45:44.479+0000] {processor.py:743} INFO - Processing file /home/airflow/.local/lib/python3.7/site-packages/airflow/example_dags/example_external_task_marker_dag.py for tasks to queue
[2023-01-12T07:45:44.480+0000] {logging_mixin.py:137} INFO - [2023-01-12T07:45:44.480+0000] {dagbag.py:538} INFO - Filling up the DagBag from /home/airflow/.local/lib/python3.7/site-packages/airflow/example_dags/example_external_task_marker_dag.py
[2023-01-12T07:45:44.492+0000] {processor.py:753} INFO - DAG(s) dict_keys(['example_external_task_marker_parent', 'example_external_task_marker_child']) retrieved from /home/airflow/.local/lib/python3.7/site-packages/airflow/example_dags/example_external_task_marker_dag.py
[2023-01-12T07:45:44.524+0000] {logging_mixin.py:137} INFO - [2023-01-12T07:45:44.524+0000] {dag.py:2676} INFO - Sync 2 DAGs
[2023-01-12T07:45:44.543+0000] {logging_mixin.py:137} INFO - [2023-01-12T07:45:44.543+0000] {dag.py:3427} INFO - Setting next_dagrun for example_external_task_marker_child to None, run_after=None
[2023-01-12T07:45:44.546+0000] {logging_mixin.py:137} INFO - [2023-01-12T07:45:44.546+0000] {dag.py:3427} INFO - Setting next_dagrun for example_external_task_marker_parent to None, run_after=None
[2023-01-12T07:45:44.558+0000] {processor.py:175} INFO - Processing /home/airflow/.local/lib/python3.7/site-packages/airflow/example_dags/example_external_task_marker_dag.py took 0.084 seconds
[2023-01-12T07:46:15.203+0000] {processor.py:153} INFO - Started process (PID=836) to work on /home/airflow/.local/lib/python3.7/site-packages/airflow/example_dags/example_external_task_marker_dag.py
[2023-01-12T07:46:15.204+0000] {processor.py:743} INFO - Processing file /home/airflow/.local/lib/python3.7/site-packages/airflow/example_dags/example_external_task_marker_dag.py for tasks to queue
[2023-01-12T07:46:15.207+0000] {logging_mixin.py:137} INFO - [2023-01-12T07:46:15.207+0000] {dagbag.py:538} INFO - Filling up the DagBag from /home/airflow/.local/lib/python3.7/site-packages/airflow/example_dags/example_external_task_marker_dag.py
[2023-01-12T07:46:15.224+0000] {processor.py:753} INFO - DAG(s) dict_keys(['example_external_task_marker_parent', 'example_external_task_marker_child']) retrieved from /home/airflow/.local/lib/python3.7/site-packages/airflow/example_dags/example_external_task_marker_dag.py
[2023-01-12T07:46:15.264+0000] {logging_mixin.py:137} INFO - [2023-01-12T07:46:15.264+0000] {dag.py:2676} INFO - Sync 2 DAGs
[2023-01-12T07:46:15.289+0000] {logging_mixin.py:137} INFO - [2023-01-12T07:46:15.289+0000] {dag.py:3427} INFO - Setting next_dagrun for example_external_task_marker_child to None, run_after=None
[2023-01-12T07:46:15.294+0000] {logging_mixin.py:137} INFO - [2023-01-12T07:46:15.294+0000] {dag.py:3427} INFO - Setting next_dagrun for example_external_task_marker_parent to None, run_after=None
[2023-01-12T07:46:15.310+0000] {processor.py:175} INFO - Processing /home/airflow/.local/lib/python3.7/site-packages/airflow/example_dags/example_external_task_marker_dag.py took 0.110 seconds
[2023-01-12T07:46:45.977+0000] {processor.py:153} INFO - Started process (PID=911) to work on /home/airflow/.local/lib/python3.7/site-packages/airflow/example_dags/example_external_task_marker_dag.py
[2023-01-12T07:46:45.979+0000] {processor.py:743} INFO - Processing file /home/airflow/.local/lib/python3.7/site-packages/airflow/example_dags/example_external_task_marker_dag.py for tasks to queue
[2023-01-12T07:46:45.980+0000] {logging_mixin.py:137} INFO - [2023-01-12T07:46:45.980+0000] {dagbag.py:538} INFO - Filling up the DagBag from /home/airflow/.local/lib/python3.7/site-packages/airflow/example_dags/example_external_task_marker_dag.py
[2023-01-12T07:46:45.992+0000] {processor.py:753} INFO - DAG(s) dict_keys(['example_external_task_marker_parent', 'example_external_task_marker_child']) retrieved from /home/airflow/.local/lib/python3.7/site-packages/airflow/example_dags/example_external_task_marker_dag.py
[2023-01-12T07:46:46.027+0000] {logging_mixin.py:137} INFO - [2023-01-12T07:46:46.027+0000] {dag.py:2676} INFO - Sync 2 DAGs
[2023-01-12T07:46:46.046+0000] {logging_mixin.py:137} INFO - [2023-01-12T07:46:46.046+0000] {dag.py:3427} INFO - Setting next_dagrun for example_external_task_marker_child to None, run_after=None
[2023-01-12T07:46:46.050+0000] {logging_mixin.py:137} INFO - [2023-01-12T07:46:46.050+0000] {dag.py:3427} INFO - Setting next_dagrun for example_external_task_marker_parent to None, run_after=None
[2023-01-12T07:46:46.065+0000] {processor.py:175} INFO - Processing /home/airflow/.local/lib/python3.7/site-packages/airflow/example_dags/example_external_task_marker_dag.py took 0.091 seconds
[2023-01-12T07:47:17.158+0000] {processor.py:153} INFO - Started process (PID=985) to work on /home/airflow/.local/lib/python3.7/site-packages/airflow/example_dags/example_external_task_marker_dag.py
[2023-01-12T07:47:17.161+0000] {processor.py:743} INFO - Processing file /home/airflow/.local/lib/python3.7/site-packages/airflow/example_dags/example_external_task_marker_dag.py for tasks to queue
[2023-01-12T07:47:17.163+0000] {logging_mixin.py:137} INFO - [2023-01-12T07:47:17.163+0000] {dagbag.py:538} INFO - Filling up the DagBag from /home/airflow/.local/lib/python3.7/site-packages/airflow/example_dags/example_external_task_marker_dag.py
[2023-01-12T07:47:17.192+0000] {processor.py:753} INFO - DAG(s) dict_keys(['example_external_task_marker_parent', 'example_external_task_marker_child']) retrieved from /home/airflow/.local/lib/python3.7/site-packages/airflow/example_dags/example_external_task_marker_dag.py
[2023-01-12T07:47:17.236+0000] {logging_mixin.py:137} INFO - [2023-01-12T07:47:17.236+0000] {dag.py:2676} INFO - Sync 2 DAGs
[2023-01-12T07:47:17.274+0000] {logging_mixin.py:137} INFO - [2023-01-12T07:47:17.274+0000] {dag.py:3427} INFO - Setting next_dagrun for example_external_task_marker_child to None, run_after=None
[2023-01-12T07:47:17.280+0000] {logging_mixin.py:137} INFO - [2023-01-12T07:47:17.280+0000] {dag.py:3427} INFO - Setting next_dagrun for example_external_task_marker_parent to None, run_after=None
[2023-01-12T07:47:17.313+0000] {processor.py:175} INFO - Processing /home/airflow/.local/lib/python3.7/site-packages/airflow/example_dags/example_external_task_marker_dag.py took 0.160 seconds
[2023-01-12T07:47:47.882+0000] {processor.py:153} INFO - Started process (PID=1049) to work on /home/airflow/.local/lib/python3.7/site-packages/airflow/example_dags/example_external_task_marker_dag.py
[2023-01-12T07:47:47.884+0000] {processor.py:743} INFO - Processing file /home/airflow/.local/lib/python3.7/site-packages/airflow/example_dags/example_external_task_marker_dag.py for tasks to queue
[2023-01-12T07:47:47.885+0000] {logging_mixin.py:137} INFO - [2023-01-12T07:47:47.885+0000] {dagbag.py:538} INFO - Filling up the DagBag from /home/airflow/.local/lib/python3.7/site-packages/airflow/example_dags/example_external_task_marker_dag.py
[2023-01-12T07:47:47.897+0000] {processor.py:753} INFO - DAG(s) dict_keys(['example_external_task_marker_parent', 'example_external_task_marker_child']) retrieved from /home/airflow/.local/lib/python3.7/site-packages/airflow/example_dags/example_external_task_marker_dag.py
[2023-01-12T07:47:47.927+0000] {logging_mixin.py:137} INFO - [2023-01-12T07:47:47.927+0000] {dag.py:2676} INFO - Sync 2 DAGs
[2023-01-12T07:47:47.946+0000] {logging_mixin.py:137} INFO - [2023-01-12T07:47:47.946+0000] {dag.py:3427} INFO - Setting next_dagrun for example_external_task_marker_child to None, run_after=None
[2023-01-12T07:47:47.949+0000] {logging_mixin.py:137} INFO - [2023-01-12T07:47:47.949+0000] {dag.py:3427} INFO - Setting next_dagrun for example_external_task_marker_parent to None, run_after=None
[2023-01-12T07:47:47.964+0000] {processor.py:175} INFO - Processing /home/airflow/.local/lib/python3.7/site-packages/airflow/example_dags/example_external_task_marker_dag.py took 0.085 seconds
[2023-01-12T07:48:18.805+0000] {processor.py:153} INFO - Started process (PID=1122) to work on /home/airflow/.local/lib/python3.7/site-packages/airflow/example_dags/example_external_task_marker_dag.py
[2023-01-12T07:48:18.806+0000] {processor.py:743} INFO - Processing file /home/airflow/.local/lib/python3.7/site-packages/airflow/example_dags/example_external_task_marker_dag.py for tasks to queue
[2023-01-12T07:48:18.808+0000] {logging_mixin.py:137} INFO - [2023-01-12T07:48:18.808+0000] {dagbag.py:538} INFO - Filling up the DagBag from /home/airflow/.local/lib/python3.7/site-packages/airflow/example_dags/example_external_task_marker_dag.py
[2023-01-12T07:48:18.820+0000] {processor.py:753} INFO - DAG(s) dict_keys(['example_external_task_marker_child', 'example_external_task_marker_parent']) retrieved from /home/airflow/.local/lib/python3.7/site-packages/airflow/example_dags/example_external_task_marker_dag.py
[2023-01-12T07:48:18.851+0000] {logging_mixin.py:137} INFO - [2023-01-12T07:48:18.851+0000] {dag.py:2676} INFO - Sync 2 DAGs
[2023-01-12T07:48:18.870+0000] {logging_mixin.py:137} INFO - [2023-01-12T07:48:18.870+0000] {dag.py:3427} INFO - Setting next_dagrun for example_external_task_marker_child to None, run_after=None
[2023-01-12T07:48:18.873+0000] {logging_mixin.py:137} INFO - [2023-01-12T07:48:18.873+0000] {dag.py:3427} INFO - Setting next_dagrun for example_external_task_marker_parent to None, run_after=None
[2023-01-12T07:48:18.888+0000] {processor.py:175} INFO - Processing /home/airflow/.local/lib/python3.7/site-packages/airflow/example_dags/example_external_task_marker_dag.py took 0.086 seconds
[2023-01-12T07:48:49.307+0000] {processor.py:153} INFO - Started process (PID=1183) to work on /home/airflow/.local/lib/python3.7/site-packages/airflow/example_dags/example_external_task_marker_dag.py
[2023-01-12T07:48:49.308+0000] {processor.py:743} INFO - Processing file /home/airflow/.local/lib/python3.7/site-packages/airflow/example_dags/example_external_task_marker_dag.py for tasks to queue
[2023-01-12T07:48:49.311+0000] {logging_mixin.py:137} INFO - [2023-01-12T07:48:49.310+0000] {dagbag.py:538} INFO - Filling up the DagBag from /home/airflow/.local/lib/python3.7/site-packages/airflow/example_dags/example_external_task_marker_dag.py
[2023-01-12T07:48:49.322+0000] {processor.py:753} INFO - DAG(s) dict_keys(['example_external_task_marker_parent', 'example_external_task_marker_child']) retrieved from /home/airflow/.local/lib/python3.7/site-packages/airflow/example_dags/example_external_task_marker_dag.py
[2023-01-12T07:48:49.353+0000] {logging_mixin.py:137} INFO - [2023-01-12T07:48:49.353+0000] {dag.py:2676} INFO - Sync 2 DAGs
[2023-01-12T07:48:49.374+0000] {logging_mixin.py:137} INFO - [2023-01-12T07:48:49.374+0000] {dag.py:3427} INFO - Setting next_dagrun for example_external_task_marker_child to None, run_after=None
[2023-01-12T07:48:49.377+0000] {logging_mixin.py:137} INFO - [2023-01-12T07:48:49.377+0000] {dag.py:3427} INFO - Setting next_dagrun for example_external_task_marker_parent to None, run_after=None
[2023-01-12T07:48:49.393+0000] {processor.py:175} INFO - Processing /home/airflow/.local/lib/python3.7/site-packages/airflow/example_dags/example_external_task_marker_dag.py took 0.088 seconds
[2023-01-12T07:49:19.953+0000] {processor.py:153} INFO - Started process (PID=1259) to work on /home/airflow/.local/lib/python3.7/site-packages/airflow/example_dags/example_external_task_marker_dag.py
[2023-01-12T07:49:19.955+0000] {processor.py:743} INFO - Processing file /home/airflow/.local/lib/python3.7/site-packages/airflow/example_dags/example_external_task_marker_dag.py for tasks to queue
[2023-01-12T07:49:19.957+0000] {logging_mixin.py:137} INFO - [2023-01-12T07:49:19.957+0000] {dagbag.py:538} INFO - Filling up the DagBag from /home/airflow/.local/lib/python3.7/site-packages/airflow/example_dags/example_external_task_marker_dag.py
[2023-01-12T07:49:19.968+0000] {processor.py:753} INFO - DAG(s) dict_keys(['example_external_task_marker_parent', 'example_external_task_marker_child']) retrieved from /home/airflow/.local/lib/python3.7/site-packages/airflow/example_dags/example_external_task_marker_dag.py
[2023-01-12T07:49:20.001+0000] {logging_mixin.py:137} INFO - [2023-01-12T07:49:20.000+0000] {dag.py:2676} INFO - Sync 2 DAGs
[2023-01-12T07:49:20.021+0000] {logging_mixin.py:137} INFO - [2023-01-12T07:49:20.021+0000] {dag.py:3427} INFO - Setting next_dagrun for example_external_task_marker_child to None, run_after=None
[2023-01-12T07:49:20.024+0000] {logging_mixin.py:137} INFO - [2023-01-12T07:49:20.024+0000] {dag.py:3427} INFO - Setting next_dagrun for example_external_task_marker_parent to None, run_after=None
[2023-01-12T07:49:20.037+0000] {processor.py:175} INFO - Processing /home/airflow/.local/lib/python3.7/site-packages/airflow/example_dags/example_external_task_marker_dag.py took 0.086 seconds
[2023-01-12T07:49:51.022+0000] {processor.py:153} INFO - Started process (PID=1333) to work on /home/airflow/.local/lib/python3.7/site-packages/airflow/example_dags/example_external_task_marker_dag.py
[2023-01-12T07:49:51.024+0000] {processor.py:743} INFO - Processing file /home/airflow/.local/lib/python3.7/site-packages/airflow/example_dags/example_external_task_marker_dag.py for tasks to queue
[2023-01-12T07:49:51.026+0000] {logging_mixin.py:137} INFO - [2023-01-12T07:49:51.025+0000] {dagbag.py:538} INFO - Filling up the DagBag from /home/airflow/.local/lib/python3.7/site-packages/airflow/example_dags/example_external_task_marker_dag.py
[2023-01-12T07:49:51.037+0000] {processor.py:753} INFO - DAG(s) dict_keys(['example_external_task_marker_child', 'example_external_task_marker_parent']) retrieved from /home/airflow/.local/lib/python3.7/site-packages/airflow/example_dags/example_external_task_marker_dag.py
[2023-01-12T07:49:51.070+0000] {logging_mixin.py:137} INFO - [2023-01-12T07:49:51.070+0000] {dag.py:2676} INFO - Sync 2 DAGs
[2023-01-12T07:49:51.089+0000] {logging_mixin.py:137} INFO - [2023-01-12T07:49:51.089+0000] {dag.py:3427} INFO - Setting next_dagrun for example_external_task_marker_child to None, run_after=None
[2023-01-12T07:49:51.094+0000] {logging_mixin.py:137} INFO - [2023-01-12T07:49:51.094+0000] {dag.py:3427} INFO - Setting next_dagrun for example_external_task_marker_parent to None, run_after=None
[2023-01-12T07:49:51.110+0000] {processor.py:175} INFO - Processing /home/airflow/.local/lib/python3.7/site-packages/airflow/example_dags/example_external_task_marker_dag.py took 0.091 seconds
[2023-01-12T07:50:21.618+0000] {processor.py:153} INFO - Started process (PID=1396) to work on /home/airflow/.local/lib/python3.7/site-packages/airflow/example_dags/example_external_task_marker_dag.py
[2023-01-12T07:50:21.620+0000] {processor.py:743} INFO - Processing file /home/airflow/.local/lib/python3.7/site-packages/airflow/example_dags/example_external_task_marker_dag.py for tasks to queue
[2023-01-12T07:50:21.621+0000] {logging_mixin.py:137} INFO - [2023-01-12T07:50:21.621+0000] {dagbag.py:538} INFO - Filling up the DagBag from /home/airflow/.local/lib/python3.7/site-packages/airflow/example_dags/example_external_task_marker_dag.py
[2023-01-12T07:50:21.633+0000] {processor.py:753} INFO - DAG(s) dict_keys(['example_external_task_marker_parent', 'example_external_task_marker_child']) retrieved from /home/airflow/.local/lib/python3.7/site-packages/airflow/example_dags/example_external_task_marker_dag.py
[2023-01-12T07:50:21.672+0000] {logging_mixin.py:137} INFO - [2023-01-12T07:50:21.672+0000] {dag.py:2676} INFO - Sync 2 DAGs
[2023-01-12T07:50:21.691+0000] {logging_mixin.py:137} INFO - [2023-01-12T07:50:21.691+0000] {dag.py:3427} INFO - Setting next_dagrun for example_external_task_marker_child to None, run_after=None
[2023-01-12T07:50:21.695+0000] {logging_mixin.py:137} INFO - [2023-01-12T07:50:21.695+0000] {dag.py:3427} INFO - Setting next_dagrun for example_external_task_marker_parent to None, run_after=None
[2023-01-12T07:50:21.709+0000] {processor.py:175} INFO - Processing /home/airflow/.local/lib/python3.7/site-packages/airflow/example_dags/example_external_task_marker_dag.py took 0.094 seconds
[2023-01-12T07:50:52.608+0000] {processor.py:153} INFO - Started process (PID=1469) to work on /home/airflow/.local/lib/python3.7/site-packages/airflow/example_dags/example_external_task_marker_dag.py
[2023-01-12T07:50:52.610+0000] {processor.py:743} INFO - Processing file /home/airflow/.local/lib/python3.7/site-packages/airflow/example_dags/example_external_task_marker_dag.py for tasks to queue
[2023-01-12T07:50:52.612+0000] {logging_mixin.py:137} INFO - [2023-01-12T07:50:52.612+0000] {dagbag.py:538} INFO - Filling up the DagBag from /home/airflow/.local/lib/python3.7/site-packages/airflow/example_dags/example_external_task_marker_dag.py
[2023-01-12T07:50:52.625+0000] {processor.py:753} INFO - DAG(s) dict_keys(['example_external_task_marker_child', 'example_external_task_marker_parent']) retrieved from /home/airflow/.local/lib/python3.7/site-packages/airflow/example_dags/example_external_task_marker_dag.py
[2023-01-12T07:50:52.658+0000] {logging_mixin.py:137} INFO - [2023-01-12T07:50:52.658+0000] {dag.py:2676} INFO - Sync 2 DAGs
[2023-01-12T07:50:52.677+0000] {logging_mixin.py:137} INFO - [2023-01-12T07:50:52.677+0000] {dag.py:3427} INFO - Setting next_dagrun for example_external_task_marker_child to None, run_after=None
[2023-01-12T07:50:52.681+0000] {logging_mixin.py:137} INFO - [2023-01-12T07:50:52.681+0000] {dag.py:3427} INFO - Setting next_dagrun for example_external_task_marker_parent to None, run_after=None
[2023-01-12T07:50:52.697+0000] {processor.py:175} INFO - Processing /home/airflow/.local/lib/python3.7/site-packages/airflow/example_dags/example_external_task_marker_dag.py took 0.092 seconds
[2023-01-12T07:51:23.593+0000] {processor.py:153} INFO - Started process (PID=1538) to work on /home/airflow/.local/lib/python3.7/site-packages/airflow/example_dags/example_external_task_marker_dag.py
[2023-01-12T07:51:23.595+0000] {processor.py:743} INFO - Processing file /home/airflow/.local/lib/python3.7/site-packages/airflow/example_dags/example_external_task_marker_dag.py for tasks to queue
[2023-01-12T07:51:23.598+0000] {logging_mixin.py:137} INFO - [2023-01-12T07:51:23.598+0000] {dagbag.py:538} INFO - Filling up the DagBag from /home/airflow/.local/lib/python3.7/site-packages/airflow/example_dags/example_external_task_marker_dag.py
[2023-01-12T07:51:23.611+0000] {processor.py:753} INFO - DAG(s) dict_keys(['example_external_task_marker_child', 'example_external_task_marker_parent']) retrieved from /home/airflow/.local/lib/python3.7/site-packages/airflow/example_dags/example_external_task_marker_dag.py
[2023-01-12T07:51:23.647+0000] {logging_mixin.py:137} INFO - [2023-01-12T07:51:23.647+0000] {dag.py:2676} INFO - Sync 2 DAGs
[2023-01-12T07:51:23.676+0000] {logging_mixin.py:137} INFO - [2023-01-12T07:51:23.676+0000] {dag.py:3427} INFO - Setting next_dagrun for example_external_task_marker_child to None, run_after=None
[2023-01-12T07:51:23.682+0000] {logging_mixin.py:137} INFO - [2023-01-12T07:51:23.682+0000] {dag.py:3427} INFO - Setting next_dagrun for example_external_task_marker_parent to None, run_after=None
[2023-01-12T07:51:23.702+0000] {processor.py:175} INFO - Processing /home/airflow/.local/lib/python3.7/site-packages/airflow/example_dags/example_external_task_marker_dag.py took 0.115 seconds
[2023-01-12T07:51:54.407+0000] {processor.py:153} INFO - Started process (PID=1602) to work on /home/airflow/.local/lib/python3.7/site-packages/airflow/example_dags/example_external_task_marker_dag.py
[2023-01-12T07:51:54.408+0000] {processor.py:743} INFO - Processing file /home/airflow/.local/lib/python3.7/site-packages/airflow/example_dags/example_external_task_marker_dag.py for tasks to queue
[2023-01-12T07:51:54.409+0000] {logging_mixin.py:137} INFO - [2023-01-12T07:51:54.409+0000] {dagbag.py:538} INFO - Filling up the DagBag from /home/airflow/.local/lib/python3.7/site-packages/airflow/example_dags/example_external_task_marker_dag.py
[2023-01-12T07:51:54.421+0000] {processor.py:753} INFO - DAG(s) dict_keys(['example_external_task_marker_parent', 'example_external_task_marker_child']) retrieved from /home/airflow/.local/lib/python3.7/site-packages/airflow/example_dags/example_external_task_marker_dag.py
[2023-01-12T07:51:54.452+0000] {logging_mixin.py:137} INFO - [2023-01-12T07:51:54.452+0000] {dag.py:2676} INFO - Sync 2 DAGs
[2023-01-12T07:51:54.472+0000] {logging_mixin.py:137} INFO - [2023-01-12T07:51:54.472+0000] {dag.py:3427} INFO - Setting next_dagrun for example_external_task_marker_child to None, run_after=None
[2023-01-12T07:51:54.475+0000] {logging_mixin.py:137} INFO - [2023-01-12T07:51:54.475+0000] {dag.py:3427} INFO - Setting next_dagrun for example_external_task_marker_parent to None, run_after=None
[2023-01-12T07:51:54.489+0000] {processor.py:175} INFO - Processing /home/airflow/.local/lib/python3.7/site-packages/airflow/example_dags/example_external_task_marker_dag.py took 0.085 seconds
[2023-01-12T07:52:25.463+0000] {processor.py:153} INFO - Started process (PID=1677) to work on /home/airflow/.local/lib/python3.7/site-packages/airflow/example_dags/example_external_task_marker_dag.py
[2023-01-12T07:52:25.465+0000] {processor.py:743} INFO - Processing file /home/airflow/.local/lib/python3.7/site-packages/airflow/example_dags/example_external_task_marker_dag.py for tasks to queue
[2023-01-12T07:52:25.467+0000] {logging_mixin.py:137} INFO - [2023-01-12T07:52:25.467+0000] {dagbag.py:538} INFO - Filling up the DagBag from /home/airflow/.local/lib/python3.7/site-packages/airflow/example_dags/example_external_task_marker_dag.py
[2023-01-12T07:52:25.479+0000] {processor.py:753} INFO - DAG(s) dict_keys(['example_external_task_marker_child', 'example_external_task_marker_parent']) retrieved from /home/airflow/.local/lib/python3.7/site-packages/airflow/example_dags/example_external_task_marker_dag.py
[2023-01-12T07:52:25.512+0000] {logging_mixin.py:137} INFO - [2023-01-12T07:52:25.512+0000] {dag.py:2676} INFO - Sync 2 DAGs
[2023-01-12T07:52:25.532+0000] {logging_mixin.py:137} INFO - [2023-01-12T07:52:25.531+0000] {dag.py:3427} INFO - Setting next_dagrun for example_external_task_marker_child to None, run_after=None
[2023-01-12T07:52:25.536+0000] {logging_mixin.py:137} INFO - [2023-01-12T07:52:25.536+0000] {dag.py:3427} INFO - Setting next_dagrun for example_external_task_marker_parent to None, run_after=None
[2023-01-12T07:52:25.550+0000] {processor.py:175} INFO - Processing /home/airflow/.local/lib/python3.7/site-packages/airflow/example_dags/example_external_task_marker_dag.py took 0.089 seconds
[2023-01-12T07:52:56.069+0000] {processor.py:153} INFO - Started process (PID=1738) to work on /home/airflow/.local/lib/python3.7/site-packages/airflow/example_dags/example_external_task_marker_dag.py
[2023-01-12T07:52:56.071+0000] {processor.py:743} INFO - Processing file /home/airflow/.local/lib/python3.7/site-packages/airflow/example_dags/example_external_task_marker_dag.py for tasks to queue
[2023-01-12T07:52:56.072+0000] {logging_mixin.py:137} INFO - [2023-01-12T07:52:56.072+0000] {dagbag.py:538} INFO - Filling up the DagBag from /home/airflow/.local/lib/python3.7/site-packages/airflow/example_dags/example_external_task_marker_dag.py
[2023-01-12T07:52:56.085+0000] {processor.py:753} INFO - DAG(s) dict_keys(['example_external_task_marker_parent', 'example_external_task_marker_child']) retrieved from /home/airflow/.local/lib/python3.7/site-packages/airflow/example_dags/example_external_task_marker_dag.py
[2023-01-12T07:52:56.117+0000] {logging_mixin.py:137} INFO - [2023-01-12T07:52:56.117+0000] {dag.py:2676} INFO - Sync 2 DAGs
[2023-01-12T07:52:56.138+0000] {logging_mixin.py:137} INFO - [2023-01-12T07:52:56.138+0000] {dag.py:3427} INFO - Setting next_dagrun for example_external_task_marker_child to None, run_after=None
[2023-01-12T07:52:56.142+0000] {logging_mixin.py:137} INFO - [2023-01-12T07:52:56.142+0000] {dag.py:3427} INFO - Setting next_dagrun for example_external_task_marker_parent to None, run_after=None
[2023-01-12T07:52:56.157+0000] {processor.py:175} INFO - Processing /home/airflow/.local/lib/python3.7/site-packages/airflow/example_dags/example_external_task_marker_dag.py took 0.091 seconds
[2023-01-12T07:53:26.589+0000] {processor.py:153} INFO - Started process (PID=1811) to work on /home/airflow/.local/lib/python3.7/site-packages/airflow/example_dags/example_external_task_marker_dag.py
[2023-01-12T07:53:26.591+0000] {processor.py:743} INFO - Processing file /home/airflow/.local/lib/python3.7/site-packages/airflow/example_dags/example_external_task_marker_dag.py for tasks to queue
[2023-01-12T07:53:26.593+0000] {logging_mixin.py:137} INFO - [2023-01-12T07:53:26.592+0000] {dagbag.py:538} INFO - Filling up the DagBag from /home/airflow/.local/lib/python3.7/site-packages/airflow/example_dags/example_external_task_marker_dag.py
[2023-01-12T07:53:26.604+0000] {processor.py:753} INFO - DAG(s) dict_keys(['example_external_task_marker_child', 'example_external_task_marker_parent']) retrieved from /home/airflow/.local/lib/python3.7/site-packages/airflow/example_dags/example_external_task_marker_dag.py
[2023-01-12T07:53:26.636+0000] {logging_mixin.py:137} INFO - [2023-01-12T07:53:26.635+0000] {dag.py:2676} INFO - Sync 2 DAGs
[2023-01-12T07:53:26.655+0000] {logging_mixin.py:137} INFO - [2023-01-12T07:53:26.655+0000] {dag.py:3427} INFO - Setting next_dagrun for example_external_task_marker_child to None, run_after=None
[2023-01-12T07:53:26.659+0000] {logging_mixin.py:137} INFO - [2023-01-12T07:53:26.659+0000] {dag.py:3427} INFO - Setting next_dagrun for example_external_task_marker_parent to None, run_after=None
[2023-01-12T07:53:26.673+0000] {processor.py:175} INFO - Processing /home/airflow/.local/lib/python3.7/site-packages/airflow/example_dags/example_external_task_marker_dag.py took 0.087 seconds
[2023-01-12T07:53:57.225+0000] {processor.py:153} INFO - Started process (PID=1885) to work on /home/airflow/.local/lib/python3.7/site-packages/airflow/example_dags/example_external_task_marker_dag.py
[2023-01-12T07:53:57.226+0000] {processor.py:743} INFO - Processing file /home/airflow/.local/lib/python3.7/site-packages/airflow/example_dags/example_external_task_marker_dag.py for tasks to queue
[2023-01-12T07:53:57.229+0000] {logging_mixin.py:137} INFO - [2023-01-12T07:53:57.229+0000] {dagbag.py:538} INFO - Filling up the DagBag from /home/airflow/.local/lib/python3.7/site-packages/airflow/example_dags/example_external_task_marker_dag.py
[2023-01-12T07:53:57.243+0000] {processor.py:753} INFO - DAG(s) dict_keys(['example_external_task_marker_child', 'example_external_task_marker_parent']) retrieved from /home/airflow/.local/lib/python3.7/site-packages/airflow/example_dags/example_external_task_marker_dag.py
[2023-01-12T07:53:57.279+0000] {logging_mixin.py:137} INFO - [2023-01-12T07:53:57.279+0000] {dag.py:2676} INFO - Sync 2 DAGs
[2023-01-12T07:53:57.299+0000] {logging_mixin.py:137} INFO - [2023-01-12T07:53:57.299+0000] {dag.py:3427} INFO - Setting next_dagrun for example_external_task_marker_child to None, run_after=None
[2023-01-12T07:53:57.304+0000] {logging_mixin.py:137} INFO - [2023-01-12T07:53:57.303+0000] {dag.py:3427} INFO - Setting next_dagrun for example_external_task_marker_parent to None, run_after=None
[2023-01-12T07:53:57.317+0000] {processor.py:175} INFO - Processing /home/airflow/.local/lib/python3.7/site-packages/airflow/example_dags/example_external_task_marker_dag.py took 0.095 seconds
