[2023-01-12T07:27:07.037+0000] {processor.py:153} INFO - Started process (PID=58) to work on /home/airflow/.local/lib/python3.7/site-packages/airflow/example_dags/example_bash_operator.py
[2023-01-12T07:27:07.040+0000] {processor.py:743} INFO - Processing file /home/airflow/.local/lib/python3.7/site-packages/airflow/example_dags/example_bash_operator.py for tasks to queue
[2023-01-12T07:27:07.042+0000] {logging_mixin.py:137} INFO - [2023-01-12T07:27:07.042+0000] {dagbag.py:538} INFO - Filling up the DagBag from /home/airflow/.local/lib/python3.7/site-packages/airflow/example_dags/example_bash_operator.py
[2023-01-12T07:27:07.073+0000] {processor.py:753} INFO - DAG(s) dict_keys(['example_bash_operator']) retrieved from /home/airflow/.local/lib/python3.7/site-packages/airflow/example_dags/example_bash_operator.py
[2023-01-12T07:27:07.099+0000] {logging_mixin.py:137} INFO - [2023-01-12T07:27:07.099+0000] {dag.py:2676} INFO - Sync 1 DAGs
[2023-01-12T07:27:07.137+0000] {logging_mixin.py:137} INFO - [2023-01-12T07:27:07.137+0000] {dag.py:3427} INFO - Setting next_dagrun for example_bash_operator to 2023-01-11T00:00:00+00:00, run_after=2023-01-12T00:00:00+00:00
[2023-01-12T07:27:07.167+0000] {processor.py:175} INFO - Processing /home/airflow/.local/lib/python3.7/site-packages/airflow/example_dags/example_bash_operator.py took 0.134 seconds
[2023-01-12T07:27:38.097+0000] {processor.py:153} INFO - Started process (PID=132) to work on /home/airflow/.local/lib/python3.7/site-packages/airflow/example_dags/example_bash_operator.py
[2023-01-12T07:27:38.099+0000] {processor.py:743} INFO - Processing file /home/airflow/.local/lib/python3.7/site-packages/airflow/example_dags/example_bash_operator.py for tasks to queue
[2023-01-12T07:27:38.101+0000] {logging_mixin.py:137} INFO - [2023-01-12T07:27:38.101+0000] {dagbag.py:538} INFO - Filling up the DagBag from /home/airflow/.local/lib/python3.7/site-packages/airflow/example_dags/example_bash_operator.py
[2023-01-12T07:27:38.119+0000] {processor.py:753} INFO - DAG(s) dict_keys(['example_bash_operator']) retrieved from /home/airflow/.local/lib/python3.7/site-packages/airflow/example_dags/example_bash_operator.py
[2023-01-12T07:27:38.161+0000] {logging_mixin.py:137} INFO - [2023-01-12T07:27:38.160+0000] {dag.py:2676} INFO - Sync 1 DAGs
[2023-01-12T07:27:38.181+0000] {logging_mixin.py:137} INFO - [2023-01-12T07:27:38.181+0000] {dag.py:3427} INFO - Setting next_dagrun for example_bash_operator to 2023-01-11T00:00:00+00:00, run_after=2023-01-12T00:00:00+00:00
[2023-01-12T07:27:38.196+0000] {processor.py:175} INFO - Processing /home/airflow/.local/lib/python3.7/site-packages/airflow/example_dags/example_bash_operator.py took 0.103 seconds
[2023-01-12T07:28:09.067+0000] {processor.py:153} INFO - Started process (PID=204) to work on /home/airflow/.local/lib/python3.7/site-packages/airflow/example_dags/example_bash_operator.py
[2023-01-12T07:28:09.069+0000] {processor.py:743} INFO - Processing file /home/airflow/.local/lib/python3.7/site-packages/airflow/example_dags/example_bash_operator.py for tasks to queue
[2023-01-12T07:28:09.070+0000] {logging_mixin.py:137} INFO - [2023-01-12T07:28:09.070+0000] {dagbag.py:538} INFO - Filling up the DagBag from /home/airflow/.local/lib/python3.7/site-packages/airflow/example_dags/example_bash_operator.py
[2023-01-12T07:28:09.090+0000] {processor.py:753} INFO - DAG(s) dict_keys(['example_bash_operator']) retrieved from /home/airflow/.local/lib/python3.7/site-packages/airflow/example_dags/example_bash_operator.py
[2023-01-12T07:28:09.129+0000] {logging_mixin.py:137} INFO - [2023-01-12T07:28:09.129+0000] {dag.py:2676} INFO - Sync 1 DAGs
[2023-01-12T07:28:09.148+0000] {logging_mixin.py:137} INFO - [2023-01-12T07:28:09.147+0000] {dag.py:3427} INFO - Setting next_dagrun for example_bash_operator to 2023-01-11T00:00:00+00:00, run_after=2023-01-12T00:00:00+00:00
[2023-01-12T07:28:09.160+0000] {processor.py:175} INFO - Processing /home/airflow/.local/lib/python3.7/site-packages/airflow/example_dags/example_bash_operator.py took 0.098 seconds
[2023-01-12T07:28:39.594+0000] {processor.py:153} INFO - Started process (PID=266) to work on /home/airflow/.local/lib/python3.7/site-packages/airflow/example_dags/example_bash_operator.py
[2023-01-12T07:28:39.600+0000] {processor.py:743} INFO - Processing file /home/airflow/.local/lib/python3.7/site-packages/airflow/example_dags/example_bash_operator.py for tasks to queue
[2023-01-12T07:28:39.603+0000] {logging_mixin.py:137} INFO - [2023-01-12T07:28:39.603+0000] {dagbag.py:538} INFO - Filling up the DagBag from /home/airflow/.local/lib/python3.7/site-packages/airflow/example_dags/example_bash_operator.py
[2023-01-12T07:28:39.625+0000] {processor.py:753} INFO - DAG(s) dict_keys(['example_bash_operator']) retrieved from /home/airflow/.local/lib/python3.7/site-packages/airflow/example_dags/example_bash_operator.py
[2023-01-12T07:28:39.668+0000] {logging_mixin.py:137} INFO - [2023-01-12T07:28:39.668+0000] {dag.py:2676} INFO - Sync 1 DAGs
[2023-01-12T07:28:39.696+0000] {logging_mixin.py:137} INFO - [2023-01-12T07:28:39.695+0000] {dag.py:3427} INFO - Setting next_dagrun for example_bash_operator to 2023-01-11T00:00:00+00:00, run_after=2023-01-12T00:00:00+00:00
[2023-01-12T07:28:39.728+0000] {processor.py:175} INFO - Processing /home/airflow/.local/lib/python3.7/site-packages/airflow/example_dags/example_bash_operator.py took 0.138 seconds
[2023-01-12T07:29:10.306+0000] {processor.py:153} INFO - Started process (PID=340) to work on /home/airflow/.local/lib/python3.7/site-packages/airflow/example_dags/example_bash_operator.py
[2023-01-12T07:29:10.309+0000] {processor.py:743} INFO - Processing file /home/airflow/.local/lib/python3.7/site-packages/airflow/example_dags/example_bash_operator.py for tasks to queue
[2023-01-12T07:29:10.311+0000] {logging_mixin.py:137} INFO - [2023-01-12T07:29:10.311+0000] {dagbag.py:538} INFO - Filling up the DagBag from /home/airflow/.local/lib/python3.7/site-packages/airflow/example_dags/example_bash_operator.py
[2023-01-12T07:29:10.332+0000] {processor.py:753} INFO - DAG(s) dict_keys(['example_bash_operator']) retrieved from /home/airflow/.local/lib/python3.7/site-packages/airflow/example_dags/example_bash_operator.py
[2023-01-12T07:29:10.368+0000] {logging_mixin.py:137} INFO - [2023-01-12T07:29:10.368+0000] {dag.py:2676} INFO - Sync 1 DAGs
[2023-01-12T07:29:10.386+0000] {logging_mixin.py:137} INFO - [2023-01-12T07:29:10.386+0000] {dag.py:3427} INFO - Setting next_dagrun for example_bash_operator to 2023-01-11T00:00:00+00:00, run_after=2023-01-12T00:00:00+00:00
[2023-01-12T07:29:10.400+0000] {processor.py:175} INFO - Processing /home/airflow/.local/lib/python3.7/site-packages/airflow/example_dags/example_bash_operator.py took 0.097 seconds
[2023-01-12T07:29:40.959+0000] {processor.py:153} INFO - Started process (PID=414) to work on /home/airflow/.local/lib/python3.7/site-packages/airflow/example_dags/example_bash_operator.py
[2023-01-12T07:29:40.962+0000] {processor.py:743} INFO - Processing file /home/airflow/.local/lib/python3.7/site-packages/airflow/example_dags/example_bash_operator.py for tasks to queue
[2023-01-12T07:29:40.965+0000] {logging_mixin.py:137} INFO - [2023-01-12T07:29:40.965+0000] {dagbag.py:538} INFO - Filling up the DagBag from /home/airflow/.local/lib/python3.7/site-packages/airflow/example_dags/example_bash_operator.py
[2023-01-12T07:29:40.989+0000] {processor.py:753} INFO - DAG(s) dict_keys(['example_bash_operator']) retrieved from /home/airflow/.local/lib/python3.7/site-packages/airflow/example_dags/example_bash_operator.py
[2023-01-12T07:29:41.046+0000] {logging_mixin.py:137} INFO - [2023-01-12T07:29:41.046+0000] {dag.py:2676} INFO - Sync 1 DAGs
[2023-01-12T07:29:41.087+0000] {logging_mixin.py:137} INFO - [2023-01-12T07:29:41.087+0000] {dag.py:3427} INFO - Setting next_dagrun for example_bash_operator to 2023-01-11T00:00:00+00:00, run_after=2023-01-12T00:00:00+00:00
[2023-01-12T07:29:41.115+0000] {processor.py:175} INFO - Processing /home/airflow/.local/lib/python3.7/site-packages/airflow/example_dags/example_bash_operator.py took 0.162 seconds
[2023-01-12T07:30:11.686+0000] {processor.py:153} INFO - Started process (PID=477) to work on /home/airflow/.local/lib/python3.7/site-packages/airflow/example_dags/example_bash_operator.py
[2023-01-12T07:30:11.690+0000] {processor.py:743} INFO - Processing file /home/airflow/.local/lib/python3.7/site-packages/airflow/example_dags/example_bash_operator.py for tasks to queue
[2023-01-12T07:30:11.692+0000] {logging_mixin.py:137} INFO - [2023-01-12T07:30:11.691+0000] {dagbag.py:538} INFO - Filling up the DagBag from /home/airflow/.local/lib/python3.7/site-packages/airflow/example_dags/example_bash_operator.py
[2023-01-12T07:30:11.710+0000] {processor.py:753} INFO - DAG(s) dict_keys(['example_bash_operator']) retrieved from /home/airflow/.local/lib/python3.7/site-packages/airflow/example_dags/example_bash_operator.py
[2023-01-12T07:30:11.745+0000] {logging_mixin.py:137} INFO - [2023-01-12T07:30:11.745+0000] {dag.py:2676} INFO - Sync 1 DAGs
[2023-01-12T07:30:11.764+0000] {logging_mixin.py:137} INFO - [2023-01-12T07:30:11.764+0000] {dag.py:3427} INFO - Setting next_dagrun for example_bash_operator to 2023-01-11T00:00:00+00:00, run_after=2023-01-12T00:00:00+00:00
[2023-01-12T07:30:11.779+0000] {processor.py:175} INFO - Processing /home/airflow/.local/lib/python3.7/site-packages/airflow/example_dags/example_bash_operator.py took 0.099 seconds
[2023-01-12T07:30:42.463+0000] {processor.py:153} INFO - Started process (PID=552) to work on /home/airflow/.local/lib/python3.7/site-packages/airflow/example_dags/example_bash_operator.py
[2023-01-12T07:30:42.466+0000] {processor.py:743} INFO - Processing file /home/airflow/.local/lib/python3.7/site-packages/airflow/example_dags/example_bash_operator.py for tasks to queue
[2023-01-12T07:30:42.470+0000] {logging_mixin.py:137} INFO - [2023-01-12T07:30:42.469+0000] {dagbag.py:538} INFO - Filling up the DagBag from /home/airflow/.local/lib/python3.7/site-packages/airflow/example_dags/example_bash_operator.py
[2023-01-12T07:30:42.489+0000] {processor.py:753} INFO - DAG(s) dict_keys(['example_bash_operator']) retrieved from /home/airflow/.local/lib/python3.7/site-packages/airflow/example_dags/example_bash_operator.py
[2023-01-12T07:30:42.526+0000] {logging_mixin.py:137} INFO - [2023-01-12T07:30:42.526+0000] {dag.py:2676} INFO - Sync 1 DAGs
[2023-01-12T07:30:42.546+0000] {logging_mixin.py:137} INFO - [2023-01-12T07:30:42.546+0000] {dag.py:3427} INFO - Setting next_dagrun for example_bash_operator to 2023-01-11T00:00:00+00:00, run_after=2023-01-12T00:00:00+00:00
[2023-01-12T07:30:42.560+0000] {processor.py:175} INFO - Processing /home/airflow/.local/lib/python3.7/site-packages/airflow/example_dags/example_bash_operator.py took 0.100 seconds
[2023-01-12T07:31:12.988+0000] {processor.py:153} INFO - Started process (PID=613) to work on /home/airflow/.local/lib/python3.7/site-packages/airflow/example_dags/example_bash_operator.py
[2023-01-12T07:31:12.991+0000] {processor.py:743} INFO - Processing file /home/airflow/.local/lib/python3.7/site-packages/airflow/example_dags/example_bash_operator.py for tasks to queue
[2023-01-12T07:31:12.995+0000] {logging_mixin.py:137} INFO - [2023-01-12T07:31:12.995+0000] {dagbag.py:538} INFO - Filling up the DagBag from /home/airflow/.local/lib/python3.7/site-packages/airflow/example_dags/example_bash_operator.py
[2023-01-12T07:31:13.016+0000] {processor.py:753} INFO - DAG(s) dict_keys(['example_bash_operator']) retrieved from /home/airflow/.local/lib/python3.7/site-packages/airflow/example_dags/example_bash_operator.py
[2023-01-12T07:31:13.067+0000] {logging_mixin.py:137} INFO - [2023-01-12T07:31:13.067+0000] {dag.py:2676} INFO - Sync 1 DAGs
[2023-01-12T07:31:13.093+0000] {logging_mixin.py:137} INFO - [2023-01-12T07:31:13.093+0000] {dag.py:3427} INFO - Setting next_dagrun for example_bash_operator to 2023-01-11T00:00:00+00:00, run_after=2023-01-12T00:00:00+00:00
[2023-01-12T07:31:13.114+0000] {processor.py:175} INFO - Processing /home/airflow/.local/lib/python3.7/site-packages/airflow/example_dags/example_bash_operator.py took 0.129 seconds
[2023-01-12T07:31:43.784+0000] {processor.py:153} INFO - Started process (PID=687) to work on /home/airflow/.local/lib/python3.7/site-packages/airflow/example_dags/example_bash_operator.py
[2023-01-12T07:31:43.788+0000] {processor.py:743} INFO - Processing file /home/airflow/.local/lib/python3.7/site-packages/airflow/example_dags/example_bash_operator.py for tasks to queue
[2023-01-12T07:31:43.791+0000] {logging_mixin.py:137} INFO - [2023-01-12T07:31:43.790+0000] {dagbag.py:538} INFO - Filling up the DagBag from /home/airflow/.local/lib/python3.7/site-packages/airflow/example_dags/example_bash_operator.py
[2023-01-12T07:31:43.811+0000] {processor.py:753} INFO - DAG(s) dict_keys(['example_bash_operator']) retrieved from /home/airflow/.local/lib/python3.7/site-packages/airflow/example_dags/example_bash_operator.py
[2023-01-12T07:31:43.847+0000] {logging_mixin.py:137} INFO - [2023-01-12T07:31:43.847+0000] {dag.py:2676} INFO - Sync 1 DAGs
[2023-01-12T07:31:43.866+0000] {logging_mixin.py:137} INFO - [2023-01-12T07:31:43.866+0000] {dag.py:3427} INFO - Setting next_dagrun for example_bash_operator to 2023-01-11T00:00:00+00:00, run_after=2023-01-12T00:00:00+00:00
[2023-01-12T07:31:43.880+0000] {processor.py:175} INFO - Processing /home/airflow/.local/lib/python3.7/site-packages/airflow/example_dags/example_bash_operator.py took 0.103 seconds
[2023-01-12T07:32:14.686+0000] {processor.py:153} INFO - Started process (PID=761) to work on /home/airflow/.local/lib/python3.7/site-packages/airflow/example_dags/example_bash_operator.py
[2023-01-12T07:32:14.691+0000] {processor.py:743} INFO - Processing file /home/airflow/.local/lib/python3.7/site-packages/airflow/example_dags/example_bash_operator.py for tasks to queue
[2023-01-12T07:32:14.693+0000] {logging_mixin.py:137} INFO - [2023-01-12T07:32:14.693+0000] {dagbag.py:538} INFO - Filling up the DagBag from /home/airflow/.local/lib/python3.7/site-packages/airflow/example_dags/example_bash_operator.py
[2023-01-12T07:32:14.718+0000] {processor.py:753} INFO - DAG(s) dict_keys(['example_bash_operator']) retrieved from /home/airflow/.local/lib/python3.7/site-packages/airflow/example_dags/example_bash_operator.py
[2023-01-12T07:32:14.755+0000] {logging_mixin.py:137} INFO - [2023-01-12T07:32:14.755+0000] {dag.py:2676} INFO - Sync 1 DAGs
[2023-01-12T07:32:14.774+0000] {logging_mixin.py:137} INFO - [2023-01-12T07:32:14.774+0000] {dag.py:3427} INFO - Setting next_dagrun for example_bash_operator to 2023-01-11T00:00:00+00:00, run_after=2023-01-12T00:00:00+00:00
[2023-01-12T07:32:14.790+0000] {processor.py:175} INFO - Processing /home/airflow/.local/lib/python3.7/site-packages/airflow/example_dags/example_bash_operator.py took 0.111 seconds
[2023-01-12T07:32:45.209+0000] {processor.py:153} INFO - Started process (PID=822) to work on /home/airflow/.local/lib/python3.7/site-packages/airflow/example_dags/example_bash_operator.py
[2023-01-12T07:32:45.214+0000] {processor.py:743} INFO - Processing file /home/airflow/.local/lib/python3.7/site-packages/airflow/example_dags/example_bash_operator.py for tasks to queue
[2023-01-12T07:32:45.217+0000] {logging_mixin.py:137} INFO - [2023-01-12T07:32:45.216+0000] {dagbag.py:538} INFO - Filling up the DagBag from /home/airflow/.local/lib/python3.7/site-packages/airflow/example_dags/example_bash_operator.py
[2023-01-12T07:32:45.239+0000] {processor.py:753} INFO - DAG(s) dict_keys(['example_bash_operator']) retrieved from /home/airflow/.local/lib/python3.7/site-packages/airflow/example_dags/example_bash_operator.py
[2023-01-12T07:32:45.276+0000] {logging_mixin.py:137} INFO - [2023-01-12T07:32:45.276+0000] {dag.py:2676} INFO - Sync 1 DAGs
[2023-01-12T07:32:45.295+0000] {logging_mixin.py:137} INFO - [2023-01-12T07:32:45.295+0000] {dag.py:3427} INFO - Setting next_dagrun for example_bash_operator to 2023-01-11T00:00:00+00:00, run_after=2023-01-12T00:00:00+00:00
[2023-01-12T07:32:45.309+0000] {processor.py:175} INFO - Processing /home/airflow/.local/lib/python3.7/site-packages/airflow/example_dags/example_bash_operator.py took 0.106 seconds
[2023-01-12T07:33:15.709+0000] {processor.py:153} INFO - Started process (PID=895) to work on /home/airflow/.local/lib/python3.7/site-packages/airflow/example_dags/example_bash_operator.py
[2023-01-12T07:33:15.713+0000] {processor.py:743} INFO - Processing file /home/airflow/.local/lib/python3.7/site-packages/airflow/example_dags/example_bash_operator.py for tasks to queue
[2023-01-12T07:33:15.716+0000] {logging_mixin.py:137} INFO - [2023-01-12T07:33:15.716+0000] {dagbag.py:538} INFO - Filling up the DagBag from /home/airflow/.local/lib/python3.7/site-packages/airflow/example_dags/example_bash_operator.py
[2023-01-12T07:33:15.735+0000] {processor.py:753} INFO - DAG(s) dict_keys(['example_bash_operator']) retrieved from /home/airflow/.local/lib/python3.7/site-packages/airflow/example_dags/example_bash_operator.py
[2023-01-12T07:33:15.772+0000] {logging_mixin.py:137} INFO - [2023-01-12T07:33:15.771+0000] {dag.py:2676} INFO - Sync 1 DAGs
[2023-01-12T07:33:15.792+0000] {logging_mixin.py:137} INFO - [2023-01-12T07:33:15.792+0000] {dag.py:3427} INFO - Setting next_dagrun for example_bash_operator to 2023-01-11T00:00:00+00:00, run_after=2023-01-12T00:00:00+00:00
[2023-01-12T07:33:15.806+0000] {processor.py:175} INFO - Processing /home/airflow/.local/lib/python3.7/site-packages/airflow/example_dags/example_bash_operator.py took 0.104 seconds
[2023-01-12T07:33:46.363+0000] {processor.py:153} INFO - Started process (PID=969) to work on /home/airflow/.local/lib/python3.7/site-packages/airflow/example_dags/example_bash_operator.py
[2023-01-12T07:33:46.365+0000] {processor.py:743} INFO - Processing file /home/airflow/.local/lib/python3.7/site-packages/airflow/example_dags/example_bash_operator.py for tasks to queue
[2023-01-12T07:33:46.366+0000] {logging_mixin.py:137} INFO - [2023-01-12T07:33:46.366+0000] {dagbag.py:538} INFO - Filling up the DagBag from /home/airflow/.local/lib/python3.7/site-packages/airflow/example_dags/example_bash_operator.py
[2023-01-12T07:33:46.385+0000] {processor.py:753} INFO - DAG(s) dict_keys(['example_bash_operator']) retrieved from /home/airflow/.local/lib/python3.7/site-packages/airflow/example_dags/example_bash_operator.py
[2023-01-12T07:33:46.424+0000] {logging_mixin.py:137} INFO - [2023-01-12T07:33:46.424+0000] {dag.py:2676} INFO - Sync 1 DAGs
[2023-01-12T07:33:46.443+0000] {logging_mixin.py:137} INFO - [2023-01-12T07:33:46.443+0000] {dag.py:3427} INFO - Setting next_dagrun for example_bash_operator to 2023-01-11T00:00:00+00:00, run_after=2023-01-12T00:00:00+00:00
[2023-01-12T07:33:46.458+0000] {processor.py:175} INFO - Processing /home/airflow/.local/lib/python3.7/site-packages/airflow/example_dags/example_bash_operator.py took 0.098 seconds
[2023-01-12T07:34:17.308+0000] {processor.py:153} INFO - Started process (PID=1029) to work on /home/airflow/.local/lib/python3.7/site-packages/airflow/example_dags/example_bash_operator.py
[2023-01-12T07:34:17.310+0000] {processor.py:743} INFO - Processing file /home/airflow/.local/lib/python3.7/site-packages/airflow/example_dags/example_bash_operator.py for tasks to queue
[2023-01-12T07:34:17.313+0000] {logging_mixin.py:137} INFO - [2023-01-12T07:34:17.313+0000] {dagbag.py:538} INFO - Filling up the DagBag from /home/airflow/.local/lib/python3.7/site-packages/airflow/example_dags/example_bash_operator.py
[2023-01-12T07:34:17.334+0000] {processor.py:753} INFO - DAG(s) dict_keys(['example_bash_operator']) retrieved from /home/airflow/.local/lib/python3.7/site-packages/airflow/example_dags/example_bash_operator.py
[2023-01-12T07:34:17.375+0000] {logging_mixin.py:137} INFO - [2023-01-12T07:34:17.375+0000] {dag.py:2676} INFO - Sync 1 DAGs
[2023-01-12T07:34:17.394+0000] {logging_mixin.py:137} INFO - [2023-01-12T07:34:17.394+0000] {dag.py:3427} INFO - Setting next_dagrun for example_bash_operator to 2023-01-11T00:00:00+00:00, run_after=2023-01-12T00:00:00+00:00
[2023-01-12T07:34:17.409+0000] {processor.py:175} INFO - Processing /home/airflow/.local/lib/python3.7/site-packages/airflow/example_dags/example_bash_operator.py took 0.108 seconds
[2023-01-12T07:34:47.901+0000] {processor.py:153} INFO - Started process (PID=1102) to work on /home/airflow/.local/lib/python3.7/site-packages/airflow/example_dags/example_bash_operator.py
[2023-01-12T07:34:47.906+0000] {processor.py:743} INFO - Processing file /home/airflow/.local/lib/python3.7/site-packages/airflow/example_dags/example_bash_operator.py for tasks to queue
[2023-01-12T07:34:47.908+0000] {logging_mixin.py:137} INFO - [2023-01-12T07:34:47.908+0000] {dagbag.py:538} INFO - Filling up the DagBag from /home/airflow/.local/lib/python3.7/site-packages/airflow/example_dags/example_bash_operator.py
[2023-01-12T07:34:47.928+0000] {processor.py:753} INFO - DAG(s) dict_keys(['example_bash_operator']) retrieved from /home/airflow/.local/lib/python3.7/site-packages/airflow/example_dags/example_bash_operator.py
[2023-01-12T07:34:47.965+0000] {logging_mixin.py:137} INFO - [2023-01-12T07:34:47.964+0000] {dag.py:2676} INFO - Sync 1 DAGs
[2023-01-12T07:34:47.983+0000] {logging_mixin.py:137} INFO - [2023-01-12T07:34:47.983+0000] {dag.py:3427} INFO - Setting next_dagrun for example_bash_operator to 2023-01-11T00:00:00+00:00, run_after=2023-01-12T00:00:00+00:00
[2023-01-12T07:34:47.999+0000] {processor.py:175} INFO - Processing /home/airflow/.local/lib/python3.7/site-packages/airflow/example_dags/example_bash_operator.py took 0.103 seconds
[2023-01-12T07:35:18.796+0000] {processor.py:153} INFO - Started process (PID=1172) to work on /home/airflow/.local/lib/python3.7/site-packages/airflow/example_dags/example_bash_operator.py
[2023-01-12T07:35:18.798+0000] {processor.py:743} INFO - Processing file /home/airflow/.local/lib/python3.7/site-packages/airflow/example_dags/example_bash_operator.py for tasks to queue
[2023-01-12T07:35:18.800+0000] {logging_mixin.py:137} INFO - [2023-01-12T07:35:18.800+0000] {dagbag.py:538} INFO - Filling up the DagBag from /home/airflow/.local/lib/python3.7/site-packages/airflow/example_dags/example_bash_operator.py
[2023-01-12T07:35:18.821+0000] {processor.py:753} INFO - DAG(s) dict_keys(['example_bash_operator']) retrieved from /home/airflow/.local/lib/python3.7/site-packages/airflow/example_dags/example_bash_operator.py
[2023-01-12T07:35:18.861+0000] {logging_mixin.py:137} INFO - [2023-01-12T07:35:18.861+0000] {dag.py:2676} INFO - Sync 1 DAGs
[2023-01-12T07:35:18.905+0000] {logging_mixin.py:137} INFO - [2023-01-12T07:35:18.905+0000] {dag.py:3427} INFO - Setting next_dagrun for example_bash_operator to 2023-01-11T00:00:00+00:00, run_after=2023-01-12T00:00:00+00:00
[2023-01-12T07:35:18.964+0000] {processor.py:175} INFO - Processing /home/airflow/.local/lib/python3.7/site-packages/airflow/example_dags/example_bash_operator.py took 0.171 seconds
[2023-01-12T07:35:49.640+0000] {processor.py:153} INFO - Started process (PID=1237) to work on /home/airflow/.local/lib/python3.7/site-packages/airflow/example_dags/example_bash_operator.py
[2023-01-12T07:35:49.642+0000] {processor.py:743} INFO - Processing file /home/airflow/.local/lib/python3.7/site-packages/airflow/example_dags/example_bash_operator.py for tasks to queue
[2023-01-12T07:35:49.645+0000] {logging_mixin.py:137} INFO - [2023-01-12T07:35:49.644+0000] {dagbag.py:538} INFO - Filling up the DagBag from /home/airflow/.local/lib/python3.7/site-packages/airflow/example_dags/example_bash_operator.py
[2023-01-12T07:35:49.664+0000] {processor.py:753} INFO - DAG(s) dict_keys(['example_bash_operator']) retrieved from /home/airflow/.local/lib/python3.7/site-packages/airflow/example_dags/example_bash_operator.py
[2023-01-12T07:35:49.700+0000] {logging_mixin.py:137} INFO - [2023-01-12T07:35:49.700+0000] {dag.py:2676} INFO - Sync 1 DAGs
[2023-01-12T07:35:49.721+0000] {logging_mixin.py:137} INFO - [2023-01-12T07:35:49.721+0000] {dag.py:3427} INFO - Setting next_dagrun for example_bash_operator to 2023-01-11T00:00:00+00:00, run_after=2023-01-12T00:00:00+00:00
[2023-01-12T07:35:49.737+0000] {processor.py:175} INFO - Processing /home/airflow/.local/lib/python3.7/site-packages/airflow/example_dags/example_bash_operator.py took 0.100 seconds
[2023-01-12T07:36:20.340+0000] {processor.py:153} INFO - Started process (PID=1312) to work on /home/airflow/.local/lib/python3.7/site-packages/airflow/example_dags/example_bash_operator.py
[2023-01-12T07:36:20.347+0000] {processor.py:743} INFO - Processing file /home/airflow/.local/lib/python3.7/site-packages/airflow/example_dags/example_bash_operator.py for tasks to queue
[2023-01-12T07:36:20.349+0000] {logging_mixin.py:137} INFO - [2023-01-12T07:36:20.349+0000] {dagbag.py:538} INFO - Filling up the DagBag from /home/airflow/.local/lib/python3.7/site-packages/airflow/example_dags/example_bash_operator.py
[2023-01-12T07:36:20.373+0000] {processor.py:753} INFO - DAG(s) dict_keys(['example_bash_operator']) retrieved from /home/airflow/.local/lib/python3.7/site-packages/airflow/example_dags/example_bash_operator.py
[2023-01-12T07:36:20.412+0000] {logging_mixin.py:137} INFO - [2023-01-12T07:36:20.412+0000] {dag.py:2676} INFO - Sync 1 DAGs
[2023-01-12T07:36:20.430+0000] {logging_mixin.py:137} INFO - [2023-01-12T07:36:20.429+0000] {dag.py:3427} INFO - Setting next_dagrun for example_bash_operator to 2023-01-11T00:00:00+00:00, run_after=2023-01-12T00:00:00+00:00
[2023-01-12T07:36:20.445+0000] {processor.py:175} INFO - Processing /home/airflow/.local/lib/python3.7/site-packages/airflow/example_dags/example_bash_operator.py took 0.111 seconds
[2023-01-12T07:37:20.336+0000] {processor.py:153} INFO - Started process (PID=58) to work on /home/airflow/.local/lib/python3.7/site-packages/airflow/example_dags/example_bash_operator.py
[2023-01-12T07:37:20.338+0000] {processor.py:743} INFO - Processing file /home/airflow/.local/lib/python3.7/site-packages/airflow/example_dags/example_bash_operator.py for tasks to queue
[2023-01-12T07:37:20.340+0000] {logging_mixin.py:137} INFO - [2023-01-12T07:37:20.340+0000] {dagbag.py:538} INFO - Filling up the DagBag from /home/airflow/.local/lib/python3.7/site-packages/airflow/example_dags/example_bash_operator.py
[2023-01-12T07:37:20.381+0000] {processor.py:753} INFO - DAG(s) dict_keys(['example_bash_operator']) retrieved from /home/airflow/.local/lib/python3.7/site-packages/airflow/example_dags/example_bash_operator.py
[2023-01-12T07:37:20.404+0000] {logging_mixin.py:137} INFO - [2023-01-12T07:37:20.404+0000] {dag.py:2676} INFO - Sync 1 DAGs
[2023-01-12T07:37:20.434+0000] {logging_mixin.py:137} INFO - [2023-01-12T07:37:20.434+0000] {dag.py:3427} INFO - Setting next_dagrun for example_bash_operator to 2023-01-11T00:00:00+00:00, run_after=2023-01-12T00:00:00+00:00
[2023-01-12T07:37:20.454+0000] {processor.py:175} INFO - Processing /home/airflow/.local/lib/python3.7/site-packages/airflow/example_dags/example_bash_operator.py took 0.121 seconds
[2023-01-12T07:37:50.802+0000] {processor.py:153} INFO - Started process (PID=132) to work on /home/airflow/.local/lib/python3.7/site-packages/airflow/example_dags/example_bash_operator.py
[2023-01-12T07:37:50.804+0000] {processor.py:743} INFO - Processing file /home/airflow/.local/lib/python3.7/site-packages/airflow/example_dags/example_bash_operator.py for tasks to queue
[2023-01-12T07:37:50.805+0000] {logging_mixin.py:137} INFO - [2023-01-12T07:37:50.805+0000] {dagbag.py:538} INFO - Filling up the DagBag from /home/airflow/.local/lib/python3.7/site-packages/airflow/example_dags/example_bash_operator.py
[2023-01-12T07:37:50.824+0000] {processor.py:753} INFO - DAG(s) dict_keys(['example_bash_operator']) retrieved from /home/airflow/.local/lib/python3.7/site-packages/airflow/example_dags/example_bash_operator.py
[2023-01-12T07:37:50.857+0000] {logging_mixin.py:137} INFO - [2023-01-12T07:37:50.856+0000] {dag.py:2676} INFO - Sync 1 DAGs
[2023-01-12T07:37:50.875+0000] {logging_mixin.py:137} INFO - [2023-01-12T07:37:50.875+0000] {dag.py:3427} INFO - Setting next_dagrun for example_bash_operator to 2023-01-11T00:00:00+00:00, run_after=2023-01-12T00:00:00+00:00
[2023-01-12T07:37:50.888+0000] {processor.py:175} INFO - Processing /home/airflow/.local/lib/python3.7/site-packages/airflow/example_dags/example_bash_operator.py took 0.088 seconds
[2023-01-12T07:38:21.751+0000] {processor.py:153} INFO - Started process (PID=206) to work on /home/airflow/.local/lib/python3.7/site-packages/airflow/example_dags/example_bash_operator.py
[2023-01-12T07:38:21.753+0000] {processor.py:743} INFO - Processing file /home/airflow/.local/lib/python3.7/site-packages/airflow/example_dags/example_bash_operator.py for tasks to queue
[2023-01-12T07:38:21.755+0000] {logging_mixin.py:137} INFO - [2023-01-12T07:38:21.755+0000] {dagbag.py:538} INFO - Filling up the DagBag from /home/airflow/.local/lib/python3.7/site-packages/airflow/example_dags/example_bash_operator.py
[2023-01-12T07:38:21.778+0000] {processor.py:753} INFO - DAG(s) dict_keys(['example_bash_operator']) retrieved from /home/airflow/.local/lib/python3.7/site-packages/airflow/example_dags/example_bash_operator.py
[2023-01-12T07:38:21.822+0000] {logging_mixin.py:137} INFO - [2023-01-12T07:38:21.822+0000] {dag.py:2676} INFO - Sync 1 DAGs
[2023-01-12T07:38:21.848+0000] {logging_mixin.py:137} INFO - [2023-01-12T07:38:21.848+0000] {dag.py:3427} INFO - Setting next_dagrun for example_bash_operator to 2023-01-11T00:00:00+00:00, run_after=2023-01-12T00:00:00+00:00
[2023-01-12T07:38:21.867+0000] {processor.py:175} INFO - Processing /home/airflow/.local/lib/python3.7/site-packages/airflow/example_dags/example_bash_operator.py took 0.122 seconds
[2023-01-12T07:38:52.274+0000] {processor.py:153} INFO - Started process (PID=269) to work on /home/airflow/.local/lib/python3.7/site-packages/airflow/example_dags/example_bash_operator.py
[2023-01-12T07:38:52.276+0000] {processor.py:743} INFO - Processing file /home/airflow/.local/lib/python3.7/site-packages/airflow/example_dags/example_bash_operator.py for tasks to queue
[2023-01-12T07:38:52.278+0000] {logging_mixin.py:137} INFO - [2023-01-12T07:38:52.277+0000] {dagbag.py:538} INFO - Filling up the DagBag from /home/airflow/.local/lib/python3.7/site-packages/airflow/example_dags/example_bash_operator.py
[2023-01-12T07:38:52.295+0000] {processor.py:753} INFO - DAG(s) dict_keys(['example_bash_operator']) retrieved from /home/airflow/.local/lib/python3.7/site-packages/airflow/example_dags/example_bash_operator.py
[2023-01-12T07:38:52.335+0000] {logging_mixin.py:137} INFO - [2023-01-12T07:38:52.334+0000] {dag.py:2676} INFO - Sync 1 DAGs
[2023-01-12T07:38:52.354+0000] {logging_mixin.py:137} INFO - [2023-01-12T07:38:52.354+0000] {dag.py:3427} INFO - Setting next_dagrun for example_bash_operator to 2023-01-11T00:00:00+00:00, run_after=2023-01-12T00:00:00+00:00
[2023-01-12T07:38:52.370+0000] {processor.py:175} INFO - Processing /home/airflow/.local/lib/python3.7/site-packages/airflow/example_dags/example_bash_operator.py took 0.098 seconds
[2023-01-12T07:39:22.875+0000] {processor.py:153} INFO - Started process (PID=343) to work on /home/airflow/.local/lib/python3.7/site-packages/airflow/example_dags/example_bash_operator.py
[2023-01-12T07:39:22.877+0000] {processor.py:743} INFO - Processing file /home/airflow/.local/lib/python3.7/site-packages/airflow/example_dags/example_bash_operator.py for tasks to queue
[2023-01-12T07:39:22.878+0000] {logging_mixin.py:137} INFO - [2023-01-12T07:39:22.878+0000] {dagbag.py:538} INFO - Filling up the DagBag from /home/airflow/.local/lib/python3.7/site-packages/airflow/example_dags/example_bash_operator.py
[2023-01-12T07:39:22.895+0000] {processor.py:753} INFO - DAG(s) dict_keys(['example_bash_operator']) retrieved from /home/airflow/.local/lib/python3.7/site-packages/airflow/example_dags/example_bash_operator.py
[2023-01-12T07:39:22.932+0000] {logging_mixin.py:137} INFO - [2023-01-12T07:39:22.932+0000] {dag.py:2676} INFO - Sync 1 DAGs
[2023-01-12T07:39:22.952+0000] {logging_mixin.py:137} INFO - [2023-01-12T07:39:22.952+0000] {dag.py:3427} INFO - Setting next_dagrun for example_bash_operator to 2023-01-11T00:00:00+00:00, run_after=2023-01-12T00:00:00+00:00
[2023-01-12T07:39:22.970+0000] {processor.py:175} INFO - Processing /home/airflow/.local/lib/python3.7/site-packages/airflow/example_dags/example_bash_operator.py took 0.098 seconds
[2023-01-12T07:40:37.663+0000] {processor.py:153} INFO - Started process (PID=58) to work on /home/airflow/.local/lib/python3.7/site-packages/airflow/example_dags/example_bash_operator.py
[2023-01-12T07:40:37.665+0000] {processor.py:743} INFO - Processing file /home/airflow/.local/lib/python3.7/site-packages/airflow/example_dags/example_bash_operator.py for tasks to queue
[2023-01-12T07:40:37.668+0000] {logging_mixin.py:137} INFO - [2023-01-12T07:40:37.668+0000] {dagbag.py:538} INFO - Filling up the DagBag from /home/airflow/.local/lib/python3.7/site-packages/airflow/example_dags/example_bash_operator.py
[2023-01-12T07:40:37.699+0000] {processor.py:753} INFO - DAG(s) dict_keys(['example_bash_operator']) retrieved from /home/airflow/.local/lib/python3.7/site-packages/airflow/example_dags/example_bash_operator.py
[2023-01-12T07:40:37.757+0000] {logging_mixin.py:137} INFO - [2023-01-12T07:40:37.757+0000] {dag.py:2676} INFO - Sync 1 DAGs
[2023-01-12T07:40:37.780+0000] {logging_mixin.py:137} INFO - [2023-01-12T07:40:37.780+0000] {dag.py:3427} INFO - Setting next_dagrun for example_bash_operator to 2023-01-11T00:00:00+00:00, run_after=2023-01-12T00:00:00+00:00
[2023-01-12T07:40:37.801+0000] {processor.py:175} INFO - Processing /home/airflow/.local/lib/python3.7/site-packages/airflow/example_dags/example_bash_operator.py took 0.142 seconds
[2023-01-12T07:41:07.907+0000] {processor.py:153} INFO - Started process (PID=135) to work on /home/airflow/.local/lib/python3.7/site-packages/airflow/example_dags/example_bash_operator.py
[2023-01-12T07:41:07.909+0000] {processor.py:743} INFO - Processing file /home/airflow/.local/lib/python3.7/site-packages/airflow/example_dags/example_bash_operator.py for tasks to queue
[2023-01-12T07:41:07.911+0000] {logging_mixin.py:137} INFO - [2023-01-12T07:41:07.911+0000] {dagbag.py:538} INFO - Filling up the DagBag from /home/airflow/.local/lib/python3.7/site-packages/airflow/example_dags/example_bash_operator.py
[2023-01-12T07:41:07.930+0000] {processor.py:753} INFO - DAG(s) dict_keys(['example_bash_operator']) retrieved from /home/airflow/.local/lib/python3.7/site-packages/airflow/example_dags/example_bash_operator.py
[2023-01-12T07:41:07.966+0000] {logging_mixin.py:137} INFO - [2023-01-12T07:41:07.966+0000] {dag.py:2676} INFO - Sync 1 DAGs
[2023-01-12T07:41:07.986+0000] {logging_mixin.py:137} INFO - [2023-01-12T07:41:07.986+0000] {dag.py:3427} INFO - Setting next_dagrun for example_bash_operator to 2023-01-12T00:00:00+00:00, run_after=2023-01-13T00:00:00+00:00
[2023-01-12T07:41:08.000+0000] {processor.py:175} INFO - Processing /home/airflow/.local/lib/python3.7/site-packages/airflow/example_dags/example_bash_operator.py took 0.096 seconds
[2023-01-12T07:41:38.104+0000] {processor.py:153} INFO - Started process (PID=205) to work on /home/airflow/.local/lib/python3.7/site-packages/airflow/example_dags/example_bash_operator.py
[2023-01-12T07:41:38.106+0000] {processor.py:743} INFO - Processing file /home/airflow/.local/lib/python3.7/site-packages/airflow/example_dags/example_bash_operator.py for tasks to queue
[2023-01-12T07:41:38.107+0000] {logging_mixin.py:137} INFO - [2023-01-12T07:41:38.107+0000] {dagbag.py:538} INFO - Filling up the DagBag from /home/airflow/.local/lib/python3.7/site-packages/airflow/example_dags/example_bash_operator.py
[2023-01-12T07:41:38.125+0000] {processor.py:753} INFO - DAG(s) dict_keys(['example_bash_operator']) retrieved from /home/airflow/.local/lib/python3.7/site-packages/airflow/example_dags/example_bash_operator.py
[2023-01-12T07:41:38.162+0000] {logging_mixin.py:137} INFO - [2023-01-12T07:41:38.162+0000] {dag.py:2676} INFO - Sync 1 DAGs
[2023-01-12T07:41:38.182+0000] {logging_mixin.py:137} INFO - [2023-01-12T07:41:38.182+0000] {dag.py:3427} INFO - Setting next_dagrun for example_bash_operator to 2023-01-12T00:00:00+00:00, run_after=2023-01-13T00:00:00+00:00
[2023-01-12T07:41:38.197+0000] {processor.py:175} INFO - Processing /home/airflow/.local/lib/python3.7/site-packages/airflow/example_dags/example_bash_operator.py took 0.095 seconds
[2023-01-12T07:42:08.313+0000] {processor.py:153} INFO - Started process (PID=270) to work on /home/airflow/.local/lib/python3.7/site-packages/airflow/example_dags/example_bash_operator.py
[2023-01-12T07:42:08.315+0000] {processor.py:743} INFO - Processing file /home/airflow/.local/lib/python3.7/site-packages/airflow/example_dags/example_bash_operator.py for tasks to queue
[2023-01-12T07:42:08.317+0000] {logging_mixin.py:137} INFO - [2023-01-12T07:42:08.317+0000] {dagbag.py:538} INFO - Filling up the DagBag from /home/airflow/.local/lib/python3.7/site-packages/airflow/example_dags/example_bash_operator.py
[2023-01-12T07:42:08.333+0000] {processor.py:753} INFO - DAG(s) dict_keys(['example_bash_operator']) retrieved from /home/airflow/.local/lib/python3.7/site-packages/airflow/example_dags/example_bash_operator.py
[2023-01-12T07:42:08.368+0000] {logging_mixin.py:137} INFO - [2023-01-12T07:42:08.368+0000] {dag.py:2676} INFO - Sync 1 DAGs
[2023-01-12T07:42:08.386+0000] {logging_mixin.py:137} INFO - [2023-01-12T07:42:08.386+0000] {dag.py:3427} INFO - Setting next_dagrun for example_bash_operator to 2023-01-12T00:00:00+00:00, run_after=2023-01-13T00:00:00+00:00
[2023-01-12T07:42:08.400+0000] {processor.py:175} INFO - Processing /home/airflow/.local/lib/python3.7/site-packages/airflow/example_dags/example_bash_operator.py took 0.089 seconds
[2023-01-12T07:42:38.964+0000] {processor.py:153} INFO - Started process (PID=346) to work on /home/airflow/.local/lib/python3.7/site-packages/airflow/example_dags/example_bash_operator.py
[2023-01-12T07:42:38.966+0000] {processor.py:743} INFO - Processing file /home/airflow/.local/lib/python3.7/site-packages/airflow/example_dags/example_bash_operator.py for tasks to queue
[2023-01-12T07:42:38.968+0000] {logging_mixin.py:137} INFO - [2023-01-12T07:42:38.968+0000] {dagbag.py:538} INFO - Filling up the DagBag from /home/airflow/.local/lib/python3.7/site-packages/airflow/example_dags/example_bash_operator.py
[2023-01-12T07:42:38.987+0000] {processor.py:753} INFO - DAG(s) dict_keys(['example_bash_operator']) retrieved from /home/airflow/.local/lib/python3.7/site-packages/airflow/example_dags/example_bash_operator.py
[2023-01-12T07:42:39.027+0000] {logging_mixin.py:137} INFO - [2023-01-12T07:42:39.027+0000] {dag.py:2676} INFO - Sync 1 DAGs
[2023-01-12T07:42:39.047+0000] {logging_mixin.py:137} INFO - [2023-01-12T07:42:39.047+0000] {dag.py:3427} INFO - Setting next_dagrun for example_bash_operator to 2023-01-12T00:00:00+00:00, run_after=2023-01-13T00:00:00+00:00
[2023-01-12T07:42:39.063+0000] {processor.py:175} INFO - Processing /home/airflow/.local/lib/python3.7/site-packages/airflow/example_dags/example_bash_operator.py took 0.102 seconds
[2023-01-12T07:43:09.590+0000] {processor.py:153} INFO - Started process (PID=408) to work on /home/airflow/.local/lib/python3.7/site-packages/airflow/example_dags/example_bash_operator.py
[2023-01-12T07:43:09.592+0000] {processor.py:743} INFO - Processing file /home/airflow/.local/lib/python3.7/site-packages/airflow/example_dags/example_bash_operator.py for tasks to queue
[2023-01-12T07:43:09.594+0000] {logging_mixin.py:137} INFO - [2023-01-12T07:43:09.594+0000] {dagbag.py:538} INFO - Filling up the DagBag from /home/airflow/.local/lib/python3.7/site-packages/airflow/example_dags/example_bash_operator.py
[2023-01-12T07:43:09.610+0000] {processor.py:753} INFO - DAG(s) dict_keys(['example_bash_operator']) retrieved from /home/airflow/.local/lib/python3.7/site-packages/airflow/example_dags/example_bash_operator.py
[2023-01-12T07:43:09.644+0000] {logging_mixin.py:137} INFO - [2023-01-12T07:43:09.644+0000] {dag.py:2676} INFO - Sync 1 DAGs
[2023-01-12T07:43:09.663+0000] {logging_mixin.py:137} INFO - [2023-01-12T07:43:09.663+0000] {dag.py:3427} INFO - Setting next_dagrun for example_bash_operator to 2023-01-12T00:00:00+00:00, run_after=2023-01-13T00:00:00+00:00
[2023-01-12T07:43:09.678+0000] {processor.py:175} INFO - Processing /home/airflow/.local/lib/python3.7/site-packages/airflow/example_dags/example_bash_operator.py took 0.090 seconds
[2023-01-12T07:43:40.326+0000] {processor.py:153} INFO - Started process (PID=480) to work on /home/airflow/.local/lib/python3.7/site-packages/airflow/example_dags/example_bash_operator.py
[2023-01-12T07:43:40.328+0000] {processor.py:743} INFO - Processing file /home/airflow/.local/lib/python3.7/site-packages/airflow/example_dags/example_bash_operator.py for tasks to queue
[2023-01-12T07:43:40.330+0000] {logging_mixin.py:137} INFO - [2023-01-12T07:43:40.330+0000] {dagbag.py:538} INFO - Filling up the DagBag from /home/airflow/.local/lib/python3.7/site-packages/airflow/example_dags/example_bash_operator.py
[2023-01-12T07:43:40.348+0000] {processor.py:753} INFO - DAG(s) dict_keys(['example_bash_operator']) retrieved from /home/airflow/.local/lib/python3.7/site-packages/airflow/example_dags/example_bash_operator.py
[2023-01-12T07:43:40.386+0000] {logging_mixin.py:137} INFO - [2023-01-12T07:43:40.386+0000] {dag.py:2676} INFO - Sync 1 DAGs
[2023-01-12T07:43:40.408+0000] {logging_mixin.py:137} INFO - [2023-01-12T07:43:40.408+0000] {dag.py:3427} INFO - Setting next_dagrun for example_bash_operator to 2023-01-12T00:00:00+00:00, run_after=2023-01-13T00:00:00+00:00
[2023-01-12T07:43:40.425+0000] {processor.py:175} INFO - Processing /home/airflow/.local/lib/python3.7/site-packages/airflow/example_dags/example_bash_operator.py took 0.102 seconds
[2023-01-12T07:44:11.556+0000] {processor.py:153} INFO - Started process (PID=554) to work on /home/airflow/.local/lib/python3.7/site-packages/airflow/example_dags/example_bash_operator.py
[2023-01-12T07:44:11.557+0000] {processor.py:743} INFO - Processing file /home/airflow/.local/lib/python3.7/site-packages/airflow/example_dags/example_bash_operator.py for tasks to queue
[2023-01-12T07:44:11.559+0000] {logging_mixin.py:137} INFO - [2023-01-12T07:44:11.559+0000] {dagbag.py:538} INFO - Filling up the DagBag from /home/airflow/.local/lib/python3.7/site-packages/airflow/example_dags/example_bash_operator.py
[2023-01-12T07:44:11.575+0000] {processor.py:753} INFO - DAG(s) dict_keys(['example_bash_operator']) retrieved from /home/airflow/.local/lib/python3.7/site-packages/airflow/example_dags/example_bash_operator.py
[2023-01-12T07:44:11.610+0000] {logging_mixin.py:137} INFO - [2023-01-12T07:44:11.610+0000] {dag.py:2676} INFO - Sync 1 DAGs
[2023-01-12T07:44:11.628+0000] {logging_mixin.py:137} INFO - [2023-01-12T07:44:11.628+0000] {dag.py:3427} INFO - Setting next_dagrun for example_bash_operator to 2023-01-12T00:00:00+00:00, run_after=2023-01-13T00:00:00+00:00
[2023-01-12T07:44:11.641+0000] {processor.py:175} INFO - Processing /home/airflow/.local/lib/python3.7/site-packages/airflow/example_dags/example_bash_operator.py took 0.088 seconds
[2023-01-12T07:44:42.233+0000] {processor.py:153} INFO - Started process (PID=616) to work on /home/airflow/.local/lib/python3.7/site-packages/airflow/example_dags/example_bash_operator.py
[2023-01-12T07:44:42.234+0000] {processor.py:743} INFO - Processing file /home/airflow/.local/lib/python3.7/site-packages/airflow/example_dags/example_bash_operator.py for tasks to queue
[2023-01-12T07:44:42.235+0000] {logging_mixin.py:137} INFO - [2023-01-12T07:44:42.235+0000] {dagbag.py:538} INFO - Filling up the DagBag from /home/airflow/.local/lib/python3.7/site-packages/airflow/example_dags/example_bash_operator.py
[2023-01-12T07:44:42.256+0000] {processor.py:753} INFO - DAG(s) dict_keys(['example_bash_operator']) retrieved from /home/airflow/.local/lib/python3.7/site-packages/airflow/example_dags/example_bash_operator.py
[2023-01-12T07:44:42.297+0000] {logging_mixin.py:137} INFO - [2023-01-12T07:44:42.297+0000] {dag.py:2676} INFO - Sync 1 DAGs
[2023-01-12T07:44:42.318+0000] {logging_mixin.py:137} INFO - [2023-01-12T07:44:42.318+0000] {dag.py:3427} INFO - Setting next_dagrun for example_bash_operator to 2023-01-12T00:00:00+00:00, run_after=2023-01-13T00:00:00+00:00
[2023-01-12T07:44:42.336+0000] {processor.py:175} INFO - Processing /home/airflow/.local/lib/python3.7/site-packages/airflow/example_dags/example_bash_operator.py took 0.106 seconds
[2023-01-12T07:45:12.769+0000] {processor.py:153} INFO - Started process (PID=691) to work on /home/airflow/.local/lib/python3.7/site-packages/airflow/example_dags/example_bash_operator.py
[2023-01-12T07:45:12.771+0000] {processor.py:743} INFO - Processing file /home/airflow/.local/lib/python3.7/site-packages/airflow/example_dags/example_bash_operator.py for tasks to queue
[2023-01-12T07:45:12.773+0000] {logging_mixin.py:137} INFO - [2023-01-12T07:45:12.773+0000] {dagbag.py:538} INFO - Filling up the DagBag from /home/airflow/.local/lib/python3.7/site-packages/airflow/example_dags/example_bash_operator.py
[2023-01-12T07:45:12.795+0000] {processor.py:753} INFO - DAG(s) dict_keys(['example_bash_operator']) retrieved from /home/airflow/.local/lib/python3.7/site-packages/airflow/example_dags/example_bash_operator.py
[2023-01-12T07:45:12.835+0000] {logging_mixin.py:137} INFO - [2023-01-12T07:45:12.835+0000] {dag.py:2676} INFO - Sync 1 DAGs
[2023-01-12T07:45:12.855+0000] {logging_mixin.py:137} INFO - [2023-01-12T07:45:12.855+0000] {dag.py:3427} INFO - Setting next_dagrun for example_bash_operator to 2023-01-12T00:00:00+00:00, run_after=2023-01-13T00:00:00+00:00
[2023-01-12T07:45:12.872+0000] {processor.py:175} INFO - Processing /home/airflow/.local/lib/python3.7/site-packages/airflow/example_dags/example_bash_operator.py took 0.106 seconds
[2023-01-12T07:45:43.781+0000] {processor.py:153} INFO - Started process (PID=765) to work on /home/airflow/.local/lib/python3.7/site-packages/airflow/example_dags/example_bash_operator.py
[2023-01-12T07:45:43.783+0000] {processor.py:743} INFO - Processing file /home/airflow/.local/lib/python3.7/site-packages/airflow/example_dags/example_bash_operator.py for tasks to queue
[2023-01-12T07:45:43.784+0000] {logging_mixin.py:137} INFO - [2023-01-12T07:45:43.784+0000] {dagbag.py:538} INFO - Filling up the DagBag from /home/airflow/.local/lib/python3.7/site-packages/airflow/example_dags/example_bash_operator.py
[2023-01-12T07:45:43.802+0000] {processor.py:753} INFO - DAG(s) dict_keys(['example_bash_operator']) retrieved from /home/airflow/.local/lib/python3.7/site-packages/airflow/example_dags/example_bash_operator.py
[2023-01-12T07:45:43.838+0000] {logging_mixin.py:137} INFO - [2023-01-12T07:45:43.838+0000] {dag.py:2676} INFO - Sync 1 DAGs
[2023-01-12T07:45:43.859+0000] {logging_mixin.py:137} INFO - [2023-01-12T07:45:43.859+0000] {dag.py:3427} INFO - Setting next_dagrun for example_bash_operator to 2023-01-12T00:00:00+00:00, run_after=2023-01-13T00:00:00+00:00
[2023-01-12T07:45:43.876+0000] {processor.py:175} INFO - Processing /home/airflow/.local/lib/python3.7/site-packages/airflow/example_dags/example_bash_operator.py took 0.097 seconds
[2023-01-12T07:46:14.599+0000] {processor.py:153} INFO - Started process (PID=827) to work on /home/airflow/.local/lib/python3.7/site-packages/airflow/example_dags/example_bash_operator.py
[2023-01-12T07:46:14.602+0000] {processor.py:743} INFO - Processing file /home/airflow/.local/lib/python3.7/site-packages/airflow/example_dags/example_bash_operator.py for tasks to queue
[2023-01-12T07:46:14.603+0000] {logging_mixin.py:137} INFO - [2023-01-12T07:46:14.603+0000] {dagbag.py:538} INFO - Filling up the DagBag from /home/airflow/.local/lib/python3.7/site-packages/airflow/example_dags/example_bash_operator.py
[2023-01-12T07:46:14.621+0000] {processor.py:753} INFO - DAG(s) dict_keys(['example_bash_operator']) retrieved from /home/airflow/.local/lib/python3.7/site-packages/airflow/example_dags/example_bash_operator.py
[2023-01-12T07:46:14.660+0000] {logging_mixin.py:137} INFO - [2023-01-12T07:46:14.660+0000] {dag.py:2676} INFO - Sync 1 DAGs
[2023-01-12T07:46:14.679+0000] {logging_mixin.py:137} INFO - [2023-01-12T07:46:14.679+0000] {dag.py:3427} INFO - Setting next_dagrun for example_bash_operator to 2023-01-12T00:00:00+00:00, run_after=2023-01-13T00:00:00+00:00
[2023-01-12T07:46:14.698+0000] {processor.py:175} INFO - Processing /home/airflow/.local/lib/python3.7/site-packages/airflow/example_dags/example_bash_operator.py took 0.101 seconds
[2023-01-12T07:46:45.278+0000] {processor.py:153} INFO - Started process (PID=902) to work on /home/airflow/.local/lib/python3.7/site-packages/airflow/example_dags/example_bash_operator.py
[2023-01-12T07:46:45.280+0000] {processor.py:743} INFO - Processing file /home/airflow/.local/lib/python3.7/site-packages/airflow/example_dags/example_bash_operator.py for tasks to queue
[2023-01-12T07:46:45.282+0000] {logging_mixin.py:137} INFO - [2023-01-12T07:46:45.282+0000] {dagbag.py:538} INFO - Filling up the DagBag from /home/airflow/.local/lib/python3.7/site-packages/airflow/example_dags/example_bash_operator.py
[2023-01-12T07:46:45.300+0000] {processor.py:753} INFO - DAG(s) dict_keys(['example_bash_operator']) retrieved from /home/airflow/.local/lib/python3.7/site-packages/airflow/example_dags/example_bash_operator.py
[2023-01-12T07:46:45.335+0000] {logging_mixin.py:137} INFO - [2023-01-12T07:46:45.335+0000] {dag.py:2676} INFO - Sync 1 DAGs
[2023-01-12T07:46:45.355+0000] {logging_mixin.py:137} INFO - [2023-01-12T07:46:45.354+0000] {dag.py:3427} INFO - Setting next_dagrun for example_bash_operator to 2023-01-12T00:00:00+00:00, run_after=2023-01-13T00:00:00+00:00
[2023-01-12T07:46:45.369+0000] {processor.py:175} INFO - Processing /home/airflow/.local/lib/python3.7/site-packages/airflow/example_dags/example_bash_operator.py took 0.094 seconds
[2023-01-12T07:47:16.090+0000] {processor.py:153} INFO - Started process (PID=971) to work on /home/airflow/.local/lib/python3.7/site-packages/airflow/example_dags/example_bash_operator.py
[2023-01-12T07:47:16.092+0000] {processor.py:743} INFO - Processing file /home/airflow/.local/lib/python3.7/site-packages/airflow/example_dags/example_bash_operator.py for tasks to queue
[2023-01-12T07:47:16.094+0000] {logging_mixin.py:137} INFO - [2023-01-12T07:47:16.094+0000] {dagbag.py:538} INFO - Filling up the DagBag from /home/airflow/.local/lib/python3.7/site-packages/airflow/example_dags/example_bash_operator.py
[2023-01-12T07:47:16.122+0000] {processor.py:753} INFO - DAG(s) dict_keys(['example_bash_operator']) retrieved from /home/airflow/.local/lib/python3.7/site-packages/airflow/example_dags/example_bash_operator.py
[2023-01-12T07:47:16.166+0000] {logging_mixin.py:137} INFO - [2023-01-12T07:47:16.166+0000] {dag.py:2676} INFO - Sync 1 DAGs
[2023-01-12T07:47:16.194+0000] {logging_mixin.py:137} INFO - [2023-01-12T07:47:16.194+0000] {dag.py:3427} INFO - Setting next_dagrun for example_bash_operator to 2023-01-12T00:00:00+00:00, run_after=2023-01-13T00:00:00+00:00
[2023-01-12T07:47:16.218+0000] {processor.py:175} INFO - Processing /home/airflow/.local/lib/python3.7/site-packages/airflow/example_dags/example_bash_operator.py took 0.131 seconds
[2023-01-12T07:47:46.335+0000] {processor.py:153} INFO - Started process (PID=1040) to work on /home/airflow/.local/lib/python3.7/site-packages/airflow/example_dags/example_bash_operator.py
[2023-01-12T07:47:46.337+0000] {processor.py:743} INFO - Processing file /home/airflow/.local/lib/python3.7/site-packages/airflow/example_dags/example_bash_operator.py for tasks to queue
[2023-01-12T07:47:46.338+0000] {logging_mixin.py:137} INFO - [2023-01-12T07:47:46.338+0000] {dagbag.py:538} INFO - Filling up the DagBag from /home/airflow/.local/lib/python3.7/site-packages/airflow/example_dags/example_bash_operator.py
[2023-01-12T07:47:46.364+0000] {processor.py:753} INFO - DAG(s) dict_keys(['example_bash_operator']) retrieved from /home/airflow/.local/lib/python3.7/site-packages/airflow/example_dags/example_bash_operator.py
[2023-01-12T07:47:46.403+0000] {logging_mixin.py:137} INFO - [2023-01-12T07:47:46.403+0000] {dag.py:2676} INFO - Sync 1 DAGs
[2023-01-12T07:47:46.423+0000] {logging_mixin.py:137} INFO - [2023-01-12T07:47:46.423+0000] {dag.py:3427} INFO - Setting next_dagrun for example_bash_operator to 2023-01-12T00:00:00+00:00, run_after=2023-01-13T00:00:00+00:00
[2023-01-12T07:47:46.439+0000] {processor.py:175} INFO - Processing /home/airflow/.local/lib/python3.7/site-packages/airflow/example_dags/example_bash_operator.py took 0.108 seconds
[2023-01-12T07:48:17.245+0000] {processor.py:153} INFO - Started process (PID=1113) to work on /home/airflow/.local/lib/python3.7/site-packages/airflow/example_dags/example_bash_operator.py
[2023-01-12T07:48:17.246+0000] {processor.py:743} INFO - Processing file /home/airflow/.local/lib/python3.7/site-packages/airflow/example_dags/example_bash_operator.py for tasks to queue
[2023-01-12T07:48:17.249+0000] {logging_mixin.py:137} INFO - [2023-01-12T07:48:17.248+0000] {dagbag.py:538} INFO - Filling up the DagBag from /home/airflow/.local/lib/python3.7/site-packages/airflow/example_dags/example_bash_operator.py
[2023-01-12T07:48:17.271+0000] {processor.py:753} INFO - DAG(s) dict_keys(['example_bash_operator']) retrieved from /home/airflow/.local/lib/python3.7/site-packages/airflow/example_dags/example_bash_operator.py
[2023-01-12T07:48:17.311+0000] {logging_mixin.py:137} INFO - [2023-01-12T07:48:17.311+0000] {dag.py:2676} INFO - Sync 1 DAGs
[2023-01-12T07:48:17.331+0000] {logging_mixin.py:137} INFO - [2023-01-12T07:48:17.331+0000] {dag.py:3427} INFO - Setting next_dagrun for example_bash_operator to 2023-01-12T00:00:00+00:00, run_after=2023-01-13T00:00:00+00:00
[2023-01-12T07:48:17.347+0000] {processor.py:175} INFO - Processing /home/airflow/.local/lib/python3.7/site-packages/airflow/example_dags/example_bash_operator.py took 0.105 seconds
[2023-01-12T07:48:47.786+0000] {processor.py:153} INFO - Started process (PID=1174) to work on /home/airflow/.local/lib/python3.7/site-packages/airflow/example_dags/example_bash_operator.py
[2023-01-12T07:48:47.788+0000] {processor.py:743} INFO - Processing file /home/airflow/.local/lib/python3.7/site-packages/airflow/example_dags/example_bash_operator.py for tasks to queue
[2023-01-12T07:48:47.789+0000] {logging_mixin.py:137} INFO - [2023-01-12T07:48:47.789+0000] {dagbag.py:538} INFO - Filling up the DagBag from /home/airflow/.local/lib/python3.7/site-packages/airflow/example_dags/example_bash_operator.py
[2023-01-12T07:48:47.807+0000] {processor.py:753} INFO - DAG(s) dict_keys(['example_bash_operator']) retrieved from /home/airflow/.local/lib/python3.7/site-packages/airflow/example_dags/example_bash_operator.py
[2023-01-12T07:48:47.844+0000] {logging_mixin.py:137} INFO - [2023-01-12T07:48:47.844+0000] {dag.py:2676} INFO - Sync 1 DAGs
[2023-01-12T07:48:47.865+0000] {logging_mixin.py:137} INFO - [2023-01-12T07:48:47.864+0000] {dag.py:3427} INFO - Setting next_dagrun for example_bash_operator to 2023-01-12T00:00:00+00:00, run_after=2023-01-13T00:00:00+00:00
[2023-01-12T07:48:47.879+0000] {processor.py:175} INFO - Processing /home/airflow/.local/lib/python3.7/site-packages/airflow/example_dags/example_bash_operator.py took 0.097 seconds
[2023-01-12T07:49:18.425+0000] {processor.py:153} INFO - Started process (PID=1250) to work on /home/airflow/.local/lib/python3.7/site-packages/airflow/example_dags/example_bash_operator.py
[2023-01-12T07:49:18.427+0000] {processor.py:743} INFO - Processing file /home/airflow/.local/lib/python3.7/site-packages/airflow/example_dags/example_bash_operator.py for tasks to queue
[2023-01-12T07:49:18.428+0000] {logging_mixin.py:137} INFO - [2023-01-12T07:49:18.428+0000] {dagbag.py:538} INFO - Filling up the DagBag from /home/airflow/.local/lib/python3.7/site-packages/airflow/example_dags/example_bash_operator.py
[2023-01-12T07:49:18.446+0000] {processor.py:753} INFO - DAG(s) dict_keys(['example_bash_operator']) retrieved from /home/airflow/.local/lib/python3.7/site-packages/airflow/example_dags/example_bash_operator.py
[2023-01-12T07:49:18.485+0000] {logging_mixin.py:137} INFO - [2023-01-12T07:49:18.485+0000] {dag.py:2676} INFO - Sync 1 DAGs
[2023-01-12T07:49:18.504+0000] {logging_mixin.py:137} INFO - [2023-01-12T07:49:18.504+0000] {dag.py:3427} INFO - Setting next_dagrun for example_bash_operator to 2023-01-12T00:00:00+00:00, run_after=2023-01-13T00:00:00+00:00
[2023-01-12T07:49:18.518+0000] {processor.py:175} INFO - Processing /home/airflow/.local/lib/python3.7/site-packages/airflow/example_dags/example_bash_operator.py took 0.097 seconds
[2023-01-12T07:49:49.286+0000] {processor.py:153} INFO - Started process (PID=1321) to work on /home/airflow/.local/lib/python3.7/site-packages/airflow/example_dags/example_bash_operator.py
[2023-01-12T07:49:49.288+0000] {processor.py:743} INFO - Processing file /home/airflow/.local/lib/python3.7/site-packages/airflow/example_dags/example_bash_operator.py for tasks to queue
[2023-01-12T07:49:49.289+0000] {logging_mixin.py:137} INFO - [2023-01-12T07:49:49.289+0000] {dagbag.py:538} INFO - Filling up the DagBag from /home/airflow/.local/lib/python3.7/site-packages/airflow/example_dags/example_bash_operator.py
[2023-01-12T07:49:49.314+0000] {processor.py:753} INFO - DAG(s) dict_keys(['example_bash_operator']) retrieved from /home/airflow/.local/lib/python3.7/site-packages/airflow/example_dags/example_bash_operator.py
[2023-01-12T07:49:49.365+0000] {logging_mixin.py:137} INFO - [2023-01-12T07:49:49.365+0000] {dag.py:2676} INFO - Sync 1 DAGs
[2023-01-12T07:49:49.397+0000] {logging_mixin.py:137} INFO - [2023-01-12T07:49:49.397+0000] {dag.py:3427} INFO - Setting next_dagrun for example_bash_operator to 2023-01-12T00:00:00+00:00, run_after=2023-01-13T00:00:00+00:00
[2023-01-12T07:49:49.430+0000] {processor.py:175} INFO - Processing /home/airflow/.local/lib/python3.7/site-packages/airflow/example_dags/example_bash_operator.py took 0.148 seconds
[2023-01-12T07:50:20.072+0000] {processor.py:153} INFO - Started process (PID=1387) to work on /home/airflow/.local/lib/python3.7/site-packages/airflow/example_dags/example_bash_operator.py
[2023-01-12T07:50:20.074+0000] {processor.py:743} INFO - Processing file /home/airflow/.local/lib/python3.7/site-packages/airflow/example_dags/example_bash_operator.py for tasks to queue
[2023-01-12T07:50:20.075+0000] {logging_mixin.py:137} INFO - [2023-01-12T07:50:20.075+0000] {dagbag.py:538} INFO - Filling up the DagBag from /home/airflow/.local/lib/python3.7/site-packages/airflow/example_dags/example_bash_operator.py
[2023-01-12T07:50:20.094+0000] {processor.py:753} INFO - DAG(s) dict_keys(['example_bash_operator']) retrieved from /home/airflow/.local/lib/python3.7/site-packages/airflow/example_dags/example_bash_operator.py
[2023-01-12T07:50:20.132+0000] {logging_mixin.py:137} INFO - [2023-01-12T07:50:20.132+0000] {dag.py:2676} INFO - Sync 1 DAGs
[2023-01-12T07:50:20.155+0000] {logging_mixin.py:137} INFO - [2023-01-12T07:50:20.155+0000] {dag.py:3427} INFO - Setting next_dagrun for example_bash_operator to 2023-01-12T00:00:00+00:00, run_after=2023-01-13T00:00:00+00:00
[2023-01-12T07:50:20.179+0000] {processor.py:175} INFO - Processing /home/airflow/.local/lib/python3.7/site-packages/airflow/example_dags/example_bash_operator.py took 0.110 seconds
[2023-01-12T07:50:51.015+0000] {processor.py:153} INFO - Started process (PID=1460) to work on /home/airflow/.local/lib/python3.7/site-packages/airflow/example_dags/example_bash_operator.py
[2023-01-12T07:50:51.017+0000] {processor.py:743} INFO - Processing file /home/airflow/.local/lib/python3.7/site-packages/airflow/example_dags/example_bash_operator.py for tasks to queue
[2023-01-12T07:50:51.021+0000] {logging_mixin.py:137} INFO - [2023-01-12T07:50:51.021+0000] {dagbag.py:538} INFO - Filling up the DagBag from /home/airflow/.local/lib/python3.7/site-packages/airflow/example_dags/example_bash_operator.py
[2023-01-12T07:50:51.040+0000] {processor.py:753} INFO - DAG(s) dict_keys(['example_bash_operator']) retrieved from /home/airflow/.local/lib/python3.7/site-packages/airflow/example_dags/example_bash_operator.py
[2023-01-12T07:50:51.083+0000] {logging_mixin.py:137} INFO - [2023-01-12T07:50:51.083+0000] {dag.py:2676} INFO - Sync 1 DAGs
[2023-01-12T07:50:51.104+0000] {logging_mixin.py:137} INFO - [2023-01-12T07:50:51.104+0000] {dag.py:3427} INFO - Setting next_dagrun for example_bash_operator to 2023-01-12T00:00:00+00:00, run_after=2023-01-13T00:00:00+00:00
[2023-01-12T07:50:51.119+0000] {processor.py:175} INFO - Processing /home/airflow/.local/lib/python3.7/site-packages/airflow/example_dags/example_bash_operator.py took 0.107 seconds
[2023-01-12T07:51:21.894+0000] {processor.py:153} INFO - Started process (PID=1521) to work on /home/airflow/.local/lib/python3.7/site-packages/airflow/example_dags/example_bash_operator.py
[2023-01-12T07:51:21.896+0000] {processor.py:743} INFO - Processing file /home/airflow/.local/lib/python3.7/site-packages/airflow/example_dags/example_bash_operator.py for tasks to queue
[2023-01-12T07:51:21.897+0000] {logging_mixin.py:137} INFO - [2023-01-12T07:51:21.897+0000] {dagbag.py:538} INFO - Filling up the DagBag from /home/airflow/.local/lib/python3.7/site-packages/airflow/example_dags/example_bash_operator.py
[2023-01-12T07:51:21.916+0000] {processor.py:753} INFO - DAG(s) dict_keys(['example_bash_operator']) retrieved from /home/airflow/.local/lib/python3.7/site-packages/airflow/example_dags/example_bash_operator.py
[2023-01-12T07:51:21.954+0000] {logging_mixin.py:137} INFO - [2023-01-12T07:51:21.954+0000] {dag.py:2676} INFO - Sync 1 DAGs
[2023-01-12T07:51:21.973+0000] {logging_mixin.py:137} INFO - [2023-01-12T07:51:21.973+0000] {dag.py:3427} INFO - Setting next_dagrun for example_bash_operator to 2023-01-12T00:00:00+00:00, run_after=2023-01-13T00:00:00+00:00
[2023-01-12T07:51:21.988+0000] {processor.py:175} INFO - Processing /home/airflow/.local/lib/python3.7/site-packages/airflow/example_dags/example_bash_operator.py took 0.097 seconds
[2023-01-12T07:51:52.723+0000] {processor.py:153} INFO - Started process (PID=1593) to work on /home/airflow/.local/lib/python3.7/site-packages/airflow/example_dags/example_bash_operator.py
[2023-01-12T07:51:52.725+0000] {processor.py:743} INFO - Processing file /home/airflow/.local/lib/python3.7/site-packages/airflow/example_dags/example_bash_operator.py for tasks to queue
[2023-01-12T07:51:52.726+0000] {logging_mixin.py:137} INFO - [2023-01-12T07:51:52.726+0000] {dagbag.py:538} INFO - Filling up the DagBag from /home/airflow/.local/lib/python3.7/site-packages/airflow/example_dags/example_bash_operator.py
[2023-01-12T07:51:52.745+0000] {processor.py:753} INFO - DAG(s) dict_keys(['example_bash_operator']) retrieved from /home/airflow/.local/lib/python3.7/site-packages/airflow/example_dags/example_bash_operator.py
[2023-01-12T07:51:52.791+0000] {logging_mixin.py:137} INFO - [2023-01-12T07:51:52.791+0000] {dag.py:2676} INFO - Sync 1 DAGs
[2023-01-12T07:51:52.816+0000] {logging_mixin.py:137} INFO - [2023-01-12T07:51:52.816+0000] {dag.py:3427} INFO - Setting next_dagrun for example_bash_operator to 2023-01-12T00:00:00+00:00, run_after=2023-01-13T00:00:00+00:00
[2023-01-12T07:51:52.831+0000] {processor.py:175} INFO - Processing /home/airflow/.local/lib/python3.7/site-packages/airflow/example_dags/example_bash_operator.py took 0.110 seconds
[2023-01-12T07:52:23.883+0000] {processor.py:153} INFO - Started process (PID=1668) to work on /home/airflow/.local/lib/python3.7/site-packages/airflow/example_dags/example_bash_operator.py
[2023-01-12T07:52:23.885+0000] {processor.py:743} INFO - Processing file /home/airflow/.local/lib/python3.7/site-packages/airflow/example_dags/example_bash_operator.py for tasks to queue
[2023-01-12T07:52:23.886+0000] {logging_mixin.py:137} INFO - [2023-01-12T07:52:23.886+0000] {dagbag.py:538} INFO - Filling up the DagBag from /home/airflow/.local/lib/python3.7/site-packages/airflow/example_dags/example_bash_operator.py
[2023-01-12T07:52:23.904+0000] {processor.py:753} INFO - DAG(s) dict_keys(['example_bash_operator']) retrieved from /home/airflow/.local/lib/python3.7/site-packages/airflow/example_dags/example_bash_operator.py
[2023-01-12T07:52:23.947+0000] {logging_mixin.py:137} INFO - [2023-01-12T07:52:23.947+0000] {dag.py:2676} INFO - Sync 1 DAGs
[2023-01-12T07:52:23.971+0000] {logging_mixin.py:137} INFO - [2023-01-12T07:52:23.971+0000] {dag.py:3427} INFO - Setting next_dagrun for example_bash_operator to 2023-01-12T00:00:00+00:00, run_after=2023-01-13T00:00:00+00:00
[2023-01-12T07:52:23.987+0000] {processor.py:175} INFO - Processing /home/airflow/.local/lib/python3.7/site-packages/airflow/example_dags/example_bash_operator.py took 0.107 seconds
[2023-01-12T07:52:54.517+0000] {processor.py:153} INFO - Started process (PID=1729) to work on /home/airflow/.local/lib/python3.7/site-packages/airflow/example_dags/example_bash_operator.py
[2023-01-12T07:52:54.519+0000] {processor.py:743} INFO - Processing file /home/airflow/.local/lib/python3.7/site-packages/airflow/example_dags/example_bash_operator.py for tasks to queue
[2023-01-12T07:52:54.520+0000] {logging_mixin.py:137} INFO - [2023-01-12T07:52:54.520+0000] {dagbag.py:538} INFO - Filling up the DagBag from /home/airflow/.local/lib/python3.7/site-packages/airflow/example_dags/example_bash_operator.py
[2023-01-12T07:52:54.540+0000] {processor.py:753} INFO - DAG(s) dict_keys(['example_bash_operator']) retrieved from /home/airflow/.local/lib/python3.7/site-packages/airflow/example_dags/example_bash_operator.py
[2023-01-12T07:52:54.577+0000] {logging_mixin.py:137} INFO - [2023-01-12T07:52:54.577+0000] {dag.py:2676} INFO - Sync 1 DAGs
[2023-01-12T07:52:54.599+0000] {logging_mixin.py:137} INFO - [2023-01-12T07:52:54.599+0000] {dag.py:3427} INFO - Setting next_dagrun for example_bash_operator to 2023-01-12T00:00:00+00:00, run_after=2023-01-13T00:00:00+00:00
[2023-01-12T07:52:54.614+0000] {processor.py:175} INFO - Processing /home/airflow/.local/lib/python3.7/site-packages/airflow/example_dags/example_bash_operator.py took 0.100 seconds
[2023-01-12T07:53:25.075+0000] {processor.py:153} INFO - Started process (PID=1802) to work on /home/airflow/.local/lib/python3.7/site-packages/airflow/example_dags/example_bash_operator.py
[2023-01-12T07:53:25.077+0000] {processor.py:743} INFO - Processing file /home/airflow/.local/lib/python3.7/site-packages/airflow/example_dags/example_bash_operator.py for tasks to queue
[2023-01-12T07:53:25.078+0000] {logging_mixin.py:137} INFO - [2023-01-12T07:53:25.078+0000] {dagbag.py:538} INFO - Filling up the DagBag from /home/airflow/.local/lib/python3.7/site-packages/airflow/example_dags/example_bash_operator.py
[2023-01-12T07:53:25.094+0000] {processor.py:753} INFO - DAG(s) dict_keys(['example_bash_operator']) retrieved from /home/airflow/.local/lib/python3.7/site-packages/airflow/example_dags/example_bash_operator.py
[2023-01-12T07:53:25.129+0000] {logging_mixin.py:137} INFO - [2023-01-12T07:53:25.129+0000] {dag.py:2676} INFO - Sync 1 DAGs
[2023-01-12T07:53:25.150+0000] {logging_mixin.py:137} INFO - [2023-01-12T07:53:25.150+0000] {dag.py:3427} INFO - Setting next_dagrun for example_bash_operator to 2023-01-12T00:00:00+00:00, run_after=2023-01-13T00:00:00+00:00
[2023-01-12T07:53:25.167+0000] {processor.py:175} INFO - Processing /home/airflow/.local/lib/python3.7/site-packages/airflow/example_dags/example_bash_operator.py took 0.094 seconds
[2023-01-12T07:53:55.597+0000] {processor.py:153} INFO - Started process (PID=1871) to work on /home/airflow/.local/lib/python3.7/site-packages/airflow/example_dags/example_bash_operator.py
[2023-01-12T07:53:55.599+0000] {processor.py:743} INFO - Processing file /home/airflow/.local/lib/python3.7/site-packages/airflow/example_dags/example_bash_operator.py for tasks to queue
[2023-01-12T07:53:55.600+0000] {logging_mixin.py:137} INFO - [2023-01-12T07:53:55.600+0000] {dagbag.py:538} INFO - Filling up the DagBag from /home/airflow/.local/lib/python3.7/site-packages/airflow/example_dags/example_bash_operator.py
[2023-01-12T07:53:55.620+0000] {processor.py:753} INFO - DAG(s) dict_keys(['example_bash_operator']) retrieved from /home/airflow/.local/lib/python3.7/site-packages/airflow/example_dags/example_bash_operator.py
[2023-01-12T07:53:55.669+0000] {logging_mixin.py:137} INFO - [2023-01-12T07:53:55.669+0000] {dag.py:2676} INFO - Sync 1 DAGs
[2023-01-12T07:53:55.692+0000] {logging_mixin.py:137} INFO - [2023-01-12T07:53:55.692+0000] {dag.py:3427} INFO - Setting next_dagrun for example_bash_operator to 2023-01-12T00:00:00+00:00, run_after=2023-01-13T00:00:00+00:00
[2023-01-12T07:53:55.710+0000] {processor.py:175} INFO - Processing /home/airflow/.local/lib/python3.7/site-packages/airflow/example_dags/example_bash_operator.py took 0.115 seconds
