[2023-01-12T07:27:08.690+0000] {processor.py:153} INFO - Started process (PID=77) to work on /home/airflow/.local/lib/python3.7/site-packages/airflow/example_dags/example_task_group_decorator.py
[2023-01-12T07:27:08.693+0000] {processor.py:743} INFO - Processing file /home/airflow/.local/lib/python3.7/site-packages/airflow/example_dags/example_task_group_decorator.py for tasks to queue
[2023-01-12T07:27:08.694+0000] {logging_mixin.py:137} INFO - [2023-01-12T07:27:08.694+0000] {dagbag.py:538} INFO - Filling up the DagBag from /home/airflow/.local/lib/python3.7/site-packages/airflow/example_dags/example_task_group_decorator.py
[2023-01-12T07:27:08.725+0000] {processor.py:753} INFO - DAG(s) dict_keys(['example_task_group_decorator']) retrieved from /home/airflow/.local/lib/python3.7/site-packages/airflow/example_dags/example_task_group_decorator.py
[2023-01-12T07:27:08.782+0000] {logging_mixin.py:137} INFO - [2023-01-12T07:27:08.782+0000] {dag.py:2676} INFO - Sync 1 DAGs
[2023-01-12T07:27:08.825+0000] {logging_mixin.py:137} INFO - [2023-01-12T07:27:08.825+0000] {dag.py:3427} INFO - Setting next_dagrun for example_task_group_decorator to 2023-01-11T07:27:08.825573+00:00, run_after=2023-01-12T07:27:08.825573+00:00
[2023-01-12T07:27:08.891+0000] {processor.py:175} INFO - Processing /home/airflow/.local/lib/python3.7/site-packages/airflow/example_dags/example_task_group_decorator.py took 0.204 seconds
[2023-01-12T07:27:38.966+0000] {processor.py:153} INFO - Started process (PID=142) to work on /home/airflow/.local/lib/python3.7/site-packages/airflow/example_dags/example_task_group_decorator.py
[2023-01-12T07:27:38.968+0000] {processor.py:743} INFO - Processing file /home/airflow/.local/lib/python3.7/site-packages/airflow/example_dags/example_task_group_decorator.py for tasks to queue
[2023-01-12T07:27:38.970+0000] {logging_mixin.py:137} INFO - [2023-01-12T07:27:38.970+0000] {dagbag.py:538} INFO - Filling up the DagBag from /home/airflow/.local/lib/python3.7/site-packages/airflow/example_dags/example_task_group_decorator.py
[2023-01-12T07:27:38.992+0000] {processor.py:753} INFO - DAG(s) dict_keys(['example_task_group_decorator']) retrieved from /home/airflow/.local/lib/python3.7/site-packages/airflow/example_dags/example_task_group_decorator.py
[2023-01-12T07:27:39.020+0000] {logging_mixin.py:137} INFO - [2023-01-12T07:27:39.020+0000] {dag.py:2676} INFO - Sync 1 DAGs
[2023-01-12T07:27:39.038+0000] {logging_mixin.py:137} INFO - [2023-01-12T07:27:39.038+0000] {dag.py:3427} INFO - Setting next_dagrun for example_task_group_decorator to 2023-01-11T07:27:39.038404+00:00, run_after=2023-01-12T07:27:39.038404+00:00
[2023-01-12T07:27:39.051+0000] {processor.py:175} INFO - Processing /home/airflow/.local/lib/python3.7/site-packages/airflow/example_dags/example_task_group_decorator.py took 0.088 seconds
[2023-01-12T07:28:09.781+0000] {processor.py:153} INFO - Started process (PID=214) to work on /home/airflow/.local/lib/python3.7/site-packages/airflow/example_dags/example_task_group_decorator.py
[2023-01-12T07:28:09.782+0000] {processor.py:743} INFO - Processing file /home/airflow/.local/lib/python3.7/site-packages/airflow/example_dags/example_task_group_decorator.py for tasks to queue
[2023-01-12T07:28:09.784+0000] {logging_mixin.py:137} INFO - [2023-01-12T07:28:09.784+0000] {dagbag.py:538} INFO - Filling up the DagBag from /home/airflow/.local/lib/python3.7/site-packages/airflow/example_dags/example_task_group_decorator.py
[2023-01-12T07:28:09.807+0000] {processor.py:753} INFO - DAG(s) dict_keys(['example_task_group_decorator']) retrieved from /home/airflow/.local/lib/python3.7/site-packages/airflow/example_dags/example_task_group_decorator.py
[2023-01-12T07:28:09.840+0000] {logging_mixin.py:137} INFO - [2023-01-12T07:28:09.840+0000] {dag.py:2676} INFO - Sync 1 DAGs
[2023-01-12T07:28:09.858+0000] {logging_mixin.py:137} INFO - [2023-01-12T07:28:09.858+0000] {dag.py:3427} INFO - Setting next_dagrun for example_task_group_decorator to 2023-01-11T07:28:09.858621+00:00, run_after=2023-01-12T07:28:09.858621+00:00
[2023-01-12T07:28:09.874+0000] {processor.py:175} INFO - Processing /home/airflow/.local/lib/python3.7/site-packages/airflow/example_dags/example_task_group_decorator.py took 0.096 seconds
[2023-01-12T07:28:40.407+0000] {processor.py:153} INFO - Started process (PID=276) to work on /home/airflow/.local/lib/python3.7/site-packages/airflow/example_dags/example_task_group_decorator.py
[2023-01-12T07:28:40.409+0000] {processor.py:743} INFO - Processing file /home/airflow/.local/lib/python3.7/site-packages/airflow/example_dags/example_task_group_decorator.py for tasks to queue
[2023-01-12T07:28:40.411+0000] {logging_mixin.py:137} INFO - [2023-01-12T07:28:40.410+0000] {dagbag.py:538} INFO - Filling up the DagBag from /home/airflow/.local/lib/python3.7/site-packages/airflow/example_dags/example_task_group_decorator.py
[2023-01-12T07:28:40.434+0000] {processor.py:753} INFO - DAG(s) dict_keys(['example_task_group_decorator']) retrieved from /home/airflow/.local/lib/python3.7/site-packages/airflow/example_dags/example_task_group_decorator.py
[2023-01-12T07:28:40.473+0000] {logging_mixin.py:137} INFO - [2023-01-12T07:28:40.473+0000] {dag.py:2676} INFO - Sync 1 DAGs
[2023-01-12T07:28:40.493+0000] {logging_mixin.py:137} INFO - [2023-01-12T07:28:40.493+0000] {dag.py:3427} INFO - Setting next_dagrun for example_task_group_decorator to 2023-01-11T07:28:40.492903+00:00, run_after=2023-01-12T07:28:40.492903+00:00
[2023-01-12T07:28:40.522+0000] {processor.py:175} INFO - Processing /home/airflow/.local/lib/python3.7/site-packages/airflow/example_dags/example_task_group_decorator.py took 0.118 seconds
[2023-01-12T07:29:11.003+0000] {processor.py:153} INFO - Started process (PID=350) to work on /home/airflow/.local/lib/python3.7/site-packages/airflow/example_dags/example_task_group_decorator.py
[2023-01-12T07:29:11.004+0000] {processor.py:743} INFO - Processing file /home/airflow/.local/lib/python3.7/site-packages/airflow/example_dags/example_task_group_decorator.py for tasks to queue
[2023-01-12T07:29:11.006+0000] {logging_mixin.py:137} INFO - [2023-01-12T07:29:11.006+0000] {dagbag.py:538} INFO - Filling up the DagBag from /home/airflow/.local/lib/python3.7/site-packages/airflow/example_dags/example_task_group_decorator.py
[2023-01-12T07:29:11.027+0000] {processor.py:753} INFO - DAG(s) dict_keys(['example_task_group_decorator']) retrieved from /home/airflow/.local/lib/python3.7/site-packages/airflow/example_dags/example_task_group_decorator.py
[2023-01-12T07:29:11.056+0000] {logging_mixin.py:137} INFO - [2023-01-12T07:29:11.055+0000] {dag.py:2676} INFO - Sync 1 DAGs
[2023-01-12T07:29:11.073+0000] {logging_mixin.py:137} INFO - [2023-01-12T07:29:11.073+0000] {dag.py:3427} INFO - Setting next_dagrun for example_task_group_decorator to 2023-01-11T07:29:11.073352+00:00, run_after=2023-01-12T07:29:11.073352+00:00
[2023-01-12T07:29:11.087+0000] {processor.py:175} INFO - Processing /home/airflow/.local/lib/python3.7/site-packages/airflow/example_dags/example_task_group_decorator.py took 0.087 seconds
[2023-01-12T07:29:41.683+0000] {processor.py:153} INFO - Started process (PID=424) to work on /home/airflow/.local/lib/python3.7/site-packages/airflow/example_dags/example_task_group_decorator.py
[2023-01-12T07:29:41.685+0000] {processor.py:743} INFO - Processing file /home/airflow/.local/lib/python3.7/site-packages/airflow/example_dags/example_task_group_decorator.py for tasks to queue
[2023-01-12T07:29:41.686+0000] {logging_mixin.py:137} INFO - [2023-01-12T07:29:41.686+0000] {dagbag.py:538} INFO - Filling up the DagBag from /home/airflow/.local/lib/python3.7/site-packages/airflow/example_dags/example_task_group_decorator.py
[2023-01-12T07:29:41.709+0000] {processor.py:753} INFO - DAG(s) dict_keys(['example_task_group_decorator']) retrieved from /home/airflow/.local/lib/python3.7/site-packages/airflow/example_dags/example_task_group_decorator.py
[2023-01-12T07:29:41.740+0000] {logging_mixin.py:137} INFO - [2023-01-12T07:29:41.740+0000] {dag.py:2676} INFO - Sync 1 DAGs
[2023-01-12T07:29:41.760+0000] {logging_mixin.py:137} INFO - [2023-01-12T07:29:41.760+0000] {dag.py:3427} INFO - Setting next_dagrun for example_task_group_decorator to 2023-01-11T07:29:41.760278+00:00, run_after=2023-01-12T07:29:41.760278+00:00
[2023-01-12T07:29:41.778+0000] {processor.py:175} INFO - Processing /home/airflow/.local/lib/python3.7/site-packages/airflow/example_dags/example_task_group_decorator.py took 0.097 seconds
[2023-01-12T07:30:12.377+0000] {processor.py:153} INFO - Started process (PID=487) to work on /home/airflow/.local/lib/python3.7/site-packages/airflow/example_dags/example_task_group_decorator.py
[2023-01-12T07:30:12.379+0000] {processor.py:743} INFO - Processing file /home/airflow/.local/lib/python3.7/site-packages/airflow/example_dags/example_task_group_decorator.py for tasks to queue
[2023-01-12T07:30:12.381+0000] {logging_mixin.py:137} INFO - [2023-01-12T07:30:12.381+0000] {dagbag.py:538} INFO - Filling up the DagBag from /home/airflow/.local/lib/python3.7/site-packages/airflow/example_dags/example_task_group_decorator.py
[2023-01-12T07:30:12.402+0000] {processor.py:753} INFO - DAG(s) dict_keys(['example_task_group_decorator']) retrieved from /home/airflow/.local/lib/python3.7/site-packages/airflow/example_dags/example_task_group_decorator.py
[2023-01-12T07:30:12.433+0000] {logging_mixin.py:137} INFO - [2023-01-12T07:30:12.432+0000] {dag.py:2676} INFO - Sync 1 DAGs
[2023-01-12T07:30:12.450+0000] {logging_mixin.py:137} INFO - [2023-01-12T07:30:12.450+0000] {dag.py:3427} INFO - Setting next_dagrun for example_task_group_decorator to 2023-01-11T07:30:12.450322+00:00, run_after=2023-01-12T07:30:12.450322+00:00
[2023-01-12T07:30:12.464+0000] {processor.py:175} INFO - Processing /home/airflow/.local/lib/python3.7/site-packages/airflow/example_dags/example_task_group_decorator.py took 0.089 seconds
[2023-01-12T07:30:43.166+0000] {processor.py:153} INFO - Started process (PID=562) to work on /home/airflow/.local/lib/python3.7/site-packages/airflow/example_dags/example_task_group_decorator.py
[2023-01-12T07:30:43.168+0000] {processor.py:743} INFO - Processing file /home/airflow/.local/lib/python3.7/site-packages/airflow/example_dags/example_task_group_decorator.py for tasks to queue
[2023-01-12T07:30:43.170+0000] {logging_mixin.py:137} INFO - [2023-01-12T07:30:43.170+0000] {dagbag.py:538} INFO - Filling up the DagBag from /home/airflow/.local/lib/python3.7/site-packages/airflow/example_dags/example_task_group_decorator.py
[2023-01-12T07:30:43.194+0000] {processor.py:753} INFO - DAG(s) dict_keys(['example_task_group_decorator']) retrieved from /home/airflow/.local/lib/python3.7/site-packages/airflow/example_dags/example_task_group_decorator.py
[2023-01-12T07:30:43.229+0000] {logging_mixin.py:137} INFO - [2023-01-12T07:30:43.229+0000] {dag.py:2676} INFO - Sync 1 DAGs
[2023-01-12T07:30:43.248+0000] {logging_mixin.py:137} INFO - [2023-01-12T07:30:43.248+0000] {dag.py:3427} INFO - Setting next_dagrun for example_task_group_decorator to 2023-01-11T07:30:43.248322+00:00, run_after=2023-01-12T07:30:43.248322+00:00
[2023-01-12T07:30:43.263+0000] {processor.py:175} INFO - Processing /home/airflow/.local/lib/python3.7/site-packages/airflow/example_dags/example_task_group_decorator.py took 0.100 seconds
[2023-01-12T07:31:13.770+0000] {processor.py:153} INFO - Started process (PID=632) to work on /home/airflow/.local/lib/python3.7/site-packages/airflow/example_dags/example_task_group_decorator.py
[2023-01-12T07:31:13.779+0000] {processor.py:743} INFO - Processing file /home/airflow/.local/lib/python3.7/site-packages/airflow/example_dags/example_task_group_decorator.py for tasks to queue
[2023-01-12T07:31:13.781+0000] {logging_mixin.py:137} INFO - [2023-01-12T07:31:13.781+0000] {dagbag.py:538} INFO - Filling up the DagBag from /home/airflow/.local/lib/python3.7/site-packages/airflow/example_dags/example_task_group_decorator.py
[2023-01-12T07:31:13.831+0000] {processor.py:753} INFO - DAG(s) dict_keys(['example_task_group_decorator']) retrieved from /home/airflow/.local/lib/python3.7/site-packages/airflow/example_dags/example_task_group_decorator.py
[2023-01-12T07:31:13.906+0000] {logging_mixin.py:137} INFO - [2023-01-12T07:31:13.906+0000] {dag.py:2676} INFO - Sync 1 DAGs
[2023-01-12T07:31:13.936+0000] {logging_mixin.py:137} INFO - [2023-01-12T07:31:13.936+0000] {dag.py:3427} INFO - Setting next_dagrun for example_task_group_decorator to 2023-01-11T07:31:13.936226+00:00, run_after=2023-01-12T07:31:13.936226+00:00
[2023-01-12T07:31:13.951+0000] {processor.py:175} INFO - Processing /home/airflow/.local/lib/python3.7/site-packages/airflow/example_dags/example_task_group_decorator.py took 0.183 seconds
[2023-01-12T07:31:44.471+0000] {processor.py:153} INFO - Started process (PID=697) to work on /home/airflow/.local/lib/python3.7/site-packages/airflow/example_dags/example_task_group_decorator.py
[2023-01-12T07:31:44.473+0000] {processor.py:743} INFO - Processing file /home/airflow/.local/lib/python3.7/site-packages/airflow/example_dags/example_task_group_decorator.py for tasks to queue
[2023-01-12T07:31:44.474+0000] {logging_mixin.py:137} INFO - [2023-01-12T07:31:44.474+0000] {dagbag.py:538} INFO - Filling up the DagBag from /home/airflow/.local/lib/python3.7/site-packages/airflow/example_dags/example_task_group_decorator.py
[2023-01-12T07:31:44.496+0000] {processor.py:753} INFO - DAG(s) dict_keys(['example_task_group_decorator']) retrieved from /home/airflow/.local/lib/python3.7/site-packages/airflow/example_dags/example_task_group_decorator.py
[2023-01-12T07:31:44.528+0000] {logging_mixin.py:137} INFO - [2023-01-12T07:31:44.528+0000] {dag.py:2676} INFO - Sync 1 DAGs
[2023-01-12T07:31:44.548+0000] {logging_mixin.py:137} INFO - [2023-01-12T07:31:44.548+0000] {dag.py:3427} INFO - Setting next_dagrun for example_task_group_decorator to 2023-01-11T07:31:44.548154+00:00, run_after=2023-01-12T07:31:44.548154+00:00
[2023-01-12T07:31:44.564+0000] {processor.py:175} INFO - Processing /home/airflow/.local/lib/python3.7/site-packages/airflow/example_dags/example_task_group_decorator.py took 0.095 seconds
[2023-01-12T07:32:15.412+0000] {processor.py:153} INFO - Started process (PID=771) to work on /home/airflow/.local/lib/python3.7/site-packages/airflow/example_dags/example_task_group_decorator.py
[2023-01-12T07:32:15.413+0000] {processor.py:743} INFO - Processing file /home/airflow/.local/lib/python3.7/site-packages/airflow/example_dags/example_task_group_decorator.py for tasks to queue
[2023-01-12T07:32:15.415+0000] {logging_mixin.py:137} INFO - [2023-01-12T07:32:15.415+0000] {dagbag.py:538} INFO - Filling up the DagBag from /home/airflow/.local/lib/python3.7/site-packages/airflow/example_dags/example_task_group_decorator.py
[2023-01-12T07:32:15.436+0000] {processor.py:753} INFO - DAG(s) dict_keys(['example_task_group_decorator']) retrieved from /home/airflow/.local/lib/python3.7/site-packages/airflow/example_dags/example_task_group_decorator.py
[2023-01-12T07:32:15.467+0000] {logging_mixin.py:137} INFO - [2023-01-12T07:32:15.467+0000] {dag.py:2676} INFO - Sync 1 DAGs
[2023-01-12T07:32:15.485+0000] {logging_mixin.py:137} INFO - [2023-01-12T07:32:15.485+0000] {dag.py:3427} INFO - Setting next_dagrun for example_task_group_decorator to 2023-01-11T07:32:15.485590+00:00, run_after=2023-01-12T07:32:15.485590+00:00
[2023-01-12T07:32:15.501+0000] {processor.py:175} INFO - Processing /home/airflow/.local/lib/python3.7/site-packages/airflow/example_dags/example_task_group_decorator.py took 0.091 seconds
[2023-01-12T07:32:45.898+0000] {processor.py:153} INFO - Started process (PID=832) to work on /home/airflow/.local/lib/python3.7/site-packages/airflow/example_dags/example_task_group_decorator.py
[2023-01-12T07:32:45.899+0000] {processor.py:743} INFO - Processing file /home/airflow/.local/lib/python3.7/site-packages/airflow/example_dags/example_task_group_decorator.py for tasks to queue
[2023-01-12T07:32:45.900+0000] {logging_mixin.py:137} INFO - [2023-01-12T07:32:45.900+0000] {dagbag.py:538} INFO - Filling up the DagBag from /home/airflow/.local/lib/python3.7/site-packages/airflow/example_dags/example_task_group_decorator.py
[2023-01-12T07:32:45.923+0000] {processor.py:753} INFO - DAG(s) dict_keys(['example_task_group_decorator']) retrieved from /home/airflow/.local/lib/python3.7/site-packages/airflow/example_dags/example_task_group_decorator.py
[2023-01-12T07:32:45.957+0000] {logging_mixin.py:137} INFO - [2023-01-12T07:32:45.957+0000] {dag.py:2676} INFO - Sync 1 DAGs
[2023-01-12T07:32:45.977+0000] {logging_mixin.py:137} INFO - [2023-01-12T07:32:45.977+0000] {dag.py:3427} INFO - Setting next_dagrun for example_task_group_decorator to 2023-01-11T07:32:45.977118+00:00, run_after=2023-01-12T07:32:45.977118+00:00
[2023-01-12T07:32:45.993+0000] {processor.py:175} INFO - Processing /home/airflow/.local/lib/python3.7/site-packages/airflow/example_dags/example_task_group_decorator.py took 0.098 seconds
[2023-01-12T07:33:16.398+0000] {processor.py:153} INFO - Started process (PID=905) to work on /home/airflow/.local/lib/python3.7/site-packages/airflow/example_dags/example_task_group_decorator.py
[2023-01-12T07:33:16.399+0000] {processor.py:743} INFO - Processing file /home/airflow/.local/lib/python3.7/site-packages/airflow/example_dags/example_task_group_decorator.py for tasks to queue
[2023-01-12T07:33:16.401+0000] {logging_mixin.py:137} INFO - [2023-01-12T07:33:16.401+0000] {dagbag.py:538} INFO - Filling up the DagBag from /home/airflow/.local/lib/python3.7/site-packages/airflow/example_dags/example_task_group_decorator.py
[2023-01-12T07:33:16.425+0000] {processor.py:753} INFO - DAG(s) dict_keys(['example_task_group_decorator']) retrieved from /home/airflow/.local/lib/python3.7/site-packages/airflow/example_dags/example_task_group_decorator.py
[2023-01-12T07:33:16.456+0000] {logging_mixin.py:137} INFO - [2023-01-12T07:33:16.456+0000] {dag.py:2676} INFO - Sync 1 DAGs
[2023-01-12T07:33:16.475+0000] {logging_mixin.py:137} INFO - [2023-01-12T07:33:16.475+0000] {dag.py:3427} INFO - Setting next_dagrun for example_task_group_decorator to 2023-01-11T07:33:16.475390+00:00, run_after=2023-01-12T07:33:16.475390+00:00
[2023-01-12T07:33:16.491+0000] {processor.py:175} INFO - Processing /home/airflow/.local/lib/python3.7/site-packages/airflow/example_dags/example_task_group_decorator.py took 0.095 seconds
[2023-01-12T07:33:47.090+0000] {processor.py:153} INFO - Started process (PID=979) to work on /home/airflow/.local/lib/python3.7/site-packages/airflow/example_dags/example_task_group_decorator.py
[2023-01-12T07:33:47.092+0000] {processor.py:743} INFO - Processing file /home/airflow/.local/lib/python3.7/site-packages/airflow/example_dags/example_task_group_decorator.py for tasks to queue
[2023-01-12T07:33:47.093+0000] {logging_mixin.py:137} INFO - [2023-01-12T07:33:47.093+0000] {dagbag.py:538} INFO - Filling up the DagBag from /home/airflow/.local/lib/python3.7/site-packages/airflow/example_dags/example_task_group_decorator.py
[2023-01-12T07:33:47.113+0000] {processor.py:753} INFO - DAG(s) dict_keys(['example_task_group_decorator']) retrieved from /home/airflow/.local/lib/python3.7/site-packages/airflow/example_dags/example_task_group_decorator.py
[2023-01-12T07:33:47.142+0000] {logging_mixin.py:137} INFO - [2023-01-12T07:33:47.142+0000] {dag.py:2676} INFO - Sync 1 DAGs
[2023-01-12T07:33:47.159+0000] {logging_mixin.py:137} INFO - [2023-01-12T07:33:47.159+0000] {dag.py:3427} INFO - Setting next_dagrun for example_task_group_decorator to 2023-01-11T07:33:47.159439+00:00, run_after=2023-01-12T07:33:47.159439+00:00
[2023-01-12T07:33:47.172+0000] {processor.py:175} INFO - Processing /home/airflow/.local/lib/python3.7/site-packages/airflow/example_dags/example_task_group_decorator.py took 0.085 seconds
[2023-01-12T07:34:17.905+0000] {processor.py:153} INFO - Started process (PID=1039) to work on /home/airflow/.local/lib/python3.7/site-packages/airflow/example_dags/example_task_group_decorator.py
[2023-01-12T07:34:17.906+0000] {processor.py:743} INFO - Processing file /home/airflow/.local/lib/python3.7/site-packages/airflow/example_dags/example_task_group_decorator.py for tasks to queue
[2023-01-12T07:34:17.908+0000] {logging_mixin.py:137} INFO - [2023-01-12T07:34:17.908+0000] {dagbag.py:538} INFO - Filling up the DagBag from /home/airflow/.local/lib/python3.7/site-packages/airflow/example_dags/example_task_group_decorator.py
[2023-01-12T07:34:17.928+0000] {processor.py:753} INFO - DAG(s) dict_keys(['example_task_group_decorator']) retrieved from /home/airflow/.local/lib/python3.7/site-packages/airflow/example_dags/example_task_group_decorator.py
[2023-01-12T07:34:17.957+0000] {logging_mixin.py:137} INFO - [2023-01-12T07:34:17.957+0000] {dag.py:2676} INFO - Sync 1 DAGs
[2023-01-12T07:34:17.975+0000] {logging_mixin.py:137} INFO - [2023-01-12T07:34:17.974+0000] {dag.py:3427} INFO - Setting next_dagrun for example_task_group_decorator to 2023-01-11T07:34:17.974804+00:00, run_after=2023-01-12T07:34:17.974804+00:00
[2023-01-12T07:34:17.990+0000] {processor.py:175} INFO - Processing /home/airflow/.local/lib/python3.7/site-packages/airflow/example_dags/example_task_group_decorator.py took 0.087 seconds
[2023-01-12T07:34:48.597+0000] {processor.py:153} INFO - Started process (PID=1112) to work on /home/airflow/.local/lib/python3.7/site-packages/airflow/example_dags/example_task_group_decorator.py
[2023-01-12T07:34:48.598+0000] {processor.py:743} INFO - Processing file /home/airflow/.local/lib/python3.7/site-packages/airflow/example_dags/example_task_group_decorator.py for tasks to queue
[2023-01-12T07:34:48.600+0000] {logging_mixin.py:137} INFO - [2023-01-12T07:34:48.600+0000] {dagbag.py:538} INFO - Filling up the DagBag from /home/airflow/.local/lib/python3.7/site-packages/airflow/example_dags/example_task_group_decorator.py
[2023-01-12T07:34:48.623+0000] {processor.py:753} INFO - DAG(s) dict_keys(['example_task_group_decorator']) retrieved from /home/airflow/.local/lib/python3.7/site-packages/airflow/example_dags/example_task_group_decorator.py
[2023-01-12T07:34:48.660+0000] {logging_mixin.py:137} INFO - [2023-01-12T07:34:48.660+0000] {dag.py:2676} INFO - Sync 1 DAGs
[2023-01-12T07:34:48.680+0000] {logging_mixin.py:137} INFO - [2023-01-12T07:34:48.680+0000] {dag.py:3427} INFO - Setting next_dagrun for example_task_group_decorator to 2023-01-11T07:34:48.679934+00:00, run_after=2023-01-12T07:34:48.679934+00:00
[2023-01-12T07:34:48.696+0000] {processor.py:175} INFO - Processing /home/airflow/.local/lib/python3.7/site-packages/airflow/example_dags/example_task_group_decorator.py took 0.102 seconds
[2023-01-12T07:35:19.574+0000] {processor.py:153} INFO - Started process (PID=1185) to work on /home/airflow/.local/lib/python3.7/site-packages/airflow/example_dags/example_task_group_decorator.py
[2023-01-12T07:35:19.577+0000] {processor.py:743} INFO - Processing file /home/airflow/.local/lib/python3.7/site-packages/airflow/example_dags/example_task_group_decorator.py for tasks to queue
[2023-01-12T07:35:19.579+0000] {logging_mixin.py:137} INFO - [2023-01-12T07:35:19.579+0000] {dagbag.py:538} INFO - Filling up the DagBag from /home/airflow/.local/lib/python3.7/site-packages/airflow/example_dags/example_task_group_decorator.py
[2023-01-12T07:35:19.616+0000] {processor.py:753} INFO - DAG(s) dict_keys(['example_task_group_decorator']) retrieved from /home/airflow/.local/lib/python3.7/site-packages/airflow/example_dags/example_task_group_decorator.py
[2023-01-12T07:35:19.672+0000] {logging_mixin.py:137} INFO - [2023-01-12T07:35:19.672+0000] {dag.py:2676} INFO - Sync 1 DAGs
[2023-01-12T07:35:19.695+0000] {logging_mixin.py:137} INFO - [2023-01-12T07:35:19.694+0000] {dag.py:3427} INFO - Setting next_dagrun for example_task_group_decorator to 2023-01-11T07:35:19.694837+00:00, run_after=2023-01-12T07:35:19.694837+00:00
[2023-01-12T07:35:19.709+0000] {processor.py:175} INFO - Processing /home/airflow/.local/lib/python3.7/site-packages/airflow/example_dags/example_task_group_decorator.py took 0.138 seconds
[2023-01-12T07:35:50.368+0000] {processor.py:153} INFO - Started process (PID=1247) to work on /home/airflow/.local/lib/python3.7/site-packages/airflow/example_dags/example_task_group_decorator.py
[2023-01-12T07:35:50.370+0000] {processor.py:743} INFO - Processing file /home/airflow/.local/lib/python3.7/site-packages/airflow/example_dags/example_task_group_decorator.py for tasks to queue
[2023-01-12T07:35:50.371+0000] {logging_mixin.py:137} INFO - [2023-01-12T07:35:50.371+0000] {dagbag.py:538} INFO - Filling up the DagBag from /home/airflow/.local/lib/python3.7/site-packages/airflow/example_dags/example_task_group_decorator.py
[2023-01-12T07:35:50.393+0000] {processor.py:753} INFO - DAG(s) dict_keys(['example_task_group_decorator']) retrieved from /home/airflow/.local/lib/python3.7/site-packages/airflow/example_dags/example_task_group_decorator.py
[2023-01-12T07:35:50.425+0000] {logging_mixin.py:137} INFO - [2023-01-12T07:35:50.425+0000] {dag.py:2676} INFO - Sync 1 DAGs
[2023-01-12T07:35:50.443+0000] {logging_mixin.py:137} INFO - [2023-01-12T07:35:50.442+0000] {dag.py:3427} INFO - Setting next_dagrun for example_task_group_decorator to 2023-01-11T07:35:50.442754+00:00, run_after=2023-01-12T07:35:50.442754+00:00
[2023-01-12T07:35:50.458+0000] {processor.py:175} INFO - Processing /home/airflow/.local/lib/python3.7/site-packages/airflow/example_dags/example_task_group_decorator.py took 0.092 seconds
[2023-01-12T07:36:21.052+0000] {processor.py:153} INFO - Started process (PID=1322) to work on /home/airflow/.local/lib/python3.7/site-packages/airflow/example_dags/example_task_group_decorator.py
[2023-01-12T07:36:21.054+0000] {processor.py:743} INFO - Processing file /home/airflow/.local/lib/python3.7/site-packages/airflow/example_dags/example_task_group_decorator.py for tasks to queue
[2023-01-12T07:36:21.055+0000] {logging_mixin.py:137} INFO - [2023-01-12T07:36:21.055+0000] {dagbag.py:538} INFO - Filling up the DagBag from /home/airflow/.local/lib/python3.7/site-packages/airflow/example_dags/example_task_group_decorator.py
[2023-01-12T07:36:21.076+0000] {processor.py:753} INFO - DAG(s) dict_keys(['example_task_group_decorator']) retrieved from /home/airflow/.local/lib/python3.7/site-packages/airflow/example_dags/example_task_group_decorator.py
[2023-01-12T07:36:21.106+0000] {logging_mixin.py:137} INFO - [2023-01-12T07:36:21.106+0000] {dag.py:2676} INFO - Sync 1 DAGs
[2023-01-12T07:36:21.123+0000] {logging_mixin.py:137} INFO - [2023-01-12T07:36:21.123+0000] {dag.py:3427} INFO - Setting next_dagrun for example_task_group_decorator to 2023-01-11T07:36:21.123213+00:00, run_after=2023-01-12T07:36:21.123213+00:00
[2023-01-12T07:36:21.138+0000] {processor.py:175} INFO - Processing /home/airflow/.local/lib/python3.7/site-packages/airflow/example_dags/example_task_group_decorator.py took 0.089 seconds
[2023-01-12T07:37:21.293+0000] {processor.py:153} INFO - Started process (PID=75) to work on /home/airflow/.local/lib/python3.7/site-packages/airflow/example_dags/example_task_group_decorator.py
[2023-01-12T07:37:21.295+0000] {processor.py:743} INFO - Processing file /home/airflow/.local/lib/python3.7/site-packages/airflow/example_dags/example_task_group_decorator.py for tasks to queue
[2023-01-12T07:37:21.296+0000] {logging_mixin.py:137} INFO - [2023-01-12T07:37:21.296+0000] {dagbag.py:538} INFO - Filling up the DagBag from /home/airflow/.local/lib/python3.7/site-packages/airflow/example_dags/example_task_group_decorator.py
[2023-01-12T07:37:21.325+0000] {processor.py:753} INFO - DAG(s) dict_keys(['example_task_group_decorator']) retrieved from /home/airflow/.local/lib/python3.7/site-packages/airflow/example_dags/example_task_group_decorator.py
[2023-01-12T07:37:21.388+0000] {logging_mixin.py:137} INFO - [2023-01-12T07:37:21.388+0000] {dag.py:2676} INFO - Sync 1 DAGs
[2023-01-12T07:37:21.429+0000] {logging_mixin.py:137} INFO - [2023-01-12T07:37:21.428+0000] {dag.py:3427} INFO - Setting next_dagrun for example_task_group_decorator to 2023-01-11T07:37:21.428652+00:00, run_after=2023-01-12T07:37:21.428652+00:00
[2023-01-12T07:37:21.451+0000] {processor.py:175} INFO - Processing /home/airflow/.local/lib/python3.7/site-packages/airflow/example_dags/example_task_group_decorator.py took 0.161 seconds
[2023-01-12T07:37:51.566+0000] {processor.py:153} INFO - Started process (PID=142) to work on /home/airflow/.local/lib/python3.7/site-packages/airflow/example_dags/example_task_group_decorator.py
[2023-01-12T07:37:51.568+0000] {processor.py:743} INFO - Processing file /home/airflow/.local/lib/python3.7/site-packages/airflow/example_dags/example_task_group_decorator.py for tasks to queue
[2023-01-12T07:37:51.570+0000] {logging_mixin.py:137} INFO - [2023-01-12T07:37:51.570+0000] {dagbag.py:538} INFO - Filling up the DagBag from /home/airflow/.local/lib/python3.7/site-packages/airflow/example_dags/example_task_group_decorator.py
[2023-01-12T07:37:51.595+0000] {processor.py:753} INFO - DAG(s) dict_keys(['example_task_group_decorator']) retrieved from /home/airflow/.local/lib/python3.7/site-packages/airflow/example_dags/example_task_group_decorator.py
[2023-01-12T07:37:51.628+0000] {logging_mixin.py:137} INFO - [2023-01-12T07:37:51.628+0000] {dag.py:2676} INFO - Sync 1 DAGs
[2023-01-12T07:37:51.649+0000] {logging_mixin.py:137} INFO - [2023-01-12T07:37:51.649+0000] {dag.py:3427} INFO - Setting next_dagrun for example_task_group_decorator to 2023-01-11T07:37:51.649170+00:00, run_after=2023-01-12T07:37:51.649170+00:00
[2023-01-12T07:37:51.670+0000] {processor.py:175} INFO - Processing /home/airflow/.local/lib/python3.7/site-packages/airflow/example_dags/example_task_group_decorator.py took 0.106 seconds
[2023-01-12T07:38:22.411+0000] {processor.py:153} INFO - Started process (PID=216) to work on /home/airflow/.local/lib/python3.7/site-packages/airflow/example_dags/example_task_group_decorator.py
[2023-01-12T07:38:22.413+0000] {processor.py:743} INFO - Processing file /home/airflow/.local/lib/python3.7/site-packages/airflow/example_dags/example_task_group_decorator.py for tasks to queue
[2023-01-12T07:38:22.414+0000] {logging_mixin.py:137} INFO - [2023-01-12T07:38:22.414+0000] {dagbag.py:538} INFO - Filling up the DagBag from /home/airflow/.local/lib/python3.7/site-packages/airflow/example_dags/example_task_group_decorator.py
[2023-01-12T07:38:22.437+0000] {processor.py:753} INFO - DAG(s) dict_keys(['example_task_group_decorator']) retrieved from /home/airflow/.local/lib/python3.7/site-packages/airflow/example_dags/example_task_group_decorator.py
[2023-01-12T07:38:22.469+0000] {logging_mixin.py:137} INFO - [2023-01-12T07:38:22.469+0000] {dag.py:2676} INFO - Sync 1 DAGs
[2023-01-12T07:38:22.486+0000] {logging_mixin.py:137} INFO - [2023-01-12T07:38:22.486+0000] {dag.py:3427} INFO - Setting next_dagrun for example_task_group_decorator to 2023-01-11T07:38:22.485940+00:00, run_after=2023-01-12T07:38:22.485940+00:00
[2023-01-12T07:38:22.499+0000] {processor.py:175} INFO - Processing /home/airflow/.local/lib/python3.7/site-packages/airflow/example_dags/example_task_group_decorator.py took 0.091 seconds
[2023-01-12T07:38:52.927+0000] {processor.py:153} INFO - Started process (PID=279) to work on /home/airflow/.local/lib/python3.7/site-packages/airflow/example_dags/example_task_group_decorator.py
[2023-01-12T07:38:52.930+0000] {processor.py:743} INFO - Processing file /home/airflow/.local/lib/python3.7/site-packages/airflow/example_dags/example_task_group_decorator.py for tasks to queue
[2023-01-12T07:38:52.931+0000] {logging_mixin.py:137} INFO - [2023-01-12T07:38:52.931+0000] {dagbag.py:538} INFO - Filling up the DagBag from /home/airflow/.local/lib/python3.7/site-packages/airflow/example_dags/example_task_group_decorator.py
[2023-01-12T07:38:52.955+0000] {processor.py:753} INFO - DAG(s) dict_keys(['example_task_group_decorator']) retrieved from /home/airflow/.local/lib/python3.7/site-packages/airflow/example_dags/example_task_group_decorator.py
[2023-01-12T07:38:52.986+0000] {logging_mixin.py:137} INFO - [2023-01-12T07:38:52.985+0000] {dag.py:2676} INFO - Sync 1 DAGs
[2023-01-12T07:38:53.004+0000] {logging_mixin.py:137} INFO - [2023-01-12T07:38:53.004+0000] {dag.py:3427} INFO - Setting next_dagrun for example_task_group_decorator to 2023-01-11T07:38:53.004477+00:00, run_after=2023-01-12T07:38:53.004477+00:00
[2023-01-12T07:38:53.019+0000] {processor.py:175} INFO - Processing /home/airflow/.local/lib/python3.7/site-packages/airflow/example_dags/example_task_group_decorator.py took 0.094 seconds
[2023-01-12T07:39:23.508+0000] {processor.py:153} INFO - Started process (PID=353) to work on /home/airflow/.local/lib/python3.7/site-packages/airflow/example_dags/example_task_group_decorator.py
[2023-01-12T07:39:23.513+0000] {processor.py:743} INFO - Processing file /home/airflow/.local/lib/python3.7/site-packages/airflow/example_dags/example_task_group_decorator.py for tasks to queue
[2023-01-12T07:39:23.514+0000] {logging_mixin.py:137} INFO - [2023-01-12T07:39:23.514+0000] {dagbag.py:538} INFO - Filling up the DagBag from /home/airflow/.local/lib/python3.7/site-packages/airflow/example_dags/example_task_group_decorator.py
[2023-01-12T07:39:23.538+0000] {processor.py:753} INFO - DAG(s) dict_keys(['example_task_group_decorator']) retrieved from /home/airflow/.local/lib/python3.7/site-packages/airflow/example_dags/example_task_group_decorator.py
[2023-01-12T07:39:23.569+0000] {logging_mixin.py:137} INFO - [2023-01-12T07:39:23.569+0000] {dag.py:2676} INFO - Sync 1 DAGs
[2023-01-12T07:39:23.589+0000] {logging_mixin.py:137} INFO - [2023-01-12T07:39:23.589+0000] {dag.py:3427} INFO - Setting next_dagrun for example_task_group_decorator to 2023-01-11T07:39:23.588909+00:00, run_after=2023-01-12T07:39:23.588909+00:00
[2023-01-12T07:39:23.604+0000] {processor.py:175} INFO - Processing /home/airflow/.local/lib/python3.7/site-packages/airflow/example_dags/example_task_group_decorator.py took 0.100 seconds
[2023-01-12T07:40:38.506+0000] {processor.py:153} INFO - Started process (PID=73) to work on /home/airflow/.local/lib/python3.7/site-packages/airflow/example_dags/example_task_group_decorator.py
[2023-01-12T07:40:38.508+0000] {processor.py:743} INFO - Processing file /home/airflow/.local/lib/python3.7/site-packages/airflow/example_dags/example_task_group_decorator.py for tasks to queue
[2023-01-12T07:40:38.511+0000] {logging_mixin.py:137} INFO - [2023-01-12T07:40:38.510+0000] {dagbag.py:538} INFO - Filling up the DagBag from /home/airflow/.local/lib/python3.7/site-packages/airflow/example_dags/example_task_group_decorator.py
[2023-01-12T07:40:38.544+0000] {processor.py:753} INFO - DAG(s) dict_keys(['example_task_group_decorator']) retrieved from /home/airflow/.local/lib/python3.7/site-packages/airflow/example_dags/example_task_group_decorator.py
[2023-01-12T07:40:38.570+0000] {logging_mixin.py:137} INFO - [2023-01-12T07:40:38.570+0000] {dag.py:2676} INFO - Sync 1 DAGs
[2023-01-12T07:40:38.592+0000] {logging_mixin.py:137} INFO - [2023-01-12T07:40:38.592+0000] {dag.py:3427} INFO - Setting next_dagrun for example_task_group_decorator to 2023-01-11T07:40:38.592220+00:00, run_after=2023-01-12T07:40:38.592220+00:00
[2023-01-12T07:40:38.620+0000] {processor.py:175} INFO - Processing /home/airflow/.local/lib/python3.7/site-packages/airflow/example_dags/example_task_group_decorator.py took 0.117 seconds
[2023-01-12T07:41:08.800+0000] {processor.py:153} INFO - Started process (PID=145) to work on /home/airflow/.local/lib/python3.7/site-packages/airflow/example_dags/example_task_group_decorator.py
[2023-01-12T07:41:08.802+0000] {processor.py:743} INFO - Processing file /home/airflow/.local/lib/python3.7/site-packages/airflow/example_dags/example_task_group_decorator.py for tasks to queue
[2023-01-12T07:41:08.803+0000] {logging_mixin.py:137} INFO - [2023-01-12T07:41:08.803+0000] {dagbag.py:538} INFO - Filling up the DagBag from /home/airflow/.local/lib/python3.7/site-packages/airflow/example_dags/example_task_group_decorator.py
[2023-01-12T07:41:08.827+0000] {processor.py:753} INFO - DAG(s) dict_keys(['example_task_group_decorator']) retrieved from /home/airflow/.local/lib/python3.7/site-packages/airflow/example_dags/example_task_group_decorator.py
[2023-01-12T07:41:08.855+0000] {logging_mixin.py:137} INFO - [2023-01-12T07:41:08.855+0000] {dag.py:2676} INFO - Sync 1 DAGs
[2023-01-12T07:41:08.872+0000] {logging_mixin.py:137} INFO - [2023-01-12T07:41:08.872+0000] {dag.py:3427} INFO - Setting next_dagrun for example_task_group_decorator to 2023-01-11T07:41:08.872698+00:00, run_after=2023-01-12T07:41:08.872698+00:00
[2023-01-12T07:41:08.887+0000] {processor.py:175} INFO - Processing /home/airflow/.local/lib/python3.7/site-packages/airflow/example_dags/example_task_group_decorator.py took 0.090 seconds
[2023-01-12T07:41:39.121+0000] {processor.py:153} INFO - Started process (PID=218) to work on /home/airflow/.local/lib/python3.7/site-packages/airflow/example_dags/example_task_group_decorator.py
[2023-01-12T07:41:39.123+0000] {processor.py:743} INFO - Processing file /home/airflow/.local/lib/python3.7/site-packages/airflow/example_dags/example_task_group_decorator.py for tasks to queue
[2023-01-12T07:41:39.124+0000] {logging_mixin.py:137} INFO - [2023-01-12T07:41:39.124+0000] {dagbag.py:538} INFO - Filling up the DagBag from /home/airflow/.local/lib/python3.7/site-packages/airflow/example_dags/example_task_group_decorator.py
[2023-01-12T07:41:39.160+0000] {processor.py:753} INFO - DAG(s) dict_keys(['example_task_group_decorator']) retrieved from /home/airflow/.local/lib/python3.7/site-packages/airflow/example_dags/example_task_group_decorator.py
[2023-01-12T07:41:39.213+0000] {logging_mixin.py:137} INFO - [2023-01-12T07:41:39.213+0000] {dag.py:2676} INFO - Sync 1 DAGs
[2023-01-12T07:41:39.252+0000] {logging_mixin.py:137} INFO - [2023-01-12T07:41:39.252+0000] {dag.py:3427} INFO - Setting next_dagrun for example_task_group_decorator to 2023-01-11T07:41:39.252505+00:00, run_after=2023-01-12T07:41:39.252505+00:00
[2023-01-12T07:41:39.270+0000] {processor.py:175} INFO - Processing /home/airflow/.local/lib/python3.7/site-packages/airflow/example_dags/example_task_group_decorator.py took 0.152 seconds
[2023-01-12T07:42:09.935+0000] {processor.py:153} INFO - Started process (PID=280) to work on /home/airflow/.local/lib/python3.7/site-packages/airflow/example_dags/example_task_group_decorator.py
[2023-01-12T07:42:09.937+0000] {processor.py:743} INFO - Processing file /home/airflow/.local/lib/python3.7/site-packages/airflow/example_dags/example_task_group_decorator.py for tasks to queue
[2023-01-12T07:42:09.939+0000] {logging_mixin.py:137} INFO - [2023-01-12T07:42:09.939+0000] {dagbag.py:538} INFO - Filling up the DagBag from /home/airflow/.local/lib/python3.7/site-packages/airflow/example_dags/example_task_group_decorator.py
[2023-01-12T07:42:09.961+0000] {processor.py:753} INFO - DAG(s) dict_keys(['example_task_group_decorator']) retrieved from /home/airflow/.local/lib/python3.7/site-packages/airflow/example_dags/example_task_group_decorator.py
[2023-01-12T07:42:09.992+0000] {logging_mixin.py:137} INFO - [2023-01-12T07:42:09.992+0000] {dag.py:2676} INFO - Sync 1 DAGs
[2023-01-12T07:42:10.011+0000] {logging_mixin.py:137} INFO - [2023-01-12T07:42:10.010+0000] {dag.py:3427} INFO - Setting next_dagrun for example_task_group_decorator to 2023-01-11T07:42:10.010717+00:00, run_after=2023-01-12T07:42:10.010717+00:00
[2023-01-12T07:42:10.029+0000] {processor.py:175} INFO - Processing /home/airflow/.local/lib/python3.7/site-packages/airflow/example_dags/example_task_group_decorator.py took 0.096 seconds
[2023-01-12T07:42:40.555+0000] {processor.py:153} INFO - Started process (PID=356) to work on /home/airflow/.local/lib/python3.7/site-packages/airflow/example_dags/example_task_group_decorator.py
[2023-01-12T07:42:40.557+0000] {processor.py:743} INFO - Processing file /home/airflow/.local/lib/python3.7/site-packages/airflow/example_dags/example_task_group_decorator.py for tasks to queue
[2023-01-12T07:42:40.559+0000] {logging_mixin.py:137} INFO - [2023-01-12T07:42:40.558+0000] {dagbag.py:538} INFO - Filling up the DagBag from /home/airflow/.local/lib/python3.7/site-packages/airflow/example_dags/example_task_group_decorator.py
[2023-01-12T07:42:40.582+0000] {processor.py:753} INFO - DAG(s) dict_keys(['example_task_group_decorator']) retrieved from /home/airflow/.local/lib/python3.7/site-packages/airflow/example_dags/example_task_group_decorator.py
[2023-01-12T07:42:40.615+0000] {logging_mixin.py:137} INFO - [2023-01-12T07:42:40.614+0000] {dag.py:2676} INFO - Sync 1 DAGs
[2023-01-12T07:42:40.635+0000] {logging_mixin.py:137} INFO - [2023-01-12T07:42:40.635+0000] {dag.py:3427} INFO - Setting next_dagrun for example_task_group_decorator to 2023-01-11T07:42:40.635322+00:00, run_after=2023-01-12T07:42:40.635322+00:00
[2023-01-12T07:42:40.657+0000] {processor.py:175} INFO - Processing /home/airflow/.local/lib/python3.7/site-packages/airflow/example_dags/example_task_group_decorator.py took 0.105 seconds
[2023-01-12T07:43:11.301+0000] {processor.py:153} INFO - Started process (PID=424) to work on /home/airflow/.local/lib/python3.7/site-packages/airflow/example_dags/example_task_group_decorator.py
[2023-01-12T07:43:11.303+0000] {processor.py:743} INFO - Processing file /home/airflow/.local/lib/python3.7/site-packages/airflow/example_dags/example_task_group_decorator.py for tasks to queue
[2023-01-12T07:43:11.305+0000] {logging_mixin.py:137} INFO - [2023-01-12T07:43:11.305+0000] {dagbag.py:538} INFO - Filling up the DagBag from /home/airflow/.local/lib/python3.7/site-packages/airflow/example_dags/example_task_group_decorator.py
[2023-01-12T07:43:11.329+0000] {processor.py:753} INFO - DAG(s) dict_keys(['example_task_group_decorator']) retrieved from /home/airflow/.local/lib/python3.7/site-packages/airflow/example_dags/example_task_group_decorator.py
[2023-01-12T07:43:11.369+0000] {logging_mixin.py:137} INFO - [2023-01-12T07:43:11.369+0000] {dag.py:2676} INFO - Sync 1 DAGs
[2023-01-12T07:43:11.394+0000] {logging_mixin.py:137} INFO - [2023-01-12T07:43:11.394+0000] {dag.py:3427} INFO - Setting next_dagrun for example_task_group_decorator to 2023-01-11T07:43:11.394460+00:00, run_after=2023-01-12T07:43:11.394460+00:00
[2023-01-12T07:43:11.410+0000] {processor.py:175} INFO - Processing /home/airflow/.local/lib/python3.7/site-packages/airflow/example_dags/example_task_group_decorator.py took 0.113 seconds
[2023-01-12T07:43:42.034+0000] {processor.py:153} INFO - Started process (PID=490) to work on /home/airflow/.local/lib/python3.7/site-packages/airflow/example_dags/example_task_group_decorator.py
[2023-01-12T07:43:42.036+0000] {processor.py:743} INFO - Processing file /home/airflow/.local/lib/python3.7/site-packages/airflow/example_dags/example_task_group_decorator.py for tasks to queue
[2023-01-12T07:43:42.038+0000] {logging_mixin.py:137} INFO - [2023-01-12T07:43:42.038+0000] {dagbag.py:538} INFO - Filling up the DagBag from /home/airflow/.local/lib/python3.7/site-packages/airflow/example_dags/example_task_group_decorator.py
[2023-01-12T07:43:42.061+0000] {processor.py:753} INFO - DAG(s) dict_keys(['example_task_group_decorator']) retrieved from /home/airflow/.local/lib/python3.7/site-packages/airflow/example_dags/example_task_group_decorator.py
[2023-01-12T07:43:42.126+0000] {logging_mixin.py:137} INFO - [2023-01-12T07:43:42.126+0000] {dag.py:2676} INFO - Sync 1 DAGs
[2023-01-12T07:43:42.149+0000] {logging_mixin.py:137} INFO - [2023-01-12T07:43:42.149+0000] {dag.py:3427} INFO - Setting next_dagrun for example_task_group_decorator to 2023-01-11T07:43:42.149605+00:00, run_after=2023-01-12T07:43:42.149605+00:00
[2023-01-12T07:43:42.173+0000] {processor.py:175} INFO - Processing /home/airflow/.local/lib/python3.7/site-packages/airflow/example_dags/example_task_group_decorator.py took 0.141 seconds
[2023-01-12T07:44:12.342+0000] {processor.py:153} INFO - Started process (PID=564) to work on /home/airflow/.local/lib/python3.7/site-packages/airflow/example_dags/example_task_group_decorator.py
[2023-01-12T07:44:12.343+0000] {processor.py:743} INFO - Processing file /home/airflow/.local/lib/python3.7/site-packages/airflow/example_dags/example_task_group_decorator.py for tasks to queue
[2023-01-12T07:44:12.345+0000] {logging_mixin.py:137} INFO - [2023-01-12T07:44:12.345+0000] {dagbag.py:538} INFO - Filling up the DagBag from /home/airflow/.local/lib/python3.7/site-packages/airflow/example_dags/example_task_group_decorator.py
[2023-01-12T07:44:12.367+0000] {processor.py:753} INFO - DAG(s) dict_keys(['example_task_group_decorator']) retrieved from /home/airflow/.local/lib/python3.7/site-packages/airflow/example_dags/example_task_group_decorator.py
[2023-01-12T07:44:12.400+0000] {logging_mixin.py:137} INFO - [2023-01-12T07:44:12.400+0000] {dag.py:2676} INFO - Sync 1 DAGs
[2023-01-12T07:44:12.423+0000] {logging_mixin.py:137} INFO - [2023-01-12T07:44:12.423+0000] {dag.py:3427} INFO - Setting next_dagrun for example_task_group_decorator to 2023-01-11T07:44:12.423259+00:00, run_after=2023-01-12T07:44:12.423259+00:00
[2023-01-12T07:44:12.439+0000] {processor.py:175} INFO - Processing /home/airflow/.local/lib/python3.7/site-packages/airflow/example_dags/example_task_group_decorator.py took 0.099 seconds
[2023-01-12T07:44:42.878+0000] {processor.py:153} INFO - Started process (PID=626) to work on /home/airflow/.local/lib/python3.7/site-packages/airflow/example_dags/example_task_group_decorator.py
[2023-01-12T07:44:42.880+0000] {processor.py:743} INFO - Processing file /home/airflow/.local/lib/python3.7/site-packages/airflow/example_dags/example_task_group_decorator.py for tasks to queue
[2023-01-12T07:44:42.881+0000] {logging_mixin.py:137} INFO - [2023-01-12T07:44:42.881+0000] {dagbag.py:538} INFO - Filling up the DagBag from /home/airflow/.local/lib/python3.7/site-packages/airflow/example_dags/example_task_group_decorator.py
[2023-01-12T07:44:42.908+0000] {processor.py:753} INFO - DAG(s) dict_keys(['example_task_group_decorator']) retrieved from /home/airflow/.local/lib/python3.7/site-packages/airflow/example_dags/example_task_group_decorator.py
[2023-01-12T07:44:42.938+0000] {logging_mixin.py:137} INFO - [2023-01-12T07:44:42.938+0000] {dag.py:2676} INFO - Sync 1 DAGs
[2023-01-12T07:44:42.958+0000] {logging_mixin.py:137} INFO - [2023-01-12T07:44:42.957+0000] {dag.py:3427} INFO - Setting next_dagrun for example_task_group_decorator to 2023-01-11T07:44:42.957784+00:00, run_after=2023-01-12T07:44:42.957784+00:00
[2023-01-12T07:44:42.972+0000] {processor.py:175} INFO - Processing /home/airflow/.local/lib/python3.7/site-packages/airflow/example_dags/example_task_group_decorator.py took 0.097 seconds
[2023-01-12T07:45:13.538+0000] {processor.py:153} INFO - Started process (PID=701) to work on /home/airflow/.local/lib/python3.7/site-packages/airflow/example_dags/example_task_group_decorator.py
[2023-01-12T07:45:13.540+0000] {processor.py:743} INFO - Processing file /home/airflow/.local/lib/python3.7/site-packages/airflow/example_dags/example_task_group_decorator.py for tasks to queue
[2023-01-12T07:45:13.542+0000] {logging_mixin.py:137} INFO - [2023-01-12T07:45:13.542+0000] {dagbag.py:538} INFO - Filling up the DagBag from /home/airflow/.local/lib/python3.7/site-packages/airflow/example_dags/example_task_group_decorator.py
[2023-01-12T07:45:13.564+0000] {processor.py:753} INFO - DAG(s) dict_keys(['example_task_group_decorator']) retrieved from /home/airflow/.local/lib/python3.7/site-packages/airflow/example_dags/example_task_group_decorator.py
[2023-01-12T07:45:13.593+0000] {logging_mixin.py:137} INFO - [2023-01-12T07:45:13.593+0000] {dag.py:2676} INFO - Sync 1 DAGs
[2023-01-12T07:45:13.611+0000] {logging_mixin.py:137} INFO - [2023-01-12T07:45:13.611+0000] {dag.py:3427} INFO - Setting next_dagrun for example_task_group_decorator to 2023-01-11T07:45:13.611364+00:00, run_after=2023-01-12T07:45:13.611364+00:00
[2023-01-12T07:45:13.625+0000] {processor.py:175} INFO - Processing /home/airflow/.local/lib/python3.7/site-packages/airflow/example_dags/example_task_group_decorator.py took 0.090 seconds
[2023-01-12T07:45:44.582+0000] {processor.py:153} INFO - Started process (PID=775) to work on /home/airflow/.local/lib/python3.7/site-packages/airflow/example_dags/example_task_group_decorator.py
[2023-01-12T07:45:44.583+0000] {processor.py:743} INFO - Processing file /home/airflow/.local/lib/python3.7/site-packages/airflow/example_dags/example_task_group_decorator.py for tasks to queue
[2023-01-12T07:45:44.585+0000] {logging_mixin.py:137} INFO - [2023-01-12T07:45:44.585+0000] {dagbag.py:538} INFO - Filling up the DagBag from /home/airflow/.local/lib/python3.7/site-packages/airflow/example_dags/example_task_group_decorator.py
[2023-01-12T07:45:44.606+0000] {processor.py:753} INFO - DAG(s) dict_keys(['example_task_group_decorator']) retrieved from /home/airflow/.local/lib/python3.7/site-packages/airflow/example_dags/example_task_group_decorator.py
[2023-01-12T07:45:44.637+0000] {logging_mixin.py:137} INFO - [2023-01-12T07:45:44.636+0000] {dag.py:2676} INFO - Sync 1 DAGs
[2023-01-12T07:45:44.656+0000] {logging_mixin.py:137} INFO - [2023-01-12T07:45:44.656+0000] {dag.py:3427} INFO - Setting next_dagrun for example_task_group_decorator to 2023-01-11T07:45:44.656230+00:00, run_after=2023-01-12T07:45:44.656230+00:00
[2023-01-12T07:45:44.670+0000] {processor.py:175} INFO - Processing /home/airflow/.local/lib/python3.7/site-packages/airflow/example_dags/example_task_group_decorator.py took 0.090 seconds
[2023-01-12T07:46:15.221+0000] {processor.py:153} INFO - Started process (PID=837) to work on /home/airflow/.local/lib/python3.7/site-packages/airflow/example_dags/example_task_group_decorator.py
[2023-01-12T07:46:15.223+0000] {processor.py:743} INFO - Processing file /home/airflow/.local/lib/python3.7/site-packages/airflow/example_dags/example_task_group_decorator.py for tasks to queue
[2023-01-12T07:46:15.224+0000] {logging_mixin.py:137} INFO - [2023-01-12T07:46:15.224+0000] {dagbag.py:538} INFO - Filling up the DagBag from /home/airflow/.local/lib/python3.7/site-packages/airflow/example_dags/example_task_group_decorator.py
[2023-01-12T07:46:15.246+0000] {processor.py:753} INFO - DAG(s) dict_keys(['example_task_group_decorator']) retrieved from /home/airflow/.local/lib/python3.7/site-packages/airflow/example_dags/example_task_group_decorator.py
[2023-01-12T07:46:15.282+0000] {logging_mixin.py:137} INFO - [2023-01-12T07:46:15.282+0000] {dag.py:2676} INFO - Sync 1 DAGs
[2023-01-12T07:46:15.306+0000] {logging_mixin.py:137} INFO - [2023-01-12T07:46:15.306+0000] {dag.py:3427} INFO - Setting next_dagrun for example_task_group_decorator to 2023-01-11T07:46:15.306002+00:00, run_after=2023-01-12T07:46:15.306002+00:00
[2023-01-12T07:46:15.328+0000] {processor.py:175} INFO - Processing /home/airflow/.local/lib/python3.7/site-packages/airflow/example_dags/example_task_group_decorator.py took 0.110 seconds
[2023-01-12T07:46:46.022+0000] {processor.py:153} INFO - Started process (PID=912) to work on /home/airflow/.local/lib/python3.7/site-packages/airflow/example_dags/example_task_group_decorator.py
[2023-01-12T07:46:46.024+0000] {processor.py:743} INFO - Processing file /home/airflow/.local/lib/python3.7/site-packages/airflow/example_dags/example_task_group_decorator.py for tasks to queue
[2023-01-12T07:46:46.026+0000] {logging_mixin.py:137} INFO - [2023-01-12T07:46:46.026+0000] {dagbag.py:538} INFO - Filling up the DagBag from /home/airflow/.local/lib/python3.7/site-packages/airflow/example_dags/example_task_group_decorator.py
[2023-01-12T07:46:46.051+0000] {processor.py:753} INFO - DAG(s) dict_keys(['example_task_group_decorator']) retrieved from /home/airflow/.local/lib/python3.7/site-packages/airflow/example_dags/example_task_group_decorator.py
[2023-01-12T07:46:46.085+0000] {logging_mixin.py:137} INFO - [2023-01-12T07:46:46.085+0000] {dag.py:2676} INFO - Sync 1 DAGs
[2023-01-12T07:46:46.110+0000] {logging_mixin.py:137} INFO - [2023-01-12T07:46:46.110+0000] {dag.py:3427} INFO - Setting next_dagrun for example_task_group_decorator to 2023-01-11T07:46:46.110214+00:00, run_after=2023-01-12T07:46:46.110214+00:00
[2023-01-12T07:46:46.126+0000] {processor.py:175} INFO - Processing /home/airflow/.local/lib/python3.7/site-packages/airflow/example_dags/example_task_group_decorator.py took 0.107 seconds
[2023-01-12T07:47:17.156+0000] {processor.py:153} INFO - Started process (PID=986) to work on /home/airflow/.local/lib/python3.7/site-packages/airflow/example_dags/example_task_group_decorator.py
[2023-01-12T07:47:17.159+0000] {processor.py:743} INFO - Processing file /home/airflow/.local/lib/python3.7/site-packages/airflow/example_dags/example_task_group_decorator.py for tasks to queue
[2023-01-12T07:47:17.160+0000] {logging_mixin.py:137} INFO - [2023-01-12T07:47:17.160+0000] {dagbag.py:538} INFO - Filling up the DagBag from /home/airflow/.local/lib/python3.7/site-packages/airflow/example_dags/example_task_group_decorator.py
[2023-01-12T07:47:17.208+0000] {processor.py:753} INFO - DAG(s) dict_keys(['example_task_group_decorator']) retrieved from /home/airflow/.local/lib/python3.7/site-packages/airflow/example_dags/example_task_group_decorator.py
[2023-01-12T07:47:17.291+0000] {logging_mixin.py:137} INFO - [2023-01-12T07:47:17.291+0000] {dag.py:2676} INFO - Sync 1 DAGs
[2023-01-12T07:47:17.336+0000] {logging_mixin.py:137} INFO - [2023-01-12T07:47:17.335+0000] {dag.py:3427} INFO - Setting next_dagrun for example_task_group_decorator to 2023-01-11T07:47:17.335765+00:00, run_after=2023-01-12T07:47:17.335765+00:00
[2023-01-12T07:47:17.362+0000] {processor.py:175} INFO - Processing /home/airflow/.local/lib/python3.7/site-packages/airflow/example_dags/example_task_group_decorator.py took 0.214 seconds
[2023-01-12T07:47:47.993+0000] {processor.py:153} INFO - Started process (PID=1050) to work on /home/airflow/.local/lib/python3.7/site-packages/airflow/example_dags/example_task_group_decorator.py
[2023-01-12T07:47:47.995+0000] {processor.py:743} INFO - Processing file /home/airflow/.local/lib/python3.7/site-packages/airflow/example_dags/example_task_group_decorator.py for tasks to queue
[2023-01-12T07:47:47.996+0000] {logging_mixin.py:137} INFO - [2023-01-12T07:47:47.996+0000] {dagbag.py:538} INFO - Filling up the DagBag from /home/airflow/.local/lib/python3.7/site-packages/airflow/example_dags/example_task_group_decorator.py
[2023-01-12T07:47:48.018+0000] {processor.py:753} INFO - DAG(s) dict_keys(['example_task_group_decorator']) retrieved from /home/airflow/.local/lib/python3.7/site-packages/airflow/example_dags/example_task_group_decorator.py
[2023-01-12T07:47:48.049+0000] {logging_mixin.py:137} INFO - [2023-01-12T07:47:48.049+0000] {dag.py:2676} INFO - Sync 1 DAGs
[2023-01-12T07:47:48.067+0000] {logging_mixin.py:137} INFO - [2023-01-12T07:47:48.067+0000] {dag.py:3427} INFO - Setting next_dagrun for example_task_group_decorator to 2023-01-11T07:47:48.067579+00:00, run_after=2023-01-12T07:47:48.067579+00:00
[2023-01-12T07:47:48.081+0000] {processor.py:175} INFO - Processing /home/airflow/.local/lib/python3.7/site-packages/airflow/example_dags/example_task_group_decorator.py took 0.091 seconds
[2023-01-12T07:48:18.909+0000] {processor.py:153} INFO - Started process (PID=1123) to work on /home/airflow/.local/lib/python3.7/site-packages/airflow/example_dags/example_task_group_decorator.py
[2023-01-12T07:48:18.911+0000] {processor.py:743} INFO - Processing file /home/airflow/.local/lib/python3.7/site-packages/airflow/example_dags/example_task_group_decorator.py for tasks to queue
[2023-01-12T07:48:18.912+0000] {logging_mixin.py:137} INFO - [2023-01-12T07:48:18.912+0000] {dagbag.py:538} INFO - Filling up the DagBag from /home/airflow/.local/lib/python3.7/site-packages/airflow/example_dags/example_task_group_decorator.py
[2023-01-12T07:48:18.935+0000] {processor.py:753} INFO - DAG(s) dict_keys(['example_task_group_decorator']) retrieved from /home/airflow/.local/lib/python3.7/site-packages/airflow/example_dags/example_task_group_decorator.py
[2023-01-12T07:48:18.965+0000] {logging_mixin.py:137} INFO - [2023-01-12T07:48:18.965+0000] {dag.py:2676} INFO - Sync 1 DAGs
[2023-01-12T07:48:18.986+0000] {logging_mixin.py:137} INFO - [2023-01-12T07:48:18.986+0000] {dag.py:3427} INFO - Setting next_dagrun for example_task_group_decorator to 2023-01-11T07:48:18.986203+00:00, run_after=2023-01-12T07:48:18.986203+00:00
[2023-01-12T07:48:19.002+0000] {processor.py:175} INFO - Processing /home/airflow/.local/lib/python3.7/site-packages/airflow/example_dags/example_task_group_decorator.py took 0.095 seconds
[2023-01-12T07:48:49.423+0000] {processor.py:153} INFO - Started process (PID=1184) to work on /home/airflow/.local/lib/python3.7/site-packages/airflow/example_dags/example_task_group_decorator.py
[2023-01-12T07:48:49.425+0000] {processor.py:743} INFO - Processing file /home/airflow/.local/lib/python3.7/site-packages/airflow/example_dags/example_task_group_decorator.py for tasks to queue
[2023-01-12T07:48:49.427+0000] {logging_mixin.py:137} INFO - [2023-01-12T07:48:49.427+0000] {dagbag.py:538} INFO - Filling up the DagBag from /home/airflow/.local/lib/python3.7/site-packages/airflow/example_dags/example_task_group_decorator.py
[2023-01-12T07:48:49.449+0000] {processor.py:753} INFO - DAG(s) dict_keys(['example_task_group_decorator']) retrieved from /home/airflow/.local/lib/python3.7/site-packages/airflow/example_dags/example_task_group_decorator.py
[2023-01-12T07:48:49.481+0000] {logging_mixin.py:137} INFO - [2023-01-12T07:48:49.481+0000] {dag.py:2676} INFO - Sync 1 DAGs
[2023-01-12T07:48:49.502+0000] {logging_mixin.py:137} INFO - [2023-01-12T07:48:49.502+0000] {dag.py:3427} INFO - Setting next_dagrun for example_task_group_decorator to 2023-01-11T07:48:49.502524+00:00, run_after=2023-01-12T07:48:49.502524+00:00
[2023-01-12T07:48:49.518+0000] {processor.py:175} INFO - Processing /home/airflow/.local/lib/python3.7/site-packages/airflow/example_dags/example_task_group_decorator.py took 0.097 seconds
[2023-01-12T07:49:20.062+0000] {processor.py:153} INFO - Started process (PID=1260) to work on /home/airflow/.local/lib/python3.7/site-packages/airflow/example_dags/example_task_group_decorator.py
[2023-01-12T07:49:20.064+0000] {processor.py:743} INFO - Processing file /home/airflow/.local/lib/python3.7/site-packages/airflow/example_dags/example_task_group_decorator.py for tasks to queue
[2023-01-12T07:49:20.066+0000] {logging_mixin.py:137} INFO - [2023-01-12T07:49:20.066+0000] {dagbag.py:538} INFO - Filling up the DagBag from /home/airflow/.local/lib/python3.7/site-packages/airflow/example_dags/example_task_group_decorator.py
[2023-01-12T07:49:20.087+0000] {processor.py:753} INFO - DAG(s) dict_keys(['example_task_group_decorator']) retrieved from /home/airflow/.local/lib/python3.7/site-packages/airflow/example_dags/example_task_group_decorator.py
[2023-01-12T07:49:20.117+0000] {logging_mixin.py:137} INFO - [2023-01-12T07:49:20.117+0000] {dag.py:2676} INFO - Sync 1 DAGs
[2023-01-12T07:49:20.136+0000] {logging_mixin.py:137} INFO - [2023-01-12T07:49:20.136+0000] {dag.py:3427} INFO - Setting next_dagrun for example_task_group_decorator to 2023-01-11T07:49:20.136625+00:00, run_after=2023-01-12T07:49:20.136625+00:00
[2023-01-12T07:49:20.151+0000] {processor.py:175} INFO - Processing /home/airflow/.local/lib/python3.7/site-packages/airflow/example_dags/example_task_group_decorator.py took 0.092 seconds
[2023-01-12T07:49:51.127+0000] {processor.py:153} INFO - Started process (PID=1334) to work on /home/airflow/.local/lib/python3.7/site-packages/airflow/example_dags/example_task_group_decorator.py
[2023-01-12T07:49:51.130+0000] {processor.py:743} INFO - Processing file /home/airflow/.local/lib/python3.7/site-packages/airflow/example_dags/example_task_group_decorator.py for tasks to queue
[2023-01-12T07:49:51.131+0000] {logging_mixin.py:137} INFO - [2023-01-12T07:49:51.131+0000] {dagbag.py:538} INFO - Filling up the DagBag from /home/airflow/.local/lib/python3.7/site-packages/airflow/example_dags/example_task_group_decorator.py
[2023-01-12T07:49:51.153+0000] {processor.py:753} INFO - DAG(s) dict_keys(['example_task_group_decorator']) retrieved from /home/airflow/.local/lib/python3.7/site-packages/airflow/example_dags/example_task_group_decorator.py
[2023-01-12T07:49:51.186+0000] {logging_mixin.py:137} INFO - [2023-01-12T07:49:51.186+0000] {dag.py:2676} INFO - Sync 1 DAGs
[2023-01-12T07:49:51.206+0000] {logging_mixin.py:137} INFO - [2023-01-12T07:49:51.206+0000] {dag.py:3427} INFO - Setting next_dagrun for example_task_group_decorator to 2023-01-11T07:49:51.206299+00:00, run_after=2023-01-12T07:49:51.206299+00:00
[2023-01-12T07:49:51.223+0000] {processor.py:175} INFO - Processing /home/airflow/.local/lib/python3.7/site-packages/airflow/example_dags/example_task_group_decorator.py took 0.098 seconds
[2023-01-12T07:50:21.727+0000] {processor.py:153} INFO - Started process (PID=1397) to work on /home/airflow/.local/lib/python3.7/site-packages/airflow/example_dags/example_task_group_decorator.py
[2023-01-12T07:50:21.729+0000] {processor.py:743} INFO - Processing file /home/airflow/.local/lib/python3.7/site-packages/airflow/example_dags/example_task_group_decorator.py for tasks to queue
[2023-01-12T07:50:21.730+0000] {logging_mixin.py:137} INFO - [2023-01-12T07:50:21.730+0000] {dagbag.py:538} INFO - Filling up the DagBag from /home/airflow/.local/lib/python3.7/site-packages/airflow/example_dags/example_task_group_decorator.py
[2023-01-12T07:50:21.754+0000] {processor.py:753} INFO - DAG(s) dict_keys(['example_task_group_decorator']) retrieved from /home/airflow/.local/lib/python3.7/site-packages/airflow/example_dags/example_task_group_decorator.py
[2023-01-12T07:50:21.795+0000] {logging_mixin.py:137} INFO - [2023-01-12T07:50:21.795+0000] {dag.py:2676} INFO - Sync 1 DAGs
[2023-01-12T07:50:21.815+0000] {logging_mixin.py:137} INFO - [2023-01-12T07:50:21.815+0000] {dag.py:3427} INFO - Setting next_dagrun for example_task_group_decorator to 2023-01-11T07:50:21.815109+00:00, run_after=2023-01-12T07:50:21.815109+00:00
[2023-01-12T07:50:21.834+0000] {processor.py:175} INFO - Processing /home/airflow/.local/lib/python3.7/site-packages/airflow/example_dags/example_task_group_decorator.py took 0.110 seconds
[2023-01-12T07:50:52.720+0000] {processor.py:153} INFO - Started process (PID=1470) to work on /home/airflow/.local/lib/python3.7/site-packages/airflow/example_dags/example_task_group_decorator.py
[2023-01-12T07:50:52.722+0000] {processor.py:743} INFO - Processing file /home/airflow/.local/lib/python3.7/site-packages/airflow/example_dags/example_task_group_decorator.py for tasks to queue
[2023-01-12T07:50:52.724+0000] {logging_mixin.py:137} INFO - [2023-01-12T07:50:52.723+0000] {dagbag.py:538} INFO - Filling up the DagBag from /home/airflow/.local/lib/python3.7/site-packages/airflow/example_dags/example_task_group_decorator.py
[2023-01-12T07:50:52.743+0000] {processor.py:753} INFO - DAG(s) dict_keys(['example_task_group_decorator']) retrieved from /home/airflow/.local/lib/python3.7/site-packages/airflow/example_dags/example_task_group_decorator.py
[2023-01-12T07:50:52.774+0000] {logging_mixin.py:137} INFO - [2023-01-12T07:50:52.774+0000] {dag.py:2676} INFO - Sync 1 DAGs
[2023-01-12T07:50:52.793+0000] {logging_mixin.py:137} INFO - [2023-01-12T07:50:52.792+0000] {dag.py:3427} INFO - Setting next_dagrun for example_task_group_decorator to 2023-01-11T07:50:52.792811+00:00, run_after=2023-01-12T07:50:52.792811+00:00
[2023-01-12T07:50:52.807+0000] {processor.py:175} INFO - Processing /home/airflow/.local/lib/python3.7/site-packages/airflow/example_dags/example_task_group_decorator.py took 0.090 seconds
[2023-01-12T07:51:23.742+0000] {processor.py:153} INFO - Started process (PID=1539) to work on /home/airflow/.local/lib/python3.7/site-packages/airflow/example_dags/example_task_group_decorator.py
[2023-01-12T07:51:23.745+0000] {processor.py:743} INFO - Processing file /home/airflow/.local/lib/python3.7/site-packages/airflow/example_dags/example_task_group_decorator.py for tasks to queue
[2023-01-12T07:51:23.746+0000] {logging_mixin.py:137} INFO - [2023-01-12T07:51:23.746+0000] {dagbag.py:538} INFO - Filling up the DagBag from /home/airflow/.local/lib/python3.7/site-packages/airflow/example_dags/example_task_group_decorator.py
[2023-01-12T07:51:23.770+0000] {processor.py:753} INFO - DAG(s) dict_keys(['example_task_group_decorator']) retrieved from /home/airflow/.local/lib/python3.7/site-packages/airflow/example_dags/example_task_group_decorator.py
[2023-01-12T07:51:23.804+0000] {logging_mixin.py:137} INFO - [2023-01-12T07:51:23.804+0000] {dag.py:2676} INFO - Sync 1 DAGs
[2023-01-12T07:51:23.826+0000] {logging_mixin.py:137} INFO - [2023-01-12T07:51:23.826+0000] {dag.py:3427} INFO - Setting next_dagrun for example_task_group_decorator to 2023-01-11T07:51:23.826124+00:00, run_after=2023-01-12T07:51:23.826124+00:00
[2023-01-12T07:51:23.842+0000] {processor.py:175} INFO - Processing /home/airflow/.local/lib/python3.7/site-packages/airflow/example_dags/example_task_group_decorator.py took 0.105 seconds
[2023-01-12T07:51:54.514+0000] {processor.py:153} INFO - Started process (PID=1603) to work on /home/airflow/.local/lib/python3.7/site-packages/airflow/example_dags/example_task_group_decorator.py
[2023-01-12T07:51:54.516+0000] {processor.py:743} INFO - Processing file /home/airflow/.local/lib/python3.7/site-packages/airflow/example_dags/example_task_group_decorator.py for tasks to queue
[2023-01-12T07:51:54.519+0000] {logging_mixin.py:137} INFO - [2023-01-12T07:51:54.519+0000] {dagbag.py:538} INFO - Filling up the DagBag from /home/airflow/.local/lib/python3.7/site-packages/airflow/example_dags/example_task_group_decorator.py
[2023-01-12T07:51:54.541+0000] {processor.py:753} INFO - DAG(s) dict_keys(['example_task_group_decorator']) retrieved from /home/airflow/.local/lib/python3.7/site-packages/airflow/example_dags/example_task_group_decorator.py
[2023-01-12T07:51:54.572+0000] {logging_mixin.py:137} INFO - [2023-01-12T07:51:54.572+0000] {dag.py:2676} INFO - Sync 1 DAGs
[2023-01-12T07:51:54.592+0000] {logging_mixin.py:137} INFO - [2023-01-12T07:51:54.592+0000] {dag.py:3427} INFO - Setting next_dagrun for example_task_group_decorator to 2023-01-11T07:51:54.592128+00:00, run_after=2023-01-12T07:51:54.592128+00:00
[2023-01-12T07:51:54.607+0000] {processor.py:175} INFO - Processing /home/airflow/.local/lib/python3.7/site-packages/airflow/example_dags/example_task_group_decorator.py took 0.095 seconds
[2023-01-12T07:52:25.573+0000] {processor.py:153} INFO - Started process (PID=1678) to work on /home/airflow/.local/lib/python3.7/site-packages/airflow/example_dags/example_task_group_decorator.py
[2023-01-12T07:52:25.575+0000] {processor.py:743} INFO - Processing file /home/airflow/.local/lib/python3.7/site-packages/airflow/example_dags/example_task_group_decorator.py for tasks to queue
[2023-01-12T07:52:25.577+0000] {logging_mixin.py:137} INFO - [2023-01-12T07:52:25.577+0000] {dagbag.py:538} INFO - Filling up the DagBag from /home/airflow/.local/lib/python3.7/site-packages/airflow/example_dags/example_task_group_decorator.py
[2023-01-12T07:52:25.598+0000] {processor.py:753} INFO - DAG(s) dict_keys(['example_task_group_decorator']) retrieved from /home/airflow/.local/lib/python3.7/site-packages/airflow/example_dags/example_task_group_decorator.py
[2023-01-12T07:52:25.630+0000] {logging_mixin.py:137} INFO - [2023-01-12T07:52:25.629+0000] {dag.py:2676} INFO - Sync 1 DAGs
[2023-01-12T07:52:25.648+0000] {logging_mixin.py:137} INFO - [2023-01-12T07:52:25.648+0000] {dag.py:3427} INFO - Setting next_dagrun for example_task_group_decorator to 2023-01-11T07:52:25.648673+00:00, run_after=2023-01-12T07:52:25.648673+00:00
[2023-01-12T07:52:25.665+0000] {processor.py:175} INFO - Processing /home/airflow/.local/lib/python3.7/site-packages/airflow/example_dags/example_task_group_decorator.py took 0.095 seconds
[2023-01-12T07:52:56.175+0000] {processor.py:153} INFO - Started process (PID=1739) to work on /home/airflow/.local/lib/python3.7/site-packages/airflow/example_dags/example_task_group_decorator.py
[2023-01-12T07:52:56.177+0000] {processor.py:743} INFO - Processing file /home/airflow/.local/lib/python3.7/site-packages/airflow/example_dags/example_task_group_decorator.py for tasks to queue
[2023-01-12T07:52:56.179+0000] {logging_mixin.py:137} INFO - [2023-01-12T07:52:56.179+0000] {dagbag.py:538} INFO - Filling up the DagBag from /home/airflow/.local/lib/python3.7/site-packages/airflow/example_dags/example_task_group_decorator.py
[2023-01-12T07:52:56.202+0000] {processor.py:753} INFO - DAG(s) dict_keys(['example_task_group_decorator']) retrieved from /home/airflow/.local/lib/python3.7/site-packages/airflow/example_dags/example_task_group_decorator.py
[2023-01-12T07:52:56.233+0000] {logging_mixin.py:137} INFO - [2023-01-12T07:52:56.233+0000] {dag.py:2676} INFO - Sync 1 DAGs
[2023-01-12T07:52:56.253+0000] {logging_mixin.py:137} INFO - [2023-01-12T07:52:56.253+0000] {dag.py:3427} INFO - Setting next_dagrun for example_task_group_decorator to 2023-01-11T07:52:56.252913+00:00, run_after=2023-01-12T07:52:56.252913+00:00
[2023-01-12T07:52:56.268+0000] {processor.py:175} INFO - Processing /home/airflow/.local/lib/python3.7/site-packages/airflow/example_dags/example_task_group_decorator.py took 0.095 seconds
[2023-01-12T07:53:26.690+0000] {processor.py:153} INFO - Started process (PID=1812) to work on /home/airflow/.local/lib/python3.7/site-packages/airflow/example_dags/example_task_group_decorator.py
[2023-01-12T07:53:26.693+0000] {processor.py:743} INFO - Processing file /home/airflow/.local/lib/python3.7/site-packages/airflow/example_dags/example_task_group_decorator.py for tasks to queue
[2023-01-12T07:53:26.694+0000] {logging_mixin.py:137} INFO - [2023-01-12T07:53:26.694+0000] {dagbag.py:538} INFO - Filling up the DagBag from /home/airflow/.local/lib/python3.7/site-packages/airflow/example_dags/example_task_group_decorator.py
[2023-01-12T07:53:26.716+0000] {processor.py:753} INFO - DAG(s) dict_keys(['example_task_group_decorator']) retrieved from /home/airflow/.local/lib/python3.7/site-packages/airflow/example_dags/example_task_group_decorator.py
[2023-01-12T07:53:26.750+0000] {logging_mixin.py:137} INFO - [2023-01-12T07:53:26.749+0000] {dag.py:2676} INFO - Sync 1 DAGs
[2023-01-12T07:53:26.769+0000] {logging_mixin.py:137} INFO - [2023-01-12T07:53:26.769+0000] {dag.py:3427} INFO - Setting next_dagrun for example_task_group_decorator to 2023-01-11T07:53:26.769429+00:00, run_after=2023-01-12T07:53:26.769429+00:00
[2023-01-12T07:53:26.784+0000] {processor.py:175} INFO - Processing /home/airflow/.local/lib/python3.7/site-packages/airflow/example_dags/example_task_group_decorator.py took 0.096 seconds
[2023-01-12T07:53:57.339+0000] {processor.py:153} INFO - Started process (PID=1886) to work on /home/airflow/.local/lib/python3.7/site-packages/airflow/example_dags/example_task_group_decorator.py
[2023-01-12T07:53:57.341+0000] {processor.py:743} INFO - Processing file /home/airflow/.local/lib/python3.7/site-packages/airflow/example_dags/example_task_group_decorator.py for tasks to queue
[2023-01-12T07:53:57.342+0000] {logging_mixin.py:137} INFO - [2023-01-12T07:53:57.342+0000] {dagbag.py:538} INFO - Filling up the DagBag from /home/airflow/.local/lib/python3.7/site-packages/airflow/example_dags/example_task_group_decorator.py
[2023-01-12T07:53:57.364+0000] {processor.py:753} INFO - DAG(s) dict_keys(['example_task_group_decorator']) retrieved from /home/airflow/.local/lib/python3.7/site-packages/airflow/example_dags/example_task_group_decorator.py
[2023-01-12T07:53:57.396+0000] {logging_mixin.py:137} INFO - [2023-01-12T07:53:57.395+0000] {dag.py:2676} INFO - Sync 1 DAGs
[2023-01-12T07:53:57.414+0000] {logging_mixin.py:137} INFO - [2023-01-12T07:53:57.414+0000] {dag.py:3427} INFO - Setting next_dagrun for example_task_group_decorator to 2023-01-11T07:53:57.413966+00:00, run_after=2023-01-12T07:53:57.413966+00:00
[2023-01-12T07:53:57.428+0000] {processor.py:175} INFO - Processing /home/airflow/.local/lib/python3.7/site-packages/airflow/example_dags/example_task_group_decorator.py took 0.091 seconds
