[2023-01-12T07:27:04.773+0000] {processor.py:153} INFO - Started process (PID=35) to work on /home/airflow/.local/lib/python3.7/site-packages/airflow/example_dags/tutorial.py
[2023-01-12T07:27:04.775+0000] {processor.py:743} INFO - Processing file /home/airflow/.local/lib/python3.7/site-packages/airflow/example_dags/tutorial.py for tasks to queue
[2023-01-12T07:27:04.777+0000] {logging_mixin.py:137} INFO - [2023-01-12T07:27:04.776+0000] {dagbag.py:538} INFO - Filling up the DagBag from /home/airflow/.local/lib/python3.7/site-packages/airflow/example_dags/tutorial.py
[2023-01-12T07:27:04.807+0000] {processor.py:753} INFO - DAG(s) dict_keys(['tutorial']) retrieved from /home/airflow/.local/lib/python3.7/site-packages/airflow/example_dags/tutorial.py
[2023-01-12T07:27:04.841+0000] {logging_mixin.py:137} INFO - [2023-01-12T07:27:04.840+0000] {dag.py:2676} INFO - Sync 1 DAGs
[2023-01-12T07:27:04.873+0000] {logging_mixin.py:137} INFO - [2023-01-12T07:27:04.873+0000] {dag.py:3427} INFO - Setting next_dagrun for tutorial to 2023-01-11T07:27:04.873235+00:00, run_after=2023-01-12T07:27:04.873235+00:00
[2023-01-12T07:27:04.895+0000] {processor.py:175} INFO - Processing /home/airflow/.local/lib/python3.7/site-packages/airflow/example_dags/tutorial.py took 0.127 seconds
[2023-01-12T07:27:35.507+0000] {processor.py:153} INFO - Started process (PID=109) to work on /home/airflow/.local/lib/python3.7/site-packages/airflow/example_dags/tutorial.py
[2023-01-12T07:27:35.509+0000] {processor.py:743} INFO - Processing file /home/airflow/.local/lib/python3.7/site-packages/airflow/example_dags/tutorial.py for tasks to queue
[2023-01-12T07:27:35.511+0000] {logging_mixin.py:137} INFO - [2023-01-12T07:27:35.511+0000] {dagbag.py:538} INFO - Filling up the DagBag from /home/airflow/.local/lib/python3.7/site-packages/airflow/example_dags/tutorial.py
[2023-01-12T07:27:35.524+0000] {processor.py:753} INFO - DAG(s) dict_keys(['tutorial']) retrieved from /home/airflow/.local/lib/python3.7/site-packages/airflow/example_dags/tutorial.py
[2023-01-12T07:27:35.553+0000] {logging_mixin.py:137} INFO - [2023-01-12T07:27:35.553+0000] {dag.py:2676} INFO - Sync 1 DAGs
[2023-01-12T07:27:35.572+0000] {logging_mixin.py:137} INFO - [2023-01-12T07:27:35.572+0000] {dag.py:3427} INFO - Setting next_dagrun for tutorial to 2023-01-11T07:27:35.571949+00:00, run_after=2023-01-12T07:27:35.571949+00:00
[2023-01-12T07:27:35.588+0000] {processor.py:175} INFO - Processing /home/airflow/.local/lib/python3.7/site-packages/airflow/example_dags/tutorial.py took 0.084 seconds
[2023-01-12T07:28:06.350+0000] {processor.py:153} INFO - Started process (PID=169) to work on /home/airflow/.local/lib/python3.7/site-packages/airflow/example_dags/tutorial.py
[2023-01-12T07:28:06.351+0000] {processor.py:743} INFO - Processing file /home/airflow/.local/lib/python3.7/site-packages/airflow/example_dags/tutorial.py for tasks to queue
[2023-01-12T07:28:06.352+0000] {logging_mixin.py:137} INFO - [2023-01-12T07:28:06.352+0000] {dagbag.py:538} INFO - Filling up the DagBag from /home/airflow/.local/lib/python3.7/site-packages/airflow/example_dags/tutorial.py
[2023-01-12T07:28:06.364+0000] {processor.py:753} INFO - DAG(s) dict_keys(['tutorial']) retrieved from /home/airflow/.local/lib/python3.7/site-packages/airflow/example_dags/tutorial.py
[2023-01-12T07:28:06.393+0000] {logging_mixin.py:137} INFO - [2023-01-12T07:28:06.393+0000] {dag.py:2676} INFO - Sync 1 DAGs
[2023-01-12T07:28:06.413+0000] {logging_mixin.py:137} INFO - [2023-01-12T07:28:06.413+0000] {dag.py:3427} INFO - Setting next_dagrun for tutorial to 2023-01-11T07:28:06.413675+00:00, run_after=2023-01-12T07:28:06.413675+00:00
[2023-01-12T07:28:06.431+0000] {processor.py:175} INFO - Processing /home/airflow/.local/lib/python3.7/site-packages/airflow/example_dags/tutorial.py took 0.084 seconds
[2023-01-12T07:28:37.137+0000] {processor.py:153} INFO - Started process (PID=243) to work on /home/airflow/.local/lib/python3.7/site-packages/airflow/example_dags/tutorial.py
[2023-01-12T07:28:37.139+0000] {processor.py:743} INFO - Processing file /home/airflow/.local/lib/python3.7/site-packages/airflow/example_dags/tutorial.py for tasks to queue
[2023-01-12T07:28:37.141+0000] {logging_mixin.py:137} INFO - [2023-01-12T07:28:37.141+0000] {dagbag.py:538} INFO - Filling up the DagBag from /home/airflow/.local/lib/python3.7/site-packages/airflow/example_dags/tutorial.py
[2023-01-12T07:28:37.152+0000] {processor.py:753} INFO - DAG(s) dict_keys(['tutorial']) retrieved from /home/airflow/.local/lib/python3.7/site-packages/airflow/example_dags/tutorial.py
[2023-01-12T07:28:37.181+0000] {logging_mixin.py:137} INFO - [2023-01-12T07:28:37.181+0000] {dag.py:2676} INFO - Sync 1 DAGs
[2023-01-12T07:28:37.199+0000] {logging_mixin.py:137} INFO - [2023-01-12T07:28:37.199+0000] {dag.py:3427} INFO - Setting next_dagrun for tutorial to 2023-01-11T07:28:37.199669+00:00, run_after=2023-01-12T07:28:37.199669+00:00
[2023-01-12T07:28:37.217+0000] {processor.py:175} INFO - Processing /home/airflow/.local/lib/python3.7/site-packages/airflow/example_dags/tutorial.py took 0.084 seconds
[2023-01-12T07:29:07.873+0000] {processor.py:153} INFO - Started process (PID=317) to work on /home/airflow/.local/lib/python3.7/site-packages/airflow/example_dags/tutorial.py
[2023-01-12T07:29:07.876+0000] {processor.py:743} INFO - Processing file /home/airflow/.local/lib/python3.7/site-packages/airflow/example_dags/tutorial.py for tasks to queue
[2023-01-12T07:29:07.878+0000] {logging_mixin.py:137} INFO - [2023-01-12T07:29:07.877+0000] {dagbag.py:538} INFO - Filling up the DagBag from /home/airflow/.local/lib/python3.7/site-packages/airflow/example_dags/tutorial.py
[2023-01-12T07:29:07.891+0000] {processor.py:753} INFO - DAG(s) dict_keys(['tutorial']) retrieved from /home/airflow/.local/lib/python3.7/site-packages/airflow/example_dags/tutorial.py
[2023-01-12T07:29:07.922+0000] {logging_mixin.py:137} INFO - [2023-01-12T07:29:07.922+0000] {dag.py:2676} INFO - Sync 1 DAGs
[2023-01-12T07:29:07.940+0000] {logging_mixin.py:137} INFO - [2023-01-12T07:29:07.940+0000] {dag.py:3427} INFO - Setting next_dagrun for tutorial to 2023-01-11T07:29:07.940145+00:00, run_after=2023-01-12T07:29:07.940145+00:00
[2023-01-12T07:29:07.956+0000] {processor.py:175} INFO - Processing /home/airflow/.local/lib/python3.7/site-packages/airflow/example_dags/tutorial.py took 0.086 seconds
[2023-01-12T07:29:38.493+0000] {processor.py:153} INFO - Started process (PID=380) to work on /home/airflow/.local/lib/python3.7/site-packages/airflow/example_dags/tutorial.py
[2023-01-12T07:29:38.495+0000] {processor.py:743} INFO - Processing file /home/airflow/.local/lib/python3.7/site-packages/airflow/example_dags/tutorial.py for tasks to queue
[2023-01-12T07:29:38.496+0000] {logging_mixin.py:137} INFO - [2023-01-12T07:29:38.496+0000] {dagbag.py:538} INFO - Filling up the DagBag from /home/airflow/.local/lib/python3.7/site-packages/airflow/example_dags/tutorial.py
[2023-01-12T07:29:38.507+0000] {processor.py:753} INFO - DAG(s) dict_keys(['tutorial']) retrieved from /home/airflow/.local/lib/python3.7/site-packages/airflow/example_dags/tutorial.py
[2023-01-12T07:29:38.536+0000] {logging_mixin.py:137} INFO - [2023-01-12T07:29:38.536+0000] {dag.py:2676} INFO - Sync 1 DAGs
[2023-01-12T07:29:38.560+0000] {logging_mixin.py:137} INFO - [2023-01-12T07:29:38.559+0000] {dag.py:3427} INFO - Setting next_dagrun for tutorial to 2023-01-11T07:29:38.559820+00:00, run_after=2023-01-12T07:29:38.559820+00:00
[2023-01-12T07:29:38.580+0000] {processor.py:175} INFO - Processing /home/airflow/.local/lib/python3.7/site-packages/airflow/example_dags/tutorial.py took 0.090 seconds
[2023-01-12T07:30:09.232+0000] {processor.py:153} INFO - Started process (PID=454) to work on /home/airflow/.local/lib/python3.7/site-packages/airflow/example_dags/tutorial.py
[2023-01-12T07:30:09.234+0000] {processor.py:743} INFO - Processing file /home/airflow/.local/lib/python3.7/site-packages/airflow/example_dags/tutorial.py for tasks to queue
[2023-01-12T07:30:09.236+0000] {logging_mixin.py:137} INFO - [2023-01-12T07:30:09.236+0000] {dagbag.py:538} INFO - Filling up the DagBag from /home/airflow/.local/lib/python3.7/site-packages/airflow/example_dags/tutorial.py
[2023-01-12T07:30:09.256+0000] {processor.py:753} INFO - DAG(s) dict_keys(['tutorial']) retrieved from /home/airflow/.local/lib/python3.7/site-packages/airflow/example_dags/tutorial.py
[2023-01-12T07:30:09.290+0000] {logging_mixin.py:137} INFO - [2023-01-12T07:30:09.290+0000] {dag.py:2676} INFO - Sync 1 DAGs
[2023-01-12T07:30:09.310+0000] {logging_mixin.py:137} INFO - [2023-01-12T07:30:09.310+0000] {dag.py:3427} INFO - Setting next_dagrun for tutorial to 2023-01-11T07:30:09.310634+00:00, run_after=2023-01-12T07:30:09.310634+00:00
[2023-01-12T07:30:09.328+0000] {processor.py:175} INFO - Processing /home/airflow/.local/lib/python3.7/site-packages/airflow/example_dags/tutorial.py took 0.100 seconds
[2023-01-12T07:30:39.784+0000] {processor.py:153} INFO - Started process (PID=529) to work on /home/airflow/.local/lib/python3.7/site-packages/airflow/example_dags/tutorial.py
[2023-01-12T07:30:39.786+0000] {processor.py:743} INFO - Processing file /home/airflow/.local/lib/python3.7/site-packages/airflow/example_dags/tutorial.py for tasks to queue
[2023-01-12T07:30:39.788+0000] {logging_mixin.py:137} INFO - [2023-01-12T07:30:39.788+0000] {dagbag.py:538} INFO - Filling up the DagBag from /home/airflow/.local/lib/python3.7/site-packages/airflow/example_dags/tutorial.py
[2023-01-12T07:30:39.803+0000] {processor.py:753} INFO - DAG(s) dict_keys(['tutorial']) retrieved from /home/airflow/.local/lib/python3.7/site-packages/airflow/example_dags/tutorial.py
[2023-01-12T07:30:39.839+0000] {logging_mixin.py:137} INFO - [2023-01-12T07:30:39.838+0000] {dag.py:2676} INFO - Sync 1 DAGs
[2023-01-12T07:30:39.865+0000] {logging_mixin.py:137} INFO - [2023-01-12T07:30:39.865+0000] {dag.py:3427} INFO - Setting next_dagrun for tutorial to 2023-01-11T07:30:39.864925+00:00, run_after=2023-01-12T07:30:39.864925+00:00
[2023-01-12T07:30:39.883+0000] {processor.py:175} INFO - Processing /home/airflow/.local/lib/python3.7/site-packages/airflow/example_dags/tutorial.py took 0.102 seconds
[2023-01-12T07:31:10.517+0000] {processor.py:153} INFO - Started process (PID=590) to work on /home/airflow/.local/lib/python3.7/site-packages/airflow/example_dags/tutorial.py
[2023-01-12T07:31:10.520+0000] {processor.py:743} INFO - Processing file /home/airflow/.local/lib/python3.7/site-packages/airflow/example_dags/tutorial.py for tasks to queue
[2023-01-12T07:31:10.521+0000] {logging_mixin.py:137} INFO - [2023-01-12T07:31:10.521+0000] {dagbag.py:538} INFO - Filling up the DagBag from /home/airflow/.local/lib/python3.7/site-packages/airflow/example_dags/tutorial.py
[2023-01-12T07:31:10.532+0000] {processor.py:753} INFO - DAG(s) dict_keys(['tutorial']) retrieved from /home/airflow/.local/lib/python3.7/site-packages/airflow/example_dags/tutorial.py
[2023-01-12T07:31:10.562+0000] {logging_mixin.py:137} INFO - [2023-01-12T07:31:10.562+0000] {dag.py:2676} INFO - Sync 1 DAGs
[2023-01-12T07:31:10.582+0000] {logging_mixin.py:137} INFO - [2023-01-12T07:31:10.582+0000] {dag.py:3427} INFO - Setting next_dagrun for tutorial to 2023-01-11T07:31:10.582595+00:00, run_after=2023-01-12T07:31:10.582595+00:00
[2023-01-12T07:31:10.600+0000] {processor.py:175} INFO - Processing /home/airflow/.local/lib/python3.7/site-packages/airflow/example_dags/tutorial.py took 0.088 seconds
[2023-01-12T07:31:41.183+0000] {processor.py:153} INFO - Started process (PID=664) to work on /home/airflow/.local/lib/python3.7/site-packages/airflow/example_dags/tutorial.py
[2023-01-12T07:31:41.184+0000] {processor.py:743} INFO - Processing file /home/airflow/.local/lib/python3.7/site-packages/airflow/example_dags/tutorial.py for tasks to queue
[2023-01-12T07:31:41.186+0000] {logging_mixin.py:137} INFO - [2023-01-12T07:31:41.186+0000] {dagbag.py:538} INFO - Filling up the DagBag from /home/airflow/.local/lib/python3.7/site-packages/airflow/example_dags/tutorial.py
[2023-01-12T07:31:41.199+0000] {processor.py:753} INFO - DAG(s) dict_keys(['tutorial']) retrieved from /home/airflow/.local/lib/python3.7/site-packages/airflow/example_dags/tutorial.py
[2023-01-12T07:31:41.228+0000] {logging_mixin.py:137} INFO - [2023-01-12T07:31:41.228+0000] {dag.py:2676} INFO - Sync 1 DAGs
[2023-01-12T07:31:41.251+0000] {logging_mixin.py:137} INFO - [2023-01-12T07:31:41.251+0000] {dag.py:3427} INFO - Setting next_dagrun for tutorial to 2023-01-11T07:31:41.250922+00:00, run_after=2023-01-12T07:31:41.250922+00:00
[2023-01-12T07:31:41.269+0000] {processor.py:175} INFO - Processing /home/airflow/.local/lib/python3.7/site-packages/airflow/example_dags/tutorial.py took 0.088 seconds
[2023-01-12T07:32:11.925+0000] {processor.py:153} INFO - Started process (PID=735) to work on /home/airflow/.local/lib/python3.7/site-packages/airflow/example_dags/tutorial.py
[2023-01-12T07:32:11.927+0000] {processor.py:743} INFO - Processing file /home/airflow/.local/lib/python3.7/site-packages/airflow/example_dags/tutorial.py for tasks to queue
[2023-01-12T07:32:11.929+0000] {logging_mixin.py:137} INFO - [2023-01-12T07:32:11.929+0000] {dagbag.py:538} INFO - Filling up the DagBag from /home/airflow/.local/lib/python3.7/site-packages/airflow/example_dags/tutorial.py
[2023-01-12T07:32:11.942+0000] {processor.py:753} INFO - DAG(s) dict_keys(['tutorial']) retrieved from /home/airflow/.local/lib/python3.7/site-packages/airflow/example_dags/tutorial.py
[2023-01-12T07:32:12.023+0000] {logging_mixin.py:137} INFO - [2023-01-12T07:32:12.023+0000] {dag.py:2676} INFO - Sync 1 DAGs
[2023-01-12T07:32:12.050+0000] {logging_mixin.py:137} INFO - [2023-01-12T07:32:12.049+0000] {dag.py:3427} INFO - Setting next_dagrun for tutorial to 2023-01-11T07:32:12.049742+00:00, run_after=2023-01-12T07:32:12.049742+00:00
[2023-01-12T07:32:12.066+0000] {processor.py:175} INFO - Processing /home/airflow/.local/lib/python3.7/site-packages/airflow/example_dags/tutorial.py took 0.144 seconds
[2023-01-12T07:32:42.807+0000] {processor.py:153} INFO - Started process (PID=799) to work on /home/airflow/.local/lib/python3.7/site-packages/airflow/example_dags/tutorial.py
[2023-01-12T07:32:42.809+0000] {processor.py:743} INFO - Processing file /home/airflow/.local/lib/python3.7/site-packages/airflow/example_dags/tutorial.py for tasks to queue
[2023-01-12T07:32:42.810+0000] {logging_mixin.py:137} INFO - [2023-01-12T07:32:42.810+0000] {dagbag.py:538} INFO - Filling up the DagBag from /home/airflow/.local/lib/python3.7/site-packages/airflow/example_dags/tutorial.py
[2023-01-12T07:32:42.821+0000] {processor.py:753} INFO - DAG(s) dict_keys(['tutorial']) retrieved from /home/airflow/.local/lib/python3.7/site-packages/airflow/example_dags/tutorial.py
[2023-01-12T07:32:42.849+0000] {logging_mixin.py:137} INFO - [2023-01-12T07:32:42.848+0000] {dag.py:2676} INFO - Sync 1 DAGs
[2023-01-12T07:32:42.867+0000] {logging_mixin.py:137} INFO - [2023-01-12T07:32:42.867+0000] {dag.py:3427} INFO - Setting next_dagrun for tutorial to 2023-01-11T07:32:42.867013+00:00, run_after=2023-01-12T07:32:42.867013+00:00
[2023-01-12T07:32:42.883+0000] {processor.py:175} INFO - Processing /home/airflow/.local/lib/python3.7/site-packages/airflow/example_dags/tutorial.py took 0.078 seconds
[2023-01-12T07:33:13.279+0000] {processor.py:153} INFO - Started process (PID=872) to work on /home/airflow/.local/lib/python3.7/site-packages/airflow/example_dags/tutorial.py
[2023-01-12T07:33:13.281+0000] {processor.py:743} INFO - Processing file /home/airflow/.local/lib/python3.7/site-packages/airflow/example_dags/tutorial.py for tasks to queue
[2023-01-12T07:33:13.282+0000] {logging_mixin.py:137} INFO - [2023-01-12T07:33:13.282+0000] {dagbag.py:538} INFO - Filling up the DagBag from /home/airflow/.local/lib/python3.7/site-packages/airflow/example_dags/tutorial.py
[2023-01-12T07:33:13.295+0000] {processor.py:753} INFO - DAG(s) dict_keys(['tutorial']) retrieved from /home/airflow/.local/lib/python3.7/site-packages/airflow/example_dags/tutorial.py
[2023-01-12T07:33:13.324+0000] {logging_mixin.py:137} INFO - [2023-01-12T07:33:13.324+0000] {dag.py:2676} INFO - Sync 1 DAGs
[2023-01-12T07:33:13.343+0000] {logging_mixin.py:137} INFO - [2023-01-12T07:33:13.343+0000] {dag.py:3427} INFO - Setting next_dagrun for tutorial to 2023-01-11T07:33:13.343149+00:00, run_after=2023-01-12T07:33:13.343149+00:00
[2023-01-12T07:33:13.360+0000] {processor.py:175} INFO - Processing /home/airflow/.local/lib/python3.7/site-packages/airflow/example_dags/tutorial.py took 0.084 seconds
[2023-01-12T07:33:43.747+0000] {processor.py:153} INFO - Started process (PID=935) to work on /home/airflow/.local/lib/python3.7/site-packages/airflow/example_dags/tutorial.py
[2023-01-12T07:33:43.749+0000] {processor.py:743} INFO - Processing file /home/airflow/.local/lib/python3.7/site-packages/airflow/example_dags/tutorial.py for tasks to queue
[2023-01-12T07:33:43.751+0000] {logging_mixin.py:137} INFO - [2023-01-12T07:33:43.751+0000] {dagbag.py:538} INFO - Filling up the DagBag from /home/airflow/.local/lib/python3.7/site-packages/airflow/example_dags/tutorial.py
[2023-01-12T07:33:43.763+0000] {processor.py:753} INFO - DAG(s) dict_keys(['tutorial']) retrieved from /home/airflow/.local/lib/python3.7/site-packages/airflow/example_dags/tutorial.py
[2023-01-12T07:33:43.796+0000] {logging_mixin.py:137} INFO - [2023-01-12T07:33:43.796+0000] {dag.py:2676} INFO - Sync 1 DAGs
[2023-01-12T07:33:43.817+0000] {logging_mixin.py:137} INFO - [2023-01-12T07:33:43.817+0000] {dag.py:3427} INFO - Setting next_dagrun for tutorial to 2023-01-11T07:33:43.817345+00:00, run_after=2023-01-12T07:33:43.817345+00:00
[2023-01-12T07:33:43.836+0000] {processor.py:175} INFO - Processing /home/airflow/.local/lib/python3.7/site-packages/airflow/example_dags/tutorial.py took 0.092 seconds
[2023-01-12T07:34:14.682+0000] {processor.py:153} INFO - Started process (PID=1006) to work on /home/airflow/.local/lib/python3.7/site-packages/airflow/example_dags/tutorial.py
[2023-01-12T07:34:14.685+0000] {processor.py:743} INFO - Processing file /home/airflow/.local/lib/python3.7/site-packages/airflow/example_dags/tutorial.py for tasks to queue
[2023-01-12T07:34:14.687+0000] {logging_mixin.py:137} INFO - [2023-01-12T07:34:14.687+0000] {dagbag.py:538} INFO - Filling up the DagBag from /home/airflow/.local/lib/python3.7/site-packages/airflow/example_dags/tutorial.py
[2023-01-12T07:34:14.701+0000] {processor.py:753} INFO - DAG(s) dict_keys(['tutorial']) retrieved from /home/airflow/.local/lib/python3.7/site-packages/airflow/example_dags/tutorial.py
[2023-01-12T07:34:14.732+0000] {logging_mixin.py:137} INFO - [2023-01-12T07:34:14.732+0000] {dag.py:2676} INFO - Sync 1 DAGs
[2023-01-12T07:34:14.751+0000] {logging_mixin.py:137} INFO - [2023-01-12T07:34:14.751+0000] {dag.py:3427} INFO - Setting next_dagrun for tutorial to 2023-01-11T07:34:14.751613+00:00, run_after=2023-01-12T07:34:14.751613+00:00
[2023-01-12T07:34:14.768+0000] {processor.py:175} INFO - Processing /home/airflow/.local/lib/python3.7/site-packages/airflow/example_dags/tutorial.py took 0.091 seconds
[2023-01-12T07:34:45.370+0000] {processor.py:153} INFO - Started process (PID=1079) to work on /home/airflow/.local/lib/python3.7/site-packages/airflow/example_dags/tutorial.py
[2023-01-12T07:34:45.372+0000] {processor.py:743} INFO - Processing file /home/airflow/.local/lib/python3.7/site-packages/airflow/example_dags/tutorial.py for tasks to queue
[2023-01-12T07:34:45.374+0000] {logging_mixin.py:137} INFO - [2023-01-12T07:34:45.374+0000] {dagbag.py:538} INFO - Filling up the DagBag from /home/airflow/.local/lib/python3.7/site-packages/airflow/example_dags/tutorial.py
[2023-01-12T07:34:45.387+0000] {processor.py:753} INFO - DAG(s) dict_keys(['tutorial']) retrieved from /home/airflow/.local/lib/python3.7/site-packages/airflow/example_dags/tutorial.py
[2023-01-12T07:34:45.417+0000] {logging_mixin.py:137} INFO - [2023-01-12T07:34:45.417+0000] {dag.py:2676} INFO - Sync 1 DAGs
[2023-01-12T07:34:45.436+0000] {logging_mixin.py:137} INFO - [2023-01-12T07:34:45.436+0000] {dag.py:3427} INFO - Setting next_dagrun for tutorial to 2023-01-11T07:34:45.436034+00:00, run_after=2023-01-12T07:34:45.436034+00:00
[2023-01-12T07:34:45.451+0000] {processor.py:175} INFO - Processing /home/airflow/.local/lib/python3.7/site-packages/airflow/example_dags/tutorial.py took 0.086 seconds
[2023-01-12T07:35:16.050+0000] {processor.py:153} INFO - Started process (PID=1140) to work on /home/airflow/.local/lib/python3.7/site-packages/airflow/example_dags/tutorial.py
[2023-01-12T07:35:16.053+0000] {processor.py:743} INFO - Processing file /home/airflow/.local/lib/python3.7/site-packages/airflow/example_dags/tutorial.py for tasks to queue
[2023-01-12T07:35:16.054+0000] {logging_mixin.py:137} INFO - [2023-01-12T07:35:16.054+0000] {dagbag.py:538} INFO - Filling up the DagBag from /home/airflow/.local/lib/python3.7/site-packages/airflow/example_dags/tutorial.py
[2023-01-12T07:35:16.067+0000] {processor.py:753} INFO - DAG(s) dict_keys(['tutorial']) retrieved from /home/airflow/.local/lib/python3.7/site-packages/airflow/example_dags/tutorial.py
[2023-01-12T07:35:16.097+0000] {logging_mixin.py:137} INFO - [2023-01-12T07:35:16.097+0000] {dag.py:2676} INFO - Sync 1 DAGs
[2023-01-12T07:35:16.118+0000] {logging_mixin.py:137} INFO - [2023-01-12T07:35:16.118+0000] {dag.py:3427} INFO - Setting next_dagrun for tutorial to 2023-01-11T07:35:16.118258+00:00, run_after=2023-01-12T07:35:16.118258+00:00
[2023-01-12T07:35:16.136+0000] {processor.py:175} INFO - Processing /home/airflow/.local/lib/python3.7/site-packages/airflow/example_dags/tutorial.py took 0.089 seconds
[2023-01-12T07:35:46.959+0000] {processor.py:153} INFO - Started process (PID=1214) to work on /home/airflow/.local/lib/python3.7/site-packages/airflow/example_dags/tutorial.py
[2023-01-12T07:35:46.961+0000] {processor.py:743} INFO - Processing file /home/airflow/.local/lib/python3.7/site-packages/airflow/example_dags/tutorial.py for tasks to queue
[2023-01-12T07:35:46.962+0000] {logging_mixin.py:137} INFO - [2023-01-12T07:35:46.962+0000] {dagbag.py:538} INFO - Filling up the DagBag from /home/airflow/.local/lib/python3.7/site-packages/airflow/example_dags/tutorial.py
[2023-01-12T07:35:46.975+0000] {processor.py:753} INFO - DAG(s) dict_keys(['tutorial']) retrieved from /home/airflow/.local/lib/python3.7/site-packages/airflow/example_dags/tutorial.py
[2023-01-12T07:35:47.002+0000] {logging_mixin.py:137} INFO - [2023-01-12T07:35:47.002+0000] {dag.py:2676} INFO - Sync 1 DAGs
[2023-01-12T07:35:47.022+0000] {logging_mixin.py:137} INFO - [2023-01-12T07:35:47.022+0000] {dag.py:3427} INFO - Setting next_dagrun for tutorial to 2023-01-11T07:35:47.022385+00:00, run_after=2023-01-12T07:35:47.022385+00:00
[2023-01-12T07:35:47.038+0000] {processor.py:175} INFO - Processing /home/airflow/.local/lib/python3.7/site-packages/airflow/example_dags/tutorial.py took 0.082 seconds
[2023-01-12T07:36:17.742+0000] {processor.py:153} INFO - Started process (PID=1289) to work on /home/airflow/.local/lib/python3.7/site-packages/airflow/example_dags/tutorial.py
[2023-01-12T07:36:17.744+0000] {processor.py:743} INFO - Processing file /home/airflow/.local/lib/python3.7/site-packages/airflow/example_dags/tutorial.py for tasks to queue
[2023-01-12T07:36:17.747+0000] {logging_mixin.py:137} INFO - [2023-01-12T07:36:17.747+0000] {dagbag.py:538} INFO - Filling up the DagBag from /home/airflow/.local/lib/python3.7/site-packages/airflow/example_dags/tutorial.py
[2023-01-12T07:36:17.759+0000] {processor.py:753} INFO - DAG(s) dict_keys(['tutorial']) retrieved from /home/airflow/.local/lib/python3.7/site-packages/airflow/example_dags/tutorial.py
[2023-01-12T07:36:17.795+0000] {logging_mixin.py:137} INFO - [2023-01-12T07:36:17.795+0000] {dag.py:2676} INFO - Sync 1 DAGs
[2023-01-12T07:36:17.819+0000] {logging_mixin.py:137} INFO - [2023-01-12T07:36:17.818+0000] {dag.py:3427} INFO - Setting next_dagrun for tutorial to 2023-01-11T07:36:17.818306+00:00, run_after=2023-01-12T07:36:17.818306+00:00
[2023-01-12T07:36:17.835+0000] {processor.py:175} INFO - Processing /home/airflow/.local/lib/python3.7/site-packages/airflow/example_dags/tutorial.py took 0.096 seconds
[2023-01-12T07:37:18.456+0000] {processor.py:153} INFO - Started process (PID=35) to work on /home/airflow/.local/lib/python3.7/site-packages/airflow/example_dags/tutorial.py
[2023-01-12T07:37:18.458+0000] {processor.py:743} INFO - Processing file /home/airflow/.local/lib/python3.7/site-packages/airflow/example_dags/tutorial.py for tasks to queue
[2023-01-12T07:37:18.460+0000] {logging_mixin.py:137} INFO - [2023-01-12T07:37:18.460+0000] {dagbag.py:538} INFO - Filling up the DagBag from /home/airflow/.local/lib/python3.7/site-packages/airflow/example_dags/tutorial.py
[2023-01-12T07:37:18.482+0000] {processor.py:753} INFO - DAG(s) dict_keys(['tutorial']) retrieved from /home/airflow/.local/lib/python3.7/site-packages/airflow/example_dags/tutorial.py
[2023-01-12T07:37:18.504+0000] {logging_mixin.py:137} INFO - [2023-01-12T07:37:18.504+0000] {dag.py:2676} INFO - Sync 1 DAGs
[2023-01-12T07:37:18.526+0000] {logging_mixin.py:137} INFO - [2023-01-12T07:37:18.526+0000] {dag.py:3427} INFO - Setting next_dagrun for tutorial to 2023-01-11T07:37:18.526108+00:00, run_after=2023-01-12T07:37:18.526108+00:00
[2023-01-12T07:37:18.544+0000] {processor.py:175} INFO - Processing /home/airflow/.local/lib/python3.7/site-packages/airflow/example_dags/tutorial.py took 0.092 seconds
[2023-01-12T07:37:49.098+0000] {processor.py:153} INFO - Started process (PID=109) to work on /home/airflow/.local/lib/python3.7/site-packages/airflow/example_dags/tutorial.py
[2023-01-12T07:37:49.100+0000] {processor.py:743} INFO - Processing file /home/airflow/.local/lib/python3.7/site-packages/airflow/example_dags/tutorial.py for tasks to queue
[2023-01-12T07:37:49.102+0000] {logging_mixin.py:137} INFO - [2023-01-12T07:37:49.101+0000] {dagbag.py:538} INFO - Filling up the DagBag from /home/airflow/.local/lib/python3.7/site-packages/airflow/example_dags/tutorial.py
[2023-01-12T07:37:49.116+0000] {processor.py:753} INFO - DAG(s) dict_keys(['tutorial']) retrieved from /home/airflow/.local/lib/python3.7/site-packages/airflow/example_dags/tutorial.py
[2023-01-12T07:37:49.144+0000] {logging_mixin.py:137} INFO - [2023-01-12T07:37:49.144+0000] {dag.py:2676} INFO - Sync 1 DAGs
[2023-01-12T07:37:49.163+0000] {logging_mixin.py:137} INFO - [2023-01-12T07:37:49.163+0000] {dag.py:3427} INFO - Setting next_dagrun for tutorial to 2023-01-11T07:37:49.163570+00:00, run_after=2023-01-12T07:37:49.163570+00:00
[2023-01-12T07:37:49.180+0000] {processor.py:175} INFO - Processing /home/airflow/.local/lib/python3.7/site-packages/airflow/example_dags/tutorial.py took 0.087 seconds
[2023-01-12T07:38:19.981+0000] {processor.py:153} INFO - Started process (PID=178) to work on /home/airflow/.local/lib/python3.7/site-packages/airflow/example_dags/tutorial.py
[2023-01-12T07:38:19.984+0000] {processor.py:743} INFO - Processing file /home/airflow/.local/lib/python3.7/site-packages/airflow/example_dags/tutorial.py for tasks to queue
[2023-01-12T07:38:19.986+0000] {logging_mixin.py:137} INFO - [2023-01-12T07:38:19.985+0000] {dagbag.py:538} INFO - Filling up the DagBag from /home/airflow/.local/lib/python3.7/site-packages/airflow/example_dags/tutorial.py
[2023-01-12T07:38:19.999+0000] {processor.py:753} INFO - DAG(s) dict_keys(['tutorial']) retrieved from /home/airflow/.local/lib/python3.7/site-packages/airflow/example_dags/tutorial.py
[2023-01-12T07:38:20.029+0000] {logging_mixin.py:137} INFO - [2023-01-12T07:38:20.029+0000] {dag.py:2676} INFO - Sync 1 DAGs
[2023-01-12T07:38:20.051+0000] {logging_mixin.py:137} INFO - [2023-01-12T07:38:20.051+0000] {dag.py:3427} INFO - Setting next_dagrun for tutorial to 2023-01-11T07:38:20.051118+00:00, run_after=2023-01-12T07:38:20.051118+00:00
[2023-01-12T07:38:20.073+0000] {processor.py:175} INFO - Processing /home/airflow/.local/lib/python3.7/site-packages/airflow/example_dags/tutorial.py took 0.094 seconds
[2023-01-12T07:38:50.814+0000] {processor.py:153} INFO - Started process (PID=246) to work on /home/airflow/.local/lib/python3.7/site-packages/airflow/example_dags/tutorial.py
[2023-01-12T07:38:50.817+0000] {processor.py:743} INFO - Processing file /home/airflow/.local/lib/python3.7/site-packages/airflow/example_dags/tutorial.py for tasks to queue
[2023-01-12T07:38:50.819+0000] {logging_mixin.py:137} INFO - [2023-01-12T07:38:50.819+0000] {dagbag.py:538} INFO - Filling up the DagBag from /home/airflow/.local/lib/python3.7/site-packages/airflow/example_dags/tutorial.py
[2023-01-12T07:38:50.833+0000] {processor.py:753} INFO - DAG(s) dict_keys(['tutorial']) retrieved from /home/airflow/.local/lib/python3.7/site-packages/airflow/example_dags/tutorial.py
[2023-01-12T07:38:50.865+0000] {logging_mixin.py:137} INFO - [2023-01-12T07:38:50.865+0000] {dag.py:2676} INFO - Sync 1 DAGs
[2023-01-12T07:38:50.885+0000] {logging_mixin.py:137} INFO - [2023-01-12T07:38:50.885+0000] {dag.py:3427} INFO - Setting next_dagrun for tutorial to 2023-01-11T07:38:50.885428+00:00, run_after=2023-01-12T07:38:50.885428+00:00
[2023-01-12T07:38:50.901+0000] {processor.py:175} INFO - Processing /home/airflow/.local/lib/python3.7/site-packages/airflow/example_dags/tutorial.py took 0.090 seconds
[2023-01-12T07:39:21.333+0000] {processor.py:153} INFO - Started process (PID=320) to work on /home/airflow/.local/lib/python3.7/site-packages/airflow/example_dags/tutorial.py
[2023-01-12T07:39:21.335+0000] {processor.py:743} INFO - Processing file /home/airflow/.local/lib/python3.7/site-packages/airflow/example_dags/tutorial.py for tasks to queue
[2023-01-12T07:39:21.337+0000] {logging_mixin.py:137} INFO - [2023-01-12T07:39:21.337+0000] {dagbag.py:538} INFO - Filling up the DagBag from /home/airflow/.local/lib/python3.7/site-packages/airflow/example_dags/tutorial.py
[2023-01-12T07:39:21.351+0000] {processor.py:753} INFO - DAG(s) dict_keys(['tutorial']) retrieved from /home/airflow/.local/lib/python3.7/site-packages/airflow/example_dags/tutorial.py
[2023-01-12T07:39:21.381+0000] {logging_mixin.py:137} INFO - [2023-01-12T07:39:21.381+0000] {dag.py:2676} INFO - Sync 1 DAGs
[2023-01-12T07:39:21.402+0000] {logging_mixin.py:137} INFO - [2023-01-12T07:39:21.402+0000] {dag.py:3427} INFO - Setting next_dagrun for tutorial to 2023-01-11T07:39:21.402023+00:00, run_after=2023-01-12T07:39:21.402023+00:00
[2023-01-12T07:39:21.419+0000] {processor.py:175} INFO - Processing /home/airflow/.local/lib/python3.7/site-packages/airflow/example_dags/tutorial.py took 0.092 seconds
[2023-01-12T07:40:35.849+0000] {processor.py:153} INFO - Started process (PID=35) to work on /home/airflow/.local/lib/python3.7/site-packages/airflow/example_dags/tutorial.py
[2023-01-12T07:40:35.853+0000] {processor.py:743} INFO - Processing file /home/airflow/.local/lib/python3.7/site-packages/airflow/example_dags/tutorial.py for tasks to queue
[2023-01-12T07:40:35.855+0000] {logging_mixin.py:137} INFO - [2023-01-12T07:40:35.854+0000] {dagbag.py:538} INFO - Filling up the DagBag from /home/airflow/.local/lib/python3.7/site-packages/airflow/example_dags/tutorial.py
[2023-01-12T07:40:35.889+0000] {processor.py:753} INFO - DAG(s) dict_keys(['tutorial']) retrieved from /home/airflow/.local/lib/python3.7/site-packages/airflow/example_dags/tutorial.py
[2023-01-12T07:40:35.917+0000] {logging_mixin.py:137} INFO - [2023-01-12T07:40:35.917+0000] {dag.py:2676} INFO - Sync 1 DAGs
[2023-01-12T07:40:35.940+0000] {logging_mixin.py:137} INFO - [2023-01-12T07:40:35.940+0000] {dag.py:3427} INFO - Setting next_dagrun for tutorial to 2023-01-11T07:40:35.939997+00:00, run_after=2023-01-12T07:40:35.939997+00:00
[2023-01-12T07:40:35.964+0000] {processor.py:175} INFO - Processing /home/airflow/.local/lib/python3.7/site-packages/airflow/example_dags/tutorial.py took 0.119 seconds
[2023-01-12T07:41:06.028+0000] {processor.py:153} INFO - Started process (PID=112) to work on /home/airflow/.local/lib/python3.7/site-packages/airflow/example_dags/tutorial.py
[2023-01-12T07:41:06.030+0000] {processor.py:743} INFO - Processing file /home/airflow/.local/lib/python3.7/site-packages/airflow/example_dags/tutorial.py for tasks to queue
[2023-01-12T07:41:06.032+0000] {logging_mixin.py:137} INFO - [2023-01-12T07:41:06.032+0000] {dagbag.py:538} INFO - Filling up the DagBag from /home/airflow/.local/lib/python3.7/site-packages/airflow/example_dags/tutorial.py
[2023-01-12T07:41:06.052+0000] {processor.py:753} INFO - DAG(s) dict_keys(['tutorial']) retrieved from /home/airflow/.local/lib/python3.7/site-packages/airflow/example_dags/tutorial.py
[2023-01-12T07:41:06.084+0000] {logging_mixin.py:137} INFO - [2023-01-12T07:41:06.084+0000] {dag.py:2676} INFO - Sync 1 DAGs
[2023-01-12T07:41:06.105+0000] {logging_mixin.py:137} INFO - [2023-01-12T07:41:06.105+0000] {dag.py:3427} INFO - Setting next_dagrun for tutorial to 2023-01-11T07:41:06.104918+00:00, run_after=2023-01-12T07:41:06.104918+00:00
[2023-01-12T07:41:06.124+0000] {processor.py:175} INFO - Processing /home/airflow/.local/lib/python3.7/site-packages/airflow/example_dags/tutorial.py took 0.101 seconds
[2023-01-12T07:41:36.257+0000] {processor.py:153} INFO - Started process (PID=173) to work on /home/airflow/.local/lib/python3.7/site-packages/airflow/example_dags/tutorial.py
[2023-01-12T07:41:36.259+0000] {processor.py:743} INFO - Processing file /home/airflow/.local/lib/python3.7/site-packages/airflow/example_dags/tutorial.py for tasks to queue
[2023-01-12T07:41:36.260+0000] {logging_mixin.py:137} INFO - [2023-01-12T07:41:36.260+0000] {dagbag.py:538} INFO - Filling up the DagBag from /home/airflow/.local/lib/python3.7/site-packages/airflow/example_dags/tutorial.py
[2023-01-12T07:41:36.273+0000] {processor.py:753} INFO - DAG(s) dict_keys(['tutorial']) retrieved from /home/airflow/.local/lib/python3.7/site-packages/airflow/example_dags/tutorial.py
[2023-01-12T07:41:36.305+0000] {logging_mixin.py:137} INFO - [2023-01-12T07:41:36.305+0000] {dag.py:2676} INFO - Sync 1 DAGs
[2023-01-12T07:41:36.326+0000] {logging_mixin.py:137} INFO - [2023-01-12T07:41:36.326+0000] {dag.py:3427} INFO - Setting next_dagrun for tutorial to 2023-01-11T07:41:36.325987+00:00, run_after=2023-01-12T07:41:36.325987+00:00
[2023-01-12T07:41:36.343+0000] {processor.py:175} INFO - Processing /home/airflow/.local/lib/python3.7/site-packages/airflow/example_dags/tutorial.py took 0.089 seconds
[2023-01-12T07:42:06.734+0000] {processor.py:153} INFO - Started process (PID=247) to work on /home/airflow/.local/lib/python3.7/site-packages/airflow/example_dags/tutorial.py
[2023-01-12T07:42:06.736+0000] {processor.py:743} INFO - Processing file /home/airflow/.local/lib/python3.7/site-packages/airflow/example_dags/tutorial.py for tasks to queue
[2023-01-12T07:42:06.738+0000] {logging_mixin.py:137} INFO - [2023-01-12T07:42:06.738+0000] {dagbag.py:538} INFO - Filling up the DagBag from /home/airflow/.local/lib/python3.7/site-packages/airflow/example_dags/tutorial.py
[2023-01-12T07:42:06.751+0000] {processor.py:753} INFO - DAG(s) dict_keys(['tutorial']) retrieved from /home/airflow/.local/lib/python3.7/site-packages/airflow/example_dags/tutorial.py
[2023-01-12T07:42:06.782+0000] {logging_mixin.py:137} INFO - [2023-01-12T07:42:06.782+0000] {dag.py:2676} INFO - Sync 1 DAGs
[2023-01-12T07:42:06.801+0000] {logging_mixin.py:137} INFO - [2023-01-12T07:42:06.801+0000] {dag.py:3427} INFO - Setting next_dagrun for tutorial to 2023-01-11T07:42:06.801363+00:00, run_after=2023-01-12T07:42:06.801363+00:00
[2023-01-12T07:42:06.816+0000] {processor.py:175} INFO - Processing /home/airflow/.local/lib/python3.7/site-packages/airflow/example_dags/tutorial.py took 0.086 seconds
[2023-01-12T07:42:37.369+0000] {processor.py:153} INFO - Started process (PID=323) to work on /home/airflow/.local/lib/python3.7/site-packages/airflow/example_dags/tutorial.py
[2023-01-12T07:42:37.372+0000] {processor.py:743} INFO - Processing file /home/airflow/.local/lib/python3.7/site-packages/airflow/example_dags/tutorial.py for tasks to queue
[2023-01-12T07:42:37.373+0000] {logging_mixin.py:137} INFO - [2023-01-12T07:42:37.373+0000] {dagbag.py:538} INFO - Filling up the DagBag from /home/airflow/.local/lib/python3.7/site-packages/airflow/example_dags/tutorial.py
[2023-01-12T07:42:37.390+0000] {processor.py:753} INFO - DAG(s) dict_keys(['tutorial']) retrieved from /home/airflow/.local/lib/python3.7/site-packages/airflow/example_dags/tutorial.py
[2023-01-12T07:42:37.432+0000] {logging_mixin.py:137} INFO - [2023-01-12T07:42:37.431+0000] {dag.py:2676} INFO - Sync 1 DAGs
[2023-01-12T07:42:37.459+0000] {logging_mixin.py:137} INFO - [2023-01-12T07:42:37.459+0000] {dag.py:3427} INFO - Setting next_dagrun for tutorial to 2023-01-11T07:42:37.458796+00:00, run_after=2023-01-12T07:42:37.458796+00:00
[2023-01-12T07:42:37.485+0000] {processor.py:175} INFO - Processing /home/airflow/.local/lib/python3.7/site-packages/airflow/example_dags/tutorial.py took 0.120 seconds
[2023-01-12T07:43:07.954+0000] {processor.py:153} INFO - Started process (PID=385) to work on /home/airflow/.local/lib/python3.7/site-packages/airflow/example_dags/tutorial.py
[2023-01-12T07:43:07.957+0000] {processor.py:743} INFO - Processing file /home/airflow/.local/lib/python3.7/site-packages/airflow/example_dags/tutorial.py for tasks to queue
[2023-01-12T07:43:07.958+0000] {logging_mixin.py:137} INFO - [2023-01-12T07:43:07.958+0000] {dagbag.py:538} INFO - Filling up the DagBag from /home/airflow/.local/lib/python3.7/site-packages/airflow/example_dags/tutorial.py
[2023-01-12T07:43:07.973+0000] {processor.py:753} INFO - DAG(s) dict_keys(['tutorial']) retrieved from /home/airflow/.local/lib/python3.7/site-packages/airflow/example_dags/tutorial.py
[2023-01-12T07:43:08.009+0000] {logging_mixin.py:137} INFO - [2023-01-12T07:43:08.009+0000] {dag.py:2676} INFO - Sync 1 DAGs
[2023-01-12T07:43:08.031+0000] {logging_mixin.py:137} INFO - [2023-01-12T07:43:08.030+0000] {dag.py:3427} INFO - Setting next_dagrun for tutorial to 2023-01-11T07:43:08.030698+00:00, run_after=2023-01-12T07:43:08.030698+00:00
[2023-01-12T07:43:08.048+0000] {processor.py:175} INFO - Processing /home/airflow/.local/lib/python3.7/site-packages/airflow/example_dags/tutorial.py took 0.097 seconds
[2023-01-12T07:43:38.836+0000] {processor.py:153} INFO - Started process (PID=457) to work on /home/airflow/.local/lib/python3.7/site-packages/airflow/example_dags/tutorial.py
[2023-01-12T07:43:38.838+0000] {processor.py:743} INFO - Processing file /home/airflow/.local/lib/python3.7/site-packages/airflow/example_dags/tutorial.py for tasks to queue
[2023-01-12T07:43:38.840+0000] {logging_mixin.py:137} INFO - [2023-01-12T07:43:38.840+0000] {dagbag.py:538} INFO - Filling up the DagBag from /home/airflow/.local/lib/python3.7/site-packages/airflow/example_dags/tutorial.py
[2023-01-12T07:43:38.855+0000] {processor.py:753} INFO - DAG(s) dict_keys(['tutorial']) retrieved from /home/airflow/.local/lib/python3.7/site-packages/airflow/example_dags/tutorial.py
[2023-01-12T07:43:38.888+0000] {logging_mixin.py:137} INFO - [2023-01-12T07:43:38.888+0000] {dag.py:2676} INFO - Sync 1 DAGs
[2023-01-12T07:43:38.909+0000] {logging_mixin.py:137} INFO - [2023-01-12T07:43:38.908+0000] {dag.py:3427} INFO - Setting next_dagrun for tutorial to 2023-01-11T07:43:38.908756+00:00, run_after=2023-01-12T07:43:38.908756+00:00
[2023-01-12T07:43:38.926+0000] {processor.py:175} INFO - Processing /home/airflow/.local/lib/python3.7/site-packages/airflow/example_dags/tutorial.py took 0.095 seconds
[2023-01-12T07:44:09.567+0000] {processor.py:153} INFO - Started process (PID=528) to work on /home/airflow/.local/lib/python3.7/site-packages/airflow/example_dags/tutorial.py
[2023-01-12T07:44:09.569+0000] {processor.py:743} INFO - Processing file /home/airflow/.local/lib/python3.7/site-packages/airflow/example_dags/tutorial.py for tasks to queue
[2023-01-12T07:44:09.571+0000] {logging_mixin.py:137} INFO - [2023-01-12T07:44:09.571+0000] {dagbag.py:538} INFO - Filling up the DagBag from /home/airflow/.local/lib/python3.7/site-packages/airflow/example_dags/tutorial.py
[2023-01-12T07:44:09.585+0000] {processor.py:753} INFO - DAG(s) dict_keys(['tutorial']) retrieved from /home/airflow/.local/lib/python3.7/site-packages/airflow/example_dags/tutorial.py
[2023-01-12T07:44:09.616+0000] {logging_mixin.py:137} INFO - [2023-01-12T07:44:09.616+0000] {dag.py:2676} INFO - Sync 1 DAGs
[2023-01-12T07:44:09.635+0000] {logging_mixin.py:137} INFO - [2023-01-12T07:44:09.635+0000] {dag.py:3427} INFO - Setting next_dagrun for tutorial to 2023-01-11T07:44:09.635549+00:00, run_after=2023-01-12T07:44:09.635549+00:00
[2023-01-12T07:44:09.652+0000] {processor.py:175} INFO - Processing /home/airflow/.local/lib/python3.7/site-packages/airflow/example_dags/tutorial.py took 0.087 seconds
[2023-01-12T07:44:39.823+0000] {processor.py:153} INFO - Started process (PID=593) to work on /home/airflow/.local/lib/python3.7/site-packages/airflow/example_dags/tutorial.py
[2023-01-12T07:44:39.826+0000] {processor.py:743} INFO - Processing file /home/airflow/.local/lib/python3.7/site-packages/airflow/example_dags/tutorial.py for tasks to queue
[2023-01-12T07:44:39.827+0000] {logging_mixin.py:137} INFO - [2023-01-12T07:44:39.827+0000] {dagbag.py:538} INFO - Filling up the DagBag from /home/airflow/.local/lib/python3.7/site-packages/airflow/example_dags/tutorial.py
[2023-01-12T07:44:39.839+0000] {processor.py:753} INFO - DAG(s) dict_keys(['tutorial']) retrieved from /home/airflow/.local/lib/python3.7/site-packages/airflow/example_dags/tutorial.py
[2023-01-12T07:44:39.867+0000] {logging_mixin.py:137} INFO - [2023-01-12T07:44:39.866+0000] {dag.py:2676} INFO - Sync 1 DAGs
[2023-01-12T07:44:39.885+0000] {logging_mixin.py:137} INFO - [2023-01-12T07:44:39.885+0000] {dag.py:3427} INFO - Setting next_dagrun for tutorial to 2023-01-11T07:44:39.885643+00:00, run_after=2023-01-12T07:44:39.885643+00:00
[2023-01-12T07:44:39.902+0000] {processor.py:175} INFO - Processing /home/airflow/.local/lib/python3.7/site-packages/airflow/example_dags/tutorial.py took 0.083 seconds
[2023-01-12T07:45:10.334+0000] {processor.py:153} INFO - Started process (PID=668) to work on /home/airflow/.local/lib/python3.7/site-packages/airflow/example_dags/tutorial.py
[2023-01-12T07:45:10.337+0000] {processor.py:743} INFO - Processing file /home/airflow/.local/lib/python3.7/site-packages/airflow/example_dags/tutorial.py for tasks to queue
[2023-01-12T07:45:10.338+0000] {logging_mixin.py:137} INFO - [2023-01-12T07:45:10.338+0000] {dagbag.py:538} INFO - Filling up the DagBag from /home/airflow/.local/lib/python3.7/site-packages/airflow/example_dags/tutorial.py
[2023-01-12T07:45:10.351+0000] {processor.py:753} INFO - DAG(s) dict_keys(['tutorial']) retrieved from /home/airflow/.local/lib/python3.7/site-packages/airflow/example_dags/tutorial.py
[2023-01-12T07:45:10.379+0000] {logging_mixin.py:137} INFO - [2023-01-12T07:45:10.379+0000] {dag.py:2676} INFO - Sync 1 DAGs
[2023-01-12T07:45:10.399+0000] {logging_mixin.py:137} INFO - [2023-01-12T07:45:10.399+0000] {dag.py:3427} INFO - Setting next_dagrun for tutorial to 2023-01-11T07:45:10.399595+00:00, run_after=2023-01-12T07:45:10.399595+00:00
[2023-01-12T07:45:10.417+0000] {processor.py:175} INFO - Processing /home/airflow/.local/lib/python3.7/site-packages/airflow/example_dags/tutorial.py took 0.091 seconds
[2023-01-12T07:45:41.081+0000] {processor.py:153} INFO - Started process (PID=731) to work on /home/airflow/.local/lib/python3.7/site-packages/airflow/example_dags/tutorial.py
[2023-01-12T07:45:41.083+0000] {processor.py:743} INFO - Processing file /home/airflow/.local/lib/python3.7/site-packages/airflow/example_dags/tutorial.py for tasks to queue
[2023-01-12T07:45:41.084+0000] {logging_mixin.py:137} INFO - [2023-01-12T07:45:41.084+0000] {dagbag.py:538} INFO - Filling up the DagBag from /home/airflow/.local/lib/python3.7/site-packages/airflow/example_dags/tutorial.py
[2023-01-12T07:45:41.097+0000] {processor.py:753} INFO - DAG(s) dict_keys(['tutorial']) retrieved from /home/airflow/.local/lib/python3.7/site-packages/airflow/example_dags/tutorial.py
[2023-01-12T07:45:41.126+0000] {logging_mixin.py:137} INFO - [2023-01-12T07:45:41.126+0000] {dag.py:2676} INFO - Sync 1 DAGs
[2023-01-12T07:45:41.146+0000] {logging_mixin.py:137} INFO - [2023-01-12T07:45:41.146+0000] {dag.py:3427} INFO - Setting next_dagrun for tutorial to 2023-01-11T07:45:41.146148+00:00, run_after=2023-01-12T07:45:41.146148+00:00
[2023-01-12T07:45:41.162+0000] {processor.py:175} INFO - Processing /home/airflow/.local/lib/python3.7/site-packages/airflow/example_dags/tutorial.py took 0.083 seconds
[2023-01-12T07:46:12.070+0000] {processor.py:153} INFO - Started process (PID=804) to work on /home/airflow/.local/lib/python3.7/site-packages/airflow/example_dags/tutorial.py
[2023-01-12T07:46:12.072+0000] {processor.py:743} INFO - Processing file /home/airflow/.local/lib/python3.7/site-packages/airflow/example_dags/tutorial.py for tasks to queue
[2023-01-12T07:46:12.075+0000] {logging_mixin.py:137} INFO - [2023-01-12T07:46:12.075+0000] {dagbag.py:538} INFO - Filling up the DagBag from /home/airflow/.local/lib/python3.7/site-packages/airflow/example_dags/tutorial.py
[2023-01-12T07:46:12.088+0000] {processor.py:753} INFO - DAG(s) dict_keys(['tutorial']) retrieved from /home/airflow/.local/lib/python3.7/site-packages/airflow/example_dags/tutorial.py
[2023-01-12T07:46:12.117+0000] {logging_mixin.py:137} INFO - [2023-01-12T07:46:12.117+0000] {dag.py:2676} INFO - Sync 1 DAGs
[2023-01-12T07:46:12.135+0000] {logging_mixin.py:137} INFO - [2023-01-12T07:46:12.135+0000] {dag.py:3427} INFO - Setting next_dagrun for tutorial to 2023-01-11T07:46:12.135626+00:00, run_after=2023-01-12T07:46:12.135626+00:00
[2023-01-12T07:46:12.152+0000] {processor.py:175} INFO - Processing /home/airflow/.local/lib/python3.7/site-packages/airflow/example_dags/tutorial.py took 0.084 seconds
[2023-01-12T07:46:42.733+0000] {processor.py:153} INFO - Started process (PID=879) to work on /home/airflow/.local/lib/python3.7/site-packages/airflow/example_dags/tutorial.py
[2023-01-12T07:46:42.735+0000] {processor.py:743} INFO - Processing file /home/airflow/.local/lib/python3.7/site-packages/airflow/example_dags/tutorial.py for tasks to queue
[2023-01-12T07:46:42.737+0000] {logging_mixin.py:137} INFO - [2023-01-12T07:46:42.737+0000] {dagbag.py:538} INFO - Filling up the DagBag from /home/airflow/.local/lib/python3.7/site-packages/airflow/example_dags/tutorial.py
[2023-01-12T07:46:42.751+0000] {processor.py:753} INFO - DAG(s) dict_keys(['tutorial']) retrieved from /home/airflow/.local/lib/python3.7/site-packages/airflow/example_dags/tutorial.py
[2023-01-12T07:46:42.789+0000] {logging_mixin.py:137} INFO - [2023-01-12T07:46:42.788+0000] {dag.py:2676} INFO - Sync 1 DAGs
[2023-01-12T07:46:42.812+0000] {logging_mixin.py:137} INFO - [2023-01-12T07:46:42.812+0000] {dag.py:3427} INFO - Setting next_dagrun for tutorial to 2023-01-11T07:46:42.811909+00:00, run_after=2023-01-12T07:46:42.811909+00:00
[2023-01-12T07:46:42.829+0000] {processor.py:175} INFO - Processing /home/airflow/.local/lib/python3.7/site-packages/airflow/example_dags/tutorial.py took 0.099 seconds
[2023-01-12T07:47:13.552+0000] {processor.py:153} INFO - Started process (PID=941) to work on /home/airflow/.local/lib/python3.7/site-packages/airflow/example_dags/tutorial.py
[2023-01-12T07:47:13.554+0000] {processor.py:743} INFO - Processing file /home/airflow/.local/lib/python3.7/site-packages/airflow/example_dags/tutorial.py for tasks to queue
[2023-01-12T07:47:13.556+0000] {logging_mixin.py:137} INFO - [2023-01-12T07:47:13.556+0000] {dagbag.py:538} INFO - Filling up the DagBag from /home/airflow/.local/lib/python3.7/site-packages/airflow/example_dags/tutorial.py
[2023-01-12T07:47:13.570+0000] {processor.py:753} INFO - DAG(s) dict_keys(['tutorial']) retrieved from /home/airflow/.local/lib/python3.7/site-packages/airflow/example_dags/tutorial.py
[2023-01-12T07:47:13.607+0000] {logging_mixin.py:137} INFO - [2023-01-12T07:47:13.607+0000] {dag.py:2676} INFO - Sync 1 DAGs
[2023-01-12T07:47:13.633+0000] {logging_mixin.py:137} INFO - [2023-01-12T07:47:13.633+0000] {dag.py:3427} INFO - Setting next_dagrun for tutorial to 2023-01-11T07:47:13.632945+00:00, run_after=2023-01-12T07:47:13.632945+00:00
[2023-01-12T07:47:13.652+0000] {processor.py:175} INFO - Processing /home/airflow/.local/lib/python3.7/site-packages/airflow/example_dags/tutorial.py took 0.103 seconds
[2023-01-12T07:47:43.846+0000] {processor.py:153} INFO - Started process (PID=1017) to work on /home/airflow/.local/lib/python3.7/site-packages/airflow/example_dags/tutorial.py
[2023-01-12T07:47:43.850+0000] {processor.py:743} INFO - Processing file /home/airflow/.local/lib/python3.7/site-packages/airflow/example_dags/tutorial.py for tasks to queue
[2023-01-12T07:47:43.853+0000] {logging_mixin.py:137} INFO - [2023-01-12T07:47:43.853+0000] {dagbag.py:538} INFO - Filling up the DagBag from /home/airflow/.local/lib/python3.7/site-packages/airflow/example_dags/tutorial.py
[2023-01-12T07:47:43.874+0000] {processor.py:753} INFO - DAG(s) dict_keys(['tutorial']) retrieved from /home/airflow/.local/lib/python3.7/site-packages/airflow/example_dags/tutorial.py
[2023-01-12T07:47:43.908+0000] {logging_mixin.py:137} INFO - [2023-01-12T07:47:43.908+0000] {dag.py:2676} INFO - Sync 1 DAGs
[2023-01-12T07:47:43.929+0000] {logging_mixin.py:137} INFO - [2023-01-12T07:47:43.929+0000] {dag.py:3427} INFO - Setting next_dagrun for tutorial to 2023-01-11T07:47:43.929218+00:00, run_after=2023-01-12T07:47:43.929218+00:00
[2023-01-12T07:47:43.946+0000] {processor.py:175} INFO - Processing /home/airflow/.local/lib/python3.7/site-packages/airflow/example_dags/tutorial.py took 0.106 seconds
[2023-01-12T07:48:14.457+0000] {processor.py:153} INFO - Started process (PID=1078) to work on /home/airflow/.local/lib/python3.7/site-packages/airflow/example_dags/tutorial.py
[2023-01-12T07:48:14.459+0000] {processor.py:743} INFO - Processing file /home/airflow/.local/lib/python3.7/site-packages/airflow/example_dags/tutorial.py for tasks to queue
[2023-01-12T07:48:14.460+0000] {logging_mixin.py:137} INFO - [2023-01-12T07:48:14.460+0000] {dagbag.py:538} INFO - Filling up the DagBag from /home/airflow/.local/lib/python3.7/site-packages/airflow/example_dags/tutorial.py
[2023-01-12T07:48:14.475+0000] {processor.py:753} INFO - DAG(s) dict_keys(['tutorial']) retrieved from /home/airflow/.local/lib/python3.7/site-packages/airflow/example_dags/tutorial.py
[2023-01-12T07:48:14.506+0000] {logging_mixin.py:137} INFO - [2023-01-12T07:48:14.506+0000] {dag.py:2676} INFO - Sync 1 DAGs
[2023-01-12T07:48:14.526+0000] {logging_mixin.py:137} INFO - [2023-01-12T07:48:14.525+0000] {dag.py:3427} INFO - Setting next_dagrun for tutorial to 2023-01-11T07:48:14.525752+00:00, run_after=2023-01-12T07:48:14.525752+00:00
[2023-01-12T07:48:14.545+0000] {processor.py:175} INFO - Processing /home/airflow/.local/lib/python3.7/site-packages/airflow/example_dags/tutorial.py took 0.091 seconds
[2023-01-12T07:48:45.324+0000] {processor.py:153} INFO - Started process (PID=1151) to work on /home/airflow/.local/lib/python3.7/site-packages/airflow/example_dags/tutorial.py
[2023-01-12T07:48:45.326+0000] {processor.py:743} INFO - Processing file /home/airflow/.local/lib/python3.7/site-packages/airflow/example_dags/tutorial.py for tasks to queue
[2023-01-12T07:48:45.327+0000] {logging_mixin.py:137} INFO - [2023-01-12T07:48:45.327+0000] {dagbag.py:538} INFO - Filling up the DagBag from /home/airflow/.local/lib/python3.7/site-packages/airflow/example_dags/tutorial.py
[2023-01-12T07:48:45.341+0000] {processor.py:753} INFO - DAG(s) dict_keys(['tutorial']) retrieved from /home/airflow/.local/lib/python3.7/site-packages/airflow/example_dags/tutorial.py
[2023-01-12T07:48:45.376+0000] {logging_mixin.py:137} INFO - [2023-01-12T07:48:45.376+0000] {dag.py:2676} INFO - Sync 1 DAGs
[2023-01-12T07:48:45.399+0000] {logging_mixin.py:137} INFO - [2023-01-12T07:48:45.398+0000] {dag.py:3427} INFO - Setting next_dagrun for tutorial to 2023-01-11T07:48:45.398770+00:00, run_after=2023-01-12T07:48:45.398770+00:00
[2023-01-12T07:48:45.418+0000] {processor.py:175} INFO - Processing /home/airflow/.local/lib/python3.7/site-packages/airflow/example_dags/tutorial.py took 0.097 seconds
[2023-01-12T07:49:15.801+0000] {processor.py:153} INFO - Started process (PID=1227) to work on /home/airflow/.local/lib/python3.7/site-packages/airflow/example_dags/tutorial.py
[2023-01-12T07:49:15.804+0000] {processor.py:743} INFO - Processing file /home/airflow/.local/lib/python3.7/site-packages/airflow/example_dags/tutorial.py for tasks to queue
[2023-01-12T07:49:15.805+0000] {logging_mixin.py:137} INFO - [2023-01-12T07:49:15.805+0000] {dagbag.py:538} INFO - Filling up the DagBag from /home/airflow/.local/lib/python3.7/site-packages/airflow/example_dags/tutorial.py
[2023-01-12T07:49:15.818+0000] {processor.py:753} INFO - DAG(s) dict_keys(['tutorial']) retrieved from /home/airflow/.local/lib/python3.7/site-packages/airflow/example_dags/tutorial.py
[2023-01-12T07:49:15.848+0000] {logging_mixin.py:137} INFO - [2023-01-12T07:49:15.848+0000] {dag.py:2676} INFO - Sync 1 DAGs
[2023-01-12T07:49:15.869+0000] {logging_mixin.py:137} INFO - [2023-01-12T07:49:15.869+0000] {dag.py:3427} INFO - Setting next_dagrun for tutorial to 2023-01-11T07:49:15.868911+00:00, run_after=2023-01-12T07:49:15.868911+00:00
[2023-01-12T07:49:15.884+0000] {processor.py:175} INFO - Processing /home/airflow/.local/lib/python3.7/site-packages/airflow/example_dags/tutorial.py took 0.085 seconds
[2023-01-12T07:49:46.494+0000] {processor.py:153} INFO - Started process (PID=1289) to work on /home/airflow/.local/lib/python3.7/site-packages/airflow/example_dags/tutorial.py
[2023-01-12T07:49:46.497+0000] {processor.py:743} INFO - Processing file /home/airflow/.local/lib/python3.7/site-packages/airflow/example_dags/tutorial.py for tasks to queue
[2023-01-12T07:49:46.500+0000] {logging_mixin.py:137} INFO - [2023-01-12T07:49:46.499+0000] {dagbag.py:538} INFO - Filling up the DagBag from /home/airflow/.local/lib/python3.7/site-packages/airflow/example_dags/tutorial.py
[2023-01-12T07:49:46.515+0000] {processor.py:753} INFO - DAG(s) dict_keys(['tutorial']) retrieved from /home/airflow/.local/lib/python3.7/site-packages/airflow/example_dags/tutorial.py
[2023-01-12T07:49:46.551+0000] {logging_mixin.py:137} INFO - [2023-01-12T07:49:46.551+0000] {dag.py:2676} INFO - Sync 1 DAGs
[2023-01-12T07:49:46.572+0000] {logging_mixin.py:137} INFO - [2023-01-12T07:49:46.572+0000] {dag.py:3427} INFO - Setting next_dagrun for tutorial to 2023-01-11T07:49:46.572546+00:00, run_after=2023-01-12T07:49:46.572546+00:00
[2023-01-12T07:49:46.597+0000] {processor.py:175} INFO - Processing /home/airflow/.local/lib/python3.7/site-packages/airflow/example_dags/tutorial.py took 0.106 seconds
[2023-01-12T07:50:17.534+0000] {processor.py:153} INFO - Started process (PID=1364) to work on /home/airflow/.local/lib/python3.7/site-packages/airflow/example_dags/tutorial.py
[2023-01-12T07:50:17.536+0000] {processor.py:743} INFO - Processing file /home/airflow/.local/lib/python3.7/site-packages/airflow/example_dags/tutorial.py for tasks to queue
[2023-01-12T07:50:17.538+0000] {logging_mixin.py:137} INFO - [2023-01-12T07:50:17.538+0000] {dagbag.py:538} INFO - Filling up the DagBag from /home/airflow/.local/lib/python3.7/site-packages/airflow/example_dags/tutorial.py
[2023-01-12T07:50:17.554+0000] {processor.py:753} INFO - DAG(s) dict_keys(['tutorial']) retrieved from /home/airflow/.local/lib/python3.7/site-packages/airflow/example_dags/tutorial.py
[2023-01-12T07:50:17.586+0000] {logging_mixin.py:137} INFO - [2023-01-12T07:50:17.585+0000] {dag.py:2676} INFO - Sync 1 DAGs
[2023-01-12T07:50:17.605+0000] {logging_mixin.py:137} INFO - [2023-01-12T07:50:17.604+0000] {dag.py:3427} INFO - Setting next_dagrun for tutorial to 2023-01-11T07:50:17.604765+00:00, run_after=2023-01-12T07:50:17.604765+00:00
[2023-01-12T07:50:17.621+0000] {processor.py:175} INFO - Processing /home/airflow/.local/lib/python3.7/site-packages/airflow/example_dags/tutorial.py took 0.091 seconds
[2023-01-12T07:50:48.168+0000] {processor.py:153} INFO - Started process (PID=1434) to work on /home/airflow/.local/lib/python3.7/site-packages/airflow/example_dags/tutorial.py
[2023-01-12T07:50:48.172+0000] {processor.py:743} INFO - Processing file /home/airflow/.local/lib/python3.7/site-packages/airflow/example_dags/tutorial.py for tasks to queue
[2023-01-12T07:50:48.175+0000] {logging_mixin.py:137} INFO - [2023-01-12T07:50:48.175+0000] {dagbag.py:538} INFO - Filling up the DagBag from /home/airflow/.local/lib/python3.7/site-packages/airflow/example_dags/tutorial.py
[2023-01-12T07:50:48.216+0000] {processor.py:753} INFO - DAG(s) dict_keys(['tutorial']) retrieved from /home/airflow/.local/lib/python3.7/site-packages/airflow/example_dags/tutorial.py
[2023-01-12T07:50:48.280+0000] {logging_mixin.py:137} INFO - [2023-01-12T07:50:48.280+0000] {dag.py:2676} INFO - Sync 1 DAGs
[2023-01-12T07:50:48.318+0000] {logging_mixin.py:137} INFO - [2023-01-12T07:50:48.318+0000] {dag.py:3427} INFO - Setting next_dagrun for tutorial to 2023-01-11T07:50:48.317904+00:00, run_after=2023-01-12T07:50:48.317904+00:00
[2023-01-12T07:50:48.339+0000] {processor.py:175} INFO - Processing /home/airflow/.local/lib/python3.7/site-packages/airflow/example_dags/tutorial.py took 0.174 seconds
[2023-01-12T07:51:19.222+0000] {processor.py:153} INFO - Started process (PID=1498) to work on /home/airflow/.local/lib/python3.7/site-packages/airflow/example_dags/tutorial.py
[2023-01-12T07:51:19.224+0000] {processor.py:743} INFO - Processing file /home/airflow/.local/lib/python3.7/site-packages/airflow/example_dags/tutorial.py for tasks to queue
[2023-01-12T07:51:19.226+0000] {logging_mixin.py:137} INFO - [2023-01-12T07:51:19.226+0000] {dagbag.py:538} INFO - Filling up the DagBag from /home/airflow/.local/lib/python3.7/site-packages/airflow/example_dags/tutorial.py
[2023-01-12T07:51:19.244+0000] {processor.py:753} INFO - DAG(s) dict_keys(['tutorial']) retrieved from /home/airflow/.local/lib/python3.7/site-packages/airflow/example_dags/tutorial.py
[2023-01-12T07:51:19.287+0000] {logging_mixin.py:137} INFO - [2023-01-12T07:51:19.286+0000] {dag.py:2676} INFO - Sync 1 DAGs
[2023-01-12T07:51:19.312+0000] {logging_mixin.py:137} INFO - [2023-01-12T07:51:19.312+0000] {dag.py:3427} INFO - Setting next_dagrun for tutorial to 2023-01-11T07:51:19.311672+00:00, run_after=2023-01-12T07:51:19.311672+00:00
[2023-01-12T07:51:19.330+0000] {processor.py:175} INFO - Processing /home/airflow/.local/lib/python3.7/site-packages/airflow/example_dags/tutorial.py took 0.112 seconds
[2023-01-12T07:51:50.193+0000] {processor.py:153} INFO - Started process (PID=1570) to work on /home/airflow/.local/lib/python3.7/site-packages/airflow/example_dags/tutorial.py
[2023-01-12T07:51:50.195+0000] {processor.py:743} INFO - Processing file /home/airflow/.local/lib/python3.7/site-packages/airflow/example_dags/tutorial.py for tasks to queue
[2023-01-12T07:51:50.197+0000] {logging_mixin.py:137} INFO - [2023-01-12T07:51:50.197+0000] {dagbag.py:538} INFO - Filling up the DagBag from /home/airflow/.local/lib/python3.7/site-packages/airflow/example_dags/tutorial.py
[2023-01-12T07:51:50.209+0000] {processor.py:753} INFO - DAG(s) dict_keys(['tutorial']) retrieved from /home/airflow/.local/lib/python3.7/site-packages/airflow/example_dags/tutorial.py
[2023-01-12T07:51:50.240+0000] {logging_mixin.py:137} INFO - [2023-01-12T07:51:50.239+0000] {dag.py:2676} INFO - Sync 1 DAGs
[2023-01-12T07:51:50.260+0000] {logging_mixin.py:137} INFO - [2023-01-12T07:51:50.260+0000] {dag.py:3427} INFO - Setting next_dagrun for tutorial to 2023-01-11T07:51:50.259904+00:00, run_after=2023-01-12T07:51:50.259904+00:00
[2023-01-12T07:51:50.277+0000] {processor.py:175} INFO - Processing /home/airflow/.local/lib/python3.7/site-packages/airflow/example_dags/tutorial.py took 0.088 seconds
[2023-01-12T07:52:21.007+0000] {processor.py:153} INFO - Started process (PID=1632) to work on /home/airflow/.local/lib/python3.7/site-packages/airflow/example_dags/tutorial.py
[2023-01-12T07:52:21.009+0000] {processor.py:743} INFO - Processing file /home/airflow/.local/lib/python3.7/site-packages/airflow/example_dags/tutorial.py for tasks to queue
[2023-01-12T07:52:21.010+0000] {logging_mixin.py:137} INFO - [2023-01-12T07:52:21.010+0000] {dagbag.py:538} INFO - Filling up the DagBag from /home/airflow/.local/lib/python3.7/site-packages/airflow/example_dags/tutorial.py
[2023-01-12T07:52:21.023+0000] {processor.py:753} INFO - DAG(s) dict_keys(['tutorial']) retrieved from /home/airflow/.local/lib/python3.7/site-packages/airflow/example_dags/tutorial.py
[2023-01-12T07:52:21.054+0000] {logging_mixin.py:137} INFO - [2023-01-12T07:52:21.054+0000] {dag.py:2676} INFO - Sync 1 DAGs
[2023-01-12T07:52:21.073+0000] {logging_mixin.py:137} INFO - [2023-01-12T07:52:21.073+0000] {dag.py:3427} INFO - Setting next_dagrun for tutorial to 2023-01-11T07:52:21.073112+00:00, run_after=2023-01-12T07:52:21.073112+00:00
[2023-01-12T07:52:21.093+0000] {processor.py:175} INFO - Processing /home/airflow/.local/lib/python3.7/site-packages/airflow/example_dags/tutorial.py took 0.089 seconds
[2023-01-12T07:52:52.000+0000] {processor.py:153} INFO - Started process (PID=1706) to work on /home/airflow/.local/lib/python3.7/site-packages/airflow/example_dags/tutorial.py
[2023-01-12T07:52:52.006+0000] {processor.py:743} INFO - Processing file /home/airflow/.local/lib/python3.7/site-packages/airflow/example_dags/tutorial.py for tasks to queue
[2023-01-12T07:52:52.008+0000] {logging_mixin.py:137} INFO - [2023-01-12T07:52:52.008+0000] {dagbag.py:538} INFO - Filling up the DagBag from /home/airflow/.local/lib/python3.7/site-packages/airflow/example_dags/tutorial.py
[2023-01-12T07:52:52.026+0000] {processor.py:753} INFO - DAG(s) dict_keys(['tutorial']) retrieved from /home/airflow/.local/lib/python3.7/site-packages/airflow/example_dags/tutorial.py
[2023-01-12T07:52:52.063+0000] {logging_mixin.py:137} INFO - [2023-01-12T07:52:52.063+0000] {dag.py:2676} INFO - Sync 1 DAGs
[2023-01-12T07:52:52.086+0000] {logging_mixin.py:137} INFO - [2023-01-12T07:52:52.086+0000] {dag.py:3427} INFO - Setting next_dagrun for tutorial to 2023-01-11T07:52:52.086346+00:00, run_after=2023-01-12T07:52:52.086346+00:00
[2023-01-12T07:52:52.106+0000] {processor.py:175} INFO - Processing /home/airflow/.local/lib/python3.7/site-packages/airflow/example_dags/tutorial.py took 0.110 seconds
[2023-01-12T07:53:22.616+0000] {processor.py:153} INFO - Started process (PID=1779) to work on /home/airflow/.local/lib/python3.7/site-packages/airflow/example_dags/tutorial.py
[2023-01-12T07:53:22.618+0000] {processor.py:743} INFO - Processing file /home/airflow/.local/lib/python3.7/site-packages/airflow/example_dags/tutorial.py for tasks to queue
[2023-01-12T07:53:22.619+0000] {logging_mixin.py:137} INFO - [2023-01-12T07:53:22.619+0000] {dagbag.py:538} INFO - Filling up the DagBag from /home/airflow/.local/lib/python3.7/site-packages/airflow/example_dags/tutorial.py
[2023-01-12T07:53:22.632+0000] {processor.py:753} INFO - DAG(s) dict_keys(['tutorial']) retrieved from /home/airflow/.local/lib/python3.7/site-packages/airflow/example_dags/tutorial.py
[2023-01-12T07:53:22.665+0000] {logging_mixin.py:137} INFO - [2023-01-12T07:53:22.665+0000] {dag.py:2676} INFO - Sync 1 DAGs
[2023-01-12T07:53:22.686+0000] {logging_mixin.py:137} INFO - [2023-01-12T07:53:22.686+0000] {dag.py:3427} INFO - Setting next_dagrun for tutorial to 2023-01-11T07:53:22.686167+00:00, run_after=2023-01-12T07:53:22.686167+00:00
[2023-01-12T07:53:22.705+0000] {processor.py:175} INFO - Processing /home/airflow/.local/lib/python3.7/site-packages/airflow/example_dags/tutorial.py took 0.093 seconds
[2023-01-12T07:53:53.114+0000] {processor.py:153} INFO - Started process (PID=1841) to work on /home/airflow/.local/lib/python3.7/site-packages/airflow/example_dags/tutorial.py
[2023-01-12T07:53:53.116+0000] {processor.py:743} INFO - Processing file /home/airflow/.local/lib/python3.7/site-packages/airflow/example_dags/tutorial.py for tasks to queue
[2023-01-12T07:53:53.117+0000] {logging_mixin.py:137} INFO - [2023-01-12T07:53:53.117+0000] {dagbag.py:538} INFO - Filling up the DagBag from /home/airflow/.local/lib/python3.7/site-packages/airflow/example_dags/tutorial.py
[2023-01-12T07:53:53.130+0000] {processor.py:753} INFO - DAG(s) dict_keys(['tutorial']) retrieved from /home/airflow/.local/lib/python3.7/site-packages/airflow/example_dags/tutorial.py
[2023-01-12T07:53:53.160+0000] {logging_mixin.py:137} INFO - [2023-01-12T07:53:53.160+0000] {dag.py:2676} INFO - Sync 1 DAGs
[2023-01-12T07:53:53.178+0000] {logging_mixin.py:137} INFO - [2023-01-12T07:53:53.178+0000] {dag.py:3427} INFO - Setting next_dagrun for tutorial to 2023-01-11T07:53:53.178433+00:00, run_after=2023-01-12T07:53:53.178433+00:00
[2023-01-12T07:53:53.195+0000] {processor.py:175} INFO - Processing /home/airflow/.local/lib/python3.7/site-packages/airflow/example_dags/tutorial.py took 0.085 seconds
