[2023-01-12T09:19:51.218+0000] {taskinstance.py:1087} INFO - Dependencies all met for <TaskInstance: our_first_dag.first_task scheduled__2021-11-19T00:00:00+00:00 [queued]>
[2023-01-12T09:19:51.234+0000] {taskinstance.py:1087} INFO - Dependencies all met for <TaskInstance: our_first_dag.first_task scheduled__2021-11-19T00:00:00+00:00 [queued]>
[2023-01-12T09:19:51.236+0000] {taskinstance.py:1283} INFO - 
--------------------------------------------------------------------------------
[2023-01-12T09:19:51.237+0000] {taskinstance.py:1284} INFO - Starting attempt 1 of 6
[2023-01-12T09:19:51.239+0000] {taskinstance.py:1285} INFO - 
--------------------------------------------------------------------------------
[2023-01-12T09:19:51.261+0000] {taskinstance.py:1304} INFO - Executing <Task(BashOperator): first_task> on 2021-11-19 00:00:00+00:00
[2023-01-12T09:19:51.274+0000] {standard_task_runner.py:55} INFO - Started process 5295 to run task
[2023-01-12T09:19:51.296+0000] {standard_task_runner.py:82} INFO - Running: ['***', 'tasks', 'run', 'our_first_dag', 'first_task', 'scheduled__2021-11-19T00:00:00+00:00', '--job-id', '115', '--raw', '--subdir', 'DAGS_FOLDER/our_first_dag.py', '--cfg-path', '/tmp/tmpa1rrtuze']
[2023-01-12T09:19:51.304+0000] {standard_task_runner.py:83} INFO - Job 115: Subtask first_task
[2023-01-12T09:19:51.478+0000] {task_command.py:389} INFO - Running <TaskInstance: our_first_dag.first_task scheduled__2021-11-19T00:00:00+00:00 [running]> on host aa6ae62f6248
[2023-01-12T09:19:51.774+0000] {taskinstance.py:1513} INFO - Exporting the following env vars:
AIRFLOW_CTX_DAG_OWNER=malo
AIRFLOW_CTX_DAG_ID=our_first_dag
AIRFLOW_CTX_TASK_ID=first_task
AIRFLOW_CTX_EXECUTION_DATE=2021-11-19T00:00:00+00:00
AIRFLOW_CTX_TRY_NUMBER=1
AIRFLOW_CTX_DAG_RUN_ID=scheduled__2021-11-19T00:00:00+00:00
[2023-01-12T09:19:51.776+0000] {subprocess.py:63} INFO - Tmp dir root location: 
 /tmp
[2023-01-12T09:19:51.778+0000] {subprocess.py:75} INFO - Running command: ['/bin/bash', '-c', 'echo hello word we are here now']
[2023-01-12T09:19:51.854+0000] {subprocess.py:86} INFO - Output:
[2023-01-12T09:19:51.856+0000] {subprocess.py:93} INFO - hello word we are here now
[2023-01-12T09:19:51.859+0000] {subprocess.py:97} INFO - Command exited with return code 0
[2023-01-12T09:19:52.036+0000] {taskinstance.py:1327} INFO - Marking task as SUCCESS. dag_id=our_first_dag, task_id=first_task, execution_date=20211119T000000, start_date=20230112T091951, end_date=20230112T091952
[2023-01-12T09:19:52.224+0000] {local_task_job.py:159} INFO - Task exited with return code 0
[2023-01-12T09:19:52.248+0000] {taskinstance.py:2582} INFO - 0 downstream tasks scheduled from follow-on schedule check
