[2023-01-12T09:21:58.683+0000] {taskinstance.py:1087} INFO - Dependencies all met for <TaskInstance: our_first_dag.first_task scheduled__2022-07-28T00:00:00+00:00 [queued]>
[2023-01-12T09:21:58.700+0000] {taskinstance.py:1087} INFO - Dependencies all met for <TaskInstance: our_first_dag.first_task scheduled__2022-07-28T00:00:00+00:00 [queued]>
[2023-01-12T09:21:58.702+0000] {taskinstance.py:1283} INFO - 
--------------------------------------------------------------------------------
[2023-01-12T09:21:58.703+0000] {taskinstance.py:1284} INFO - Starting attempt 1 of 6
[2023-01-12T09:21:58.704+0000] {taskinstance.py:1285} INFO - 
--------------------------------------------------------------------------------
[2023-01-12T09:21:58.719+0000] {taskinstance.py:1304} INFO - Executing <Task(BashOperator): first_task> on 2022-07-28 00:00:00+00:00
[2023-01-12T09:21:58.725+0000] {standard_task_runner.py:55} INFO - Started process 6171 to run task
[2023-01-12T09:21:58.732+0000] {standard_task_runner.py:82} INFO - Running: ['***', 'tasks', 'run', 'our_first_dag', 'first_task', 'scheduled__2022-07-28T00:00:00+00:00', '--job-id', '366', '--raw', '--subdir', 'DAGS_FOLDER/our_first_dag.py', '--cfg-path', '/tmp/tmpwzmrso6h']
[2023-01-12T09:21:58.734+0000] {standard_task_runner.py:83} INFO - Job 366: Subtask first_task
[2023-01-12T09:21:58.864+0000] {task_command.py:389} INFO - Running <TaskInstance: our_first_dag.first_task scheduled__2022-07-28T00:00:00+00:00 [running]> on host aa6ae62f6248
[2023-01-12T09:21:58.961+0000] {taskinstance.py:1513} INFO - Exporting the following env vars:
AIRFLOW_CTX_DAG_OWNER=malo
AIRFLOW_CTX_DAG_ID=our_first_dag
AIRFLOW_CTX_TASK_ID=first_task
AIRFLOW_CTX_EXECUTION_DATE=2022-07-28T00:00:00+00:00
AIRFLOW_CTX_TRY_NUMBER=1
AIRFLOW_CTX_DAG_RUN_ID=scheduled__2022-07-28T00:00:00+00:00
[2023-01-12T09:21:58.963+0000] {subprocess.py:63} INFO - Tmp dir root location: 
 /tmp
[2023-01-12T09:21:58.965+0000] {subprocess.py:75} INFO - Running command: ['/bin/bash', '-c', 'echo hello word we are here now']
[2023-01-12T09:21:58.981+0000] {subprocess.py:86} INFO - Output:
[2023-01-12T09:21:58.983+0000] {subprocess.py:93} INFO - hello word we are here now
[2023-01-12T09:21:58.985+0000] {subprocess.py:97} INFO - Command exited with return code 0
[2023-01-12T09:21:59.009+0000] {taskinstance.py:1327} INFO - Marking task as SUCCESS. dag_id=our_first_dag, task_id=first_task, execution_date=20220728T000000, start_date=20230112T092158, end_date=20230112T092159
[2023-01-12T09:21:59.067+0000] {local_task_job.py:159} INFO - Task exited with return code 0
[2023-01-12T09:21:59.085+0000] {taskinstance.py:2582} INFO - 0 downstream tasks scheduled from follow-on schedule check
