[2023-01-12T09:36:13.526+0000] {taskinstance.py:1087} INFO - Dependencies all met for <TaskInstance: our_first_dagV2.second_task scheduled__2022-07-21T00:00:00+00:00 [queued]>
[2023-01-12T09:36:13.536+0000] {taskinstance.py:1087} INFO - Dependencies all met for <TaskInstance: our_first_dagV2.second_task scheduled__2022-07-21T00:00:00+00:00 [queued]>
[2023-01-12T09:36:13.539+0000] {taskinstance.py:1283} INFO - 
--------------------------------------------------------------------------------
[2023-01-12T09:36:13.540+0000] {taskinstance.py:1284} INFO - Starting attempt 1 of 6
[2023-01-12T09:36:13.540+0000] {taskinstance.py:1285} INFO - 
--------------------------------------------------------------------------------
[2023-01-12T09:36:13.567+0000] {taskinstance.py:1304} INFO - Executing <Task(BashOperator): second_task> on 2022-07-21 00:00:00+00:00
[2023-01-12T09:36:13.571+0000] {standard_task_runner.py:55} INFO - Started process 2757 to run task
[2023-01-12T09:36:13.583+0000] {standard_task_runner.py:82} INFO - Running: ['***', 'tasks', 'run', 'our_first_dagV2', 'second_task', 'scheduled__2022-07-21T00:00:00+00:00', '--job-id', '1251', '--raw', '--subdir', 'DAGS_FOLDER/our_first_dag.py', '--cfg-path', '/tmp/tmpowi7oj5f']
[2023-01-12T09:36:13.584+0000] {standard_task_runner.py:83} INFO - Job 1251: Subtask second_task
[2023-01-12T09:36:13.720+0000] {task_command.py:389} INFO - Running <TaskInstance: our_first_dagV2.second_task scheduled__2022-07-21T00:00:00+00:00 [running]> on host aa6ae62f6248
[2023-01-12T09:36:13.810+0000] {taskinstance.py:1513} INFO - Exporting the following env vars:
AIRFLOW_CTX_DAG_OWNER=malo
AIRFLOW_CTX_DAG_ID=our_first_dagV2
AIRFLOW_CTX_TASK_ID=second_task
AIRFLOW_CTX_EXECUTION_DATE=2022-07-21T00:00:00+00:00
AIRFLOW_CTX_TRY_NUMBER=1
AIRFLOW_CTX_DAG_RUN_ID=scheduled__2022-07-21T00:00:00+00:00
[2023-01-12T09:36:13.818+0000] {subprocess.py:63} INFO - Tmp dir root location: 
 /tmp
[2023-01-12T09:36:13.819+0000] {subprocess.py:75} INFO - Running command: ['/bin/bash', '-c', 'echo hello world task 2']
[2023-01-12T09:36:13.835+0000] {subprocess.py:86} INFO - Output:
[2023-01-12T09:36:13.838+0000] {subprocess.py:93} INFO - hello world task 2
[2023-01-12T09:36:13.839+0000] {subprocess.py:97} INFO - Command exited with return code 0
[2023-01-12T09:36:13.877+0000] {taskinstance.py:1327} INFO - Marking task as SUCCESS. dag_id=our_first_dagV2, task_id=second_task, execution_date=20220721T000000, start_date=20230112T093613, end_date=20230112T093613
[2023-01-12T09:36:13.915+0000] {local_task_job.py:159} INFO - Task exited with return code 0
[2023-01-12T09:36:13.935+0000] {taskinstance.py:2582} INFO - 0 downstream tasks scheduled from follow-on schedule check
