[2023-01-12T09:37:16.670+0000] {taskinstance.py:1087} INFO - Dependencies all met for <TaskInstance: our_first_dagV2.second_task scheduled__2022-10-31T00:00:00+00:00 [queued]>
[2023-01-12T09:37:16.695+0000] {taskinstance.py:1087} INFO - Dependencies all met for <TaskInstance: our_first_dagV2.second_task scheduled__2022-10-31T00:00:00+00:00 [queued]>
[2023-01-12T09:37:16.696+0000] {taskinstance.py:1283} INFO - 
--------------------------------------------------------------------------------
[2023-01-12T09:37:16.697+0000] {taskinstance.py:1284} INFO - Starting attempt 1 of 6
[2023-01-12T09:37:16.697+0000] {taskinstance.py:1285} INFO - 
--------------------------------------------------------------------------------
[2023-01-12T09:37:16.737+0000] {taskinstance.py:1304} INFO - Executing <Task(BashOperator): second_task> on 2022-10-31 00:00:00+00:00
[2023-01-12T09:37:16.744+0000] {standard_task_runner.py:55} INFO - Started process 3437 to run task
[2023-01-12T09:37:16.767+0000] {standard_task_runner.py:82} INFO - Running: ['***', 'tasks', 'run', 'our_first_dagV2', 'second_task', 'scheduled__2022-10-31T00:00:00+00:00', '--job-id', '1457', '--raw', '--subdir', 'DAGS_FOLDER/our_first_dag.py', '--cfg-path', '/tmp/tmp7aahord3']
[2023-01-12T09:37:16.774+0000] {standard_task_runner.py:83} INFO - Job 1457: Subtask second_task
[2023-01-12T09:37:17.003+0000] {task_command.py:389} INFO - Running <TaskInstance: our_first_dagV2.second_task scheduled__2022-10-31T00:00:00+00:00 [running]> on host aa6ae62f6248
[2023-01-12T09:37:17.193+0000] {taskinstance.py:1513} INFO - Exporting the following env vars:
AIRFLOW_CTX_DAG_OWNER=malo
AIRFLOW_CTX_DAG_ID=our_first_dagV2
AIRFLOW_CTX_TASK_ID=second_task
AIRFLOW_CTX_EXECUTION_DATE=2022-10-31T00:00:00+00:00
AIRFLOW_CTX_TRY_NUMBER=1
AIRFLOW_CTX_DAG_RUN_ID=scheduled__2022-10-31T00:00:00+00:00
[2023-01-12T09:37:17.197+0000] {subprocess.py:63} INFO - Tmp dir root location: 
 /tmp
[2023-01-12T09:37:17.200+0000] {subprocess.py:75} INFO - Running command: ['/bin/bash', '-c', 'echo hello world task 2']
[2023-01-12T09:37:17.224+0000] {subprocess.py:86} INFO - Output:
[2023-01-12T09:37:17.232+0000] {subprocess.py:93} INFO - hello world task 2
[2023-01-12T09:37:17.240+0000] {subprocess.py:97} INFO - Command exited with return code 0
[2023-01-12T09:37:17.302+0000] {taskinstance.py:1327} INFO - Marking task as SUCCESS. dag_id=our_first_dagV2, task_id=second_task, execution_date=20221031T000000, start_date=20230112T093716, end_date=20230112T093717
[2023-01-12T09:37:17.380+0000] {local_task_job.py:159} INFO - Task exited with return code 0
[2023-01-12T09:37:17.403+0000] {taskinstance.py:2582} INFO - 0 downstream tasks scheduled from follow-on schedule check
