[2023-01-12T09:35:30.158+0000] {taskinstance.py:1087} INFO - Dependencies all met for <TaskInstance: our_first_dagV2.first_task scheduled__2022-05-04T00:00:00+00:00 [queued]>
[2023-01-12T09:35:30.167+0000] {taskinstance.py:1087} INFO - Dependencies all met for <TaskInstance: our_first_dagV2.first_task scheduled__2022-05-04T00:00:00+00:00 [queued]>
[2023-01-12T09:35:30.168+0000] {taskinstance.py:1283} INFO - 
--------------------------------------------------------------------------------
[2023-01-12T09:35:30.168+0000] {taskinstance.py:1284} INFO - Starting attempt 1 of 6
[2023-01-12T09:35:30.169+0000] {taskinstance.py:1285} INFO - 
--------------------------------------------------------------------------------
[2023-01-12T09:35:30.183+0000] {taskinstance.py:1304} INFO - Executing <Task(BashOperator): first_task> on 2022-05-04 00:00:00+00:00
[2023-01-12T09:35:30.192+0000] {standard_task_runner.py:55} INFO - Started process 2221 to run task
[2023-01-12T09:35:30.200+0000] {standard_task_runner.py:82} INFO - Running: ['***', 'tasks', 'run', 'our_first_dagV2', 'first_task', 'scheduled__2022-05-04T00:00:00+00:00', '--job-id', '1089', '--raw', '--subdir', 'DAGS_FOLDER/our_first_dag.py', '--cfg-path', '/tmp/tmp0v58c617']
[2023-01-12T09:35:30.205+0000] {standard_task_runner.py:83} INFO - Job 1089: Subtask first_task
[2023-01-12T09:35:30.316+0000] {task_command.py:389} INFO - Running <TaskInstance: our_first_dagV2.first_task scheduled__2022-05-04T00:00:00+00:00 [running]> on host aa6ae62f6248
[2023-01-12T09:35:30.402+0000] {taskinstance.py:1513} INFO - Exporting the following env vars:
AIRFLOW_CTX_DAG_OWNER=malo
AIRFLOW_CTX_DAG_ID=our_first_dagV2
AIRFLOW_CTX_TASK_ID=first_task
AIRFLOW_CTX_EXECUTION_DATE=2022-05-04T00:00:00+00:00
AIRFLOW_CTX_TRY_NUMBER=1
AIRFLOW_CTX_DAG_RUN_ID=scheduled__2022-05-04T00:00:00+00:00
[2023-01-12T09:35:30.403+0000] {subprocess.py:63} INFO - Tmp dir root location: 
 /tmp
[2023-01-12T09:35:30.404+0000] {subprocess.py:75} INFO - Running command: ['/bin/bash', '-c', 'echo hello word we are here now']
[2023-01-12T09:35:30.420+0000] {subprocess.py:86} INFO - Output:
[2023-01-12T09:35:30.421+0000] {subprocess.py:93} INFO - hello word we are here now
[2023-01-12T09:35:30.422+0000] {subprocess.py:97} INFO - Command exited with return code 0
[2023-01-12T09:35:30.455+0000] {taskinstance.py:1327} INFO - Marking task as SUCCESS. dag_id=our_first_dagV2, task_id=first_task, execution_date=20220504T000000, start_date=20230112T093530, end_date=20230112T093530
[2023-01-12T09:35:30.502+0000] {local_task_job.py:159} INFO - Task exited with return code 0
[2023-01-12T09:35:30.523+0000] {taskinstance.py:2582} INFO - 1 downstream tasks scheduled from follow-on schedule check
