[2023-01-12T09:36:52.679+0000] {taskinstance.py:1087} INFO - Dependencies all met for <TaskInstance: our_first_dagV2.second_task scheduled__2022-09-26T00:00:00+00:00 [queued]>
[2023-01-12T09:36:52.698+0000] {taskinstance.py:1087} INFO - Dependencies all met for <TaskInstance: our_first_dagV2.second_task scheduled__2022-09-26T00:00:00+00:00 [queued]>
[2023-01-12T09:36:52.699+0000] {taskinstance.py:1283} INFO - 
--------------------------------------------------------------------------------
[2023-01-12T09:36:52.700+0000] {taskinstance.py:1284} INFO - Starting attempt 1 of 6
[2023-01-12T09:36:52.701+0000] {taskinstance.py:1285} INFO - 
--------------------------------------------------------------------------------
[2023-01-12T09:36:52.723+0000] {taskinstance.py:1304} INFO - Executing <Task(BashOperator): second_task> on 2022-09-26 00:00:00+00:00
[2023-01-12T09:36:52.734+0000] {standard_task_runner.py:55} INFO - Started process 3203 to run task
[2023-01-12T09:36:52.773+0000] {standard_task_runner.py:82} INFO - Running: ['***', 'tasks', 'run', 'our_first_dagV2', 'second_task', 'scheduled__2022-09-26T00:00:00+00:00', '--job-id', '1387', '--raw', '--subdir', 'DAGS_FOLDER/our_first_dag.py', '--cfg-path', '/tmp/tmpkgw1uxcz']
[2023-01-12T09:36:52.775+0000] {standard_task_runner.py:83} INFO - Job 1387: Subtask second_task
[2023-01-12T09:36:53.019+0000] {task_command.py:389} INFO - Running <TaskInstance: our_first_dagV2.second_task scheduled__2022-09-26T00:00:00+00:00 [running]> on host aa6ae62f6248
[2023-01-12T09:36:53.209+0000] {taskinstance.py:1513} INFO - Exporting the following env vars:
AIRFLOW_CTX_DAG_OWNER=malo
AIRFLOW_CTX_DAG_ID=our_first_dagV2
AIRFLOW_CTX_TASK_ID=second_task
AIRFLOW_CTX_EXECUTION_DATE=2022-09-26T00:00:00+00:00
AIRFLOW_CTX_TRY_NUMBER=1
AIRFLOW_CTX_DAG_RUN_ID=scheduled__2022-09-26T00:00:00+00:00
[2023-01-12T09:36:53.211+0000] {subprocess.py:63} INFO - Tmp dir root location: 
 /tmp
[2023-01-12T09:36:53.212+0000] {subprocess.py:75} INFO - Running command: ['/bin/bash', '-c', 'echo hello world task 2']
[2023-01-12T09:36:53.248+0000] {subprocess.py:86} INFO - Output:
[2023-01-12T09:36:53.258+0000] {subprocess.py:93} INFO - hello world task 2
[2023-01-12T09:36:53.259+0000] {subprocess.py:97} INFO - Command exited with return code 0
[2023-01-12T09:36:53.317+0000] {taskinstance.py:1327} INFO - Marking task as SUCCESS. dag_id=our_first_dagV2, task_id=second_task, execution_date=20220926T000000, start_date=20230112T093652, end_date=20230112T093653
[2023-01-12T09:36:53.373+0000] {local_task_job.py:159} INFO - Task exited with return code 0
[2023-01-12T09:36:53.399+0000] {taskinstance.py:2582} INFO - 0 downstream tasks scheduled from follow-on schedule check
