[2023-01-12T09:36:18.708+0000] {taskinstance.py:1087} INFO - Dependencies all met for <TaskInstance: our_first_dagV2.second_task scheduled__2022-07-29T00:00:00+00:00 [queued]>
[2023-01-12T09:36:18.740+0000] {taskinstance.py:1087} INFO - Dependencies all met for <TaskInstance: our_first_dagV2.second_task scheduled__2022-07-29T00:00:00+00:00 [queued]>
[2023-01-12T09:36:18.748+0000] {taskinstance.py:1283} INFO - 
--------------------------------------------------------------------------------
[2023-01-12T09:36:18.749+0000] {taskinstance.py:1284} INFO - Starting attempt 1 of 6
[2023-01-12T09:36:18.750+0000] {taskinstance.py:1285} INFO - 
--------------------------------------------------------------------------------
[2023-01-12T09:36:18.799+0000] {taskinstance.py:1304} INFO - Executing <Task(BashOperator): second_task> on 2022-07-29 00:00:00+00:00
[2023-01-12T09:36:18.817+0000] {standard_task_runner.py:55} INFO - Started process 2809 to run task
[2023-01-12T09:36:18.840+0000] {standard_task_runner.py:82} INFO - Running: ['***', 'tasks', 'run', 'our_first_dagV2', 'second_task', 'scheduled__2022-07-29T00:00:00+00:00', '--job-id', '1267', '--raw', '--subdir', 'DAGS_FOLDER/our_first_dag.py', '--cfg-path', '/tmp/tmpep2sjfu_']
[2023-01-12T09:36:18.848+0000] {standard_task_runner.py:83} INFO - Job 1267: Subtask second_task
[2023-01-12T09:36:19.020+0000] {task_command.py:389} INFO - Running <TaskInstance: our_first_dagV2.second_task scheduled__2022-07-29T00:00:00+00:00 [running]> on host aa6ae62f6248
[2023-01-12T09:36:19.223+0000] {taskinstance.py:1513} INFO - Exporting the following env vars:
AIRFLOW_CTX_DAG_OWNER=malo
AIRFLOW_CTX_DAG_ID=our_first_dagV2
AIRFLOW_CTX_TASK_ID=second_task
AIRFLOW_CTX_EXECUTION_DATE=2022-07-29T00:00:00+00:00
AIRFLOW_CTX_TRY_NUMBER=1
AIRFLOW_CTX_DAG_RUN_ID=scheduled__2022-07-29T00:00:00+00:00
[2023-01-12T09:36:19.235+0000] {subprocess.py:63} INFO - Tmp dir root location: 
 /tmp
[2023-01-12T09:36:19.237+0000] {subprocess.py:75} INFO - Running command: ['/bin/bash', '-c', 'echo hello world task 2']
[2023-01-12T09:36:19.277+0000] {subprocess.py:86} INFO - Output:
[2023-01-12T09:36:19.280+0000] {subprocess.py:93} INFO - hello world task 2
[2023-01-12T09:36:19.283+0000] {subprocess.py:97} INFO - Command exited with return code 0
[2023-01-12T09:36:19.360+0000] {taskinstance.py:1327} INFO - Marking task as SUCCESS. dag_id=our_first_dagV2, task_id=second_task, execution_date=20220729T000000, start_date=20230112T093618, end_date=20230112T093619
[2023-01-12T09:36:19.501+0000] {local_task_job.py:159} INFO - Task exited with return code 0
[2023-01-12T09:36:19.532+0000] {taskinstance.py:2582} INFO - 0 downstream tasks scheduled from follow-on schedule check
