[2023-01-16T08:17:04.599+0000] {taskinstance.py:1087} INFO - Dependencies all met for <TaskInstance: our_first_dagV2.first_task scheduled__2023-01-12T00:00:00+00:00 [queued]>
[2023-01-16T08:17:04.606+0000] {taskinstance.py:1087} INFO - Dependencies all met for <TaskInstance: our_first_dagV2.first_task scheduled__2023-01-12T00:00:00+00:00 [queued]>
[2023-01-16T08:17:04.607+0000] {taskinstance.py:1283} INFO - 
--------------------------------------------------------------------------------
[2023-01-16T08:17:04.608+0000] {taskinstance.py:1284} INFO - Starting attempt 1 of 6
[2023-01-16T08:17:04.608+0000] {taskinstance.py:1285} INFO - 
--------------------------------------------------------------------------------
[2023-01-16T08:17:04.616+0000] {taskinstance.py:1304} INFO - Executing <Task(BashOperator): first_task> on 2023-01-12 00:00:00+00:00
[2023-01-16T08:17:04.621+0000] {standard_task_runner.py:55} INFO - Started process 55 to run task
[2023-01-16T08:17:04.626+0000] {standard_task_runner.py:82} INFO - Running: ['***', 'tasks', 'run', 'our_first_dagV2', 'first_task', 'scheduled__2023-01-12T00:00:00+00:00', '--job-id', '1601', '--raw', '--subdir', 'DAGS_FOLDER/our_first_dag.py', '--cfg-path', '/tmp/tmpt956hr79']
[2023-01-16T08:17:04.629+0000] {standard_task_runner.py:83} INFO - Job 1601: Subtask first_task
[2023-01-16T08:17:04.727+0000] {task_command.py:389} INFO - Running <TaskInstance: our_first_dagV2.first_task scheduled__2023-01-12T00:00:00+00:00 [running]> on host aa6ae62f6248
[2023-01-16T08:17:04.816+0000] {taskinstance.py:1513} INFO - Exporting the following env vars:
AIRFLOW_CTX_DAG_OWNER=malo
AIRFLOW_CTX_DAG_ID=our_first_dagV2
AIRFLOW_CTX_TASK_ID=first_task
AIRFLOW_CTX_EXECUTION_DATE=2023-01-12T00:00:00+00:00
AIRFLOW_CTX_TRY_NUMBER=1
AIRFLOW_CTX_DAG_RUN_ID=scheduled__2023-01-12T00:00:00+00:00
[2023-01-16T08:17:04.817+0000] {subprocess.py:63} INFO - Tmp dir root location: 
 /tmp
[2023-01-16T08:17:04.819+0000] {subprocess.py:75} INFO - Running command: ['/bin/bash', '-c', 'echo hello word we are here now']
[2023-01-16T08:17:04.829+0000] {subprocess.py:86} INFO - Output:
[2023-01-16T08:17:04.831+0000] {subprocess.py:93} INFO - hello word we are here now
[2023-01-16T08:17:04.832+0000] {subprocess.py:97} INFO - Command exited with return code 0
[2023-01-16T08:17:04.869+0000] {taskinstance.py:1327} INFO - Marking task as SUCCESS. dag_id=our_first_dagV2, task_id=first_task, execution_date=20230112T000000, start_date=20230116T081704, end_date=20230116T081704
[2023-01-16T08:17:04.891+0000] {local_task_job.py:159} INFO - Task exited with return code 0
[2023-01-16T08:17:04.909+0000] {taskinstance.py:2582} INFO - 1 downstream tasks scheduled from follow-on schedule check
