[2023-01-12T09:33:09.947+0000] {taskinstance.py:1087} INFO - Dependencies all met for <TaskInstance: our_first_dagV2.first_task scheduled__2021-09-09T00:00:00+00:00 [queued]>
[2023-01-12T09:33:09.987+0000] {taskinstance.py:1087} INFO - Dependencies all met for <TaskInstance: our_first_dagV2.first_task scheduled__2021-09-09T00:00:00+00:00 [queued]>
[2023-01-12T09:33:09.988+0000] {taskinstance.py:1283} INFO - 
--------------------------------------------------------------------------------
[2023-01-12T09:33:09.991+0000] {taskinstance.py:1284} INFO - Starting attempt 1 of 6
[2023-01-12T09:33:09.992+0000] {taskinstance.py:1285} INFO - 
--------------------------------------------------------------------------------
[2023-01-12T09:33:10.034+0000] {taskinstance.py:1304} INFO - Executing <Task(BashOperator): first_task> on 2021-09-09 00:00:00+00:00
[2023-01-12T09:33:10.039+0000] {standard_task_runner.py:55} INFO - Started process 667 to run task
[2023-01-12T09:33:10.049+0000] {standard_task_runner.py:82} INFO - Running: ['***', 'tasks', 'run', 'our_first_dagV2', 'first_task', 'scheduled__2021-09-09T00:00:00+00:00', '--job-id', '613', '--raw', '--subdir', 'DAGS_FOLDER/our_first_dag.py', '--cfg-path', '/tmp/tmp6rbnr_gu']
[2023-01-12T09:33:10.056+0000] {standard_task_runner.py:83} INFO - Job 613: Subtask first_task
[2023-01-12T09:33:10.337+0000] {task_command.py:389} INFO - Running <TaskInstance: our_first_dagV2.first_task scheduled__2021-09-09T00:00:00+00:00 [running]> on host aa6ae62f6248
[2023-01-12T09:33:10.633+0000] {taskinstance.py:1513} INFO - Exporting the following env vars:
AIRFLOW_CTX_DAG_OWNER=malo
AIRFLOW_CTX_DAG_ID=our_first_dagV2
AIRFLOW_CTX_TASK_ID=first_task
AIRFLOW_CTX_EXECUTION_DATE=2021-09-09T00:00:00+00:00
AIRFLOW_CTX_TRY_NUMBER=1
AIRFLOW_CTX_DAG_RUN_ID=scheduled__2021-09-09T00:00:00+00:00
[2023-01-12T09:33:10.638+0000] {subprocess.py:63} INFO - Tmp dir root location: 
 /tmp
[2023-01-12T09:33:10.640+0000] {subprocess.py:75} INFO - Running command: ['/bin/bash', '-c', 'echo hello word we are here now']
[2023-01-12T09:33:10.690+0000] {subprocess.py:86} INFO - Output:
[2023-01-12T09:33:10.718+0000] {subprocess.py:93} INFO - hello word we are here now
[2023-01-12T09:33:10.735+0000] {subprocess.py:97} INFO - Command exited with return code 0
[2023-01-12T09:33:10.849+0000] {taskinstance.py:1327} INFO - Marking task as SUCCESS. dag_id=our_first_dagV2, task_id=first_task, execution_date=20210909T000000, start_date=20230112T093309, end_date=20230112T093310
[2023-01-12T09:33:10.967+0000] {local_task_job.py:159} INFO - Task exited with return code 0
[2023-01-12T09:33:11.055+0000] {taskinstance.py:2582} INFO - 1 downstream tasks scheduled from follow-on schedule check
