[2023-01-12T09:22:16.937+0000] {taskinstance.py:1087} INFO - Dependencies all met for <TaskInstance: our_first_dag.first_task scheduled__2022-09-01T00:00:00+00:00 [queued]>
[2023-01-12T09:22:16.971+0000] {taskinstance.py:1087} INFO - Dependencies all met for <TaskInstance: our_first_dag.first_task scheduled__2022-09-01T00:00:00+00:00 [queued]>
[2023-01-12T09:22:16.975+0000] {taskinstance.py:1283} INFO - 
--------------------------------------------------------------------------------
[2023-01-12T09:22:16.979+0000] {taskinstance.py:1284} INFO - Starting attempt 1 of 6
[2023-01-12T09:22:16.985+0000] {taskinstance.py:1285} INFO - 
--------------------------------------------------------------------------------
[2023-01-12T09:22:17.012+0000] {taskinstance.py:1304} INFO - Executing <Task(BashOperator): first_task> on 2022-09-01 00:00:00+00:00
[2023-01-12T09:22:17.018+0000] {standard_task_runner.py:55} INFO - Started process 6301 to run task
[2023-01-12T09:22:17.040+0000] {standard_task_runner.py:82} INFO - Running: ['***', 'tasks', 'run', 'our_first_dag', 'first_task', 'scheduled__2022-09-01T00:00:00+00:00', '--job-id', '401', '--raw', '--subdir', 'DAGS_FOLDER/our_first_dag.py', '--cfg-path', '/tmp/tmp8ca69nux']
[2023-01-12T09:22:17.047+0000] {standard_task_runner.py:83} INFO - Job 401: Subtask first_task
[2023-01-12T09:22:17.225+0000] {task_command.py:389} INFO - Running <TaskInstance: our_first_dag.first_task scheduled__2022-09-01T00:00:00+00:00 [running]> on host aa6ae62f6248
[2023-01-12T09:22:17.597+0000] {taskinstance.py:1513} INFO - Exporting the following env vars:
AIRFLOW_CTX_DAG_OWNER=malo
AIRFLOW_CTX_DAG_ID=our_first_dag
AIRFLOW_CTX_TASK_ID=first_task
AIRFLOW_CTX_EXECUTION_DATE=2022-09-01T00:00:00+00:00
AIRFLOW_CTX_TRY_NUMBER=1
AIRFLOW_CTX_DAG_RUN_ID=scheduled__2022-09-01T00:00:00+00:00
[2023-01-12T09:22:17.601+0000] {subprocess.py:63} INFO - Tmp dir root location: 
 /tmp
[2023-01-12T09:22:17.610+0000] {subprocess.py:75} INFO - Running command: ['/bin/bash', '-c', 'echo hello word we are here now']
[2023-01-12T09:22:17.706+0000] {subprocess.py:86} INFO - Output:
[2023-01-12T09:22:17.714+0000] {subprocess.py:93} INFO - hello word we are here now
[2023-01-12T09:22:17.721+0000] {subprocess.py:97} INFO - Command exited with return code 0
[2023-01-12T09:22:17.789+0000] {taskinstance.py:1327} INFO - Marking task as SUCCESS. dag_id=our_first_dag, task_id=first_task, execution_date=20220901T000000, start_date=20230112T092216, end_date=20230112T092217
[2023-01-12T09:22:17.877+0000] {local_task_job.py:159} INFO - Task exited with return code 0
[2023-01-12T09:22:17.924+0000] {taskinstance.py:2582} INFO - 0 downstream tasks scheduled from follow-on schedule check
