[2023-01-12T09:35:06.905+0000] {taskinstance.py:1087} INFO - Dependencies all met for <TaskInstance: our_first_dagV2.second_task scheduled__2022-03-15T00:00:00+00:00 [queued]>
[2023-01-12T09:35:06.923+0000] {taskinstance.py:1087} INFO - Dependencies all met for <TaskInstance: our_first_dagV2.second_task scheduled__2022-03-15T00:00:00+00:00 [queued]>
[2023-01-12T09:35:06.932+0000] {taskinstance.py:1283} INFO - 
--------------------------------------------------------------------------------
[2023-01-12T09:35:06.937+0000] {taskinstance.py:1284} INFO - Starting attempt 1 of 6
[2023-01-12T09:35:06.938+0000] {taskinstance.py:1285} INFO - 
--------------------------------------------------------------------------------
[2023-01-12T09:35:06.995+0000] {taskinstance.py:1304} INFO - Executing <Task(BashOperator): second_task> on 2022-03-15 00:00:00+00:00
[2023-01-12T09:35:07.008+0000] {standard_task_runner.py:55} INFO - Started process 1939 to run task
[2023-01-12T09:35:07.028+0000] {standard_task_runner.py:82} INFO - Running: ['***', 'tasks', 'run', 'our_first_dagV2', 'second_task', 'scheduled__2022-03-15T00:00:00+00:00', '--job-id', '998', '--raw', '--subdir', 'DAGS_FOLDER/our_first_dag.py', '--cfg-path', '/tmp/tmpno3ngm0a']
[2023-01-12T09:35:07.030+0000] {standard_task_runner.py:83} INFO - Job 998: Subtask second_task
[2023-01-12T09:35:07.157+0000] {task_command.py:389} INFO - Running <TaskInstance: our_first_dagV2.second_task scheduled__2022-03-15T00:00:00+00:00 [running]> on host aa6ae62f6248
[2023-01-12T09:35:07.287+0000] {taskinstance.py:1513} INFO - Exporting the following env vars:
AIRFLOW_CTX_DAG_OWNER=malo
AIRFLOW_CTX_DAG_ID=our_first_dagV2
AIRFLOW_CTX_TASK_ID=second_task
AIRFLOW_CTX_EXECUTION_DATE=2022-03-15T00:00:00+00:00
AIRFLOW_CTX_TRY_NUMBER=1
AIRFLOW_CTX_DAG_RUN_ID=scheduled__2022-03-15T00:00:00+00:00
[2023-01-12T09:35:07.289+0000] {subprocess.py:63} INFO - Tmp dir root location: 
 /tmp
[2023-01-12T09:35:07.290+0000] {subprocess.py:75} INFO - Running command: ['/bin/bash', '-c', 'echo hello world task 2']
[2023-01-12T09:35:07.315+0000] {subprocess.py:86} INFO - Output:
[2023-01-12T09:35:07.321+0000] {subprocess.py:93} INFO - hello world task 2
[2023-01-12T09:35:07.323+0000] {subprocess.py:97} INFO - Command exited with return code 0
[2023-01-12T09:35:07.369+0000] {taskinstance.py:1327} INFO - Marking task as SUCCESS. dag_id=our_first_dagV2, task_id=second_task, execution_date=20220315T000000, start_date=20230112T093506, end_date=20230112T093507
[2023-01-12T09:35:07.430+0000] {local_task_job.py:159} INFO - Task exited with return code 0
[2023-01-12T09:35:07.459+0000] {taskinstance.py:2582} INFO - 0 downstream tasks scheduled from follow-on schedule check
