[2023-01-12T09:19:34.834+0000] {taskinstance.py:1087} INFO - Dependencies all met for <TaskInstance: our_first_dag.first_task scheduled__2021-10-19T00:00:00+00:00 [queued]>
[2023-01-12T09:19:34.847+0000] {taskinstance.py:1087} INFO - Dependencies all met for <TaskInstance: our_first_dag.first_task scheduled__2021-10-19T00:00:00+00:00 [queued]>
[2023-01-12T09:19:34.849+0000] {taskinstance.py:1283} INFO - 
--------------------------------------------------------------------------------
[2023-01-12T09:19:34.850+0000] {taskinstance.py:1284} INFO - Starting attempt 1 of 6
[2023-01-12T09:19:34.852+0000] {taskinstance.py:1285} INFO - 
--------------------------------------------------------------------------------
[2023-01-12T09:19:34.879+0000] {taskinstance.py:1304} INFO - Executing <Task(BashOperator): first_task> on 2021-10-19 00:00:00+00:00
[2023-01-12T09:19:34.886+0000] {standard_task_runner.py:55} INFO - Started process 5184 to run task
[2023-01-12T09:19:34.901+0000] {standard_task_runner.py:82} INFO - Running: ['***', 'tasks', 'run', 'our_first_dag', 'first_task', 'scheduled__2021-10-19T00:00:00+00:00', '--job-id', '84', '--raw', '--subdir', 'DAGS_FOLDER/our_first_dag.py', '--cfg-path', '/tmp/tmpzgv2avq0']
[2023-01-12T09:19:34.911+0000] {standard_task_runner.py:83} INFO - Job 84: Subtask first_task
[2023-01-12T09:19:34.992+0000] {task_command.py:389} INFO - Running <TaskInstance: our_first_dag.first_task scheduled__2021-10-19T00:00:00+00:00 [running]> on host aa6ae62f6248
[2023-01-12T09:19:35.118+0000] {taskinstance.py:1513} INFO - Exporting the following env vars:
AIRFLOW_CTX_DAG_OWNER=malo
AIRFLOW_CTX_DAG_ID=our_first_dag
AIRFLOW_CTX_TASK_ID=first_task
AIRFLOW_CTX_EXECUTION_DATE=2021-10-19T00:00:00+00:00
AIRFLOW_CTX_TRY_NUMBER=1
AIRFLOW_CTX_DAG_RUN_ID=scheduled__2021-10-19T00:00:00+00:00
[2023-01-12T09:19:35.120+0000] {subprocess.py:63} INFO - Tmp dir root location: 
 /tmp
[2023-01-12T09:19:35.121+0000] {subprocess.py:75} INFO - Running command: ['/bin/bash', '-c', 'echo hello word we are here now']
[2023-01-12T09:19:35.138+0000] {subprocess.py:86} INFO - Output:
[2023-01-12T09:19:35.140+0000] {subprocess.py:93} INFO - hello word we are here now
[2023-01-12T09:19:35.141+0000] {subprocess.py:97} INFO - Command exited with return code 0
[2023-01-12T09:19:35.182+0000] {taskinstance.py:1327} INFO - Marking task as SUCCESS. dag_id=our_first_dag, task_id=first_task, execution_date=20211019T000000, start_date=20230112T091934, end_date=20230112T091935
[2023-01-12T09:19:35.248+0000] {local_task_job.py:159} INFO - Task exited with return code 0
[2023-01-12T09:19:35.272+0000] {taskinstance.py:2582} INFO - 0 downstream tasks scheduled from follow-on schedule check
