[2023-01-12T09:20:15.944+0000] {taskinstance.py:1087} INFO - Dependencies all met for <TaskInstance: our_first_dag.first_task scheduled__2022-01-09T00:00:00+00:00 [queued]>
[2023-01-12T09:20:15.976+0000] {taskinstance.py:1087} INFO - Dependencies all met for <TaskInstance: our_first_dag.first_task scheduled__2022-01-09T00:00:00+00:00 [queued]>
[2023-01-12T09:20:15.977+0000] {taskinstance.py:1283} INFO - 
--------------------------------------------------------------------------------
[2023-01-12T09:20:15.979+0000] {taskinstance.py:1284} INFO - Starting attempt 1 of 6
[2023-01-12T09:20:15.980+0000] {taskinstance.py:1285} INFO - 
--------------------------------------------------------------------------------
[2023-01-12T09:20:16.054+0000] {taskinstance.py:1304} INFO - Executing <Task(BashOperator): first_task> on 2022-01-09 00:00:00+00:00
[2023-01-12T09:20:16.074+0000] {standard_task_runner.py:55} INFO - Started process 5478 to run task
[2023-01-12T09:20:16.111+0000] {standard_task_runner.py:82} INFO - Running: ['***', 'tasks', 'run', 'our_first_dag', 'first_task', 'scheduled__2022-01-09T00:00:00+00:00', '--job-id', '166', '--raw', '--subdir', 'DAGS_FOLDER/our_first_dag.py', '--cfg-path', '/tmp/tmpsi1l71k7']
[2023-01-12T09:20:16.127+0000] {standard_task_runner.py:83} INFO - Job 166: Subtask first_task
[2023-01-12T09:20:16.322+0000] {task_command.py:389} INFO - Running <TaskInstance: our_first_dag.first_task scheduled__2022-01-09T00:00:00+00:00 [running]> on host aa6ae62f6248
[2023-01-12T09:20:16.505+0000] {taskinstance.py:1513} INFO - Exporting the following env vars:
AIRFLOW_CTX_DAG_OWNER=malo
AIRFLOW_CTX_DAG_ID=our_first_dag
AIRFLOW_CTX_TASK_ID=first_task
AIRFLOW_CTX_EXECUTION_DATE=2022-01-09T00:00:00+00:00
AIRFLOW_CTX_TRY_NUMBER=1
AIRFLOW_CTX_DAG_RUN_ID=scheduled__2022-01-09T00:00:00+00:00
[2023-01-12T09:20:16.507+0000] {subprocess.py:63} INFO - Tmp dir root location: 
 /tmp
[2023-01-12T09:20:16.509+0000] {subprocess.py:75} INFO - Running command: ['/bin/bash', '-c', 'echo hello word we are here now']
[2023-01-12T09:20:16.547+0000] {subprocess.py:86} INFO - Output:
[2023-01-12T09:20:16.549+0000] {subprocess.py:93} INFO - hello word we are here now
[2023-01-12T09:20:16.550+0000] {subprocess.py:97} INFO - Command exited with return code 0
[2023-01-12T09:20:16.604+0000] {taskinstance.py:1327} INFO - Marking task as SUCCESS. dag_id=our_first_dag, task_id=first_task, execution_date=20220109T000000, start_date=20230112T092015, end_date=20230112T092016
[2023-01-12T09:20:16.676+0000] {local_task_job.py:159} INFO - Task exited with return code 0
[2023-01-12T09:20:16.711+0000] {taskinstance.py:2582} INFO - 0 downstream tasks scheduled from follow-on schedule check
