[2023-01-12T09:34:45.474+0000] {taskinstance.py:1087} INFO - Dependencies all met for <TaskInstance: our_first_dagV2.second_task scheduled__2022-02-08T00:00:00+00:00 [queued]>
[2023-01-12T09:34:45.491+0000] {taskinstance.py:1087} INFO - Dependencies all met for <TaskInstance: our_first_dagV2.second_task scheduled__2022-02-08T00:00:00+00:00 [queued]>
[2023-01-12T09:34:45.492+0000] {taskinstance.py:1283} INFO - 
--------------------------------------------------------------------------------
[2023-01-12T09:34:45.497+0000] {taskinstance.py:1284} INFO - Starting attempt 1 of 6
[2023-01-12T09:34:45.501+0000] {taskinstance.py:1285} INFO - 
--------------------------------------------------------------------------------
[2023-01-12T09:34:45.537+0000] {taskinstance.py:1304} INFO - Executing <Task(BashOperator): second_task> on 2022-02-08 00:00:00+00:00
[2023-01-12T09:34:45.544+0000] {standard_task_runner.py:55} INFO - Started process 1691 to run task
[2023-01-12T09:34:45.561+0000] {standard_task_runner.py:82} INFO - Running: ['***', 'tasks', 'run', 'our_first_dagV2', 'second_task', 'scheduled__2022-02-08T00:00:00+00:00', '--job-id', '923', '--raw', '--subdir', 'DAGS_FOLDER/our_first_dag.py', '--cfg-path', '/tmp/tmpdez43m9q']
[2023-01-12T09:34:45.564+0000] {standard_task_runner.py:83} INFO - Job 923: Subtask second_task
[2023-01-12T09:34:45.697+0000] {task_command.py:389} INFO - Running <TaskInstance: our_first_dagV2.second_task scheduled__2022-02-08T00:00:00+00:00 [running]> on host aa6ae62f6248
[2023-01-12T09:34:45.788+0000] {taskinstance.py:1513} INFO - Exporting the following env vars:
AIRFLOW_CTX_DAG_OWNER=malo
AIRFLOW_CTX_DAG_ID=our_first_dagV2
AIRFLOW_CTX_TASK_ID=second_task
AIRFLOW_CTX_EXECUTION_DATE=2022-02-08T00:00:00+00:00
AIRFLOW_CTX_TRY_NUMBER=1
AIRFLOW_CTX_DAG_RUN_ID=scheduled__2022-02-08T00:00:00+00:00
[2023-01-12T09:34:45.790+0000] {subprocess.py:63} INFO - Tmp dir root location: 
 /tmp
[2023-01-12T09:34:45.791+0000] {subprocess.py:75} INFO - Running command: ['/bin/bash', '-c', 'echo hello world task 2']
[2023-01-12T09:34:45.806+0000] {subprocess.py:86} INFO - Output:
[2023-01-12T09:34:45.809+0000] {subprocess.py:93} INFO - hello world task 2
[2023-01-12T09:34:45.810+0000] {subprocess.py:97} INFO - Command exited with return code 0
[2023-01-12T09:34:45.865+0000] {taskinstance.py:1327} INFO - Marking task as SUCCESS. dag_id=our_first_dagV2, task_id=second_task, execution_date=20220208T000000, start_date=20230112T093445, end_date=20230112T093445
[2023-01-12T09:34:45.933+0000] {local_task_job.py:159} INFO - Task exited with return code 0
[2023-01-12T09:34:45.955+0000] {taskinstance.py:2582} INFO - 0 downstream tasks scheduled from follow-on schedule check
