[2023-01-12T09:35:52.860+0000] {taskinstance.py:1087} INFO - Dependencies all met for <TaskInstance: our_first_dagV2.first_task scheduled__2022-06-17T00:00:00+00:00 [queued]>
[2023-01-12T09:35:52.898+0000] {taskinstance.py:1087} INFO - Dependencies all met for <TaskInstance: our_first_dagV2.first_task scheduled__2022-06-17T00:00:00+00:00 [queued]>
[2023-01-12T09:35:52.906+0000] {taskinstance.py:1283} INFO - 
--------------------------------------------------------------------------------
[2023-01-12T09:35:52.907+0000] {taskinstance.py:1284} INFO - Starting attempt 1 of 6
[2023-01-12T09:35:52.911+0000] {taskinstance.py:1285} INFO - 
--------------------------------------------------------------------------------
[2023-01-12T09:35:52.959+0000] {taskinstance.py:1304} INFO - Executing <Task(BashOperator): first_task> on 2022-06-17 00:00:00+00:00
[2023-01-12T09:35:52.966+0000] {standard_task_runner.py:55} INFO - Started process 2512 to run task
[2023-01-12T09:35:53.007+0000] {standard_task_runner.py:82} INFO - Running: ['***', 'tasks', 'run', 'our_first_dagV2', 'first_task', 'scheduled__2022-06-17T00:00:00+00:00', '--job-id', '1176', '--raw', '--subdir', 'DAGS_FOLDER/our_first_dag.py', '--cfg-path', '/tmp/tmp3z6pshiy']
[2023-01-12T09:35:53.012+0000] {standard_task_runner.py:83} INFO - Job 1176: Subtask first_task
[2023-01-12T09:35:53.201+0000] {task_command.py:389} INFO - Running <TaskInstance: our_first_dagV2.first_task scheduled__2022-06-17T00:00:00+00:00 [running]> on host aa6ae62f6248
[2023-01-12T09:35:53.351+0000] {taskinstance.py:1513} INFO - Exporting the following env vars:
AIRFLOW_CTX_DAG_OWNER=malo
AIRFLOW_CTX_DAG_ID=our_first_dagV2
AIRFLOW_CTX_TASK_ID=first_task
AIRFLOW_CTX_EXECUTION_DATE=2022-06-17T00:00:00+00:00
AIRFLOW_CTX_TRY_NUMBER=1
AIRFLOW_CTX_DAG_RUN_ID=scheduled__2022-06-17T00:00:00+00:00
[2023-01-12T09:35:53.352+0000] {subprocess.py:63} INFO - Tmp dir root location: 
 /tmp
[2023-01-12T09:35:53.353+0000] {subprocess.py:75} INFO - Running command: ['/bin/bash', '-c', 'echo hello word we are here now']
[2023-01-12T09:35:53.386+0000] {subprocess.py:86} INFO - Output:
[2023-01-12T09:35:53.400+0000] {subprocess.py:93} INFO - hello word we are here now
[2023-01-12T09:35:53.402+0000] {subprocess.py:97} INFO - Command exited with return code 0
[2023-01-12T09:35:53.465+0000] {taskinstance.py:1327} INFO - Marking task as SUCCESS. dag_id=our_first_dagV2, task_id=first_task, execution_date=20220617T000000, start_date=20230112T093552, end_date=20230112T093553
[2023-01-12T09:35:53.542+0000] {local_task_job.py:159} INFO - Task exited with return code 0
[2023-01-12T09:35:53.597+0000] {taskinstance.py:2582} INFO - 1 downstream tasks scheduled from follow-on schedule check
