[2023-01-12T09:19:51.947+0000] {taskinstance.py:1087} INFO - Dependencies all met for <TaskInstance: our_first_dag.first_task scheduled__2021-11-21T00:00:00+00:00 [queued]>
[2023-01-12T09:19:52.015+0000] {taskinstance.py:1087} INFO - Dependencies all met for <TaskInstance: our_first_dag.first_task scheduled__2021-11-21T00:00:00+00:00 [queued]>
[2023-01-12T09:19:52.018+0000] {taskinstance.py:1283} INFO - 
--------------------------------------------------------------------------------
[2023-01-12T09:19:52.019+0000] {taskinstance.py:1284} INFO - Starting attempt 1 of 6
[2023-01-12T09:19:52.020+0000] {taskinstance.py:1285} INFO - 
--------------------------------------------------------------------------------
[2023-01-12T09:19:52.072+0000] {taskinstance.py:1304} INFO - Executing <Task(BashOperator): first_task> on 2021-11-21 00:00:00+00:00
[2023-01-12T09:19:52.083+0000] {standard_task_runner.py:55} INFO - Started process 5302 to run task
[2023-01-12T09:19:52.105+0000] {standard_task_runner.py:82} INFO - Running: ['***', 'tasks', 'run', 'our_first_dag', 'first_task', 'scheduled__2021-11-21T00:00:00+00:00', '--job-id', '116', '--raw', '--subdir', 'DAGS_FOLDER/our_first_dag.py', '--cfg-path', '/tmp/tmpomuc7rna']
[2023-01-12T09:19:52.107+0000] {standard_task_runner.py:83} INFO - Job 116: Subtask first_task
[2023-01-12T09:19:52.245+0000] {task_command.py:389} INFO - Running <TaskInstance: our_first_dag.first_task scheduled__2021-11-21T00:00:00+00:00 [running]> on host aa6ae62f6248
[2023-01-12T09:19:52.397+0000] {taskinstance.py:1513} INFO - Exporting the following env vars:
AIRFLOW_CTX_DAG_OWNER=malo
AIRFLOW_CTX_DAG_ID=our_first_dag
AIRFLOW_CTX_TASK_ID=first_task
AIRFLOW_CTX_EXECUTION_DATE=2021-11-21T00:00:00+00:00
AIRFLOW_CTX_TRY_NUMBER=1
AIRFLOW_CTX_DAG_RUN_ID=scheduled__2021-11-21T00:00:00+00:00
[2023-01-12T09:19:52.401+0000] {subprocess.py:63} INFO - Tmp dir root location: 
 /tmp
[2023-01-12T09:19:52.403+0000] {subprocess.py:75} INFO - Running command: ['/bin/bash', '-c', 'echo hello word we are here now']
[2023-01-12T09:19:52.443+0000] {subprocess.py:86} INFO - Output:
[2023-01-12T09:19:52.447+0000] {subprocess.py:93} INFO - hello word we are here now
[2023-01-12T09:19:52.449+0000] {subprocess.py:97} INFO - Command exited with return code 0
[2023-01-12T09:19:52.512+0000] {taskinstance.py:1327} INFO - Marking task as SUCCESS. dag_id=our_first_dag, task_id=first_task, execution_date=20211121T000000, start_date=20230112T091951, end_date=20230112T091952
[2023-01-12T09:19:52.551+0000] {local_task_job.py:159} INFO - Task exited with return code 0
[2023-01-12T09:19:52.577+0000] {taskinstance.py:2582} INFO - 0 downstream tasks scheduled from follow-on schedule check
