[2023-01-12T09:33:10.920+0000] {taskinstance.py:1087} INFO - Dependencies all met for <TaskInstance: our_first_dagV2.first_task scheduled__2021-09-11T00:00:00+00:00 [queued]>
[2023-01-12T09:33:11.007+0000] {taskinstance.py:1087} INFO - Dependencies all met for <TaskInstance: our_first_dagV2.first_task scheduled__2021-09-11T00:00:00+00:00 [queued]>
[2023-01-12T09:33:11.009+0000] {taskinstance.py:1283} INFO - 
--------------------------------------------------------------------------------
[2023-01-12T09:33:11.010+0000] {taskinstance.py:1284} INFO - Starting attempt 1 of 6
[2023-01-12T09:33:11.023+0000] {taskinstance.py:1285} INFO - 
--------------------------------------------------------------------------------
[2023-01-12T09:33:11.119+0000] {taskinstance.py:1304} INFO - Executing <Task(BashOperator): first_task> on 2021-09-11 00:00:00+00:00
[2023-01-12T09:33:11.145+0000] {standard_task_runner.py:55} INFO - Started process 684 to run task
[2023-01-12T09:33:11.193+0000] {standard_task_runner.py:82} INFO - Running: ['***', 'tasks', 'run', 'our_first_dagV2', 'first_task', 'scheduled__2021-09-11T00:00:00+00:00', '--job-id', '617', '--raw', '--subdir', 'DAGS_FOLDER/our_first_dag.py', '--cfg-path', '/tmp/tmpqtvcq228']
[2023-01-12T09:33:11.200+0000] {standard_task_runner.py:83} INFO - Job 617: Subtask first_task
[2023-01-12T09:33:11.402+0000] {task_command.py:389} INFO - Running <TaskInstance: our_first_dagV2.first_task scheduled__2021-09-11T00:00:00+00:00 [running]> on host aa6ae62f6248
[2023-01-12T09:33:11.766+0000] {taskinstance.py:1513} INFO - Exporting the following env vars:
AIRFLOW_CTX_DAG_OWNER=malo
AIRFLOW_CTX_DAG_ID=our_first_dagV2
AIRFLOW_CTX_TASK_ID=first_task
AIRFLOW_CTX_EXECUTION_DATE=2021-09-11T00:00:00+00:00
AIRFLOW_CTX_TRY_NUMBER=1
AIRFLOW_CTX_DAG_RUN_ID=scheduled__2021-09-11T00:00:00+00:00
[2023-01-12T09:33:11.771+0000] {subprocess.py:63} INFO - Tmp dir root location: 
 /tmp
[2023-01-12T09:33:11.772+0000] {subprocess.py:75} INFO - Running command: ['/bin/bash', '-c', 'echo hello word we are here now']
[2023-01-12T09:33:11.869+0000] {subprocess.py:86} INFO - Output:
[2023-01-12T09:33:11.882+0000] {subprocess.py:93} INFO - hello word we are here now
[2023-01-12T09:33:11.911+0000] {subprocess.py:97} INFO - Command exited with return code 0
[2023-01-12T09:33:12.018+0000] {taskinstance.py:1327} INFO - Marking task as SUCCESS. dag_id=our_first_dagV2, task_id=first_task, execution_date=20210911T000000, start_date=20230112T093310, end_date=20230112T093312
[2023-01-12T09:33:12.214+0000] {local_task_job.py:159} INFO - Task exited with return code 0
[2023-01-12T09:33:12.262+0000] {taskinstance.py:2582} INFO - 0 downstream tasks scheduled from follow-on schedule check
