[2023-01-18T10:03:00.415+0000] {taskinstance.py:1087} INFO - Dependencies all met for <TaskInstance: our_dag_with_python_operator_v01.read_excel_file manual__2023-01-18T10:02:59.171422+00:00 [queued]>
[2023-01-18T10:03:00.429+0000] {taskinstance.py:1087} INFO - Dependencies all met for <TaskInstance: our_dag_with_python_operator_v01.read_excel_file manual__2023-01-18T10:02:59.171422+00:00 [queued]>
[2023-01-18T10:03:00.429+0000] {taskinstance.py:1283} INFO - 
--------------------------------------------------------------------------------
[2023-01-18T10:03:00.430+0000] {taskinstance.py:1284} INFO - Starting attempt 1 of 6
[2023-01-18T10:03:00.431+0000] {taskinstance.py:1285} INFO - 
--------------------------------------------------------------------------------
[2023-01-18T10:03:00.451+0000] {taskinstance.py:1304} INFO - Executing <Task(PythonOperator): read_excel_file> on 2023-01-18 10:02:59.171422+00:00
[2023-01-18T10:03:00.462+0000] {standard_task_runner.py:55} INFO - Started process 5937 to run task
[2023-01-18T10:03:00.480+0000] {standard_task_runner.py:82} INFO - Running: ['***', 'tasks', 'run', 'our_dag_with_python_operator_v01', 'read_excel_file', 'manual__2023-01-18T10:02:59.171422+00:00', '--job-id', '1718', '--raw', '--subdir', 'DAGS_FOLDER/create_dag_with_operator.py', '--cfg-path', '/tmp/tmpjnk3s2z3']
[2023-01-18T10:03:00.484+0000] {standard_task_runner.py:83} INFO - Job 1718: Subtask read_excel_file
[2023-01-18T10:03:00.599+0000] {task_command.py:389} INFO - Running <TaskInstance: our_dag_with_python_operator_v01.read_excel_file manual__2023-01-18T10:02:59.171422+00:00 [running]> on host 7af0b5bef0dd
[2023-01-18T10:03:00.721+0000] {taskinstance.py:1513} INFO - Exporting the following env vars:
AIRFLOW_CTX_DAG_OWNER=malo
AIRFLOW_CTX_DAG_ID=our_dag_with_python_operator_v01
AIRFLOW_CTX_TASK_ID=read_excel_file
AIRFLOW_CTX_EXECUTION_DATE=2023-01-18T10:02:59.171422+00:00
AIRFLOW_CTX_TRY_NUMBER=1
AIRFLOW_CTX_DAG_RUN_ID=manual__2023-01-18T10:02:59.171422+00:00
[2023-01-18T10:03:00.723+0000] {logging_mixin.py:137} INFO - Begin Projedct
[2023-01-18T10:03:51.616+0000] {logging_mixin.py:137} INFO - Index(['index', 'orgid', 'name', 'website', 'country', 'description',
       'founded', 'industry', 'noemployee'],
      dtype='object')
[2023-01-18T10:03:51.627+0000] {logging_mixin.py:137} INFO - connected
[2023-01-18T10:04:09.955+0000] {logging_mixin.py:137} INFO - inserted to database
[2023-01-18T10:04:10.060+0000] {python.py:177} INFO - Done. Returned value was: None
[2023-01-18T10:04:10.073+0000] {taskinstance.py:1327} INFO - Marking task as SUCCESS. dag_id=our_dag_with_python_operator_v01, task_id=read_excel_file, execution_date=20230118T100259, start_date=20230118T100300, end_date=20230118T100410
[2023-01-18T10:04:10.155+0000] {local_task_job.py:159} INFO - Task exited with return code 0
[2023-01-18T10:04:10.175+0000] {taskinstance.py:2582} INFO - 0 downstream tasks scheduled from follow-on schedule check
