[2023-01-19T10:48:45.523+0000] {taskinstance.py:1087} INFO - Dependencies all met for <TaskInstance: pc_data_dag.most_countryemployees manual__2023-01-19T10:47:42.077259+00:00 [queued]>
[2023-01-19T10:48:45.535+0000] {taskinstance.py:1087} INFO - Dependencies all met for <TaskInstance: pc_data_dag.most_countryemployees manual__2023-01-19T10:47:42.077259+00:00 [queued]>
[2023-01-19T10:48:45.538+0000] {taskinstance.py:1283} INFO - 
--------------------------------------------------------------------------------
[2023-01-19T10:48:45.538+0000] {taskinstance.py:1284} INFO - Starting attempt 1 of 6
[2023-01-19T10:48:45.539+0000] {taskinstance.py:1285} INFO - 
--------------------------------------------------------------------------------
[2023-01-19T10:48:45.557+0000] {taskinstance.py:1304} INFO - Executing <Task(PythonOperator): most_countryemployees> on 2023-01-19 10:47:42.077259+00:00
[2023-01-19T10:48:45.564+0000] {standard_task_runner.py:55} INFO - Started process 5670 to run task
[2023-01-19T10:48:45.572+0000] {standard_task_runner.py:82} INFO - Running: ['***', 'tasks', 'run', 'pc_data_dag', 'most_countryemployees', 'manual__2023-01-19T10:47:42.077259+00:00', '--job-id', '1847', '--raw', '--subdir', 'DAGS_FOLDER/create_dag_with_operator.py', '--cfg-path', '/tmp/tmptds886ty']
[2023-01-19T10:48:45.575+0000] {standard_task_runner.py:83} INFO - Job 1847: Subtask most_countryemployees
[2023-01-19T10:48:45.681+0000] {task_command.py:389} INFO - Running <TaskInstance: pc_data_dag.most_countryemployees manual__2023-01-19T10:47:42.077259+00:00 [running]> on host 742349a45a57
[2023-01-19T10:48:45.783+0000] {taskinstance.py:1513} INFO - Exporting the following env vars:
AIRFLOW_CTX_DAG_OWNER=malo
AIRFLOW_CTX_DAG_ID=pc_data_dag
AIRFLOW_CTX_TASK_ID=most_countryemployees
AIRFLOW_CTX_EXECUTION_DATE=2023-01-19T10:47:42.077259+00:00
AIRFLOW_CTX_TRY_NUMBER=1
AIRFLOW_CTX_DAG_RUN_ID=manual__2023-01-19T10:47:42.077259+00:00
[2023-01-19T10:48:45.811+0000] {logging_mixin.py:137} INFO - connected
[2023-01-19T10:48:47.481+0000] {logging_mixin.py:137} INFO -                country  ... totalemployees
0          Afghanistan  ...       144997.0
1              Albania  ...       129461.0
2              Algeria  ...       120433.0
3       American Samoa  ...       149826.0
4              Andorra  ...       119832.0
..                 ...  ...            ...
238  Wallis and Futuna  ...       144374.0
239     Western Sahara  ...       151684.0
240              Yemen  ...       137754.0
241             Zambia  ...       122789.0
242           Zimbabwe  ...       134720.0

[243 rows x 3 columns]
[2023-01-19T10:48:47.524+0000] {logging_mixin.py:137} INFO - inserted to database
[2023-01-19T10:48:47.525+0000] {python.py:177} INFO - Done. Returned value was: None
[2023-01-19T10:48:47.541+0000] {taskinstance.py:1327} INFO - Marking task as SUCCESS. dag_id=pc_data_dag, task_id=most_countryemployees, execution_date=20230119T104742, start_date=20230119T104845, end_date=20230119T104847
[2023-01-19T10:48:47.593+0000] {local_task_job.py:159} INFO - Task exited with return code 0
[2023-01-19T10:48:47.612+0000] {taskinstance.py:2582} INFO - 0 downstream tasks scheduled from follow-on schedule check
