[2023-01-12T09:36:25.251+0000] {taskinstance.py:1087} INFO - Dependencies all met for <TaskInstance: our_first_dagV2.second_task scheduled__2022-08-10T00:00:00+00:00 [queued]>
[2023-01-12T09:36:25.316+0000] {taskinstance.py:1087} INFO - Dependencies all met for <TaskInstance: our_first_dagV2.second_task scheduled__2022-08-10T00:00:00+00:00 [queued]>
[2023-01-12T09:36:25.319+0000] {taskinstance.py:1283} INFO - 
--------------------------------------------------------------------------------
[2023-01-12T09:36:25.320+0000] {taskinstance.py:1284} INFO - Starting attempt 1 of 6
[2023-01-12T09:36:25.321+0000] {taskinstance.py:1285} INFO - 
--------------------------------------------------------------------------------
[2023-01-12T09:36:25.364+0000] {taskinstance.py:1304} INFO - Executing <Task(BashOperator): second_task> on 2022-08-10 00:00:00+00:00
[2023-01-12T09:36:25.375+0000] {standard_task_runner.py:55} INFO - Started process 2891 to run task
[2023-01-12T09:36:25.390+0000] {standard_task_runner.py:82} INFO - Running: ['***', 'tasks', 'run', 'our_first_dagV2', 'second_task', 'scheduled__2022-08-10T00:00:00+00:00', '--job-id', '1292', '--raw', '--subdir', 'DAGS_FOLDER/our_first_dag.py', '--cfg-path', '/tmp/tmp2igjrndk']
[2023-01-12T09:36:25.399+0000] {standard_task_runner.py:83} INFO - Job 1292: Subtask second_task
[2023-01-12T09:36:25.626+0000] {task_command.py:389} INFO - Running <TaskInstance: our_first_dagV2.second_task scheduled__2022-08-10T00:00:00+00:00 [running]> on host aa6ae62f6248
[2023-01-12T09:36:25.842+0000] {taskinstance.py:1513} INFO - Exporting the following env vars:
AIRFLOW_CTX_DAG_OWNER=malo
AIRFLOW_CTX_DAG_ID=our_first_dagV2
AIRFLOW_CTX_TASK_ID=second_task
AIRFLOW_CTX_EXECUTION_DATE=2022-08-10T00:00:00+00:00
AIRFLOW_CTX_TRY_NUMBER=1
AIRFLOW_CTX_DAG_RUN_ID=scheduled__2022-08-10T00:00:00+00:00
[2023-01-12T09:36:25.845+0000] {subprocess.py:63} INFO - Tmp dir root location: 
 /tmp
[2023-01-12T09:36:25.857+0000] {subprocess.py:75} INFO - Running command: ['/bin/bash', '-c', 'echo hello world task 2']
[2023-01-12T09:36:25.890+0000] {subprocess.py:86} INFO - Output:
[2023-01-12T09:36:25.892+0000] {subprocess.py:93} INFO - hello world task 2
[2023-01-12T09:36:25.893+0000] {subprocess.py:97} INFO - Command exited with return code 0
[2023-01-12T09:36:25.946+0000] {taskinstance.py:1327} INFO - Marking task as SUCCESS. dag_id=our_first_dagV2, task_id=second_task, execution_date=20220810T000000, start_date=20230112T093625, end_date=20230112T093625
[2023-01-12T09:36:26.021+0000] {local_task_job.py:159} INFO - Task exited with return code 0
[2023-01-12T09:36:26.046+0000] {taskinstance.py:2582} INFO - 0 downstream tasks scheduled from follow-on schedule check
