[2023-01-12T09:33:40.982+0000] {taskinstance.py:1087} INFO - Dependencies all met for <TaskInstance: our_first_dagV2.first_task scheduled__2021-10-24T00:00:00+00:00 [queued]>
[2023-01-12T09:33:40.990+0000] {taskinstance.py:1087} INFO - Dependencies all met for <TaskInstance: our_first_dagV2.first_task scheduled__2021-10-24T00:00:00+00:00 [queued]>
[2023-01-12T09:33:40.991+0000] {taskinstance.py:1283} INFO - 
--------------------------------------------------------------------------------
[2023-01-12T09:33:40.994+0000] {taskinstance.py:1284} INFO - Starting attempt 1 of 6
[2023-01-12T09:33:40.995+0000] {taskinstance.py:1285} INFO - 
--------------------------------------------------------------------------------
[2023-01-12T09:33:41.033+0000] {taskinstance.py:1304} INFO - Executing <Task(BashOperator): first_task> on 2021-10-24 00:00:00+00:00
[2023-01-12T09:33:41.041+0000] {standard_task_runner.py:55} INFO - Started process 980 to run task
[2023-01-12T09:33:41.046+0000] {standard_task_runner.py:82} INFO - Running: ['***', 'tasks', 'run', 'our_first_dagV2', 'first_task', 'scheduled__2021-10-24T00:00:00+00:00', '--job-id', '707', '--raw', '--subdir', 'DAGS_FOLDER/our_first_dag.py', '--cfg-path', '/tmp/tmpcu0azn4d']
[2023-01-12T09:33:41.047+0000] {standard_task_runner.py:83} INFO - Job 707: Subtask first_task
[2023-01-12T09:33:41.169+0000] {task_command.py:389} INFO - Running <TaskInstance: our_first_dagV2.first_task scheduled__2021-10-24T00:00:00+00:00 [running]> on host aa6ae62f6248
[2023-01-12T09:33:41.297+0000] {taskinstance.py:1513} INFO - Exporting the following env vars:
AIRFLOW_CTX_DAG_OWNER=malo
AIRFLOW_CTX_DAG_ID=our_first_dagV2
AIRFLOW_CTX_TASK_ID=first_task
AIRFLOW_CTX_EXECUTION_DATE=2021-10-24T00:00:00+00:00
AIRFLOW_CTX_TRY_NUMBER=1
AIRFLOW_CTX_DAG_RUN_ID=scheduled__2021-10-24T00:00:00+00:00
[2023-01-12T09:33:41.298+0000] {subprocess.py:63} INFO - Tmp dir root location: 
 /tmp
[2023-01-12T09:33:41.299+0000] {subprocess.py:75} INFO - Running command: ['/bin/bash', '-c', 'echo hello word we are here now']
[2023-01-12T09:33:41.310+0000] {subprocess.py:86} INFO - Output:
[2023-01-12T09:33:41.313+0000] {subprocess.py:93} INFO - hello word we are here now
[2023-01-12T09:33:41.314+0000] {subprocess.py:97} INFO - Command exited with return code 0
[2023-01-12T09:33:41.357+0000] {taskinstance.py:1327} INFO - Marking task as SUCCESS. dag_id=our_first_dagV2, task_id=first_task, execution_date=20211024T000000, start_date=20230112T093340, end_date=20230112T093341
[2023-01-12T09:33:41.429+0000] {local_task_job.py:159} INFO - Task exited with return code 0
[2023-01-12T09:33:41.459+0000] {taskinstance.py:2582} INFO - 1 downstream tasks scheduled from follow-on schedule check
