[2023-01-12T09:22:49.802+0000] {taskinstance.py:1087} INFO - Dependencies all met for <TaskInstance: our_first_dag.first_task scheduled__2022-10-29T00:00:00+00:00 [queued]>
[2023-01-12T09:22:49.815+0000] {taskinstance.py:1087} INFO - Dependencies all met for <TaskInstance: our_first_dag.first_task scheduled__2022-10-29T00:00:00+00:00 [queued]>
[2023-01-12T09:22:49.817+0000] {taskinstance.py:1283} INFO - 
--------------------------------------------------------------------------------
[2023-01-12T09:22:49.818+0000] {taskinstance.py:1284} INFO - Starting attempt 1 of 6
[2023-01-12T09:22:49.820+0000] {taskinstance.py:1285} INFO - 
--------------------------------------------------------------------------------
[2023-01-12T09:22:49.839+0000] {taskinstance.py:1304} INFO - Executing <Task(BashOperator): first_task> on 2022-10-29 00:00:00+00:00
[2023-01-12T09:22:49.850+0000] {standard_task_runner.py:55} INFO - Started process 6499 to run task
[2023-01-12T09:22:49.876+0000] {standard_task_runner.py:82} INFO - Running: ['***', 'tasks', 'run', 'our_first_dag', 'first_task', 'scheduled__2022-10-29T00:00:00+00:00', '--job-id', '459', '--raw', '--subdir', 'DAGS_FOLDER/our_first_dag.py', '--cfg-path', '/tmp/tmpmnlmlqwj']
[2023-01-12T09:22:49.878+0000] {standard_task_runner.py:83} INFO - Job 459: Subtask first_task
[2023-01-12T09:22:50.019+0000] {task_command.py:389} INFO - Running <TaskInstance: our_first_dag.first_task scheduled__2022-10-29T00:00:00+00:00 [running]> on host aa6ae62f6248
[2023-01-12T09:22:50.277+0000] {taskinstance.py:1513} INFO - Exporting the following env vars:
AIRFLOW_CTX_DAG_OWNER=malo
AIRFLOW_CTX_DAG_ID=our_first_dag
AIRFLOW_CTX_TASK_ID=first_task
AIRFLOW_CTX_EXECUTION_DATE=2022-10-29T00:00:00+00:00
AIRFLOW_CTX_TRY_NUMBER=1
AIRFLOW_CTX_DAG_RUN_ID=scheduled__2022-10-29T00:00:00+00:00
[2023-01-12T09:22:50.279+0000] {subprocess.py:63} INFO - Tmp dir root location: 
 /tmp
[2023-01-12T09:22:50.280+0000] {subprocess.py:75} INFO - Running command: ['/bin/bash', '-c', 'echo hello word we are here now']
[2023-01-12T09:22:50.318+0000] {subprocess.py:86} INFO - Output:
[2023-01-12T09:22:50.322+0000] {subprocess.py:93} INFO - hello word we are here now
[2023-01-12T09:22:50.324+0000] {subprocess.py:97} INFO - Command exited with return code 0
[2023-01-12T09:22:50.385+0000] {taskinstance.py:1327} INFO - Marking task as SUCCESS. dag_id=our_first_dag, task_id=first_task, execution_date=20221029T000000, start_date=20230112T092249, end_date=20230112T092250
[2023-01-12T09:22:50.441+0000] {local_task_job.py:159} INFO - Task exited with return code 0
[2023-01-12T09:22:50.462+0000] {taskinstance.py:2582} INFO - 0 downstream tasks scheduled from follow-on schedule check
