[2023-01-19T09:59:30.704+0000] {taskinstance.py:1087} INFO - Dependencies all met for <TaskInstance: pc_data_dag.insert_numberofemployeesindustry manual__2023-01-19T09:59:28.623487+00:00 [queued]>
[2023-01-19T09:59:30.742+0000] {taskinstance.py:1087} INFO - Dependencies all met for <TaskInstance: pc_data_dag.insert_numberofemployeesindustry manual__2023-01-19T09:59:28.623487+00:00 [queued]>
[2023-01-19T09:59:30.744+0000] {taskinstance.py:1283} INFO - 
--------------------------------------------------------------------------------
[2023-01-19T09:59:30.749+0000] {taskinstance.py:1284} INFO - Starting attempt 1 of 6
[2023-01-19T09:59:30.750+0000] {taskinstance.py:1285} INFO - 
--------------------------------------------------------------------------------
[2023-01-19T09:59:30.793+0000] {taskinstance.py:1304} INFO - Executing <Task(PythonOperator): insert_numberofemployeesindustry> on 2023-01-19 09:59:28.623487+00:00
[2023-01-19T09:59:30.808+0000] {standard_task_runner.py:55} INFO - Started process 2451 to run task
[2023-01-19T09:59:30.826+0000] {standard_task_runner.py:82} INFO - Running: ['***', 'tasks', 'run', 'pc_data_dag', 'insert_numberofemployeesindustry', 'manual__2023-01-19T09:59:28.623487+00:00', '--job-id', '1828', '--raw', '--subdir', 'DAGS_FOLDER/create_dag_with_operator.py', '--cfg-path', '/tmp/tmp6vfce6fx']
[2023-01-19T09:59:30.835+0000] {standard_task_runner.py:83} INFO - Job 1828: Subtask insert_numberofemployeesindustry
[2023-01-19T09:59:31.033+0000] {task_command.py:389} INFO - Running <TaskInstance: pc_data_dag.insert_numberofemployeesindustry manual__2023-01-19T09:59:28.623487+00:00 [running]> on host 742349a45a57
[2023-01-19T09:59:31.187+0000] {taskinstance.py:1513} INFO - Exporting the following env vars:
AIRFLOW_CTX_DAG_OWNER=malo
AIRFLOW_CTX_DAG_ID=pc_data_dag
AIRFLOW_CTX_TASK_ID=insert_numberofemployeesindustry
AIRFLOW_CTX_EXECUTION_DATE=2023-01-19T09:59:28.623487+00:00
AIRFLOW_CTX_TRY_NUMBER=1
AIRFLOW_CTX_DAG_RUN_ID=manual__2023-01-19T09:59:28.623487+00:00
[2023-01-19T09:59:31.201+0000] {logging_mixin.py:137} INFO - connected
[2023-01-19T09:59:31.218+0000] {logging_mixin.py:137} INFO - Empty DataFrame
Columns: [country, industry, totalemployees]
Index: []
[2023-01-19T09:59:31.338+0000] {logging_mixin.py:137} INFO - inserted to database
[2023-01-19T09:59:31.339+0000] {python.py:177} INFO - Done. Returned value was: None
[2023-01-19T09:59:31.360+0000] {taskinstance.py:1327} INFO - Marking task as SUCCESS. dag_id=pc_data_dag, task_id=insert_numberofemployeesindustry, execution_date=20230119T095928, start_date=20230119T095930, end_date=20230119T095931
[2023-01-19T09:59:31.436+0000] {local_task_job.py:159} INFO - Task exited with return code 0
[2023-01-19T09:59:31.459+0000] {taskinstance.py:2582} INFO - 0 downstream tasks scheduled from follow-on schedule check
