[2023-01-12T09:33:49.808+0000] {taskinstance.py:1087} INFO - Dependencies all met for <TaskInstance: our_first_dagV2.second_task scheduled__2021-11-07T00:00:00+00:00 [queued]>
[2023-01-12T09:33:49.827+0000] {taskinstance.py:1087} INFO - Dependencies all met for <TaskInstance: our_first_dagV2.second_task scheduled__2021-11-07T00:00:00+00:00 [queued]>
[2023-01-12T09:33:49.828+0000] {taskinstance.py:1283} INFO - 
--------------------------------------------------------------------------------
[2023-01-12T09:33:49.828+0000] {taskinstance.py:1284} INFO - Starting attempt 1 of 6
[2023-01-12T09:33:49.828+0000] {taskinstance.py:1285} INFO - 
--------------------------------------------------------------------------------
[2023-01-12T09:33:49.845+0000] {taskinstance.py:1304} INFO - Executing <Task(BashOperator): second_task> on 2021-11-07 00:00:00+00:00
[2023-01-12T09:33:49.857+0000] {standard_task_runner.py:55} INFO - Started process 1083 to run task
[2023-01-12T09:33:49.875+0000] {standard_task_runner.py:82} INFO - Running: ['***', 'tasks', 'run', 'our_first_dagV2', 'second_task', 'scheduled__2021-11-07T00:00:00+00:00', '--job-id', '741', '--raw', '--subdir', 'DAGS_FOLDER/our_first_dag.py', '--cfg-path', '/tmp/tmplxmuicu0']
[2023-01-12T09:33:49.880+0000] {standard_task_runner.py:83} INFO - Job 741: Subtask second_task
[2023-01-12T09:33:50.038+0000] {task_command.py:389} INFO - Running <TaskInstance: our_first_dagV2.second_task scheduled__2021-11-07T00:00:00+00:00 [running]> on host aa6ae62f6248
[2023-01-12T09:33:50.157+0000] {taskinstance.py:1513} INFO - Exporting the following env vars:
AIRFLOW_CTX_DAG_OWNER=malo
AIRFLOW_CTX_DAG_ID=our_first_dagV2
AIRFLOW_CTX_TASK_ID=second_task
AIRFLOW_CTX_EXECUTION_DATE=2021-11-07T00:00:00+00:00
AIRFLOW_CTX_TRY_NUMBER=1
AIRFLOW_CTX_DAG_RUN_ID=scheduled__2021-11-07T00:00:00+00:00
[2023-01-12T09:33:50.160+0000] {subprocess.py:63} INFO - Tmp dir root location: 
 /tmp
[2023-01-12T09:33:50.161+0000] {subprocess.py:75} INFO - Running command: ['/bin/bash', '-c', 'echo hello world task 2']
[2023-01-12T09:33:50.175+0000] {subprocess.py:86} INFO - Output:
[2023-01-12T09:33:50.178+0000] {subprocess.py:93} INFO - hello world task 2
[2023-01-12T09:33:50.179+0000] {subprocess.py:97} INFO - Command exited with return code 0
[2023-01-12T09:33:50.219+0000] {taskinstance.py:1327} INFO - Marking task as SUCCESS. dag_id=our_first_dagV2, task_id=second_task, execution_date=20211107T000000, start_date=20230112T093349, end_date=20230112T093350
[2023-01-12T09:33:50.256+0000] {local_task_job.py:159} INFO - Task exited with return code 0
[2023-01-12T09:33:50.286+0000] {taskinstance.py:2582} INFO - 0 downstream tasks scheduled from follow-on schedule check
