[2023-01-12T09:35:57.637+0000] {taskinstance.py:1087} INFO - Dependencies all met for <TaskInstance: our_first_dagV2.first_task scheduled__2022-06-24T00:00:00+00:00 [queued]>
[2023-01-12T09:35:57.687+0000] {taskinstance.py:1087} INFO - Dependencies all met for <TaskInstance: our_first_dagV2.first_task scheduled__2022-06-24T00:00:00+00:00 [queued]>
[2023-01-12T09:35:57.692+0000] {taskinstance.py:1283} INFO - 
--------------------------------------------------------------------------------
[2023-01-12T09:35:57.693+0000] {taskinstance.py:1284} INFO - Starting attempt 1 of 6
[2023-01-12T09:35:57.694+0000] {taskinstance.py:1285} INFO - 
--------------------------------------------------------------------------------
[2023-01-12T09:35:57.733+0000] {taskinstance.py:1304} INFO - Executing <Task(BashOperator): first_task> on 2022-06-24 00:00:00+00:00
[2023-01-12T09:35:57.739+0000] {standard_task_runner.py:55} INFO - Started process 2567 to run task
[2023-01-12T09:35:57.766+0000] {standard_task_runner.py:82} INFO - Running: ['***', 'tasks', 'run', 'our_first_dagV2', 'first_task', 'scheduled__2022-06-24T00:00:00+00:00', '--job-id', '1191', '--raw', '--subdir', 'DAGS_FOLDER/our_first_dag.py', '--cfg-path', '/tmp/tmpf0hbita5']
[2023-01-12T09:35:57.772+0000] {standard_task_runner.py:83} INFO - Job 1191: Subtask first_task
[2023-01-12T09:35:57.931+0000] {task_command.py:389} INFO - Running <TaskInstance: our_first_dagV2.first_task scheduled__2022-06-24T00:00:00+00:00 [running]> on host aa6ae62f6248
[2023-01-12T09:35:58.133+0000] {taskinstance.py:1513} INFO - Exporting the following env vars:
AIRFLOW_CTX_DAG_OWNER=malo
AIRFLOW_CTX_DAG_ID=our_first_dagV2
AIRFLOW_CTX_TASK_ID=first_task
AIRFLOW_CTX_EXECUTION_DATE=2022-06-24T00:00:00+00:00
AIRFLOW_CTX_TRY_NUMBER=1
AIRFLOW_CTX_DAG_RUN_ID=scheduled__2022-06-24T00:00:00+00:00
[2023-01-12T09:35:58.136+0000] {subprocess.py:63} INFO - Tmp dir root location: 
 /tmp
[2023-01-12T09:35:58.145+0000] {subprocess.py:75} INFO - Running command: ['/bin/bash', '-c', 'echo hello word we are here now']
[2023-01-12T09:35:58.193+0000] {subprocess.py:86} INFO - Output:
[2023-01-12T09:35:58.203+0000] {subprocess.py:93} INFO - hello word we are here now
[2023-01-12T09:35:58.204+0000] {subprocess.py:97} INFO - Command exited with return code 0
[2023-01-12T09:35:58.285+0000] {taskinstance.py:1327} INFO - Marking task as SUCCESS. dag_id=our_first_dagV2, task_id=first_task, execution_date=20220624T000000, start_date=20230112T093557, end_date=20230112T093558
[2023-01-12T09:35:58.369+0000] {local_task_job.py:159} INFO - Task exited with return code 0
[2023-01-12T09:35:58.424+0000] {taskinstance.py:2582} INFO - 1 downstream tasks scheduled from follow-on schedule check
