[2023-01-19T09:59:30.786+0000] {taskinstance.py:1087} INFO - Dependencies all met for <TaskInstance: pc_data_dag.read_excel_file manual__2023-01-19T09:59:28.623487+00:00 [queued]>
[2023-01-19T09:59:30.821+0000] {taskinstance.py:1087} INFO - Dependencies all met for <TaskInstance: pc_data_dag.read_excel_file manual__2023-01-19T09:59:28.623487+00:00 [queued]>
[2023-01-19T09:59:30.822+0000] {taskinstance.py:1283} INFO - 
--------------------------------------------------------------------------------
[2023-01-19T09:59:30.823+0000] {taskinstance.py:1284} INFO - Starting attempt 1 of 6
[2023-01-19T09:59:30.828+0000] {taskinstance.py:1285} INFO - 
--------------------------------------------------------------------------------
[2023-01-19T09:59:30.852+0000] {taskinstance.py:1304} INFO - Executing <Task(PythonOperator): read_excel_file> on 2023-01-19 09:59:28.623487+00:00
[2023-01-19T09:59:30.868+0000] {standard_task_runner.py:55} INFO - Started process 2453 to run task
[2023-01-19T09:59:30.895+0000] {standard_task_runner.py:82} INFO - Running: ['***', 'tasks', 'run', 'pc_data_dag', 'read_excel_file', 'manual__2023-01-19T09:59:28.623487+00:00', '--job-id', '1829', '--raw', '--subdir', 'DAGS_FOLDER/create_dag_with_operator.py', '--cfg-path', '/tmp/tmpgn75lko4']
[2023-01-19T09:59:30.903+0000] {standard_task_runner.py:83} INFO - Job 1829: Subtask read_excel_file
[2023-01-19T09:59:31.160+0000] {task_command.py:389} INFO - Running <TaskInstance: pc_data_dag.read_excel_file manual__2023-01-19T09:59:28.623487+00:00 [running]> on host 742349a45a57
[2023-01-19T09:59:31.289+0000] {taskinstance.py:1513} INFO - Exporting the following env vars:
AIRFLOW_CTX_DAG_OWNER=malo
AIRFLOW_CTX_DAG_ID=pc_data_dag
AIRFLOW_CTX_TASK_ID=read_excel_file
AIRFLOW_CTX_EXECUTION_DATE=2023-01-19T09:59:28.623487+00:00
AIRFLOW_CTX_TRY_NUMBER=1
AIRFLOW_CTX_DAG_RUN_ID=manual__2023-01-19T09:59:28.623487+00:00
[2023-01-19T09:59:31.293+0000] {logging_mixin.py:137} INFO - Begin Projedct
[2023-01-19T10:00:16.870+0000] {logging_mixin.py:137} INFO - Index(['index', 'orgid', 'name', 'website', 'country', 'description',
       'founded', 'industry', 'noemployee'],
      dtype='object')
[2023-01-19T10:00:16.885+0000] {logging_mixin.py:137} INFO - connected
[2023-01-19T10:00:36.141+0000] {logging_mixin.py:137} INFO - inserted to database
[2023-01-19T10:00:36.285+0000] {python.py:177} INFO - Done. Returned value was: None
[2023-01-19T10:00:36.309+0000] {taskinstance.py:1327} INFO - Marking task as SUCCESS. dag_id=pc_data_dag, task_id=read_excel_file, execution_date=20230119T095928, start_date=20230119T095930, end_date=20230119T100036
[2023-01-19T10:00:36.425+0000] {local_task_job.py:159} INFO - Task exited with return code 0
[2023-01-19T10:00:36.454+0000] {taskinstance.py:2582} INFO - 1 downstream tasks scheduled from follow-on schedule check
