[2023-01-12T09:37:15.760+0000] {taskinstance.py:1087} INFO - Dependencies all met for <TaskInstance: our_first_dagV2.second_task scheduled__2022-10-28T00:00:00+00:00 [queued]>
[2023-01-12T09:37:15.795+0000] {taskinstance.py:1087} INFO - Dependencies all met for <TaskInstance: our_first_dagV2.second_task scheduled__2022-10-28T00:00:00+00:00 [queued]>
[2023-01-12T09:37:15.796+0000] {taskinstance.py:1283} INFO - 
--------------------------------------------------------------------------------
[2023-01-12T09:37:15.797+0000] {taskinstance.py:1284} INFO - Starting attempt 1 of 6
[2023-01-12T09:37:15.797+0000] {taskinstance.py:1285} INFO - 
--------------------------------------------------------------------------------
[2023-01-12T09:37:15.823+0000] {taskinstance.py:1304} INFO - Executing <Task(BashOperator): second_task> on 2022-10-28 00:00:00+00:00
[2023-01-12T09:37:15.834+0000] {standard_task_runner.py:55} INFO - Started process 3421 to run task
[2023-01-12T09:37:15.851+0000] {standard_task_runner.py:82} INFO - Running: ['***', 'tasks', 'run', 'our_first_dagV2', 'second_task', 'scheduled__2022-10-28T00:00:00+00:00', '--job-id', '1453', '--raw', '--subdir', 'DAGS_FOLDER/our_first_dag.py', '--cfg-path', '/tmp/tmphpoxg7wt']
[2023-01-12T09:37:15.853+0000] {standard_task_runner.py:83} INFO - Job 1453: Subtask second_task
[2023-01-12T09:37:16.036+0000] {task_command.py:389} INFO - Running <TaskInstance: our_first_dagV2.second_task scheduled__2022-10-28T00:00:00+00:00 [running]> on host aa6ae62f6248
[2023-01-12T09:37:16.216+0000] {taskinstance.py:1513} INFO - Exporting the following env vars:
AIRFLOW_CTX_DAG_OWNER=malo
AIRFLOW_CTX_DAG_ID=our_first_dagV2
AIRFLOW_CTX_TASK_ID=second_task
AIRFLOW_CTX_EXECUTION_DATE=2022-10-28T00:00:00+00:00
AIRFLOW_CTX_TRY_NUMBER=1
AIRFLOW_CTX_DAG_RUN_ID=scheduled__2022-10-28T00:00:00+00:00
[2023-01-12T09:37:16.218+0000] {subprocess.py:63} INFO - Tmp dir root location: 
 /tmp
[2023-01-12T09:37:16.221+0000] {subprocess.py:75} INFO - Running command: ['/bin/bash', '-c', 'echo hello world task 2']
[2023-01-12T09:37:16.260+0000] {subprocess.py:86} INFO - Output:
[2023-01-12T09:37:16.281+0000] {subprocess.py:93} INFO - hello world task 2
[2023-01-12T09:37:16.318+0000] {subprocess.py:97} INFO - Command exited with return code 0
[2023-01-12T09:37:16.386+0000] {taskinstance.py:1327} INFO - Marking task as SUCCESS. dag_id=our_first_dagV2, task_id=second_task, execution_date=20221028T000000, start_date=20230112T093715, end_date=20230112T093716
[2023-01-12T09:37:16.473+0000] {local_task_job.py:159} INFO - Task exited with return code 0
[2023-01-12T09:37:16.512+0000] {taskinstance.py:2582} INFO - 0 downstream tasks scheduled from follow-on schedule check
