[2023-01-12T09:33:24.691+0000] {taskinstance.py:1087} INFO - Dependencies all met for <TaskInstance: our_first_dagV2.first_task scheduled__2021-09-30T00:00:00+00:00 [queued]>
[2023-01-12T09:33:24.701+0000] {taskinstance.py:1087} INFO - Dependencies all met for <TaskInstance: our_first_dagV2.first_task scheduled__2021-09-30T00:00:00+00:00 [queued]>
[2023-01-12T09:33:24.702+0000] {taskinstance.py:1283} INFO - 
--------------------------------------------------------------------------------
[2023-01-12T09:33:24.703+0000] {taskinstance.py:1284} INFO - Starting attempt 1 of 6
[2023-01-12T09:33:24.704+0000] {taskinstance.py:1285} INFO - 
--------------------------------------------------------------------------------
[2023-01-12T09:33:24.724+0000] {taskinstance.py:1304} INFO - Executing <Task(BashOperator): first_task> on 2021-09-30 00:00:00+00:00
[2023-01-12T09:33:24.730+0000] {standard_task_runner.py:55} INFO - Started process 813 to run task
[2023-01-12T09:33:24.735+0000] {standard_task_runner.py:82} INFO - Running: ['***', 'tasks', 'run', 'our_first_dagV2', 'first_task', 'scheduled__2021-09-30T00:00:00+00:00', '--job-id', '659', '--raw', '--subdir', 'DAGS_FOLDER/our_first_dag.py', '--cfg-path', '/tmp/tmp79_eqho2']
[2023-01-12T09:33:24.738+0000] {standard_task_runner.py:83} INFO - Job 659: Subtask first_task
[2023-01-12T09:33:24.880+0000] {task_command.py:389} INFO - Running <TaskInstance: our_first_dagV2.first_task scheduled__2021-09-30T00:00:00+00:00 [running]> on host aa6ae62f6248
[2023-01-12T09:33:25.023+0000] {taskinstance.py:1513} INFO - Exporting the following env vars:
AIRFLOW_CTX_DAG_OWNER=malo
AIRFLOW_CTX_DAG_ID=our_first_dagV2
AIRFLOW_CTX_TASK_ID=first_task
AIRFLOW_CTX_EXECUTION_DATE=2021-09-30T00:00:00+00:00
AIRFLOW_CTX_TRY_NUMBER=1
AIRFLOW_CTX_DAG_RUN_ID=scheduled__2021-09-30T00:00:00+00:00
[2023-01-12T09:33:25.025+0000] {subprocess.py:63} INFO - Tmp dir root location: 
 /tmp
[2023-01-12T09:33:25.027+0000] {subprocess.py:75} INFO - Running command: ['/bin/bash', '-c', 'echo hello word we are here now']
[2023-01-12T09:33:25.067+0000] {subprocess.py:86} INFO - Output:
[2023-01-12T09:33:25.078+0000] {subprocess.py:93} INFO - hello word we are here now
[2023-01-12T09:33:25.096+0000] {subprocess.py:97} INFO - Command exited with return code 0
[2023-01-12T09:33:25.171+0000] {taskinstance.py:1327} INFO - Marking task as SUCCESS. dag_id=our_first_dagV2, task_id=first_task, execution_date=20210930T000000, start_date=20230112T093324, end_date=20230112T093325
[2023-01-12T09:33:25.279+0000] {local_task_job.py:159} INFO - Task exited with return code 0
[2023-01-12T09:33:25.313+0000] {taskinstance.py:2582} INFO - 1 downstream tasks scheduled from follow-on schedule check
