[2023-01-12T09:21:18.705+0000] {taskinstance.py:1087} INFO - Dependencies all met for <TaskInstance: our_first_dag.first_task scheduled__2022-05-14T00:00:00+00:00 [queued]>
[2023-01-12T09:21:18.727+0000] {taskinstance.py:1087} INFO - Dependencies all met for <TaskInstance: our_first_dag.first_task scheduled__2022-05-14T00:00:00+00:00 [queued]>
[2023-01-12T09:21:18.729+0000] {taskinstance.py:1283} INFO - 
--------------------------------------------------------------------------------
[2023-01-12T09:21:18.730+0000] {taskinstance.py:1284} INFO - Starting attempt 1 of 6
[2023-01-12T09:21:18.731+0000] {taskinstance.py:1285} INFO - 
--------------------------------------------------------------------------------
[2023-01-12T09:21:18.745+0000] {taskinstance.py:1304} INFO - Executing <Task(BashOperator): first_task> on 2022-05-14 00:00:00+00:00
[2023-01-12T09:21:18.754+0000] {standard_task_runner.py:55} INFO - Started process 5913 to run task
[2023-01-12T09:21:18.758+0000] {standard_task_runner.py:82} INFO - Running: ['***', 'tasks', 'run', 'our_first_dag', 'first_task', 'scheduled__2022-05-14T00:00:00+00:00', '--job-id', '291', '--raw', '--subdir', 'DAGS_FOLDER/our_first_dag.py', '--cfg-path', '/tmp/tmpcb4k2kd4']
[2023-01-12T09:21:18.764+0000] {standard_task_runner.py:83} INFO - Job 291: Subtask first_task
[2023-01-12T09:21:18.830+0000] {task_command.py:389} INFO - Running <TaskInstance: our_first_dag.first_task scheduled__2022-05-14T00:00:00+00:00 [running]> on host aa6ae62f6248
[2023-01-12T09:21:18.913+0000] {taskinstance.py:1513} INFO - Exporting the following env vars:
AIRFLOW_CTX_DAG_OWNER=malo
AIRFLOW_CTX_DAG_ID=our_first_dag
AIRFLOW_CTX_TASK_ID=first_task
AIRFLOW_CTX_EXECUTION_DATE=2022-05-14T00:00:00+00:00
AIRFLOW_CTX_TRY_NUMBER=1
AIRFLOW_CTX_DAG_RUN_ID=scheduled__2022-05-14T00:00:00+00:00
[2023-01-12T09:21:18.918+0000] {subprocess.py:63} INFO - Tmp dir root location: 
 /tmp
[2023-01-12T09:21:18.919+0000] {subprocess.py:75} INFO - Running command: ['/bin/bash', '-c', 'echo hello word we are here now']
[2023-01-12T09:21:18.935+0000] {subprocess.py:86} INFO - Output:
[2023-01-12T09:21:18.936+0000] {subprocess.py:93} INFO - hello word we are here now
[2023-01-12T09:21:18.938+0000] {subprocess.py:97} INFO - Command exited with return code 0
[2023-01-12T09:21:18.965+0000] {taskinstance.py:1327} INFO - Marking task as SUCCESS. dag_id=our_first_dag, task_id=first_task, execution_date=20220514T000000, start_date=20230112T092118, end_date=20230112T092118
[2023-01-12T09:21:19.019+0000] {local_task_job.py:159} INFO - Task exited with return code 0
[2023-01-12T09:21:19.034+0000] {taskinstance.py:2582} INFO - 0 downstream tasks scheduled from follow-on schedule check
