[2023-01-19T10:17:16.219+0000] {taskinstance.py:1087} INFO - Dependencies all met for <TaskInstance: pc_data_dag.most_countryemployees manual__2023-01-19T10:17:14.704798+00:00 [queued]>
[2023-01-19T10:17:16.228+0000] {taskinstance.py:1087} INFO - Dependencies all met for <TaskInstance: pc_data_dag.most_countryemployees manual__2023-01-19T10:17:14.704798+00:00 [queued]>
[2023-01-19T10:17:16.229+0000] {taskinstance.py:1283} INFO - 
--------------------------------------------------------------------------------
[2023-01-19T10:17:16.230+0000] {taskinstance.py:1284} INFO - Starting attempt 1 of 6
[2023-01-19T10:17:16.231+0000] {taskinstance.py:1285} INFO - 
--------------------------------------------------------------------------------
[2023-01-19T10:17:16.241+0000] {taskinstance.py:1304} INFO - Executing <Task(PythonOperator): most_countryemployees> on 2023-01-19 10:17:14.704798+00:00
[2023-01-19T10:17:16.249+0000] {standard_task_runner.py:55} INFO - Started process 3616 to run task
[2023-01-19T10:17:16.255+0000] {standard_task_runner.py:82} INFO - Running: ['***', 'tasks', 'run', 'pc_data_dag', 'most_countryemployees', 'manual__2023-01-19T10:17:14.704798+00:00', '--job-id', '1837', '--raw', '--subdir', 'DAGS_FOLDER/create_dag_with_operator.py', '--cfg-path', '/tmp/tmpkg0wph4o']
[2023-01-19T10:17:16.258+0000] {standard_task_runner.py:83} INFO - Job 1837: Subtask most_countryemployees
[2023-01-19T10:17:16.337+0000] {task_command.py:389} INFO - Running <TaskInstance: pc_data_dag.most_countryemployees manual__2023-01-19T10:17:14.704798+00:00 [running]> on host 742349a45a57
[2023-01-19T10:17:16.407+0000] {taskinstance.py:1513} INFO - Exporting the following env vars:
AIRFLOW_CTX_DAG_OWNER=malo
AIRFLOW_CTX_DAG_ID=pc_data_dag
AIRFLOW_CTX_TASK_ID=most_countryemployees
AIRFLOW_CTX_EXECUTION_DATE=2023-01-19T10:17:14.704798+00:00
AIRFLOW_CTX_TRY_NUMBER=1
AIRFLOW_CTX_DAG_RUN_ID=manual__2023-01-19T10:17:14.704798+00:00
[2023-01-19T10:17:16.417+0000] {logging_mixin.py:137} INFO - connected
[2023-01-19T10:17:16.428+0000] {logging_mixin.py:137} INFO - Empty DataFrame
Columns: [country, totalcompanies]
Index: []
[2023-01-19T10:17:16.466+0000] {logging_mixin.py:137} INFO - inserted to database
[2023-01-19T10:17:16.467+0000] {python.py:177} INFO - Done. Returned value was: None
[2023-01-19T10:17:16.479+0000] {taskinstance.py:1327} INFO - Marking task as SUCCESS. dag_id=pc_data_dag, task_id=most_countryemployees, execution_date=20230119T101714, start_date=20230119T101716, end_date=20230119T101716
[2023-01-19T10:17:16.506+0000] {local_task_job.py:159} INFO - Task exited with return code 0
[2023-01-19T10:17:16.525+0000] {taskinstance.py:2582} INFO - 0 downstream tasks scheduled from follow-on schedule check
