[2023-01-18T14:05:55.959+0000] {taskinstance.py:1087} INFO - Dependencies all met for <TaskInstance: pc_data_dag.read_excel_file manual__2023-01-18T14:05:54.647572+00:00 [queued]>
[2023-01-18T14:05:55.966+0000] {taskinstance.py:1087} INFO - Dependencies all met for <TaskInstance: pc_data_dag.read_excel_file manual__2023-01-18T14:05:54.647572+00:00 [queued]>
[2023-01-18T14:05:55.967+0000] {taskinstance.py:1283} INFO - 
--------------------------------------------------------------------------------
[2023-01-18T14:05:55.968+0000] {taskinstance.py:1284} INFO - Starting attempt 1 of 6
[2023-01-18T14:05:55.968+0000] {taskinstance.py:1285} INFO - 
--------------------------------------------------------------------------------
[2023-01-18T14:05:55.978+0000] {taskinstance.py:1304} INFO - Executing <Task(PythonOperator): read_excel_file> on 2023-01-18 14:05:54.647572+00:00
[2023-01-18T14:05:55.985+0000] {standard_task_runner.py:55} INFO - Started process 19752 to run task
[2023-01-18T14:05:55.989+0000] {standard_task_runner.py:82} INFO - Running: ['***', 'tasks', 'run', 'pc_data_dag', 'read_excel_file', 'manual__2023-01-18T14:05:54.647572+00:00', '--job-id', '1741', '--raw', '--subdir', 'DAGS_FOLDER/create_dag_with_operator.py', '--cfg-path', '/tmp/tmpvfbsqef8']
[2023-01-18T14:05:55.992+0000] {standard_task_runner.py:83} INFO - Job 1741: Subtask read_excel_file
[2023-01-18T14:05:56.059+0000] {task_command.py:389} INFO - Running <TaskInstance: pc_data_dag.read_excel_file manual__2023-01-18T14:05:54.647572+00:00 [running]> on host 7af0b5bef0dd
[2023-01-18T14:05:56.124+0000] {taskinstance.py:1513} INFO - Exporting the following env vars:
AIRFLOW_CTX_DAG_OWNER=malo
AIRFLOW_CTX_DAG_ID=pc_data_dag
AIRFLOW_CTX_TASK_ID=read_excel_file
AIRFLOW_CTX_EXECUTION_DATE=2023-01-18T14:05:54.647572+00:00
AIRFLOW_CTX_TRY_NUMBER=1
AIRFLOW_CTX_DAG_RUN_ID=manual__2023-01-18T14:05:54.647572+00:00
[2023-01-18T14:05:56.126+0000] {logging_mixin.py:137} INFO - Begin Projedct
[2023-01-18T14:06:40.074+0000] {logging_mixin.py:137} INFO - Index(['index', 'orgid', 'name', 'website', 'country', 'description',
       'founded', 'industry', 'noemployee'],
      dtype='object')
[2023-01-18T14:06:40.084+0000] {logging_mixin.py:137} INFO - connected
[2023-01-18T14:06:57.210+0000] {logging_mixin.py:137} INFO - inserted to database
[2023-01-18T14:06:57.330+0000] {python.py:177} INFO - Done. Returned value was: None
[2023-01-18T14:06:57.348+0000] {taskinstance.py:1327} INFO - Marking task as SUCCESS. dag_id=pc_data_dag, task_id=read_excel_file, execution_date=20230118T140554, start_date=20230118T140555, end_date=20230118T140657
[2023-01-18T14:06:57.478+0000] {local_task_job.py:159} INFO - Task exited with return code 0
[2023-01-18T14:06:57.512+0000] {taskinstance.py:2582} INFO - 1 downstream tasks scheduled from follow-on schedule check
