[2023-01-12T09:23:26.701+0000] {taskinstance.py:1087} INFO - Dependencies all met for <TaskInstance: our_first_dag.first_task scheduled__2023-01-01T00:00:00+00:00 [queued]>
[2023-01-12T09:23:26.715+0000] {taskinstance.py:1087} INFO - Dependencies all met for <TaskInstance: our_first_dag.first_task scheduled__2023-01-01T00:00:00+00:00 [queued]>
[2023-01-12T09:23:26.716+0000] {taskinstance.py:1283} INFO - 
--------------------------------------------------------------------------------
[2023-01-12T09:23:26.717+0000] {taskinstance.py:1284} INFO - Starting attempt 1 of 6
[2023-01-12T09:23:26.718+0000] {taskinstance.py:1285} INFO - 
--------------------------------------------------------------------------------
[2023-01-12T09:23:26.746+0000] {taskinstance.py:1304} INFO - Executing <Task(BashOperator): first_task> on 2023-01-01 00:00:00+00:00
[2023-01-12T09:23:26.751+0000] {standard_task_runner.py:55} INFO - Started process 6726 to run task
[2023-01-12T09:23:26.761+0000] {standard_task_runner.py:82} INFO - Running: ['***', 'tasks', 'run', 'our_first_dag', 'first_task', 'scheduled__2023-01-01T00:00:00+00:00', '--job-id', '523', '--raw', '--subdir', 'DAGS_FOLDER/our_first_dag.py', '--cfg-path', '/tmp/tmpac1hpwjx']
[2023-01-12T09:23:26.770+0000] {standard_task_runner.py:83} INFO - Job 523: Subtask first_task
[2023-01-12T09:23:26.946+0000] {task_command.py:389} INFO - Running <TaskInstance: our_first_dag.first_task scheduled__2023-01-01T00:00:00+00:00 [running]> on host aa6ae62f6248
[2023-01-12T09:23:27.109+0000] {taskinstance.py:1513} INFO - Exporting the following env vars:
AIRFLOW_CTX_DAG_OWNER=malo
AIRFLOW_CTX_DAG_ID=our_first_dag
AIRFLOW_CTX_TASK_ID=first_task
AIRFLOW_CTX_EXECUTION_DATE=2023-01-01T00:00:00+00:00
AIRFLOW_CTX_TRY_NUMBER=1
AIRFLOW_CTX_DAG_RUN_ID=scheduled__2023-01-01T00:00:00+00:00
[2023-01-12T09:23:27.111+0000] {subprocess.py:63} INFO - Tmp dir root location: 
 /tmp
[2023-01-12T09:23:27.112+0000] {subprocess.py:75} INFO - Running command: ['/bin/bash', '-c', 'echo hello word we are here now']
[2023-01-12T09:23:27.136+0000] {subprocess.py:86} INFO - Output:
[2023-01-12T09:23:27.140+0000] {subprocess.py:93} INFO - hello word we are here now
[2023-01-12T09:23:27.141+0000] {subprocess.py:97} INFO - Command exited with return code 0
[2023-01-12T09:23:27.190+0000] {taskinstance.py:1327} INFO - Marking task as SUCCESS. dag_id=our_first_dag, task_id=first_task, execution_date=20230101T000000, start_date=20230112T092326, end_date=20230112T092327
[2023-01-12T09:23:27.253+0000] {local_task_job.py:159} INFO - Task exited with return code 0
[2023-01-12T09:23:27.279+0000] {taskinstance.py:2582} INFO - 0 downstream tasks scheduled from follow-on schedule check
