[2023-01-12T09:36:40.715+0000] {taskinstance.py:1087} INFO - Dependencies all met for <TaskInstance: our_first_dagV2.second_task scheduled__2022-09-09T00:00:00+00:00 [queued]>
[2023-01-12T09:36:40.723+0000] {taskinstance.py:1087} INFO - Dependencies all met for <TaskInstance: our_first_dagV2.second_task scheduled__2022-09-09T00:00:00+00:00 [queued]>
[2023-01-12T09:36:40.724+0000] {taskinstance.py:1283} INFO - 
--------------------------------------------------------------------------------
[2023-01-12T09:36:40.725+0000] {taskinstance.py:1284} INFO - Starting attempt 1 of 6
[2023-01-12T09:36:40.725+0000] {taskinstance.py:1285} INFO - 
--------------------------------------------------------------------------------
[2023-01-12T09:36:40.735+0000] {taskinstance.py:1304} INFO - Executing <Task(BashOperator): second_task> on 2022-09-09 00:00:00+00:00
[2023-01-12T09:36:40.739+0000] {standard_task_runner.py:55} INFO - Started process 3074 to run task
[2023-01-12T09:36:40.743+0000] {standard_task_runner.py:82} INFO - Running: ['***', 'tasks', 'run', 'our_first_dagV2', 'second_task', 'scheduled__2022-09-09T00:00:00+00:00', '--job-id', '1349', '--raw', '--subdir', 'DAGS_FOLDER/our_first_dag.py', '--cfg-path', '/tmp/tmpqlw2t2e8']
[2023-01-12T09:36:40.744+0000] {standard_task_runner.py:83} INFO - Job 1349: Subtask second_task
[2023-01-12T09:36:40.808+0000] {task_command.py:389} INFO - Running <TaskInstance: our_first_dagV2.second_task scheduled__2022-09-09T00:00:00+00:00 [running]> on host aa6ae62f6248
[2023-01-12T09:36:40.876+0000] {taskinstance.py:1513} INFO - Exporting the following env vars:
AIRFLOW_CTX_DAG_OWNER=malo
AIRFLOW_CTX_DAG_ID=our_first_dagV2
AIRFLOW_CTX_TASK_ID=second_task
AIRFLOW_CTX_EXECUTION_DATE=2022-09-09T00:00:00+00:00
AIRFLOW_CTX_TRY_NUMBER=1
AIRFLOW_CTX_DAG_RUN_ID=scheduled__2022-09-09T00:00:00+00:00
[2023-01-12T09:36:40.877+0000] {subprocess.py:63} INFO - Tmp dir root location: 
 /tmp
[2023-01-12T09:36:40.878+0000] {subprocess.py:75} INFO - Running command: ['/bin/bash', '-c', 'echo hello world task 2']
[2023-01-12T09:36:40.887+0000] {subprocess.py:86} INFO - Output:
[2023-01-12T09:36:40.890+0000] {subprocess.py:93} INFO - hello world task 2
[2023-01-12T09:36:40.890+0000] {subprocess.py:97} INFO - Command exited with return code 0
[2023-01-12T09:36:40.917+0000] {taskinstance.py:1327} INFO - Marking task as SUCCESS. dag_id=our_first_dagV2, task_id=second_task, execution_date=20220909T000000, start_date=20230112T093640, end_date=20230112T093640
[2023-01-12T09:36:40.955+0000] {local_task_job.py:159} INFO - Task exited with return code 0
[2023-01-12T09:36:40.973+0000] {taskinstance.py:2582} INFO - 0 downstream tasks scheduled from follow-on schedule check
