[2023-01-18T09:45:53.484+0000] {taskinstance.py:1087} INFO - Dependencies all met for <TaskInstance: our_dag_with_python_operator_v01.pull_data manual__2023-01-18T09:43:21.653668+00:00 [queued]>
[2023-01-18T09:45:53.495+0000] {taskinstance.py:1087} INFO - Dependencies all met for <TaskInstance: our_dag_with_python_operator_v01.pull_data manual__2023-01-18T09:43:21.653668+00:00 [queued]>
[2023-01-18T09:45:53.496+0000] {taskinstance.py:1283} INFO - 
--------------------------------------------------------------------------------
[2023-01-18T09:45:53.497+0000] {taskinstance.py:1284} INFO - Starting attempt 2 of 7
[2023-01-18T09:45:53.497+0000] {taskinstance.py:1285} INFO - 
--------------------------------------------------------------------------------
[2023-01-18T09:45:53.510+0000] {taskinstance.py:1304} INFO - Executing <Task(PythonOperator): pull_data> on 2023-01-18 09:43:21.653668+00:00
[2023-01-18T09:45:53.517+0000] {standard_task_runner.py:55} INFO - Started process 4810 to run task
[2023-01-18T09:45:53.526+0000] {standard_task_runner.py:82} INFO - Running: ['***', 'tasks', 'run', 'our_dag_with_python_operator_v01', 'pull_data', 'manual__2023-01-18T09:43:21.653668+00:00', '--job-id', '1709', '--raw', '--subdir', 'DAGS_FOLDER/create_dag_with_operator.py', '--cfg-path', '/tmp/tmptcf0d1yv']
[2023-01-18T09:45:53.531+0000] {standard_task_runner.py:83} INFO - Job 1709: Subtask pull_data
[2023-01-18T09:45:53.649+0000] {task_command.py:389} INFO - Running <TaskInstance: our_dag_with_python_operator_v01.pull_data manual__2023-01-18T09:43:21.653668+00:00 [running]> on host 7af0b5bef0dd
[2023-01-18T09:45:53.733+0000] {taskinstance.py:1513} INFO - Exporting the following env vars:
AIRFLOW_CTX_DAG_OWNER=malo
AIRFLOW_CTX_DAG_ID=our_dag_with_python_operator_v01
AIRFLOW_CTX_TASK_ID=pull_data
AIRFLOW_CTX_EXECUTION_DATE=2023-01-18T09:43:21.653668+00:00
AIRFLOW_CTX_TRY_NUMBER=2
AIRFLOW_CTX_DAG_RUN_ID=manual__2023-01-18T09:43:21.653668+00:00
[2023-01-18T09:45:53.745+0000] {logging_mixin.py:137} INFO - connected
[2023-01-18T09:45:54.353+0000] {logging_mixin.py:137} INFO -            country                        industry  totalemployees
0      Afghanistan                      Accounting         85694.0
1      Afghanistan             Airlines / Aviation         69963.0
2      Afghanistan  Alternative Dispute Resolution         95411.0
3      Afghanistan            Alternative Medicine         60776.0
4      Afghanistan                       Animation        102172.0
...            ...                             ...             ...
35716     Zimbabwe                     Warehousing         82957.0
35717     Zimbabwe                       Wholesale         77179.0
35718     Zimbabwe                  Wine / Spirits         47754.0
35719     Zimbabwe                        Wireless        105176.0
35720     Zimbabwe               Writing / Editing         56938.0

[35721 rows x 3 columns]
[2023-01-18T09:45:54.358+0000] {python.py:177} INFO - Done. Returned value was: None
[2023-01-18T09:45:54.375+0000] {taskinstance.py:1327} INFO - Marking task as SUCCESS. dag_id=our_dag_with_python_operator_v01, task_id=pull_data, execution_date=20230118T094321, start_date=20230118T094553, end_date=20230118T094554
[2023-01-18T09:45:54.424+0000] {local_task_job.py:159} INFO - Task exited with return code 0
[2023-01-18T09:45:54.442+0000] {taskinstance.py:2582} INFO - 0 downstream tasks scheduled from follow-on schedule check
