[2023-01-18T09:43:22.550+0000] {taskinstance.py:1087} INFO - Dependencies all met for <TaskInstance: our_dag_with_python_operator_v01.pull_data manual__2023-01-18T09:43:21.653668+00:00 [queued]>
[2023-01-18T09:43:22.561+0000] {taskinstance.py:1087} INFO - Dependencies all met for <TaskInstance: our_dag_with_python_operator_v01.pull_data manual__2023-01-18T09:43:21.653668+00:00 [queued]>
[2023-01-18T09:43:22.562+0000] {taskinstance.py:1283} INFO - 
--------------------------------------------------------------------------------
[2023-01-18T09:43:22.563+0000] {taskinstance.py:1284} INFO - Starting attempt 1 of 6
[2023-01-18T09:43:22.563+0000] {taskinstance.py:1285} INFO - 
--------------------------------------------------------------------------------
[2023-01-18T09:43:22.576+0000] {taskinstance.py:1304} INFO - Executing <Task(PythonOperator): pull_data> on 2023-01-18 09:43:21.653668+00:00
[2023-01-18T09:43:22.583+0000] {standard_task_runner.py:55} INFO - Started process 4647 to run task
[2023-01-18T09:43:22.590+0000] {standard_task_runner.py:82} INFO - Running: ['***', 'tasks', 'run', 'our_dag_with_python_operator_v01', 'pull_data', 'manual__2023-01-18T09:43:21.653668+00:00', '--job-id', '1707', '--raw', '--subdir', 'DAGS_FOLDER/create_dag_with_operator.py', '--cfg-path', '/tmp/tmpmmxczp8b']
[2023-01-18T09:43:22.592+0000] {standard_task_runner.py:83} INFO - Job 1707: Subtask pull_data
[2023-01-18T09:43:22.664+0000] {task_command.py:389} INFO - Running <TaskInstance: our_dag_with_python_operator_v01.pull_data manual__2023-01-18T09:43:21.653668+00:00 [running]> on host 7af0b5bef0dd
[2023-01-18T09:43:22.748+0000] {taskinstance.py:1513} INFO - Exporting the following env vars:
AIRFLOW_CTX_DAG_OWNER=malo
AIRFLOW_CTX_DAG_ID=our_dag_with_python_operator_v01
AIRFLOW_CTX_TASK_ID=pull_data
AIRFLOW_CTX_EXECUTION_DATE=2023-01-18T09:43:21.653668+00:00
AIRFLOW_CTX_TRY_NUMBER=1
AIRFLOW_CTX_DAG_RUN_ID=manual__2023-01-18T09:43:21.653668+00:00
[2023-01-18T09:43:22.758+0000] {logging_mixin.py:137} INFO - connected
[2023-01-18T09:43:23.519+0000] {logging_mixin.py:137} INFO -             sum      country                        industry
0       85694.0  Afghanistan                      Accounting
1       69963.0  Afghanistan             Airlines / Aviation
2       95411.0  Afghanistan  Alternative Dispute Resolution
3       60776.0  Afghanistan            Alternative Medicine
4      102172.0  Afghanistan                       Animation
...         ...          ...                             ...
35716   82957.0     Zimbabwe                     Warehousing
35717   77179.0     Zimbabwe                       Wholesale
35718   47754.0     Zimbabwe                  Wine / Spirits
35719  105176.0     Zimbabwe                        Wireless
35720   56938.0     Zimbabwe               Writing / Editing

[35721 rows x 3 columns]
[2023-01-18T09:43:23.524+0000] {python.py:177} INFO - Done. Returned value was: None
[2023-01-18T09:43:23.536+0000] {taskinstance.py:1327} INFO - Marking task as SUCCESS. dag_id=our_dag_with_python_operator_v01, task_id=pull_data, execution_date=20230118T094321, start_date=20230118T094322, end_date=20230118T094323
[2023-01-18T09:43:23.613+0000] {local_task_job.py:159} INFO - Task exited with return code 0
[2023-01-18T09:43:23.632+0000] {taskinstance.py:2582} INFO - 0 downstream tasks scheduled from follow-on schedule check
