[2023-01-19T09:37:21.610+0000] {taskinstance.py:1087} INFO - Dependencies all met for <TaskInstance: pc_data_dag.read_excel_file manual__2023-01-19T09:37:15.153169+00:00 [queued]>
[2023-01-19T09:37:21.618+0000] {taskinstance.py:1087} INFO - Dependencies all met for <TaskInstance: pc_data_dag.read_excel_file manual__2023-01-19T09:37:15.153169+00:00 [queued]>
[2023-01-19T09:37:21.619+0000] {taskinstance.py:1283} INFO - 
--------------------------------------------------------------------------------
[2023-01-19T09:37:21.620+0000] {taskinstance.py:1284} INFO - Starting attempt 1 of 6
[2023-01-19T09:37:21.620+0000] {taskinstance.py:1285} INFO - 
--------------------------------------------------------------------------------
[2023-01-19T09:37:21.631+0000] {taskinstance.py:1304} INFO - Executing <Task(PythonOperator): read_excel_file> on 2023-01-19 09:37:15.153169+00:00
[2023-01-19T09:37:21.637+0000] {standard_task_runner.py:55} INFO - Started process 889 to run task
[2023-01-19T09:37:21.642+0000] {standard_task_runner.py:82} INFO - Running: ['***', 'tasks', 'run', 'pc_data_dag', 'read_excel_file', 'manual__2023-01-19T09:37:15.153169+00:00', '--job-id', '1785', '--raw', '--subdir', 'DAGS_FOLDER/create_dag_with_operator.py', '--cfg-path', '/tmp/tmpjc5ro608']
[2023-01-19T09:37:21.645+0000] {standard_task_runner.py:83} INFO - Job 1785: Subtask read_excel_file
[2023-01-19T09:37:21.716+0000] {task_command.py:389} INFO - Running <TaskInstance: pc_data_dag.read_excel_file manual__2023-01-19T09:37:15.153169+00:00 [running]> on host 742349a45a57
[2023-01-19T09:37:21.780+0000] {taskinstance.py:1513} INFO - Exporting the following env vars:
AIRFLOW_CTX_DAG_OWNER=malo
AIRFLOW_CTX_DAG_ID=pc_data_dag
AIRFLOW_CTX_TASK_ID=read_excel_file
AIRFLOW_CTX_EXECUTION_DATE=2023-01-19T09:37:15.153169+00:00
AIRFLOW_CTX_TRY_NUMBER=1
AIRFLOW_CTX_DAG_RUN_ID=manual__2023-01-19T09:37:15.153169+00:00
[2023-01-19T09:37:21.782+0000] {logging_mixin.py:137} INFO - Begin Projedct
[2023-01-19T09:38:18.719+0000] {logging_mixin.py:137} INFO - Index(['index', 'orgid', 'name', 'website', 'country', 'description',
       'founded', 'industry', 'noemployee'],
      dtype='object')
[2023-01-19T09:38:18.755+0000] {logging_mixin.py:137} INFO - connected
[2023-01-19T09:38:45.970+0000] {logging_mixin.py:137} INFO - inserted to database
[2023-01-19T09:38:46.148+0000] {python.py:177} INFO - Done. Returned value was: None
[2023-01-19T09:38:46.200+0000] {taskinstance.py:1327} INFO - Marking task as SUCCESS. dag_id=pc_data_dag, task_id=read_excel_file, execution_date=20230119T093715, start_date=20230119T093721, end_date=20230119T093846
[2023-01-19T09:38:46.440+0000] {local_task_job.py:159} INFO - Task exited with return code 0
[2023-01-19T09:38:46.526+0000] {taskinstance.py:2582} INFO - 0 downstream tasks scheduled from follow-on schedule check
