[2023-01-17T13:04:26.518+0000] {taskinstance.py:1087} INFO - Dependencies all met for <TaskInstance: our_dag_with_python_operator_v01.great scheduled__2023-01-16T00:00:00+00:00 [queued]>
[2023-01-17T13:04:26.526+0000] {taskinstance.py:1087} INFO - Dependencies all met for <TaskInstance: our_dag_with_python_operator_v01.great scheduled__2023-01-16T00:00:00+00:00 [queued]>
[2023-01-17T13:04:26.527+0000] {taskinstance.py:1283} INFO - 
--------------------------------------------------------------------------------
[2023-01-17T13:04:26.527+0000] {taskinstance.py:1284} INFO - Starting attempt 2 of 6
[2023-01-17T13:04:26.528+0000] {taskinstance.py:1285} INFO - 
--------------------------------------------------------------------------------
[2023-01-17T13:04:26.540+0000] {taskinstance.py:1304} INFO - Executing <Task(PythonOperator): great> on 2023-01-16 00:00:00+00:00
[2023-01-17T13:04:26.545+0000] {standard_task_runner.py:55} INFO - Started process 389 to run task
[2023-01-17T13:04:26.550+0000] {standard_task_runner.py:82} INFO - Running: ['***', 'tasks', 'run', 'our_dag_with_python_operator_v01', 'great', 'scheduled__2023-01-16T00:00:00+00:00', '--job-id', '1646', '--raw', '--subdir', 'DAGS_FOLDER/create_dag_with_operator.py', '--cfg-path', '/tmp/tmpw94_tlc1']
[2023-01-17T13:04:26.552+0000] {standard_task_runner.py:83} INFO - Job 1646: Subtask great
[2023-01-17T13:04:26.619+0000] {task_command.py:389} INFO - Running <TaskInstance: our_dag_with_python_operator_v01.great scheduled__2023-01-16T00:00:00+00:00 [running]> on host 76023b3f850c
[2023-01-17T13:04:26.682+0000] {taskinstance.py:1513} INFO - Exporting the following env vars:
AIRFLOW_CTX_DAG_OWNER=malo
AIRFLOW_CTX_DAG_ID=our_dag_with_python_operator_v01
AIRFLOW_CTX_TASK_ID=great
AIRFLOW_CTX_EXECUTION_DATE=2023-01-16T00:00:00+00:00
AIRFLOW_CTX_TRY_NUMBER=2
AIRFLOW_CTX_DAG_RUN_ID=scheduled__2023-01-16T00:00:00+00:00
[2023-01-17T13:04:26.684+0000] {logging_mixin.py:137} INFO - Begin Projedct
[2023-01-17T13:05:14.397+0000] {logging_mixin.py:137} INFO -          Index  ... Number of employees
0            1  ...                2042
1            2  ...                6858
2            3  ...                3843
3            4  ...                1092
4            5  ...                2266
...        ...  ...                 ...
499995  499996  ...                5833
499996  499997  ...                7176
499997  499998  ...                2729
499998  499999  ...                9850
499999  500000  ...                2808

[500000 rows x 9 columns]
[2023-01-17T13:05:14.414+0000] {python.py:177} INFO - Done. Returned value was: None
[2023-01-17T13:05:14.428+0000] {taskinstance.py:1327} INFO - Marking task as SUCCESS. dag_id=our_dag_with_python_operator_v01, task_id=great, execution_date=20230116T000000, start_date=20230117T130426, end_date=20230117T130514
[2023-01-17T13:05:14.571+0000] {local_task_job.py:159} INFO - Task exited with return code 0
[2023-01-17T13:05:14.589+0000] {taskinstance.py:2582} INFO - 0 downstream tasks scheduled from follow-on schedule check
