[2023-01-17T12:59:23.789+0000] {taskinstance.py:1087} INFO - Dependencies all met for <TaskInstance: our_first_dagV2.first_task scheduled__2023-01-16T00:00:00+00:00 [queued]>
[2023-01-17T12:59:23.820+0000] {taskinstance.py:1087} INFO - Dependencies all met for <TaskInstance: our_first_dagV2.first_task scheduled__2023-01-16T00:00:00+00:00 [queued]>
[2023-01-17T12:59:23.821+0000] {taskinstance.py:1283} INFO - 
--------------------------------------------------------------------------------
[2023-01-17T12:59:23.821+0000] {taskinstance.py:1284} INFO - Starting attempt 1 of 6
[2023-01-17T12:59:23.822+0000] {taskinstance.py:1285} INFO - 
--------------------------------------------------------------------------------
[2023-01-17T12:59:23.863+0000] {taskinstance.py:1304} INFO - Executing <Task(BashOperator): first_task> on 2023-01-16 00:00:00+00:00
[2023-01-17T12:59:23.869+0000] {standard_task_runner.py:55} INFO - Started process 63 to run task
[2023-01-17T12:59:23.879+0000] {standard_task_runner.py:82} INFO - Running: ['***', 'tasks', 'run', 'our_first_dagV2', 'first_task', 'scheduled__2023-01-16T00:00:00+00:00', '--job-id', '1642', '--raw', '--subdir', 'DAGS_FOLDER/our_first_dag.py', '--cfg-path', '/tmp/tmp9p64qzp1']
[2023-01-17T12:59:23.882+0000] {standard_task_runner.py:83} INFO - Job 1642: Subtask first_task
[2023-01-17T12:59:24.030+0000] {task_command.py:389} INFO - Running <TaskInstance: our_first_dagV2.first_task scheduled__2023-01-16T00:00:00+00:00 [running]> on host 76023b3f850c
[2023-01-17T12:59:24.180+0000] {taskinstance.py:1513} INFO - Exporting the following env vars:
AIRFLOW_CTX_DAG_OWNER=malo
AIRFLOW_CTX_DAG_ID=our_first_dagV2
AIRFLOW_CTX_TASK_ID=first_task
AIRFLOW_CTX_EXECUTION_DATE=2023-01-16T00:00:00+00:00
AIRFLOW_CTX_TRY_NUMBER=1
AIRFLOW_CTX_DAG_RUN_ID=scheduled__2023-01-16T00:00:00+00:00
[2023-01-17T12:59:24.182+0000] {subprocess.py:63} INFO - Tmp dir root location: 
 /tmp
[2023-01-17T12:59:24.183+0000] {subprocess.py:75} INFO - Running command: ['/bin/bash', '-c', 'echo hello word we are here now']
[2023-01-17T12:59:24.208+0000] {subprocess.py:86} INFO - Output:
[2023-01-17T12:59:24.212+0000] {subprocess.py:93} INFO - hello word we are here now
[2023-01-17T12:59:24.213+0000] {subprocess.py:97} INFO - Command exited with return code 0
[2023-01-17T12:59:24.256+0000] {taskinstance.py:1327} INFO - Marking task as SUCCESS. dag_id=our_first_dagV2, task_id=first_task, execution_date=20230116T000000, start_date=20230117T125923, end_date=20230117T125924
[2023-01-17T12:59:24.329+0000] {local_task_job.py:159} INFO - Task exited with return code 0
[2023-01-17T12:59:24.362+0000] {taskinstance.py:2582} INFO - 2 downstream tasks scheduled from follow-on schedule check
