[2023-01-19T09:44:38.297+0000] {taskinstance.py:1087} INFO - Dependencies all met for <TaskInstance: pc_data_dag.insert_companiespercountry manual__2023-01-19T09:44:35.838422+00:00 [queued]>
[2023-01-19T09:44:38.340+0000] {taskinstance.py:1087} INFO - Dependencies all met for <TaskInstance: pc_data_dag.insert_companiespercountry manual__2023-01-19T09:44:35.838422+00:00 [queued]>
[2023-01-19T09:44:38.342+0000] {taskinstance.py:1283} INFO - 
--------------------------------------------------------------------------------
[2023-01-19T09:44:38.344+0000] {taskinstance.py:1284} INFO - Starting attempt 1 of 6
[2023-01-19T09:44:38.345+0000] {taskinstance.py:1285} INFO - 
--------------------------------------------------------------------------------
[2023-01-19T09:44:38.383+0000] {taskinstance.py:1304} INFO - Executing <Task(PythonOperator): insert_companiespercountry> on 2023-01-19 09:44:35.838422+00:00
[2023-01-19T09:44:38.394+0000] {standard_task_runner.py:55} INFO - Started process 1482 to run task
[2023-01-19T09:44:38.424+0000] {standard_task_runner.py:82} INFO - Running: ['***', 'tasks', 'run', 'pc_data_dag', 'insert_companiespercountry', 'manual__2023-01-19T09:44:35.838422+00:00', '--job-id', '1821', '--raw', '--subdir', 'DAGS_FOLDER/create_dag_with_operator.py', '--cfg-path', '/tmp/tmpxlzb9h7_']
[2023-01-19T09:44:38.428+0000] {standard_task_runner.py:83} INFO - Job 1821: Subtask insert_companiespercountry
[2023-01-19T09:44:38.582+0000] {task_command.py:389} INFO - Running <TaskInstance: pc_data_dag.insert_companiespercountry manual__2023-01-19T09:44:35.838422+00:00 [running]> on host 742349a45a57
[2023-01-19T09:44:38.770+0000] {taskinstance.py:1513} INFO - Exporting the following env vars:
AIRFLOW_CTX_DAG_OWNER=malo
AIRFLOW_CTX_DAG_ID=pc_data_dag
AIRFLOW_CTX_TASK_ID=insert_companiespercountry
AIRFLOW_CTX_EXECUTION_DATE=2023-01-19T09:44:35.838422+00:00
AIRFLOW_CTX_TRY_NUMBER=1
AIRFLOW_CTX_DAG_RUN_ID=manual__2023-01-19T09:44:35.838422+00:00
[2023-01-19T09:44:38.803+0000] {logging_mixin.py:137} INFO - connected
[2023-01-19T09:44:39.166+0000] {logging_mixin.py:137} INFO -                country  totalcompanies
0          Afghanistan            2080
1              Albania            2108
2              Algeria            2051
3       American Samoa            2043
4              Andorra            2079
..                 ...             ...
238  Wallis and Futuna            2068
239     Western Sahara            2118
240              Yemen            2023
241             Zambia            2073
242           Zimbabwe            2004

[243 rows x 2 columns]
[2023-01-19T09:44:39.324+0000] {logging_mixin.py:137} INFO - inserted to database
[2023-01-19T09:44:39.326+0000] {python.py:177} INFO - Done. Returned value was: None
[2023-01-19T09:44:39.343+0000] {taskinstance.py:1327} INFO - Marking task as SUCCESS. dag_id=pc_data_dag, task_id=insert_companiespercountry, execution_date=20230119T094435, start_date=20230119T094438, end_date=20230119T094439
[2023-01-19T09:44:39.419+0000] {local_task_job.py:159} INFO - Task exited with return code 0
[2023-01-19T09:44:39.452+0000] {taskinstance.py:2582} INFO - 0 downstream tasks scheduled from follow-on schedule check
