[2023-01-19T09:39:12.958+0000] {taskinstance.py:1087} INFO - Dependencies all met for <TaskInstance: pc_data_dag.insert_foundedcompanies manual__2023-01-19T09:37:34.306313+00:00 [queued]>
[2023-01-19T09:39:13.017+0000] {taskinstance.py:1087} INFO - Dependencies all met for <TaskInstance: pc_data_dag.insert_foundedcompanies manual__2023-01-19T09:37:34.306313+00:00 [queued]>
[2023-01-19T09:39:13.019+0000] {taskinstance.py:1283} INFO - 
--------------------------------------------------------------------------------
[2023-01-19T09:39:13.020+0000] {taskinstance.py:1284} INFO - Starting attempt 1 of 6
[2023-01-19T09:39:13.021+0000] {taskinstance.py:1285} INFO - 
--------------------------------------------------------------------------------
[2023-01-19T09:39:13.058+0000] {taskinstance.py:1304} INFO - Executing <Task(PythonOperator): insert_foundedcompanies> on 2023-01-19 09:37:34.306313+00:00
[2023-01-19T09:39:13.113+0000] {standard_task_runner.py:55} INFO - Started process 1055 to run task
[2023-01-19T09:39:13.164+0000] {standard_task_runner.py:82} INFO - Running: ['***', 'tasks', 'run', 'pc_data_dag', 'insert_foundedcompanies', 'manual__2023-01-19T09:37:34.306313+00:00', '--job-id', '1793', '--raw', '--subdir', 'DAGS_FOLDER/create_dag_with_operator.py', '--cfg-path', '/tmp/tmp4we6iz7p']
[2023-01-19T09:39:13.175+0000] {standard_task_runner.py:83} INFO - Job 1793: Subtask insert_foundedcompanies
[2023-01-19T09:39:13.582+0000] {task_command.py:389} INFO - Running <TaskInstance: pc_data_dag.insert_foundedcompanies manual__2023-01-19T09:37:34.306313+00:00 [running]> on host 742349a45a57
[2023-01-19T09:39:14.107+0000] {taskinstance.py:1513} INFO - Exporting the following env vars:
AIRFLOW_CTX_DAG_OWNER=malo
AIRFLOW_CTX_DAG_ID=pc_data_dag
AIRFLOW_CTX_TASK_ID=insert_foundedcompanies
AIRFLOW_CTX_EXECUTION_DATE=2023-01-19T09:37:34.306313+00:00
AIRFLOW_CTX_TRY_NUMBER=1
AIRFLOW_CTX_DAG_RUN_ID=manual__2023-01-19T09:37:34.306313+00:00
[2023-01-19T09:39:14.230+0000] {logging_mixin.py:137} INFO - connected
[2023-01-19T09:39:15.209+0000] {logging_mixin.py:137} INFO - Empty DataFrame
Columns: [founded, totalcompanies]
Index: []
[2023-01-19T09:39:15.400+0000] {logging_mixin.py:137} INFO - inserted to database
[2023-01-19T09:39:15.418+0000] {python.py:177} INFO - Done. Returned value was: None
[2023-01-19T09:39:15.467+0000] {taskinstance.py:1327} INFO - Marking task as SUCCESS. dag_id=pc_data_dag, task_id=insert_foundedcompanies, execution_date=20230119T093734, start_date=20230119T093912, end_date=20230119T093915
[2023-01-19T09:39:15.567+0000] {local_task_job.py:159} INFO - Task exited with return code 0
[2023-01-19T09:39:15.726+0000] {taskinstance.py:2582} INFO - 0 downstream tasks scheduled from follow-on schedule check
