[2023-01-19T10:47:43.492+0000] {taskinstance.py:1087} INFO - Dependencies all met for <TaskInstance: pc_data_dag.clean_tables manual__2023-01-19T10:47:42.077259+00:00 [queued]>
[2023-01-19T10:47:43.500+0000] {taskinstance.py:1087} INFO - Dependencies all met for <TaskInstance: pc_data_dag.clean_tables manual__2023-01-19T10:47:42.077259+00:00 [queued]>
[2023-01-19T10:47:43.501+0000] {taskinstance.py:1283} INFO - 
--------------------------------------------------------------------------------
[2023-01-19T10:47:43.502+0000] {taskinstance.py:1284} INFO - Starting attempt 1 of 6
[2023-01-19T10:47:43.502+0000] {taskinstance.py:1285} INFO - 
--------------------------------------------------------------------------------
[2023-01-19T10:47:43.511+0000] {taskinstance.py:1304} INFO - Executing <Task(PythonOperator): clean_tables> on 2023-01-19 10:47:42.077259+00:00
[2023-01-19T10:47:43.517+0000] {standard_task_runner.py:55} INFO - Started process 5586 to run task
[2023-01-19T10:47:43.522+0000] {standard_task_runner.py:82} INFO - Running: ['***', 'tasks', 'run', 'pc_data_dag', 'clean_tables', 'manual__2023-01-19T10:47:42.077259+00:00', '--job-id', '1843', '--raw', '--subdir', 'DAGS_FOLDER/create_dag_with_operator.py', '--cfg-path', '/tmp/tmp7d9p5beq']
[2023-01-19T10:47:43.524+0000] {standard_task_runner.py:83} INFO - Job 1843: Subtask clean_tables
[2023-01-19T10:47:43.586+0000] {task_command.py:389} INFO - Running <TaskInstance: pc_data_dag.clean_tables manual__2023-01-19T10:47:42.077259+00:00 [running]> on host 742349a45a57
[2023-01-19T10:47:43.639+0000] {taskinstance.py:1513} INFO - Exporting the following env vars:
AIRFLOW_CTX_DAG_OWNER=malo
AIRFLOW_CTX_DAG_ID=pc_data_dag
AIRFLOW_CTX_TASK_ID=clean_tables
AIRFLOW_CTX_EXECUTION_DATE=2023-01-19T10:47:42.077259+00:00
AIRFLOW_CTX_TRY_NUMBER=1
AIRFLOW_CTX_DAG_RUN_ID=manual__2023-01-19T10:47:42.077259+00:00
[2023-01-19T10:47:46.695+0000] {logging_mixin.py:137} INFO - connected
[2023-01-19T10:47:46.781+0000] {logging_mixin.py:137} INFO - table is truncated :companies
[2023-01-19T10:47:46.785+0000] {logging_mixin.py:137} INFO - table is truncated :foundedcompanies
[2023-01-19T10:47:46.793+0000] {logging_mixin.py:137} INFO - table is truncated :industryemployees
[2023-01-19T10:47:46.797+0000] {logging_mixin.py:137} INFO - table is truncated :countrycompanies
[2023-01-19T10:47:46.801+0000] {logging_mixin.py:137} INFO - table is truncated :countrymostemployees
[2023-01-19T10:47:46.802+0000] {python.py:177} INFO - Done. Returned value was: None
[2023-01-19T10:47:46.814+0000] {taskinstance.py:1327} INFO - Marking task as SUCCESS. dag_id=pc_data_dag, task_id=clean_tables, execution_date=20230119T104742, start_date=20230119T104743, end_date=20230119T104746
[2023-01-19T10:47:46.866+0000] {local_task_job.py:159} INFO - Task exited with return code 0
[2023-01-19T10:47:46.891+0000] {taskinstance.py:2582} INFO - 1 downstream tasks scheduled from follow-on schedule check
