[2023-01-18T10:06:31.533+0000] {taskinstance.py:1087} INFO - Dependencies all met for <TaskInstance: our_dag_with_python_operator_v01.insert_numberofemployeesindustry manual__2023-01-18T10:06:30.409261+00:00 [queued]>
[2023-01-18T10:06:31.541+0000] {taskinstance.py:1087} INFO - Dependencies all met for <TaskInstance: our_dag_with_python_operator_v01.insert_numberofemployeesindustry manual__2023-01-18T10:06:30.409261+00:00 [queued]>
[2023-01-18T10:06:31.541+0000] {taskinstance.py:1283} INFO - 
--------------------------------------------------------------------------------
[2023-01-18T10:06:31.542+0000] {taskinstance.py:1284} INFO - Starting attempt 1 of 6
[2023-01-18T10:06:31.543+0000] {taskinstance.py:1285} INFO - 
--------------------------------------------------------------------------------
[2023-01-18T10:06:31.553+0000] {taskinstance.py:1304} INFO - Executing <Task(PythonOperator): insert_numberofemployeesindustry> on 2023-01-18 10:06:30.409261+00:00
[2023-01-18T10:06:31.559+0000] {standard_task_runner.py:55} INFO - Started process 6169 to run task
[2023-01-18T10:06:31.565+0000] {standard_task_runner.py:82} INFO - Running: ['***', 'tasks', 'run', 'our_dag_with_python_operator_v01', 'insert_numberofemployeesindustry', 'manual__2023-01-18T10:06:30.409261+00:00', '--job-id', '1722', '--raw', '--subdir', 'DAGS_FOLDER/create_dag_with_operator.py', '--cfg-path', '/tmp/tmpsilgezfx']
[2023-01-18T10:06:31.568+0000] {standard_task_runner.py:83} INFO - Job 1722: Subtask insert_numberofemployeesindustry
[2023-01-18T10:06:31.637+0000] {task_command.py:389} INFO - Running <TaskInstance: our_dag_with_python_operator_v01.insert_numberofemployeesindustry manual__2023-01-18T10:06:30.409261+00:00 [running]> on host 7af0b5bef0dd
[2023-01-18T10:06:31.707+0000] {taskinstance.py:1513} INFO - Exporting the following env vars:
AIRFLOW_CTX_DAG_OWNER=malo
AIRFLOW_CTX_DAG_ID=our_dag_with_python_operator_v01
AIRFLOW_CTX_TASK_ID=insert_numberofemployeesindustry
AIRFLOW_CTX_EXECUTION_DATE=2023-01-18T10:06:30.409261+00:00
AIRFLOW_CTX_TRY_NUMBER=1
AIRFLOW_CTX_DAG_RUN_ID=manual__2023-01-18T10:06:30.409261+00:00
[2023-01-18T10:06:31.718+0000] {logging_mixin.py:137} INFO - connected
[2023-01-18T10:06:32.385+0000] {logging_mixin.py:137} INFO -            country                        industry  totalemployees
0      Afghanistan                      Accounting         85694.0
1      Afghanistan             Airlines / Aviation         69963.0
2      Afghanistan  Alternative Dispute Resolution         95411.0
3      Afghanistan            Alternative Medicine         60776.0
4      Afghanistan                       Animation        102172.0
...            ...                             ...             ...
35716     Zimbabwe                     Warehousing         82957.0
35717     Zimbabwe                       Wholesale         77179.0
35718     Zimbabwe                  Wine / Spirits         47754.0
35719     Zimbabwe                        Wireless        105176.0
35720     Zimbabwe               Writing / Editing         56938.0

[35721 rows x 3 columns]
[2023-01-18T10:06:33.043+0000] {logging_mixin.py:137} INFO - inserted to database
[2023-01-18T10:06:33.047+0000] {python.py:177} INFO - Done. Returned value was: None
[2023-01-18T10:06:33.060+0000] {taskinstance.py:1327} INFO - Marking task as SUCCESS. dag_id=our_dag_with_python_operator_v01, task_id=insert_numberofemployeesindustry, execution_date=20230118T100630, start_date=20230118T100631, end_date=20230118T100633
[2023-01-18T10:06:33.106+0000] {local_task_job.py:159} INFO - Task exited with return code 0
[2023-01-18T10:06:33.125+0000] {taskinstance.py:2582} INFO - 0 downstream tasks scheduled from follow-on schedule check
