[2023-01-12T09:37:53.809+0000] {taskinstance.py:1087} INFO - Dependencies all met for <TaskInstance: our_first_dagV2.first_task scheduled__2023-01-04T00:00:00+00:00 [queued]>
[2023-01-12T09:37:53.826+0000] {taskinstance.py:1087} INFO - Dependencies all met for <TaskInstance: our_first_dagV2.first_task scheduled__2023-01-04T00:00:00+00:00 [queued]>
[2023-01-12T09:37:53.827+0000] {taskinstance.py:1283} INFO - 
--------------------------------------------------------------------------------
[2023-01-12T09:37:53.828+0000] {taskinstance.py:1284} INFO - Starting attempt 1 of 6
[2023-01-12T09:37:53.828+0000] {taskinstance.py:1285} INFO - 
--------------------------------------------------------------------------------
[2023-01-12T09:37:53.863+0000] {taskinstance.py:1304} INFO - Executing <Task(BashOperator): first_task> on 2023-01-04 00:00:00+00:00
[2023-01-12T09:37:53.874+0000] {standard_task_runner.py:55} INFO - Started process 3838 to run task
[2023-01-12T09:37:53.884+0000] {standard_task_runner.py:82} INFO - Running: ['***', 'tasks', 'run', 'our_first_dagV2', 'first_task', 'scheduled__2023-01-04T00:00:00+00:00', '--job-id', '1580', '--raw', '--subdir', 'DAGS_FOLDER/our_first_dag.py', '--cfg-path', '/tmp/tmpj0n4goxr']
[2023-01-12T09:37:53.890+0000] {standard_task_runner.py:83} INFO - Job 1580: Subtask first_task
[2023-01-12T09:37:54.025+0000] {task_command.py:389} INFO - Running <TaskInstance: our_first_dagV2.first_task scheduled__2023-01-04T00:00:00+00:00 [running]> on host aa6ae62f6248
[2023-01-12T09:37:54.156+0000] {taskinstance.py:1513} INFO - Exporting the following env vars:
AIRFLOW_CTX_DAG_OWNER=malo
AIRFLOW_CTX_DAG_ID=our_first_dagV2
AIRFLOW_CTX_TASK_ID=first_task
AIRFLOW_CTX_EXECUTION_DATE=2023-01-04T00:00:00+00:00
AIRFLOW_CTX_TRY_NUMBER=1
AIRFLOW_CTX_DAG_RUN_ID=scheduled__2023-01-04T00:00:00+00:00
[2023-01-12T09:37:54.159+0000] {subprocess.py:63} INFO - Tmp dir root location: 
 /tmp
[2023-01-12T09:37:54.160+0000] {subprocess.py:75} INFO - Running command: ['/bin/bash', '-c', 'echo hello word we are here now']
[2023-01-12T09:37:54.186+0000] {subprocess.py:86} INFO - Output:
[2023-01-12T09:37:54.195+0000] {subprocess.py:93} INFO - hello word we are here now
[2023-01-12T09:37:54.197+0000] {subprocess.py:97} INFO - Command exited with return code 0
[2023-01-12T09:37:54.255+0000] {taskinstance.py:1327} INFO - Marking task as SUCCESS. dag_id=our_first_dagV2, task_id=first_task, execution_date=20230104T000000, start_date=20230112T093753, end_date=20230112T093754
[2023-01-12T09:37:54.354+0000] {local_task_job.py:159} INFO - Task exited with return code 0
[2023-01-12T09:37:54.421+0000] {taskinstance.py:2582} INFO - 1 downstream tasks scheduled from follow-on schedule check
