[2023-01-19T07:12:39.349+0000] {taskinstance.py:1087} INFO - Dependencies all met for <TaskInstance: pc_data_dag.read_excel_file scheduled__2023-01-18T00:00:00+00:00 [queued]>
[2023-01-19T07:12:39.357+0000] {taskinstance.py:1087} INFO - Dependencies all met for <TaskInstance: pc_data_dag.read_excel_file scheduled__2023-01-18T00:00:00+00:00 [queued]>
[2023-01-19T07:12:39.357+0000] {taskinstance.py:1283} INFO - 
--------------------------------------------------------------------------------
[2023-01-19T07:12:39.358+0000] {taskinstance.py:1284} INFO - Starting attempt 1 of 6
[2023-01-19T07:12:39.359+0000] {taskinstance.py:1285} INFO - 
--------------------------------------------------------------------------------
[2023-01-19T07:12:39.379+0000] {taskinstance.py:1304} INFO - Executing <Task(PythonOperator): read_excel_file> on 2023-01-18 00:00:00+00:00
[2023-01-19T07:12:39.390+0000] {standard_task_runner.py:55} INFO - Started process 69 to run task
[2023-01-19T07:12:39.397+0000] {standard_task_runner.py:82} INFO - Running: ['***', 'tasks', 'run', 'pc_data_dag', 'read_excel_file', 'scheduled__2023-01-18T00:00:00+00:00', '--job-id', '1748', '--raw', '--subdir', 'DAGS_FOLDER/create_dag_with_operator.py', '--cfg-path', '/tmp/tmpoi_5q6lk']
[2023-01-19T07:12:39.402+0000] {standard_task_runner.py:83} INFO - Job 1748: Subtask read_excel_file
[2023-01-19T07:12:39.519+0000] {task_command.py:389} INFO - Running <TaskInstance: pc_data_dag.read_excel_file scheduled__2023-01-18T00:00:00+00:00 [running]> on host 2bdaab779455
[2023-01-19T07:12:39.607+0000] {taskinstance.py:1513} INFO - Exporting the following env vars:
AIRFLOW_CTX_DAG_OWNER=malo
AIRFLOW_CTX_DAG_ID=pc_data_dag
AIRFLOW_CTX_TASK_ID=read_excel_file
AIRFLOW_CTX_EXECUTION_DATE=2023-01-18T00:00:00+00:00
AIRFLOW_CTX_TRY_NUMBER=1
AIRFLOW_CTX_DAG_RUN_ID=scheduled__2023-01-18T00:00:00+00:00
[2023-01-19T07:12:39.610+0000] {logging_mixin.py:137} INFO - Begin Projedct
[2023-01-19T07:13:17.604+0000] {logging_mixin.py:137} INFO - Index(['index', 'orgid', 'name', 'website', 'country', 'description',
       'founded', 'industry', 'noemployee'],
      dtype='object')
[2023-01-19T07:13:17.614+0000] {logging_mixin.py:137} INFO - connected
[2023-01-19T07:13:32.541+0000] {logging_mixin.py:137} INFO - inserted to database
[2023-01-19T07:13:32.642+0000] {python.py:177} INFO - Done. Returned value was: None
[2023-01-19T07:13:32.660+0000] {taskinstance.py:1327} INFO - Marking task as SUCCESS. dag_id=pc_data_dag, task_id=read_excel_file, execution_date=20230118T000000, start_date=20230119T071239, end_date=20230119T071332
[2023-01-19T07:13:32.740+0000] {local_task_job.py:159} INFO - Task exited with return code 0
[2023-01-19T07:13:32.770+0000] {taskinstance.py:2582} INFO - 1 downstream tasks scheduled from follow-on schedule check
