[2023-01-12T09:32:58.765+0000] {taskinstance.py:1087} INFO - Dependencies all met for <TaskInstance: our_first_dagV2.second_task scheduled__2021-08-17T00:00:00+00:00 [queued]>
[2023-01-12T09:32:58.788+0000] {taskinstance.py:1087} INFO - Dependencies all met for <TaskInstance: our_first_dagV2.second_task scheduled__2021-08-17T00:00:00+00:00 [queued]>
[2023-01-12T09:32:58.789+0000] {taskinstance.py:1283} INFO - 
--------------------------------------------------------------------------------
[2023-01-12T09:32:58.790+0000] {taskinstance.py:1284} INFO - Starting attempt 1 of 6
[2023-01-12T09:32:58.791+0000] {taskinstance.py:1285} INFO - 
--------------------------------------------------------------------------------
[2023-01-12T09:32:58.802+0000] {taskinstance.py:1304} INFO - Executing <Task(BashOperator): second_task> on 2021-08-17 00:00:00+00:00
[2023-01-12T09:32:58.809+0000] {standard_task_runner.py:55} INFO - Started process 555 to run task
[2023-01-12T09:32:58.825+0000] {standard_task_runner.py:82} INFO - Running: ['***', 'tasks', 'run', 'our_first_dagV2', 'second_task', 'scheduled__2021-08-17T00:00:00+00:00', '--job-id', '577', '--raw', '--subdir', 'DAGS_FOLDER/our_first_dag.py', '--cfg-path', '/tmp/tmp6jc1hbdh']
[2023-01-12T09:32:58.830+0000] {standard_task_runner.py:83} INFO - Job 577: Subtask second_task
[2023-01-12T09:32:59.035+0000] {task_command.py:389} INFO - Running <TaskInstance: our_first_dagV2.second_task scheduled__2021-08-17T00:00:00+00:00 [running]> on host aa6ae62f6248
[2023-01-12T09:32:59.188+0000] {taskinstance.py:1513} INFO - Exporting the following env vars:
AIRFLOW_CTX_DAG_OWNER=malo
AIRFLOW_CTX_DAG_ID=our_first_dagV2
AIRFLOW_CTX_TASK_ID=second_task
AIRFLOW_CTX_EXECUTION_DATE=2021-08-17T00:00:00+00:00
AIRFLOW_CTX_TRY_NUMBER=1
AIRFLOW_CTX_DAG_RUN_ID=scheduled__2021-08-17T00:00:00+00:00
[2023-01-12T09:32:59.190+0000] {subprocess.py:63} INFO - Tmp dir root location: 
 /tmp
[2023-01-12T09:32:59.190+0000] {subprocess.py:75} INFO - Running command: ['/bin/bash', '-c', 'echo hello world task 2']
[2023-01-12T09:32:59.232+0000] {subprocess.py:86} INFO - Output:
[2023-01-12T09:32:59.236+0000] {subprocess.py:93} INFO - hello world task 2
[2023-01-12T09:32:59.237+0000] {subprocess.py:97} INFO - Command exited with return code 0
[2023-01-12T09:32:59.321+0000] {taskinstance.py:1327} INFO - Marking task as SUCCESS. dag_id=our_first_dagV2, task_id=second_task, execution_date=20210817T000000, start_date=20230112T093258, end_date=20230112T093259
[2023-01-12T09:32:59.384+0000] {local_task_job.py:159} INFO - Task exited with return code 0
[2023-01-12T09:32:59.439+0000] {taskinstance.py:2582} INFO - 0 downstream tasks scheduled from follow-on schedule check
