[2023-01-19T09:30:11.934+0000] {taskinstance.py:1087} INFO - Dependencies all met for <TaskInstance: pc_data_dag.clean_tables manual__2023-01-19T09:30:10.396102+00:00 [queued]>
[2023-01-19T09:30:11.942+0000] {taskinstance.py:1087} INFO - Dependencies all met for <TaskInstance: pc_data_dag.clean_tables manual__2023-01-19T09:30:10.396102+00:00 [queued]>
[2023-01-19T09:30:11.943+0000] {taskinstance.py:1283} INFO - 
--------------------------------------------------------------------------------
[2023-01-19T09:30:11.943+0000] {taskinstance.py:1284} INFO - Starting attempt 1 of 6
[2023-01-19T09:30:11.944+0000] {taskinstance.py:1285} INFO - 
--------------------------------------------------------------------------------
[2023-01-19T09:30:11.954+0000] {taskinstance.py:1304} INFO - Executing <Task(PythonOperator): clean_tables> on 2023-01-19 09:30:10.396102+00:00
[2023-01-19T09:30:11.961+0000] {standard_task_runner.py:55} INFO - Started process 367 to run task
[2023-01-19T09:30:11.967+0000] {standard_task_runner.py:82} INFO - Running: ['***', 'tasks', 'run', 'pc_data_dag', 'clean_tables', 'manual__2023-01-19T09:30:10.396102+00:00', '--job-id', '1769', '--raw', '--subdir', 'DAGS_FOLDER/create_dag_with_operator.py', '--cfg-path', '/tmp/tmp123bu3wr']
[2023-01-19T09:30:11.970+0000] {standard_task_runner.py:83} INFO - Job 1769: Subtask clean_tables
[2023-01-19T09:30:12.049+0000] {task_command.py:389} INFO - Running <TaskInstance: pc_data_dag.clean_tables manual__2023-01-19T09:30:10.396102+00:00 [running]> on host 742349a45a57
[2023-01-19T09:30:12.125+0000] {taskinstance.py:1513} INFO - Exporting the following env vars:
AIRFLOW_CTX_DAG_OWNER=malo
AIRFLOW_CTX_DAG_ID=pc_data_dag
AIRFLOW_CTX_TASK_ID=clean_tables
AIRFLOW_CTX_EXECUTION_DATE=2023-01-19T09:30:10.396102+00:00
AIRFLOW_CTX_TRY_NUMBER=1
AIRFLOW_CTX_DAG_RUN_ID=manual__2023-01-19T09:30:10.396102+00:00
[2023-01-19T09:30:16.543+0000] {logging_mixin.py:137} INFO - connected
[2023-01-19T09:30:16.553+0000] {logging_mixin.py:137} INFO - Did not connect
[2023-01-19T09:30:16.555+0000] {python.py:177} INFO - Done. Returned value was: None
[2023-01-19T09:30:16.573+0000] {taskinstance.py:1327} INFO - Marking task as SUCCESS. dag_id=pc_data_dag, task_id=clean_tables, execution_date=20230119T093010, start_date=20230119T093011, end_date=20230119T093016
[2023-01-19T09:30:16.633+0000] {local_task_job.py:159} INFO - Task exited with return code 0
[2023-01-19T09:30:16.662+0000] {taskinstance.py:2582} INFO - 1 downstream tasks scheduled from follow-on schedule check
