[2023-01-12T09:37:34.456+0000] {taskinstance.py:1087} INFO - Dependencies all met for <TaskInstance: our_first_dagV2.first_task scheduled__2022-12-06T00:00:00+00:00 [queued]>
[2023-01-12T09:37:34.469+0000] {taskinstance.py:1087} INFO - Dependencies all met for <TaskInstance: our_first_dagV2.first_task scheduled__2022-12-06T00:00:00+00:00 [queued]>
[2023-01-12T09:37:34.470+0000] {taskinstance.py:1283} INFO - 
--------------------------------------------------------------------------------
[2023-01-12T09:37:34.471+0000] {taskinstance.py:1284} INFO - Starting attempt 1 of 6
[2023-01-12T09:37:34.473+0000] {taskinstance.py:1285} INFO - 
--------------------------------------------------------------------------------
[2023-01-12T09:37:34.489+0000] {taskinstance.py:1304} INFO - Executing <Task(BashOperator): first_task> on 2022-12-06 00:00:00+00:00
[2023-01-12T09:37:34.497+0000] {standard_task_runner.py:55} INFO - Started process 3641 to run task
[2023-01-12T09:37:34.513+0000] {standard_task_runner.py:82} INFO - Running: ['***', 'tasks', 'run', 'our_first_dagV2', 'first_task', 'scheduled__2022-12-06T00:00:00+00:00', '--job-id', '1522', '--raw', '--subdir', 'DAGS_FOLDER/our_first_dag.py', '--cfg-path', '/tmp/tmpi4sqzxsp']
[2023-01-12T09:37:34.516+0000] {standard_task_runner.py:83} INFO - Job 1522: Subtask first_task
[2023-01-12T09:37:34.717+0000] {task_command.py:389} INFO - Running <TaskInstance: our_first_dagV2.first_task scheduled__2022-12-06T00:00:00+00:00 [running]> on host aa6ae62f6248
[2023-01-12T09:37:34.853+0000] {taskinstance.py:1513} INFO - Exporting the following env vars:
AIRFLOW_CTX_DAG_OWNER=malo
AIRFLOW_CTX_DAG_ID=our_first_dagV2
AIRFLOW_CTX_TASK_ID=first_task
AIRFLOW_CTX_EXECUTION_DATE=2022-12-06T00:00:00+00:00
AIRFLOW_CTX_TRY_NUMBER=1
AIRFLOW_CTX_DAG_RUN_ID=scheduled__2022-12-06T00:00:00+00:00
[2023-01-12T09:37:34.854+0000] {subprocess.py:63} INFO - Tmp dir root location: 
 /tmp
[2023-01-12T09:37:34.855+0000] {subprocess.py:75} INFO - Running command: ['/bin/bash', '-c', 'echo hello word we are here now']
[2023-01-12T09:37:34.866+0000] {subprocess.py:86} INFO - Output:
[2023-01-12T09:37:34.869+0000] {subprocess.py:93} INFO - hello word we are here now
[2023-01-12T09:37:34.870+0000] {subprocess.py:97} INFO - Command exited with return code 0
[2023-01-12T09:37:34.913+0000] {taskinstance.py:1327} INFO - Marking task as SUCCESS. dag_id=our_first_dagV2, task_id=first_task, execution_date=20221206T000000, start_date=20230112T093734, end_date=20230112T093734
[2023-01-12T09:37:34.965+0000] {local_task_job.py:159} INFO - Task exited with return code 0
[2023-01-12T09:37:34.995+0000] {taskinstance.py:2582} INFO - 1 downstream tasks scheduled from follow-on schedule check
