[2023-01-12T09:22:13.020+0000] {taskinstance.py:1087} INFO - Dependencies all met for <TaskInstance: our_first_dag.first_task scheduled__2022-08-25T00:00:00+00:00 [queued]>
[2023-01-12T09:22:13.042+0000] {taskinstance.py:1087} INFO - Dependencies all met for <TaskInstance: our_first_dag.first_task scheduled__2022-08-25T00:00:00+00:00 [queued]>
[2023-01-12T09:22:13.043+0000] {taskinstance.py:1283} INFO - 
--------------------------------------------------------------------------------
[2023-01-12T09:22:13.044+0000] {taskinstance.py:1284} INFO - Starting attempt 1 of 6
[2023-01-12T09:22:13.045+0000] {taskinstance.py:1285} INFO - 
--------------------------------------------------------------------------------
[2023-01-12T09:22:13.067+0000] {taskinstance.py:1304} INFO - Executing <Task(BashOperator): first_task> on 2022-08-25 00:00:00+00:00
[2023-01-12T09:22:13.073+0000] {standard_task_runner.py:55} INFO - Started process 6270 to run task
[2023-01-12T09:22:13.090+0000] {standard_task_runner.py:82} INFO - Running: ['***', 'tasks', 'run', 'our_first_dag', 'first_task', 'scheduled__2022-08-25T00:00:00+00:00', '--job-id', '394', '--raw', '--subdir', 'DAGS_FOLDER/our_first_dag.py', '--cfg-path', '/tmp/tmpygwz2mo1']
[2023-01-12T09:22:13.095+0000] {standard_task_runner.py:83} INFO - Job 394: Subtask first_task
[2023-01-12T09:22:13.189+0000] {task_command.py:389} INFO - Running <TaskInstance: our_first_dag.first_task scheduled__2022-08-25T00:00:00+00:00 [running]> on host aa6ae62f6248
[2023-01-12T09:22:13.272+0000] {taskinstance.py:1513} INFO - Exporting the following env vars:
AIRFLOW_CTX_DAG_OWNER=malo
AIRFLOW_CTX_DAG_ID=our_first_dag
AIRFLOW_CTX_TASK_ID=first_task
AIRFLOW_CTX_EXECUTION_DATE=2022-08-25T00:00:00+00:00
AIRFLOW_CTX_TRY_NUMBER=1
AIRFLOW_CTX_DAG_RUN_ID=scheduled__2022-08-25T00:00:00+00:00
[2023-01-12T09:22:13.275+0000] {subprocess.py:63} INFO - Tmp dir root location: 
 /tmp
[2023-01-12T09:22:13.278+0000] {subprocess.py:75} INFO - Running command: ['/bin/bash', '-c', 'echo hello word we are here now']
[2023-01-12T09:22:13.292+0000] {subprocess.py:86} INFO - Output:
[2023-01-12T09:22:13.294+0000] {subprocess.py:93} INFO - hello word we are here now
[2023-01-12T09:22:13.296+0000] {subprocess.py:97} INFO - Command exited with return code 0
[2023-01-12T09:22:13.325+0000] {taskinstance.py:1327} INFO - Marking task as SUCCESS. dag_id=our_first_dag, task_id=first_task, execution_date=20220825T000000, start_date=20230112T092213, end_date=20230112T092213
[2023-01-12T09:22:13.376+0000] {local_task_job.py:159} INFO - Task exited with return code 0
[2023-01-12T09:22:13.392+0000] {taskinstance.py:2582} INFO - 0 downstream tasks scheduled from follow-on schedule check
