[2023-01-19T09:42:38.995+0000] {taskinstance.py:1087} INFO - Dependencies all met for <TaskInstance: pc_data_dag.clean_tables manual__2023-01-18T14:05:54.647572+00:00 [queued]>
[2023-01-19T09:42:39.003+0000] {taskinstance.py:1087} INFO - Dependencies all met for <TaskInstance: pc_data_dag.clean_tables manual__2023-01-18T14:05:54.647572+00:00 [queued]>
[2023-01-19T09:42:39.004+0000] {taskinstance.py:1283} INFO - 
--------------------------------------------------------------------------------
[2023-01-19T09:42:39.005+0000] {taskinstance.py:1284} INFO - Starting attempt 2 of 7
[2023-01-19T09:42:39.005+0000] {taskinstance.py:1285} INFO - 
--------------------------------------------------------------------------------
[2023-01-19T09:42:39.016+0000] {taskinstance.py:1304} INFO - Executing <Task(PythonOperator): clean_tables> on 2023-01-18 14:05:54.647572+00:00
[2023-01-19T09:42:39.022+0000] {standard_task_runner.py:55} INFO - Started process 1293 to run task
[2023-01-19T09:42:39.027+0000] {standard_task_runner.py:82} INFO - Running: ['***', 'tasks', 'run', 'pc_data_dag', 'clean_tables', 'manual__2023-01-18T14:05:54.647572+00:00', '--job-id', '1804', '--raw', '--subdir', 'DAGS_FOLDER/create_dag_with_operator.py', '--cfg-path', '/tmp/tmpmmxc861j']
[2023-01-19T09:42:39.029+0000] {standard_task_runner.py:83} INFO - Job 1804: Subtask clean_tables
[2023-01-19T09:42:39.100+0000] {task_command.py:389} INFO - Running <TaskInstance: pc_data_dag.clean_tables manual__2023-01-18T14:05:54.647572+00:00 [running]> on host 742349a45a57
[2023-01-19T09:42:39.197+0000] {taskinstance.py:1513} INFO - Exporting the following env vars:
AIRFLOW_CTX_DAG_OWNER=malo
AIRFLOW_CTX_DAG_ID=pc_data_dag
AIRFLOW_CTX_TASK_ID=clean_tables
AIRFLOW_CTX_EXECUTION_DATE=2023-01-18T14:05:54.647572+00:00
AIRFLOW_CTX_TRY_NUMBER=2
AIRFLOW_CTX_DAG_RUN_ID=manual__2023-01-18T14:05:54.647572+00:00
[2023-01-19T09:42:44.641+0000] {logging_mixin.py:137} INFO - connected
[2023-01-19T09:42:44.650+0000] {logging_mixin.py:137} INFO - table is truncated
[2023-01-19T09:42:44.651+0000] {python.py:177} INFO - Done. Returned value was: None
[2023-01-19T09:42:44.676+0000] {taskinstance.py:1327} INFO - Marking task as SUCCESS. dag_id=pc_data_dag, task_id=clean_tables, execution_date=20230118T140554, start_date=20230119T094238, end_date=20230119T094244
[2023-01-19T09:42:44.778+0000] {local_task_job.py:159} INFO - Task exited with return code 0
[2023-01-19T09:42:44.873+0000] {taskinstance.py:2582} INFO - 0 downstream tasks scheduled from follow-on schedule check
