[2023-01-12T09:36:31.582+0000] {taskinstance.py:1087} INFO - Dependencies all met for <TaskInstance: our_first_dagV2.first_task scheduled__2022-08-27T00:00:00+00:00 [queued]>
[2023-01-12T09:36:31.623+0000] {taskinstance.py:1087} INFO - Dependencies all met for <TaskInstance: our_first_dagV2.first_task scheduled__2022-08-27T00:00:00+00:00 [queued]>
[2023-01-12T09:36:31.624+0000] {taskinstance.py:1283} INFO - 
--------------------------------------------------------------------------------
[2023-01-12T09:36:31.625+0000] {taskinstance.py:1284} INFO - Starting attempt 1 of 6
[2023-01-12T09:36:31.626+0000] {taskinstance.py:1285} INFO - 
--------------------------------------------------------------------------------
[2023-01-12T09:36:31.684+0000] {taskinstance.py:1304} INFO - Executing <Task(BashOperator): first_task> on 2022-08-27 00:00:00+00:00
[2023-01-12T09:36:31.692+0000] {standard_task_runner.py:55} INFO - Started process 2970 to run task
[2023-01-12T09:36:31.722+0000] {standard_task_runner.py:82} INFO - Running: ['***', 'tasks', 'run', 'our_first_dagV2', 'first_task', 'scheduled__2022-08-27T00:00:00+00:00', '--job-id', '1318', '--raw', '--subdir', 'DAGS_FOLDER/our_first_dag.py', '--cfg-path', '/tmp/tmpz_gfx8i2']
[2023-01-12T09:36:31.726+0000] {standard_task_runner.py:83} INFO - Job 1318: Subtask first_task
[2023-01-12T09:36:31.862+0000] {task_command.py:389} INFO - Running <TaskInstance: our_first_dagV2.first_task scheduled__2022-08-27T00:00:00+00:00 [running]> on host aa6ae62f6248
[2023-01-12T09:36:32.028+0000] {taskinstance.py:1513} INFO - Exporting the following env vars:
AIRFLOW_CTX_DAG_OWNER=malo
AIRFLOW_CTX_DAG_ID=our_first_dagV2
AIRFLOW_CTX_TASK_ID=first_task
AIRFLOW_CTX_EXECUTION_DATE=2022-08-27T00:00:00+00:00
AIRFLOW_CTX_TRY_NUMBER=1
AIRFLOW_CTX_DAG_RUN_ID=scheduled__2022-08-27T00:00:00+00:00
[2023-01-12T09:36:32.034+0000] {subprocess.py:63} INFO - Tmp dir root location: 
 /tmp
[2023-01-12T09:36:32.039+0000] {subprocess.py:75} INFO - Running command: ['/bin/bash', '-c', 'echo hello word we are here now']
[2023-01-12T09:36:32.054+0000] {subprocess.py:86} INFO - Output:
[2023-01-12T09:36:32.058+0000] {subprocess.py:93} INFO - hello word we are here now
[2023-01-12T09:36:32.060+0000] {subprocess.py:97} INFO - Command exited with return code 0
[2023-01-12T09:36:32.094+0000] {taskinstance.py:1327} INFO - Marking task as SUCCESS. dag_id=our_first_dagV2, task_id=first_task, execution_date=20220827T000000, start_date=20230112T093631, end_date=20230112T093632
[2023-01-12T09:36:32.143+0000] {local_task_job.py:159} INFO - Task exited with return code 0
[2023-01-12T09:36:32.165+0000] {taskinstance.py:2582} INFO - 1 downstream tasks scheduled from follow-on schedule check
