[2023-01-12T09:34:34.895+0000] {taskinstance.py:1087} INFO - Dependencies all met for <TaskInstance: our_first_dagV2.second_task scheduled__2022-01-23T00:00:00+00:00 [queued]>
[2023-01-12T09:34:34.922+0000] {taskinstance.py:1087} INFO - Dependencies all met for <TaskInstance: our_first_dagV2.second_task scheduled__2022-01-23T00:00:00+00:00 [queued]>
[2023-01-12T09:34:34.923+0000] {taskinstance.py:1283} INFO - 
--------------------------------------------------------------------------------
[2023-01-12T09:34:34.925+0000] {taskinstance.py:1284} INFO - Starting attempt 1 of 6
[2023-01-12T09:34:34.926+0000] {taskinstance.py:1285} INFO - 
--------------------------------------------------------------------------------
[2023-01-12T09:34:34.955+0000] {taskinstance.py:1304} INFO - Executing <Task(BashOperator): second_task> on 2022-01-23 00:00:00+00:00
[2023-01-12T09:34:34.959+0000] {standard_task_runner.py:55} INFO - Started process 1586 to run task
[2023-01-12T09:34:34.981+0000] {standard_task_runner.py:82} INFO - Running: ['***', 'tasks', 'run', 'our_first_dagV2', 'second_task', 'scheduled__2022-01-23T00:00:00+00:00', '--job-id', '894', '--raw', '--subdir', 'DAGS_FOLDER/our_first_dag.py', '--cfg-path', '/tmp/tmpwjqh_e__']
[2023-01-12T09:34:34.982+0000] {standard_task_runner.py:83} INFO - Job 894: Subtask second_task
[2023-01-12T09:34:35.152+0000] {task_command.py:389} INFO - Running <TaskInstance: our_first_dagV2.second_task scheduled__2022-01-23T00:00:00+00:00 [running]> on host aa6ae62f6248
[2023-01-12T09:34:35.304+0000] {taskinstance.py:1513} INFO - Exporting the following env vars:
AIRFLOW_CTX_DAG_OWNER=malo
AIRFLOW_CTX_DAG_ID=our_first_dagV2
AIRFLOW_CTX_TASK_ID=second_task
AIRFLOW_CTX_EXECUTION_DATE=2022-01-23T00:00:00+00:00
AIRFLOW_CTX_TRY_NUMBER=1
AIRFLOW_CTX_DAG_RUN_ID=scheduled__2022-01-23T00:00:00+00:00
[2023-01-12T09:34:35.306+0000] {subprocess.py:63} INFO - Tmp dir root location: 
 /tmp
[2023-01-12T09:34:35.310+0000] {subprocess.py:75} INFO - Running command: ['/bin/bash', '-c', 'echo hello world task 2']
[2023-01-12T09:34:35.325+0000] {subprocess.py:86} INFO - Output:
[2023-01-12T09:34:35.329+0000] {subprocess.py:93} INFO - hello world task 2
[2023-01-12T09:34:35.330+0000] {subprocess.py:97} INFO - Command exited with return code 0
[2023-01-12T09:34:35.390+0000] {taskinstance.py:1327} INFO - Marking task as SUCCESS. dag_id=our_first_dagV2, task_id=second_task, execution_date=20220123T000000, start_date=20230112T093434, end_date=20230112T093435
[2023-01-12T09:34:35.449+0000] {local_task_job.py:159} INFO - Task exited with return code 0
[2023-01-12T09:34:35.476+0000] {taskinstance.py:2582} INFO - 0 downstream tasks scheduled from follow-on schedule check
