[2023-01-12T09:37:31.695+0000] {taskinstance.py:1087} INFO - Dependencies all met for <TaskInstance: our_first_dagV2.second_task scheduled__2022-12-02T00:00:00+00:00 [queued]>
[2023-01-12T09:37:31.702+0000] {taskinstance.py:1087} INFO - Dependencies all met for <TaskInstance: our_first_dagV2.second_task scheduled__2022-12-02T00:00:00+00:00 [queued]>
[2023-01-12T09:37:31.703+0000] {taskinstance.py:1283} INFO - 
--------------------------------------------------------------------------------
[2023-01-12T09:37:31.704+0000] {taskinstance.py:1284} INFO - Starting attempt 1 of 6
[2023-01-12T09:37:31.704+0000] {taskinstance.py:1285} INFO - 
--------------------------------------------------------------------------------
[2023-01-12T09:37:31.714+0000] {taskinstance.py:1304} INFO - Executing <Task(BashOperator): second_task> on 2022-12-02 00:00:00+00:00
[2023-01-12T09:37:31.718+0000] {standard_task_runner.py:55} INFO - Started process 3625 to run task
[2023-01-12T09:37:31.724+0000] {standard_task_runner.py:82} INFO - Running: ['***', 'tasks', 'run', 'our_first_dagV2', 'second_task', 'scheduled__2022-12-02T00:00:00+00:00', '--job-id', '1517', '--raw', '--subdir', 'DAGS_FOLDER/our_first_dag.py', '--cfg-path', '/tmp/tmpyzdfb67_']
[2023-01-12T09:37:31.726+0000] {standard_task_runner.py:83} INFO - Job 1517: Subtask second_task
[2023-01-12T09:37:31.791+0000] {task_command.py:389} INFO - Running <TaskInstance: our_first_dagV2.second_task scheduled__2022-12-02T00:00:00+00:00 [running]> on host aa6ae62f6248
[2023-01-12T09:37:31.856+0000] {taskinstance.py:1513} INFO - Exporting the following env vars:
AIRFLOW_CTX_DAG_OWNER=malo
AIRFLOW_CTX_DAG_ID=our_first_dagV2
AIRFLOW_CTX_TASK_ID=second_task
AIRFLOW_CTX_EXECUTION_DATE=2022-12-02T00:00:00+00:00
AIRFLOW_CTX_TRY_NUMBER=1
AIRFLOW_CTX_DAG_RUN_ID=scheduled__2022-12-02T00:00:00+00:00
[2023-01-12T09:37:31.858+0000] {subprocess.py:63} INFO - Tmp dir root location: 
 /tmp
[2023-01-12T09:37:31.858+0000] {subprocess.py:75} INFO - Running command: ['/bin/bash', '-c', 'echo hello world task 2']
[2023-01-12T09:37:31.868+0000] {subprocess.py:86} INFO - Output:
[2023-01-12T09:37:31.870+0000] {subprocess.py:93} INFO - hello world task 2
[2023-01-12T09:37:31.871+0000] {subprocess.py:97} INFO - Command exited with return code 0
[2023-01-12T09:37:31.897+0000] {taskinstance.py:1327} INFO - Marking task as SUCCESS. dag_id=our_first_dagV2, task_id=second_task, execution_date=20221202T000000, start_date=20230112T093731, end_date=20230112T093731
[2023-01-12T09:37:31.942+0000] {local_task_job.py:159} INFO - Task exited with return code 0
[2023-01-12T09:37:31.959+0000] {taskinstance.py:2582} INFO - 0 downstream tasks scheduled from follow-on schedule check
