[2023-01-12T09:35:35.568+0000] {taskinstance.py:1087} INFO - Dependencies all met for <TaskInstance: our_first_dagV2.second_task scheduled__2022-05-11T00:00:00+00:00 [queued]>
[2023-01-12T09:35:35.577+0000] {taskinstance.py:1087} INFO - Dependencies all met for <TaskInstance: our_first_dagV2.second_task scheduled__2022-05-11T00:00:00+00:00 [queued]>
[2023-01-12T09:35:35.578+0000] {taskinstance.py:1283} INFO - 
--------------------------------------------------------------------------------
[2023-01-12T09:35:35.579+0000] {taskinstance.py:1284} INFO - Starting attempt 1 of 6
[2023-01-12T09:35:35.580+0000] {taskinstance.py:1285} INFO - 
--------------------------------------------------------------------------------
[2023-01-12T09:35:35.591+0000] {taskinstance.py:1304} INFO - Executing <Task(BashOperator): second_task> on 2022-05-11 00:00:00+00:00
[2023-01-12T09:35:35.595+0000] {standard_task_runner.py:55} INFO - Started process 2299 to run task
[2023-01-12T09:35:35.605+0000] {standard_task_runner.py:82} INFO - Running: ['***', 'tasks', 'run', 'our_first_dagV2', 'second_task', 'scheduled__2022-05-11T00:00:00+00:00', '--job-id', '1111', '--raw', '--subdir', 'DAGS_FOLDER/our_first_dag.py', '--cfg-path', '/tmp/tmpdmmsgduw']
[2023-01-12T09:35:35.606+0000] {standard_task_runner.py:83} INFO - Job 1111: Subtask second_task
[2023-01-12T09:35:35.701+0000] {task_command.py:389} INFO - Running <TaskInstance: our_first_dagV2.second_task scheduled__2022-05-11T00:00:00+00:00 [running]> on host aa6ae62f6248
[2023-01-12T09:35:35.770+0000] {taskinstance.py:1513} INFO - Exporting the following env vars:
AIRFLOW_CTX_DAG_OWNER=malo
AIRFLOW_CTX_DAG_ID=our_first_dagV2
AIRFLOW_CTX_TASK_ID=second_task
AIRFLOW_CTX_EXECUTION_DATE=2022-05-11T00:00:00+00:00
AIRFLOW_CTX_TRY_NUMBER=1
AIRFLOW_CTX_DAG_RUN_ID=scheduled__2022-05-11T00:00:00+00:00
[2023-01-12T09:35:35.772+0000] {subprocess.py:63} INFO - Tmp dir root location: 
 /tmp
[2023-01-12T09:35:35.773+0000] {subprocess.py:75} INFO - Running command: ['/bin/bash', '-c', 'echo hello world task 2']
[2023-01-12T09:35:35.782+0000] {subprocess.py:86} INFO - Output:
[2023-01-12T09:35:35.784+0000] {subprocess.py:93} INFO - hello world task 2
[2023-01-12T09:35:35.785+0000] {subprocess.py:97} INFO - Command exited with return code 0
[2023-01-12T09:35:35.815+0000] {taskinstance.py:1327} INFO - Marking task as SUCCESS. dag_id=our_first_dagV2, task_id=second_task, execution_date=20220511T000000, start_date=20230112T093535, end_date=20230112T093535
[2023-01-12T09:35:35.852+0000] {local_task_job.py:159} INFO - Task exited with return code 0
[2023-01-12T09:35:35.869+0000] {taskinstance.py:2582} INFO - 0 downstream tasks scheduled from follow-on schedule check
