[2023-01-12T09:33:35.420+0000] {taskinstance.py:1087} INFO - Dependencies all met for <TaskInstance: our_first_dagV2.second_task scheduled__2021-10-18T00:00:00+00:00 [queued]>
[2023-01-12T09:33:35.439+0000] {taskinstance.py:1087} INFO - Dependencies all met for <TaskInstance: our_first_dagV2.second_task scheduled__2021-10-18T00:00:00+00:00 [queued]>
[2023-01-12T09:33:35.445+0000] {taskinstance.py:1283} INFO - 
--------------------------------------------------------------------------------
[2023-01-12T09:33:35.446+0000] {taskinstance.py:1284} INFO - Starting attempt 1 of 6
[2023-01-12T09:33:35.447+0000] {taskinstance.py:1285} INFO - 
--------------------------------------------------------------------------------
[2023-01-12T09:33:35.481+0000] {taskinstance.py:1304} INFO - Executing <Task(BashOperator): second_task> on 2021-10-18 00:00:00+00:00
[2023-01-12T09:33:35.487+0000] {standard_task_runner.py:55} INFO - Started process 947 to run task
[2023-01-12T09:33:35.510+0000] {standard_task_runner.py:82} INFO - Running: ['***', 'tasks', 'run', 'our_first_dagV2', 'second_task', 'scheduled__2021-10-18T00:00:00+00:00', '--job-id', '701', '--raw', '--subdir', 'DAGS_FOLDER/our_first_dag.py', '--cfg-path', '/tmp/tmpam0qb6xk']
[2023-01-12T09:33:35.512+0000] {standard_task_runner.py:83} INFO - Job 701: Subtask second_task
[2023-01-12T09:33:35.746+0000] {task_command.py:389} INFO - Running <TaskInstance: our_first_dagV2.second_task scheduled__2021-10-18T00:00:00+00:00 [running]> on host aa6ae62f6248
[2023-01-12T09:33:35.888+0000] {taskinstance.py:1513} INFO - Exporting the following env vars:
AIRFLOW_CTX_DAG_OWNER=malo
AIRFLOW_CTX_DAG_ID=our_first_dagV2
AIRFLOW_CTX_TASK_ID=second_task
AIRFLOW_CTX_EXECUTION_DATE=2021-10-18T00:00:00+00:00
AIRFLOW_CTX_TRY_NUMBER=1
AIRFLOW_CTX_DAG_RUN_ID=scheduled__2021-10-18T00:00:00+00:00
[2023-01-12T09:33:35.890+0000] {subprocess.py:63} INFO - Tmp dir root location: 
 /tmp
[2023-01-12T09:33:35.891+0000] {subprocess.py:75} INFO - Running command: ['/bin/bash', '-c', 'echo hello world task 2']
[2023-01-12T09:33:35.903+0000] {subprocess.py:86} INFO - Output:
[2023-01-12T09:33:35.906+0000] {subprocess.py:93} INFO - hello world task 2
[2023-01-12T09:33:35.907+0000] {subprocess.py:97} INFO - Command exited with return code 0
[2023-01-12T09:33:35.946+0000] {taskinstance.py:1327} INFO - Marking task as SUCCESS. dag_id=our_first_dagV2, task_id=second_task, execution_date=20211018T000000, start_date=20230112T093335, end_date=20230112T093335
[2023-01-12T09:33:35.987+0000] {local_task_job.py:159} INFO - Task exited with return code 0
[2023-01-12T09:33:36.010+0000] {taskinstance.py:2582} INFO - 0 downstream tasks scheduled from follow-on schedule check
