[2023-01-19T07:13:37.796+0000] {taskinstance.py:1087} INFO - Dependencies all met for <TaskInstance: pc_data_dag.insert_companiespercountry scheduled__2023-01-18T00:00:00+00:00 [queued]>
[2023-01-19T07:13:37.805+0000] {taskinstance.py:1087} INFO - Dependencies all met for <TaskInstance: pc_data_dag.insert_companiespercountry scheduled__2023-01-18T00:00:00+00:00 [queued]>
[2023-01-19T07:13:37.806+0000] {taskinstance.py:1283} INFO - 
--------------------------------------------------------------------------------
[2023-01-19T07:13:37.808+0000] {taskinstance.py:1284} INFO - Starting attempt 1 of 6
[2023-01-19T07:13:37.811+0000] {taskinstance.py:1285} INFO - 
--------------------------------------------------------------------------------
[2023-01-19T07:13:37.821+0000] {taskinstance.py:1304} INFO - Executing <Task(PythonOperator): insert_companiespercountry> on 2023-01-18 00:00:00+00:00
[2023-01-19T07:13:37.827+0000] {standard_task_runner.py:55} INFO - Started process 151 to run task
[2023-01-19T07:13:37.831+0000] {standard_task_runner.py:82} INFO - Running: ['***', 'tasks', 'run', 'pc_data_dag', 'insert_companiespercountry', 'scheduled__2023-01-18T00:00:00+00:00', '--job-id', '1753', '--raw', '--subdir', 'DAGS_FOLDER/create_dag_with_operator.py', '--cfg-path', '/tmp/tmpf8yghpj9']
[2023-01-19T07:13:37.833+0000] {standard_task_runner.py:83} INFO - Job 1753: Subtask insert_companiespercountry
[2023-01-19T07:13:37.890+0000] {task_command.py:389} INFO - Running <TaskInstance: pc_data_dag.insert_companiespercountry scheduled__2023-01-18T00:00:00+00:00 [running]> on host 2bdaab779455
[2023-01-19T07:13:37.945+0000] {taskinstance.py:1513} INFO - Exporting the following env vars:
AIRFLOW_CTX_DAG_OWNER=malo
AIRFLOW_CTX_DAG_ID=pc_data_dag
AIRFLOW_CTX_TASK_ID=insert_companiespercountry
AIRFLOW_CTX_EXECUTION_DATE=2023-01-18T00:00:00+00:00
AIRFLOW_CTX_TRY_NUMBER=1
AIRFLOW_CTX_DAG_RUN_ID=scheduled__2023-01-18T00:00:00+00:00
[2023-01-19T07:13:37.954+0000] {logging_mixin.py:137} INFO - connected
[2023-01-19T07:13:38.031+0000] {logging_mixin.py:137} INFO -                country  totalcompanies
0          Afghanistan            2080
1              Albania            2108
2              Algeria            2051
3       American Samoa            2043
4              Andorra            2079
..                 ...             ...
238  Wallis and Futuna            2068
239     Western Sahara            2118
240              Yemen            2023
241             Zambia            2073
242           Zimbabwe            2004

[243 rows x 2 columns]
[2023-01-19T07:13:38.064+0000] {logging_mixin.py:137} INFO - inserted to database
[2023-01-19T07:13:38.065+0000] {python.py:177} INFO - Done. Returned value was: None
[2023-01-19T07:13:38.075+0000] {taskinstance.py:1327} INFO - Marking task as SUCCESS. dag_id=pc_data_dag, task_id=insert_companiespercountry, execution_date=20230118T000000, start_date=20230119T071337, end_date=20230119T071338
[2023-01-19T07:13:38.123+0000] {local_task_job.py:159} INFO - Task exited with return code 0
[2023-01-19T07:13:38.142+0000] {taskinstance.py:2582} INFO - 0 downstream tasks scheduled from follow-on schedule check
