[2023-01-12T09:33:12.513+0000] {taskinstance.py:1087} INFO - Dependencies all met for <TaskInstance: our_first_dagV2.first_task scheduled__2021-09-13T00:00:00+00:00 [queued]>
[2023-01-12T09:33:12.556+0000] {taskinstance.py:1087} INFO - Dependencies all met for <TaskInstance: our_first_dagV2.first_task scheduled__2021-09-13T00:00:00+00:00 [queued]>
[2023-01-12T09:33:12.560+0000] {taskinstance.py:1283} INFO - 
--------------------------------------------------------------------------------
[2023-01-12T09:33:12.561+0000] {taskinstance.py:1284} INFO - Starting attempt 1 of 6
[2023-01-12T09:33:12.562+0000] {taskinstance.py:1285} INFO - 
--------------------------------------------------------------------------------
[2023-01-12T09:33:12.613+0000] {taskinstance.py:1304} INFO - Executing <Task(BashOperator): first_task> on 2021-09-13 00:00:00+00:00
[2023-01-12T09:33:12.632+0000] {standard_task_runner.py:55} INFO - Started process 700 to run task
[2023-01-12T09:33:12.664+0000] {standard_task_runner.py:82} INFO - Running: ['***', 'tasks', 'run', 'our_first_dagV2', 'first_task', 'scheduled__2021-09-13T00:00:00+00:00', '--job-id', '621', '--raw', '--subdir', 'DAGS_FOLDER/our_first_dag.py', '--cfg-path', '/tmp/tmpxvmgyo9s']
[2023-01-12T09:33:12.667+0000] {standard_task_runner.py:83} INFO - Job 621: Subtask first_task
[2023-01-12T09:33:12.946+0000] {task_command.py:389} INFO - Running <TaskInstance: our_first_dagV2.first_task scheduled__2021-09-13T00:00:00+00:00 [running]> on host aa6ae62f6248
[2023-01-12T09:33:13.162+0000] {taskinstance.py:1513} INFO - Exporting the following env vars:
AIRFLOW_CTX_DAG_OWNER=malo
AIRFLOW_CTX_DAG_ID=our_first_dagV2
AIRFLOW_CTX_TASK_ID=first_task
AIRFLOW_CTX_EXECUTION_DATE=2021-09-13T00:00:00+00:00
AIRFLOW_CTX_TRY_NUMBER=1
AIRFLOW_CTX_DAG_RUN_ID=scheduled__2021-09-13T00:00:00+00:00
[2023-01-12T09:33:13.164+0000] {subprocess.py:63} INFO - Tmp dir root location: 
 /tmp
[2023-01-12T09:33:13.166+0000] {subprocess.py:75} INFO - Running command: ['/bin/bash', '-c', 'echo hello word we are here now']
[2023-01-12T09:33:13.221+0000] {subprocess.py:86} INFO - Output:
[2023-01-12T09:33:13.225+0000] {subprocess.py:93} INFO - hello word we are here now
[2023-01-12T09:33:13.227+0000] {subprocess.py:97} INFO - Command exited with return code 0
[2023-01-12T09:33:13.294+0000] {taskinstance.py:1327} INFO - Marking task as SUCCESS. dag_id=our_first_dagV2, task_id=first_task, execution_date=20210913T000000, start_date=20230112T093312, end_date=20230112T093313
[2023-01-12T09:33:13.391+0000] {local_task_job.py:159} INFO - Task exited with return code 0
[2023-01-12T09:33:13.437+0000] {taskinstance.py:2582} INFO - 1 downstream tasks scheduled from follow-on schedule check
