[2023-01-12T09:33:51.429+0000] {taskinstance.py:1087} INFO - Dependencies all met for <TaskInstance: our_first_dagV2.second_task scheduled__2021-11-10T00:00:00+00:00 [queued]>
[2023-01-12T09:33:51.451+0000] {taskinstance.py:1087} INFO - Dependencies all met for <TaskInstance: our_first_dagV2.second_task scheduled__2021-11-10T00:00:00+00:00 [queued]>
[2023-01-12T09:33:51.452+0000] {taskinstance.py:1283} INFO - 
--------------------------------------------------------------------------------
[2023-01-12T09:33:51.453+0000] {taskinstance.py:1284} INFO - Starting attempt 1 of 6
[2023-01-12T09:33:51.453+0000] {taskinstance.py:1285} INFO - 
--------------------------------------------------------------------------------
[2023-01-12T09:33:51.521+0000] {taskinstance.py:1304} INFO - Executing <Task(BashOperator): second_task> on 2021-11-10 00:00:00+00:00
[2023-01-12T09:33:51.530+0000] {standard_task_runner.py:55} INFO - Started process 1112 to run task
[2023-01-12T09:33:51.553+0000] {standard_task_runner.py:82} INFO - Running: ['***', 'tasks', 'run', 'our_first_dagV2', 'second_task', 'scheduled__2021-11-10T00:00:00+00:00', '--job-id', '747', '--raw', '--subdir', 'DAGS_FOLDER/our_first_dag.py', '--cfg-path', '/tmp/tmpgni1jj3k']
[2023-01-12T09:33:51.557+0000] {standard_task_runner.py:83} INFO - Job 747: Subtask second_task
[2023-01-12T09:33:51.722+0000] {task_command.py:389} INFO - Running <TaskInstance: our_first_dagV2.second_task scheduled__2021-11-10T00:00:00+00:00 [running]> on host aa6ae62f6248
[2023-01-12T09:33:51.865+0000] {taskinstance.py:1513} INFO - Exporting the following env vars:
AIRFLOW_CTX_DAG_OWNER=malo
AIRFLOW_CTX_DAG_ID=our_first_dagV2
AIRFLOW_CTX_TASK_ID=second_task
AIRFLOW_CTX_EXECUTION_DATE=2021-11-10T00:00:00+00:00
AIRFLOW_CTX_TRY_NUMBER=1
AIRFLOW_CTX_DAG_RUN_ID=scheduled__2021-11-10T00:00:00+00:00
[2023-01-12T09:33:51.867+0000] {subprocess.py:63} INFO - Tmp dir root location: 
 /tmp
[2023-01-12T09:33:51.869+0000] {subprocess.py:75} INFO - Running command: ['/bin/bash', '-c', 'echo hello world task 2']
[2023-01-12T09:33:51.897+0000] {subprocess.py:86} INFO - Output:
[2023-01-12T09:33:51.903+0000] {subprocess.py:93} INFO - hello world task 2
[2023-01-12T09:33:51.904+0000] {subprocess.py:97} INFO - Command exited with return code 0
[2023-01-12T09:33:51.970+0000] {taskinstance.py:1327} INFO - Marking task as SUCCESS. dag_id=our_first_dagV2, task_id=second_task, execution_date=20211110T000000, start_date=20230112T093351, end_date=20230112T093351
[2023-01-12T09:33:52.100+0000] {local_task_job.py:159} INFO - Task exited with return code 0
[2023-01-12T09:33:52.136+0000] {taskinstance.py:2582} INFO - 0 downstream tasks scheduled from follow-on schedule check
