[2023-01-12T09:20:06.126+0000] {taskinstance.py:1087} INFO - Dependencies all met for <TaskInstance: our_first_dag.first_task scheduled__2021-12-18T00:00:00+00:00 [queued]>
[2023-01-12T09:20:06.135+0000] {taskinstance.py:1087} INFO - Dependencies all met for <TaskInstance: our_first_dag.first_task scheduled__2021-12-18T00:00:00+00:00 [queued]>
[2023-01-12T09:20:06.136+0000] {taskinstance.py:1283} INFO - 
--------------------------------------------------------------------------------
[2023-01-12T09:20:06.138+0000] {taskinstance.py:1284} INFO - Starting attempt 1 of 6
[2023-01-12T09:20:06.139+0000] {taskinstance.py:1285} INFO - 
--------------------------------------------------------------------------------
[2023-01-12T09:20:06.152+0000] {taskinstance.py:1304} INFO - Executing <Task(BashOperator): first_task> on 2021-12-18 00:00:00+00:00
[2023-01-12T09:20:06.160+0000] {standard_task_runner.py:55} INFO - Started process 5400 to run task
[2023-01-12T09:20:06.173+0000] {standard_task_runner.py:82} INFO - Running: ['***', 'tasks', 'run', 'our_first_dag', 'first_task', 'scheduled__2021-12-18T00:00:00+00:00', '--job-id', '144', '--raw', '--subdir', 'DAGS_FOLDER/our_first_dag.py', '--cfg-path', '/tmp/tmp4q1zr_uu']
[2023-01-12T09:20:06.174+0000] {standard_task_runner.py:83} INFO - Job 144: Subtask first_task
[2023-01-12T09:20:06.246+0000] {task_command.py:389} INFO - Running <TaskInstance: our_first_dag.first_task scheduled__2021-12-18T00:00:00+00:00 [running]> on host aa6ae62f6248
[2023-01-12T09:20:06.328+0000] {taskinstance.py:1513} INFO - Exporting the following env vars:
AIRFLOW_CTX_DAG_OWNER=malo
AIRFLOW_CTX_DAG_ID=our_first_dag
AIRFLOW_CTX_TASK_ID=first_task
AIRFLOW_CTX_EXECUTION_DATE=2021-12-18T00:00:00+00:00
AIRFLOW_CTX_TRY_NUMBER=1
AIRFLOW_CTX_DAG_RUN_ID=scheduled__2021-12-18T00:00:00+00:00
[2023-01-12T09:20:06.330+0000] {subprocess.py:63} INFO - Tmp dir root location: 
 /tmp
[2023-01-12T09:20:06.334+0000] {subprocess.py:75} INFO - Running command: ['/bin/bash', '-c', 'echo hello word we are here now']
[2023-01-12T09:20:06.380+0000] {subprocess.py:86} INFO - Output:
[2023-01-12T09:20:06.382+0000] {subprocess.py:93} INFO - hello word we are here now
[2023-01-12T09:20:06.386+0000] {subprocess.py:97} INFO - Command exited with return code 0
[2023-01-12T09:20:06.422+0000] {taskinstance.py:1327} INFO - Marking task as SUCCESS. dag_id=our_first_dag, task_id=first_task, execution_date=20211218T000000, start_date=20230112T092006, end_date=20230112T092006
[2023-01-12T09:20:06.506+0000] {local_task_job.py:159} INFO - Task exited with return code 0
[2023-01-12T09:20:06.571+0000] {taskinstance.py:2582} INFO - 0 downstream tasks scheduled from follow-on schedule check
