[2023-01-12T09:34:36.128+0000] {taskinstance.py:1087} INFO - Dependencies all met for <TaskInstance: our_first_dagV2.second_task scheduled__2022-01-24T00:00:00+00:00 [queued]>
[2023-01-12T09:34:36.138+0000] {taskinstance.py:1087} INFO - Dependencies all met for <TaskInstance: our_first_dagV2.second_task scheduled__2022-01-24T00:00:00+00:00 [queued]>
[2023-01-12T09:34:36.139+0000] {taskinstance.py:1283} INFO - 
--------------------------------------------------------------------------------
[2023-01-12T09:34:36.140+0000] {taskinstance.py:1284} INFO - Starting attempt 1 of 6
[2023-01-12T09:34:36.146+0000] {taskinstance.py:1285} INFO - 
--------------------------------------------------------------------------------
[2023-01-12T09:34:36.175+0000] {taskinstance.py:1304} INFO - Executing <Task(BashOperator): second_task> on 2022-01-24 00:00:00+00:00
[2023-01-12T09:34:36.183+0000] {standard_task_runner.py:55} INFO - Started process 1603 to run task
[2023-01-12T09:34:36.201+0000] {standard_task_runner.py:82} INFO - Running: ['***', 'tasks', 'run', 'our_first_dagV2', 'second_task', 'scheduled__2022-01-24T00:00:00+00:00', '--job-id', '898', '--raw', '--subdir', 'DAGS_FOLDER/our_first_dag.py', '--cfg-path', '/tmp/tmpu9rtbpvo']
[2023-01-12T09:34:36.205+0000] {standard_task_runner.py:83} INFO - Job 898: Subtask second_task
[2023-01-12T09:34:36.321+0000] {task_command.py:389} INFO - Running <TaskInstance: our_first_dagV2.second_task scheduled__2022-01-24T00:00:00+00:00 [running]> on host aa6ae62f6248
[2023-01-12T09:34:36.454+0000] {taskinstance.py:1513} INFO - Exporting the following env vars:
AIRFLOW_CTX_DAG_OWNER=malo
AIRFLOW_CTX_DAG_ID=our_first_dagV2
AIRFLOW_CTX_TASK_ID=second_task
AIRFLOW_CTX_EXECUTION_DATE=2022-01-24T00:00:00+00:00
AIRFLOW_CTX_TRY_NUMBER=1
AIRFLOW_CTX_DAG_RUN_ID=scheduled__2022-01-24T00:00:00+00:00
[2023-01-12T09:34:36.455+0000] {subprocess.py:63} INFO - Tmp dir root location: 
 /tmp
[2023-01-12T09:34:36.456+0000] {subprocess.py:75} INFO - Running command: ['/bin/bash', '-c', 'echo hello world task 2']
[2023-01-12T09:34:36.471+0000] {subprocess.py:86} INFO - Output:
[2023-01-12T09:34:36.478+0000] {subprocess.py:93} INFO - hello world task 2
[2023-01-12T09:34:36.479+0000] {subprocess.py:97} INFO - Command exited with return code 0
[2023-01-12T09:34:36.542+0000] {taskinstance.py:1327} INFO - Marking task as SUCCESS. dag_id=our_first_dagV2, task_id=second_task, execution_date=20220124T000000, start_date=20230112T093436, end_date=20230112T093436
[2023-01-12T09:34:36.612+0000] {local_task_job.py:159} INFO - Task exited with return code 0
[2023-01-12T09:34:36.636+0000] {taskinstance.py:2582} INFO - 0 downstream tasks scheduled from follow-on schedule check
