[2023-01-18T10:23:27.921+0000] {taskinstance.py:1087} INFO - Dependencies all met for <TaskInstance: pc_data_dag.insert_numberofemployeesindustry scheduled__2023-01-17T00:00:00+00:00 [queued]>
[2023-01-18T10:23:27.939+0000] {taskinstance.py:1087} INFO - Dependencies all met for <TaskInstance: pc_data_dag.insert_numberofemployeesindustry scheduled__2023-01-17T00:00:00+00:00 [queued]>
[2023-01-18T10:23:27.939+0000] {taskinstance.py:1283} INFO - 
--------------------------------------------------------------------------------
[2023-01-18T10:23:27.940+0000] {taskinstance.py:1284} INFO - Starting attempt 1 of 6
[2023-01-18T10:23:27.941+0000] {taskinstance.py:1285} INFO - 
--------------------------------------------------------------------------------
[2023-01-18T10:23:27.974+0000] {taskinstance.py:1304} INFO - Executing <Task(PythonOperator): insert_numberofemployeesindustry> on 2023-01-17 00:00:00+00:00
[2023-01-18T10:23:27.986+0000] {standard_task_runner.py:55} INFO - Started process 7282 to run task
[2023-01-18T10:23:28.014+0000] {standard_task_runner.py:82} INFO - Running: ['***', 'tasks', 'run', 'pc_data_dag', 'insert_numberofemployeesindustry', 'scheduled__2023-01-17T00:00:00+00:00', '--job-id', '1730', '--raw', '--subdir', 'DAGS_FOLDER/create_dag_with_operator.py', '--cfg-path', '/tmp/tmpbawd2bk2']
[2023-01-18T10:23:28.034+0000] {standard_task_runner.py:83} INFO - Job 1730: Subtask insert_numberofemployeesindustry
[2023-01-18T10:23:28.238+0000] {task_command.py:389} INFO - Running <TaskInstance: pc_data_dag.insert_numberofemployeesindustry scheduled__2023-01-17T00:00:00+00:00 [running]> on host 7af0b5bef0dd
[2023-01-18T10:23:28.387+0000] {taskinstance.py:1513} INFO - Exporting the following env vars:
AIRFLOW_CTX_DAG_OWNER=malo
AIRFLOW_CTX_DAG_ID=pc_data_dag
AIRFLOW_CTX_TASK_ID=insert_numberofemployeesindustry
AIRFLOW_CTX_EXECUTION_DATE=2023-01-17T00:00:00+00:00
AIRFLOW_CTX_TRY_NUMBER=1
AIRFLOW_CTX_DAG_RUN_ID=scheduled__2023-01-17T00:00:00+00:00
[2023-01-18T10:23:28.422+0000] {logging_mixin.py:137} INFO - connected
[2023-01-18T10:23:29.248+0000] {logging_mixin.py:137} INFO -            country                        industry  totalemployees
0      Afghanistan                      Accounting         85694.0
1      Afghanistan             Airlines / Aviation         69963.0
2      Afghanistan  Alternative Dispute Resolution         95411.0
3      Afghanistan            Alternative Medicine         60776.0
4      Afghanistan                       Animation        102172.0
...            ...                             ...             ...
35716     Zimbabwe                     Warehousing         82957.0
35717     Zimbabwe                       Wholesale         77179.0
35718     Zimbabwe                  Wine / Spirits         47754.0
35719     Zimbabwe                        Wireless        105176.0
35720     Zimbabwe               Writing / Editing         56938.0

[35721 rows x 3 columns]
[2023-01-18T10:23:30.123+0000] {logging_mixin.py:137} INFO - inserted to database
[2023-01-18T10:23:30.126+0000] {python.py:177} INFO - Done. Returned value was: None
[2023-01-18T10:23:30.136+0000] {taskinstance.py:1327} INFO - Marking task as SUCCESS. dag_id=pc_data_dag, task_id=insert_numberofemployeesindustry, execution_date=20230117T000000, start_date=20230118T102327, end_date=20230118T102330
[2023-01-18T10:23:30.202+0000] {local_task_job.py:159} INFO - Task exited with return code 0
[2023-01-18T10:23:30.216+0000] {taskinstance.py:2582} INFO - 0 downstream tasks scheduled from follow-on schedule check
