[2023-01-12T09:35:46.667+0000] {taskinstance.py:1087} INFO - Dependencies all met for <TaskInstance: our_first_dagV2.first_task scheduled__2022-06-07T00:00:00+00:00 [queued]>
[2023-01-12T09:35:46.690+0000] {taskinstance.py:1087} INFO - Dependencies all met for <TaskInstance: our_first_dagV2.first_task scheduled__2022-06-07T00:00:00+00:00 [queued]>
[2023-01-12T09:35:46.691+0000] {taskinstance.py:1283} INFO - 
--------------------------------------------------------------------------------
[2023-01-12T09:35:46.694+0000] {taskinstance.py:1284} INFO - Starting attempt 1 of 6
[2023-01-12T09:35:46.699+0000] {taskinstance.py:1285} INFO - 
--------------------------------------------------------------------------------
[2023-01-12T09:35:46.718+0000] {taskinstance.py:1304} INFO - Executing <Task(BashOperator): first_task> on 2022-06-07 00:00:00+00:00
[2023-01-12T09:35:46.722+0000] {standard_task_runner.py:55} INFO - Started process 2447 to run task
[2023-01-12T09:35:46.739+0000] {standard_task_runner.py:82} INFO - Running: ['***', 'tasks', 'run', 'our_first_dagV2', 'first_task', 'scheduled__2022-06-07T00:00:00+00:00', '--job-id', '1156', '--raw', '--subdir', 'DAGS_FOLDER/our_first_dag.py', '--cfg-path', '/tmp/tmpyzf5i0_w']
[2023-01-12T09:35:46.741+0000] {standard_task_runner.py:83} INFO - Job 1156: Subtask first_task
[2023-01-12T09:35:46.891+0000] {task_command.py:389} INFO - Running <TaskInstance: our_first_dagV2.first_task scheduled__2022-06-07T00:00:00+00:00 [running]> on host aa6ae62f6248
[2023-01-12T09:35:46.969+0000] {taskinstance.py:1513} INFO - Exporting the following env vars:
AIRFLOW_CTX_DAG_OWNER=malo
AIRFLOW_CTX_DAG_ID=our_first_dagV2
AIRFLOW_CTX_TASK_ID=first_task
AIRFLOW_CTX_EXECUTION_DATE=2022-06-07T00:00:00+00:00
AIRFLOW_CTX_TRY_NUMBER=1
AIRFLOW_CTX_DAG_RUN_ID=scheduled__2022-06-07T00:00:00+00:00
[2023-01-12T09:35:46.970+0000] {subprocess.py:63} INFO - Tmp dir root location: 
 /tmp
[2023-01-12T09:35:46.971+0000] {subprocess.py:75} INFO - Running command: ['/bin/bash', '-c', 'echo hello word we are here now']
[2023-01-12T09:35:46.981+0000] {subprocess.py:86} INFO - Output:
[2023-01-12T09:35:46.983+0000] {subprocess.py:93} INFO - hello word we are here now
[2023-01-12T09:35:46.984+0000] {subprocess.py:97} INFO - Command exited with return code 0
[2023-01-12T09:35:47.024+0000] {taskinstance.py:1327} INFO - Marking task as SUCCESS. dag_id=our_first_dagV2, task_id=first_task, execution_date=20220607T000000, start_date=20230112T093546, end_date=20230112T093547
[2023-01-12T09:35:47.074+0000] {local_task_job.py:159} INFO - Task exited with return code 0
[2023-01-12T09:35:47.095+0000] {taskinstance.py:2582} INFO - 1 downstream tasks scheduled from follow-on schedule check
