[2023-01-19T10:17:16.219+0000] {taskinstance.py:1087} INFO - Dependencies all met for <TaskInstance: pc_data_dag.clean_tables manual__2023-01-19T10:17:14.704798+00:00 [queued]>
[2023-01-19T10:17:16.228+0000] {taskinstance.py:1087} INFO - Dependencies all met for <TaskInstance: pc_data_dag.clean_tables manual__2023-01-19T10:17:14.704798+00:00 [queued]>
[2023-01-19T10:17:16.229+0000] {taskinstance.py:1283} INFO - 
--------------------------------------------------------------------------------
[2023-01-19T10:17:16.230+0000] {taskinstance.py:1284} INFO - Starting attempt 1 of 6
[2023-01-19T10:17:16.231+0000] {taskinstance.py:1285} INFO - 
--------------------------------------------------------------------------------
[2023-01-19T10:17:16.242+0000] {taskinstance.py:1304} INFO - Executing <Task(PythonOperator): clean_tables> on 2023-01-19 10:17:14.704798+00:00
[2023-01-19T10:17:16.249+0000] {standard_task_runner.py:55} INFO - Started process 3615 to run task
[2023-01-19T10:17:16.255+0000] {standard_task_runner.py:82} INFO - Running: ['***', 'tasks', 'run', 'pc_data_dag', 'clean_tables', 'manual__2023-01-19T10:17:14.704798+00:00', '--job-id', '1838', '--raw', '--subdir', 'DAGS_FOLDER/create_dag_with_operator.py', '--cfg-path', '/tmp/tmpeiu74ii4']
[2023-01-19T10:17:16.258+0000] {standard_task_runner.py:83} INFO - Job 1838: Subtask clean_tables
[2023-01-19T10:17:16.337+0000] {task_command.py:389} INFO - Running <TaskInstance: pc_data_dag.clean_tables manual__2023-01-19T10:17:14.704798+00:00 [running]> on host 742349a45a57
[2023-01-19T10:17:16.407+0000] {taskinstance.py:1513} INFO - Exporting the following env vars:
AIRFLOW_CTX_DAG_OWNER=malo
AIRFLOW_CTX_DAG_ID=pc_data_dag
AIRFLOW_CTX_TASK_ID=clean_tables
AIRFLOW_CTX_EXECUTION_DATE=2023-01-19T10:17:14.704798+00:00
AIRFLOW_CTX_TRY_NUMBER=1
AIRFLOW_CTX_DAG_RUN_ID=manual__2023-01-19T10:17:14.704798+00:00
[2023-01-19T10:17:20.310+0000] {logging_mixin.py:137} INFO - connected
[2023-01-19T10:17:20.318+0000] {logging_mixin.py:137} INFO - table is truncated :companies
[2023-01-19T10:17:20.321+0000] {logging_mixin.py:137} INFO - table is truncated :foundedcompanies
[2023-01-19T10:17:20.326+0000] {logging_mixin.py:137} INFO - table is truncated :industryemployees
[2023-01-19T10:17:20.329+0000] {logging_mixin.py:137} INFO - table is truncated :countrycompanies
[2023-01-19T10:17:20.333+0000] {logging_mixin.py:137} INFO - table is truncated :countrymostemployees
[2023-01-19T10:17:20.333+0000] {python.py:177} INFO - Done. Returned value was: None
[2023-01-19T10:17:20.347+0000] {taskinstance.py:1327} INFO - Marking task as SUCCESS. dag_id=pc_data_dag, task_id=clean_tables, execution_date=20230119T101714, start_date=20230119T101716, end_date=20230119T101720
[2023-01-19T10:17:20.407+0000] {local_task_job.py:159} INFO - Task exited with return code 0
[2023-01-19T10:17:20.436+0000] {taskinstance.py:2582} INFO - 1 downstream tasks scheduled from follow-on schedule check
