[2023-01-12T09:23:26.313+0000] {taskinstance.py:1087} INFO - Dependencies all met for <TaskInstance: our_first_dag.first_task scheduled__2022-12-29T00:00:00+00:00 [queued]>
[2023-01-12T09:23:26.335+0000] {taskinstance.py:1087} INFO - Dependencies all met for <TaskInstance: our_first_dag.first_task scheduled__2022-12-29T00:00:00+00:00 [queued]>
[2023-01-12T09:23:26.337+0000] {taskinstance.py:1283} INFO - 
--------------------------------------------------------------------------------
[2023-01-12T09:23:26.339+0000] {taskinstance.py:1284} INFO - Starting attempt 1 of 6
[2023-01-12T09:23:26.340+0000] {taskinstance.py:1285} INFO - 
--------------------------------------------------------------------------------
[2023-01-12T09:23:26.366+0000] {taskinstance.py:1304} INFO - Executing <Task(BashOperator): first_task> on 2022-12-29 00:00:00+00:00
[2023-01-12T09:23:26.374+0000] {standard_task_runner.py:55} INFO - Started process 6719 to run task
[2023-01-12T09:23:26.388+0000] {standard_task_runner.py:82} INFO - Running: ['***', 'tasks', 'run', 'our_first_dag', 'first_task', 'scheduled__2022-12-29T00:00:00+00:00', '--job-id', '520', '--raw', '--subdir', 'DAGS_FOLDER/our_first_dag.py', '--cfg-path', '/tmp/tmp6ogokwaq']
[2023-01-12T09:23:26.391+0000] {standard_task_runner.py:83} INFO - Job 520: Subtask first_task
[2023-01-12T09:23:26.487+0000] {task_command.py:389} INFO - Running <TaskInstance: our_first_dag.first_task scheduled__2022-12-29T00:00:00+00:00 [running]> on host aa6ae62f6248
[2023-01-12T09:23:26.602+0000] {taskinstance.py:1513} INFO - Exporting the following env vars:
AIRFLOW_CTX_DAG_OWNER=malo
AIRFLOW_CTX_DAG_ID=our_first_dag
AIRFLOW_CTX_TASK_ID=first_task
AIRFLOW_CTX_EXECUTION_DATE=2022-12-29T00:00:00+00:00
AIRFLOW_CTX_TRY_NUMBER=1
AIRFLOW_CTX_DAG_RUN_ID=scheduled__2022-12-29T00:00:00+00:00
[2023-01-12T09:23:26.605+0000] {subprocess.py:63} INFO - Tmp dir root location: 
 /tmp
[2023-01-12T09:23:26.607+0000] {subprocess.py:75} INFO - Running command: ['/bin/bash', '-c', 'echo hello word we are here now']
[2023-01-12T09:23:26.640+0000] {subprocess.py:86} INFO - Output:
[2023-01-12T09:23:26.642+0000] {subprocess.py:93} INFO - hello word we are here now
[2023-01-12T09:23:26.643+0000] {subprocess.py:97} INFO - Command exited with return code 0
[2023-01-12T09:23:26.690+0000] {taskinstance.py:1327} INFO - Marking task as SUCCESS. dag_id=our_first_dag, task_id=first_task, execution_date=20221229T000000, start_date=20230112T092326, end_date=20230112T092326
[2023-01-12T09:23:26.761+0000] {local_task_job.py:159} INFO - Task exited with return code 0
[2023-01-12T09:23:26.814+0000] {taskinstance.py:2582} INFO - 0 downstream tasks scheduled from follow-on schedule check
