[2023-01-19T10:02:52.149+0000] {taskinstance.py:1087} INFO - Dependencies all met for <TaskInstance: pc_data_dag.clean_tables manual__2023-01-19T10:01:42.173268+00:00 [queued]>
[2023-01-19T10:02:52.158+0000] {taskinstance.py:1087} INFO - Dependencies all met for <TaskInstance: pc_data_dag.clean_tables manual__2023-01-19T10:01:42.173268+00:00 [queued]>
[2023-01-19T10:02:52.159+0000] {taskinstance.py:1283} INFO - 
--------------------------------------------------------------------------------
[2023-01-19T10:02:52.159+0000] {taskinstance.py:1284} INFO - Starting attempt 1 of 6
[2023-01-19T10:02:52.160+0000] {taskinstance.py:1285} INFO - 
--------------------------------------------------------------------------------
[2023-01-19T10:02:52.171+0000] {taskinstance.py:1304} INFO - Executing <Task(PythonOperator): clean_tables> on 2023-01-19 10:01:42.173268+00:00
[2023-01-19T10:02:52.178+0000] {standard_task_runner.py:55} INFO - Started process 2700 to run task
[2023-01-19T10:02:52.183+0000] {standard_task_runner.py:82} INFO - Running: ['***', 'tasks', 'run', 'pc_data_dag', 'clean_tables', 'manual__2023-01-19T10:01:42.173268+00:00', '--job-id', '1836', '--raw', '--subdir', 'DAGS_FOLDER/create_dag_with_operator.py', '--cfg-path', '/tmp/tmpd25p5dv2']
[2023-01-19T10:02:52.186+0000] {standard_task_runner.py:83} INFO - Job 1836: Subtask clean_tables
[2023-01-19T10:02:52.256+0000] {task_command.py:389} INFO - Running <TaskInstance: pc_data_dag.clean_tables manual__2023-01-19T10:01:42.173268+00:00 [running]> on host 742349a45a57
[2023-01-19T10:02:52.321+0000] {taskinstance.py:1513} INFO - Exporting the following env vars:
AIRFLOW_CTX_DAG_OWNER=malo
AIRFLOW_CTX_DAG_ID=pc_data_dag
AIRFLOW_CTX_TASK_ID=clean_tables
AIRFLOW_CTX_EXECUTION_DATE=2023-01-19T10:01:42.173268+00:00
AIRFLOW_CTX_TRY_NUMBER=1
AIRFLOW_CTX_DAG_RUN_ID=manual__2023-01-19T10:01:42.173268+00:00
[2023-01-19T10:02:57.167+0000] {logging_mixin.py:137} INFO - connected
[2023-01-19T10:02:57.293+0000] {logging_mixin.py:137} INFO - table is truncated :companies
[2023-01-19T10:02:57.299+0000] {logging_mixin.py:137} INFO - table is truncated :foundedcompanies
[2023-01-19T10:02:57.303+0000] {logging_mixin.py:137} INFO - table is truncated :industryemployees
[2023-01-19T10:02:57.308+0000] {logging_mixin.py:137} INFO - table is truncated :countrycompanies
[2023-01-19T10:02:57.309+0000] {python.py:177} INFO - Done. Returned value was: None
[2023-01-19T10:02:57.343+0000] {taskinstance.py:1327} INFO - Marking task as SUCCESS. dag_id=pc_data_dag, task_id=clean_tables, execution_date=20230119T100142, start_date=20230119T100252, end_date=20230119T100257
[2023-01-19T10:02:57.384+0000] {local_task_job.py:159} INFO - Task exited with return code 0
[2023-01-19T10:02:57.402+0000] {taskinstance.py:2582} INFO - 0 downstream tasks scheduled from follow-on schedule check
