[2023-01-12T09:22:35.545+0000] {taskinstance.py:1087} INFO - Dependencies all met for <TaskInstance: our_first_dag.first_task scheduled__2022-09-30T00:00:00+00:00 [queued]>
[2023-01-12T09:22:35.555+0000] {taskinstance.py:1087} INFO - Dependencies all met for <TaskInstance: our_first_dag.first_task scheduled__2022-09-30T00:00:00+00:00 [queued]>
[2023-01-12T09:22:35.556+0000] {taskinstance.py:1283} INFO - 
--------------------------------------------------------------------------------
[2023-01-12T09:22:35.559+0000] {taskinstance.py:1284} INFO - Starting attempt 1 of 6
[2023-01-12T09:22:35.560+0000] {taskinstance.py:1285} INFO - 
--------------------------------------------------------------------------------
[2023-01-12T09:22:35.605+0000] {taskinstance.py:1304} INFO - Executing <Task(BashOperator): first_task> on 2022-09-30 00:00:00+00:00
[2023-01-12T09:22:35.610+0000] {standard_task_runner.py:55} INFO - Started process 6401 to run task
[2023-01-12T09:22:35.629+0000] {standard_task_runner.py:82} INFO - Running: ['***', 'tasks', 'run', 'our_first_dag', 'first_task', 'scheduled__2022-09-30T00:00:00+00:00', '--job-id', '430', '--raw', '--subdir', 'DAGS_FOLDER/our_first_dag.py', '--cfg-path', '/tmp/tmpxzkyojyq']
[2023-01-12T09:22:35.632+0000] {standard_task_runner.py:83} INFO - Job 430: Subtask first_task
[2023-01-12T09:22:35.751+0000] {task_command.py:389} INFO - Running <TaskInstance: our_first_dag.first_task scheduled__2022-09-30T00:00:00+00:00 [running]> on host aa6ae62f6248
[2023-01-12T09:22:35.884+0000] {taskinstance.py:1513} INFO - Exporting the following env vars:
AIRFLOW_CTX_DAG_OWNER=malo
AIRFLOW_CTX_DAG_ID=our_first_dag
AIRFLOW_CTX_TASK_ID=first_task
AIRFLOW_CTX_EXECUTION_DATE=2022-09-30T00:00:00+00:00
AIRFLOW_CTX_TRY_NUMBER=1
AIRFLOW_CTX_DAG_RUN_ID=scheduled__2022-09-30T00:00:00+00:00
[2023-01-12T09:22:35.886+0000] {subprocess.py:63} INFO - Tmp dir root location: 
 /tmp
[2023-01-12T09:22:35.891+0000] {subprocess.py:75} INFO - Running command: ['/bin/bash', '-c', 'echo hello word we are here now']
[2023-01-12T09:22:35.959+0000] {subprocess.py:86} INFO - Output:
[2023-01-12T09:22:35.963+0000] {subprocess.py:93} INFO - hello word we are here now
[2023-01-12T09:22:35.964+0000] {subprocess.py:97} INFO - Command exited with return code 0
[2023-01-12T09:22:36.028+0000] {taskinstance.py:1327} INFO - Marking task as SUCCESS. dag_id=our_first_dag, task_id=first_task, execution_date=20220930T000000, start_date=20230112T092235, end_date=20230112T092236
[2023-01-12T09:22:36.073+0000] {local_task_job.py:159} INFO - Task exited with return code 0
[2023-01-12T09:22:36.100+0000] {taskinstance.py:2582} INFO - 0 downstream tasks scheduled from follow-on schedule check
