[2023-01-16T08:37:44.644+0000] {taskinstance.py:1087} INFO - Dependencies all met for <TaskInstance: our_dag_with_python_operator_v01.great scheduled__2023-01-15T00:00:00+00:00 [queued]>
[2023-01-16T08:37:44.649+0000] {taskinstance.py:1087} INFO - Dependencies all met for <TaskInstance: our_dag_with_python_operator_v01.great scheduled__2023-01-15T00:00:00+00:00 [queued]>
[2023-01-16T08:37:44.650+0000] {taskinstance.py:1283} INFO - 
--------------------------------------------------------------------------------
[2023-01-16T08:37:44.651+0000] {taskinstance.py:1284} INFO - Starting attempt 1 of 6
[2023-01-16T08:37:44.651+0000] {taskinstance.py:1285} INFO - 
--------------------------------------------------------------------------------
[2023-01-16T08:37:44.659+0000] {taskinstance.py:1304} INFO - Executing <Task(PythonOperator): great> on 2023-01-15 00:00:00+00:00
[2023-01-16T08:37:44.663+0000] {standard_task_runner.py:55} INFO - Started process 687 to run task
[2023-01-16T08:37:44.666+0000] {standard_task_runner.py:82} INFO - Running: ['***', 'tasks', 'run', 'our_dag_with_python_operator_v01', 'great', 'scheduled__2023-01-15T00:00:00+00:00', '--job-id', '1610', '--raw', '--subdir', 'DAGS_FOLDER/create_dag_with_operator.py', '--cfg-path', '/tmp/tmpd3md100b']
[2023-01-16T08:37:44.667+0000] {standard_task_runner.py:83} INFO - Job 1610: Subtask great
[2023-01-16T08:37:44.716+0000] {task_command.py:389} INFO - Running <TaskInstance: our_dag_with_python_operator_v01.great scheduled__2023-01-15T00:00:00+00:00 [running]> on host 8f4887e9d7f6
[2023-01-16T08:37:44.764+0000] {taskinstance.py:1513} INFO - Exporting the following env vars:
AIRFLOW_CTX_DAG_OWNER=malo
AIRFLOW_CTX_DAG_ID=our_dag_with_python_operator_v01
AIRFLOW_CTX_TASK_ID=great
AIRFLOW_CTX_EXECUTION_DATE=2023-01-15T00:00:00+00:00
AIRFLOW_CTX_TRY_NUMBER=1
AIRFLOW_CTX_DAG_RUN_ID=scheduled__2023-01-15T00:00:00+00:00
[2023-01-16T08:37:44.765+0000] {logging_mixin.py:137} INFO - Hello World!
[2023-01-16T08:37:44.766+0000] {python.py:177} INFO - Done. Returned value was: None
[2023-01-16T08:37:44.774+0000] {taskinstance.py:1327} INFO - Marking task as SUCCESS. dag_id=our_dag_with_python_operator_v01, task_id=great, execution_date=20230115T000000, start_date=20230116T083744, end_date=20230116T083744
[2023-01-16T08:37:44.797+0000] {local_task_job.py:159} INFO - Task exited with return code 0
[2023-01-16T08:37:44.812+0000] {taskinstance.py:2582} INFO - 0 downstream tasks scheduled from follow-on schedule check
