[2023-01-12T09:35:38.846+0000] {taskinstance.py:1087} INFO - Dependencies all met for <TaskInstance: our_first_dagV2.first_task scheduled__2022-05-20T00:00:00+00:00 [queued]>
[2023-01-12T09:35:38.872+0000] {taskinstance.py:1087} INFO - Dependencies all met for <TaskInstance: our_first_dagV2.first_task scheduled__2022-05-20T00:00:00+00:00 [queued]>
[2023-01-12T09:35:38.873+0000] {taskinstance.py:1283} INFO - 
--------------------------------------------------------------------------------
[2023-01-12T09:35:38.874+0000] {taskinstance.py:1284} INFO - Starting attempt 1 of 6
[2023-01-12T09:35:38.874+0000] {taskinstance.py:1285} INFO - 
--------------------------------------------------------------------------------
[2023-01-12T09:35:38.892+0000] {taskinstance.py:1304} INFO - Executing <Task(BashOperator): first_task> on 2022-05-20 00:00:00+00:00
[2023-01-12T09:35:38.896+0000] {standard_task_runner.py:55} INFO - Started process 2330 to run task
[2023-01-12T09:35:38.902+0000] {standard_task_runner.py:82} INFO - Running: ['***', 'tasks', 'run', 'our_first_dagV2', 'first_task', 'scheduled__2022-05-20T00:00:00+00:00', '--job-id', '1120', '--raw', '--subdir', 'DAGS_FOLDER/our_first_dag.py', '--cfg-path', '/tmp/tmp4uu2p1dl']
[2023-01-12T09:35:38.906+0000] {standard_task_runner.py:83} INFO - Job 1120: Subtask first_task
[2023-01-12T09:35:39.058+0000] {task_command.py:389} INFO - Running <TaskInstance: our_first_dagV2.first_task scheduled__2022-05-20T00:00:00+00:00 [running]> on host aa6ae62f6248
[2023-01-12T09:35:39.227+0000] {taskinstance.py:1513} INFO - Exporting the following env vars:
AIRFLOW_CTX_DAG_OWNER=malo
AIRFLOW_CTX_DAG_ID=our_first_dagV2
AIRFLOW_CTX_TASK_ID=first_task
AIRFLOW_CTX_EXECUTION_DATE=2022-05-20T00:00:00+00:00
AIRFLOW_CTX_TRY_NUMBER=1
AIRFLOW_CTX_DAG_RUN_ID=scheduled__2022-05-20T00:00:00+00:00
[2023-01-12T09:35:39.232+0000] {subprocess.py:63} INFO - Tmp dir root location: 
 /tmp
[2023-01-12T09:35:39.233+0000] {subprocess.py:75} INFO - Running command: ['/bin/bash', '-c', 'echo hello word we are here now']
[2023-01-12T09:35:39.252+0000] {subprocess.py:86} INFO - Output:
[2023-01-12T09:35:39.276+0000] {subprocess.py:93} INFO - hello word we are here now
[2023-01-12T09:35:39.277+0000] {subprocess.py:97} INFO - Command exited with return code 0
[2023-01-12T09:35:39.333+0000] {taskinstance.py:1327} INFO - Marking task as SUCCESS. dag_id=our_first_dagV2, task_id=first_task, execution_date=20220520T000000, start_date=20230112T093538, end_date=20230112T093539
[2023-01-12T09:35:39.451+0000] {local_task_job.py:159} INFO - Task exited with return code 0
[2023-01-12T09:35:39.487+0000] {taskinstance.py:2582} INFO - 1 downstream tasks scheduled from follow-on schedule check
