[2023-01-12T09:33:51.490+0000] {taskinstance.py:1087} INFO - Dependencies all met for <TaskInstance: our_first_dagV2.second_task scheduled__2021-11-11T00:00:00+00:00 [queued]>
[2023-01-12T09:33:51.505+0000] {taskinstance.py:1087} INFO - Dependencies all met for <TaskInstance: our_first_dagV2.second_task scheduled__2021-11-11T00:00:00+00:00 [queued]>
[2023-01-12T09:33:51.506+0000] {taskinstance.py:1283} INFO - 
--------------------------------------------------------------------------------
[2023-01-12T09:33:51.507+0000] {taskinstance.py:1284} INFO - Starting attempt 1 of 6
[2023-01-12T09:33:51.508+0000] {taskinstance.py:1285} INFO - 
--------------------------------------------------------------------------------
[2023-01-12T09:33:51.547+0000] {taskinstance.py:1304} INFO - Executing <Task(BashOperator): second_task> on 2021-11-11 00:00:00+00:00
[2023-01-12T09:33:51.561+0000] {standard_task_runner.py:55} INFO - Started process 1114 to run task
[2023-01-12T09:33:51.586+0000] {standard_task_runner.py:82} INFO - Running: ['***', 'tasks', 'run', 'our_first_dagV2', 'second_task', 'scheduled__2021-11-11T00:00:00+00:00', '--job-id', '749', '--raw', '--subdir', 'DAGS_FOLDER/our_first_dag.py', '--cfg-path', '/tmp/tmpqh8lcabg']
[2023-01-12T09:33:51.587+0000] {standard_task_runner.py:83} INFO - Job 749: Subtask second_task
[2023-01-12T09:33:51.770+0000] {task_command.py:389} INFO - Running <TaskInstance: our_first_dagV2.second_task scheduled__2021-11-11T00:00:00+00:00 [running]> on host aa6ae62f6248
[2023-01-12T09:33:51.971+0000] {taskinstance.py:1513} INFO - Exporting the following env vars:
AIRFLOW_CTX_DAG_OWNER=malo
AIRFLOW_CTX_DAG_ID=our_first_dagV2
AIRFLOW_CTX_TASK_ID=second_task
AIRFLOW_CTX_EXECUTION_DATE=2021-11-11T00:00:00+00:00
AIRFLOW_CTX_TRY_NUMBER=1
AIRFLOW_CTX_DAG_RUN_ID=scheduled__2021-11-11T00:00:00+00:00
[2023-01-12T09:33:51.973+0000] {subprocess.py:63} INFO - Tmp dir root location: 
 /tmp
[2023-01-12T09:33:51.974+0000] {subprocess.py:75} INFO - Running command: ['/bin/bash', '-c', 'echo hello world task 2']
[2023-01-12T09:33:52.010+0000] {subprocess.py:86} INFO - Output:
[2023-01-12T09:33:52.024+0000] {subprocess.py:93} INFO - hello world task 2
[2023-01-12T09:33:52.031+0000] {subprocess.py:97} INFO - Command exited with return code 0
[2023-01-12T09:33:52.097+0000] {taskinstance.py:1327} INFO - Marking task as SUCCESS. dag_id=our_first_dagV2, task_id=second_task, execution_date=20211111T000000, start_date=20230112T093351, end_date=20230112T093352
[2023-01-12T09:33:52.170+0000] {local_task_job.py:159} INFO - Task exited with return code 0
[2023-01-12T09:33:52.193+0000] {taskinstance.py:2582} INFO - 0 downstream tasks scheduled from follow-on schedule check
