[2023-01-12T09:33:18.569+0000] {taskinstance.py:1087} INFO - Dependencies all met for <TaskInstance: our_first_dagV2.second_task scheduled__2021-09-16T00:00:00+00:00 [queued]>
[2023-01-12T09:33:18.610+0000] {taskinstance.py:1087} INFO - Dependencies all met for <TaskInstance: our_first_dagV2.second_task scheduled__2021-09-16T00:00:00+00:00 [queued]>
[2023-01-12T09:33:18.610+0000] {taskinstance.py:1283} INFO - 
--------------------------------------------------------------------------------
[2023-01-12T09:33:18.611+0000] {taskinstance.py:1284} INFO - Starting attempt 1 of 6
[2023-01-12T09:33:18.612+0000] {taskinstance.py:1285} INFO - 
--------------------------------------------------------------------------------
[2023-01-12T09:33:18.645+0000] {taskinstance.py:1304} INFO - Executing <Task(BashOperator): second_task> on 2021-09-16 00:00:00+00:00
[2023-01-12T09:33:18.650+0000] {standard_task_runner.py:55} INFO - Started process 752 to run task
[2023-01-12T09:33:18.657+0000] {standard_task_runner.py:82} INFO - Running: ['***', 'tasks', 'run', 'our_first_dagV2', 'second_task', 'scheduled__2021-09-16T00:00:00+00:00', '--job-id', '638', '--raw', '--subdir', 'DAGS_FOLDER/our_first_dag.py', '--cfg-path', '/tmp/tmp0hrxqhzb']
[2023-01-12T09:33:18.671+0000] {standard_task_runner.py:83} INFO - Job 638: Subtask second_task
[2023-01-12T09:33:18.873+0000] {task_command.py:389} INFO - Running <TaskInstance: our_first_dagV2.second_task scheduled__2021-09-16T00:00:00+00:00 [running]> on host aa6ae62f6248
[2023-01-12T09:33:19.063+0000] {taskinstance.py:1513} INFO - Exporting the following env vars:
AIRFLOW_CTX_DAG_OWNER=malo
AIRFLOW_CTX_DAG_ID=our_first_dagV2
AIRFLOW_CTX_TASK_ID=second_task
AIRFLOW_CTX_EXECUTION_DATE=2021-09-16T00:00:00+00:00
AIRFLOW_CTX_TRY_NUMBER=1
AIRFLOW_CTX_DAG_RUN_ID=scheduled__2021-09-16T00:00:00+00:00
[2023-01-12T09:33:19.065+0000] {subprocess.py:63} INFO - Tmp dir root location: 
 /tmp
[2023-01-12T09:33:19.066+0000] {subprocess.py:75} INFO - Running command: ['/bin/bash', '-c', 'echo hello world task 2']
[2023-01-12T09:33:19.100+0000] {subprocess.py:86} INFO - Output:
[2023-01-12T09:33:19.116+0000] {subprocess.py:93} INFO - hello world task 2
[2023-01-12T09:33:19.127+0000] {subprocess.py:97} INFO - Command exited with return code 0
[2023-01-12T09:33:19.183+0000] {taskinstance.py:1327} INFO - Marking task as SUCCESS. dag_id=our_first_dagV2, task_id=second_task, execution_date=20210916T000000, start_date=20230112T093318, end_date=20230112T093319
[2023-01-12T09:33:19.292+0000] {local_task_job.py:159} INFO - Task exited with return code 0
[2023-01-12T09:33:19.345+0000] {taskinstance.py:2582} INFO - 0 downstream tasks scheduled from follow-on schedule check
