[2023-01-12T09:37:55.502+0000] {taskinstance.py:1087} INFO - Dependencies all met for <TaskInstance: our_first_dagV2.second_task scheduled__2023-01-05T00:00:00+00:00 [queued]>
[2023-01-12T09:37:55.563+0000] {taskinstance.py:1087} INFO - Dependencies all met for <TaskInstance: our_first_dagV2.second_task scheduled__2023-01-05T00:00:00+00:00 [queued]>
[2023-01-12T09:37:55.565+0000] {taskinstance.py:1283} INFO - 
--------------------------------------------------------------------------------
[2023-01-12T09:37:55.571+0000] {taskinstance.py:1284} INFO - Starting attempt 1 of 6
[2023-01-12T09:37:55.572+0000] {taskinstance.py:1285} INFO - 
--------------------------------------------------------------------------------
[2023-01-12T09:37:55.675+0000] {taskinstance.py:1304} INFO - Executing <Task(BashOperator): second_task> on 2023-01-05 00:00:00+00:00
[2023-01-12T09:37:55.692+0000] {standard_task_runner.py:55} INFO - Started process 3867 to run task
[2023-01-12T09:37:55.707+0000] {standard_task_runner.py:82} INFO - Running: ['***', 'tasks', 'run', 'our_first_dagV2', 'second_task', 'scheduled__2023-01-05T00:00:00+00:00', '--job-id', '1588', '--raw', '--subdir', 'DAGS_FOLDER/our_first_dag.py', '--cfg-path', '/tmp/tmpea5mm1k6']
[2023-01-12T09:37:55.709+0000] {standard_task_runner.py:83} INFO - Job 1588: Subtask second_task
[2023-01-12T09:37:55.864+0000] {task_command.py:389} INFO - Running <TaskInstance: our_first_dagV2.second_task scheduled__2023-01-05T00:00:00+00:00 [running]> on host aa6ae62f6248
[2023-01-12T09:37:56.105+0000] {taskinstance.py:1513} INFO - Exporting the following env vars:
AIRFLOW_CTX_DAG_OWNER=malo
AIRFLOW_CTX_DAG_ID=our_first_dagV2
AIRFLOW_CTX_TASK_ID=second_task
AIRFLOW_CTX_EXECUTION_DATE=2023-01-05T00:00:00+00:00
AIRFLOW_CTX_TRY_NUMBER=1
AIRFLOW_CTX_DAG_RUN_ID=scheduled__2023-01-05T00:00:00+00:00
[2023-01-12T09:37:56.107+0000] {subprocess.py:63} INFO - Tmp dir root location: 
 /tmp
[2023-01-12T09:37:56.108+0000] {subprocess.py:75} INFO - Running command: ['/bin/bash', '-c', 'echo hello world task 2']
[2023-01-12T09:37:56.144+0000] {subprocess.py:86} INFO - Output:
[2023-01-12T09:37:56.150+0000] {subprocess.py:93} INFO - hello world task 2
[2023-01-12T09:37:56.166+0000] {subprocess.py:97} INFO - Command exited with return code 0
[2023-01-12T09:37:56.250+0000] {taskinstance.py:1327} INFO - Marking task as SUCCESS. dag_id=our_first_dagV2, task_id=second_task, execution_date=20230105T000000, start_date=20230112T093755, end_date=20230112T093756
[2023-01-12T09:37:56.319+0000] {local_task_job.py:159} INFO - Task exited with return code 0
[2023-01-12T09:37:56.363+0000] {taskinstance.py:2582} INFO - 0 downstream tasks scheduled from follow-on schedule check
